<?xml version="1.0" encoding="utf-8"?><testsuites><testsuite name="stackup" errors="0" failures="49" skipped="0" tests="167" time="39.876" timestamp="2023-10-06T07:35:17.135830" hostname="fv-az453-175"><testcase classname="tests.bundle.test_bundle" name="test_bundle_replace_op[only_priority_fee_bump]" time="0.155" /><testcase classname="tests.bundle.test_bundle" name="test_bundle_replace_op[only_max_fee_bump]" time="0.129" /><testcase classname="tests.bundle.test_bundle" name="test_bundle_replace_op[with_same_fee]" time="0.136" /><testcase classname="tests.bundle.test_bundle" name="test_bundle_replace_op[with_less_fee]" time="0.133" /><testcase classname="tests.bundle.test_bundle" name="test_bundle_replace_op[fee_bump_below_threshold]" time="0.131" /><testcase classname="tests.bundle.test_bundle" name="test_bundle_replace_op[fee_bump_at_threshold]" time="0.175" /><testcase classname="tests.bundle.test_bundle" name="test_bundle_replace_op[fee_bump_above_threshold]" time="0.195" /><testcase classname="tests.bundle.test_bundle" name="test_mempool_reputation_rules_all_entities[SREP-020-banned-entity-not-allowed-banned-sender]" time="0.454"><failure message="AttributeError: 'Error' object has no attribute 'result'">tests/bundle/test_bundle.py:148: in test_mempool_reputation_rules_all_entities
    set_reputation(
tests/utils.py:200: in set_reputation
    )
E   AttributeError: 'Error' object has no attribute 'result'</failure><system-out>--------------------------------- Captured Log ---------------------------------

--------------------------------- Captured Out ---------------------------------

</system-out><system-err>--------------------------------- Captured Err ---------------------------------

</system-err></testcase><testcase classname="tests.bundle.test_bundle" name="test_mempool_reputation_rules_all_entities[SREP-020-banned-entity-not-allowed-banned-paymaster]" time="0.266"><failure message="AttributeError: 'Error' object has no attribute 'result'">tests/bundle/test_bundle.py:154: in test_mempool_reputation_rules_all_entities
    set_reputation(
tests/utils.py:200: in set_reputation
    )
E   AttributeError: 'Error' object has no attribute 'result'</failure><system-out>--------------------------------- Captured Log ---------------------------------

--------------------------------- Captured Out ---------------------------------

</system-out><system-err>--------------------------------- Captured Err ---------------------------------

</system-err></testcase><testcase classname="tests.bundle.test_bundle" name="test_mempool_reputation_rules_all_entities[SREP-020-banned-entity-not-allowed-banned-factory]" time="0.285"><failure message="AttributeError: 'Error' object has no attribute 'result'">tests/bundle/test_bundle.py:160: in test_mempool_reputation_rules_all_entities
    set_reputation(
tests/utils.py:200: in set_reputation
    )
E   AttributeError: 'Error' object has no attribute 'result'</failure><system-out>--------------------------------- Captured Log ---------------------------------

--------------------------------- Captured Out ---------------------------------

</system-out><system-err>--------------------------------- Captured Err ---------------------------------

</system-err></testcase><testcase classname="tests.bundle.test_bundle" name="test_mempool_reputation_rules_all_entities[SREP-030-throttled-entity-allowed-a-little-throttled-sender]" time="0.280"><failure message="AttributeError: 'Error' object has no attribute 'result'">tests/bundle/test_bundle.py:148: in test_mempool_reputation_rules_all_entities
    set_reputation(
tests/utils.py:200: in set_reputation
    )
E   AttributeError: 'Error' object has no attribute 'result'</failure><system-out>--------------------------------- Captured Log ---------------------------------

--------------------------------- Captured Out ---------------------------------

</system-out><system-err>--------------------------------- Captured Err ---------------------------------

</system-err></testcase><testcase classname="tests.bundle.test_bundle" name="test_mempool_reputation_rules_all_entities[SREP-030-throttled-entity-allowed-a-little-throttled-paymaster]" time="0.269"><failure message="AttributeError: 'Error' object has no attribute 'result'">tests/bundle/test_bundle.py:154: in test_mempool_reputation_rules_all_entities
    set_reputation(
tests/utils.py:200: in set_reputation
    )
E   AttributeError: 'Error' object has no attribute 'result'</failure><system-out>--------------------------------- Captured Log ---------------------------------

--------------------------------- Captured Out ---------------------------------

</system-out><system-err>--------------------------------- Captured Err ---------------------------------

</system-err></testcase><testcase classname="tests.bundle.test_bundle" name="test_mempool_reputation_rules_all_entities[SREP-030-throttled-entity-allowed-a-little-throttled-factory]" time="0.271"><failure message="AttributeError: 'Error' object has no attribute 'result'">tests/bundle/test_bundle.py:160: in test_mempool_reputation_rules_all_entities
    set_reputation(
tests/utils.py:200: in set_reputation
    )
E   AttributeError: 'Error' object has no attribute 'result'</failure><system-out>--------------------------------- Captured Log ---------------------------------

--------------------------------- Captured Out ---------------------------------

</system-out><system-err>--------------------------------- Captured Err ---------------------------------

</system-err></testcase><testcase classname="tests.bundle.test_bundle" name="test_mempool_reputation_rules_all_entities[UREP-010 UREP-020-unstaked-entity-allowed-function-unstaked-sender]" time="0.313"><failure message="AttributeError: 'Error' object has no attribute 'result'">tests/bundle/test_bundle.py:148: in test_mempool_reputation_rules_all_entities
    set_reputation(
tests/utils.py:200: in set_reputation
    )
E   AttributeError: 'Error' object has no attribute 'result'</failure><system-out>--------------------------------- Captured Log ---------------------------------

--------------------------------- Captured Out ---------------------------------

</system-out><system-err>--------------------------------- Captured Err ---------------------------------

</system-err></testcase><testcase classname="tests.bundle.test_bundle" name="test_mempool_reputation_rules_all_entities[UREP-010 UREP-020-unstaked-entity-allowed-function-unstaked-paymaster]" time="0.390"><failure message="AttributeError: 'Error' object has no attribute 'result'">tests/bundle/test_bundle.py:154: in test_mempool_reputation_rules_all_entities
    set_reputation(
tests/utils.py:200: in set_reputation
    )
E   AttributeError: 'Error' object has no attribute 'result'</failure><system-out>--------------------------------- Captured Log ---------------------------------

--------------------------------- Captured Out ---------------------------------

</system-out><system-err>--------------------------------- Captured Err ---------------------------------

</system-err></testcase><testcase classname="tests.bundle.test_bundle" name="test_mempool_reputation_rules_all_entities[UREP-010 UREP-020-unstaked-entity-allowed-function-unstaked-factory]" time="0.273"><failure message="AttributeError: 'Error' object has no attribute 'result'">tests/bundle/test_bundle.py:160: in test_mempool_reputation_rules_all_entities
    set_reputation(
tests/utils.py:200: in set_reputation
    )
E   AttributeError: 'Error' object has no attribute 'result'</failure><system-out>--------------------------------- Captured Log ---------------------------------

--------------------------------- Captured Out ---------------------------------

</system-out><system-err>--------------------------------- Captured Err ---------------------------------

</system-err></testcase><testcase classname="tests.bundle.test_bundle" name="test_max_allowed_ops_unstaked_sender" time="0.390" /><testcase classname="tests.bundle.test_bundle" name="test_max_allowed_ops_staked_sender" time="0.545" /><testcase classname="tests.bundle.test_bundle" name="test_ban_user_op_access_other_ops_sender_in_bundle" time="0.443"><failure message="AssertionError: assert [UserOperatio...gnature='0x')] == [UserOperatio...gnature='0x')]&#10;  At index 0 diff: UserOperation(sender='0x04fCee4e33B8a4280DD4A025970734665Cc53fe0', nonce='0x0', initCode='0x', callData='0x66abb2b9de7b4f7a7f58906279776d6dd3e02188', callGasLimit='0x493e0', verificationGasLimit='0xf4240', preVerificationGas='0x493e0', maxFeePerGas='0x77359400', maxPriorityFeePerGas='0x3b9aca00', paymasterAndData='0x', signature='0x') != UserOperation(sender='0x66abB2b9De7b4f7a7F58906279776D6DD3E02188', nonce='0x0', initCode='0x', callData='0x', callGasLimit='0x493e0', verificationGasLimit='0xf4240', preVerificationGas='0x493e0', maxFeePerGas='0x77359400', maxPriorityFeePerGas='0x3b9aca00', paymasterAndData='0x', signature='0x')&#10;  Full diff:&#10;    [&#10;  -  UserOperation(sender='0x66abB2b9De7b4f7a7F58906279776D6DD3E02188',&#10;  +  UserOperation(sender='0x04fCee4e33B8a4280DD4A025970734665Cc53fe0',&#10;                   nonce='0x0',&#10;                   initCode='0x',&#10;  -                callData='0x',&#10;  +                callData='0x66abb2b9de7b4f7a7f58906279776d6dd3e02188',&#10;                   callGasLimit='0x493e0',&#10;                   verificationGasLimit='0xf4240',&#10;                   preVerificationGas='0x493e0',&#10;                   maxFeePerGas='0x77359400',&#10;                   maxPriorityFeePerGas='0x3b9aca00',&#10;                   paymasterAndData='0x',&#10;                   signature='0x'),&#10;    ]">tests/bundle/test_bundle.py:319: in test_ban_user_op_access_other_ops_sender_in_bundle
    assert dump_mempool() == [user_op2]
E   AssertionError: assert [UserOperatio...gnature='0x')] == [UserOperatio...gnature='0x')]
E     At index 0 diff: UserOperation(sender='0x04fCee4e33B8a4280DD4A025970734665Cc53fe0', nonce='0x0', initCode='0x', callData='0x66abb2b9de7b4f7a7f58906279776d6dd3e02188', callGasLimit='0x493e0', verificationGasLimit='0xf4240', preVerificationGas='0x493e0', maxFeePerGas='0x77359400', maxPriorityFeePerGas='0x3b9aca00', paymasterAndData='0x', signature='0x') != UserOperation(sender='0x66abB2b9De7b4f7a7F58906279776D6DD3E02188', nonce='0x0', initCode='0x', callData='0x', callGasLimit='0x493e0', verificationGasLimit='0xf4240', preVerificationGas='0x493e0', maxFeePerGas='0x77359400', maxPriorityFeePerGas='0x3b9aca00', paymasterAndData='0x', signature='0x')
E     Full diff:
E       [
E     -  UserOperation(sender='0x66abB2b9De7b4f7a7F58906279776D6DD3E02188',
E     +  UserOperation(sender='0x04fCee4e33B8a4280DD4A025970734665Cc53fe0',
E                      nonce='0x0',
E                      initCode='0x',
E     -                callData='0x',
E     +                callData='0x66abb2b9de7b4f7a7f58906279776d6dd3e02188',
E                      callGasLimit='0x493e0',
E                      verificationGasLimit='0xf4240',
E                      preVerificationGas='0x493e0',
E                      maxFeePerGas='0x77359400',
E                      maxPriorityFeePerGas='0x3b9aca00',
E                      paymasterAndData='0x',
E                      signature='0x'),
E       ]</failure><system-out>--------------------------------- Captured Log ---------------------------------

--------------------------------- Captured Out ---------------------------------

</system-out><system-err>--------------------------------- Captured Err ---------------------------------

</system-err></testcase><testcase classname="tests.bundle.test_bundle" name="test_ban_user_sender_double_role_in_bundle" time="0.314"><failure message="Exception: expected error object, got:&#10;Ok(result='0x2a22a23781c69b0a6c3a43130cf9b90247a42f97febc3e54e721b94d185d7890', id=111)">tests/utils.py:115: in assert_rpc_error
    assert response.code == code
E   AttributeError: 'Ok' object has no attribute 'code'

The above exception was the direct cause of the following exception:
tests/bundle/test_bundle.py:359: in test_ban_user_sender_double_role_in_bundle
    assert_rpc_error(
tests/utils.py:118: in assert_rpc_error
    raise Exception(f"expected error object, got:\n{response}") from exc
E   Exception: expected error object, got:
E   Ok(result='0x2a22a23781c69b0a6c3a43130cf9b90247a42f97febc3e54e721b94d185d7890', id=111)</failure><system-out>--------------------------------- Captured Log ---------------------------------

--------------------------------- Captured Out ---------------------------------

</system-out><system-err>--------------------------------- Captured Err ---------------------------------

</system-err></testcase><testcase classname="tests.bundle.test_bundle" name="test_stake_check_in_bundler" time="0.087"><failure message="AttributeError: 'Error' object has no attribute 'result'">tests/bundle/test_bundle.py:382: in test_stake_check_in_bundler
    response = get_stake_status(paymaster_contract.address, entrypoint_contract.address)
tests/utils.py:165: in get_stake_status
    .result
E   AttributeError: 'Error' object has no attribute 'result'</failure><system-out>--------------------------------- Captured Log ---------------------------------

--------------------------------- Captured Out ---------------------------------

</system-out><system-err>--------------------------------- Captured Err ---------------------------------

</system-err></testcase><testcase classname="tests.bundle.test_codehash" name="test_codehash_changed" time="0.578" /><testcase classname="tests.bundle.test_storage_rules" name="test_rule[[STO-000]unstaked][paymaster][no_storage][ok]" time="0.308" /><testcase classname="tests.bundle.test_storage_rules" name="test_rule[[STO-031]unstaked][paymaster][storage][drop]" time="0.197" /><testcase classname="tests.bundle.test_storage_rules" name="test_rule[[STO-032]unstaked][paymaster][reference_storage][drop]" time="0.196" /><testcase classname="tests.bundle.test_storage_rules" name="test_rule[[STO-032]unstaked][paymaster][reference_storage_struct][drop]" time="0.341" /><testcase classname="tests.bundle.test_storage_rules" name="test_rule[[STO-010]unstaked][paymaster][account_storage][ok]" time="0.226" /><testcase classname="tests.bundle.test_storage_rules" name="test_rule[[STO-021]unstaked][paymaster][account_reference_storage][ok]" time="0.216" /><testcase classname="tests.bundle.test_storage_rules" name="test_rule[[STO-021]unstaked][paymaster][account_reference_storage_struct][ok]" time="0.219" /><testcase classname="tests.bundle.test_storage_rules" name="test_rule[[STO-022]unstaked][paymaster][account_reference_storage_init_code][drop0]" time="0.234"><failure message="AssertionError: assert -32602 == &lt;RPCErrorCode.BANNED_OPCODE: -32502&gt;&#10; +  where -32602 = Error(code=-32602, message='verificationGasLimit: exceeds maxVerificationGas of 1500000', data='verificationGasLimit: exceeds maxVerificationGas of 1500000', id=144).code">tests/bundle/test_storage_rules.py:737: in test_rule
    case.assert_func(response)
tests/bundle/test_storage_rules.py:19: in assert_error
    assert_rpc_error(response, response.message, RPCErrorCode.BANNED_OPCODE)
tests/utils.py:115: in assert_rpc_error
    assert response.code == code
E   AssertionError: assert -32602 == &lt;RPCErrorCode.BANNED_OPCODE: -32502&gt;
E    +  where -32602 = Error(code=-32602, message='verificationGasLimit: exceeds maxVerificationGas of 1500000', data='verificationGasLimit: exceeds maxVerificationGas of 1500000', id=144).code</failure><system-out>--------------------------------- Captured Log ---------------------------------

--------------------------------- Captured Out ---------------------------------

</system-out><system-err>--------------------------------- Captured Err ---------------------------------

</system-err></testcase><testcase classname="tests.bundle.test_storage_rules" name="test_rule[[EREP-050]unstaked][paymaster][context][drop]" time="0.185" /><testcase classname="tests.bundle.test_storage_rules" name="test_rule[[STO-032]unstaked][paymaster][external_storage][drop]" time="0.213" /><testcase classname="tests.bundle.test_storage_rules" name="test_rule[[OP-020]unstaked][paymaster][out_of_gas][drop]" time="0.238"><failure message="AttributeError: 'Ok' object has no attribute 'message'">tests/bundle/test_storage_rules.py:737: in test_rule
    case.assert_func(response)
tests/bundle/test_storage_rules.py:19: in assert_error
    assert_rpc_error(response, response.message, RPCErrorCode.BANNED_OPCODE)
E   AttributeError: 'Ok' object has no attribute 'message'</failure><system-out>--------------------------------- Captured Log ---------------------------------

--------------------------------- Captured Out ---------------------------------

</system-out><system-err>--------------------------------- Captured Err ---------------------------------

</system-err></testcase><testcase classname="tests.bundle.test_storage_rules" name="test_rule[[OP-020]unstaked][paymaster][sstore_out_of_gas][drop]" time="0.205" /><testcase classname="tests.bundle.test_storage_rules" name="test_rule[[STO-000]staked][paymaster][no_storage][ok]" time="0.257" /><testcase classname="tests.bundle.test_storage_rules" name="test_rule[[STO-031]staked][paymaster][storage][ok]" time="0.240" /><testcase classname="tests.bundle.test_storage_rules" name="test_rule[[STO-032]staked][paymaster][reference_storage][ok]" time="0.242" /><testcase classname="tests.bundle.test_storage_rules" name="test_rule[[STO-032]staked][paymaster][reference_storage_struct][ok]" time="0.261" /><testcase classname="tests.bundle.test_storage_rules" name="test_rule[[STO-010]staked][paymaster][account_storage][ok]" time="0.240" /><testcase classname="tests.bundle.test_storage_rules" name="test_rule[[STO-021]staked][paymaster][account_reference_storage][ok]" time="0.377" /><testcase classname="tests.bundle.test_storage_rules" name="test_rule[[STO-021]staked][paymaster][account_reference_storage_struct][ok]" time="0.256" /><testcase classname="tests.bundle.test_storage_rules" name="test_rule[[STO-022]staked][paymaster][account_reference_storage_init_code][ok]" time="0.263"><failure message="Exception: expected result object, got:&#10;Error(code=-32602, message='verificationGasLimit: exceeds maxVerificationGas of 1500000', data='verificationGasLimit: exceeds maxVerificationGas of 1500000', id=168)">tests/utils.py:108: in assert_ok
    assert response.result
E   AttributeError: 'Error' object has no attribute 'result'

The above exception was the direct cause of the following exception:
tests/bundle/test_storage_rules.py:737: in test_rule
    case.assert_func(response)
tests/utils.py:110: in assert_ok
    raise Exception(f"expected result object, got:\n{response}") from exc
E   Exception: expected result object, got:
E   Error(code=-32602, message='verificationGasLimit: exceeds maxVerificationGas of 1500000', data='verificationGasLimit: exceeds maxVerificationGas of 1500000', id=168)</failure><system-out>--------------------------------- Captured Log ---------------------------------

--------------------------------- Captured Out ---------------------------------

</system-out><system-err>--------------------------------- Captured Err ---------------------------------

</system-err></testcase><testcase classname="tests.bundle.test_storage_rules" name="test_rule[[EREP-050]staked][paymaster][context][ok]" time="0.225" /><testcase classname="tests.bundle.test_storage_rules" name="test_rule[[STO-031]staked][paymaster][external_storage][drop]" time="0.246" /><testcase classname="tests.bundle.test_storage_rules" name="test_rule[[OP-020]staked][paymaster][out_of_gas][drop]" time="0.278"><failure message="AttributeError: 'Ok' object has no attribute 'message'">tests/bundle/test_storage_rules.py:737: in test_rule
    case.assert_func(response)
tests/bundle/test_storage_rules.py:19: in assert_error
    assert_rpc_error(response, response.message, RPCErrorCode.BANNED_OPCODE)
E   AttributeError: 'Ok' object has no attribute 'message'</failure><system-out>--------------------------------- Captured Log ---------------------------------

--------------------------------- Captured Out ---------------------------------

</system-out><system-err>--------------------------------- Captured Err ---------------------------------

</system-err></testcase><testcase classname="tests.bundle.test_storage_rules" name="test_rule[[OP-020]staked][paymaster][sstore_out_of_gas][drop]" time="0.264"><failure message="AttributeError: 'Ok' object has no attribute 'message'">tests/bundle/test_storage_rules.py:737: in test_rule
    case.assert_func(response)
tests/bundle/test_storage_rules.py:19: in assert_error
    assert_rpc_error(response, response.message, RPCErrorCode.BANNED_OPCODE)
E   AttributeError: 'Ok' object has no attribute 'message'</failure><system-out>--------------------------------- Captured Log ---------------------------------

--------------------------------- Captured Out ---------------------------------

</system-out><system-err>--------------------------------- Captured Err ---------------------------------

</system-err></testcase><testcase classname="tests.bundle.test_storage_rules" name="test_rule[[STO-000]unstaked][factory][no_storage][ok]" time="0.295" /><testcase classname="tests.bundle.test_storage_rules" name="test_rule[[STO-000]unstaked][factory][storage][drop]" time="0.293" /><testcase classname="tests.bundle.test_storage_rules" name="test_rule[[STO-000]unstaked][factory][reference_storage][drop]" time="0.307" /><testcase classname="tests.bundle.test_storage_rules" name="test_rule[[STO-032]unstaked][factory][reference_storage_struct][drop]" time="0.323" /><testcase classname="tests.bundle.test_storage_rules" name="test_rule[[STO-010]unstaked][factory][account_storage][ok]" time="0.312" /><testcase classname="tests.bundle.test_storage_rules" name="test_rule[[STO-021]unstaked][factory][account_reference_storage][drop]" time="0.290" /><testcase classname="tests.bundle.test_storage_rules" name="test_rule[[STO-021]unstaked][factory][account_reference_storage_struct][drop]" time="0.299" /><testcase classname="tests.bundle.test_storage_rules" name="test_rule[[STO-000]unstaked][factory][external_storage][drop]" time="0.288" /><testcase classname="tests.bundle.test_storage_rules" name="test_rule[[OP-042]unstaked][factory][EXTCODEx_CALLx_undeployed_sender][ok]" time="0.290" /><testcase classname="tests.bundle.test_storage_rules" name="test_rule[[OP-041]unstaked][factory][EXTCODESIZE_undeployed_contract][drop]" time="0.279"><failure message="AttributeError: 'Ok' object has no attribute 'message'">tests/bundle/test_storage_rules.py:737: in test_rule
    case.assert_func(response)
tests/bundle/test_storage_rules.py:19: in assert_error
    assert_rpc_error(response, response.message, RPCErrorCode.BANNED_OPCODE)
E   AttributeError: 'Ok' object has no attribute 'message'</failure><system-out>--------------------------------- Captured Log ---------------------------------

--------------------------------- Captured Out ---------------------------------

</system-out><system-err>--------------------------------- Captured Err ---------------------------------

</system-err></testcase><testcase classname="tests.bundle.test_storage_rules" name="test_rule[[OP-041]unstaked][factory][EXTCODEHASH_undeployed_contract][drop]" time="0.393"><failure message="AttributeError: 'Ok' object has no attribute 'message'">tests/bundle/test_storage_rules.py:737: in test_rule
    case.assert_func(response)
tests/bundle/test_storage_rules.py:19: in assert_error
    assert_rpc_error(response, response.message, RPCErrorCode.BANNED_OPCODE)
E   AttributeError: 'Ok' object has no attribute 'message'</failure><system-out>--------------------------------- Captured Log ---------------------------------

--------------------------------- Captured Out ---------------------------------

</system-out><system-err>--------------------------------- Captured Err ---------------------------------

</system-err></testcase><testcase classname="tests.bundle.test_storage_rules" name="test_rule[[OP-041]unstaked][factory][EXTCODECOPY_undeployed_contract][drop]" time="0.282"><failure message="AttributeError: 'Ok' object has no attribute 'message'">tests/bundle/test_storage_rules.py:737: in test_rule
    case.assert_func(response)
tests/bundle/test_storage_rules.py:19: in assert_error
    assert_rpc_error(response, response.message, RPCErrorCode.BANNED_OPCODE)
E   AttributeError: 'Ok' object has no attribute 'message'</failure><system-out>--------------------------------- Captured Log ---------------------------------

--------------------------------- Captured Out ---------------------------------

</system-out><system-err>--------------------------------- Captured Err ---------------------------------

</system-err></testcase><testcase classname="tests.bundle.test_storage_rules" name="test_rule[[OP-041]unstaked][factory][CALL_undeployed_contract][drop]" time="0.287"><failure message="AttributeError: 'Ok' object has no attribute 'message'">tests/bundle/test_storage_rules.py:737: in test_rule
    case.assert_func(response)
tests/bundle/test_storage_rules.py:19: in assert_error
    assert_rpc_error(response, response.message, RPCErrorCode.BANNED_OPCODE)
E   AttributeError: 'Ok' object has no attribute 'message'</failure><system-out>--------------------------------- Captured Log ---------------------------------

--------------------------------- Captured Out ---------------------------------

</system-out><system-err>--------------------------------- Captured Err ---------------------------------

</system-err></testcase><testcase classname="tests.bundle.test_storage_rules" name="test_rule[[OP-041]unstaked][factory][CALLCODE_undeployed_contract][drop]" time="0.285"><failure message="AttributeError: 'Ok' object has no attribute 'message'">tests/bundle/test_storage_rules.py:737: in test_rule
    case.assert_func(response)
tests/bundle/test_storage_rules.py:19: in assert_error
    assert_rpc_error(response, response.message, RPCErrorCode.BANNED_OPCODE)
E   AttributeError: 'Ok' object has no attribute 'message'</failure><system-out>--------------------------------- Captured Log ---------------------------------

--------------------------------- Captured Out ---------------------------------

</system-out><system-err>--------------------------------- Captured Err ---------------------------------

</system-err></testcase><testcase classname="tests.bundle.test_storage_rules" name="test_rule[[OP-041]unstaked][factory][DELEGATECALL_undeployed_contract][drop]" time="0.359"><failure message="AttributeError: 'Ok' object has no attribute 'message'">tests/bundle/test_storage_rules.py:737: in test_rule
    case.assert_func(response)
tests/bundle/test_storage_rules.py:19: in assert_error
    assert_rpc_error(response, response.message, RPCErrorCode.BANNED_OPCODE)
E   AttributeError: 'Ok' object has no attribute 'message'</failure><system-out>--------------------------------- Captured Log ---------------------------------

--------------------------------- Captured Out ---------------------------------

</system-out><system-err>--------------------------------- Captured Err ---------------------------------

</system-err></testcase><testcase classname="tests.bundle.test_storage_rules" name="test_rule[[OP-041]unstaked][factory][STATICCALL_undeployed_contract][drop]" time="0.288"><failure message="AttributeError: 'Ok' object has no attribute 'message'">tests/bundle/test_storage_rules.py:737: in test_rule
    case.assert_func(response)
tests/bundle/test_storage_rules.py:19: in assert_error
    assert_rpc_error(response, response.message, RPCErrorCode.BANNED_OPCODE)
E   AttributeError: 'Ok' object has no attribute 'message'</failure><system-out>--------------------------------- Captured Log ---------------------------------

--------------------------------- Captured Out ---------------------------------

</system-out><system-err>--------------------------------- Captured Err ---------------------------------

</system-err></testcase><testcase classname="tests.bundle.test_storage_rules" name="test_rule[[OP-020]unstaked][factory][out_of_gas][drop]" time="0.328"><failure message="AttributeError: 'Ok' object has no attribute 'message'">tests/bundle/test_storage_rules.py:737: in test_rule
    case.assert_func(response)
tests/bundle/test_storage_rules.py:19: in assert_error
    assert_rpc_error(response, response.message, RPCErrorCode.BANNED_OPCODE)
E   AttributeError: 'Ok' object has no attribute 'message'</failure><system-out>--------------------------------- Captured Log ---------------------------------

--------------------------------- Captured Out ---------------------------------

</system-out><system-err>--------------------------------- Captured Err ---------------------------------

</system-err></testcase><testcase classname="tests.bundle.test_storage_rules" name="test_rule[[OP-020]unstaked][factory][sstore_out_of_gas][drop]" time="0.287" /><testcase classname="tests.bundle.test_storage_rules" name="test_rule[[STO-000]staked][factory][no_storage][ok]" time="0.324" /><testcase classname="tests.bundle.test_storage_rules" name="test_rule[[STO-031]staked][factory][storage][ok]" time="0.343" /><testcase classname="tests.bundle.test_storage_rules" name="test_rule[[STO-032]staked][factory][reference_storage][ok]" time="0.445" /><testcase classname="tests.bundle.test_storage_rules" name="test_rule[[STO-032]staked][factory][reference_storage_struct][ok]" time="0.353" /><testcase classname="tests.bundle.test_storage_rules" name="test_rule[[STO-010]staked][factory][account_storage][ok]" time="0.347" /><testcase classname="tests.bundle.test_storage_rules" name="test_rule[[STO-021]staked][factory][account_reference_storage][ok]" time="0.360" /><testcase classname="tests.bundle.test_storage_rules" name="test_rule[[STO-021]staked][factory][account_reference_storage_struct][ok]" time="0.351" /><testcase classname="tests.bundle.test_storage_rules" name="test_rule[[STO-000]staked][factory][external_storage][drop]" time="0.336" /><testcase classname="tests.bundle.test_storage_rules" name="test_rule[[OP-020]staked][factory][out_of_gas][drop]" time="0.377"><failure message="AttributeError: 'Ok' object has no attribute 'message'">tests/bundle/test_storage_rules.py:737: in test_rule
    case.assert_func(response)
tests/bundle/test_storage_rules.py:19: in assert_error
    assert_rpc_error(response, response.message, RPCErrorCode.BANNED_OPCODE)
E   AttributeError: 'Ok' object has no attribute 'message'</failure><system-out>--------------------------------- Captured Log ---------------------------------

--------------------------------- Captured Out ---------------------------------

</system-out><system-err>--------------------------------- Captured Err ---------------------------------

</system-err></testcase><testcase classname="tests.bundle.test_storage_rules" name="test_rule[[OP-020]staked][factory][sstore_out_of_gas][drop]" time="0.333"><failure message="AttributeError: 'Ok' object has no attribute 'message'">tests/bundle/test_storage_rules.py:737: in test_rule
    case.assert_func(response)
tests/bundle/test_storage_rules.py:19: in assert_error
    assert_rpc_error(response, response.message, RPCErrorCode.BANNED_OPCODE)
E   AttributeError: 'Ok' object has no attribute 'message'</failure><system-out>--------------------------------- Captured Log ---------------------------------

--------------------------------- Captured Out ---------------------------------

</system-out><system-err>--------------------------------- Captured Err ---------------------------------

</system-err></testcase><testcase classname="tests.bundle.test_storage_rules" name="test_rule[[STO-000]unstaked][account][no_storage][ok]" time="0.260" /><testcase classname="tests.bundle.test_storage_rules" name="test_rule[[STO-010]unstaked][account][account_storage][ok]" time="0.205" /><testcase classname="tests.bundle.test_storage_rules" name="test_rule[[STO-021]unstaked][account][account_reference_storage][ok]" time="0.191" /><testcase classname="tests.bundle.test_storage_rules" name="test_rule[[STO-022]unstaked][account][account_reference_storage_init_code][drop]" time="0.224"><failure message="AssertionError: assert -32602 == &lt;RPCErrorCode.BANNED_OPCODE: -32502&gt;&#10; +  where -32602 = Error(code=-32602, message='verificationGasLimit: exceeds maxVerificationGas of 1500000', data='verificationGasLimit: exceeds maxVerificationGas of 1500000', id=240).code">tests/bundle/test_storage_rules.py:737: in test_rule
    case.assert_func(response)
tests/bundle/test_storage_rules.py:19: in assert_error
    assert_rpc_error(response, response.message, RPCErrorCode.BANNED_OPCODE)
tests/utils.py:115: in assert_rpc_error
    assert response.code == code
E   AssertionError: assert -32602 == &lt;RPCErrorCode.BANNED_OPCODE: -32502&gt;
E    +  where -32602 = Error(code=-32602, message='verificationGasLimit: exceeds maxVerificationGas of 1500000', data='verificationGasLimit: exceeds maxVerificationGas of 1500000', id=240).code</failure><system-out>--------------------------------- Captured Log ---------------------------------

--------------------------------- Captured Out ---------------------------------

</system-out><system-err>--------------------------------- Captured Err ---------------------------------

</system-err></testcase><testcase classname="tests.bundle.test_storage_rules" name="test_rule[[STO-022]unstaked][account][account_reference_storage_init_code][ok]" time="0.341"><failure message="Exception: expected result object, got:&#10;Error(code=-32602, message='verificationGasLimit: exceeds maxVerificationGas of 1500000', data='verificationGasLimit: exceeds maxVerificationGas of 1500000', id=242)">tests/utils.py:108: in assert_ok
    assert response.result
E   AttributeError: 'Error' object has no attribute 'result'

The above exception was the direct cause of the following exception:
tests/bundle/test_storage_rules.py:737: in test_rule
    case.assert_func(response)
tests/utils.py:110: in assert_ok
    raise Exception(f"expected result object, got:\n{response}") from exc
E   Exception: expected result object, got:
E   Error(code=-32602, message='verificationGasLimit: exceeds maxVerificationGas of 1500000', data='verificationGasLimit: exceeds maxVerificationGas of 1500000', id=242)</failure><system-out>--------------------------------- Captured Log ---------------------------------

--------------------------------- Captured Out ---------------------------------

</system-out><system-err>--------------------------------- Captured Err ---------------------------------

</system-err></testcase><testcase classname="tests.bundle.test_storage_rules" name="test_rule[[STO-022]unstaked][paymaster][account_reference_storage_init_code][drop1]" time="0.265"><failure message="AssertionError: assert -32602 == &lt;RPCErrorCode.BANNED_OPCODE: -32502&gt;&#10; +  where -32602 = Error(code=-32602, message='verificationGasLimit: exceeds maxVerificationGas of 1500000', data='verificationGasLimit: exceeds maxVerificationGas of 1500000', id=244).code">tests/bundle/test_storage_rules.py:737: in test_rule
    case.assert_func(response)
tests/bundle/test_storage_rules.py:19: in assert_error
    assert_rpc_error(response, response.message, RPCErrorCode.BANNED_OPCODE)
tests/utils.py:115: in assert_rpc_error
    assert response.code == code
E   AssertionError: assert -32602 == &lt;RPCErrorCode.BANNED_OPCODE: -32502&gt;
E    +  where -32602 = Error(code=-32602, message='verificationGasLimit: exceeds maxVerificationGas of 1500000', data='verificationGasLimit: exceeds maxVerificationGas of 1500000', id=244).code</failure><system-out>--------------------------------- Captured Log ---------------------------------

--------------------------------- Captured Out ---------------------------------

</system-out><system-err>--------------------------------- Captured Err ---------------------------------

</system-err></testcase><testcase classname="tests.bundle.test_storage_rules" name="test_rule[[STO-021]unstaked][account][account_reference_storage_struct][ok]" time="0.207" /><testcase classname="tests.bundle.test_storage_rules" name="test_rule[[STO-000]unstaked][account][external_storage][drop]" time="0.189" /><testcase classname="tests.bundle.test_storage_rules" name="test_rule[[OP-020]unstaked][account][out_of_gas][drop]" time="0.224"><failure message="AttributeError: 'Ok' object has no attribute 'message'">tests/bundle/test_storage_rules.py:737: in test_rule
    case.assert_func(response)
tests/bundle/test_storage_rules.py:19: in assert_error
    assert_rpc_error(response, response.message, RPCErrorCode.BANNED_OPCODE)
E   AttributeError: 'Ok' object has no attribute 'message'</failure><system-out>--------------------------------- Captured Log ---------------------------------

--------------------------------- Captured Out ---------------------------------

</system-out><system-err>--------------------------------- Captured Err ---------------------------------

</system-err></testcase><testcase classname="tests.bundle.test_storage_rules" name="test_rule[[OP-020]unstaked][account][sstore_out_of_gas][drop]" time="0.304"><failure message="AttributeError: 'Ok' object has no attribute 'message'">tests/bundle/test_storage_rules.py:737: in test_rule
    case.assert_func(response)
tests/bundle/test_storage_rules.py:19: in assert_error
    assert_rpc_error(response, response.message, RPCErrorCode.BANNED_OPCODE)
E   AttributeError: 'Ok' object has no attribute 'message'</failure><system-out>--------------------------------- Captured Log ---------------------------------

--------------------------------- Captured Out ---------------------------------

</system-out><system-err>--------------------------------- Captured Err ---------------------------------

</system-err></testcase><testcase classname="tests.bundle.test_storage_rules" name="test_rule[[STO-000]staked][account][no_storage][ok]" time="0.216" /><testcase classname="tests.bundle.test_storage_rules" name="test_rule[[STO-010]staked][account][account_storage][ok]" time="0.224" /><testcase classname="tests.bundle.test_storage_rules" name="test_rule[[STO-021]staked][account][account_reference_storage][ok]" time="0.239" /><testcase classname="tests.bundle.test_storage_rules" name="test_rule[[STO-021]staked][account][account_reference_storage_struct][ok]" time="0.340" /><testcase classname="tests.bundle.test_storage_rules" name="test_rule[[OP-020]staked][account][out_of_gas][drop]" time="0.246"><failure message="AttributeError: 'Ok' object has no attribute 'message'">tests/bundle/test_storage_rules.py:737: in test_rule
    case.assert_func(response)
tests/bundle/test_storage_rules.py:19: in assert_error
    assert_rpc_error(response, response.message, RPCErrorCode.BANNED_OPCODE)
E   AttributeError: 'Ok' object has no attribute 'message'</failure><system-out>--------------------------------- Captured Log ---------------------------------

--------------------------------- Captured Out ---------------------------------

</system-out><system-err>--------------------------------- Captured Err ---------------------------------

</system-err></testcase><testcase classname="tests.bundle.test_storage_rules" name="test_rule[[OP-020]staked][account][sstore_out_of_gas][drop]" time="0.227"><failure message="AttributeError: 'Ok' object has no attribute 'message'">tests/bundle/test_storage_rules.py:737: in test_rule
    case.assert_func(response)
tests/bundle/test_storage_rules.py:19: in assert_error
    assert_rpc_error(response, response.message, RPCErrorCode.BANNED_OPCODE)
E   AttributeError: 'Ok' object has no attribute 'message'</failure><system-out>--------------------------------- Captured Log ---------------------------------

--------------------------------- Captured Out ---------------------------------

</system-out><system-err>--------------------------------- Captured Err ---------------------------------

</system-err></testcase><testcase classname="tests.bundle.test_storage_rules" name="test_rule[[STO-000]staked][account][external_storage][drop]" time="0.235" /><testcase classname="tests.bundle.test_storage_rules" name="test_rule[[OP-011]unstaked][account][entryPoint_call_balanceOf][drop]" time="0.199"><failure message="AttributeError: 'Ok' object has no attribute 'message'">tests/bundle/test_storage_rules.py:737: in test_rule
    case.assert_func(response)
tests/bundle/test_storage_rules.py:19: in assert_error
    assert_rpc_error(response, response.message, RPCErrorCode.BANNED_OPCODE)
E   AttributeError: 'Ok' object has no attribute 'message'</failure><system-out>--------------------------------- Captured Log ---------------------------------

--------------------------------- Captured Out ---------------------------------

</system-out><system-err>--------------------------------- Captured Err ---------------------------------

</system-err></testcase><testcase classname="tests.bundle.test_storage_rules" name="test_rule[[OP-061]unstaked][account][eth_value_transfer_forbidden][drop]" time="0.192"><failure message="AttributeError: 'Ok' object has no attribute 'message'">tests/bundle/test_storage_rules.py:737: in test_rule
    case.assert_func(response)
tests/bundle/test_storage_rules.py:19: in assert_error
    assert_rpc_error(response, response.message, RPCErrorCode.BANNED_OPCODE)
E   AttributeError: 'Ok' object has no attribute 'message'</failure><system-out>--------------------------------- Captured Log ---------------------------------

--------------------------------- Captured Out ---------------------------------

</system-out><system-err>--------------------------------- Captured Err ---------------------------------

</system-err></testcase><testcase classname="tests.bundle.test_storage_rules" name="test_rule[[OP-053]unstaked][account][eth_value_transfer_entryPoint][ok]" time="0.206" /><testcase classname="tests.bundle.test_storage_rules" name="test_rule[[OP-052]unstaked][account][eth_value_transfer_entryPoint_depositTo][ok]" time="0.210" /><testcase classname="tests.bundle.test_storage_rules" name="test_rule[[OP-041]unstaked][account][EXTCODESIZE_undeployed_contract][drop]" time="0.193"><failure message="AttributeError: 'Ok' object has no attribute 'message'">tests/bundle/test_storage_rules.py:737: in test_rule
    case.assert_func(response)
tests/bundle/test_storage_rules.py:19: in assert_error
    assert_rpc_error(response, response.message, RPCErrorCode.BANNED_OPCODE)
E   AttributeError: 'Ok' object has no attribute 'message'</failure><system-out>--------------------------------- Captured Log ---------------------------------

--------------------------------- Captured Out ---------------------------------

</system-out><system-err>--------------------------------- Captured Err ---------------------------------

</system-err></testcase><testcase classname="tests.bundle.test_storage_rules" name="test_rule[[OP-041]unstaked][account][EXTCODEHASH_undeployed_contract][drop]" time="0.184"><failure message="AttributeError: 'Ok' object has no attribute 'message'">tests/bundle/test_storage_rules.py:737: in test_rule
    case.assert_func(response)
tests/bundle/test_storage_rules.py:19: in assert_error
    assert_rpc_error(response, response.message, RPCErrorCode.BANNED_OPCODE)
E   AttributeError: 'Ok' object has no attribute 'message'</failure><system-out>--------------------------------- Captured Log ---------------------------------

--------------------------------- Captured Out ---------------------------------

</system-out><system-err>--------------------------------- Captured Err ---------------------------------

</system-err></testcase><testcase classname="tests.bundle.test_storage_rules" name="test_rule[[OP-041]unstaked][account][EXTCODECOPY_undeployed_contract][drop]" time="0.184"><failure message="AttributeError: 'Ok' object has no attribute 'message'">tests/bundle/test_storage_rules.py:737: in test_rule
    case.assert_func(response)
tests/bundle/test_storage_rules.py:19: in assert_error
    assert_rpc_error(response, response.message, RPCErrorCode.BANNED_OPCODE)
E   AttributeError: 'Ok' object has no attribute 'message'</failure><system-out>--------------------------------- Captured Log ---------------------------------

--------------------------------- Captured Out ---------------------------------

</system-out><system-err>--------------------------------- Captured Err ---------------------------------

</system-err></testcase><testcase classname="tests.bundle.test_storage_rules" name="test_rule[[OP-054]unstaked][account][EXTCODESIZE_entrypoint][drop]" time="0.181"><failure message="AttributeError: 'Ok' object has no attribute 'message'">tests/bundle/test_storage_rules.py:737: in test_rule
    case.assert_func(response)
tests/bundle/test_storage_rules.py:19: in assert_error
    assert_rpc_error(response, response.message, RPCErrorCode.BANNED_OPCODE)
E   AttributeError: 'Ok' object has no attribute 'message'</failure><system-out>--------------------------------- Captured Log ---------------------------------

--------------------------------- Captured Out ---------------------------------

</system-out><system-err>--------------------------------- Captured Err ---------------------------------

</system-err></testcase><testcase classname="tests.bundle.test_storage_rules" name="test_rule[[OP-054]unstaked][account][EXTCODEHASH_entrypoint][drop]" time="0.188"><failure message="AttributeError: 'Ok' object has no attribute 'message'">tests/bundle/test_storage_rules.py:737: in test_rule
    case.assert_func(response)
tests/bundle/test_storage_rules.py:19: in assert_error
    assert_rpc_error(response, response.message, RPCErrorCode.BANNED_OPCODE)
E   AttributeError: 'Ok' object has no attribute 'message'</failure><system-out>--------------------------------- Captured Log ---------------------------------

--------------------------------- Captured Out ---------------------------------

</system-out><system-err>--------------------------------- Captured Err ---------------------------------

</system-err></testcase><testcase classname="tests.bundle.test_storage_rules" name="test_rule[[OP-054]unstaked][account][EXTCODECOPY_entrypoint][drop]" time="0.187"><failure message="AttributeError: 'Ok' object has no attribute 'message'">tests/bundle/test_storage_rules.py:737: in test_rule
    case.assert_func(response)
tests/bundle/test_storage_rules.py:19: in assert_error
    assert_rpc_error(response, response.message, RPCErrorCode.BANNED_OPCODE)
E   AttributeError: 'Ok' object has no attribute 'message'</failure><system-out>--------------------------------- Captured Log ---------------------------------

--------------------------------- Captured Out ---------------------------------

</system-out><system-err>--------------------------------- Captured Err ---------------------------------

</system-err></testcase><testcase classname="tests.bundle.test_storage_rules" name="test_rule[[OP-041]unstaked][account][CALL_undeployed_contract][drop]" time="0.196"><failure message="AttributeError: 'Ok' object has no attribute 'message'">tests/bundle/test_storage_rules.py:737: in test_rule
    case.assert_func(response)
tests/bundle/test_storage_rules.py:19: in assert_error
    assert_rpc_error(response, response.message, RPCErrorCode.BANNED_OPCODE)
E   AttributeError: 'Ok' object has no attribute 'message'</failure><system-out>--------------------------------- Captured Log ---------------------------------

--------------------------------- Captured Out ---------------------------------

</system-out><system-err>--------------------------------- Captured Err ---------------------------------

</system-err></testcase><testcase classname="tests.bundle.test_storage_rules" name="test_rule[[OP-041]unstaked][account][CALLCODE_undeployed_contract][drop]" time="0.183"><failure message="AttributeError: 'Ok' object has no attribute 'message'">tests/bundle/test_storage_rules.py:737: in test_rule
    case.assert_func(response)
tests/bundle/test_storage_rules.py:19: in assert_error
    assert_rpc_error(response, response.message, RPCErrorCode.BANNED_OPCODE)
E   AttributeError: 'Ok' object has no attribute 'message'</failure><system-out>--------------------------------- Captured Log ---------------------------------

--------------------------------- Captured Out ---------------------------------

</system-out><system-err>--------------------------------- Captured Err ---------------------------------

</system-err></testcase><testcase classname="tests.bundle.test_storage_rules" name="test_rule[[OP-041]unstaked][account][DELEGATECALL_undeployed_contract][drop]" time="0.182"><failure message="AttributeError: 'Ok' object has no attribute 'message'">tests/bundle/test_storage_rules.py:737: in test_rule
    case.assert_func(response)
tests/bundle/test_storage_rules.py:19: in assert_error
    assert_rpc_error(response, response.message, RPCErrorCode.BANNED_OPCODE)
E   AttributeError: 'Ok' object has no attribute 'message'</failure><system-out>--------------------------------- Captured Log ---------------------------------

--------------------------------- Captured Out ---------------------------------

</system-out><system-err>--------------------------------- Captured Err ---------------------------------

</system-err></testcase><testcase classname="tests.bundle.test_storage_rules" name="test_rule[[OP-041]unstaked][account][STATICCALL_undeployed_contract][drop]" time="0.176"><failure message="AttributeError: 'Ok' object has no attribute 'message'">tests/bundle/test_storage_rules.py:737: in test_rule
    case.assert_func(response)
tests/bundle/test_storage_rules.py:19: in assert_error
    assert_rpc_error(response, response.message, RPCErrorCode.BANNED_OPCODE)
E   AttributeError: 'Ok' object has no attribute 'message'</failure><system-out>--------------------------------- Captured Log ---------------------------------

--------------------------------- Captured Out ---------------------------------

</system-out><system-err>--------------------------------- Captured Err ---------------------------------

</system-err></testcase><testcase classname="tests.bundle.test_storage_rules" name="test_rule[[OP-062]unstaked][account][CALL_undeployed_contract_allowed_precompile][ok]" time="0.195" /><testcase classname="tests.opbanning.test_op_banning" name="test_account_banned_opcode[GAS]" time="0.119" /><testcase classname="tests.opbanning.test_op_banning" name="test_account_banned_opcode[NUMBER]" time="0.120" /><testcase classname="tests.opbanning.test_op_banning" name="test_account_banned_opcode[TIMESTAMP]" time="0.231" /><testcase classname="tests.opbanning.test_op_banning" name="test_account_banned_opcode[COINBASE]" time="0.121" /><testcase classname="tests.opbanning.test_op_banning" name="test_account_banned_opcode[DIFFICULTY]" time="0.226" /><testcase classname="tests.opbanning.test_op_banning" name="test_account_banned_opcode[BASEFEE]" time="0.244" /><testcase classname="tests.opbanning.test_op_banning" name="test_account_banned_opcode[GASLIMIT]" time="0.126" /><testcase classname="tests.opbanning.test_op_banning" name="test_account_banned_opcode[GASPRICE]" time="0.131" /><testcase classname="tests.opbanning.test_op_banning" name="test_account_banned_opcode[SELFBALANCE]" time="0.124" /><testcase classname="tests.opbanning.test_op_banning" name="test_account_banned_opcode[BALANCE]" time="0.133" /><testcase classname="tests.opbanning.test_op_banning" name="test_account_banned_opcode[ORIGIN]" time="0.123" /><testcase classname="tests.opbanning.test_op_banning" name="test_account_banned_opcode[BLOCKHASH]" time="0.124" /><testcase classname="tests.opbanning.test_op_banning" name="test_account_banned_opcode[CREATE]" time="0.133" /><testcase classname="tests.opbanning.test_op_banning" name="test_account_banned_opcode[CREATE2]" time="0.129" /><testcase classname="tests.opbanning.test_op_banning" name="test_account_banned_opcode[SELFDESTRUCT]" time="0.134" /><testcase classname="tests.opbanning.test_op_banning" name="test_account_allowed_opcode_sequence[GAS CALL]" time="0.258" /><testcase classname="tests.opbanning.test_op_banning" name="test_account_allowed_opcode_sequence[GAS DELEGATECALL]" time="0.150" /><testcase classname="tests.opbanning.test_op_banning" name="test_paymaster_banned_opcode[GAS]" time="0.155" /><testcase classname="tests.opbanning.test_op_banning" name="test_paymaster_banned_opcode[NUMBER]" time="0.160" /><testcase classname="tests.opbanning.test_op_banning" name="test_paymaster_banned_opcode[TIMESTAMP]" time="0.162" /><testcase classname="tests.opbanning.test_op_banning" name="test_paymaster_banned_opcode[COINBASE]" time="0.163" /><testcase classname="tests.opbanning.test_op_banning" name="test_paymaster_banned_opcode[DIFFICULTY]" time="0.202" /><testcase classname="tests.opbanning.test_op_banning" name="test_paymaster_banned_opcode[BASEFEE]" time="0.150" /><testcase classname="tests.opbanning.test_op_banning" name="test_paymaster_banned_opcode[GASLIMIT]" time="0.163" /><testcase classname="tests.opbanning.test_op_banning" name="test_paymaster_banned_opcode[GASPRICE]" time="0.155" /><testcase classname="tests.opbanning.test_op_banning" name="test_paymaster_banned_opcode[SELFBALANCE]" time="0.169" /><testcase classname="tests.opbanning.test_op_banning" name="test_paymaster_banned_opcode[BALANCE]" time="0.165" /><testcase classname="tests.opbanning.test_op_banning" name="test_paymaster_banned_opcode[ORIGIN]" time="0.161" /><testcase classname="tests.opbanning.test_op_banning" name="test_paymaster_banned_opcode[BLOCKHASH]" time="0.194" /><testcase classname="tests.opbanning.test_op_banning" name="test_paymaster_banned_opcode[CREATE]" time="0.172" /><testcase classname="tests.opbanning.test_op_banning" name="test_paymaster_banned_opcode[CREATE2]" time="0.172" /><testcase classname="tests.opbanning.test_op_banning" name="test_paymaster_banned_opcode[SELFDESTRUCT]" time="0.166" /><testcase classname="tests.opbanning.test_op_banning" name="test_factory_banned_opcode[GAS]" time="0.246" /><testcase classname="tests.opbanning.test_op_banning" name="test_factory_banned_opcode[NUMBER]" time="0.246" /><testcase classname="tests.opbanning.test_op_banning" name="test_factory_banned_opcode[TIMESTAMP]" time="0.253" /><testcase classname="tests.opbanning.test_op_banning" name="test_factory_banned_opcode[COINBASE]" time="0.250" /><testcase classname="tests.opbanning.test_op_banning" name="test_factory_banned_opcode[DIFFICULTY]" time="0.253" /><testcase classname="tests.opbanning.test_op_banning" name="test_factory_banned_opcode[BASEFEE]" time="0.260" /><testcase classname="tests.opbanning.test_op_banning" name="test_factory_banned_opcode[GASLIMIT]" time="0.265" /><testcase classname="tests.opbanning.test_op_banning" name="test_factory_banned_opcode[GASPRICE]" time="0.259" /><testcase classname="tests.opbanning.test_op_banning" name="test_factory_banned_opcode[SELFBALANCE]" time="0.377" /><testcase classname="tests.opbanning.test_op_banning" name="test_factory_banned_opcode[BALANCE]" time="0.250" /><testcase classname="tests.opbanning.test_op_banning" name="test_factory_banned_opcode[ORIGIN]" time="0.260" /><testcase classname="tests.opbanning.test_op_banning" name="test_factory_banned_opcode[BLOCKHASH]" time="0.263" /><testcase classname="tests.opbanning.test_op_banning" name="test_factory_banned_opcode[CREATE]" time="0.262" /><testcase classname="tests.opbanning.test_op_banning" name="test_factory_banned_opcode[CREATE2]" time="0.269" /><testcase classname="tests.opbanning.test_op_banning" name="test_factory_banned_opcode[SELFDESTRUCT]" time="0.253" /><testcase classname="tests.reputation.test_reputation" name="test_staked_entity_reputation_threshold[with_factory]" time="0.228"><failure message="AttributeError: 'Error' object has no attribute 'result'">tests/reputation/test_reputation.py:70: in test_staked_entity_reputation_threshold
    reputations = dump_reputation()
tests/utils.py:175: in dump_reputation
    .result
E   AttributeError: 'Error' object has no attribute 'result'</failure><system-out>--------------------------------- Captured Log ---------------------------------

--------------------------------- Captured Out ---------------------------------

</system-out><system-err>--------------------------------- Captured Err ---------------------------------

</system-err></testcase><testcase classname="tests.reputation.test_reputation" name="test_staked_entity_reputation_threshold[without_factory]" time="0.124"><failure message="AttributeError: 'Error' object has no attribute 'result'">tests/reputation/test_reputation.py:70: in test_staked_entity_reputation_threshold
    reputations = dump_reputation()
tests/utils.py:175: in dump_reputation
    .result
E   AttributeError: 'Error' object has no attribute 'result'</failure><system-out>--------------------------------- Captured Log ---------------------------------

--------------------------------- Captured Out ---------------------------------

</system-out><system-err>--------------------------------- Captured Err ---------------------------------

</system-err></testcase><testcase classname="tests.rpc.test_eth_chainId" name="test_eth_chainId[]" time="0.011" /><testcase classname="tests.rpc.test_eth_estimateUserOperationGas" name="test_eth_estimateUserOperationGas[]" time="0.110"><failure message="jsonschema.exceptions.ValidationError: 'verificationGasLimit' is a required property&#10;&#10;Failed validating 'required' in schema:&#10;    {'properties': {'callGasLimit': {'oneOf': [{'pattern': '^0x([1-9a-f]+[0-9a-f]*|0)$',&#10;                                                'type': 'string'},&#10;                                               {'type': 'number'}],&#10;                                     'title': 'callGasLimit'},&#10;                    'preVerificationGas': {'oneOf': [{'pattern': '^0x([1-9a-f]+[0-9a-f]*|0)$',&#10;                                                      'type': 'string'},&#10;                                                     {'type': 'number'}],&#10;                                           'title': 'preVerificationGas'},&#10;                    'verificationGasLimit': {'oneOf': [{'pattern': '^0x([1-9a-f]+[0-9a-f]*|0)$',&#10;                                                        'type': 'string'},&#10;                                                       {'type': 'number'}],&#10;                                             'title': 'verificationGasLimit'}},&#10;     'required': ['callGasLimit',&#10;                  'preVerificationGas',&#10;                  'verificationGasLimit'],&#10;     'title': 'UserOperation Gas parameters',&#10;     'type': 'object'}&#10;&#10;On instance:&#10;    {'callGasLimit': 44181,&#10;     'preVerificationGas': 42316,&#10;     'verificationGas': 337129}">tests/rpc/test_eth_estimateUserOperationGas.py:20: in test_eth_estimateUserOperationGas
    validate(instance=response.result, schema=schema)
.venv/lib/python3.10/site-packages/jsonschema/validators.py:1121: in validate
    raise error
E   jsonschema.exceptions.ValidationError: 'verificationGasLimit' is a required property
E   
E   Failed validating 'required' in schema:
E       {'properties': {'callGasLimit': {'oneOf': [{'pattern': '^0x([1-9a-f]+[0-9a-f]*|0)$',
E                                                   'type': 'string'},
E                                                  {'type': 'number'}],
E                                        'title': 'callGasLimit'},
E                       'preVerificationGas': {'oneOf': [{'pattern': '^0x([1-9a-f]+[0-9a-f]*|0)$',
E                                                         'type': 'string'},
E                                                        {'type': 'number'}],
E                                              'title': 'preVerificationGas'},
E                       'verificationGasLimit': {'oneOf': [{'pattern': '^0x([1-9a-f]+[0-9a-f]*|0)$',
E                                                           'type': 'string'},
E                                                          {'type': 'number'}],
E                                                'title': 'verificationGasLimit'}},
E        'required': ['callGasLimit',
E                     'preVerificationGas',
E                     'verificationGasLimit'],
E        'title': 'UserOperation Gas parameters',
E        'type': 'object'}
E   
E   On instance:
E       {'callGasLimit': 44181,
E        'preVerificationGas': 42316,
E        'verificationGas': 337129}</failure><system-out>--------------------------------- Captured Log ---------------------------------

--------------------------------- Captured Out ---------------------------------

</system-out><system-err>--------------------------------- Captured Err ---------------------------------

</system-err></testcase><testcase classname="tests.rpc.test_eth_estimateUserOperationGas" name="test_eth_estimateUserOperationGas_execution_revert" time="0.100" /><testcase classname="tests.rpc.test_eth_estimateUserOperationGas" name="test_eth_estimateUserOperationGas_simulation_revert" time="0.058" /><testcase classname="tests.rpc.test_eth_getUserOperationByHash" name="test_eth_getUserOperationByHash[]" time="0.183" /><testcase classname="tests.rpc.test_eth_getUserOperationByHash" name="test_eth_getUserOperationByHash_error" time="0.011" /><testcase classname="tests.rpc.test_eth_getUserOperationReceipt" name="test_eth_getUserOperationReceipt[]" time="0.179" /><testcase classname="tests.rpc.test_eth_getUserOperationReceipt" name="test_eth_getUserOperationReceipt_error" time="0.011" /><testcase classname="tests.rpc.test_eth_sendUserOperation" name="test_eth_sendUserOperation[]" time="0.143" /><testcase classname="tests.rpc.test_eth_sendUserOperation" name="test_eth_sendUserOperation_revert" time="0.086" /><testcase classname="tests.rpc.test_eth_sendUserOperation" name="test_eth_sendUserOperation_invalid_signature" time="0.082" /><testcase classname="tests.rpc.test_eth_supportedEntryPoints" name="test_eth_supportedEntryPoints[]" time="0.017" /></testsuite></testsuites>