{
  "testsuites": {
    "testsuite": {
      "@name": "okbund",
      "@errors": "0",
      "@failures": "62",
      "@skipped": "13",
      "@tests": "482",
      "@time": "259.733",
      "@timestamp": "2025-03-31T17:05:49.914194+00:00",
      "@hostname": "fv-az1368-733",
      "testcase": [
        {
          "@classname": "",
          "@name": "tests.single.gas.test_pre_verification_gas_calculation",
          "@time": "0.000",
          "skipped": {
            "@message": "collection skipped",
            "#text": "('/home/runner/work/bundler-test-executor/bundler-test-executor/bundler-spec-tests/tests/single/gas/test_pre_verification_gas_calculation.py', 15, 'Skipped: Slow and requires fixing')"
          }
        },
        {
          "@classname": "tests.single.bundle.test_bundle",
          "@name": "test_bundle_replace_op[only_priority_fee_bump]",
          "@time": "0.702"
        },
        {
          "@classname": "tests.single.bundle.test_bundle",
          "@name": "test_bundle_replace_op[only_max_fee_bump]",
          "@time": "0.407"
        },
        {
          "@classname": "tests.single.bundle.test_bundle",
          "@name": "test_bundle_replace_op[with_same_fee]",
          "@time": "0.440"
        },
        {
          "@classname": "tests.single.bundle.test_bundle",
          "@name": "test_bundle_replace_op[with_less_fee]",
          "@time": "0.322"
        },
        {
          "@classname": "tests.single.bundle.test_bundle",
          "@name": "test_bundle_replace_op[fee_bump_below_threshold]",
          "@time": "0.365"
        },
        {
          "@classname": "tests.single.bundle.test_bundle",
          "@name": "test_bundle_replace_op[fee_bump_at_threshold]",
          "@time": "0.358"
        },
        {
          "@classname": "tests.single.bundle.test_bundle",
          "@name": "test_bundle_replace_op[fee_bump_above_threshold]",
          "@time": "0.312"
        },
        {
          "@classname": "tests.single.bundle.test_bundle",
          "@name": "test_mempool_reputation_rules_all_entities[GREP-010-banned-entity-not-allowed-banned-sender]",
          "@time": "0.000",
          "skipped": {
            "@type": "pytest.skip",
            "@message": "skipped",
            "#text": "/home/runner/work/bundler-test-executor/bundler-test-executor/bundler-spec-tests/tests/single/bundle/test_bundle.py:123: skipped"
          },
          "system-out": "--------------------------------- Captured Log ---------------------------------\n\n--------------------------------- Captured Out ---------------------------------",
          "system-err": "--------------------------------- Captured Err ---------------------------------"
        },
        {
          "@classname": "tests.single.bundle.test_bundle",
          "@name": "test_mempool_reputation_rules_all_entities[GREP-010-banned-entity-not-allowed-banned-paymaster]",
          "@time": "0.000",
          "skipped": {
            "@type": "pytest.skip",
            "@message": "skipped",
            "#text": "/home/runner/work/bundler-test-executor/bundler-test-executor/bundler-spec-tests/tests/single/bundle/test_bundle.py:123: skipped"
          },
          "system-out": "--------------------------------- Captured Log ---------------------------------\n\n--------------------------------- Captured Out ---------------------------------",
          "system-err": "--------------------------------- Captured Err ---------------------------------"
        },
        {
          "@classname": "tests.single.bundle.test_bundle",
          "@name": "test_mempool_reputation_rules_all_entities[GREP-010-banned-entity-not-allowed-banned-factory]",
          "@time": "0.000",
          "skipped": {
            "@type": "pytest.skip",
            "@message": "skipped",
            "#text": "/home/runner/work/bundler-test-executor/bundler-test-executor/bundler-spec-tests/tests/single/bundle/test_bundle.py:123: skipped"
          },
          "system-out": "--------------------------------- Captured Log ---------------------------------\n\n--------------------------------- Captured Out ---------------------------------",
          "system-err": "--------------------------------- Captured Err ---------------------------------"
        },
        {
          "@classname": "tests.single.bundle.test_bundle",
          "@name": "test_mempool_reputation_rules_all_entities[GREP-020-throttled-entity-allowed-limited-count-throttled-sender]",
          "@time": "0.000",
          "skipped": {
            "@type": "pytest.skip",
            "@message": "skipped",
            "#text": "/home/runner/work/bundler-test-executor/bundler-test-executor/bundler-spec-tests/tests/single/bundle/test_bundle.py:123: skipped"
          },
          "system-out": "--------------------------------- Captured Log ---------------------------------\n\n--------------------------------- Captured Out ---------------------------------",
          "system-err": "--------------------------------- Captured Err ---------------------------------"
        },
        {
          "@classname": "tests.single.bundle.test_bundle",
          "@name": "test_mempool_reputation_rules_all_entities[GREP-020-throttled-entity-allowed-limited-count-throttled-paymaster]",
          "@time": "0.000",
          "skipped": {
            "@type": "pytest.skip",
            "@message": "skipped",
            "#text": "/home/runner/work/bundler-test-executor/bundler-test-executor/bundler-spec-tests/tests/single/bundle/test_bundle.py:123: skipped"
          },
          "system-out": "--------------------------------- Captured Log ---------------------------------\n\n--------------------------------- Captured Out ---------------------------------",
          "system-err": "--------------------------------- Captured Err ---------------------------------"
        },
        {
          "@classname": "tests.single.bundle.test_bundle",
          "@name": "test_mempool_reputation_rules_all_entities[GREP-020-throttled-entity-allowed-limited-count-throttled-factory]",
          "@time": "0.000",
          "skipped": {
            "@type": "pytest.skip",
            "@message": "skipped",
            "#text": "/home/runner/work/bundler-test-executor/bundler-test-executor/bundler-spec-tests/tests/single/bundle/test_bundle.py:123: skipped"
          },
          "system-out": "--------------------------------- Captured Log ---------------------------------\n\n--------------------------------- Captured Out ---------------------------------",
          "system-err": "--------------------------------- Captured Err ---------------------------------"
        },
        {
          "@classname": "tests.single.bundle.test_bundle",
          "@name": "test_mempool_reputation_rules_all_entities[UREP-010 UREP-020-unstaked-entity-allowed-function-unstaked-sender]",
          "@time": "0.000",
          "skipped": {
            "@type": "pytest.skip",
            "@message": "skipped",
            "#text": "/home/runner/work/bundler-test-executor/bundler-test-executor/bundler-spec-tests/tests/single/bundle/test_bundle.py:123: skipped"
          },
          "system-out": "--------------------------------- Captured Log ---------------------------------\n\n--------------------------------- Captured Out ---------------------------------",
          "system-err": "--------------------------------- Captured Err ---------------------------------"
        },
        {
          "@classname": "tests.single.bundle.test_bundle",
          "@name": "test_mempool_reputation_rules_all_entities[UREP-010 UREP-020-unstaked-entity-allowed-function-unstaked-paymaster]",
          "@time": "0.000",
          "skipped": {
            "@type": "pytest.skip",
            "@message": "skipped",
            "#text": "/home/runner/work/bundler-test-executor/bundler-test-executor/bundler-spec-tests/tests/single/bundle/test_bundle.py:123: skipped"
          },
          "system-out": "--------------------------------- Captured Log ---------------------------------\n\n--------------------------------- Captured Out ---------------------------------",
          "system-err": "--------------------------------- Captured Err ---------------------------------"
        },
        {
          "@classname": "tests.single.bundle.test_bundle",
          "@name": "test_mempool_reputation_rules_all_entities[UREP-010 UREP-020-unstaked-entity-allowed-function-unstaked-factory]",
          "@time": "0.000",
          "skipped": {
            "@type": "pytest.skip",
            "@message": "skipped",
            "#text": "/home/runner/work/bundler-test-executor/bundler-test-executor/bundler-spec-tests/tests/single/bundle/test_bundle.py:123: skipped"
          },
          "system-out": "--------------------------------- Captured Log ---------------------------------\n\n--------------------------------- Captured Out ---------------------------------",
          "system-err": "--------------------------------- Captured Err ---------------------------------"
        },
        {
          "@classname": "tests.single.bundle.test_bundle",
          "@name": "test_max_allowed_ops_unstaked_sender",
          "@time": "0.915",
          "failure": {
            "@message": "AttributeError: expected result object, got:\nError(code=0, message='-32000::invalid block range params', data=None, id=54)",
            "#text": "tests/utils.py:199: in assert_ok\n    assert response.result\nE   AttributeError: 'Error' object has no attribute 'result'\n\nThe above exception was the direct cause of the following exception:\ntests/single/bundle/test_bundle.py:261: in test_max_allowed_ops_unstaked_sender\n    send_bundle_now()\ntests/utils.py:230: in send_bundle_now\n    assert_ok(RPCRequest(method=\"debug_bundler_sendBundleNow\").send(url))\ntests/utils.py:201: in assert_ok\n    raise AttributeError(f\"expected result object, got:\\n{response}\") from exc\nE   AttributeError: expected result object, got:\nE   Error(code=0, message='-32000::invalid block range params', data=None, id=54)"
          },
          "system-out": "--------------------------------- Captured Log ---------------------------------\n\n--------------------------------- Captured Out ---------------------------------",
          "system-err": "--------------------------------- Captured Err ---------------------------------"
        },
        {
          "@classname": "tests.single.bundle.test_bundle",
          "@name": "test_max_allowed_ops_staked_sender",
          "@time": "2.100"
        },
        {
          "@classname": "tests.single.bundle.test_bundle",
          "@name": "test_ban_user_op_access_other_ops_sender_in_bundle",
          "@time": "1.793"
        },
        {
          "@classname": "tests.single.bundle.test_bundle",
          "@name": "test_ban_user_sender_double_role_in_bundle",
          "@time": "0.727"
        },
        {
          "@classname": "tests.single.bundle.test_bundle",
          "@name": "test_stake_check_in_bundler",
          "@time": "0.556"
        },
        {
          "@classname": "tests.single.bundle.test_codehash",
          "@name": "test_codehash_changed",
          "@time": "0.250",
          "skipped": {
            "@type": "pytest.skip",
            "@message": "no self destruct. can't check code change..",
            "#text": "/home/runner/work/bundler-test-executor/bundler-test-executor/bundler-spec-tests/tests/single/bundle/test_codehash.py:54: no self destruct. can't check code change.."
          },
          "system-out": "--------------------------------- Captured Log ---------------------------------\n\n--------------------------------- Captured Out ---------------------------------",
          "system-err": "--------------------------------- Captured Err ---------------------------------"
        },
        {
          "@classname": "tests.single.bundle.test_paymaster",
          "@name": "test_paymaster_deposit",
          "@time": "0.802",
          "failure": {
            "@message": "AttributeError: expected error object, got:\nOk(result='0xe6d12d1b51505d660edc244f6430b6247bebc32cf7d01ed1b028dcf23bf256a4', id=97)",
            "#text": "tests/utils.py:206: in assert_rpc_error\n    assert response.code == code\nE   AttributeError: 'Ok' object has no attribute 'code'\n\nThe above exception was the direct cause of the following exception:\ntests/single/bundle/test_paymaster.py:48: in test_paymaster_deposit\n    assert_rpc_error(res, \"too low\", RPCErrorCode.PAYMASTER_DEPOSIT_TOO_LOW)\ntests/utils.py:211: in assert_rpc_error\n    raise AttributeError(f\"expected error object, got:\\n{response}\") from exc\nE   AttributeError: expected error object, got:\nE   Ok(result='0xe6d12d1b51505d660edc244f6430b6247bebc32cf7d01ed1b028dcf23bf256a4', id=97)"
          },
          "system-out": "--------------------------------- Captured Log ---------------------------------\n\n--------------------------------- Captured Out ---------------------------------",
          "system-err": "--------------------------------- Captured Err ---------------------------------"
        },
        {
          "@classname": "tests.single.bundle.test_storage_rules",
          "@name": "test_rule[[STO-000]unstaked][paymaster][no_storage][ok-]",
          "@time": "0.443"
        },
        {
          "@classname": "tests.single.bundle.test_storage_rules",
          "@name": "test_rule[[STO-000]unstaked][paymaster][no_storage][ok-CALL:>]",
          "@time": "0.669"
        },
        {
          "@classname": "tests.single.bundle.test_storage_rules",
          "@name": "test_rule[[STO-000]unstaked][paymaster][no_storage][ok-DELEGATECALL:>]",
          "@time": "0.743"
        },
        {
          "@classname": "tests.single.bundle.test_storage_rules",
          "@name": "test_rule[[STO-031]unstaked][paymaster][storage_read][drop-]",
          "@time": "0.439"
        },
        {
          "@classname": "tests.single.bundle.test_storage_rules",
          "@name": "test_rule[[STO-031]unstaked][paymaster][storage_read][drop-CALL:>]",
          "@time": "0.665"
        },
        {
          "@classname": "tests.single.bundle.test_storage_rules",
          "@name": "test_rule[[STO-031]unstaked][paymaster][storage_read][drop-DELEGATECALL:>]",
          "@time": "0.750"
        },
        {
          "@classname": "tests.single.bundle.test_storage_rules",
          "@name": "test_rule[[STO-031]unstaked][paymaster][storage_write][drop-]",
          "@time": "0.496"
        },
        {
          "@classname": "tests.single.bundle.test_storage_rules",
          "@name": "test_rule[[STO-031]unstaked][paymaster][storage_write][drop-CALL:>]",
          "@time": "0.658"
        },
        {
          "@classname": "tests.single.bundle.test_storage_rules",
          "@name": "test_rule[[STO-031]unstaked][paymaster][storage_write][drop-DELEGATECALL:>]",
          "@time": "0.761"
        },
        {
          "@classname": "tests.single.bundle.test_storage_rules",
          "@name": "test_rule[[OP-070(STO-031)]unstaked][paymaster][transient_storage_tstore][drop-]",
          "@time": "0.577",
          "failure": {
            "@message": "AttributeError: 'Ok' object has no attribute 'message'",
            "#text": "tests/single/bundle/test_storage_rules.py:864: in test_rule\n    case.assert_func(response)\ntests/single/bundle/test_storage_rules.py:21: in assert_error\n    assert_rpc_error(response, response.message, RPCErrorCode.BANNED_OPCODE)\nE   AttributeError: 'Ok' object has no attribute 'message'"
          },
          "system-out": "--------------------------------- Captured Log ---------------------------------\n\n--------------------------------- Captured Out ---------------------------------",
          "system-err": "--------------------------------- Captured Err ---------------------------------"
        },
        {
          "@classname": "tests.single.bundle.test_storage_rules",
          "@name": "test_rule[[OP-070(STO-031)]unstaked][paymaster][transient_storage_tstore][drop-CALL:>]",
          "@time": "0.811",
          "failure": {
            "@message": "AttributeError: 'Ok' object has no attribute 'message'",
            "#text": "tests/single/bundle/test_storage_rules.py:864: in test_rule\n    case.assert_func(response)\ntests/single/bundle/test_storage_rules.py:21: in assert_error\n    assert_rpc_error(response, response.message, RPCErrorCode.BANNED_OPCODE)\nE   AttributeError: 'Ok' object has no attribute 'message'"
          },
          "system-out": "--------------------------------- Captured Log ---------------------------------\n\n--------------------------------- Captured Out ---------------------------------",
          "system-err": "--------------------------------- Captured Err ---------------------------------"
        },
        {
          "@classname": "tests.single.bundle.test_storage_rules",
          "@name": "test_rule[[OP-070(STO-031)]unstaked][paymaster][transient_storage_tstore][drop-DELEGATECALL:>]",
          "@time": "0.934",
          "failure": {
            "@message": "AttributeError: 'Ok' object has no attribute 'message'",
            "#text": "tests/single/bundle/test_storage_rules.py:864: in test_rule\n    case.assert_func(response)\ntests/single/bundle/test_storage_rules.py:21: in assert_error\n    assert_rpc_error(response, response.message, RPCErrorCode.BANNED_OPCODE)\nE   AttributeError: 'Ok' object has no attribute 'message'"
          },
          "system-out": "--------------------------------- Captured Log ---------------------------------\n\n--------------------------------- Captured Out ---------------------------------",
          "system-err": "--------------------------------- Captured Err ---------------------------------"
        },
        {
          "@classname": "tests.single.bundle.test_storage_rules",
          "@name": "test_rule[[OP-070(STO-031)]unstaked][paymaster][transient_storage_tload][drop-]",
          "@time": "0.644",
          "failure": {
            "@message": "AttributeError: 'Ok' object has no attribute 'message'",
            "#text": "tests/single/bundle/test_storage_rules.py:864: in test_rule\n    case.assert_func(response)\ntests/single/bundle/test_storage_rules.py:21: in assert_error\n    assert_rpc_error(response, response.message, RPCErrorCode.BANNED_OPCODE)\nE   AttributeError: 'Ok' object has no attribute 'message'"
          },
          "system-out": "--------------------------------- Captured Log ---------------------------------\n\n--------------------------------- Captured Out ---------------------------------",
          "system-err": "--------------------------------- Captured Err ---------------------------------"
        },
        {
          "@classname": "tests.single.bundle.test_storage_rules",
          "@name": "test_rule[[OP-070(STO-031)]unstaked][paymaster][transient_storage_tload][drop-CALL:>]",
          "@time": "0.790",
          "failure": {
            "@message": "AttributeError: 'Ok' object has no attribute 'message'",
            "#text": "tests/single/bundle/test_storage_rules.py:864: in test_rule\n    case.assert_func(response)\ntests/single/bundle/test_storage_rules.py:21: in assert_error\n    assert_rpc_error(response, response.message, RPCErrorCode.BANNED_OPCODE)\nE   AttributeError: 'Ok' object has no attribute 'message'"
          },
          "system-out": "--------------------------------- Captured Log ---------------------------------\n\n--------------------------------- Captured Out ---------------------------------",
          "system-err": "--------------------------------- Captured Err ---------------------------------"
        },
        {
          "@classname": "tests.single.bundle.test_storage_rules",
          "@name": "test_rule[[OP-070(STO-031)]unstaked][paymaster][transient_storage_tload][drop-DELEGATECALL:>]",
          "@time": "0.877",
          "failure": {
            "@message": "AttributeError: 'Ok' object has no attribute 'message'",
            "#text": "tests/single/bundle/test_storage_rules.py:864: in test_rule\n    case.assert_func(response)\ntests/single/bundle/test_storage_rules.py:21: in assert_error\n    assert_rpc_error(response, response.message, RPCErrorCode.BANNED_OPCODE)\nE   AttributeError: 'Ok' object has no attribute 'message'"
          },
          "system-out": "--------------------------------- Captured Log ---------------------------------\n\n--------------------------------- Captured Out ---------------------------------",
          "system-err": "--------------------------------- Captured Err ---------------------------------"
        },
        {
          "@classname": "tests.single.bundle.test_storage_rules",
          "@name": "test_rule[[STO-032]unstaked][paymaster][paymaster_reference_storage][drop-]",
          "@time": "0.568"
        },
        {
          "@classname": "tests.single.bundle.test_storage_rules",
          "@name": "test_rule[[STO-032]unstaked][paymaster][paymaster_reference_storage][drop-CALL:>]",
          "@time": "0.840"
        },
        {
          "@classname": "tests.single.bundle.test_storage_rules",
          "@name": "test_rule[[STO-032]unstaked][paymaster][paymaster_reference_storage][drop-DELEGATECALL:>]",
          "@time": "0.967"
        },
        {
          "@classname": "tests.single.bundle.test_storage_rules",
          "@name": "test_rule[[STO-032]unstaked][paymaster][paymaster_reference_storage_struct][drop-]",
          "@time": "0.633"
        },
        {
          "@classname": "tests.single.bundle.test_storage_rules",
          "@name": "test_rule[[STO-032]unstaked][paymaster][paymaster_reference_storage_struct][drop-CALL:>]",
          "@time": "0.944"
        },
        {
          "@classname": "tests.single.bundle.test_storage_rules",
          "@name": "test_rule[[STO-032]unstaked][paymaster][paymaster_reference_storage_struct][drop-DELEGATECALL:>]",
          "@time": "1.010"
        },
        {
          "@classname": "tests.single.bundle.test_storage_rules",
          "@name": "test_rule[[STO-010]unstaked][paymaster][account_storage][ok-]",
          "@time": "0.456"
        },
        {
          "@classname": "tests.single.bundle.test_storage_rules",
          "@name": "test_rule[[STO-010]unstaked][paymaster][account_storage][ok-CALL:>]",
          "@time": "0.743"
        },
        {
          "@classname": "tests.single.bundle.test_storage_rules",
          "@name": "test_rule[[STO-010]unstaked][paymaster][account_storage][ok-DELEGATECALL:>]",
          "@time": "0.782"
        },
        {
          "@classname": "tests.single.bundle.test_storage_rules",
          "@name": "test_rule[[OP-070(STO-010)]unstaked][paymaster][account_transient_storage][ok-]",
          "@time": "0.683"
        },
        {
          "@classname": "tests.single.bundle.test_storage_rules",
          "@name": "test_rule[[OP-070(STO-010)]unstaked][paymaster][account_transient_storage][ok-CALL:>]",
          "@time": "0.831"
        },
        {
          "@classname": "tests.single.bundle.test_storage_rules",
          "@name": "test_rule[[OP-070(STO-010)]unstaked][paymaster][account_transient_storage][ok-DELEGATECALL:>]",
          "@time": "0.931"
        },
        {
          "@classname": "tests.single.bundle.test_storage_rules",
          "@name": "test_rule[[STO-021]unstaked][paymaster][account_reference_storage][ok-]",
          "@time": "0.549"
        },
        {
          "@classname": "tests.single.bundle.test_storage_rules",
          "@name": "test_rule[[STO-021]unstaked][paymaster][account_reference_storage][ok-CALL:>]",
          "@time": "0.814"
        },
        {
          "@classname": "tests.single.bundle.test_storage_rules",
          "@name": "test_rule[[STO-021]unstaked][paymaster][account_reference_storage][ok-DELEGATECALL:>]",
          "@time": "0.920"
        },
        {
          "@classname": "tests.single.bundle.test_storage_rules",
          "@name": "test_rule[[STO-021]unstaked][paymaster][account_reference_storage_struct][ok-]",
          "@time": "0.616"
        },
        {
          "@classname": "tests.single.bundle.test_storage_rules",
          "@name": "test_rule[[STO-021]unstaked][paymaster][account_reference_storage_struct][ok-CALL:>]",
          "@time": "0.942"
        },
        {
          "@classname": "tests.single.bundle.test_storage_rules",
          "@name": "test_rule[[STO-021]unstaked][paymaster][account_reference_storage_struct][ok-DELEGATECALL:>]",
          "@time": "0.991"
        },
        {
          "@classname": "tests.single.bundle.test_storage_rules",
          "@name": "test_rule[[STO-022]unstaked][paymaster][account_reference_storage_init_code][drop-]",
          "@time": "1.222"
        },
        {
          "@classname": "tests.single.bundle.test_storage_rules",
          "@name": "test_rule[[STO-022]unstaked][paymaster][account_reference_storage_init_code][drop-CALL:>]",
          "@time": "1.049"
        },
        {
          "@classname": "tests.single.bundle.test_storage_rules",
          "@name": "test_rule[[STO-022]unstaked][paymaster][account_reference_storage_init_code][drop-DELEGATECALL:>]",
          "@time": "1.238"
        },
        {
          "@classname": "tests.single.bundle.test_storage_rules",
          "@name": "test_rule[[EREP-050-regression]unstaked][paymaster][context][ok-]",
          "@time": "0.255",
          "failure": {
            "@message": "AttributeError: expected result object, got:\nError(code=-32502, message='unstaked paymaster must not return context', data={'paymaster': '0x745E8370F5e68083f863257B27c01585cB6DF97c'}, id=171)",
            "#text": "tests/utils.py:199: in assert_ok\n    assert response.result\nE   AttributeError: 'Error' object has no attribute 'result'\n\nThe above exception was the direct cause of the following exception:\ntests/single/bundle/test_storage_rules.py:864: in test_rule\n    case.assert_func(response)\ntests/utils.py:201: in assert_ok\n    raise AttributeError(f\"expected result object, got:\\n{response}\") from exc\nE   AttributeError: expected result object, got:\nE   Error(code=-32502, message='unstaked paymaster must not return context', data={'paymaster': '0x745E8370F5e68083f863257B27c01585cB6DF97c'}, id=171)"
          },
          "system-out": "--------------------------------- Captured Log ---------------------------------\n\n--------------------------------- Captured Out ---------------------------------",
          "system-err": "--------------------------------- Captured Err ---------------------------------"
        },
        {
          "@classname": "tests.single.bundle.test_storage_rules",
          "@name": "test_rule[[EREP-050-regression]unstaked][paymaster][context][ok-CALL:>]",
          "@time": "0.270",
          "failure": {
            "@message": "AttributeError: expected result object, got:\nError(code=-32502, message='unstaked paymaster must not return context', data={'paymaster': '0x0530D8E9daE5464204AEFDAc11857337Edf7d7C5'}, id=173)",
            "#text": "tests/utils.py:199: in assert_ok\n    assert response.result\nE   AttributeError: 'Error' object has no attribute 'result'\n\nThe above exception was the direct cause of the following exception:\ntests/single/bundle/test_storage_rules.py:864: in test_rule\n    case.assert_func(response)\ntests/utils.py:201: in assert_ok\n    raise AttributeError(f\"expected result object, got:\\n{response}\") from exc\nE   AttributeError: expected result object, got:\nE   Error(code=-32502, message='unstaked paymaster must not return context', data={'paymaster': '0x0530D8E9daE5464204AEFDAc11857337Edf7d7C5'}, id=173)"
          },
          "system-out": "--------------------------------- Captured Log ---------------------------------\n\n--------------------------------- Captured Out ---------------------------------",
          "system-err": "--------------------------------- Captured Err ---------------------------------"
        },
        {
          "@classname": "tests.single.bundle.test_storage_rules",
          "@name": "test_rule[[EREP-050-regression]unstaked][paymaster][context][ok-DELEGATECALL:>]",
          "@time": "0.307",
          "failure": {
            "@message": "AttributeError: expected result object, got:\nError(code=-32502, message='unstaked paymaster must not return context', data={'paymaster': '0x7cDC5e7056506803798fE991cF21A96C2a5A6Ac0'}, id=175)",
            "#text": "tests/utils.py:199: in assert_ok\n    assert response.result\nE   AttributeError: 'Error' object has no attribute 'result'\n\nThe above exception was the direct cause of the following exception:\ntests/single/bundle/test_storage_rules.py:864: in test_rule\n    case.assert_func(response)\ntests/utils.py:201: in assert_ok\n    raise AttributeError(f\"expected result object, got:\\n{response}\") from exc\nE   AttributeError: expected result object, got:\nE   Error(code=-32502, message='unstaked paymaster must not return context', data={'paymaster': '0x7cDC5e7056506803798fE991cF21A96C2a5A6Ac0'}, id=175)"
          },
          "system-out": "--------------------------------- Captured Log ---------------------------------\n\n--------------------------------- Captured Out ---------------------------------",
          "system-err": "--------------------------------- Captured Err ---------------------------------"
        },
        {
          "@classname": "tests.single.bundle.test_storage_rules",
          "@name": "test_rule[[STO-032]unstaked][paymaster][external_storage_read][drop-]",
          "@time": "0.508"
        },
        {
          "@classname": "tests.single.bundle.test_storage_rules",
          "@name": "test_rule[[STO-032]unstaked][paymaster][external_storage_read][drop-CALL:>]",
          "@time": "0.790"
        },
        {
          "@classname": "tests.single.bundle.test_storage_rules",
          "@name": "test_rule[[STO-032]unstaked][paymaster][external_storage_read][drop-DELEGATECALL:>]",
          "@time": "0.854"
        },
        {
          "@classname": "tests.single.bundle.test_storage_rules",
          "@name": "test_rule[[OP-020]unstaked][paymaster][out_of_gas][drop-]",
          "@time": "0.506"
        },
        {
          "@classname": "tests.single.bundle.test_storage_rules",
          "@name": "test_rule[[OP-020]unstaked][paymaster][out_of_gas][drop-CALL:>]",
          "@time": "0.724"
        },
        {
          "@classname": "tests.single.bundle.test_storage_rules",
          "@name": "test_rule[[OP-020]unstaked][paymaster][out_of_gas][drop-DELEGATECALL:>]",
          "@time": "0.818"
        },
        {
          "@classname": "tests.single.bundle.test_storage_rules",
          "@name": "test_rule[[OP-020]unstaked][paymaster][sstore_out_of_gas][drop-]",
          "@time": "0.481"
        },
        {
          "@classname": "tests.single.bundle.test_storage_rules",
          "@name": "test_rule[[OP-020]unstaked][paymaster][sstore_out_of_gas][drop-CALL:>]",
          "@time": "0.729"
        },
        {
          "@classname": "tests.single.bundle.test_storage_rules",
          "@name": "test_rule[[OP-020]unstaked][paymaster][sstore_out_of_gas][drop-DELEGATECALL:>]",
          "@time": "0.924"
        },
        {
          "@classname": "tests.single.bundle.test_storage_rules",
          "@name": "test_rule[[STO-000]staked][paymaster][no_storage][ok-]",
          "@time": "0.411"
        },
        {
          "@classname": "tests.single.bundle.test_storage_rules",
          "@name": "test_rule[[STO-000]staked][paymaster][no_storage][ok-CALL:>]",
          "@time": "0.648"
        },
        {
          "@classname": "tests.single.bundle.test_storage_rules",
          "@name": "test_rule[[STO-000]staked][paymaster][no_storage][ok-DELEGATECALL:>]",
          "@time": "0.713"
        },
        {
          "@classname": "tests.single.bundle.test_storage_rules",
          "@name": "test_rule[[STO-031]staked][paymaster][storage_read][ok-]",
          "@time": "0.418"
        },
        {
          "@classname": "tests.single.bundle.test_storage_rules",
          "@name": "test_rule[[STO-031]staked][paymaster][storage_read][ok-CALL:>]",
          "@time": "0.694"
        },
        {
          "@classname": "tests.single.bundle.test_storage_rules",
          "@name": "test_rule[[STO-031]staked][paymaster][storage_read][ok-DELEGATECALL:>]",
          "@time": "0.823"
        },
        {
          "@classname": "tests.single.bundle.test_storage_rules",
          "@name": "test_rule[[STO-031]staked][paymaster][storage_write][ok-]",
          "@time": "0.474"
        },
        {
          "@classname": "tests.single.bundle.test_storage_rules",
          "@name": "test_rule[[STO-031]staked][paymaster][storage_write][ok-CALL:>]",
          "@time": "0.710"
        },
        {
          "@classname": "tests.single.bundle.test_storage_rules",
          "@name": "test_rule[[STO-031]staked][paymaster][storage_write][ok-DELEGATECALL:>]",
          "@time": "0.865"
        },
        {
          "@classname": "tests.single.bundle.test_storage_rules",
          "@name": "test_rule[[STO-032]staked][paymaster][paymaster_reference_storage][ok-]",
          "@time": "0.588"
        },
        {
          "@classname": "tests.single.bundle.test_storage_rules",
          "@name": "test_rule[[STO-032]staked][paymaster][paymaster_reference_storage][ok-CALL:>]",
          "@time": "0.848"
        },
        {
          "@classname": "tests.single.bundle.test_storage_rules",
          "@name": "test_rule[[STO-032]staked][paymaster][paymaster_reference_storage][ok-DELEGATECALL:>]",
          "@time": "1.020"
        },
        {
          "@classname": "tests.single.bundle.test_storage_rules",
          "@name": "test_rule[[STO-032]staked][paymaster][paymaster_reference_storage_struct][ok-]",
          "@time": "0.633"
        },
        {
          "@classname": "tests.single.bundle.test_storage_rules",
          "@name": "test_rule[[STO-032]staked][paymaster][paymaster_reference_storage_struct][ok-CALL:>]",
          "@time": "1.039"
        },
        {
          "@classname": "tests.single.bundle.test_storage_rules",
          "@name": "test_rule[[STO-032]staked][paymaster][paymaster_reference_storage_struct][ok-DELEGATECALL:>]",
          "@time": "1.023"
        },
        {
          "@classname": "tests.single.bundle.test_storage_rules",
          "@name": "test_rule[[STO-033]staked][paymaster][paymaster_reference_storage_struct][ok-]",
          "@time": "0.645"
        },
        {
          "@classname": "tests.single.bundle.test_storage_rules",
          "@name": "test_rule[[STO-033]staked][paymaster][paymaster_reference_storage_struct][ok-CALL:>]",
          "@time": "0.948"
        },
        {
          "@classname": "tests.single.bundle.test_storage_rules",
          "@name": "test_rule[[STO-033]staked][paymaster][paymaster_reference_storage_struct][ok-DELEGATECALL:>]",
          "@time": "1.049"
        },
        {
          "@classname": "tests.single.bundle.test_storage_rules",
          "@name": "test_rule[[STO-010]staked][paymaster][account_storage][ok-]",
          "@time": "0.474"
        },
        {
          "@classname": "tests.single.bundle.test_storage_rules",
          "@name": "test_rule[[STO-010]staked][paymaster][account_storage][ok-CALL:>]",
          "@time": "0.810"
        },
        {
          "@classname": "tests.single.bundle.test_storage_rules",
          "@name": "test_rule[[STO-010]staked][paymaster][account_storage][ok-DELEGATECALL:>]",
          "@time": "0.798"
        },
        {
          "@classname": "tests.single.bundle.test_storage_rules",
          "@name": "test_rule[[STO-021]staked][paymaster][account_reference_storage][ok-]",
          "@time": "0.611"
        },
        {
          "@classname": "tests.single.bundle.test_storage_rules",
          "@name": "test_rule[[STO-021]staked][paymaster][account_reference_storage][ok-CALL:>]",
          "@time": "0.839"
        },
        {
          "@classname": "tests.single.bundle.test_storage_rules",
          "@name": "test_rule[[STO-021]staked][paymaster][account_reference_storage][ok-DELEGATECALL:>]",
          "@time": "0.918"
        },
        {
          "@classname": "tests.single.bundle.test_storage_rules",
          "@name": "test_rule[[STO-021]staked][paymaster][account_reference_storage_struct][ok-]",
          "@time": "0.671"
        },
        {
          "@classname": "tests.single.bundle.test_storage_rules",
          "@name": "test_rule[[STO-021]staked][paymaster][account_reference_storage_struct][ok-CALL:>]",
          "@time": "0.909"
        },
        {
          "@classname": "tests.single.bundle.test_storage_rules",
          "@name": "test_rule[[STO-021]staked][paymaster][account_reference_storage_struct][ok-DELEGATECALL:>]",
          "@time": "1.039"
        },
        {
          "@classname": "tests.single.bundle.test_storage_rules",
          "@name": "test_rule[[STO-022]staked][paymaster][account_reference_storage_init_code][ok-]",
          "@time": "0.838"
        },
        {
          "@classname": "tests.single.bundle.test_storage_rules",
          "@name": "test_rule[[STO-022]staked][paymaster][account_reference_storage_init_code][ok-CALL:>]",
          "@time": "1.125"
        },
        {
          "@classname": "tests.single.bundle.test_storage_rules",
          "@name": "test_rule[[STO-022]staked][paymaster][account_reference_storage_init_code][ok-DELEGATECALL:>]",
          "@time": "1.186"
        },
        {
          "@classname": "tests.single.bundle.test_storage_rules",
          "@name": "test_rule[[EREP-050-regression]staked][paymaster][context][ok-]",
          "@time": "0.281"
        },
        {
          "@classname": "tests.single.bundle.test_storage_rules",
          "@name": "test_rule[[EREP-050-regression]staked][paymaster][context][ok-CALL:>]",
          "@time": "0.405"
        },
        {
          "@classname": "tests.single.bundle.test_storage_rules",
          "@name": "test_rule[[EREP-050-regression]staked][paymaster][context][ok-DELEGATECALL:>]",
          "@time": "0.374"
        },
        {
          "@classname": "tests.single.bundle.test_storage_rules",
          "@name": "test_rule[[STO-033]staked][paymaster][external_storage_write][drop-]",
          "@time": "0.581"
        },
        {
          "@classname": "tests.single.bundle.test_storage_rules",
          "@name": "test_rule[[STO-033]staked][paymaster][external_storage_write][drop-CALL:>]",
          "@time": "0.805"
        },
        {
          "@classname": "tests.single.bundle.test_storage_rules",
          "@name": "test_rule[[STO-033]staked][paymaster][external_storage_write][drop-DELEGATECALL:>]",
          "@time": "0.934"
        },
        {
          "@classname": "tests.single.bundle.test_storage_rules",
          "@name": "test_rule[[STO-033]staked][paymaster][external_storage_read][ok-]",
          "@time": "0.640"
        },
        {
          "@classname": "tests.single.bundle.test_storage_rules",
          "@name": "test_rule[[STO-033]staked][paymaster][external_storage_read][ok-CALL:>]",
          "@time": "0.786"
        },
        {
          "@classname": "tests.single.bundle.test_storage_rules",
          "@name": "test_rule[[STO-033]staked][paymaster][external_storage_read][ok-DELEGATECALL:>]",
          "@time": "0.893"
        },
        {
          "@classname": "tests.single.bundle.test_storage_rules",
          "@name": "test_rule[[OP-020]staked][paymaster][out_of_gas][drop-]",
          "@time": "0.668"
        },
        {
          "@classname": "tests.single.bundle.test_storage_rules",
          "@name": "test_rule[[OP-020]staked][paymaster][out_of_gas][drop-CALL:>]",
          "@time": "0.738"
        },
        {
          "@classname": "tests.single.bundle.test_storage_rules",
          "@name": "test_rule[[OP-020]staked][paymaster][out_of_gas][drop-DELEGATECALL:>]",
          "@time": "0.945"
        },
        {
          "@classname": "tests.single.bundle.test_storage_rules",
          "@name": "test_rule[[OP-020]staked][paymaster][sstore_out_of_gas][drop-]",
          "@time": "0.550"
        },
        {
          "@classname": "tests.single.bundle.test_storage_rules",
          "@name": "test_rule[[OP-020]staked][paymaster][sstore_out_of_gas][drop-CALL:>]",
          "@time": "0.749"
        },
        {
          "@classname": "tests.single.bundle.test_storage_rules",
          "@name": "test_rule[[OP-020]staked][paymaster][sstore_out_of_gas][drop-DELEGATECALL:>]",
          "@time": "0.847"
        },
        {
          "@classname": "tests.single.bundle.test_storage_rules",
          "@name": "test_rule[[STO-000]unstaked][factory][no_storage][ok-]",
          "@time": "0.334"
        },
        {
          "@classname": "tests.single.bundle.test_storage_rules",
          "@name": "test_rule[[STO-000]unstaked][factory][no_storage][ok-CALL:>]",
          "@time": "0.503"
        },
        {
          "@classname": "tests.single.bundle.test_storage_rules",
          "@name": "test_rule[[STO-000]unstaked][factory][no_storage][ok-DELEGATECALL:>]",
          "@time": "0.517"
        },
        {
          "@classname": "tests.single.bundle.test_storage_rules",
          "@name": "test_rule[[STO-000]unstaked][factory][storage_read][drop-]",
          "@time": "0.435"
        },
        {
          "@classname": "tests.single.bundle.test_storage_rules",
          "@name": "test_rule[[STO-000]unstaked][factory][storage_read][drop-CALL:>]",
          "@time": "0.613"
        },
        {
          "@classname": "tests.single.bundle.test_storage_rules",
          "@name": "test_rule[[STO-000]unstaked][factory][storage_read][drop-DELEGATECALL:>]",
          "@time": "0.524"
        },
        {
          "@classname": "tests.single.bundle.test_storage_rules",
          "@name": "test_rule[[STO-000]unstaked][factory][storage_write][drop-]",
          "@time": "0.335"
        },
        {
          "@classname": "tests.single.bundle.test_storage_rules",
          "@name": "test_rule[[STO-000]unstaked][factory][storage_write][drop-CALL:>]",
          "@time": "0.556"
        },
        {
          "@classname": "tests.single.bundle.test_storage_rules",
          "@name": "test_rule[[STO-000]unstaked][factory][storage_write][drop-DELEGATECALL:>]",
          "@time": "0.641"
        },
        {
          "@classname": "tests.single.bundle.test_storage_rules",
          "@name": "test_rule[[STO-000]unstaked][factory][factory_reference_storage][drop-]",
          "@time": "0.359"
        },
        {
          "@classname": "tests.single.bundle.test_storage_rules",
          "@name": "test_rule[[STO-000]unstaked][factory][factory_reference_storage][drop-CALL:>]",
          "@time": "0.680"
        },
        {
          "@classname": "tests.single.bundle.test_storage_rules",
          "@name": "test_rule[[STO-000]unstaked][factory][factory_reference_storage][drop-DELEGATECALL:>]",
          "@time": "0.641"
        },
        {
          "@classname": "tests.single.bundle.test_storage_rules",
          "@name": "test_rule[[STO-032]unstaked][factory][factory_reference_storage_struct][drop-]",
          "@time": "0.369"
        },
        {
          "@classname": "tests.single.bundle.test_storage_rules",
          "@name": "test_rule[[STO-032]unstaked][factory][factory_reference_storage_struct][drop-CALL:>]",
          "@time": "0.616"
        },
        {
          "@classname": "tests.single.bundle.test_storage_rules",
          "@name": "test_rule[[STO-032]unstaked][factory][factory_reference_storage_struct][drop-DELEGATECALL:>]",
          "@time": "0.676"
        },
        {
          "@classname": "tests.single.bundle.test_storage_rules",
          "@name": "test_rule[[STO-010]unstaked][factory][account_storage][ok-]",
          "@time": "0.364"
        },
        {
          "@classname": "tests.single.bundle.test_storage_rules",
          "@name": "test_rule[[STO-010]unstaked][factory][account_storage][ok-CALL:>]",
          "@time": "0.626"
        },
        {
          "@classname": "tests.single.bundle.test_storage_rules",
          "@name": "test_rule[[STO-010]unstaked][factory][account_storage][ok-DELEGATECALL:>]",
          "@time": "0.651"
        },
        {
          "@classname": "tests.single.bundle.test_storage_rules",
          "@name": "test_rule[[STO-021]unstaked][factory][account_reference_storage][drop-]",
          "@time": "0.343"
        },
        {
          "@classname": "tests.single.bundle.test_storage_rules",
          "@name": "test_rule[[STO-021]unstaked][factory][account_reference_storage][drop-CALL:>]",
          "@time": "0.564"
        },
        {
          "@classname": "tests.single.bundle.test_storage_rules",
          "@name": "test_rule[[STO-021]unstaked][factory][account_reference_storage][drop-DELEGATECALL:>]",
          "@time": "0.620"
        },
        {
          "@classname": "tests.single.bundle.test_storage_rules",
          "@name": "test_rule[[STO-021]unstaked][factory][account_reference_storage_struct][drop-]",
          "@time": "0.453"
        },
        {
          "@classname": "tests.single.bundle.test_storage_rules",
          "@name": "test_rule[[STO-021]unstaked][factory][account_reference_storage_struct][drop-CALL:>]",
          "@time": "0.789"
        },
        {
          "@classname": "tests.single.bundle.test_storage_rules",
          "@name": "test_rule[[STO-021]unstaked][factory][account_reference_storage_struct][drop-DELEGATECALL:>]",
          "@time": "0.676"
        },
        {
          "@classname": "tests.single.bundle.test_storage_rules",
          "@name": "test_rule[[STO-000]unstaked][factory][external_storage_read][drop-]",
          "@time": "0.351"
        },
        {
          "@classname": "tests.single.bundle.test_storage_rules",
          "@name": "test_rule[[STO-000]unstaked][factory][external_storage_read][drop-CALL:>]",
          "@time": "0.655"
        },
        {
          "@classname": "tests.single.bundle.test_storage_rules",
          "@name": "test_rule[[STO-000]unstaked][factory][external_storage_read][drop-DELEGATECALL:>]",
          "@time": "0.603"
        },
        {
          "@classname": "tests.single.bundle.test_storage_rules",
          "@name": "test_rule[[OP-042]unstaked][factory][EXTCODEx_CALLx_undeployed_sender][ok-]",
          "@time": "0.398"
        },
        {
          "@classname": "tests.single.bundle.test_storage_rules",
          "@name": "test_rule[[OP-042]unstaked][factory][EXTCODEx_CALLx_undeployed_sender][ok-CALL:>]",
          "@time": "0.497"
        },
        {
          "@classname": "tests.single.bundle.test_storage_rules",
          "@name": "test_rule[[OP-042]unstaked][factory][EXTCODEx_CALLx_undeployed_sender][ok-DELEGATECALL:>]",
          "@time": "0.538"
        },
        {
          "@classname": "tests.single.bundle.test_storage_rules",
          "@name": "test_rule[[OP-041]unstaked][factory][EXTCODESIZE_undeployed_contract][drop-]",
          "@time": "0.312"
        },
        {
          "@classname": "tests.single.bundle.test_storage_rules",
          "@name": "test_rule[[OP-041]unstaked][factory][EXTCODESIZE_undeployed_contract][drop-CALL:>]",
          "@time": "0.573"
        },
        {
          "@classname": "tests.single.bundle.test_storage_rules",
          "@name": "test_rule[[OP-041]unstaked][factory][EXTCODESIZE_undeployed_contract][drop-DELEGATECALL:>]",
          "@time": "0.638"
        },
        {
          "@classname": "tests.single.bundle.test_storage_rules",
          "@name": "test_rule[[OP-041]unstaked][factory][EXTCODEHASH_undeployed_contract][drop-]",
          "@time": "0.312"
        },
        {
          "@classname": "tests.single.bundle.test_storage_rules",
          "@name": "test_rule[[OP-041]unstaked][factory][EXTCODEHASH_undeployed_contract][drop-CALL:>]",
          "@time": "0.567"
        },
        {
          "@classname": "tests.single.bundle.test_storage_rules",
          "@name": "test_rule[[OP-041]unstaked][factory][EXTCODEHASH_undeployed_contract][drop-DELEGATECALL:>]",
          "@time": "0.635"
        },
        {
          "@classname": "tests.single.bundle.test_storage_rules",
          "@name": "test_rule[[OP-041]unstaked][factory][EXTCODECOPY_undeployed_contract][drop-]",
          "@time": "0.317"
        },
        {
          "@classname": "tests.single.bundle.test_storage_rules",
          "@name": "test_rule[[OP-041]unstaked][factory][EXTCODECOPY_undeployed_contract][drop-CALL:>]",
          "@time": "0.572"
        },
        {
          "@classname": "tests.single.bundle.test_storage_rules",
          "@name": "test_rule[[OP-041]unstaked][factory][EXTCODECOPY_undeployed_contract][drop-DELEGATECALL:>]",
          "@time": "0.634"
        },
        {
          "@classname": "tests.single.bundle.test_storage_rules",
          "@name": "test_rule[[OP-041]unstaked][factory][CALL_undeployed_contract][drop-]",
          "@time": "0.304"
        },
        {
          "@classname": "tests.single.bundle.test_storage_rules",
          "@name": "test_rule[[OP-041]unstaked][factory][CALL_undeployed_contract][drop-CALL:>]",
          "@time": "0.524"
        },
        {
          "@classname": "tests.single.bundle.test_storage_rules",
          "@name": "test_rule[[OP-041]unstaked][factory][CALL_undeployed_contract][drop-DELEGATECALL:>]",
          "@time": "0.600"
        },
        {
          "@classname": "tests.single.bundle.test_storage_rules",
          "@name": "test_rule[[OP-041]unstaked][factory][CALLCODE_undeployed_contract][drop-]",
          "@time": "0.310"
        },
        {
          "@classname": "tests.single.bundle.test_storage_rules",
          "@name": "test_rule[[OP-041]unstaked][factory][CALLCODE_undeployed_contract][drop-CALL:>]",
          "@time": "0.543"
        },
        {
          "@classname": "tests.single.bundle.test_storage_rules",
          "@name": "test_rule[[OP-041]unstaked][factory][CALLCODE_undeployed_contract][drop-DELEGATECALL:>]",
          "@time": "0.603"
        },
        {
          "@classname": "tests.single.bundle.test_storage_rules",
          "@name": "test_rule[[OP-041]unstaked][factory][DELEGATECALL_undeployed_contract][drop-]",
          "@time": "0.311"
        },
        {
          "@classname": "tests.single.bundle.test_storage_rules",
          "@name": "test_rule[[OP-041]unstaked][factory][DELEGATECALL_undeployed_contract][drop-CALL:>]",
          "@time": "0.578"
        },
        {
          "@classname": "tests.single.bundle.test_storage_rules",
          "@name": "test_rule[[OP-041]unstaked][factory][DELEGATECALL_undeployed_contract][drop-DELEGATECALL:>]",
          "@time": "0.675"
        },
        {
          "@classname": "tests.single.bundle.test_storage_rules",
          "@name": "test_rule[[OP-041]unstaked][factory][STATICCALL_undeployed_contract][drop-]",
          "@time": "0.314"
        },
        {
          "@classname": "tests.single.bundle.test_storage_rules",
          "@name": "test_rule[[OP-041]unstaked][factory][STATICCALL_undeployed_contract][drop-CALL:>]",
          "@time": "0.670"
        },
        {
          "@classname": "tests.single.bundle.test_storage_rules",
          "@name": "test_rule[[OP-041]unstaked][factory][STATICCALL_undeployed_contract][drop-DELEGATECALL:>]",
          "@time": "0.619"
        },
        {
          "@classname": "tests.single.bundle.test_storage_rules",
          "@name": "test_rule[[OP-020]unstaked][factory][out_of_gas][drop-]",
          "@time": "0.448"
        },
        {
          "@classname": "tests.single.bundle.test_storage_rules",
          "@name": "test_rule[[OP-020]unstaked][factory][out_of_gas][drop-CALL:>]",
          "@time": "0.633"
        },
        {
          "@classname": "tests.single.bundle.test_storage_rules",
          "@name": "test_rule[[OP-020]unstaked][factory][out_of_gas][drop-DELEGATECALL:>]",
          "@time": "0.642"
        },
        {
          "@classname": "tests.single.bundle.test_storage_rules",
          "@name": "test_rule[[OP-020]unstaked][factory][sstore_out_of_gas][drop-]",
          "@time": "0.371"
        },
        {
          "@classname": "tests.single.bundle.test_storage_rules",
          "@name": "test_rule[[OP-020]unstaked][factory][sstore_out_of_gas][drop-CALL:>]",
          "@time": "0.590"
        },
        {
          "@classname": "tests.single.bundle.test_storage_rules",
          "@name": "test_rule[[OP-020]unstaked][factory][sstore_out_of_gas][drop-DELEGATECALL:>]",
          "@time": "0.590"
        },
        {
          "@classname": "tests.single.bundle.test_storage_rules",
          "@name": "test_rule[[STO-000]staked][factory][no_storage][ok-]",
          "@time": "0.376"
        },
        {
          "@classname": "tests.single.bundle.test_storage_rules",
          "@name": "test_rule[[STO-000]staked][factory][no_storage][ok-CALL:>]",
          "@time": "0.575"
        },
        {
          "@classname": "tests.single.bundle.test_storage_rules",
          "@name": "test_rule[[STO-000]staked][factory][no_storage][ok-DELEGATECALL:>]",
          "@time": "0.646"
        },
        {
          "@classname": "tests.single.bundle.test_storage_rules",
          "@name": "test_rule[[STO-031]staked][factory][storage_read][ok-]",
          "@time": "0.463"
        },
        {
          "@classname": "tests.single.bundle.test_storage_rules",
          "@name": "test_rule[[STO-031]staked][factory][storage_read][ok-CALL:>]",
          "@time": "0.584"
        },
        {
          "@classname": "tests.single.bundle.test_storage_rules",
          "@name": "test_rule[[STO-031]staked][factory][storage_read][ok-DELEGATECALL:>]",
          "@time": "0.609"
        },
        {
          "@classname": "tests.single.bundle.test_storage_rules",
          "@name": "test_rule[[STO-031]staked][factory][storage_write][ok-]",
          "@time": "0.364"
        },
        {
          "@classname": "tests.single.bundle.test_storage_rules",
          "@name": "test_rule[[STO-031]staked][factory][storage_write][ok-CALL:>]",
          "@time": "0.551"
        },
        {
          "@classname": "tests.single.bundle.test_storage_rules",
          "@name": "test_rule[[STO-031]staked][factory][storage_write][ok-DELEGATECALL:>]",
          "@time": "0.560"
        },
        {
          "@classname": "tests.single.bundle.test_storage_rules",
          "@name": "test_rule[[STO-032]staked][factory][factory_reference_storage][ok-]",
          "@time": "0.383"
        },
        {
          "@classname": "tests.single.bundle.test_storage_rules",
          "@name": "test_rule[[STO-032]staked][factory][factory_reference_storage][ok-CALL:>]",
          "@time": "0.626"
        },
        {
          "@classname": "tests.single.bundle.test_storage_rules",
          "@name": "test_rule[[STO-032]staked][factory][factory_reference_storage][ok-DELEGATECALL:>]",
          "@time": "0.781"
        },
        {
          "@classname": "tests.single.bundle.test_storage_rules",
          "@name": "test_rule[[STO-032]staked][factory][factory_reference_storage_struct][ok-]",
          "@time": "0.386"
        },
        {
          "@classname": "tests.single.bundle.test_storage_rules",
          "@name": "test_rule[[STO-032]staked][factory][factory_reference_storage_struct][ok-CALL:>]",
          "@time": "0.748"
        },
        {
          "@classname": "tests.single.bundle.test_storage_rules",
          "@name": "test_rule[[STO-032]staked][factory][factory_reference_storage_struct][ok-DELEGATECALL:>]",
          "@time": "0.713"
        },
        {
          "@classname": "tests.single.bundle.test_storage_rules",
          "@name": "test_rule[[STO-010]staked][factory][account_storage][ok-]",
          "@time": "0.362"
        },
        {
          "@classname": "tests.single.bundle.test_storage_rules",
          "@name": "test_rule[[STO-010]staked][factory][account_storage][ok-CALL:>]",
          "@time": "0.650"
        },
        {
          "@classname": "tests.single.bundle.test_storage_rules",
          "@name": "test_rule[[STO-010]staked][factory][account_storage][ok-DELEGATECALL:>]",
          "@time": "0.570"
        },
        {
          "@classname": "tests.single.bundle.test_storage_rules",
          "@name": "test_rule[[STO-021]staked][factory][account_reference_storage][ok-]",
          "@time": "0.363"
        },
        {
          "@classname": "tests.single.bundle.test_storage_rules",
          "@name": "test_rule[[STO-021]staked][factory][account_reference_storage][ok-CALL:>]",
          "@time": "0.625"
        },
        {
          "@classname": "tests.single.bundle.test_storage_rules",
          "@name": "test_rule[[STO-021]staked][factory][account_reference_storage][ok-DELEGATECALL:>]",
          "@time": "0.646"
        },
        {
          "@classname": "tests.single.bundle.test_storage_rules",
          "@name": "test_rule[[STO-021]staked][factory][account_reference_storage_struct][ok-]",
          "@time": "0.378"
        },
        {
          "@classname": "tests.single.bundle.test_storage_rules",
          "@name": "test_rule[[STO-021]staked][factory][account_reference_storage_struct][ok-CALL:>]",
          "@time": "0.635"
        },
        {
          "@classname": "tests.single.bundle.test_storage_rules",
          "@name": "test_rule[[STO-021]staked][factory][account_reference_storage_struct][ok-DELEGATECALL:>]",
          "@time": "0.695"
        },
        {
          "@classname": "tests.single.bundle.test_storage_rules",
          "@name": "test_rule[[STO-033]staked][factory][external_storage_write][drop-]",
          "@time": "0.404"
        },
        {
          "@classname": "tests.single.bundle.test_storage_rules",
          "@name": "test_rule[[STO-033]staked][factory][external_storage_write][drop-CALL:>]",
          "@time": "0.622"
        },
        {
          "@classname": "tests.single.bundle.test_storage_rules",
          "@name": "test_rule[[STO-033]staked][factory][external_storage_write][drop-DELEGATECALL:>]",
          "@time": "0.741"
        },
        {
          "@classname": "tests.single.bundle.test_storage_rules",
          "@name": "test_rule[[STO-033]staked][factory][external_storage_read][ok-]",
          "@time": "0.389"
        },
        {
          "@classname": "tests.single.bundle.test_storage_rules",
          "@name": "test_rule[[STO-033]staked][factory][external_storage_read][ok-CALL:>]",
          "@time": "0.587"
        },
        {
          "@classname": "tests.single.bundle.test_storage_rules",
          "@name": "test_rule[[STO-033]staked][factory][external_storage_read][ok-DELEGATECALL:>]",
          "@time": "0.737"
        },
        {
          "@classname": "tests.single.bundle.test_storage_rules",
          "@name": "test_rule[[OP-020]staked][factory][out_of_gas][drop-]",
          "@time": "0.478"
        },
        {
          "@classname": "tests.single.bundle.test_storage_rules",
          "@name": "test_rule[[OP-020]staked][factory][out_of_gas][drop-CALL:>]",
          "@time": "0.638"
        },
        {
          "@classname": "tests.single.bundle.test_storage_rules",
          "@name": "test_rule[[OP-020]staked][factory][out_of_gas][drop-DELEGATECALL:>]",
          "@time": "0.657"
        },
        {
          "@classname": "tests.single.bundle.test_storage_rules",
          "@name": "test_rule[[OP-020]staked][factory][sstore_out_of_gas][drop-]",
          "@time": "0.388"
        },
        {
          "@classname": "tests.single.bundle.test_storage_rules",
          "@name": "test_rule[[OP-020]staked][factory][sstore_out_of_gas][drop-CALL:>]",
          "@time": "0.673"
        },
        {
          "@classname": "tests.single.bundle.test_storage_rules",
          "@name": "test_rule[[OP-020]staked][factory][sstore_out_of_gas][drop-DELEGATECALL:>]",
          "@time": "0.593"
        },
        {
          "@classname": "tests.single.bundle.test_storage_rules",
          "@name": "test_rule[[STO-000]unstaked][account][no_storage][ok-]",
          "@time": "0.658"
        },
        {
          "@classname": "tests.single.bundle.test_storage_rules",
          "@name": "test_rule[[STO-000]unstaked][account][no_storage][ok-CALL:>]",
          "@time": "0.473"
        },
        {
          "@classname": "tests.single.bundle.test_storage_rules",
          "@name": "test_rule[[STO-000]unstaked][account][no_storage][ok-DELEGATECALL:>]",
          "@time": "0.481"
        },
        {
          "@classname": "tests.single.bundle.test_storage_rules",
          "@name": "test_rule[[STO-010]unstaked][account][account_storage][ok-]",
          "@time": "0.341"
        },
        {
          "@classname": "tests.single.bundle.test_storage_rules",
          "@name": "test_rule[[STO-010]unstaked][account][account_storage][ok-CALL:>]",
          "@time": "0.555"
        },
        {
          "@classname": "tests.single.bundle.test_storage_rules",
          "@name": "test_rule[[STO-010]unstaked][account][account_storage][ok-DELEGATECALL:>]",
          "@time": "0.616"
        },
        {
          "@classname": "tests.single.bundle.test_storage_rules",
          "@name": "test_rule[[STO-021]unstaked][account][account_reference_storage][ok-]",
          "@time": "0.408"
        },
        {
          "@classname": "tests.single.bundle.test_storage_rules",
          "@name": "test_rule[[STO-021]unstaked][account][account_reference_storage][ok-CALL:>]",
          "@time": "0.652"
        },
        {
          "@classname": "tests.single.bundle.test_storage_rules",
          "@name": "test_rule[[STO-021]unstaked][account][account_reference_storage][ok-DELEGATECALL:>]",
          "@time": "0.541"
        },
        {
          "@classname": "tests.single.bundle.test_storage_rules",
          "@name": "test_rule[[STO-022]unstaked][account][account_reference_storage_init_code][drop-]",
          "@time": "0.359"
        },
        {
          "@classname": "tests.single.bundle.test_storage_rules",
          "@name": "test_rule[[STO-022]unstaked][account][account_reference_storage_init_code][drop-CALL:>]",
          "@time": "0.334"
        },
        {
          "@classname": "tests.single.bundle.test_storage_rules",
          "@name": "test_rule[[STO-022]unstaked][account][account_reference_storage_init_code][drop-DELEGATECALL:>]",
          "@time": "0.358"
        },
        {
          "@classname": "tests.single.bundle.test_storage_rules",
          "@name": "test_rule[[STO-022]unstaked][account][account_reference_storage_init_code][ok-]",
          "@time": "0.948",
          "failure": {
            "@message": "AttributeError: expected result object, got:\nError(code=-32502, message='factory uses banned opcode: CREATE', data=None, id=495)",
            "#text": "tests/utils.py:199: in assert_ok\n    assert response.result\nE   AttributeError: 'Error' object has no attribute 'result'\n\nThe above exception was the direct cause of the following exception:\ntests/single/bundle/test_storage_rules.py:864: in test_rule\n    case.assert_func(response)\ntests/utils.py:201: in assert_ok\n    raise AttributeError(f\"expected result object, got:\\n{response}\") from exc\nE   AttributeError: expected result object, got:\nE   Error(code=-32502, message='factory uses banned opcode: CREATE', data=None, id=495)"
          },
          "system-out": "--------------------------------- Captured Log ---------------------------------\n\n--------------------------------- Captured Out ---------------------------------",
          "system-err": "--------------------------------- Captured Err ---------------------------------"
        },
        {
          "@classname": "tests.single.bundle.test_storage_rules",
          "@name": "test_rule[[STO-022]unstaked][account][account_reference_storage_init_code][ok-CALL:>]",
          "@time": "0.798",
          "failure": {
            "@message": "AttributeError: expected result object, got:\nError(code=-32502, message='factory uses banned opcode: CREATE', data=None, id=497)",
            "#text": "tests/utils.py:199: in assert_ok\n    assert response.result\nE   AttributeError: 'Error' object has no attribute 'result'\n\nThe above exception was the direct cause of the following exception:\ntests/single/bundle/test_storage_rules.py:864: in test_rule\n    case.assert_func(response)\ntests/utils.py:201: in assert_ok\n    raise AttributeError(f\"expected result object, got:\\n{response}\") from exc\nE   AttributeError: expected result object, got:\nE   Error(code=-32502, message='factory uses banned opcode: CREATE', data=None, id=497)"
          },
          "system-out": "--------------------------------- Captured Log ---------------------------------\n\n--------------------------------- Captured Out ---------------------------------\nCALL:> funding test_rules_target 0xbC77C108EF6aC7a79663543C540F912c82a66963",
          "system-err": "--------------------------------- Captured Err ---------------------------------"
        },
        {
          "@classname": "tests.single.bundle.test_storage_rules",
          "@name": "test_rule[[STO-022]unstaked][account][account_reference_storage_init_code][ok-DELEGATECALL:>]",
          "@time": "0.742",
          "failure": {
            "@message": "AttributeError: expected result object, got:\nError(code=-32502, message='factory uses banned opcode: CREATE', data=None, id=499)",
            "#text": "tests/utils.py:199: in assert_ok\n    assert response.result\nE   AttributeError: 'Error' object has no attribute 'result'\n\nThe above exception was the direct cause of the following exception:\ntests/single/bundle/test_storage_rules.py:864: in test_rule\n    case.assert_func(response)\ntests/utils.py:201: in assert_ok\n    raise AttributeError(f\"expected result object, got:\\n{response}\") from exc\nE   AttributeError: expected result object, got:\nE   Error(code=-32502, message='factory uses banned opcode: CREATE', data=None, id=499)"
          },
          "system-out": "--------------------------------- Captured Log ---------------------------------\n\n--------------------------------- Captured Out ---------------------------------",
          "system-err": "--------------------------------- Captured Err ---------------------------------"
        },
        {
          "@classname": "tests.single.bundle.test_storage_rules",
          "@name": "test_rule[[STO-022]unstaked][paymaster][account_reference_storage_init_code][ok-]",
          "@time": "0.915",
          "failure": {
            "@message": "AttributeError: expected result object, got:\nError(code=-32502, message='factory uses banned opcode: CREATE', data=None, id=501)",
            "#text": "tests/utils.py:199: in assert_ok\n    assert response.result\nE   AttributeError: 'Error' object has no attribute 'result'\n\nThe above exception was the direct cause of the following exception:\ntests/single/bundle/test_storage_rules.py:864: in test_rule\n    case.assert_func(response)\ntests/utils.py:201: in assert_ok\n    raise AttributeError(f\"expected result object, got:\\n{response}\") from exc\nE   AttributeError: expected result object, got:\nE   Error(code=-32502, message='factory uses banned opcode: CREATE', data=None, id=501)"
          },
          "system-out": "--------------------------------- Captured Log ---------------------------------\n\n--------------------------------- Captured Out ---------------------------------",
          "system-err": "--------------------------------- Captured Err ---------------------------------"
        },
        {
          "@classname": "tests.single.bundle.test_storage_rules",
          "@name": "test_rule[[STO-022]unstaked][paymaster][account_reference_storage_init_code][ok-CALL:>]",
          "@time": "1.075",
          "failure": {
            "@message": "AttributeError: expected result object, got:\nError(code=-32502, message='factory uses banned opcode: CREATE', data=None, id=503)",
            "#text": "tests/utils.py:199: in assert_ok\n    assert response.result\nE   AttributeError: 'Error' object has no attribute 'result'\n\nThe above exception was the direct cause of the following exception:\ntests/single/bundle/test_storage_rules.py:864: in test_rule\n    case.assert_func(response)\ntests/utils.py:201: in assert_ok\n    raise AttributeError(f\"expected result object, got:\\n{response}\") from exc\nE   AttributeError: expected result object, got:\nE   Error(code=-32502, message='factory uses banned opcode: CREATE', data=None, id=503)"
          },
          "system-out": "--------------------------------- Captured Log ---------------------------------\n\n--------------------------------- Captured Out ---------------------------------",
          "system-err": "--------------------------------- Captured Err ---------------------------------"
        },
        {
          "@classname": "tests.single.bundle.test_storage_rules",
          "@name": "test_rule[[STO-022]unstaked][paymaster][account_reference_storage_init_code][ok-DELEGATECALL:>]",
          "@time": "1.282",
          "failure": {
            "@message": "AttributeError: expected result object, got:\nError(code=-32502, message='factory uses banned opcode: CREATE', data=None, id=505)",
            "#text": "tests/utils.py:199: in assert_ok\n    assert response.result\nE   AttributeError: 'Error' object has no attribute 'result'\n\nThe above exception was the direct cause of the following exception:\ntests/single/bundle/test_storage_rules.py:864: in test_rule\n    case.assert_func(response)\ntests/utils.py:201: in assert_ok\n    raise AttributeError(f\"expected result object, got:\\n{response}\") from exc\nE   AttributeError: expected result object, got:\nE   Error(code=-32502, message='factory uses banned opcode: CREATE', data=None, id=505)"
          },
          "system-out": "--------------------------------- Captured Log ---------------------------------\n\n--------------------------------- Captured Out ---------------------------------",
          "system-err": "--------------------------------- Captured Err ---------------------------------"
        },
        {
          "@classname": "tests.single.bundle.test_storage_rules",
          "@name": "test_rule[[STO-021]unstaked][account][account_reference_storage_struct][ok-]",
          "@time": "0.312"
        },
        {
          "@classname": "tests.single.bundle.test_storage_rules",
          "@name": "test_rule[[STO-021]unstaked][account][account_reference_storage_struct][ok-CALL:>]",
          "@time": "0.568"
        },
        {
          "@classname": "tests.single.bundle.test_storage_rules",
          "@name": "test_rule[[STO-021]unstaked][account][account_reference_storage_struct][ok-DELEGATECALL:>]",
          "@time": "0.567"
        },
        {
          "@classname": "tests.single.bundle.test_storage_rules",
          "@name": "test_rule[[STO-000]unstaked][account][external_storage_read][drop-]",
          "@time": "0.424"
        },
        {
          "@classname": "tests.single.bundle.test_storage_rules",
          "@name": "test_rule[[STO-000]unstaked][account][external_storage_read][drop-CALL:>]",
          "@time": "0.676"
        },
        {
          "@classname": "tests.single.bundle.test_storage_rules",
          "@name": "test_rule[[STO-000]unstaked][account][external_storage_read][drop-DELEGATECALL:>]",
          "@time": "0.573"
        },
        {
          "@classname": "tests.single.bundle.test_storage_rules",
          "@name": "test_rule[[OP-020]unstaked][account][out_of_gas][drop-]",
          "@time": "0.411"
        },
        {
          "@classname": "tests.single.bundle.test_storage_rules",
          "@name": "test_rule[[OP-020]unstaked][account][out_of_gas][drop-CALL:>]",
          "@time": "0.597"
        },
        {
          "@classname": "tests.single.bundle.test_storage_rules",
          "@name": "test_rule[[OP-020]unstaked][account][out_of_gas][drop-DELEGATECALL:>]",
          "@time": "0.703"
        },
        {
          "@classname": "tests.single.bundle.test_storage_rules",
          "@name": "test_rule[[OP-020]unstaked][account][sstore_out_of_gas][drop-]",
          "@time": "0.332"
        },
        {
          "@classname": "tests.single.bundle.test_storage_rules",
          "@name": "test_rule[[OP-020]unstaked][account][sstore_out_of_gas][drop-CALL:>]",
          "@time": "0.576"
        },
        {
          "@classname": "tests.single.bundle.test_storage_rules",
          "@name": "test_rule[[OP-020]unstaked][account][sstore_out_of_gas][drop-DELEGATECALL:>]",
          "@time": "0.554"
        },
        {
          "@classname": "tests.single.bundle.test_storage_rules",
          "@name": "test_rule[[STO-000]staked][account][no_storage][ok-]",
          "@time": "0.415"
        },
        {
          "@classname": "tests.single.bundle.test_storage_rules",
          "@name": "test_rule[[STO-000]staked][account][no_storage][ok-CALL:>]",
          "@time": "0.516"
        },
        {
          "@classname": "tests.single.bundle.test_storage_rules",
          "@name": "test_rule[[STO-000]staked][account][no_storage][ok-DELEGATECALL:>]",
          "@time": "0.543"
        },
        {
          "@classname": "tests.single.bundle.test_storage_rules",
          "@name": "test_rule[[STO-010]staked][account][account_storage][ok-]",
          "@time": "0.328"
        },
        {
          "@classname": "tests.single.bundle.test_storage_rules",
          "@name": "test_rule[[STO-010]staked][account][account_storage][ok-CALL:>]",
          "@time": "0.532"
        },
        {
          "@classname": "tests.single.bundle.test_storage_rules",
          "@name": "test_rule[[STO-010]staked][account][account_storage][ok-DELEGATECALL:>]",
          "@time": "0.534"
        },
        {
          "@classname": "tests.single.bundle.test_storage_rules",
          "@name": "test_rule[[STO-021]staked][account][account_reference_storage][ok-]",
          "@time": "0.440"
        },
        {
          "@classname": "tests.single.bundle.test_storage_rules",
          "@name": "test_rule[[STO-021]staked][account][account_reference_storage][ok-CALL:>]",
          "@time": "0.555"
        },
        {
          "@classname": "tests.single.bundle.test_storage_rules",
          "@name": "test_rule[[STO-021]staked][account][account_reference_storage][ok-DELEGATECALL:>]",
          "@time": "0.549"
        },
        {
          "@classname": "tests.single.bundle.test_storage_rules",
          "@name": "test_rule[[STO-021]staked][account][account_reference_storage_struct][ok-]",
          "@time": "0.393"
        },
        {
          "@classname": "tests.single.bundle.test_storage_rules",
          "@name": "test_rule[[STO-021]staked][account][account_reference_storage_struct][ok-CALL:>]",
          "@time": "0.578"
        },
        {
          "@classname": "tests.single.bundle.test_storage_rules",
          "@name": "test_rule[[STO-021]staked][account][account_reference_storage_struct][ok-DELEGATECALL:>]",
          "@time": "0.583"
        },
        {
          "@classname": "tests.single.bundle.test_storage_rules",
          "@name": "test_rule[[OP-020]staked][account][out_of_gas][drop-]",
          "@time": "0.436"
        },
        {
          "@classname": "tests.single.bundle.test_storage_rules",
          "@name": "test_rule[[OP-020]staked][account][out_of_gas][drop-CALL:>]",
          "@time": "0.728"
        },
        {
          "@classname": "tests.single.bundle.test_storage_rules",
          "@name": "test_rule[[OP-020]staked][account][out_of_gas][drop-DELEGATECALL:>]",
          "@time": "0.739"
        },
        {
          "@classname": "tests.single.bundle.test_storage_rules",
          "@name": "test_rule[[OP-020]staked][account][sstore_out_of_gas][drop-]",
          "@time": "0.453"
        },
        {
          "@classname": "tests.single.bundle.test_storage_rules",
          "@name": "test_rule[[OP-020]staked][account][sstore_out_of_gas][drop-CALL:>]",
          "@time": "0.668"
        },
        {
          "@classname": "tests.single.bundle.test_storage_rules",
          "@name": "test_rule[[OP-020]staked][account][sstore_out_of_gas][drop-DELEGATECALL:>]",
          "@time": "0.591"
        },
        {
          "@classname": "tests.single.bundle.test_storage_rules",
          "@name": "test_rule[[STO-033]staked][account][external_storage_write][drop-]",
          "@time": "0.443"
        },
        {
          "@classname": "tests.single.bundle.test_storage_rules",
          "@name": "test_rule[[STO-033]staked][account][external_storage_write][drop-CALL:>]",
          "@time": "0.567"
        },
        {
          "@classname": "tests.single.bundle.test_storage_rules",
          "@name": "test_rule[[STO-033]staked][account][external_storage_write][drop-DELEGATECALL:>]",
          "@time": "0.577"
        },
        {
          "@classname": "tests.single.bundle.test_storage_rules",
          "@name": "test_rule[[STO-033]staked][account][external_storage_read][ok-]",
          "@time": "0.379"
        },
        {
          "@classname": "tests.single.bundle.test_storage_rules",
          "@name": "test_rule[[STO-033]staked][account][external_storage_read][ok-CALL:>]",
          "@time": "0.571"
        },
        {
          "@classname": "tests.single.bundle.test_storage_rules",
          "@name": "test_rule[[STO-033]staked][account][external_storage_read][ok-DELEGATECALL:>]",
          "@time": "0.664"
        },
        {
          "@classname": "tests.single.bundle.test_storage_rules",
          "@name": "test_rule[[OP-011]unstaked][account][entryPoint_call_balanceOf][drop-]",
          "@time": "0.434"
        },
        {
          "@classname": "tests.single.bundle.test_storage_rules",
          "@name": "test_rule[[OP-011]unstaked][account][entryPoint_call_balanceOf][drop-CALL:>]",
          "@time": "0.666"
        },
        {
          "@classname": "tests.single.bundle.test_storage_rules",
          "@name": "test_rule[[OP-011]unstaked][account][entryPoint_call_balanceOf][drop-DELEGATECALL:>]",
          "@time": "0.666"
        },
        {
          "@classname": "tests.single.bundle.test_storage_rules",
          "@name": "test_rule[[OP-061]unstaked][account][eth_value_transfer_forbidden][drop-]",
          "@time": "0.327"
        },
        {
          "@classname": "tests.single.bundle.test_storage_rules",
          "@name": "test_rule[[OP-061]unstaked][account][eth_value_transfer_forbidden][drop-CALL:>]",
          "@time": "0.665"
        },
        {
          "@classname": "tests.single.bundle.test_storage_rules",
          "@name": "test_rule[[OP-061]unstaked][account][eth_value_transfer_forbidden][drop-DELEGATECALL:>]",
          "@time": "0.659"
        },
        {
          "@classname": "tests.single.bundle.test_storage_rules",
          "@name": "test_rule[[OP-053]unstaked][account][eth_value_transfer_entryPoint][ok-]",
          "@time": "0.440"
        },
        {
          "@classname": "tests.single.bundle.test_storage_rules",
          "@name": "test_rule[[OP-053]unstaked][account][eth_value_transfer_entryPoint][ok-CALL:>]",
          "@time": "0.691"
        },
        {
          "@classname": "tests.single.bundle.test_storage_rules",
          "@name": "test_rule[[OP-053]unstaked][account][eth_value_transfer_entryPoint][ok-DELEGATECALL:>]",
          "@time": "0.636"
        },
        {
          "@classname": "tests.single.bundle.test_storage_rules",
          "@name": "test_rule[[OP-052]unstaked][account][eth_value_transfer_entryPoint_depositTo][ok-]",
          "@time": "0.453"
        },
        {
          "@classname": "tests.single.bundle.test_storage_rules",
          "@name": "test_rule[[OP-052]unstaked][account][eth_value_transfer_entryPoint_depositTo][ok-CALL:>]",
          "@time": "0.650"
        },
        {
          "@classname": "tests.single.bundle.test_storage_rules",
          "@name": "test_rule[[OP-052]unstaked][account][eth_value_transfer_entryPoint_depositTo][ok-DELEGATECALL:>]",
          "@time": "0.644"
        },
        {
          "@classname": "tests.single.bundle.test_storage_rules",
          "@name": "test_rule[[OP-041]unstaked][account][EXTCODESIZE_undeployed_contract][drop-]",
          "@time": "0.405"
        },
        {
          "@classname": "tests.single.bundle.test_storage_rules",
          "@name": "test_rule[[OP-041]unstaked][account][EXTCODESIZE_undeployed_contract][drop-CALL:>]",
          "@time": "0.518"
        },
        {
          "@classname": "tests.single.bundle.test_storage_rules",
          "@name": "test_rule[[OP-041]unstaked][account][EXTCODESIZE_undeployed_contract][drop-DELEGATECALL:>]",
          "@time": "0.616"
        },
        {
          "@classname": "tests.single.bundle.test_storage_rules",
          "@name": "test_rule[[OP-041]unstaked][account][EXTCODEHASH_undeployed_contract][drop-]",
          "@time": "0.376"
        },
        {
          "@classname": "tests.single.bundle.test_storage_rules",
          "@name": "test_rule[[OP-041]unstaked][account][EXTCODEHASH_undeployed_contract][drop-CALL:>]",
          "@time": "0.528"
        },
        {
          "@classname": "tests.single.bundle.test_storage_rules",
          "@name": "test_rule[[OP-041]unstaked][account][EXTCODEHASH_undeployed_contract][drop-DELEGATECALL:>]",
          "@time": "0.625"
        },
        {
          "@classname": "tests.single.bundle.test_storage_rules",
          "@name": "test_rule[[OP-041]unstaked][account][EXTCODECOPY_undeployed_contract][drop-]",
          "@time": "0.288"
        },
        {
          "@classname": "tests.single.bundle.test_storage_rules",
          "@name": "test_rule[[OP-041]unstaked][account][EXTCODECOPY_undeployed_contract][drop-CALL:>]",
          "@time": "0.661"
        },
        {
          "@classname": "tests.single.bundle.test_storage_rules",
          "@name": "test_rule[[OP-041]unstaked][account][EXTCODECOPY_undeployed_contract][drop-DELEGATECALL:>]",
          "@time": "0.628"
        },
        {
          "@classname": "tests.single.bundle.test_storage_rules",
          "@name": "test_rule[[OP-054]unstaked][account][EXTCODESIZE_entrypoint][drop-]",
          "@time": "0.394"
        },
        {
          "@classname": "tests.single.bundle.test_storage_rules",
          "@name": "test_rule[[OP-054]unstaked][account][EXTCODESIZE_entrypoint][drop-CALL:>]",
          "@time": "0.531"
        },
        {
          "@classname": "tests.single.bundle.test_storage_rules",
          "@name": "test_rule[[OP-054]unstaked][account][EXTCODESIZE_entrypoint][drop-DELEGATECALL:>]",
          "@time": "0.515"
        },
        {
          "@classname": "tests.single.bundle.test_storage_rules",
          "@name": "test_rule[[OP-054]unstaked][account][EXTCODEHASH_entrypoint][drop-]",
          "@time": "0.395"
        },
        {
          "@classname": "tests.single.bundle.test_storage_rules",
          "@name": "test_rule[[OP-054]unstaked][account][EXTCODEHASH_entrypoint][drop-CALL:>]",
          "@time": "0.521"
        },
        {
          "@classname": "tests.single.bundle.test_storage_rules",
          "@name": "test_rule[[OP-054]unstaked][account][EXTCODEHASH_entrypoint][drop-DELEGATECALL:>]",
          "@time": "0.621"
        },
        {
          "@classname": "tests.single.bundle.test_storage_rules",
          "@name": "test_rule[[OP-054]unstaked][account][EXTCODECOPY_entrypoint][drop-]",
          "@time": "0.289"
        },
        {
          "@classname": "tests.single.bundle.test_storage_rules",
          "@name": "test_rule[[OP-054]unstaked][account][EXTCODECOPY_entrypoint][drop-CALL:>]",
          "@time": "0.560"
        },
        {
          "@classname": "tests.single.bundle.test_storage_rules",
          "@name": "test_rule[[OP-054]unstaked][account][EXTCODECOPY_entrypoint][drop-DELEGATECALL:>]",
          "@time": "0.614"
        },
        {
          "@classname": "tests.single.bundle.test_storage_rules",
          "@name": "test_rule[[OP-041]unstaked][account][CALL_undeployed_contract][drop-]",
          "@time": "0.370"
        },
        {
          "@classname": "tests.single.bundle.test_storage_rules",
          "@name": "test_rule[[OP-041]unstaked][account][CALL_undeployed_contract][drop-CALL:>]",
          "@time": "0.513"
        },
        {
          "@classname": "tests.single.bundle.test_storage_rules",
          "@name": "test_rule[[OP-041]unstaked][account][CALL_undeployed_contract][drop-DELEGATECALL:>]",
          "@time": "0.595"
        },
        {
          "@classname": "tests.single.bundle.test_storage_rules",
          "@name": "test_rule[[OP-041]unstaked][account][CALLCODE_undeployed_contract][drop-]",
          "@time": "0.377"
        },
        {
          "@classname": "tests.single.bundle.test_storage_rules",
          "@name": "test_rule[[OP-041]unstaked][account][CALLCODE_undeployed_contract][drop-CALL:>]",
          "@time": "0.515"
        },
        {
          "@classname": "tests.single.bundle.test_storage_rules",
          "@name": "test_rule[[OP-041]unstaked][account][CALLCODE_undeployed_contract][drop-DELEGATECALL:>]",
          "@time": "0.522"
        },
        {
          "@classname": "tests.single.bundle.test_storage_rules",
          "@name": "test_rule[[OP-041]unstaked][account][DELEGATECALL_undeployed_contract][drop-]",
          "@time": "0.275"
        },
        {
          "@classname": "tests.single.bundle.test_storage_rules",
          "@name": "test_rule[[OP-041]unstaked][account][DELEGATECALL_undeployed_contract][drop-CALL:>]",
          "@time": "0.567"
        },
        {
          "@classname": "tests.single.bundle.test_storage_rules",
          "@name": "test_rule[[OP-041]unstaked][account][DELEGATECALL_undeployed_contract][drop-DELEGATECALL:>]",
          "@time": "0.529"
        },
        {
          "@classname": "tests.single.bundle.test_storage_rules",
          "@name": "test_rule[[OP-041]unstaked][account][STATICCALL_undeployed_contract][drop-]",
          "@time": "0.317"
        },
        {
          "@classname": "tests.single.bundle.test_storage_rules",
          "@name": "test_rule[[OP-041]unstaked][account][STATICCALL_undeployed_contract][drop-CALL:>]",
          "@time": "0.618"
        },
        {
          "@classname": "tests.single.bundle.test_storage_rules",
          "@name": "test_rule[[OP-041]unstaked][account][STATICCALL_undeployed_contract][drop-DELEGATECALL:>]",
          "@time": "0.665"
        },
        {
          "@classname": "tests.single.bundle.test_storage_rules",
          "@name": "test_rule[[OP-062]unstaked][account][CALL_undeployed_contract_allowed_precompile][ok-]",
          "@time": "0.290"
        },
        {
          "@classname": "tests.single.bundle.test_storage_rules",
          "@name": "test_rule[[OP-062]unstaked][account][CALL_undeployed_contract_allowed_precompile][ok-CALL:>]",
          "@time": "0.686"
        },
        {
          "@classname": "tests.single.bundle.test_storage_rules",
          "@name": "test_rule[[OP-062]unstaked][account][CALL_undeployed_contract_allowed_precompile][ok-DELEGATECALL:>]",
          "@time": "0.655"
        },
        {
          "@classname": "tests.single.eip7702.test_eip7702_tuple_userop",
          "@name": "test_send_eip_7702_tx",
          "@time": "0.091",
          "failure": {
            "@message": "AttributeError: expected result object, got:\nError(code=-32500, message='FailedOp(0,AA20 account not deployed)', data=None, id=669)",
            "#text": "tests/utils.py:199: in assert_ok\n    assert response.result\nE   AttributeError: 'Error' object has no attribute 'result'\n\nThe above exception was the direct cause of the following exception:\ntests/single/eip7702/test_eip7702_tuple_userop.py:36: in test_send_eip_7702_tx\n    assert_ok(response)\ntests/utils.py:201: in assert_ok\n    raise AttributeError(f\"expected result object, got:\\n{response}\") from exc\nE   AttributeError: expected result object, got:\nE   Error(code=-32500, message='FailedOp(0,AA20 account not deployed)', data=None, id=669)"
          },
          "system-out": "--------------------------------- Captured Log ---------------------------------\n\n--------------------------------- Captured Out ---------------------------------",
          "system-err": "--------------------------------- Captured Err ---------------------------------"
        },
        {
          "@classname": "tests.single.eip7702.test_eip7702_tuple_userop",
          "@name": "test_send_eip_7702_tx_with_initcode",
          "@time": "0.084",
          "failure": {
            "@message": "AttributeError: expected result object, got:\nError(code=-32500, message='FailedOp(0,AA13 initCode failed or OOG)', data=None, id=671)",
            "#text": "tests/utils.py:199: in assert_ok\n    assert response.result\nE   AttributeError: 'Error' object has no attribute 'result'\n\nThe above exception was the direct cause of the following exception:\ntests/single/eip7702/test_eip7702_tuple_userop.py:85: in test_send_eip_7702_tx_with_initcode\n    assert_ok(response)\ntests/utils.py:201: in assert_ok\n    raise AttributeError(f\"expected result object, got:\\n{response}\") from exc\nE   AttributeError: expected result object, got:\nE   Error(code=-32500, message='FailedOp(0,AA13 initCode failed or OOG)', data=None, id=671)"
          },
          "system-out": "--------------------------------- Captured Log ---------------------------------\n\n--------------------------------- Captured Out ---------------------------------",
          "system-err": "--------------------------------- Captured Err ---------------------------------"
        },
        {
          "@classname": "tests.single.eip7702.test_eip7702_tuple_userop",
          "@name": "test_send_eip_7702_tx_with_flag_no_initcode",
          "@time": "0.079",
          "failure": {
            "@message": "AttributeError: expected result object, got:\nError(code=-32602, message='got factory but missing factoryData', data=None, id=673)",
            "#text": "tests/utils.py:199: in assert_ok\n    assert response.result\nE   AttributeError: 'Error' object has no attribute 'result'\n\nThe above exception was the direct cause of the following exception:\ntests/single/eip7702/test_eip7702_tuple_userop.py:127: in test_send_eip_7702_tx_with_flag_no_initcode\n    assert_ok(response)\ntests/utils.py:201: in assert_ok\n    raise AttributeError(f\"expected result object, got:\\n{response}\") from exc\nE   AttributeError: expected result object, got:\nE   Error(code=-32602, message='got factory but missing factoryData', data=None, id=673)"
          },
          "system-out": "--------------------------------- Captured Log ---------------------------------\n\n--------------------------------- Captured Out ---------------------------------",
          "system-err": "--------------------------------- Captured Err ---------------------------------"
        },
        {
          "@classname": "tests.single.eip7702.test_eip7702_tuple_userop",
          "@name": "test_send_post_eip_7702_tx[0]",
          "@time": "0.083",
          "failure": {
            "@message": "AttributeError: expected result object, got:\nError(code=-32500, message='FailedOp(0,AA20 account not deployed)', data=None, id=675)",
            "#text": "tests/utils.py:199: in assert_ok\n    assert response.result\nE   AttributeError: 'Error' object has no attribute 'result'\n\nThe above exception was the direct cause of the following exception:\ntests/single/eip7702/test_eip7702_tuple_userop.py:156: in test_send_post_eip_7702_tx\n    assert_ok(response)\ntests/utils.py:201: in assert_ok\n    raise AttributeError(f\"expected result object, got:\\n{response}\") from exc\nE   AttributeError: expected result object, got:\nE   Error(code=-32500, message='FailedOp(0,AA20 account not deployed)', data=None, id=675)"
          },
          "system-out": "--------------------------------- Captured Log ---------------------------------\n\n--------------------------------- Captured Out ---------------------------------",
          "system-err": "--------------------------------- Captured Err ---------------------------------"
        },
        {
          "@classname": "tests.single.eip7702.test_eip7702_tuple_userop",
          "@name": "test_send_post_eip_7702_tx[1337]",
          "@time": "0.093",
          "failure": {
            "@message": "AttributeError: expected result object, got:\nError(code=-32500, message='FailedOp(0,AA20 account not deployed)', data=None, id=677)",
            "#text": "tests/utils.py:199: in assert_ok\n    assert response.result\nE   AttributeError: 'Error' object has no attribute 'result'\n\nThe above exception was the direct cause of the following exception:\ntests/single/eip7702/test_eip7702_tuple_userop.py:156: in test_send_post_eip_7702_tx\n    assert_ok(response)\ntests/utils.py:201: in assert_ok\n    raise AttributeError(f\"expected result object, got:\\n{response}\") from exc\nE   AttributeError: expected result object, got:\nE   Error(code=-32500, message='FailedOp(0,AA20 account not deployed)', data=None, id=677)"
          },
          "system-out": "--------------------------------- Captured Log ---------------------------------\n\n--------------------------------- Captured Out ---------------------------------",
          "system-err": "--------------------------------- Captured Err ---------------------------------"
        },
        {
          "@classname": "tests.single.eip7702.test_eip7702_tuple_userop",
          "@name": "test_send_bad_eip_7702_drop_userop",
          "@time": "0.097"
        },
        {
          "@classname": "tests.single.eip7702.test_eip7702_tuple_userop",
          "@name": "test_send_nonsender_eip_7702_drop_userop",
          "@time": "0.189",
          "failure": {
            "@message": "AttributeError: expected error object, got:\nOk(result='0x83f691795fa7f73b6d0e73f293d6080a9a23407f20b830ee7a71fbecdd4b277b', id=681)",
            "#text": "tests/utils.py:206: in assert_rpc_error\n    assert response.code == code\nE   AttributeError: 'Ok' object has no attribute 'code'\n\nThe above exception was the direct cause of the following exception:\ntests/single/eip7702/test_eip7702_tuple_userop.py:223: in test_send_nonsender_eip_7702_drop_userop\n    assert_rpc_error(userop.send(), \"sender\", RPCErrorCode.INVALID_FIELDS)\ntests/utils.py:211: in assert_rpc_error\n    raise AttributeError(f\"expected error object, got:\\n{response}\") from exc\nE   AttributeError: expected error object, got:\nE   Ok(result='0x83f691795fa7f73b6d0e73f293d6080a9a23407f20b830ee7a71fbecdd4b277b', id=681)"
          },
          "system-out": "--------------------------------- Captured Log ---------------------------------\n\n--------------------------------- Captured Out ---------------------------------",
          "system-err": "--------------------------------- Captured Err ---------------------------------"
        },
        {
          "@classname": "tests.single.eip7702.test_eip7702_tuple_userop",
          "@name": "test_send_wrongchain_eip_7702_drop_userop",
          "@time": "0.080",
          "failure": {
            "@message": "AttributeError: expected result object, got:\nError(code=-32500, message='FailedOp(0,AA20 account not deployed)', data=None, id=683)",
            "#text": "tests/utils.py:199: in assert_ok\n    assert response.result\nE   AttributeError: 'Error' object has no attribute 'result'\n\nThe above exception was the direct cause of the following exception:\ntests/single/eip7702/test_eip7702_tuple_userop.py:244: in test_send_wrongchain_eip_7702_drop_userop\n    assert_ok(userop.send())\ntests/utils.py:201: in assert_ok\n    raise AttributeError(f\"expected result object, got:\\n{response}\") from exc\nE   AttributeError: expected result object, got:\nE   Error(code=-32500, message='FailedOp(0,AA20 account not deployed)', data=None, id=683)"
          },
          "system-out": "--------------------------------- Captured Log ---------------------------------\n\n--------------------------------- Captured Out ---------------------------------",
          "system-err": "--------------------------------- Captured Err ---------------------------------"
        },
        {
          "@classname": "tests.single.opbanning.test_create",
          "@name": "test_account_no_factory[CREATE]",
          "@time": "0.295"
        },
        {
          "@classname": "tests.single.opbanning.test_create",
          "@name": "test_account_no_factory[CREATE2]",
          "@time": "0.249"
        },
        {
          "@classname": "tests.single.opbanning.test_create",
          "@name": "test_paymaster_banned_create[CREATE]",
          "@time": "0.420"
        },
        {
          "@classname": "tests.single.opbanning.test_create",
          "@name": "test_paymaster_banned_create[CREATE2]",
          "@time": "0.454"
        },
        {
          "@classname": "tests.single.opbanning.test_create",
          "@name": "test_account_create2_once",
          "@time": "0.300"
        },
        {
          "@classname": "tests.single.opbanning.test_create",
          "@name": "test_account_create_with_factory[factory=unstaked,op=CREATE,expect=ok,rule=OP-032]",
          "@time": "0.309",
          "failure": {
            "@message": "AttributeError: expected result object, got:\nError(code=-32502, message='factory uses banned opcode: CREATE', data=None, id=695)",
            "#text": "tests/utils.py:199: in assert_ok\n    assert response.result\nE   AttributeError: 'Error' object has no attribute 'result'\n\nThe above exception was the direct cause of the following exception:\ntests/single/opbanning/test_create.py:136: in test_account_create_with_factory\n    assert_ok(response)\ntests/utils.py:201: in assert_ok\n    raise AttributeError(f\"expected result object, got:\\n{response}\") from exc\nE   AttributeError: expected result object, got:\nE   Error(code=-32502, message='factory uses banned opcode: CREATE', data=None, id=695)"
          },
          "system-out": "--------------------------------- Captured Log ---------------------------------\n\n--------------------------------- Captured Out ---------------------------------",
          "system-err": "--------------------------------- Captured Err ---------------------------------"
        },
        {
          "@classname": "tests.single.opbanning.test_create",
          "@name": "test_account_create_with_factory[factory=unstaked,op=CREATE2,expect=err,rule=OP-032]",
          "@time": "0.301",
          "failure": {
            "@message": "AssertionError: assert 'account uses banned opcode: create2' in 'factory uses banned opcode: create'\n +  where 'account uses banned opcode: create2' = <built-in method lower of str object at 0x7f8ab5b0e4f0>()\n +    where <built-in method lower of str object at 0x7f8ab5b0e4f0> = 'account uses banned opcode: CREATE2'.lower\n +  and   'factory uses banned opcode: create' = <built-in method lower of str object at 0x7f8ab5a5b690>()\n +    where <built-in method lower of str object at 0x7f8ab5a5b690> = 'factory uses banned opcode: CREATE'.lower\n +      where 'factory uses banned opcode: CREATE' = Error(code=-32502, message='factory uses banned opcode: CREATE', data=None, id=697).message",
            "#text": "tests/single/opbanning/test_create.py:138: in test_account_create_with_factory\n    assert_rpc_error(\ntests/utils.py:207: in assert_rpc_error\n    assert message.lower() in response.message.lower()\nE   AssertionError: assert 'account uses banned opcode: create2' in 'factory uses banned opcode: create'\nE    +  where 'account uses banned opcode: create2' = <built-in method lower of str object at 0x7f8ab5b0e4f0>()\nE    +    where <built-in method lower of str object at 0x7f8ab5b0e4f0> = 'account uses banned opcode: CREATE2'.lower\nE    +  and   'factory uses banned opcode: create' = <built-in method lower of str object at 0x7f8ab5a5b690>()\nE    +    where <built-in method lower of str object at 0x7f8ab5a5b690> = 'factory uses banned opcode: CREATE'.lower\nE    +      where 'factory uses banned opcode: CREATE' = Error(code=-32502, message='factory uses banned opcode: CREATE', data=None, id=697).message"
          },
          "system-out": "--------------------------------- Captured Log ---------------------------------\n\n--------------------------------- Captured Out ---------------------------------",
          "system-err": "--------------------------------- Captured Err ---------------------------------"
        },
        {
          "@classname": "tests.single.opbanning.test_create",
          "@name": "test_account_create_with_factory[factory=staked,op=CREATE,expect=ok,rule=EREP-060]",
          "@time": "0.431",
          "failure": {
            "@message": "AttributeError: expected result object, got:\nError(code=-32502, message='factory uses banned opcode: CREATE', data=None, id=699)",
            "#text": "tests/utils.py:199: in assert_ok\n    assert response.result\nE   AttributeError: 'Error' object has no attribute 'result'\n\nThe above exception was the direct cause of the following exception:\ntests/single/opbanning/test_create.py:136: in test_account_create_with_factory\n    assert_ok(response)\ntests/utils.py:201: in assert_ok\n    raise AttributeError(f\"expected result object, got:\\n{response}\") from exc\nE   AttributeError: expected result object, got:\nE   Error(code=-32502, message='factory uses banned opcode: CREATE', data=None, id=699)"
          },
          "system-out": "--------------------------------- Captured Log ---------------------------------\n\n--------------------------------- Captured Out ---------------------------------",
          "system-err": "--------------------------------- Captured Err ---------------------------------"
        },
        {
          "@classname": "tests.single.opbanning.test_create",
          "@name": "test_account_create_with_factory[factory=staked,op=nested-CREATE,expect=err,rule=EREP-060]",
          "@time": "0.330",
          "failure": {
            "@message": "AssertionError: assert 'account uses banned opcode: create' in 'factory uses banned opcode: create'\n +  where 'account uses banned opcode: create' = <built-in method lower of str object at 0x7f8ab5a5b510>()\n +    where <built-in method lower of str object at 0x7f8ab5a5b510> = 'account uses banned opcode: CREATE'.lower\n +  and   'factory uses banned opcode: create' = <built-in method lower of str object at 0x7f8ab5a5bbd0>()\n +    where <built-in method lower of str object at 0x7f8ab5a5bbd0> = 'factory uses banned opcode: CREATE'.lower\n +      where 'factory uses banned opcode: CREATE' = Error(code=-32502, message='factory uses banned opcode: CREATE', data=None, id=701).message",
            "#text": "tests/single/opbanning/test_create.py:138: in test_account_create_with_factory\n    assert_rpc_error(\ntests/utils.py:207: in assert_rpc_error\n    assert message.lower() in response.message.lower()\nE   AssertionError: assert 'account uses banned opcode: create' in 'factory uses banned opcode: create'\nE    +  where 'account uses banned opcode: create' = <built-in method lower of str object at 0x7f8ab5a5b510>()\nE    +    where <built-in method lower of str object at 0x7f8ab5a5b510> = 'account uses banned opcode: CREATE'.lower\nE    +  and   'factory uses banned opcode: create' = <built-in method lower of str object at 0x7f8ab5a5bbd0>()\nE    +    where <built-in method lower of str object at 0x7f8ab5a5bbd0> = 'factory uses banned opcode: CREATE'.lower\nE    +      where 'factory uses banned opcode: CREATE' = Error(code=-32502, message='factory uses banned opcode: CREATE', data=None, id=701).message"
          },
          "system-out": "--------------------------------- Captured Log ---------------------------------\n\n--------------------------------- Captured Out ---------------------------------",
          "system-err": "--------------------------------- Captured Err ---------------------------------"
        },
        {
          "@classname": "tests.single.opbanning.test_create",
          "@name": "test_account_create_with_factory[factory=staked,op=nested-CREATE2,expect=err,rule=EREP-060]",
          "@time": "0.321",
          "failure": {
            "@message": "AssertionError: assert 'account uses banned opcode: create2' in 'factory uses banned opcode: create'\n +  where 'account uses banned opcode: create2' = <built-in method lower of str object at 0x7f8ab5b0d470>()\n +    where <built-in method lower of str object at 0x7f8ab5b0d470> = 'account uses banned opcode: CREATE2'.lower\n +  and   'factory uses banned opcode: create' = <built-in method lower of str object at 0x7f8ab5a5bcf0>()\n +    where <built-in method lower of str object at 0x7f8ab5a5bcf0> = 'factory uses banned opcode: CREATE'.lower\n +      where 'factory uses banned opcode: CREATE' = Error(code=-32502, message='factory uses banned opcode: CREATE', data=None, id=703).message",
            "#text": "tests/single/opbanning/test_create.py:138: in test_account_create_with_factory\n    assert_rpc_error(\ntests/utils.py:207: in assert_rpc_error\n    assert message.lower() in response.message.lower()\nE   AssertionError: assert 'account uses banned opcode: create2' in 'factory uses banned opcode: create'\nE    +  where 'account uses banned opcode: create2' = <built-in method lower of str object at 0x7f8ab5b0d470>()\nE    +    where <built-in method lower of str object at 0x7f8ab5b0d470> = 'account uses banned opcode: CREATE2'.lower\nE    +  and   'factory uses banned opcode: create' = <built-in method lower of str object at 0x7f8ab5a5bcf0>()\nE    +    where <built-in method lower of str object at 0x7f8ab5a5bcf0> = 'factory uses banned opcode: CREATE'.lower\nE    +      where 'factory uses banned opcode: CREATE' = Error(code=-32502, message='factory uses banned opcode: CREATE', data=None, id=703).message"
          },
          "system-out": "--------------------------------- Captured Log ---------------------------------\n\n--------------------------------- Captured Out ---------------------------------",
          "system-err": "--------------------------------- Captured Err ---------------------------------"
        },
        {
          "@classname": "tests.single.opbanning.test_create",
          "@name": "test_account_create_with_factory[factory=staked,op=CREATE2,expect=ok,rule=EREP-060]",
          "@time": "0.328",
          "failure": {
            "@message": "AttributeError: expected result object, got:\nError(code=-32502, message='factory uses banned opcode: CREATE', data=None, id=705)",
            "#text": "tests/utils.py:199: in assert_ok\n    assert response.result\nE   AttributeError: 'Error' object has no attribute 'result'\n\nThe above exception was the direct cause of the following exception:\ntests/single/opbanning/test_create.py:136: in test_account_create_with_factory\n    assert_ok(response)\ntests/utils.py:201: in assert_ok\n    raise AttributeError(f\"expected result object, got:\\n{response}\") from exc\nE   AttributeError: expected result object, got:\nE   Error(code=-32502, message='factory uses banned opcode: CREATE', data=None, id=705)"
          },
          "system-out": "--------------------------------- Captured Log ---------------------------------\n\n--------------------------------- Captured Out ---------------------------------",
          "system-err": "--------------------------------- Captured Err ---------------------------------"
        },
        {
          "@classname": "tests.single.opbanning.test_op_banning",
          "@name": "test_account_banned_opcode[GAS-]",
          "@time": "0.333"
        },
        {
          "@classname": "tests.single.opbanning.test_op_banning",
          "@name": "test_account_banned_opcode[GAS-CALL:>]",
          "@time": "0.375"
        },
        {
          "@classname": "tests.single.opbanning.test_op_banning",
          "@name": "test_account_banned_opcode[GAS-DELEGATECALL:>]",
          "@time": "0.391"
        },
        {
          "@classname": "tests.single.opbanning.test_op_banning",
          "@name": "test_account_banned_opcode[NUMBER-]",
          "@time": "0.253"
        },
        {
          "@classname": "tests.single.opbanning.test_op_banning",
          "@name": "test_account_banned_opcode[NUMBER-CALL:>]",
          "@time": "0.472"
        },
        {
          "@classname": "tests.single.opbanning.test_op_banning",
          "@name": "test_account_banned_opcode[NUMBER-DELEGATECALL:>]",
          "@time": "0.401"
        },
        {
          "@classname": "tests.single.opbanning.test_op_banning",
          "@name": "test_account_banned_opcode[TIMESTAMP-]",
          "@time": "0.218"
        },
        {
          "@classname": "tests.single.opbanning.test_op_banning",
          "@name": "test_account_banned_opcode[TIMESTAMP-CALL:>]",
          "@time": "0.401"
        },
        {
          "@classname": "tests.single.opbanning.test_op_banning",
          "@name": "test_account_banned_opcode[TIMESTAMP-DELEGATECALL:>]",
          "@time": "0.519"
        },
        {
          "@classname": "tests.single.opbanning.test_op_banning",
          "@name": "test_account_banned_opcode[COINBASE-]",
          "@time": "0.321"
        },
        {
          "@classname": "tests.single.opbanning.test_op_banning",
          "@name": "test_account_banned_opcode[COINBASE-CALL:>]",
          "@time": "0.491"
        },
        {
          "@classname": "tests.single.opbanning.test_op_banning",
          "@name": "test_account_banned_opcode[COINBASE-DELEGATECALL:>]",
          "@time": "0.505"
        },
        {
          "@classname": "tests.single.opbanning.test_op_banning",
          "@name": "test_account_banned_opcode[DIFFICULTY-]",
          "@time": "0.265"
        },
        {
          "@classname": "tests.single.opbanning.test_op_banning",
          "@name": "test_account_banned_opcode[DIFFICULTY-CALL:>]",
          "@time": "0.397"
        },
        {
          "@classname": "tests.single.opbanning.test_op_banning",
          "@name": "test_account_banned_opcode[DIFFICULTY-DELEGATECALL:>]",
          "@time": "0.411"
        },
        {
          "@classname": "tests.single.opbanning.test_op_banning",
          "@name": "test_account_banned_opcode[BASEFEE-]",
          "@time": "0.268"
        },
        {
          "@classname": "tests.single.opbanning.test_op_banning",
          "@name": "test_account_banned_opcode[BASEFEE-CALL:>]",
          "@time": "0.493"
        },
        {
          "@classname": "tests.single.opbanning.test_op_banning",
          "@name": "test_account_banned_opcode[BASEFEE-DELEGATECALL:>]",
          "@time": "0.511"
        },
        {
          "@classname": "tests.single.opbanning.test_op_banning",
          "@name": "test_account_banned_opcode[GASLIMIT-]",
          "@time": "0.231"
        },
        {
          "@classname": "tests.single.opbanning.test_op_banning",
          "@name": "test_account_banned_opcode[GASLIMIT-CALL:>]",
          "@time": "0.393"
        },
        {
          "@classname": "tests.single.opbanning.test_op_banning",
          "@name": "test_account_banned_opcode[GASLIMIT-DELEGATECALL:>]",
          "@time": "0.512"
        },
        {
          "@classname": "tests.single.opbanning.test_op_banning",
          "@name": "test_account_banned_opcode[GASPRICE-]",
          "@time": "0.331"
        },
        {
          "@classname": "tests.single.opbanning.test_op_banning",
          "@name": "test_account_banned_opcode[GASPRICE-CALL:>]",
          "@time": "0.389"
        },
        {
          "@classname": "tests.single.opbanning.test_op_banning",
          "@name": "test_account_banned_opcode[GASPRICE-DELEGATECALL:>]",
          "@time": "0.456"
        },
        {
          "@classname": "tests.single.opbanning.test_op_banning",
          "@name": "test_account_banned_opcode[SELFBALANCE-]",
          "@time": "0.246"
        },
        {
          "@classname": "tests.single.opbanning.test_op_banning",
          "@name": "test_account_banned_opcode[SELFBALANCE-CALL:>]",
          "@time": "0.527"
        },
        {
          "@classname": "tests.single.opbanning.test_op_banning",
          "@name": "test_account_banned_opcode[SELFBALANCE-DELEGATECALL:>]",
          "@time": "0.448"
        },
        {
          "@classname": "tests.single.opbanning.test_op_banning",
          "@name": "test_account_banned_opcode[BALANCE-]",
          "@time": "0.228"
        },
        {
          "@classname": "tests.single.opbanning.test_op_banning",
          "@name": "test_account_banned_opcode[BALANCE-CALL:>]",
          "@time": "0.393"
        },
        {
          "@classname": "tests.single.opbanning.test_op_banning",
          "@name": "test_account_banned_opcode[BALANCE-DELEGATECALL:>]",
          "@time": "0.421"
        },
        {
          "@classname": "tests.single.opbanning.test_op_banning",
          "@name": "test_account_banned_opcode[ORIGIN-]",
          "@time": "0.242"
        },
        {
          "@classname": "tests.single.opbanning.test_op_banning",
          "@name": "test_account_banned_opcode[ORIGIN-CALL:>]",
          "@time": "0.434"
        },
        {
          "@classname": "tests.single.opbanning.test_op_banning",
          "@name": "test_account_banned_opcode[ORIGIN-DELEGATECALL:>]",
          "@time": "0.509"
        },
        {
          "@classname": "tests.single.opbanning.test_op_banning",
          "@name": "test_account_banned_opcode[BLOCKHASH-]",
          "@time": "0.227"
        },
        {
          "@classname": "tests.single.opbanning.test_op_banning",
          "@name": "test_account_banned_opcode[BLOCKHASH-CALL:>]",
          "@time": "0.406"
        },
        {
          "@classname": "tests.single.opbanning.test_op_banning",
          "@name": "test_account_banned_opcode[BLOCKHASH-DELEGATECALL:>]",
          "@time": "0.528"
        },
        {
          "@classname": "tests.single.opbanning.test_op_banning",
          "@name": "test_account_banned_opcode[CREATE-]",
          "@time": "0.247"
        },
        {
          "@classname": "tests.single.opbanning.test_op_banning",
          "@name": "test_account_banned_opcode[CREATE-CALL:>]",
          "@time": "0.399"
        },
        {
          "@classname": "tests.single.opbanning.test_op_banning",
          "@name": "test_account_banned_opcode[CREATE-DELEGATECALL:>]",
          "@time": "0.423"
        },
        {
          "@classname": "tests.single.opbanning.test_op_banning",
          "@name": "test_account_banned_opcode[CREATE2-]",
          "@time": "0.348"
        },
        {
          "@classname": "tests.single.opbanning.test_op_banning",
          "@name": "test_account_banned_opcode[CREATE2-CALL:>]",
          "@time": "0.399"
        },
        {
          "@classname": "tests.single.opbanning.test_op_banning",
          "@name": "test_account_banned_opcode[CREATE2-DELEGATECALL:>]",
          "@time": "0.436"
        },
        {
          "@classname": "tests.single.opbanning.test_op_banning",
          "@name": "test_account_banned_opcode[SELFDESTRUCT-]",
          "@time": "0.347"
        },
        {
          "@classname": "tests.single.opbanning.test_op_banning",
          "@name": "test_account_banned_opcode[SELFDESTRUCT-CALL:>]",
          "@time": "0.518"
        },
        {
          "@classname": "tests.single.opbanning.test_op_banning",
          "@name": "test_account_banned_opcode[SELFDESTRUCT-DELEGATECALL:>]",
          "@time": "0.444"
        },
        {
          "@classname": "tests.single.opbanning.test_op_banning",
          "@name": "test_account_banned_opcode[BLOBHASH-]",
          "@time": "0.342",
          "failure": {
            "@message": "AttributeError: expected error object, got:\nOk(result='0x7aa2890539c272df345dfdc7815bcd6d1eca3a303cd77a5ebe9322eab49edb55', id=797)",
            "#text": "tests/utils.py:206: in assert_rpc_error\n    assert response.code == code\nE   AttributeError: 'Ok' object has no attribute 'code'\n\nThe above exception was the direct cause of the following exception:\ntests/single/opbanning/test_op_banning.py:55: in test_account_banned_opcode\n    assert_rpc_error(\ntests/utils.py:211: in assert_rpc_error\n    raise AttributeError(f\"expected error object, got:\\n{response}\") from exc\nE   AttributeError: expected error object, got:\nE   Ok(result='0x7aa2890539c272df345dfdc7815bcd6d1eca3a303cd77a5ebe9322eab49edb55', id=797)"
          },
          "system-out": "--------------------------------- Captured Log ---------------------------------\n\n--------------------------------- Captured Out ---------------------------------",
          "system-err": "--------------------------------- Captured Err ---------------------------------"
        },
        {
          "@classname": "tests.single.opbanning.test_op_banning",
          "@name": "test_account_banned_opcode[BLOBHASH-CALL:>]",
          "@time": "0.511",
          "failure": {
            "@message": "AttributeError: expected error object, got:\nOk(result='0x3776564bd5472cde169e5ba247a029ba6b60354467758ace50901e46dbcdb801', id=799)",
            "#text": "tests/utils.py:206: in assert_rpc_error\n    assert response.code == code\nE   AttributeError: 'Ok' object has no attribute 'code'\n\nThe above exception was the direct cause of the following exception:\ntests/single/opbanning/test_op_banning.py:55: in test_account_banned_opcode\n    assert_rpc_error(\ntests/utils.py:211: in assert_rpc_error\n    raise AttributeError(f\"expected error object, got:\\n{response}\") from exc\nE   AttributeError: expected error object, got:\nE   Ok(result='0x3776564bd5472cde169e5ba247a029ba6b60354467758ace50901e46dbcdb801', id=799)"
          },
          "system-out": "--------------------------------- Captured Log ---------------------------------\n\n--------------------------------- Captured Out ---------------------------------",
          "system-err": "--------------------------------- Captured Err ---------------------------------"
        },
        {
          "@classname": "tests.single.opbanning.test_op_banning",
          "@name": "test_account_banned_opcode[BLOBHASH-DELEGATECALL:>]",
          "@time": "0.428",
          "failure": {
            "@message": "AttributeError: expected error object, got:\nOk(result='0xc45b06f2972a5b8433239d0693259f7122bceba136f739a0f9d58b829d3b9150', id=801)",
            "#text": "tests/utils.py:206: in assert_rpc_error\n    assert response.code == code\nE   AttributeError: 'Ok' object has no attribute 'code'\n\nThe above exception was the direct cause of the following exception:\ntests/single/opbanning/test_op_banning.py:55: in test_account_banned_opcode\n    assert_rpc_error(\ntests/utils.py:211: in assert_rpc_error\n    raise AttributeError(f\"expected error object, got:\\n{response}\") from exc\nE   AttributeError: expected error object, got:\nE   Ok(result='0xc45b06f2972a5b8433239d0693259f7122bceba136f739a0f9d58b829d3b9150', id=801)"
          },
          "system-out": "--------------------------------- Captured Log ---------------------------------\n\n--------------------------------- Captured Out ---------------------------------",
          "system-err": "--------------------------------- Captured Err ---------------------------------"
        },
        {
          "@classname": "tests.single.opbanning.test_op_banning",
          "@name": "test_account_banned_opcode[BLOBBASEFEE-]",
          "@time": "0.346",
          "failure": {
            "@message": "AttributeError: expected error object, got:\nOk(result='0x74931dd7b8c789055b74b970d0718a908f26f295ff240ed445f14fd317e90df3', id=803)",
            "#text": "tests/utils.py:206: in assert_rpc_error\n    assert response.code == code\nE   AttributeError: 'Ok' object has no attribute 'code'\n\nThe above exception was the direct cause of the following exception:\ntests/single/opbanning/test_op_banning.py:55: in test_account_banned_opcode\n    assert_rpc_error(\ntests/utils.py:211: in assert_rpc_error\n    raise AttributeError(f\"expected error object, got:\\n{response}\") from exc\nE   AttributeError: expected error object, got:\nE   Ok(result='0x74931dd7b8c789055b74b970d0718a908f26f295ff240ed445f14fd317e90df3', id=803)"
          },
          "system-out": "--------------------------------- Captured Log ---------------------------------\n\n--------------------------------- Captured Out ---------------------------------",
          "system-err": "--------------------------------- Captured Err ---------------------------------"
        },
        {
          "@classname": "tests.single.opbanning.test_op_banning",
          "@name": "test_account_banned_opcode[BLOBBASEFEE-CALL:>]",
          "@time": "0.552",
          "failure": {
            "@message": "AttributeError: expected error object, got:\nOk(result='0x75102caf053b6dd00cb016c638dd46e3a32f2dc3b4cd3d0504035a2a71b78438', id=805)",
            "#text": "tests/utils.py:206: in assert_rpc_error\n    assert response.code == code\nE   AttributeError: 'Ok' object has no attribute 'code'\n\nThe above exception was the direct cause of the following exception:\ntests/single/opbanning/test_op_banning.py:55: in test_account_banned_opcode\n    assert_rpc_error(\ntests/utils.py:211: in assert_rpc_error\n    raise AttributeError(f\"expected error object, got:\\n{response}\") from exc\nE   AttributeError: expected error object, got:\nE   Ok(result='0x75102caf053b6dd00cb016c638dd46e3a32f2dc3b4cd3d0504035a2a71b78438', id=805)"
          },
          "system-out": "--------------------------------- Captured Log ---------------------------------\n\n--------------------------------- Captured Out ---------------------------------",
          "system-err": "--------------------------------- Captured Err ---------------------------------"
        },
        {
          "@classname": "tests.single.opbanning.test_op_banning",
          "@name": "test_account_banned_opcode[BLOBBASEFEE-DELEGATECALL:>]",
          "@time": "0.539",
          "failure": {
            "@message": "AttributeError: expected error object, got:\nOk(result='0xac442afc1bfcc4e9e8f6657d92c80857f02879ba1edc94c7f4a0a54ce5e73736', id=807)",
            "#text": "tests/utils.py:206: in assert_rpc_error\n    assert response.code == code\nE   AttributeError: 'Ok' object has no attribute 'code'\n\nThe above exception was the direct cause of the following exception:\ntests/single/opbanning/test_op_banning.py:55: in test_account_banned_opcode\n    assert_rpc_error(\ntests/utils.py:211: in assert_rpc_error\n    raise AttributeError(f\"expected error object, got:\\n{response}\") from exc\nE   AttributeError: expected error object, got:\nE   Ok(result='0xac442afc1bfcc4e9e8f6657d92c80857f02879ba1edc94c7f4a0a54ce5e73736', id=807)"
          },
          "system-out": "--------------------------------- Captured Log ---------------------------------\n\n--------------------------------- Captured Out ---------------------------------",
          "system-err": "--------------------------------- Captured Err ---------------------------------"
        },
        {
          "@classname": "tests.single.opbanning.test_op_banning",
          "@name": "test_account_allowed_opcode_when_staked[BALANCE-]",
          "@time": "0.251",
          "failure": {
            "@message": "AttributeError: expected result object, got:\nError(code=-32502, message='account uses banned opcode: BALANCE', data=None, id=809)",
            "#text": "tests/utils.py:199: in assert_ok\n    assert response.result\nE   AttributeError: 'Error' object has no attribute 'result'\n\nThe above exception was the direct cause of the following exception:\ntests/single/opbanning/test_op_banning.py:69: in test_account_allowed_opcode_when_staked\n    assert_ok(response)\ntests/utils.py:201: in assert_ok\n    raise AttributeError(f\"expected result object, got:\\n{response}\") from exc\nE   AttributeError: expected result object, got:\nE   Error(code=-32502, message='account uses banned opcode: BALANCE', data=None, id=809)"
          },
          "system-out": "--------------------------------- Captured Log ---------------------------------\n\n--------------------------------- Captured Out ---------------------------------",
          "system-err": "--------------------------------- Captured Err ---------------------------------"
        },
        {
          "@classname": "tests.single.opbanning.test_op_banning",
          "@name": "test_account_allowed_opcode_when_staked[BALANCE-CALL:>]",
          "@time": "0.449",
          "failure": {
            "@message": "AttributeError: expected result object, got:\nError(code=-32502, message='account uses banned opcode: BALANCE', data=None, id=811)",
            "#text": "tests/utils.py:199: in assert_ok\n    assert response.result\nE   AttributeError: 'Error' object has no attribute 'result'\n\nThe above exception was the direct cause of the following exception:\ntests/single/opbanning/test_op_banning.py:69: in test_account_allowed_opcode_when_staked\n    assert_ok(response)\ntests/utils.py:201: in assert_ok\n    raise AttributeError(f\"expected result object, got:\\n{response}\") from exc\nE   AttributeError: expected result object, got:\nE   Error(code=-32502, message='account uses banned opcode: BALANCE', data=None, id=811)"
          },
          "system-out": "--------------------------------- Captured Log ---------------------------------\n\n--------------------------------- Captured Out ---------------------------------",
          "system-err": "--------------------------------- Captured Err ---------------------------------"
        },
        {
          "@classname": "tests.single.opbanning.test_op_banning",
          "@name": "test_account_allowed_opcode_when_staked[BALANCE-DELEGATECALL:>]",
          "@time": "0.467",
          "failure": {
            "@message": "AttributeError: expected result object, got:\nError(code=-32502, message='account uses banned opcode: BALANCE', data=None, id=813)",
            "#text": "tests/utils.py:199: in assert_ok\n    assert response.result\nE   AttributeError: 'Error' object has no attribute 'result'\n\nThe above exception was the direct cause of the following exception:\ntests/single/opbanning/test_op_banning.py:69: in test_account_allowed_opcode_when_staked\n    assert_ok(response)\ntests/utils.py:201: in assert_ok\n    raise AttributeError(f\"expected result object, got:\\n{response}\") from exc\nE   AttributeError: expected result object, got:\nE   Error(code=-32502, message='account uses banned opcode: BALANCE', data=None, id=813)"
          },
          "system-out": "--------------------------------- Captured Log ---------------------------------\n\n--------------------------------- Captured Out ---------------------------------",
          "system-err": "--------------------------------- Captured Err ---------------------------------"
        },
        {
          "@classname": "tests.single.opbanning.test_op_banning",
          "@name": "test_account_allowed_opcode_when_staked[SELFBALANCE-]",
          "@time": "0.382",
          "failure": {
            "@message": "AttributeError: expected result object, got:\nError(code=-32502, message='account uses banned opcode: SELFBALANCE', data=None, id=815)",
            "#text": "tests/utils.py:199: in assert_ok\n    assert response.result\nE   AttributeError: 'Error' object has no attribute 'result'\n\nThe above exception was the direct cause of the following exception:\ntests/single/opbanning/test_op_banning.py:69: in test_account_allowed_opcode_when_staked\n    assert_ok(response)\ntests/utils.py:201: in assert_ok\n    raise AttributeError(f\"expected result object, got:\\n{response}\") from exc\nE   AttributeError: expected result object, got:\nE   Error(code=-32502, message='account uses banned opcode: SELFBALANCE', data=None, id=815)"
          },
          "system-out": "--------------------------------- Captured Log ---------------------------------\n\n--------------------------------- Captured Out ---------------------------------",
          "system-err": "--------------------------------- Captured Err ---------------------------------"
        },
        {
          "@classname": "tests.single.opbanning.test_op_banning",
          "@name": "test_account_allowed_opcode_when_staked[SELFBALANCE-CALL:>]",
          "@time": "0.557",
          "failure": {
            "@message": "AttributeError: expected result object, got:\nError(code=-32502, message='account uses banned opcode: SELFBALANCE', data=None, id=817)",
            "#text": "tests/utils.py:199: in assert_ok\n    assert response.result\nE   AttributeError: 'Error' object has no attribute 'result'\n\nThe above exception was the direct cause of the following exception:\ntests/single/opbanning/test_op_banning.py:69: in test_account_allowed_opcode_when_staked\n    assert_ok(response)\ntests/utils.py:201: in assert_ok\n    raise AttributeError(f\"expected result object, got:\\n{response}\") from exc\nE   AttributeError: expected result object, got:\nE   Error(code=-32502, message='account uses banned opcode: SELFBALANCE', data=None, id=817)"
          },
          "system-out": "--------------------------------- Captured Log ---------------------------------\n\n--------------------------------- Captured Out ---------------------------------",
          "system-err": "--------------------------------- Captured Err ---------------------------------"
        },
        {
          "@classname": "tests.single.opbanning.test_op_banning",
          "@name": "test_account_allowed_opcode_when_staked[SELFBALANCE-DELEGATECALL:>]",
          "@time": "0.579",
          "failure": {
            "@message": "AttributeError: expected result object, got:\nError(code=-32502, message='account uses banned opcode: SELFBALANCE', data=None, id=819)",
            "#text": "tests/utils.py:199: in assert_ok\n    assert response.result\nE   AttributeError: 'Error' object has no attribute 'result'\n\nThe above exception was the direct cause of the following exception:\ntests/single/opbanning/test_op_banning.py:69: in test_account_allowed_opcode_when_staked\n    assert_ok(response)\ntests/utils.py:201: in assert_ok\n    raise AttributeError(f\"expected result object, got:\\n{response}\") from exc\nE   AttributeError: expected result object, got:\nE   Error(code=-32502, message='account uses banned opcode: SELFBALANCE', data=None, id=819)"
          },
          "system-out": "--------------------------------- Captured Log ---------------------------------\n\n--------------------------------- Captured Out ---------------------------------",
          "system-err": "--------------------------------- Captured Err ---------------------------------"
        },
        {
          "@classname": "tests.single.opbanning.test_op_banning",
          "@name": "test_account_allowed_opcode_sequence[GAS CALL-]",
          "@time": "0.381"
        },
        {
          "@classname": "tests.single.opbanning.test_op_banning",
          "@name": "test_account_allowed_opcode_sequence[GAS CALL-CALL:>]",
          "@time": "0.440"
        },
        {
          "@classname": "tests.single.opbanning.test_op_banning",
          "@name": "test_account_allowed_opcode_sequence[GAS CALL-DELEGATECALL:>]",
          "@time": "0.564"
        },
        {
          "@classname": "tests.single.opbanning.test_op_banning",
          "@name": "test_account_allowed_opcode_sequence[GAS DELEGATECALL-]",
          "@time": "0.381"
        },
        {
          "@classname": "tests.single.opbanning.test_op_banning",
          "@name": "test_account_allowed_opcode_sequence[GAS DELEGATECALL-CALL:>]",
          "@time": "0.571"
        },
        {
          "@classname": "tests.single.opbanning.test_op_banning",
          "@name": "test_account_allowed_opcode_sequence[GAS DELEGATECALL-DELEGATECALL:>]",
          "@time": "0.516"
        },
        {
          "@classname": "tests.single.opbanning.test_op_banning",
          "@name": "test_paymaster_banned_opcode[GAS-]",
          "@time": "0.282"
        },
        {
          "@classname": "tests.single.opbanning.test_op_banning",
          "@name": "test_paymaster_banned_opcode[GAS-CALL:>]",
          "@time": "0.557"
        },
        {
          "@classname": "tests.single.opbanning.test_op_banning",
          "@name": "test_paymaster_banned_opcode[GAS-DELEGATECALL:>]",
          "@time": "0.655"
        },
        {
          "@classname": "tests.single.opbanning.test_op_banning",
          "@name": "test_paymaster_banned_opcode[NUMBER-]",
          "@time": "0.380"
        },
        {
          "@classname": "tests.single.opbanning.test_op_banning",
          "@name": "test_paymaster_banned_opcode[NUMBER-CALL:>]",
          "@time": "0.600"
        },
        {
          "@classname": "tests.single.opbanning.test_op_banning",
          "@name": "test_paymaster_banned_opcode[NUMBER-DELEGATECALL:>]",
          "@time": "0.574"
        },
        {
          "@classname": "tests.single.opbanning.test_op_banning",
          "@name": "test_paymaster_banned_opcode[TIMESTAMP-]",
          "@time": "0.451"
        },
        {
          "@classname": "tests.single.opbanning.test_op_banning",
          "@name": "test_paymaster_banned_opcode[TIMESTAMP-CALL:>]",
          "@time": "0.536"
        },
        {
          "@classname": "tests.single.opbanning.test_op_banning",
          "@name": "test_paymaster_banned_opcode[TIMESTAMP-DELEGATECALL:>]",
          "@time": "0.730"
        },
        {
          "@classname": "tests.single.opbanning.test_op_banning",
          "@name": "test_paymaster_banned_opcode[COINBASE-]",
          "@time": "0.404"
        },
        {
          "@classname": "tests.single.opbanning.test_op_banning",
          "@name": "test_paymaster_banned_opcode[COINBASE-CALL:>]",
          "@time": "0.625"
        },
        {
          "@classname": "tests.single.opbanning.test_op_banning",
          "@name": "test_paymaster_banned_opcode[COINBASE-DELEGATECALL:>]",
          "@time": "0.713"
        },
        {
          "@classname": "tests.single.opbanning.test_op_banning",
          "@name": "test_paymaster_banned_opcode[DIFFICULTY-]",
          "@time": "0.329"
        },
        {
          "@classname": "tests.single.opbanning.test_op_banning",
          "@name": "test_paymaster_banned_opcode[DIFFICULTY-CALL:>]",
          "@time": "0.645"
        },
        {
          "@classname": "tests.single.opbanning.test_op_banning",
          "@name": "test_paymaster_banned_opcode[DIFFICULTY-DELEGATECALL:>]",
          "@time": "0.741"
        },
        {
          "@classname": "tests.single.opbanning.test_op_banning",
          "@name": "test_paymaster_banned_opcode[BASEFEE-]",
          "@time": "0.396"
        },
        {
          "@classname": "tests.single.opbanning.test_op_banning",
          "@name": "test_paymaster_banned_opcode[BASEFEE-CALL:>]",
          "@time": "0.617"
        },
        {
          "@classname": "tests.single.opbanning.test_op_banning",
          "@name": "test_paymaster_banned_opcode[BASEFEE-DELEGATECALL:>]",
          "@time": "0.614"
        },
        {
          "@classname": "tests.single.opbanning.test_op_banning",
          "@name": "test_paymaster_banned_opcode[GASLIMIT-]",
          "@time": "0.409"
        },
        {
          "@classname": "tests.single.opbanning.test_op_banning",
          "@name": "test_paymaster_banned_opcode[GASLIMIT-CALL:>]",
          "@time": "0.528"
        },
        {
          "@classname": "tests.single.opbanning.test_op_banning",
          "@name": "test_paymaster_banned_opcode[GASLIMIT-DELEGATECALL:>]",
          "@time": "0.721"
        },
        {
          "@classname": "tests.single.opbanning.test_op_banning",
          "@name": "test_paymaster_banned_opcode[GASPRICE-]",
          "@time": "0.412"
        },
        {
          "@classname": "tests.single.opbanning.test_op_banning",
          "@name": "test_paymaster_banned_opcode[GASPRICE-CALL:>]",
          "@time": "0.634"
        },
        {
          "@classname": "tests.single.opbanning.test_op_banning",
          "@name": "test_paymaster_banned_opcode[GASPRICE-DELEGATECALL:>]",
          "@time": "0.623"
        },
        {
          "@classname": "tests.single.opbanning.test_op_banning",
          "@name": "test_paymaster_banned_opcode[SELFBALANCE-]",
          "@time": "0.460"
        },
        {
          "@classname": "tests.single.opbanning.test_op_banning",
          "@name": "test_paymaster_banned_opcode[SELFBALANCE-CALL:>]",
          "@time": "0.700"
        },
        {
          "@classname": "tests.single.opbanning.test_op_banning",
          "@name": "test_paymaster_banned_opcode[SELFBALANCE-DELEGATECALL:>]",
          "@time": "0.777"
        },
        {
          "@classname": "tests.single.opbanning.test_op_banning",
          "@name": "test_paymaster_banned_opcode[BALANCE-]",
          "@time": "0.405"
        },
        {
          "@classname": "tests.single.opbanning.test_op_banning",
          "@name": "test_paymaster_banned_opcode[BALANCE-CALL:>]",
          "@time": "0.610"
        },
        {
          "@classname": "tests.single.opbanning.test_op_banning",
          "@name": "test_paymaster_banned_opcode[BALANCE-DELEGATECALL:>]",
          "@time": "0.728"
        },
        {
          "@classname": "tests.single.opbanning.test_op_banning",
          "@name": "test_paymaster_banned_opcode[ORIGIN-]",
          "@time": "0.440"
        },
        {
          "@classname": "tests.single.opbanning.test_op_banning",
          "@name": "test_paymaster_banned_opcode[ORIGIN-CALL:>]",
          "@time": "0.507"
        },
        {
          "@classname": "tests.single.opbanning.test_op_banning",
          "@name": "test_paymaster_banned_opcode[ORIGIN-DELEGATECALL:>]",
          "@time": "0.705"
        },
        {
          "@classname": "tests.single.opbanning.test_op_banning",
          "@name": "test_paymaster_banned_opcode[BLOCKHASH-]",
          "@time": "0.422"
        },
        {
          "@classname": "tests.single.opbanning.test_op_banning",
          "@name": "test_paymaster_banned_opcode[BLOCKHASH-CALL:>]",
          "@time": "0.647"
        },
        {
          "@classname": "tests.single.opbanning.test_op_banning",
          "@name": "test_paymaster_banned_opcode[BLOCKHASH-DELEGATECALL:>]",
          "@time": "0.745"
        },
        {
          "@classname": "tests.single.opbanning.test_op_banning",
          "@name": "test_paymaster_banned_opcode[CREATE-]",
          "@time": "0.402"
        },
        {
          "@classname": "tests.single.opbanning.test_op_banning",
          "@name": "test_paymaster_banned_opcode[CREATE-CALL:>]",
          "@time": "0.616"
        },
        {
          "@classname": "tests.single.opbanning.test_op_banning",
          "@name": "test_paymaster_banned_opcode[CREATE-DELEGATECALL:>]",
          "@time": "0.707"
        },
        {
          "@classname": "tests.single.opbanning.test_op_banning",
          "@name": "test_paymaster_banned_opcode[CREATE2-]",
          "@time": "0.415"
        },
        {
          "@classname": "tests.single.opbanning.test_op_banning",
          "@name": "test_paymaster_banned_opcode[CREATE2-CALL:>]",
          "@time": "0.633"
        },
        {
          "@classname": "tests.single.opbanning.test_op_banning",
          "@name": "test_paymaster_banned_opcode[CREATE2-DELEGATECALL:>]",
          "@time": "0.731"
        },
        {
          "@classname": "tests.single.opbanning.test_op_banning",
          "@name": "test_paymaster_banned_opcode[SELFDESTRUCT-]",
          "@time": "0.463"
        },
        {
          "@classname": "tests.single.opbanning.test_op_banning",
          "@name": "test_paymaster_banned_opcode[SELFDESTRUCT-CALL:>]",
          "@time": "0.696"
        },
        {
          "@classname": "tests.single.opbanning.test_op_banning",
          "@name": "test_paymaster_banned_opcode[SELFDESTRUCT-DELEGATECALL:>]",
          "@time": "0.779"
        },
        {
          "@classname": "tests.single.opbanning.test_op_banning",
          "@name": "test_paymaster_banned_opcode[BLOBHASH-]",
          "@time": "0.424",
          "failure": {
            "@message": "AttributeError: expected error object, got:\nOk(result='0xfc77e00779c35922506e5116232389da2e42ff9b2a46a200b098104e38284095', id=923)",
            "#text": "tests/utils.py:206: in assert_rpc_error\n    assert response.code == code\nE   AttributeError: 'Ok' object has no attribute 'code'\n\nThe above exception was the direct cause of the following exception:\ntests/single/opbanning/test_op_banning.py:96: in test_paymaster_banned_opcode\n    assert_rpc_error(\ntests/utils.py:211: in assert_rpc_error\n    raise AttributeError(f\"expected error object, got:\\n{response}\") from exc\nE   AttributeError: expected error object, got:\nE   Ok(result='0xfc77e00779c35922506e5116232389da2e42ff9b2a46a200b098104e38284095', id=923)"
          },
          "system-out": "--------------------------------- Captured Log ---------------------------------\n\n--------------------------------- Captured Out ---------------------------------",
          "system-err": "--------------------------------- Captured Err ---------------------------------"
        },
        {
          "@classname": "tests.single.opbanning.test_op_banning",
          "@name": "test_paymaster_banned_opcode[BLOBHASH-CALL:>]",
          "@time": "0.641",
          "failure": {
            "@message": "AttributeError: expected error object, got:\nOk(result='0x57472d67320613e335f9b610546492f44dfc7801ea2b6eb1699cf39a7d00f11b', id=925)",
            "#text": "tests/utils.py:206: in assert_rpc_error\n    assert response.code == code\nE   AttributeError: 'Ok' object has no attribute 'code'\n\nThe above exception was the direct cause of the following exception:\ntests/single/opbanning/test_op_banning.py:96: in test_paymaster_banned_opcode\n    assert_rpc_error(\ntests/utils.py:211: in assert_rpc_error\n    raise AttributeError(f\"expected error object, got:\\n{response}\") from exc\nE   AttributeError: expected error object, got:\nE   Ok(result='0x57472d67320613e335f9b610546492f44dfc7801ea2b6eb1699cf39a7d00f11b', id=925)"
          },
          "system-out": "--------------------------------- Captured Log ---------------------------------\n\n--------------------------------- Captured Out ---------------------------------",
          "system-err": "--------------------------------- Captured Err ---------------------------------"
        },
        {
          "@classname": "tests.single.opbanning.test_op_banning",
          "@name": "test_paymaster_banned_opcode[BLOBHASH-DELEGATECALL:>]",
          "@time": "0.732",
          "failure": {
            "@message": "AttributeError: expected error object, got:\nOk(result='0x2c0a3e30541c0850acf73d7223f542dd1c8634f4b2e6919542762b7fbddcf5fc', id=927)",
            "#text": "tests/utils.py:206: in assert_rpc_error\n    assert response.code == code\nE   AttributeError: 'Ok' object has no attribute 'code'\n\nThe above exception was the direct cause of the following exception:\ntests/single/opbanning/test_op_banning.py:96: in test_paymaster_banned_opcode\n    assert_rpc_error(\ntests/utils.py:211: in assert_rpc_error\n    raise AttributeError(f\"expected error object, got:\\n{response}\") from exc\nE   AttributeError: expected error object, got:\nE   Ok(result='0x2c0a3e30541c0850acf73d7223f542dd1c8634f4b2e6919542762b7fbddcf5fc', id=927)"
          },
          "system-out": "--------------------------------- Captured Log ---------------------------------\n\n--------------------------------- Captured Out ---------------------------------",
          "system-err": "--------------------------------- Captured Err ---------------------------------"
        },
        {
          "@classname": "tests.single.opbanning.test_op_banning",
          "@name": "test_paymaster_banned_opcode[BLOBBASEFEE-]",
          "@time": "0.380",
          "failure": {
            "@message": "AttributeError: expected error object, got:\nOk(result='0x0c8ad81ba5ba4df8150a4e366aebbf7d677055eb22c9a4007ab52afec743f281', id=929)",
            "#text": "tests/utils.py:206: in assert_rpc_error\n    assert response.code == code\nE   AttributeError: 'Ok' object has no attribute 'code'\n\nThe above exception was the direct cause of the following exception:\ntests/single/opbanning/test_op_banning.py:96: in test_paymaster_banned_opcode\n    assert_rpc_error(\ntests/utils.py:211: in assert_rpc_error\n    raise AttributeError(f\"expected error object, got:\\n{response}\") from exc\nE   AttributeError: expected error object, got:\nE   Ok(result='0x0c8ad81ba5ba4df8150a4e366aebbf7d677055eb22c9a4007ab52afec743f281', id=929)"
          },
          "system-out": "--------------------------------- Captured Log ---------------------------------\n\n--------------------------------- Captured Out ---------------------------------",
          "system-err": "--------------------------------- Captured Err ---------------------------------"
        },
        {
          "@classname": "tests.single.opbanning.test_op_banning",
          "@name": "test_paymaster_banned_opcode[BLOBBASEFEE-CALL:>]",
          "@time": "0.687",
          "failure": {
            "@message": "AttributeError: expected error object, got:\nOk(result='0xdcc855f5bcef0026e9fb8c243266c4427dc6a82fd1fe5b5092783ac6e62ac3a5', id=931)",
            "#text": "tests/utils.py:206: in assert_rpc_error\n    assert response.code == code\nE   AttributeError: 'Ok' object has no attribute 'code'\n\nThe above exception was the direct cause of the following exception:\ntests/single/opbanning/test_op_banning.py:96: in test_paymaster_banned_opcode\n    assert_rpc_error(\ntests/utils.py:211: in assert_rpc_error\n    raise AttributeError(f\"expected error object, got:\\n{response}\") from exc\nE   AttributeError: expected error object, got:\nE   Ok(result='0xdcc855f5bcef0026e9fb8c243266c4427dc6a82fd1fe5b5092783ac6e62ac3a5', id=931)"
          },
          "system-out": "--------------------------------- Captured Log ---------------------------------\n\n--------------------------------- Captured Out ---------------------------------",
          "system-err": "--------------------------------- Captured Err ---------------------------------"
        },
        {
          "@classname": "tests.single.opbanning.test_op_banning",
          "@name": "test_paymaster_banned_opcode[BLOBBASEFEE-DELEGATECALL:>]",
          "@time": "0.768",
          "failure": {
            "@message": "AttributeError: expected error object, got:\nOk(result='0xb22e85760cc8643b91f167d7c139a9b322c2d4e8c91441bbb92c0666eafe8ada', id=933)",
            "#text": "tests/utils.py:206: in assert_rpc_error\n    assert response.code == code\nE   AttributeError: 'Ok' object has no attribute 'code'\n\nThe above exception was the direct cause of the following exception:\ntests/single/opbanning/test_op_banning.py:96: in test_paymaster_banned_opcode\n    assert_rpc_error(\ntests/utils.py:211: in assert_rpc_error\n    raise AttributeError(f\"expected error object, got:\\n{response}\") from exc\nE   AttributeError: expected error object, got:\nE   Ok(result='0xb22e85760cc8643b91f167d7c139a9b322c2d4e8c91441bbb92c0666eafe8ada', id=933)"
          },
          "system-out": "--------------------------------- Captured Log ---------------------------------\n\n--------------------------------- Captured Out ---------------------------------",
          "system-err": "--------------------------------- Captured Err ---------------------------------"
        },
        {
          "@classname": "tests.single.opbanning.test_op_banning",
          "@name": "test_paymaster_allowed_opcode_when_staked[BALANCE]",
          "@time": "0.471",
          "failure": {
            "@message": "AttributeError: expected result object, got:\nError(code=-32502, message='paymaster uses banned opcode: BALANCE', data=None, id=935)",
            "#text": "tests/utils.py:199: in assert_ok\n    assert response.result\nE   AttributeError: 'Error' object has no attribute 'result'\n\nThe above exception was the direct cause of the following exception:\ntests/single/opbanning/test_op_banning.py:113: in test_paymaster_allowed_opcode_when_staked\n    assert_ok(response)\ntests/utils.py:201: in assert_ok\n    raise AttributeError(f\"expected result object, got:\\n{response}\") from exc\nE   AttributeError: expected result object, got:\nE   Error(code=-32502, message='paymaster uses banned opcode: BALANCE', data=None, id=935)"
          },
          "system-out": "--------------------------------- Captured Log ---------------------------------\n\n--------------------------------- Captured Out ---------------------------------",
          "system-err": "--------------------------------- Captured Err ---------------------------------"
        },
        {
          "@classname": "tests.single.opbanning.test_op_banning",
          "@name": "test_paymaster_allowed_opcode_when_staked[SELFBALANCE]",
          "@time": "0.484",
          "failure": {
            "@message": "AttributeError: expected result object, got:\nError(code=-32502, message='paymaster uses banned opcode: SELFBALANCE', data=None, id=937)",
            "#text": "tests/utils.py:199: in assert_ok\n    assert response.result\nE   AttributeError: 'Error' object has no attribute 'result'\n\nThe above exception was the direct cause of the following exception:\ntests/single/opbanning/test_op_banning.py:113: in test_paymaster_allowed_opcode_when_staked\n    assert_ok(response)\ntests/utils.py:201: in assert_ok\n    raise AttributeError(f\"expected result object, got:\\n{response}\") from exc\nE   AttributeError: expected result object, got:\nE   Error(code=-32502, message='paymaster uses banned opcode: SELFBALANCE', data=None, id=937)"
          },
          "system-out": "--------------------------------- Captured Log ---------------------------------\n\n--------------------------------- Captured Out ---------------------------------",
          "system-err": "--------------------------------- Captured Err ---------------------------------"
        },
        {
          "@classname": "tests.single.opbanning.test_op_banning",
          "@name": "test_factory_banned_opcode[GAS]",
          "@time": "0.368"
        },
        {
          "@classname": "tests.single.opbanning.test_op_banning",
          "@name": "test_factory_banned_opcode[NUMBER]",
          "@time": "0.268"
        },
        {
          "@classname": "tests.single.opbanning.test_op_banning",
          "@name": "test_factory_banned_opcode[TIMESTAMP]",
          "@time": "0.373"
        },
        {
          "@classname": "tests.single.opbanning.test_op_banning",
          "@name": "test_factory_banned_opcode[COINBASE]",
          "@time": "0.279"
        },
        {
          "@classname": "tests.single.opbanning.test_op_banning",
          "@name": "test_factory_banned_opcode[DIFFICULTY]",
          "@time": "0.377"
        },
        {
          "@classname": "tests.single.opbanning.test_op_banning",
          "@name": "test_factory_banned_opcode[BASEFEE]",
          "@time": "0.271"
        },
        {
          "@classname": "tests.single.opbanning.test_op_banning",
          "@name": "test_factory_banned_opcode[GASLIMIT]",
          "@time": "0.279"
        },
        {
          "@classname": "tests.single.opbanning.test_op_banning",
          "@name": "test_factory_banned_opcode[GASPRICE]",
          "@time": "0.386"
        },
        {
          "@classname": "tests.single.opbanning.test_op_banning",
          "@name": "test_factory_banned_opcode[SELFBALANCE]",
          "@time": "0.405"
        },
        {
          "@classname": "tests.single.opbanning.test_op_banning",
          "@name": "test_factory_banned_opcode[BALANCE]",
          "@time": "0.386"
        },
        {
          "@classname": "tests.single.opbanning.test_op_banning",
          "@name": "test_factory_banned_opcode[ORIGIN]",
          "@time": "0.283"
        },
        {
          "@classname": "tests.single.opbanning.test_op_banning",
          "@name": "test_factory_banned_opcode[BLOCKHASH]",
          "@time": "0.281"
        },
        {
          "@classname": "tests.single.opbanning.test_op_banning",
          "@name": "test_factory_banned_opcode[CREATE]",
          "@time": "0.300"
        },
        {
          "@classname": "tests.single.opbanning.test_op_banning",
          "@name": "test_factory_banned_opcode[CREATE2]",
          "@time": "0.298"
        },
        {
          "@classname": "tests.single.opbanning.test_op_banning",
          "@name": "test_factory_banned_opcode[SELFDESTRUCT]",
          "@time": "0.396"
        },
        {
          "@classname": "tests.single.opbanning.test_op_banning",
          "@name": "test_factory_banned_opcode[BLOBHASH]",
          "@time": "0.394",
          "failure": {
            "@message": "AttributeError: expected error object, got:\nOk(result='0xca4c89739fa40958025fd6eb835dde46aea7c8eeaf6075f5f8ed784a8fb9a10d', id=969)",
            "#text": "tests/utils.py:206: in assert_rpc_error\n    assert response.code == code\nE   AttributeError: 'Ok' object has no attribute 'code'\n\nThe above exception was the direct cause of the following exception:\ntests/single/opbanning/test_op_banning.py:127: in test_factory_banned_opcode\n    assert_rpc_error(\ntests/utils.py:211: in assert_rpc_error\n    raise AttributeError(f\"expected error object, got:\\n{response}\") from exc\nE   AttributeError: expected error object, got:\nE   Ok(result='0xca4c89739fa40958025fd6eb835dde46aea7c8eeaf6075f5f8ed784a8fb9a10d', id=969)"
          },
          "system-out": "--------------------------------- Captured Log ---------------------------------\n\n--------------------------------- Captured Out ---------------------------------",
          "system-err": "--------------------------------- Captured Err ---------------------------------"
        },
        {
          "@classname": "tests.single.opbanning.test_op_banning",
          "@name": "test_factory_banned_opcode[BLOBBASEFEE]",
          "@time": "0.403",
          "failure": {
            "@message": "AttributeError: expected error object, got:\nOk(result='0x2cba41fd6afe57995f4de3fa617091a5c8c3ccf85da44b809f40c3d89b0228cf', id=971)",
            "#text": "tests/utils.py:206: in assert_rpc_error\n    assert response.code == code\nE   AttributeError: 'Ok' object has no attribute 'code'\n\nThe above exception was the direct cause of the following exception:\ntests/single/opbanning/test_op_banning.py:127: in test_factory_banned_opcode\n    assert_rpc_error(\ntests/utils.py:211: in assert_rpc_error\n    raise AttributeError(f\"expected error object, got:\\n{response}\") from exc\nE   AttributeError: expected error object, got:\nE   Ok(result='0x2cba41fd6afe57995f4de3fa617091a5c8c3ccf85da44b809f40c3d89b0228cf', id=971)"
          },
          "system-out": "--------------------------------- Captured Log ---------------------------------\n\n--------------------------------- Captured Out ---------------------------------",
          "system-err": "--------------------------------- Captured Err ---------------------------------"
        },
        {
          "@classname": "tests.single.opbanning.test_op_banning",
          "@name": "test_factory_allowed_opcode_when_staked[BALANCE]",
          "@time": "0.453",
          "failure": {
            "@message": "AttributeError: expected result object, got:\nError(code=-32502, message='factory uses banned opcode: BALANCE', data=None, id=973)",
            "#text": "tests/utils.py:199: in assert_ok\n    assert response.result\nE   AttributeError: 'Error' object has no attribute 'result'\n\nThe above exception was the direct cause of the following exception:\ntests/single/opbanning/test_op_banning.py:153: in test_factory_allowed_opcode_when_staked\n    assert_ok(response)\ntests/utils.py:201: in assert_ok\n    raise AttributeError(f\"expected result object, got:\\n{response}\") from exc\nE   AttributeError: expected result object, got:\nE   Error(code=-32502, message='factory uses banned opcode: BALANCE', data=None, id=973)"
          },
          "system-out": "--------------------------------- Captured Log ---------------------------------\n\n--------------------------------- Captured Out ---------------------------------",
          "system-err": "--------------------------------- Captured Err ---------------------------------"
        },
        {
          "@classname": "tests.single.opbanning.test_op_banning",
          "@name": "test_factory_allowed_opcode_when_staked[SELFBALANCE]",
          "@time": "0.449",
          "failure": {
            "@message": "AttributeError: expected result object, got:\nError(code=-32502, message='factory uses banned opcode: SELFBALANCE', data=None, id=975)",
            "#text": "tests/utils.py:199: in assert_ok\n    assert response.result\nE   AttributeError: 'Error' object has no attribute 'result'\n\nThe above exception was the direct cause of the following exception:\ntests/single/opbanning/test_op_banning.py:153: in test_factory_allowed_opcode_when_staked\n    assert_ok(response)\ntests/utils.py:201: in assert_ok\n    raise AttributeError(f\"expected result object, got:\\n{response}\") from exc\nE   AttributeError: expected result object, got:\nE   Error(code=-32502, message='factory uses banned opcode: SELFBALANCE', data=None, id=975)"
          },
          "system-out": "--------------------------------- Captured Log ---------------------------------\n\n--------------------------------- Captured Out ---------------------------------",
          "system-err": "--------------------------------- Captured Err ---------------------------------"
        },
        {
          "@classname": "tests.single.reputation.test_erep",
          "@name": "test_paymaster_on_account_failure",
          "@time": "0.264",
          "failure": {
            "@message": "AttributeError: 'Error' object has no attribute 'result'",
            "#text": "tests/single/reputation/test_erep.py:71: in test_paymaster_on_account_failure\n    set_reputation(paymaster.address, ops_seen=5, ops_included=2)\ntests/utils.py:321: in set_reputation\n    assert res.result\nE   AttributeError: 'Error' object has no attribute 'result'"
          },
          "system-out": "--------------------------------- Captured Log ---------------------------------\n\n--------------------------------- Captured Out ---------------------------------",
          "system-err": "--------------------------------- Captured Err ---------------------------------"
        },
        {
          "@classname": "tests.single.reputation.test_erep",
          "@name": "test_staked_factory_on_account_failure",
          "@time": "1.916",
          "failure": {
            "@message": "AssertionError: assert 2 >= 10000\n +  where 2 = Reputation(address='0xde940a24d6a1148e89f3b2444c6cef45bb6cf4d7', opsSeen=2, opsIncluded=0, status=0).opsSeen\n +    where Reputation(address='0xde940a24d6a1148e89f3b2444c6cef45bb6cf4d7', opsSeen=2, opsIncluded=0, status=0) = get_reputation('0xde940A24d6a1148e89f3b2444c6CeF45bB6Cf4d7')\n +      where '0xde940A24d6a1148e89f3b2444c6CeF45bB6Cf4d7' = <web3._utils.datatypes.Contract object at 0x7f8ab59ca980>.address",
            "#text": "tests/single/reputation/test_erep.py:120: in test_staked_factory_on_account_failure\n    assert get_reputation(factory.address).opsSeen >= 10000\nE   AssertionError: assert 2 >= 10000\nE    +  where 2 = Reputation(address='0xde940a24d6a1148e89f3b2444c6cef45bb6cf4d7', opsSeen=2, opsIncluded=0, status=0).opsSeen\nE    +    where Reputation(address='0xde940a24d6a1148e89f3b2444c6cef45bb6cf4d7', opsSeen=2, opsIncluded=0, status=0) = get_reputation('0xde940A24d6a1148e89f3b2444c6CeF45bB6Cf4d7')\nE    +      where '0xde940A24d6a1148e89f3b2444c6CeF45bB6Cf4d7' = <web3._utils.datatypes.Contract object at 0x7f8ab59ca980>.address"
          },
          "system-out": "--------------------------------- Captured Log ---------------------------------\n\n--------------------------------- Captured Out ---------------------------------",
          "system-err": "--------------------------------- Captured Err ---------------------------------"
        },
        {
          "@classname": "tests.single.reputation.test_erep",
          "@name": "test_account_on_entity_failure[staked]",
          "@time": "0.531",
          "failure": {
            "@message": "AttributeError: expected result object, got:\nError(code=0, message='-32000::invalid block range params', data=None, id=993)",
            "#text": "tests/utils.py:199: in assert_ok\n    assert response.result\nE   AttributeError: 'Error' object has no attribute 'result'\n\nThe above exception was the direct cause of the following exception:\ntests/single/reputation/test_erep.py:170: in test_account_on_entity_failure\n    send_bundle_now()\ntests/utils.py:230: in send_bundle_now\n    assert_ok(RPCRequest(method=\"debug_bundler_sendBundleNow\").send(url))\ntests/utils.py:201: in assert_ok\n    raise AttributeError(f\"expected result object, got:\\n{response}\") from exc\nE   AttributeError: expected result object, got:\nE   Error(code=0, message='-32000::invalid block range params', data=None, id=993)"
          },
          "system-out": "--------------------------------- Captured Log ---------------------------------\n\n--------------------------------- Captured Out ---------------------------------\nstaking account <web3._utils.datatypes.Contract object at 0x7f8ab5789840>",
          "system-err": "--------------------------------- Captured Err ---------------------------------"
        },
        {
          "@classname": "tests.single.reputation.test_erep",
          "@name": "test_account_on_entity_failure[unstaked]",
          "@time": "0.561",
          "failure": {
            "@message": "AttributeError: expected result object, got:\nError(code=0, message='-32000::invalid block range params', data=None, id=1000)",
            "#text": "tests/utils.py:199: in assert_ok\n    assert response.result\nE   AttributeError: 'Error' object has no attribute 'result'\n\nThe above exception was the direct cause of the following exception:\ntests/single/reputation/test_erep.py:170: in test_account_on_entity_failure\n    send_bundle_now()\ntests/utils.py:230: in send_bundle_now\n    assert_ok(RPCRequest(method=\"debug_bundler_sendBundleNow\").send(url))\ntests/utils.py:201: in assert_ok\n    raise AttributeError(f\"expected result object, got:\\n{response}\") from exc\nE   AttributeError: expected result object, got:\nE   Error(code=0, message='-32000::invalid block range params', data=None, id=1000)"
          },
          "system-out": "--------------------------------- Captured Log ---------------------------------\n\n--------------------------------- Captured Out ---------------------------------\nunstaked account <web3._utils.datatypes.Contract object at 0x7f8ab567dc30>",
          "system-err": "--------------------------------- Captured Err ---------------------------------"
        },
        {
          "@classname": "tests.single.reputation.test_replace",
          "@name": "test_replace_paymaster",
          "@time": "0.489",
          "failure": {
            "@message": "AssertionError: replace with unmodified userop\nassert 2 == 1\n +  where 2 = pm_opsSeen('0x3bE50Db8a72129Ad8e7b1CeD41D8ECe162Aa6dEF')\n +    where '0x3bE50Db8a72129Ad8e7b1CeD41D8ECe162Aa6dEF' = <web3._utils.datatypes.Contract object at 0x7f8ab58312a0>.address",
            "#text": "tests/single/reputation/test_replace.py:37: in test_replace_paymaster\n    assert pm_opsSeen(pm1.address) == 1, \"replace with unmodified userop\"\nE   AssertionError: replace with unmodified userop\nE   assert 2 == 1\nE    +  where 2 = pm_opsSeen('0x3bE50Db8a72129Ad8e7b1CeD41D8ECe162Aa6dEF')\nE    +    where '0x3bE50Db8a72129Ad8e7b1CeD41D8ECe162Aa6dEF' = <web3._utils.datatypes.Contract object at 0x7f8ab58312a0>.address"
          },
          "system-out": "--------------------------------- Captured Log ---------------------------------\n\n--------------------------------- Captured Out ---------------------------------",
          "system-err": "--------------------------------- Captured Err ---------------------------------"
        },
        {
          "@classname": "tests.single.reputation.test_reputation",
          "@name": "test_staked_entity_reputation_threshold[with_factory]",
          "@time": "0.000",
          "skipped": {
            "@type": "pytest.skip",
            "@message": "skipped",
            "#text": "/home/runner/work/bundler-test-executor/bundler-test-executor/bundler-spec-tests/tests/single/reputation/test_reputation.py:61: skipped"
          },
          "system-out": "--------------------------------- Captured Log ---------------------------------\n\n--------------------------------- Captured Out ---------------------------------",
          "system-err": "--------------------------------- Captured Err ---------------------------------"
        },
        {
          "@classname": "tests.single.reputation.test_reputation",
          "@name": "test_staked_entity_reputation_threshold[without_factory]",
          "@time": "0.000",
          "skipped": {
            "@type": "pytest.skip",
            "@message": "skipped",
            "#text": "/home/runner/work/bundler-test-executor/bundler-test-executor/bundler-spec-tests/tests/single/reputation/test_reputation.py:61: skipped"
          },
          "system-out": "--------------------------------- Captured Log ---------------------------------\n\n--------------------------------- Captured Out ---------------------------------",
          "system-err": "--------------------------------- Captured Err ---------------------------------"
        },
        {
          "@classname": "tests.single.rpc.test_eth_chainId",
          "@name": "test_eth_chainId[]",
          "@time": "0.010"
        },
        {
          "@classname": "tests.single.rpc.test_eth_estimateUserOperationGas",
          "@name": "test_eth_estimateUserOperationGas[]",
          "@time": "0.040"
        },
        {
          "@classname": "tests.single.rpc.test_eth_estimateUserOperationGas",
          "@name": "test_eth_estimateUserOperationGas_execution_revert",
          "@time": "0.037"
        },
        {
          "@classname": "tests.single.rpc.test_eth_estimateUserOperationGas",
          "@name": "test_eth_estimateUserOperationGas_simulation_revert",
          "@time": "0.034"
        },
        {
          "@classname": "tests.single.rpc.test_eth_getUserOperationByHash",
          "@name": "test_eth_getUserOperationByHash[]",
          "@time": "1.278",
          "failure": {
            "@message": "AttributeError: 'Error' object has no attribute 'result'",
            "#text": "tests/single/rpc/test_eth_getUserOperationByHash.py:17: in test_eth_getUserOperationByHash\n    ) == userop_hash(helper_contract, userop), \"user operation mismatch\"\nE   AttributeError: 'Error' object has no attribute 'result'"
          },
          "system-out": "--------------------------------- Captured Log ---------------------------------\n\n--------------------------------- Captured Out ---------------------------------",
          "system-err": "--------------------------------- Captured Err ---------------------------------"
        },
        {
          "@classname": "tests.single.rpc.test_eth_getUserOperationByHash",
          "@name": "test_eth_getUserOperationByHash_error",
          "@time": "0.007"
        },
        {
          "@classname": "tests.single.rpc.test_eth_getUserOperationReceipt",
          "@name": "test_eth_getUserOperationReceipt[]",
          "@time": "1.315"
        },
        {
          "@classname": "tests.single.rpc.test_eth_getUserOperationReceipt",
          "@name": "test_eth_getUserOperationReceipt_error",
          "@time": "0.007"
        },
        {
          "@classname": "tests.single.rpc.test_eth_sendUserOperation",
          "@name": "test_eth_sendUserOperation[]",
          "@time": "1.278",
          "failure": {
            "@message": "AssertionError: assert '0x3af3c7f1bf...8090738c6ca6d' == '0x0c0fcd5c41...9609cbcd25dc1'\n  \n  - 0x0c0fcd5c4195f6947bab6dfcc47863d58dc76ef01f01572dcb99609cbcd25dc1\n  + 0x3af3c7f1bf58de2302950b669274bfecbd6bb04075ee748e90f8090738c6ca6d",
            "#text": "tests/single/rpc/test_eth_sendUserOperation.py:19: in test_eth_sendUserOperation\n    assert response.result == userop_hash(helper_contract, userop)\nE   AssertionError: assert '0x3af3c7f1bf...8090738c6ca6d' == '0x0c0fcd5c41...9609cbcd25dc1'\nE     \nE     - 0x0c0fcd5c4195f6947bab6dfcc47863d58dc76ef01f01572dcb99609cbcd25dc1\nE     + 0x3af3c7f1bf58de2302950b669274bfecbd6bb04075ee748e90f8090738c6ca6d"
          },
          "system-out": "--------------------------------- Captured Log ---------------------------------\n\n--------------------------------- Captured Out ---------------------------------",
          "system-err": "--------------------------------- Captured Err ---------------------------------"
        },
        {
          "@classname": "tests.single.rpc.test_eth_sendUserOperation",
          "@name": "test_eth_sendUserOperation_revert",
          "@time": "0.043",
          "failure": {
            "@message": "AttributeError: expected result object, got:\nError(code=0, message='-32000::invalid block range params', data=None, id=1034)",
            "#text": "tests/utils.py:199: in assert_ok\n    assert response.result\nE   AttributeError: 'Error' object has no attribute 'result'\n\nThe above exception was the direct cause of the following exception:\ntests/single/rpc/test_eth_sendUserOperation.py:29: in test_eth_sendUserOperation_revert\n    send_bundle_now()\ntests/utils.py:230: in send_bundle_now\n    assert_ok(RPCRequest(method=\"debug_bundler_sendBundleNow\").send(url))\ntests/utils.py:201: in assert_ok\n    raise AttributeError(f\"expected result object, got:\\n{response}\") from exc\nE   AttributeError: expected result object, got:\nE   Error(code=0, message='-32000::invalid block range params', data=None, id=1034)"
          },
          "system-out": "--------------------------------- Captured Log ---------------------------------\n\n--------------------------------- Captured Out ---------------------------------",
          "system-err": "--------------------------------- Captured Err ---------------------------------"
        },
        {
          "@classname": "tests.single.rpc.test_eth_sendUserOperation",
          "@name": "test_eth_sendUserOperation_invalid_signature",
          "@time": "0.031"
        },
        {
          "@classname": "tests.single.rpc.test_eth_supportedEntryPoints",
          "@name": "test_eth_supportedEntryPoints[]",
          "@time": "0.010"
        }
      ]
    }
  }
}
