Mon Mar 31 17:14:03 UTC 2025: starting bundler /home/runner/work/bundler-test-executor/bundler-test-executor/bundlers/silius/silius.yml, name=silius
Mon Mar 31 17:14:09 UTC 2025: started bundler /home/runner/work/bundler-test-executor/bundler-test-executor/bundlers/silius/silius.yml, name=silius
============================= test session starts ==============================
platform linux -- Python 3.10.16, pytest-8.3.1, pluggy-1.5.0
rootdir: /home/runner/work/bundler-test-executor/bundler-test-executor/bundler-spec-tests
configfile: pyproject.toml
collected 481 items / 1 skipped

tests/single/bundle/test_bundle.py .......sssssssss.....                 [  4%]
tests/single/bundle/test_codehash.py s                                   [  4%]
tests/single/bundle/test_paymaster.py F                                  [  4%]
tests/single/bundle/test_storage_rules.py .........FFFFFF............... [ 11%]
......FFF............................................................... [ 25%]
........................................................................ [ 40%]
........................FFFFFF.......................................... [ 55%]
.......................................                                  [ 64%]
tests/single/eip7702/test_eip7702_tuple_userop.py FFFFFFFF               [ 65%]
tests/single/opbanning/test_create.py .....FFFFFF                        [ 67%]
tests/single/opbanning/test_op_banning.py .............................. [ 74%]
...............FFFFFFFFFFFF............................................. [ 89%]
......FFFFFFFF...............FFFF                                        [ 96%]
tests/single/reputation/test_erep.py FFFF                                [ 96%]
tests/single/reputation/test_replace.py F                                [ 97%]
tests/single/reputation/test_reputation.py ss                            [ 97%]
tests/single/rpc/test_eth_chainId.py .                                   [ 97%]
tests/single/rpc/test_eth_estimateUserOperationGas.py .FF                [ 98%]
tests/single/rpc/test_eth_getUserOperationByHash.py F.                   [ 98%]
tests/single/rpc/test_eth_getUserOperationReceipt.py ..                  [ 99%]
tests/single/rpc/test_eth_sendUserOperation.py FFF                       [ 99%]
tests/single/rpc/test_eth_supportedEntryPoints.py .                      [100%]

=================================== FAILURES ===================================
____________________________ test_paymaster_deposit ____________________________
tests/utils.py:206: in assert_rpc_error
    assert response.code == code
E   AttributeError: 'Ok' object has no attribute 'code'

The above exception was the direct cause of the following exception:
tests/single/bundle/test_paymaster.py:48: in test_paymaster_deposit
    assert_rpc_error(res, "too low", RPCErrorCode.PAYMASTER_DEPOSIT_TOO_LOW)
tests/utils.py:211: in assert_rpc_error
    raise AttributeError(f"expected error object, got:\n{response}") from exc
E   AttributeError: expected error object, got:
E   Ok(result='0x243710f8b6fdb3f1bcd8ae6b966185a0084da7d0a21c14daa805a728545ffb5e', id=98)
_ test_rule[[OP-070(STO-031)]unstaked][paymaster][transient_storage_tstore][drop-] _
tests/single/bundle/test_storage_rules.py:864: in test_rule
    case.assert_func(response)
tests/single/bundle/test_storage_rules.py:21: in assert_error
    assert_rpc_error(response, response.message, RPCErrorCode.BANNED_OPCODE)
E   AttributeError: 'Ok' object has no attribute 'message'
_ test_rule[[OP-070(STO-031)]unstaked][paymaster][transient_storage_tstore][drop-CALL:>] _
tests/single/bundle/test_storage_rules.py:864: in test_rule
    case.assert_func(response)
tests/single/bundle/test_storage_rules.py:21: in assert_error
    assert_rpc_error(response, response.message, RPCErrorCode.BANNED_OPCODE)
E   AttributeError: 'Ok' object has no attribute 'message'
_ test_rule[[OP-070(STO-031)]unstaked][paymaster][transient_storage_tstore][drop-DELEGATECALL:>] _
tests/single/bundle/test_storage_rules.py:864: in test_rule
    case.assert_func(response)
tests/single/bundle/test_storage_rules.py:21: in assert_error
    assert_rpc_error(response, response.message, RPCErrorCode.BANNED_OPCODE)
E   AttributeError: 'Ok' object has no attribute 'message'
_ test_rule[[OP-070(STO-031)]unstaked][paymaster][transient_storage_tload][drop-] _
tests/single/bundle/test_storage_rules.py:864: in test_rule
    case.assert_func(response)
tests/single/bundle/test_storage_rules.py:21: in assert_error
    assert_rpc_error(response, response.message, RPCErrorCode.BANNED_OPCODE)
E   AttributeError: 'Ok' object has no attribute 'message'
_ test_rule[[OP-070(STO-031)]unstaked][paymaster][transient_storage_tload][drop-CALL:>] _
tests/single/bundle/test_storage_rules.py:864: in test_rule
    case.assert_func(response)
tests/single/bundle/test_storage_rules.py:21: in assert_error
    assert_rpc_error(response, response.message, RPCErrorCode.BANNED_OPCODE)
E   AttributeError: 'Ok' object has no attribute 'message'
_ test_rule[[OP-070(STO-031)]unstaked][paymaster][transient_storage_tload][drop-DELEGATECALL:>] _
tests/single/bundle/test_storage_rules.py:864: in test_rule
    case.assert_func(response)
tests/single/bundle/test_storage_rules.py:21: in assert_error
    assert_rpc_error(response, response.message, RPCErrorCode.BANNED_OPCODE)
E   AttributeError: 'Ok' object has no attribute 'message'
______ test_rule[[EREP-050-regression]unstaked][paymaster][context][ok-] _______
tests/utils.py:199: in assert_ok
    assert response.result
E   AttributeError: 'Error' object has no attribute 'result'

The above exception was the direct cause of the following exception:
tests/single/bundle/test_storage_rules.py:864: in test_rule
    case.assert_func(response)
tests/utils.py:201: in assert_ok
    raise AttributeError(f"expected result object, got:\n{response}") from exc
E   AttributeError: expected result object, got:
E   Error(code=-32502, message='A unstaked paymaster at 0x772e337ace5801a18b1e12b5bba89b7b1bb7171a: must not return context', data=None, id=172)
___ test_rule[[EREP-050-regression]unstaked][paymaster][context][ok-CALL:>] ____
tests/utils.py:199: in assert_ok
    assert response.result
E   AttributeError: 'Error' object has no attribute 'result'

The above exception was the direct cause of the following exception:
tests/single/bundle/test_storage_rules.py:864: in test_rule
    case.assert_func(response)
tests/utils.py:201: in assert_ok
    raise AttributeError(f"expected result object, got:\n{response}") from exc
E   AttributeError: expected result object, got:
E   Error(code=-32502, message='A unstaked paymaster at 0xb924c65195a22d7a2c6121da7a235a4b846ba3ad: must not return context', data=None, id=174)
_ test_rule[[EREP-050-regression]unstaked][paymaster][context][ok-DELEGATECALL:>] _
tests/utils.py:199: in assert_ok
    assert response.result
E   AttributeError: 'Error' object has no attribute 'result'

The above exception was the direct cause of the following exception:
tests/single/bundle/test_storage_rules.py:864: in test_rule
    case.assert_func(response)
tests/utils.py:201: in assert_ok
    raise AttributeError(f"expected result object, got:\n{response}") from exc
E   AttributeError: expected result object, got:
E   Error(code=-32502, message='A unstaked paymaster at 0x7fe507b9df7ed8a7c62a0180c85020f39f9c5922: must not return context', data=None, id=176)
_ test_rule[[STO-022]unstaked][account][account_reference_storage_init_code][ok-] _
tests/utils.py:199: in assert_ok
    assert response.result
E   AttributeError: 'Error' object has no attribute 'result'

The above exception was the direct cause of the following exception:
tests/single/bundle/test_storage_rules.py:864: in test_rule
    case.assert_func(response)
tests/utils.py:201: in assert_ok
    raise AttributeError(f"expected result object, got:\n{response}") from exc
E   AttributeError: expected result object, got:
E   Error(code=-32502, message='factory uses banned opcode: CREATE', data=None, id=496)
_ test_rule[[STO-022]unstaked][account][account_reference_storage_init_code][ok-CALL:>] _
tests/utils.py:199: in assert_ok
    assert response.result
E   AttributeError: 'Error' object has no attribute 'result'

The above exception was the direct cause of the following exception:
tests/single/bundle/test_storage_rules.py:864: in test_rule
    case.assert_func(response)
tests/utils.py:201: in assert_ok
    raise AttributeError(f"expected result object, got:\n{response}") from exc
E   AttributeError: expected result object, got:
E   Error(code=-32502, message='factory uses banned opcode: CREATE', data=None, id=498)
----------------------------- Captured stdout call -----------------------------
CALL:> funding test_rules_target 0x65D041834D1Caa81FFa3F1fA198a36133E025924
_ test_rule[[STO-022]unstaked][account][account_reference_storage_init_code][ok-DELEGATECALL:>] _
tests/utils.py:199: in assert_ok
    assert response.result
E   AttributeError: 'Error' object has no attribute 'result'

The above exception was the direct cause of the following exception:
tests/single/bundle/test_storage_rules.py:864: in test_rule
    case.assert_func(response)
tests/utils.py:201: in assert_ok
    raise AttributeError(f"expected result object, got:\n{response}") from exc
E   AttributeError: expected result object, got:
E   Error(code=-32502, message='factory uses banned opcode: CREATE', data=None, id=500)
_ test_rule[[STO-022]unstaked][paymaster][account_reference_storage_init_code][ok-] _
tests/utils.py:199: in assert_ok
    assert response.result
E   AttributeError: 'Error' object has no attribute 'result'

The above exception was the direct cause of the following exception:
tests/single/bundle/test_storage_rules.py:864: in test_rule
    case.assert_func(response)
tests/utils.py:201: in assert_ok
    raise AttributeError(f"expected result object, got:\n{response}") from exc
E   AttributeError: expected result object, got:
E   Error(code=-32502, message='factory uses banned opcode: CREATE', data=None, id=502)
_ test_rule[[STO-022]unstaked][paymaster][account_reference_storage_init_code][ok-CALL:>] _
tests/utils.py:199: in assert_ok
    assert response.result
E   AttributeError: 'Error' object has no attribute 'result'

The above exception was the direct cause of the following exception:
tests/single/bundle/test_storage_rules.py:864: in test_rule
    case.assert_func(response)
tests/utils.py:201: in assert_ok
    raise AttributeError(f"expected result object, got:\n{response}") from exc
E   AttributeError: expected result object, got:
E   Error(code=-32502, message='factory uses banned opcode: CREATE', data=None, id=504)
_ test_rule[[STO-022]unstaked][paymaster][account_reference_storage_init_code][ok-DELEGATECALL:>] _
tests/utils.py:199: in assert_ok
    assert response.result
E   AttributeError: 'Error' object has no attribute 'result'

The above exception was the direct cause of the following exception:
tests/single/bundle/test_storage_rules.py:864: in test_rule
    case.assert_func(response)
tests/utils.py:201: in assert_ok
    raise AttributeError(f"expected result object, got:\n{response}") from exc
E   AttributeError: expected result object, got:
E   Error(code=-32502, message='factory uses banned opcode: CREATE', data=None, id=506)
____________________________ test_send_eip_7702_tx _____________________________
tests/utils.py:199: in assert_ok
    assert response.result
E   AttributeError: 'Error' object has no attribute 'result'

The above exception was the direct cause of the following exception:
tests/single/eip7702/test_eip7702_tuple_userop.py:36: in test_send_eip_7702_tx
    assert_ok(response)
tests/utils.py:201: in assert_ok
    raise AttributeError(f"expected result object, got:\n{response}") from exc
E   AttributeError: expected result object, got:
E   Error(code=-32602, message='sender 0x84d2…4866 is an existing contract, or the initCode 0x0000…0000 is not empty (but not both)', data=None, id=670)
_____________________ test_send_eip_7702_tx_with_initcode ______________________
tests/utils.py:199: in assert_ok
    assert response.result
E   AttributeError: 'Error' object has no attribute 'result'

The above exception was the direct cause of the following exception:
tests/single/eip7702/test_eip7702_tuple_userop.py:85: in test_send_eip_7702_tx_with_initcode
    assert_ok(response)
tests/utils.py:201: in assert_ok
    raise AttributeError(f"expected result object, got:\n{response}") from exc
E   AttributeError: expected result object, got:
E   Error(code=-32602, message='Invalid params', data='invalid length 4, expected a (both 0x-prefixed or not) hex string or byte array containing 20 bytes at line 1 column 92', id=672)
_________________ test_send_eip_7702_tx_with_flag_no_initcode __________________
tests/utils.py:199: in assert_ok
    assert response.result
E   AttributeError: 'Error' object has no attribute 'result'

The above exception was the direct cause of the following exception:
tests/single/eip7702/test_eip7702_tuple_userop.py:127: in test_send_eip_7702_tx_with_flag_no_initcode
    assert_ok(response)
tests/utils.py:201: in assert_ok
    raise AttributeError(f"expected result object, got:\n{response}") from exc
E   AttributeError: expected result object, got:
E   Error(code=-32602, message='Invalid params', data='invalid length 4, expected a (both 0x-prefixed or not) hex string or byte array containing 20 bytes at line 1 column 92', id=674)
________________________ test_send_post_eip_7702_tx[0] _________________________
tests/utils.py:199: in assert_ok
    assert response.result
E   AttributeError: 'Error' object has no attribute 'result'

The above exception was the direct cause of the following exception:
tests/single/eip7702/test_eip7702_tuple_userop.py:156: in test_send_post_eip_7702_tx
    assert_ok(response)
tests/utils.py:201: in assert_ok
    raise AttributeError(f"expected result object, got:\n{response}") from exc
E   AttributeError: expected result object, got:
E   Error(code=-32602, message='sender 0x5cb5…8c0a is an existing contract, or the initCode 0x0000…0000 is not empty (but not both)', data=None, id=676)
_______________________ test_send_post_eip_7702_tx[1337] _______________________
tests/utils.py:199: in assert_ok
    assert response.result
E   AttributeError: 'Error' object has no attribute 'result'

The above exception was the direct cause of the following exception:
tests/single/eip7702/test_eip7702_tuple_userop.py:156: in test_send_post_eip_7702_tx
    assert_ok(response)
tests/utils.py:201: in assert_ok
    raise AttributeError(f"expected result object, got:\n{response}") from exc
E   AttributeError: expected result object, got:
E   Error(code=-32602, message='sender 0x5eac…498d is an existing contract, or the initCode 0x0000…0000 is not empty (but not both)', data=None, id=678)
______________________ test_send_bad_eip_7702_drop_userop ______________________
tests/single/eip7702/test_eip7702_tuple_userop.py:208: in test_send_bad_eip_7702_drop_userop
    assert_rpc_error(response, "", RPCErrorCode.REJECTED_BY_EP_OR_ACCOUNT)
tests/utils.py:206: in assert_rpc_error
    assert response.code == code
E   AssertionError: assert -32602 == <RPCErrorCode.REJECTED_BY_EP_OR_ACCOUNT: -32500>
E    +  where -32602 = Error(code=-32602, message='sender 0x1d1b…e464 is an existing contract, or the initCode 0x0000…0000 is not empty (but not both)', data=None, id=680).code
___________________ test_send_nonsender_eip_7702_drop_userop ___________________
tests/utils.py:206: in assert_rpc_error
    assert response.code == code
E   AttributeError: 'Ok' object has no attribute 'code'

The above exception was the direct cause of the following exception:
tests/single/eip7702/test_eip7702_tuple_userop.py:223: in test_send_nonsender_eip_7702_drop_userop
    assert_rpc_error(userop.send(), "sender", RPCErrorCode.INVALID_FIELDS)
tests/utils.py:211: in assert_rpc_error
    raise AttributeError(f"expected error object, got:\n{response}") from exc
E   AttributeError: expected error object, got:
E   Ok(result='0x973041d2d14825fd39376af71c7a05a9be76fba6bf9946b976e4c904800f7f4d', id=682)
__________________ test_send_wrongchain_eip_7702_drop_userop ___________________
tests/utils.py:199: in assert_ok
    assert response.result
E   AttributeError: 'Error' object has no attribute 'result'

The above exception was the direct cause of the following exception:
tests/single/eip7702/test_eip7702_tuple_userop.py:244: in test_send_wrongchain_eip_7702_drop_userop
    assert_ok(userop.send())
tests/utils.py:201: in assert_ok
    raise AttributeError(f"expected result object, got:\n{response}") from exc
E   AttributeError: expected result object, got:
E   Error(code=-32602, message='sender 0xbc2e…eba6 is an existing contract, or the initCode 0x0000…0000 is not empty (but not both)', data=None, id=684)
_ test_account_create_with_factory[factory=unstaked,op=CREATE,expect=ok,rule=OP-032] _
tests/utils.py:199: in assert_ok
    assert response.result
E   AttributeError: 'Error' object has no attribute 'result'

The above exception was the direct cause of the following exception:
tests/single/opbanning/test_create.py:136: in test_account_create_with_factory
    assert_ok(response)
tests/utils.py:201: in assert_ok
    raise AttributeError(f"expected result object, got:\n{response}") from exc
E   AttributeError: expected result object, got:
E   Error(code=-32502, message='factory uses banned opcode: CREATE', data=None, id=696)
_ test_account_create_with_factory[factory=unstaked,op=CREATE2,expect=err,rule=OP-032] _
tests/single/opbanning/test_create.py:138: in test_account_create_with_factory
    assert_rpc_error(
tests/utils.py:207: in assert_rpc_error
    assert message.lower() in response.message.lower()
E   AssertionError: assert 'account uses banned opcode: create2' in 'factory uses banned opcode: create'
E    +  where 'account uses banned opcode: create2' = <built-in method lower of str object at 0x7f4f133d87b0>()
E    +    where <built-in method lower of str object at 0x7f4f133d87b0> = 'account uses banned opcode: CREATE2'.lower
E    +  and   'factory uses banned opcode: create' = <built-in method lower of str object at 0x7f4f133d8450>()
E    +    where <built-in method lower of str object at 0x7f4f133d8450> = 'factory uses banned opcode: CREATE'.lower
E    +      where 'factory uses banned opcode: CREATE' = Error(code=-32502, message='factory uses banned opcode: CREATE', data=None, id=698).message
_ test_account_create_with_factory[factory=staked,op=CREATE,expect=ok,rule=EREP-060] _
tests/utils.py:199: in assert_ok
    assert response.result
E   AttributeError: 'Error' object has no attribute 'result'

The above exception was the direct cause of the following exception:
tests/single/opbanning/test_create.py:136: in test_account_create_with_factory
    assert_ok(response)
tests/utils.py:201: in assert_ok
    raise AttributeError(f"expected result object, got:\n{response}") from exc
E   AttributeError: expected result object, got:
E   Error(code=-32502, message='factory uses banned opcode: CREATE', data=None, id=700)
_ test_account_create_with_factory[factory=staked,op=nested-CREATE,expect=err,rule=EREP-060] _
tests/single/opbanning/test_create.py:138: in test_account_create_with_factory
    assert_rpc_error(
tests/utils.py:207: in assert_rpc_error
    assert message.lower() in response.message.lower()
E   AssertionError: assert 'account uses banned opcode: create' in 'factory uses banned opcode: create'
E    +  where 'account uses banned opcode: create' = <built-in method lower of str object at 0x7f4f133dacd0>()
E    +    where <built-in method lower of str object at 0x7f4f133dacd0> = 'account uses banned opcode: CREATE'.lower
E    +  and   'factory uses banned opcode: create' = <built-in method lower of str object at 0x7f4f133db9f0>()
E    +    where <built-in method lower of str object at 0x7f4f133db9f0> = 'factory uses banned opcode: CREATE'.lower
E    +      where 'factory uses banned opcode: CREATE' = Error(code=-32502, message='factory uses banned opcode: CREATE', data=None, id=702).message
_ test_account_create_with_factory[factory=staked,op=nested-CREATE2,expect=err,rule=EREP-060] _
tests/single/opbanning/test_create.py:138: in test_account_create_with_factory
    assert_rpc_error(
tests/utils.py:207: in assert_rpc_error
    assert message.lower() in response.message.lower()
E   AssertionError: assert 'account uses banned opcode: create2' in 'factory uses banned opcode: create'
E    +  where 'account uses banned opcode: create2' = <built-in method lower of str object at 0x7f4f133d9a10>()
E    +    where <built-in method lower of str object at 0x7f4f133d9a10> = 'account uses banned opcode: CREATE2'.lower
E    +  and   'factory uses banned opcode: create' = <built-in method lower of str object at 0x7f4f133d9ad0>()
E    +    where <built-in method lower of str object at 0x7f4f133d9ad0> = 'factory uses banned opcode: CREATE'.lower
E    +      where 'factory uses banned opcode: CREATE' = Error(code=-32502, message='factory uses banned opcode: CREATE', data=None, id=704).message
_ test_account_create_with_factory[factory=staked,op=CREATE2,expect=ok,rule=EREP-060] _
tests/utils.py:199: in assert_ok
    assert response.result
E   AttributeError: 'Error' object has no attribute 'result'

The above exception was the direct cause of the following exception:
tests/single/opbanning/test_create.py:136: in test_account_create_with_factory
    assert_ok(response)
tests/utils.py:201: in assert_ok
    raise AttributeError(f"expected result object, got:\n{response}") from exc
E   AttributeError: expected result object, got:
E   Error(code=-32502, message='factory uses banned opcode: CREATE', data=None, id=706)
____________________ test_account_banned_opcode[BLOBHASH-] _____________________
tests/utils.py:206: in assert_rpc_error
    assert response.code == code
E   AttributeError: 'Ok' object has no attribute 'code'

The above exception was the direct cause of the following exception:
tests/single/opbanning/test_op_banning.py:55: in test_account_banned_opcode
    assert_rpc_error(
tests/utils.py:211: in assert_rpc_error
    raise AttributeError(f"expected error object, got:\n{response}") from exc
E   AttributeError: expected error object, got:
E   Ok(result='0x3999d6b4e30b55d74e0e3ed243f42c5e3052c4573b4bbb31fe9f4dc381713f34', id=798)
_________________ test_account_banned_opcode[BLOBHASH-CALL:>] __________________
tests/utils.py:206: in assert_rpc_error
    assert response.code == code
E   AttributeError: 'Ok' object has no attribute 'code'

The above exception was the direct cause of the following exception:
tests/single/opbanning/test_op_banning.py:55: in test_account_banned_opcode
    assert_rpc_error(
tests/utils.py:211: in assert_rpc_error
    raise AttributeError(f"expected error object, got:\n{response}") from exc
E   AttributeError: expected error object, got:
E   Ok(result='0x4e7c2825ced84848b0e6d5ae08467601f6964cb5fe8faf099a078fffde77c8cd', id=800)
_____________ test_account_banned_opcode[BLOBHASH-DELEGATECALL:>] ______________
tests/utils.py:206: in assert_rpc_error
    assert response.code == code
E   AttributeError: 'Ok' object has no attribute 'code'

The above exception was the direct cause of the following exception:
tests/single/opbanning/test_op_banning.py:55: in test_account_banned_opcode
    assert_rpc_error(
tests/utils.py:211: in assert_rpc_error
    raise AttributeError(f"expected error object, got:\n{response}") from exc
E   AttributeError: expected error object, got:
E   Ok(result='0x35a3995f4b6b7c23d8936f1ee8af438cbb271988b678aea7704ff9207b6a4d7f', id=802)
___________________ test_account_banned_opcode[BLOBBASEFEE-] ___________________
tests/utils.py:206: in assert_rpc_error
    assert response.code == code
E   AttributeError: 'Ok' object has no attribute 'code'

The above exception was the direct cause of the following exception:
tests/single/opbanning/test_op_banning.py:55: in test_account_banned_opcode
    assert_rpc_error(
tests/utils.py:211: in assert_rpc_error
    raise AttributeError(f"expected error object, got:\n{response}") from exc
E   AttributeError: expected error object, got:
E   Ok(result='0x29c04caf56ded998c9a93164c3db46fc059c270ae523a4fa38a0443c14a3e9ff', id=804)
________________ test_account_banned_opcode[BLOBBASEFEE-CALL:>] ________________
tests/utils.py:206: in assert_rpc_error
    assert response.code == code
E   AttributeError: 'Ok' object has no attribute 'code'

The above exception was the direct cause of the following exception:
tests/single/opbanning/test_op_banning.py:55: in test_account_banned_opcode
    assert_rpc_error(
tests/utils.py:211: in assert_rpc_error
    raise AttributeError(f"expected error object, got:\n{response}") from exc
E   AttributeError: expected error object, got:
E   Ok(result='0x5b9b37ff900427a0949f5e034141a4f00f0e4236fc1d0e22dc3ee7c1df2d869b', id=806)
____________ test_account_banned_opcode[BLOBBASEFEE-DELEGATECALL:>] ____________
tests/utils.py:206: in assert_rpc_error
    assert response.code == code
E   AttributeError: 'Ok' object has no attribute 'code'

The above exception was the direct cause of the following exception:
tests/single/opbanning/test_op_banning.py:55: in test_account_banned_opcode
    assert_rpc_error(
tests/utils.py:211: in assert_rpc_error
    raise AttributeError(f"expected error object, got:\n{response}") from exc
E   AttributeError: expected error object, got:
E   Ok(result='0x36ff154e97199605fe8b8132244b166e0384228ce3e8c4cee8f467c9d813546d', id=808)
______________ test_account_allowed_opcode_when_staked[BALANCE-] _______________
tests/utils.py:199: in assert_ok
    assert response.result
E   AttributeError: 'Error' object has no attribute 'result'

The above exception was the direct cause of the following exception:
tests/single/opbanning/test_op_banning.py:69: in test_account_allowed_opcode_when_staked
    assert_ok(response)
tests/utils.py:201: in assert_ok
    raise AttributeError(f"expected result object, got:\n{response}") from exc
E   AttributeError: expected result object, got:
E   Error(code=-32502, message='account uses banned opcode: BALANCE', data=None, id=810)
___________ test_account_allowed_opcode_when_staked[BALANCE-CALL:>] ____________
tests/utils.py:199: in assert_ok
    assert response.result
E   AttributeError: 'Error' object has no attribute 'result'

The above exception was the direct cause of the following exception:
tests/single/opbanning/test_op_banning.py:69: in test_account_allowed_opcode_when_staked
    assert_ok(response)
tests/utils.py:201: in assert_ok
    raise AttributeError(f"expected result object, got:\n{response}") from exc
E   AttributeError: expected result object, got:
E   Error(code=-32502, message='account uses banned opcode: BALANCE', data=None, id=812)
_______ test_account_allowed_opcode_when_staked[BALANCE-DELEGATECALL:>] ________
tests/utils.py:199: in assert_ok
    assert response.result
E   AttributeError: 'Error' object has no attribute 'result'

The above exception was the direct cause of the following exception:
tests/single/opbanning/test_op_banning.py:69: in test_account_allowed_opcode_when_staked
    assert_ok(response)
tests/utils.py:201: in assert_ok
    raise AttributeError(f"expected result object, got:\n{response}") from exc
E   AttributeError: expected result object, got:
E   Error(code=-32502, message='account uses banned opcode: BALANCE', data=None, id=814)
____________ test_account_allowed_opcode_when_staked[SELFBALANCE-] _____________
tests/utils.py:199: in assert_ok
    assert response.result
E   AttributeError: 'Error' object has no attribute 'result'

The above exception was the direct cause of the following exception:
tests/single/opbanning/test_op_banning.py:69: in test_account_allowed_opcode_when_staked
    assert_ok(response)
tests/utils.py:201: in assert_ok
    raise AttributeError(f"expected result object, got:\n{response}") from exc
E   AttributeError: expected result object, got:
E   Error(code=-32502, message='account uses banned opcode: SELFBALANCE', data=None, id=816)
_________ test_account_allowed_opcode_when_staked[SELFBALANCE-CALL:>] __________
tests/utils.py:199: in assert_ok
    assert response.result
E   AttributeError: 'Error' object has no attribute 'result'

The above exception was the direct cause of the following exception:
tests/single/opbanning/test_op_banning.py:69: in test_account_allowed_opcode_when_staked
    assert_ok(response)
tests/utils.py:201: in assert_ok
    raise AttributeError(f"expected result object, got:\n{response}") from exc
E   AttributeError: expected result object, got:
E   Error(code=-32502, message='account uses banned opcode: SELFBALANCE', data=None, id=818)
_____ test_account_allowed_opcode_when_staked[SELFBALANCE-DELEGATECALL:>] ______
tests/utils.py:199: in assert_ok
    assert response.result
E   AttributeError: 'Error' object has no attribute 'result'

The above exception was the direct cause of the following exception:
tests/single/opbanning/test_op_banning.py:69: in test_account_allowed_opcode_when_staked
    assert_ok(response)
tests/utils.py:201: in assert_ok
    raise AttributeError(f"expected result object, got:\n{response}") from exc
E   AttributeError: expected result object, got:
E   Error(code=-32502, message='account uses banned opcode: SELFBALANCE', data=None, id=820)
___________________ test_paymaster_banned_opcode[BLOBHASH-] ____________________
tests/utils.py:206: in assert_rpc_error
    assert response.code == code
E   AttributeError: 'Ok' object has no attribute 'code'

The above exception was the direct cause of the following exception:
tests/single/opbanning/test_op_banning.py:96: in test_paymaster_banned_opcode
    assert_rpc_error(
tests/utils.py:211: in assert_rpc_error
    raise AttributeError(f"expected error object, got:\n{response}") from exc
E   AttributeError: expected error object, got:
E   Ok(result='0x420192063f46a7f864187e5ac4d7ff09ee4d7682fe3370826af3ccfe660d42bb', id=924)
________________ test_paymaster_banned_opcode[BLOBHASH-CALL:>] _________________
tests/utils.py:206: in assert_rpc_error
    assert response.code == code
E   AttributeError: 'Ok' object has no attribute 'code'

The above exception was the direct cause of the following exception:
tests/single/opbanning/test_op_banning.py:96: in test_paymaster_banned_opcode
    assert_rpc_error(
tests/utils.py:211: in assert_rpc_error
    raise AttributeError(f"expected error object, got:\n{response}") from exc
E   AttributeError: expected error object, got:
E   Ok(result='0x4896e9667c6548c5160a285a787173e17ebadd63b5fe48c86b5419dd5e4366de', id=926)
____________ test_paymaster_banned_opcode[BLOBHASH-DELEGATECALL:>] _____________
tests/utils.py:206: in assert_rpc_error
    assert response.code == code
E   AttributeError: 'Ok' object has no attribute 'code'

The above exception was the direct cause of the following exception:
tests/single/opbanning/test_op_banning.py:96: in test_paymaster_banned_opcode
    assert_rpc_error(
tests/utils.py:211: in assert_rpc_error
    raise AttributeError(f"expected error object, got:\n{response}") from exc
E   AttributeError: expected error object, got:
E   Ok(result='0xc420254cb5ddb9c4a519104a4fbb0fadb615fc5d1fd9e83d8a8310770478e8a4', id=928)
__________________ test_paymaster_banned_opcode[BLOBBASEFEE-] __________________
tests/utils.py:206: in assert_rpc_error
    assert response.code == code
E   AttributeError: 'Ok' object has no attribute 'code'

The above exception was the direct cause of the following exception:
tests/single/opbanning/test_op_banning.py:96: in test_paymaster_banned_opcode
    assert_rpc_error(
tests/utils.py:211: in assert_rpc_error
    raise AttributeError(f"expected error object, got:\n{response}") from exc
E   AttributeError: expected error object, got:
E   Ok(result='0x0c06f7eea115faf94ac8a687d7b581761bd6fbacf880742ce7179e0574a8b2f6', id=930)
_______________ test_paymaster_banned_opcode[BLOBBASEFEE-CALL:>] _______________
tests/utils.py:206: in assert_rpc_error
    assert response.code == code
E   AttributeError: 'Ok' object has no attribute 'code'

The above exception was the direct cause of the following exception:
tests/single/opbanning/test_op_banning.py:96: in test_paymaster_banned_opcode
    assert_rpc_error(
tests/utils.py:211: in assert_rpc_error
    raise AttributeError(f"expected error object, got:\n{response}") from exc
E   AttributeError: expected error object, got:
E   Ok(result='0xc98eea90256be820ae34bd81cb9999b178da81441f1da2cb8a02c5852951e962', id=932)
___________ test_paymaster_banned_opcode[BLOBBASEFEE-DELEGATECALL:>] ___________
tests/utils.py:206: in assert_rpc_error
    assert response.code == code
E   AttributeError: 'Ok' object has no attribute 'code'

The above exception was the direct cause of the following exception:
tests/single/opbanning/test_op_banning.py:96: in test_paymaster_banned_opcode
    assert_rpc_error(
tests/utils.py:211: in assert_rpc_error
    raise AttributeError(f"expected error object, got:\n{response}") from exc
E   AttributeError: expected error object, got:
E   Ok(result='0xa0f7bb7655b69cbe1fa66fe95751dbdbc6d0e5d9678b253cbcfaecf1f95ad43b', id=934)
______________ test_paymaster_allowed_opcode_when_staked[BALANCE] ______________
tests/utils.py:199: in assert_ok
    assert response.result
E   AttributeError: 'Error' object has no attribute 'result'

The above exception was the direct cause of the following exception:
tests/single/opbanning/test_op_banning.py:113: in test_paymaster_allowed_opcode_when_staked
    assert_ok(response)
tests/utils.py:201: in assert_ok
    raise AttributeError(f"expected result object, got:\n{response}") from exc
E   AttributeError: expected result object, got:
E   Error(code=-32502, message='paymaster uses banned opcode: BALANCE', data=None, id=936)
____________ test_paymaster_allowed_opcode_when_staked[SELFBALANCE] ____________
tests/utils.py:199: in assert_ok
    assert response.result
E   AttributeError: 'Error' object has no attribute 'result'

The above exception was the direct cause of the following exception:
tests/single/opbanning/test_op_banning.py:113: in test_paymaster_allowed_opcode_when_staked
    assert_ok(response)
tests/utils.py:201: in assert_ok
    raise AttributeError(f"expected result object, got:\n{response}") from exc
E   AttributeError: expected result object, got:
E   Error(code=-32502, message='paymaster uses banned opcode: SELFBALANCE', data=None, id=938)
_____________________ test_factory_banned_opcode[BLOBHASH] _____________________
tests/utils.py:206: in assert_rpc_error
    assert response.code == code
E   AttributeError: 'Ok' object has no attribute 'code'

The above exception was the direct cause of the following exception:
tests/single/opbanning/test_op_banning.py:127: in test_factory_banned_opcode
    assert_rpc_error(
tests/utils.py:211: in assert_rpc_error
    raise AttributeError(f"expected error object, got:\n{response}") from exc
E   AttributeError: expected error object, got:
E   Ok(result='0x7b52518978339823d65ca9e9593b837d461b83ada36f8353e209025548e5b420', id=970)
___________________ test_factory_banned_opcode[BLOBBASEFEE] ____________________
tests/utils.py:206: in assert_rpc_error
    assert response.code == code
E   AttributeError: 'Ok' object has no attribute 'code'

The above exception was the direct cause of the following exception:
tests/single/opbanning/test_op_banning.py:127: in test_factory_banned_opcode
    assert_rpc_error(
tests/utils.py:211: in assert_rpc_error
    raise AttributeError(f"expected error object, got:\n{response}") from exc
E   AttributeError: expected error object, got:
E   Ok(result='0x5ddba84bf36b093eba01577c5db762d447a3374fbc42449f6b47ac3b52dbc8e7', id=972)
_______________ test_factory_allowed_opcode_when_staked[BALANCE] _______________
tests/utils.py:199: in assert_ok
    assert response.result
E   AttributeError: 'Error' object has no attribute 'result'

The above exception was the direct cause of the following exception:
tests/single/opbanning/test_op_banning.py:153: in test_factory_allowed_opcode_when_staked
    assert_ok(response)
tests/utils.py:201: in assert_ok
    raise AttributeError(f"expected result object, got:\n{response}") from exc
E   AttributeError: expected result object, got:
E   Error(code=-32502, message='factory uses banned opcode: BALANCE', data=None, id=974)
_____________ test_factory_allowed_opcode_when_staked[SELFBALANCE] _____________
tests/utils.py:199: in assert_ok
    assert response.result
E   AttributeError: 'Error' object has no attribute 'result'

The above exception was the direct cause of the following exception:
tests/single/opbanning/test_op_banning.py:153: in test_factory_allowed_opcode_when_staked
    assert_ok(response)
tests/utils.py:201: in assert_ok
    raise AttributeError(f"expected result object, got:\n{response}") from exc
E   AttributeError: expected result object, got:
E   Error(code=-32502, message='factory uses banned opcode: SELFBALANCE', data=None, id=976)
______________________ test_paymaster_on_account_failure _______________________
tests/single/reputation/test_erep.py:71: in test_paymaster_on_account_failure
    set_reputation(paymaster.address, ops_seen=5, ops_included=2)
tests/utils.py:321: in set_reputation
    assert res.result
E   AttributeError: 'Error' object has no attribute 'result'
____________________ test_staked_factory_on_account_failure ____________________
tests/utils.py:199: in assert_ok
    assert response.result
E   AttributeError: 'Error' object has no attribute 'result'

The above exception was the direct cause of the following exception:
tests/single/reputation/test_erep.py:119: in test_staked_factory_on_account_failure
    send_bundle_now()
tests/utils.py:230: in send_bundle_now
    assert_ok(RPCRequest(method="debug_bundler_sendBundleNow").send(url))
tests/utils.py:201: in assert_ok
    raise AttributeError(f"expected result object, got:\n{response}") from exc
E   AttributeError: expected result object, got:
E   Error(code=-32603, message='gRPC error: Send bundle now with error: (code: 3, message: execution reverted, data: Some(String("0x65c8fd4d0000000000000000000000000000000000000000000000000000000000000001000000000000000000000000000000000000000000000000000000000000006000000000000000000000000000000000000000000000000000000000000000a0000000000000000000000000000000000000000000000000000000000000000d4141323320726576657274656400000000000000000000000000000000000000000000000000000000000000000000000000000000000000000000000000006408c379a0000000000000000000000000000000000000000000000000000000000000002000000000000000000000000000000000000000000000000000000000000000114e6f2062756e646c6520666f7220796f7500000000000000000000000000000000000000000000000000000000000000000000000000000000000000")))\n\nLocation:\n    /app/crates/bundler/src/bundler.rs:123:29', data=None, id=986)
____________________ test_account_on_entity_failure[staked] ____________________
tests/single/reputation/test_erep.py:174: in test_account_on_entity_failure
    assert get_reputations([sender.address, paymaster.address]) == [
E   AssertionError: staked account should be blamed instead of paymaster
E   assert [Reputation(a...=0, status=0)] == [Reputation(a...=0, status=0)]
E     
E     At index 1 diff: Reputation(address='0xcf663a89e5f67163c4b7ee5408086101684d7e5e', opsSeen=1, opsIncluded=0, status=0) != Reputation(address='0xcf663a89e5f67163c4b7ee5408086101684d7e5e', opsSeen=0, opsIncluded=0, status=0)
E     
E     Full diff:
E       [
E           Reputation(
E               address='0x562352670efe26d369dc1a3cb550e7b10b88684b',
E               opsSeen=1,
E               opsIncluded=0,
E               status=0,
E           ),
E           Reputation(
E               address='0xcf663a89e5f67163c4b7ee5408086101684d7e5e',
E     -         opsSeen=0,
E     ?                 ^
E     +         opsSeen=1,
E     ?                 ^
E               opsIncluded=0,
E               status=0,
E           ),
E       ]
----------------------------- Captured stdout call -----------------------------
staking account <web3._utils.datatypes.Contract object at 0x7f4f1369b2e0>
___________________ test_account_on_entity_failure[unstaked] ___________________
tests/single/reputation/test_erep.py:156: in test_account_on_entity_failure
    assert get_reputations([sender.address, paymaster.address]) == [
E   AssertionError: valid userop. staked paymaster should have opsSeen increment
E   assert [Reputation(a...=0, status=0)] == [Reputation(a...=0, status=0)]
E     
E     At index 0 diff: Reputation(address='0xbd4834c82aa73cfb79f1eff9bc600fa6d19f5c80', opsSeen=1, opsIncluded=0, status=0) != Reputation(address='0xbd4834c82aa73cfb79f1eff9bc600fa6d19f5c80', opsSeen=0, opsIncluded=0, status=0)
E     
E     Full diff:
E       [
E           Reputation(
E               address='0xbd4834c82aa73cfb79f1eff9bc600fa6d19f5c80',
E     -         opsSeen=0,
E     ?                 ^
E     +         opsSeen=1,
E     ?                 ^
E               opsIncluded=0,
E               status=0,
E           ),
E           Reputation(
E               address='0xd38ee6d984d140ad9b7ca5ed52e839716a99b979',
E               opsSeen=1,
E               opsIncluded=0,
E               status=0,
E           ),
E       ]
----------------------------- Captured stdout call -----------------------------
unstaked account <web3._utils.datatypes.Contract object at 0x7f4f13b16020>
____________________________ test_replace_paymaster ____________________________
tests/single/reputation/test_replace.py:37: in test_replace_paymaster
    assert pm_opsSeen(pm1.address) == 1, "replace with unmodified userop"
E   AssertionError: replace with unmodified userop
E   assert 2 == 1
E    +  where 2 = pm_opsSeen('0x3e904b12Cc3e6F3Df436a4C1825d2E771B3ad36D')
E    +    where '0x3e904b12Cc3e6F3Df436a4C1825d2E771B3ad36D' = <web3._utils.datatypes.Contract object at 0x7f4f13520280>.address
______________ test_eth_estimateUserOperationGas_execution_revert ______________
tests/utils.py:206: in assert_rpc_error
    assert response.code == code
E   AttributeError: 'Ok' object has no attribute 'code'

The above exception was the direct cause of the following exception:
tests/single/rpc/test_eth_estimateUserOperationGas.py:32: in test_eth_estimateUserOperationGas_execution_revert
    assert_rpc_error(response, "", RPCErrorCode.EXECUTION_REVERTED)
tests/utils.py:211: in assert_rpc_error
    raise AttributeError(f"expected error object, got:\n{response}") from exc
E   AttributeError: expected error object, got:
E   Ok(result={'preVerificationGas': '0xb413', 'verificationGasLimit': '0xeffe', 'callGasLimit': '0x2f44'}, id=1014)
_____________ test_eth_estimateUserOperationGas_simulation_revert ______________
tests/single/rpc/test_eth_estimateUserOperationGas.py:40: in test_eth_estimateUserOperationGas_simulation_revert
    assert_rpc_error(response, "dead signature", RPCErrorCode.REJECTED_BY_EP_OR_ACCOUNT)
tests/utils.py:206: in assert_rpc_error
    assert response.code == code
E   assert -32603 == <RPCErrorCode.REJECTED_BY_EP_OR_ACCOUNT: -32500>
E    +  where -32603 = Error(code=-32603, message='other error: FailedOpWithRevert(FailedOpWithRevert { op_index: 0, reason: "AA23 reverted",...0000000000000000000000000001a7465737457616c6c65743a2064656164207369676e6174757265000000000000) })', data=None, id=1016).code
______________________ test_eth_getUserOperationByHash[] _______________________
tests/single/rpc/test_eth_getUserOperationByHash.py:24: in test_eth_getUserOperationByHash
    validate(instance=response.result, schema=schema)
.venv/lib/python3.10/site-packages/jsonschema/validators.py:1332: in validate
    raise error
E   jsonschema.exceptions.ValidationError: None is not valid under any of the given schemas
E   
E   Failed validating 'oneOf' in schema['properties']['userOperation']['properties']['paymasterVerificationGasLimit']:
E       {'title': 'paymaster verification gas limit',
E        'oneOf': [{'type': 'string', 'pattern': '^0x([1-9a-f]+[0-9a-f]*|0)$'},
E                  {'type': 'number'}],
E        'description': 'The amount of gas to allocate for the paymaster '
E                       'validation code'}
E   
E   On instance['userOperation']['paymasterVerificationGasLimit']:
E       None
_________________________ test_eth_sendUserOperation[] _________________________
tests/single/rpc/test_eth_sendUserOperation.py:19: in test_eth_sendUserOperation
    assert response.result == userop_hash(helper_contract, userop)
E   AssertionError: assert '0x620709574c...90c24051f4bdb' == '0x08dfdd04f8...e96fe7cc35041'
E     
E     - 0x08dfdd04f8d055467d131641828b662c9ffec94167273057150e96fe7cc35041
E     + 0x620709574ca83c21c5377ca2cf1e66df8fe6e67b301d2d8eac590c24051f4bdb
______________________ test_eth_sendUserOperation_revert _______________________
tests/single/rpc/test_eth_sendUserOperation.py:32: in test_eth_sendUserOperation_revert
    assert_rpc_error(
tests/utils.py:206: in assert_rpc_error
    assert response.code == code
E   AssertionError: assert -32603 == <RPCErrorCode.REJECTED_BY_EP_OR_ACCOUNT: -32500>
E    +  where -32603 = Error(code=-32603, message='other error: 0, AA23 reverted, 0x08c379a00000000000000000000000000000000000000000000000000...00000000000000000000000000000001a7465737457616c6c65743a2064656164207369676e6174757265000000000000', data=None, id=1033).code
_________________ test_eth_sendUserOperation_invalid_signature _________________
tests/single/rpc/test_eth_sendUserOperation.py:39: in test_eth_sendUserOperation_invalid_signature
    assert_rpc_error(
tests/utils.py:206: in assert_rpc_error
    assert response.code == code
E   AssertionError: assert -32503 == <RPCErrorCode.INVALID_SIGNATURE: -32507>
E    +  where -32503 = Error(code=-32503, message='already expired', data=None, id=1036).code
=============================== warnings summary ===============================
tests/single/bundle/test_codehash.py::test_codehash_changed
  /home/runner/work/bundler-test-executor/bundler-test-executor/bundler-spec-tests/.venv/lib/python3.10/site-packages/eth_utils/functional.py:47: UserWarning: The log with transaction hash: HexBytes('0x70c9a7acb1ab458b0d1a3c03a970ce4f7461c559cce1709813aee7dd5440360f') and logIndex: 0 encountered the following error during processing: MismatchedABI(The event signature did not match the provided ABI). It has been discarded.
    return callback(fn(*args, **kwargs))

-- Docs: https://docs.pytest.org/en/stable/how-to/capture-warnings.html
==================================== PASSES ====================================
_________ test_rule[[STO-000]unstaked][account][no_storage][ok-CALL:>] _________
----------------------------- Captured stdout call -----------------------------
CALL:> funding test_rules_target 0x65469097715101119EBFAC97C355167e3165c162
______ test_rule[[STO-010]unstaked][account][account_storage][ok-CALL:>] _______
----------------------------- Captured stdout call -----------------------------
CALL:> funding test_rules_target 0x7b4e2150959B9A2884A66bc02bd894eF2Fb00D04
_ test_rule[[STO-021]unstaked][account][account_reference_storage][ok-CALL:>] __
----------------------------- Captured stdout call -----------------------------
CALL:> funding test_rules_target 0x0930282A4D6Df489B0817d6ebB3fc42fDF1566a6
_ test_rule[[STO-022]unstaked][account][account_reference_storage_init_code][drop-CALL:>] _
----------------------------- Captured stdout call -----------------------------
CALL:> funding test_rules_target 0x543d3EaAC226D3f6305919660a9815ec744484d2
_ test_rule[[STO-021]unstaked][account][account_reference_storage_struct][ok-CALL:>] _
----------------------------- Captured stdout call -----------------------------
CALL:> funding test_rules_target 0xEE654cA21Fa3aC4FB7b189CF6924652114bb177c
__ test_rule[[STO-000]unstaked][account][external_storage_read][drop-CALL:>] ___
----------------------------- Captured stdout call -----------------------------
CALL:> funding test_rules_target 0x9A67D13b232cF94dd59404c2f6641dFa5f87Cd87
________ test_rule[[OP-020]unstaked][account][out_of_gas][drop-CALL:>] _________
----------------------------- Captured stdout call -----------------------------
CALL:> funding test_rules_target 0x7a3dafFeC7f3aB5aFe47e9919070263Caf1444be
_____ test_rule[[OP-020]unstaked][account][sstore_out_of_gas][drop-CALL:>] _____
----------------------------- Captured stdout call -----------------------------
CALL:> funding test_rules_target 0xF82bd83cb3841B5789d7ed0f650068191199f00e
__________ test_rule[[STO-000]staked][account][no_storage][ok-CALL:>] __________
----------------------------- Captured stdout call -----------------------------
CALL:> funding test_rules_target 0xAc7549c25f2A1F1eE1642390ad5d184fDd7004eF
_______ test_rule[[STO-010]staked][account][account_storage][ok-CALL:>] ________
----------------------------- Captured stdout call -----------------------------
CALL:> funding test_rules_target 0x6D5C49eDe96E7f41F023A0d11986276CA69c67e2
__ test_rule[[STO-021]staked][account][account_reference_storage][ok-CALL:>] ___
----------------------------- Captured stdout call -----------------------------
CALL:> funding test_rules_target 0xBa6B465d72308C9E25f7148bac847f20CD65b5EC
_ test_rule[[STO-021]staked][account][account_reference_storage_struct][ok-CALL:>] _
----------------------------- Captured stdout call -----------------------------
CALL:> funding test_rules_target 0x201943FbD3324A1be6663a87c2a9233582f3EE67
_________ test_rule[[OP-020]staked][account][out_of_gas][drop-CALL:>] __________
----------------------------- Captured stdout call -----------------------------
CALL:> funding test_rules_target 0xB1bdb69e40Ed1138f083C985Fab7F986F88DAA2E
______ test_rule[[OP-020]staked][account][sstore_out_of_gas][drop-CALL:>] ______
----------------------------- Captured stdout call -----------------------------
CALL:> funding test_rules_target 0x22621c2FFaC46AD385398A6e1e043D958b2cBf71
___ test_rule[[STO-033]staked][account][external_storage_write][drop-CALL:>] ___
----------------------------- Captured stdout call -----------------------------
CALL:> funding test_rules_target 0x548Dd0052b635Ad0f1a15629C5E3F8992c6eB7A9
____ test_rule[[STO-033]staked][account][external_storage_read][ok-CALL:>] _____
----------------------------- Captured stdout call -----------------------------
CALL:> funding test_rules_target 0x95BbF317c5a99A470711763F60538e9Ec27D4b44
_ test_rule[[OP-011]unstaked][account][entryPoint_call_balanceOf][drop-CALL:>] _
----------------------------- Captured stdout call -----------------------------
CALL:> funding test_rules_target 0x15a6CBDE8403E6DC4f69891f93AC1292B1E34B84
_ test_rule[[OP-061]unstaked][account][eth_value_transfer_forbidden][drop-CALL:>] _
----------------------------- Captured stdout call -----------------------------
CALL:> funding test_rules_target 0xe872b5A33aBE17EfB93a91961FE965af58E5CAeD
_ test_rule[[OP-053]unstaked][account][eth_value_transfer_entryPoint][ok-CALL:>] _
----------------------------- Captured stdout call -----------------------------
CALL:> funding test_rules_target 0x9091Ae60EC94322134de3CF79881d891a004a813
_ test_rule[[OP-052]unstaked][account][eth_value_transfer_entryPoint_depositTo][ok-CALL:>] _
----------------------------- Captured stdout call -----------------------------
CALL:> funding test_rules_target 0x9341FaC4123034fef10e090765644D55D1d0CEEf
_ test_rule[[OP-041]unstaked][account][EXTCODESIZE_undeployed_contract][drop-CALL:>] _
----------------------------- Captured stdout call -----------------------------
CALL:> funding test_rules_target 0xaf9fFD7811BaA2BFd5f71d9087C203259c619704
_ test_rule[[OP-041]unstaked][account][EXTCODEHASH_undeployed_contract][drop-CALL:>] _
----------------------------- Captured stdout call -----------------------------
CALL:> funding test_rules_target 0x49E3AA8251894FB0E459701360C7f6c614B637F0
_ test_rule[[OP-041]unstaked][account][EXTCODECOPY_undeployed_contract][drop-CALL:>] _
----------------------------- Captured stdout call -----------------------------
CALL:> funding test_rules_target 0x88BD4be3E0861B3B7178a3cCa2E4777b0A569209
__ test_rule[[OP-054]unstaked][account][EXTCODESIZE_entrypoint][drop-CALL:>] ___
----------------------------- Captured stdout call -----------------------------
CALL:> funding test_rules_target 0xC995a2Dd4545B1abcE35ebAda98b400140C950e3
__ test_rule[[OP-054]unstaked][account][EXTCODEHASH_entrypoint][drop-CALL:>] ___
----------------------------- Captured stdout call -----------------------------
CALL:> funding test_rules_target 0x2BbCCD152DDA778A7a5D4DdB5B02EeD21702bBF5
__ test_rule[[OP-054]unstaked][account][EXTCODECOPY_entrypoint][drop-CALL:>] ___
----------------------------- Captured stdout call -----------------------------
CALL:> funding test_rules_target 0x7dAc1F97bA77d332D78c842e6C1Ba130Ee7d3F60
_ test_rule[[OP-041]unstaked][account][CALL_undeployed_contract][drop-CALL:>] __
----------------------------- Captured stdout call -----------------------------
CALL:> funding test_rules_target 0x4c0fde20Fe2a6B615696d60c9FA65502A4D90B31
_ test_rule[[OP-041]unstaked][account][CALLCODE_undeployed_contract][drop-CALL:>] _
----------------------------- Captured stdout call -----------------------------
CALL:> funding test_rules_target 0x3a57f2c73eB8783628EeB58323CdD96d51Bed9Be
_ test_rule[[OP-041]unstaked][account][DELEGATECALL_undeployed_contract][drop-CALL:>] _
----------------------------- Captured stdout call -----------------------------
CALL:> funding test_rules_target 0x55ce59908A1DF97c875B8ad24A0257AE7Bc6f4A9
_ test_rule[[OP-041]unstaked][account][STATICCALL_undeployed_contract][drop-CALL:>] _
----------------------------- Captured stdout call -----------------------------
CALL:> funding test_rules_target 0x519984598A7e313423c230ED22863D5c5A964E62
_ test_rule[[OP-062]unstaked][account][CALL_undeployed_contract_allowed_precompile][ok-CALL:>] _
----------------------------- Captured stdout call -----------------------------
CALL:> funding test_rules_target 0x05Af97e6312C736c203AAB3908bf834d9e12A8B8
- generated xml file: /home/runner/work/bundler-test-executor/bundler-test-executor/build/out/silius.xml -
=========================== short test summary info ============================
PASSED tests/single/bundle/test_bundle.py::test_bundle_replace_op[only_priority_fee_bump]
PASSED tests/single/bundle/test_bundle.py::test_bundle_replace_op[only_max_fee_bump]
PASSED tests/single/bundle/test_bundle.py::test_bundle_replace_op[with_same_fee]
PASSED tests/single/bundle/test_bundle.py::test_bundle_replace_op[with_less_fee]
PASSED tests/single/bundle/test_bundle.py::test_bundle_replace_op[fee_bump_below_threshold]
PASSED tests/single/bundle/test_bundle.py::test_bundle_replace_op[fee_bump_at_threshold]
PASSED tests/single/bundle/test_bundle.py::test_bundle_replace_op[fee_bump_above_threshold]
PASSED tests/single/bundle/test_bundle.py::test_max_allowed_ops_unstaked_sender
PASSED tests/single/bundle/test_bundle.py::test_max_allowed_ops_staked_sender
PASSED tests/single/bundle/test_bundle.py::test_ban_user_op_access_other_ops_sender_in_bundle
PASSED tests/single/bundle/test_bundle.py::test_ban_user_sender_double_role_in_bundle
PASSED tests/single/bundle/test_bundle.py::test_stake_check_in_bundler
PASSED tests/single/bundle/test_storage_rules.py::test_rule[[STO-000]unstaked][paymaster][no_storage][ok-]
PASSED tests/single/bundle/test_storage_rules.py::test_rule[[STO-000]unstaked][paymaster][no_storage][ok-CALL:>]
PASSED tests/single/bundle/test_storage_rules.py::test_rule[[STO-000]unstaked][paymaster][no_storage][ok-DELEGATECALL:>]
PASSED tests/single/bundle/test_storage_rules.py::test_rule[[STO-031]unstaked][paymaster][storage_read][drop-]
PASSED tests/single/bundle/test_storage_rules.py::test_rule[[STO-031]unstaked][paymaster][storage_read][drop-CALL:>]
PASSED tests/single/bundle/test_storage_rules.py::test_rule[[STO-031]unstaked][paymaster][storage_read][drop-DELEGATECALL:>]
PASSED tests/single/bundle/test_storage_rules.py::test_rule[[STO-031]unstaked][paymaster][storage_write][drop-]
PASSED tests/single/bundle/test_storage_rules.py::test_rule[[STO-031]unstaked][paymaster][storage_write][drop-CALL:>]
PASSED tests/single/bundle/test_storage_rules.py::test_rule[[STO-031]unstaked][paymaster][storage_write][drop-DELEGATECALL:>]
PASSED tests/single/bundle/test_storage_rules.py::test_rule[[STO-032]unstaked][paymaster][paymaster_reference_storage][drop-]
PASSED tests/single/bundle/test_storage_rules.py::test_rule[[STO-032]unstaked][paymaster][paymaster_reference_storage][drop-CALL:>]
PASSED tests/single/bundle/test_storage_rules.py::test_rule[[STO-032]unstaked][paymaster][paymaster_reference_storage][drop-DELEGATECALL:>]
PASSED tests/single/bundle/test_storage_rules.py::test_rule[[STO-032]unstaked][paymaster][paymaster_reference_storage_struct][drop-]
PASSED tests/single/bundle/test_storage_rules.py::test_rule[[STO-032]unstaked][paymaster][paymaster_reference_storage_struct][drop-CALL:>]
PASSED tests/single/bundle/test_storage_rules.py::test_rule[[STO-032]unstaked][paymaster][paymaster_reference_storage_struct][drop-DELEGATECALL:>]
PASSED tests/single/bundle/test_storage_rules.py::test_rule[[STO-010]unstaked][paymaster][account_storage][ok-]
PASSED tests/single/bundle/test_storage_rules.py::test_rule[[STO-010]unstaked][paymaster][account_storage][ok-CALL:>]
PASSED tests/single/bundle/test_storage_rules.py::test_rule[[STO-010]unstaked][paymaster][account_storage][ok-DELEGATECALL:>]
PASSED tests/single/bundle/test_storage_rules.py::test_rule[[OP-070(STO-010)]unstaked][paymaster][account_transient_storage][ok-]
PASSED tests/single/bundle/test_storage_rules.py::test_rule[[OP-070(STO-010)]unstaked][paymaster][account_transient_storage][ok-CALL:>]
PASSED tests/single/bundle/test_storage_rules.py::test_rule[[OP-070(STO-010)]unstaked][paymaster][account_transient_storage][ok-DELEGATECALL:>]
PASSED tests/single/bundle/test_storage_rules.py::test_rule[[STO-021]unstaked][paymaster][account_reference_storage][ok-]
PASSED tests/single/bundle/test_storage_rules.py::test_rule[[STO-021]unstaked][paymaster][account_reference_storage][ok-CALL:>]
PASSED tests/single/bundle/test_storage_rules.py::test_rule[[STO-021]unstaked][paymaster][account_reference_storage][ok-DELEGATECALL:>]
PASSED tests/single/bundle/test_storage_rules.py::test_rule[[STO-021]unstaked][paymaster][account_reference_storage_struct][ok-]
PASSED tests/single/bundle/test_storage_rules.py::test_rule[[STO-021]unstaked][paymaster][account_reference_storage_struct][ok-CALL:>]
PASSED tests/single/bundle/test_storage_rules.py::test_rule[[STO-021]unstaked][paymaster][account_reference_storage_struct][ok-DELEGATECALL:>]
PASSED tests/single/bundle/test_storage_rules.py::test_rule[[STO-022]unstaked][paymaster][account_reference_storage_init_code][drop-]
PASSED tests/single/bundle/test_storage_rules.py::test_rule[[STO-022]unstaked][paymaster][account_reference_storage_init_code][drop-CALL:>]
PASSED tests/single/bundle/test_storage_rules.py::test_rule[[STO-022]unstaked][paymaster][account_reference_storage_init_code][drop-DELEGATECALL:>]
PASSED tests/single/bundle/test_storage_rules.py::test_rule[[STO-032]unstaked][paymaster][external_storage_read][drop-]
PASSED tests/single/bundle/test_storage_rules.py::test_rule[[STO-032]unstaked][paymaster][external_storage_read][drop-CALL:>]
PASSED tests/single/bundle/test_storage_rules.py::test_rule[[STO-032]unstaked][paymaster][external_storage_read][drop-DELEGATECALL:>]
PASSED tests/single/bundle/test_storage_rules.py::test_rule[[OP-020]unstaked][paymaster][out_of_gas][drop-]
PASSED tests/single/bundle/test_storage_rules.py::test_rule[[OP-020]unstaked][paymaster][out_of_gas][drop-CALL:>]
PASSED tests/single/bundle/test_storage_rules.py::test_rule[[OP-020]unstaked][paymaster][out_of_gas][drop-DELEGATECALL:>]
PASSED tests/single/bundle/test_storage_rules.py::test_rule[[OP-020]unstaked][paymaster][sstore_out_of_gas][drop-]
PASSED tests/single/bundle/test_storage_rules.py::test_rule[[OP-020]unstaked][paymaster][sstore_out_of_gas][drop-CALL:>]
PASSED tests/single/bundle/test_storage_rules.py::test_rule[[OP-020]unstaked][paymaster][sstore_out_of_gas][drop-DELEGATECALL:>]
PASSED tests/single/bundle/test_storage_rules.py::test_rule[[STO-000]staked][paymaster][no_storage][ok-]
PASSED tests/single/bundle/test_storage_rules.py::test_rule[[STO-000]staked][paymaster][no_storage][ok-CALL:>]
PASSED tests/single/bundle/test_storage_rules.py::test_rule[[STO-000]staked][paymaster][no_storage][ok-DELEGATECALL:>]
PASSED tests/single/bundle/test_storage_rules.py::test_rule[[STO-031]staked][paymaster][storage_read][ok-]
PASSED tests/single/bundle/test_storage_rules.py::test_rule[[STO-031]staked][paymaster][storage_read][ok-CALL:>]
PASSED tests/single/bundle/test_storage_rules.py::test_rule[[STO-031]staked][paymaster][storage_read][ok-DELEGATECALL:>]
PASSED tests/single/bundle/test_storage_rules.py::test_rule[[STO-031]staked][paymaster][storage_write][ok-]
PASSED tests/single/bundle/test_storage_rules.py::test_rule[[STO-031]staked][paymaster][storage_write][ok-CALL:>]
PASSED tests/single/bundle/test_storage_rules.py::test_rule[[STO-031]staked][paymaster][storage_write][ok-DELEGATECALL:>]
PASSED tests/single/bundle/test_storage_rules.py::test_rule[[STO-032]staked][paymaster][paymaster_reference_storage][ok-]
PASSED tests/single/bundle/test_storage_rules.py::test_rule[[STO-032]staked][paymaster][paymaster_reference_storage][ok-CALL:>]
PASSED tests/single/bundle/test_storage_rules.py::test_rule[[STO-032]staked][paymaster][paymaster_reference_storage][ok-DELEGATECALL:>]
PASSED tests/single/bundle/test_storage_rules.py::test_rule[[STO-032]staked][paymaster][paymaster_reference_storage_struct][ok-]
PASSED tests/single/bundle/test_storage_rules.py::test_rule[[STO-032]staked][paymaster][paymaster_reference_storage_struct][ok-CALL:>]
PASSED tests/single/bundle/test_storage_rules.py::test_rule[[STO-032]staked][paymaster][paymaster_reference_storage_struct][ok-DELEGATECALL:>]
PASSED tests/single/bundle/test_storage_rules.py::test_rule[[STO-033]staked][paymaster][paymaster_reference_storage_struct][ok-]
PASSED tests/single/bundle/test_storage_rules.py::test_rule[[STO-033]staked][paymaster][paymaster_reference_storage_struct][ok-CALL:>]
PASSED tests/single/bundle/test_storage_rules.py::test_rule[[STO-033]staked][paymaster][paymaster_reference_storage_struct][ok-DELEGATECALL:>]
PASSED tests/single/bundle/test_storage_rules.py::test_rule[[STO-010]staked][paymaster][account_storage][ok-]
PASSED tests/single/bundle/test_storage_rules.py::test_rule[[STO-010]staked][paymaster][account_storage][ok-CALL:>]
PASSED tests/single/bundle/test_storage_rules.py::test_rule[[STO-010]staked][paymaster][account_storage][ok-DELEGATECALL:>]
PASSED tests/single/bundle/test_storage_rules.py::test_rule[[STO-021]staked][paymaster][account_reference_storage][ok-]
PASSED tests/single/bundle/test_storage_rules.py::test_rule[[STO-021]staked][paymaster][account_reference_storage][ok-CALL:>]
PASSED tests/single/bundle/test_storage_rules.py::test_rule[[STO-021]staked][paymaster][account_reference_storage][ok-DELEGATECALL:>]
PASSED tests/single/bundle/test_storage_rules.py::test_rule[[STO-021]staked][paymaster][account_reference_storage_struct][ok-]
PASSED tests/single/bundle/test_storage_rules.py::test_rule[[STO-021]staked][paymaster][account_reference_storage_struct][ok-CALL:>]
PASSED tests/single/bundle/test_storage_rules.py::test_rule[[STO-021]staked][paymaster][account_reference_storage_struct][ok-DELEGATECALL:>]
PASSED tests/single/bundle/test_storage_rules.py::test_rule[[STO-022]staked][paymaster][account_reference_storage_init_code][ok-]
PASSED tests/single/bundle/test_storage_rules.py::test_rule[[STO-022]staked][paymaster][account_reference_storage_init_code][ok-CALL:>]
PASSED tests/single/bundle/test_storage_rules.py::test_rule[[STO-022]staked][paymaster][account_reference_storage_init_code][ok-DELEGATECALL:>]
PASSED tests/single/bundle/test_storage_rules.py::test_rule[[EREP-050-regression]staked][paymaster][context][ok-]
PASSED tests/single/bundle/test_storage_rules.py::test_rule[[EREP-050-regression]staked][paymaster][context][ok-CALL:>]
PASSED tests/single/bundle/test_storage_rules.py::test_rule[[EREP-050-regression]staked][paymaster][context][ok-DELEGATECALL:>]
PASSED tests/single/bundle/test_storage_rules.py::test_rule[[STO-033]staked][paymaster][external_storage_write][drop-]
PASSED tests/single/bundle/test_storage_rules.py::test_rule[[STO-033]staked][paymaster][external_storage_write][drop-CALL:>]
PASSED tests/single/bundle/test_storage_rules.py::test_rule[[STO-033]staked][paymaster][external_storage_write][drop-DELEGATECALL:>]
PASSED tests/single/bundle/test_storage_rules.py::test_rule[[STO-033]staked][paymaster][external_storage_read][ok-]
PASSED tests/single/bundle/test_storage_rules.py::test_rule[[STO-033]staked][paymaster][external_storage_read][ok-CALL:>]
PASSED tests/single/bundle/test_storage_rules.py::test_rule[[STO-033]staked][paymaster][external_storage_read][ok-DELEGATECALL:>]
PASSED tests/single/bundle/test_storage_rules.py::test_rule[[OP-020]staked][paymaster][out_of_gas][drop-]
PASSED tests/single/bundle/test_storage_rules.py::test_rule[[OP-020]staked][paymaster][out_of_gas][drop-CALL:>]
PASSED tests/single/bundle/test_storage_rules.py::test_rule[[OP-020]staked][paymaster][out_of_gas][drop-DELEGATECALL:>]
PASSED tests/single/bundle/test_storage_rules.py::test_rule[[OP-020]staked][paymaster][sstore_out_of_gas][drop-]
PASSED tests/single/bundle/test_storage_rules.py::test_rule[[OP-020]staked][paymaster][sstore_out_of_gas][drop-CALL:>]
PASSED tests/single/bundle/test_storage_rules.py::test_rule[[OP-020]staked][paymaster][sstore_out_of_gas][drop-DELEGATECALL:>]
PASSED tests/single/bundle/test_storage_rules.py::test_rule[[STO-000]unstaked][factory][no_storage][ok-]
PASSED tests/single/bundle/test_storage_rules.py::test_rule[[STO-000]unstaked][factory][no_storage][ok-CALL:>]
PASSED tests/single/bundle/test_storage_rules.py::test_rule[[STO-000]unstaked][factory][no_storage][ok-DELEGATECALL:>]
PASSED tests/single/bundle/test_storage_rules.py::test_rule[[STO-000]unstaked][factory][storage_read][drop-]
PASSED tests/single/bundle/test_storage_rules.py::test_rule[[STO-000]unstaked][factory][storage_read][drop-CALL:>]
PASSED tests/single/bundle/test_storage_rules.py::test_rule[[STO-000]unstaked][factory][storage_read][drop-DELEGATECALL:>]
PASSED tests/single/bundle/test_storage_rules.py::test_rule[[STO-000]unstaked][factory][storage_write][drop-]
PASSED tests/single/bundle/test_storage_rules.py::test_rule[[STO-000]unstaked][factory][storage_write][drop-CALL:>]
PASSED tests/single/bundle/test_storage_rules.py::test_rule[[STO-000]unstaked][factory][storage_write][drop-DELEGATECALL:>]
PASSED tests/single/bundle/test_storage_rules.py::test_rule[[STO-000]unstaked][factory][factory_reference_storage][drop-]
PASSED tests/single/bundle/test_storage_rules.py::test_rule[[STO-000]unstaked][factory][factory_reference_storage][drop-CALL:>]
PASSED tests/single/bundle/test_storage_rules.py::test_rule[[STO-000]unstaked][factory][factory_reference_storage][drop-DELEGATECALL:>]
PASSED tests/single/bundle/test_storage_rules.py::test_rule[[STO-032]unstaked][factory][factory_reference_storage_struct][drop-]
PASSED tests/single/bundle/test_storage_rules.py::test_rule[[STO-032]unstaked][factory][factory_reference_storage_struct][drop-CALL:>]
PASSED tests/single/bundle/test_storage_rules.py::test_rule[[STO-032]unstaked][factory][factory_reference_storage_struct][drop-DELEGATECALL:>]
PASSED tests/single/bundle/test_storage_rules.py::test_rule[[STO-010]unstaked][factory][account_storage][ok-]
PASSED tests/single/bundle/test_storage_rules.py::test_rule[[STO-010]unstaked][factory][account_storage][ok-CALL:>]
PASSED tests/single/bundle/test_storage_rules.py::test_rule[[STO-010]unstaked][factory][account_storage][ok-DELEGATECALL:>]
PASSED tests/single/bundle/test_storage_rules.py::test_rule[[STO-021]unstaked][factory][account_reference_storage][drop-]
PASSED tests/single/bundle/test_storage_rules.py::test_rule[[STO-021]unstaked][factory][account_reference_storage][drop-CALL:>]
PASSED tests/single/bundle/test_storage_rules.py::test_rule[[STO-021]unstaked][factory][account_reference_storage][drop-DELEGATECALL:>]
PASSED tests/single/bundle/test_storage_rules.py::test_rule[[STO-021]unstaked][factory][account_reference_storage_struct][drop-]
PASSED tests/single/bundle/test_storage_rules.py::test_rule[[STO-021]unstaked][factory][account_reference_storage_struct][drop-CALL:>]
PASSED tests/single/bundle/test_storage_rules.py::test_rule[[STO-021]unstaked][factory][account_reference_storage_struct][drop-DELEGATECALL:>]
PASSED tests/single/bundle/test_storage_rules.py::test_rule[[STO-000]unstaked][factory][external_storage_read][drop-]
PASSED tests/single/bundle/test_storage_rules.py::test_rule[[STO-000]unstaked][factory][external_storage_read][drop-CALL:>]
PASSED tests/single/bundle/test_storage_rules.py::test_rule[[STO-000]unstaked][factory][external_storage_read][drop-DELEGATECALL:>]
PASSED tests/single/bundle/test_storage_rules.py::test_rule[[OP-042]unstaked][factory][EXTCODEx_CALLx_undeployed_sender][ok-]
PASSED tests/single/bundle/test_storage_rules.py::test_rule[[OP-042]unstaked][factory][EXTCODEx_CALLx_undeployed_sender][ok-CALL:>]
PASSED tests/single/bundle/test_storage_rules.py::test_rule[[OP-042]unstaked][factory][EXTCODEx_CALLx_undeployed_sender][ok-DELEGATECALL:>]
PASSED tests/single/bundle/test_storage_rules.py::test_rule[[OP-041]unstaked][factory][EXTCODESIZE_undeployed_contract][drop-]
PASSED tests/single/bundle/test_storage_rules.py::test_rule[[OP-041]unstaked][factory][EXTCODESIZE_undeployed_contract][drop-CALL:>]
PASSED tests/single/bundle/test_storage_rules.py::test_rule[[OP-041]unstaked][factory][EXTCODESIZE_undeployed_contract][drop-DELEGATECALL:>]
PASSED tests/single/bundle/test_storage_rules.py::test_rule[[OP-041]unstaked][factory][EXTCODEHASH_undeployed_contract][drop-]
PASSED tests/single/bundle/test_storage_rules.py::test_rule[[OP-041]unstaked][factory][EXTCODEHASH_undeployed_contract][drop-CALL:>]
PASSED tests/single/bundle/test_storage_rules.py::test_rule[[OP-041]unstaked][factory][EXTCODEHASH_undeployed_contract][drop-DELEGATECALL:>]
PASSED tests/single/bundle/test_storage_rules.py::test_rule[[OP-041]unstaked][factory][EXTCODECOPY_undeployed_contract][drop-]
PASSED tests/single/bundle/test_storage_rules.py::test_rule[[OP-041]unstaked][factory][EXTCODECOPY_undeployed_contract][drop-CALL:>]
PASSED tests/single/bundle/test_storage_rules.py::test_rule[[OP-041]unstaked][factory][EXTCODECOPY_undeployed_contract][drop-DELEGATECALL:>]
PASSED tests/single/bundle/test_storage_rules.py::test_rule[[OP-041]unstaked][factory][CALL_undeployed_contract][drop-]
PASSED tests/single/bundle/test_storage_rules.py::test_rule[[OP-041]unstaked][factory][CALL_undeployed_contract][drop-CALL:>]
PASSED tests/single/bundle/test_storage_rules.py::test_rule[[OP-041]unstaked][factory][CALL_undeployed_contract][drop-DELEGATECALL:>]
PASSED tests/single/bundle/test_storage_rules.py::test_rule[[OP-041]unstaked][factory][CALLCODE_undeployed_contract][drop-]
PASSED tests/single/bundle/test_storage_rules.py::test_rule[[OP-041]unstaked][factory][CALLCODE_undeployed_contract][drop-CALL:>]
PASSED tests/single/bundle/test_storage_rules.py::test_rule[[OP-041]unstaked][factory][CALLCODE_undeployed_contract][drop-DELEGATECALL:>]
PASSED tests/single/bundle/test_storage_rules.py::test_rule[[OP-041]unstaked][factory][DELEGATECALL_undeployed_contract][drop-]
PASSED tests/single/bundle/test_storage_rules.py::test_rule[[OP-041]unstaked][factory][DELEGATECALL_undeployed_contract][drop-CALL:>]
PASSED tests/single/bundle/test_storage_rules.py::test_rule[[OP-041]unstaked][factory][DELEGATECALL_undeployed_contract][drop-DELEGATECALL:>]
PASSED tests/single/bundle/test_storage_rules.py::test_rule[[OP-041]unstaked][factory][STATICCALL_undeployed_contract][drop-]
PASSED tests/single/bundle/test_storage_rules.py::test_rule[[OP-041]unstaked][factory][STATICCALL_undeployed_contract][drop-CALL:>]
PASSED tests/single/bundle/test_storage_rules.py::test_rule[[OP-041]unstaked][factory][STATICCALL_undeployed_contract][drop-DELEGATECALL:>]
PASSED tests/single/bundle/test_storage_rules.py::test_rule[[OP-020]unstaked][factory][out_of_gas][drop-]
PASSED tests/single/bundle/test_storage_rules.py::test_rule[[OP-020]unstaked][factory][out_of_gas][drop-CALL:>]
PASSED tests/single/bundle/test_storage_rules.py::test_rule[[OP-020]unstaked][factory][out_of_gas][drop-DELEGATECALL:>]
PASSED tests/single/bundle/test_storage_rules.py::test_rule[[OP-020]unstaked][factory][sstore_out_of_gas][drop-]
PASSED tests/single/bundle/test_storage_rules.py::test_rule[[OP-020]unstaked][factory][sstore_out_of_gas][drop-CALL:>]
PASSED tests/single/bundle/test_storage_rules.py::test_rule[[OP-020]unstaked][factory][sstore_out_of_gas][drop-DELEGATECALL:>]
PASSED tests/single/bundle/test_storage_rules.py::test_rule[[STO-000]staked][factory][no_storage][ok-]
PASSED tests/single/bundle/test_storage_rules.py::test_rule[[STO-000]staked][factory][no_storage][ok-CALL:>]
PASSED tests/single/bundle/test_storage_rules.py::test_rule[[STO-000]staked][factory][no_storage][ok-DELEGATECALL:>]
PASSED tests/single/bundle/test_storage_rules.py::test_rule[[STO-031]staked][factory][storage_read][ok-]
PASSED tests/single/bundle/test_storage_rules.py::test_rule[[STO-031]staked][factory][storage_read][ok-CALL:>]
PASSED tests/single/bundle/test_storage_rules.py::test_rule[[STO-031]staked][factory][storage_read][ok-DELEGATECALL:>]
PASSED tests/single/bundle/test_storage_rules.py::test_rule[[STO-031]staked][factory][storage_write][ok-]
PASSED tests/single/bundle/test_storage_rules.py::test_rule[[STO-031]staked][factory][storage_write][ok-CALL:>]
PASSED tests/single/bundle/test_storage_rules.py::test_rule[[STO-031]staked][factory][storage_write][ok-DELEGATECALL:>]
PASSED tests/single/bundle/test_storage_rules.py::test_rule[[STO-032]staked][factory][factory_reference_storage][ok-]
PASSED tests/single/bundle/test_storage_rules.py::test_rule[[STO-032]staked][factory][factory_reference_storage][ok-CALL:>]
PASSED tests/single/bundle/test_storage_rules.py::test_rule[[STO-032]staked][factory][factory_reference_storage][ok-DELEGATECALL:>]
PASSED tests/single/bundle/test_storage_rules.py::test_rule[[STO-032]staked][factory][factory_reference_storage_struct][ok-]
PASSED tests/single/bundle/test_storage_rules.py::test_rule[[STO-032]staked][factory][factory_reference_storage_struct][ok-CALL:>]
PASSED tests/single/bundle/test_storage_rules.py::test_rule[[STO-032]staked][factory][factory_reference_storage_struct][ok-DELEGATECALL:>]
PASSED tests/single/bundle/test_storage_rules.py::test_rule[[STO-010]staked][factory][account_storage][ok-]
PASSED tests/single/bundle/test_storage_rules.py::test_rule[[STO-010]staked][factory][account_storage][ok-CALL:>]
PASSED tests/single/bundle/test_storage_rules.py::test_rule[[STO-010]staked][factory][account_storage][ok-DELEGATECALL:>]
PASSED tests/single/bundle/test_storage_rules.py::test_rule[[STO-021]staked][factory][account_reference_storage][ok-]
PASSED tests/single/bundle/test_storage_rules.py::test_rule[[STO-021]staked][factory][account_reference_storage][ok-CALL:>]
PASSED tests/single/bundle/test_storage_rules.py::test_rule[[STO-021]staked][factory][account_reference_storage][ok-DELEGATECALL:>]
PASSED tests/single/bundle/test_storage_rules.py::test_rule[[STO-021]staked][factory][account_reference_storage_struct][ok-]
PASSED tests/single/bundle/test_storage_rules.py::test_rule[[STO-021]staked][factory][account_reference_storage_struct][ok-CALL:>]
PASSED tests/single/bundle/test_storage_rules.py::test_rule[[STO-021]staked][factory][account_reference_storage_struct][ok-DELEGATECALL:>]
PASSED tests/single/bundle/test_storage_rules.py::test_rule[[STO-033]staked][factory][external_storage_write][drop-]
PASSED tests/single/bundle/test_storage_rules.py::test_rule[[STO-033]staked][factory][external_storage_write][drop-CALL:>]
PASSED tests/single/bundle/test_storage_rules.py::test_rule[[STO-033]staked][factory][external_storage_write][drop-DELEGATECALL:>]
PASSED tests/single/bundle/test_storage_rules.py::test_rule[[STO-033]staked][factory][external_storage_read][ok-]
PASSED tests/single/bundle/test_storage_rules.py::test_rule[[STO-033]staked][factory][external_storage_read][ok-CALL:>]
PASSED tests/single/bundle/test_storage_rules.py::test_rule[[STO-033]staked][factory][external_storage_read][ok-DELEGATECALL:>]
PASSED tests/single/bundle/test_storage_rules.py::test_rule[[OP-020]staked][factory][out_of_gas][drop-]
PASSED tests/single/bundle/test_storage_rules.py::test_rule[[OP-020]staked][factory][out_of_gas][drop-CALL:>]
PASSED tests/single/bundle/test_storage_rules.py::test_rule[[OP-020]staked][factory][out_of_gas][drop-DELEGATECALL:>]
PASSED tests/single/bundle/test_storage_rules.py::test_rule[[OP-020]staked][factory][sstore_out_of_gas][drop-]
PASSED tests/single/bundle/test_storage_rules.py::test_rule[[OP-020]staked][factory][sstore_out_of_gas][drop-CALL:>]
PASSED tests/single/bundle/test_storage_rules.py::test_rule[[OP-020]staked][factory][sstore_out_of_gas][drop-DELEGATECALL:>]
PASSED tests/single/bundle/test_storage_rules.py::test_rule[[STO-000]unstaked][account][no_storage][ok-]
PASSED tests/single/bundle/test_storage_rules.py::test_rule[[STO-000]unstaked][account][no_storage][ok-CALL:>]
PASSED tests/single/bundle/test_storage_rules.py::test_rule[[STO-000]unstaked][account][no_storage][ok-DELEGATECALL:>]
PASSED tests/single/bundle/test_storage_rules.py::test_rule[[STO-010]unstaked][account][account_storage][ok-]
PASSED tests/single/bundle/test_storage_rules.py::test_rule[[STO-010]unstaked][account][account_storage][ok-CALL:>]
PASSED tests/single/bundle/test_storage_rules.py::test_rule[[STO-010]unstaked][account][account_storage][ok-DELEGATECALL:>]
PASSED tests/single/bundle/test_storage_rules.py::test_rule[[STO-021]unstaked][account][account_reference_storage][ok-]
PASSED tests/single/bundle/test_storage_rules.py::test_rule[[STO-021]unstaked][account][account_reference_storage][ok-CALL:>]
PASSED tests/single/bundle/test_storage_rules.py::test_rule[[STO-021]unstaked][account][account_reference_storage][ok-DELEGATECALL:>]
PASSED tests/single/bundle/test_storage_rules.py::test_rule[[STO-022]unstaked][account][account_reference_storage_init_code][drop-]
PASSED tests/single/bundle/test_storage_rules.py::test_rule[[STO-022]unstaked][account][account_reference_storage_init_code][drop-CALL:>]
PASSED tests/single/bundle/test_storage_rules.py::test_rule[[STO-022]unstaked][account][account_reference_storage_init_code][drop-DELEGATECALL:>]
PASSED tests/single/bundle/test_storage_rules.py::test_rule[[STO-021]unstaked][account][account_reference_storage_struct][ok-]
PASSED tests/single/bundle/test_storage_rules.py::test_rule[[STO-021]unstaked][account][account_reference_storage_struct][ok-CALL:>]
PASSED tests/single/bundle/test_storage_rules.py::test_rule[[STO-021]unstaked][account][account_reference_storage_struct][ok-DELEGATECALL:>]
PASSED tests/single/bundle/test_storage_rules.py::test_rule[[STO-000]unstaked][account][external_storage_read][drop-]
PASSED tests/single/bundle/test_storage_rules.py::test_rule[[STO-000]unstaked][account][external_storage_read][drop-CALL:>]
PASSED tests/single/bundle/test_storage_rules.py::test_rule[[STO-000]unstaked][account][external_storage_read][drop-DELEGATECALL:>]
PASSED tests/single/bundle/test_storage_rules.py::test_rule[[OP-020]unstaked][account][out_of_gas][drop-]
PASSED tests/single/bundle/test_storage_rules.py::test_rule[[OP-020]unstaked][account][out_of_gas][drop-CALL:>]
PASSED tests/single/bundle/test_storage_rules.py::test_rule[[OP-020]unstaked][account][out_of_gas][drop-DELEGATECALL:>]
PASSED tests/single/bundle/test_storage_rules.py::test_rule[[OP-020]unstaked][account][sstore_out_of_gas][drop-]
PASSED tests/single/bundle/test_storage_rules.py::test_rule[[OP-020]unstaked][account][sstore_out_of_gas][drop-CALL:>]
PASSED tests/single/bundle/test_storage_rules.py::test_rule[[OP-020]unstaked][account][sstore_out_of_gas][drop-DELEGATECALL:>]
PASSED tests/single/bundle/test_storage_rules.py::test_rule[[STO-000]staked][account][no_storage][ok-]
PASSED tests/single/bundle/test_storage_rules.py::test_rule[[STO-000]staked][account][no_storage][ok-CALL:>]
PASSED tests/single/bundle/test_storage_rules.py::test_rule[[STO-000]staked][account][no_storage][ok-DELEGATECALL:>]
PASSED tests/single/bundle/test_storage_rules.py::test_rule[[STO-010]staked][account][account_storage][ok-]
PASSED tests/single/bundle/test_storage_rules.py::test_rule[[STO-010]staked][account][account_storage][ok-CALL:>]
PASSED tests/single/bundle/test_storage_rules.py::test_rule[[STO-010]staked][account][account_storage][ok-DELEGATECALL:>]
PASSED tests/single/bundle/test_storage_rules.py::test_rule[[STO-021]staked][account][account_reference_storage][ok-]
PASSED tests/single/bundle/test_storage_rules.py::test_rule[[STO-021]staked][account][account_reference_storage][ok-CALL:>]
PASSED tests/single/bundle/test_storage_rules.py::test_rule[[STO-021]staked][account][account_reference_storage][ok-DELEGATECALL:>]
PASSED tests/single/bundle/test_storage_rules.py::test_rule[[STO-021]staked][account][account_reference_storage_struct][ok-]
PASSED tests/single/bundle/test_storage_rules.py::test_rule[[STO-021]staked][account][account_reference_storage_struct][ok-CALL:>]
PASSED tests/single/bundle/test_storage_rules.py::test_rule[[STO-021]staked][account][account_reference_storage_struct][ok-DELEGATECALL:>]
PASSED tests/single/bundle/test_storage_rules.py::test_rule[[OP-020]staked][account][out_of_gas][drop-]
PASSED tests/single/bundle/test_storage_rules.py::test_rule[[OP-020]staked][account][out_of_gas][drop-CALL:>]
PASSED tests/single/bundle/test_storage_rules.py::test_rule[[OP-020]staked][account][out_of_gas][drop-DELEGATECALL:>]
PASSED tests/single/bundle/test_storage_rules.py::test_rule[[OP-020]staked][account][sstore_out_of_gas][drop-]
PASSED tests/single/bundle/test_storage_rules.py::test_rule[[OP-020]staked][account][sstore_out_of_gas][drop-CALL:>]
PASSED tests/single/bundle/test_storage_rules.py::test_rule[[OP-020]staked][account][sstore_out_of_gas][drop-DELEGATECALL:>]
PASSED tests/single/bundle/test_storage_rules.py::test_rule[[STO-033]staked][account][external_storage_write][drop-]
PASSED tests/single/bundle/test_storage_rules.py::test_rule[[STO-033]staked][account][external_storage_write][drop-CALL:>]
PASSED tests/single/bundle/test_storage_rules.py::test_rule[[STO-033]staked][account][external_storage_write][drop-DELEGATECALL:>]
PASSED tests/single/bundle/test_storage_rules.py::test_rule[[STO-033]staked][account][external_storage_read][ok-]
PASSED tests/single/bundle/test_storage_rules.py::test_rule[[STO-033]staked][account][external_storage_read][ok-CALL:>]
PASSED tests/single/bundle/test_storage_rules.py::test_rule[[STO-033]staked][account][external_storage_read][ok-DELEGATECALL:>]
PASSED tests/single/bundle/test_storage_rules.py::test_rule[[OP-011]unstaked][account][entryPoint_call_balanceOf][drop-]
PASSED tests/single/bundle/test_storage_rules.py::test_rule[[OP-011]unstaked][account][entryPoint_call_balanceOf][drop-CALL:>]
PASSED tests/single/bundle/test_storage_rules.py::test_rule[[OP-011]unstaked][account][entryPoint_call_balanceOf][drop-DELEGATECALL:>]
PASSED tests/single/bundle/test_storage_rules.py::test_rule[[OP-061]unstaked][account][eth_value_transfer_forbidden][drop-]
PASSED tests/single/bundle/test_storage_rules.py::test_rule[[OP-061]unstaked][account][eth_value_transfer_forbidden][drop-CALL:>]
PASSED tests/single/bundle/test_storage_rules.py::test_rule[[OP-061]unstaked][account][eth_value_transfer_forbidden][drop-DELEGATECALL:>]
PASSED tests/single/bundle/test_storage_rules.py::test_rule[[OP-053]unstaked][account][eth_value_transfer_entryPoint][ok-]
PASSED tests/single/bundle/test_storage_rules.py::test_rule[[OP-053]unstaked][account][eth_value_transfer_entryPoint][ok-CALL:>]
PASSED tests/single/bundle/test_storage_rules.py::test_rule[[OP-053]unstaked][account][eth_value_transfer_entryPoint][ok-DELEGATECALL:>]
PASSED tests/single/bundle/test_storage_rules.py::test_rule[[OP-052]unstaked][account][eth_value_transfer_entryPoint_depositTo][ok-]
PASSED tests/single/bundle/test_storage_rules.py::test_rule[[OP-052]unstaked][account][eth_value_transfer_entryPoint_depositTo][ok-CALL:>]
PASSED tests/single/bundle/test_storage_rules.py::test_rule[[OP-052]unstaked][account][eth_value_transfer_entryPoint_depositTo][ok-DELEGATECALL:>]
PASSED tests/single/bundle/test_storage_rules.py::test_rule[[OP-041]unstaked][account][EXTCODESIZE_undeployed_contract][drop-]
PASSED tests/single/bundle/test_storage_rules.py::test_rule[[OP-041]unstaked][account][EXTCODESIZE_undeployed_contract][drop-CALL:>]
PASSED tests/single/bundle/test_storage_rules.py::test_rule[[OP-041]unstaked][account][EXTCODESIZE_undeployed_contract][drop-DELEGATECALL:>]
PASSED tests/single/bundle/test_storage_rules.py::test_rule[[OP-041]unstaked][account][EXTCODEHASH_undeployed_contract][drop-]
PASSED tests/single/bundle/test_storage_rules.py::test_rule[[OP-041]unstaked][account][EXTCODEHASH_undeployed_contract][drop-CALL:>]
PASSED tests/single/bundle/test_storage_rules.py::test_rule[[OP-041]unstaked][account][EXTCODEHASH_undeployed_contract][drop-DELEGATECALL:>]
PASSED tests/single/bundle/test_storage_rules.py::test_rule[[OP-041]unstaked][account][EXTCODECOPY_undeployed_contract][drop-]
PASSED tests/single/bundle/test_storage_rules.py::test_rule[[OP-041]unstaked][account][EXTCODECOPY_undeployed_contract][drop-CALL:>]
PASSED tests/single/bundle/test_storage_rules.py::test_rule[[OP-041]unstaked][account][EXTCODECOPY_undeployed_contract][drop-DELEGATECALL:>]
PASSED tests/single/bundle/test_storage_rules.py::test_rule[[OP-054]unstaked][account][EXTCODESIZE_entrypoint][drop-]
PASSED tests/single/bundle/test_storage_rules.py::test_rule[[OP-054]unstaked][account][EXTCODESIZE_entrypoint][drop-CALL:>]
PASSED tests/single/bundle/test_storage_rules.py::test_rule[[OP-054]unstaked][account][EXTCODESIZE_entrypoint][drop-DELEGATECALL:>]
PASSED tests/single/bundle/test_storage_rules.py::test_rule[[OP-054]unstaked][account][EXTCODEHASH_entrypoint][drop-]
PASSED tests/single/bundle/test_storage_rules.py::test_rule[[OP-054]unstaked][account][EXTCODEHASH_entrypoint][drop-CALL:>]
PASSED tests/single/bundle/test_storage_rules.py::test_rule[[OP-054]unstaked][account][EXTCODEHASH_entrypoint][drop-DELEGATECALL:>]
PASSED tests/single/bundle/test_storage_rules.py::test_rule[[OP-054]unstaked][account][EXTCODECOPY_entrypoint][drop-]
PASSED tests/single/bundle/test_storage_rules.py::test_rule[[OP-054]unstaked][account][EXTCODECOPY_entrypoint][drop-CALL:>]
PASSED tests/single/bundle/test_storage_rules.py::test_rule[[OP-054]unstaked][account][EXTCODECOPY_entrypoint][drop-DELEGATECALL:>]
PASSED tests/single/bundle/test_storage_rules.py::test_rule[[OP-041]unstaked][account][CALL_undeployed_contract][drop-]
PASSED tests/single/bundle/test_storage_rules.py::test_rule[[OP-041]unstaked][account][CALL_undeployed_contract][drop-CALL:>]
PASSED tests/single/bundle/test_storage_rules.py::test_rule[[OP-041]unstaked][account][CALL_undeployed_contract][drop-DELEGATECALL:>]
PASSED tests/single/bundle/test_storage_rules.py::test_rule[[OP-041]unstaked][account][CALLCODE_undeployed_contract][drop-]
PASSED tests/single/bundle/test_storage_rules.py::test_rule[[OP-041]unstaked][account][CALLCODE_undeployed_contract][drop-CALL:>]
PASSED tests/single/bundle/test_storage_rules.py::test_rule[[OP-041]unstaked][account][CALLCODE_undeployed_contract][drop-DELEGATECALL:>]
PASSED tests/single/bundle/test_storage_rules.py::test_rule[[OP-041]unstaked][account][DELEGATECALL_undeployed_contract][drop-]
PASSED tests/single/bundle/test_storage_rules.py::test_rule[[OP-041]unstaked][account][DELEGATECALL_undeployed_contract][drop-CALL:>]
PASSED tests/single/bundle/test_storage_rules.py::test_rule[[OP-041]unstaked][account][DELEGATECALL_undeployed_contract][drop-DELEGATECALL:>]
PASSED tests/single/bundle/test_storage_rules.py::test_rule[[OP-041]unstaked][account][STATICCALL_undeployed_contract][drop-]
PASSED tests/single/bundle/test_storage_rules.py::test_rule[[OP-041]unstaked][account][STATICCALL_undeployed_contract][drop-CALL:>]
PASSED tests/single/bundle/test_storage_rules.py::test_rule[[OP-041]unstaked][account][STATICCALL_undeployed_contract][drop-DELEGATECALL:>]
PASSED tests/single/bundle/test_storage_rules.py::test_rule[[OP-062]unstaked][account][CALL_undeployed_contract_allowed_precompile][ok-]
PASSED tests/single/bundle/test_storage_rules.py::test_rule[[OP-062]unstaked][account][CALL_undeployed_contract_allowed_precompile][ok-CALL:>]
PASSED tests/single/bundle/test_storage_rules.py::test_rule[[OP-062]unstaked][account][CALL_undeployed_contract_allowed_precompile][ok-DELEGATECALL:>]
PASSED tests/single/opbanning/test_create.py::test_account_no_factory[CREATE]
PASSED tests/single/opbanning/test_create.py::test_account_no_factory[CREATE2]
PASSED tests/single/opbanning/test_create.py::test_paymaster_banned_create[CREATE]
PASSED tests/single/opbanning/test_create.py::test_paymaster_banned_create[CREATE2]
PASSED tests/single/opbanning/test_create.py::test_account_create2_once
PASSED tests/single/opbanning/test_op_banning.py::test_account_banned_opcode[GAS-]
PASSED tests/single/opbanning/test_op_banning.py::test_account_banned_opcode[GAS-CALL:>]
PASSED tests/single/opbanning/test_op_banning.py::test_account_banned_opcode[GAS-DELEGATECALL:>]
PASSED tests/single/opbanning/test_op_banning.py::test_account_banned_opcode[NUMBER-]
PASSED tests/single/opbanning/test_op_banning.py::test_account_banned_opcode[NUMBER-CALL:>]
PASSED tests/single/opbanning/test_op_banning.py::test_account_banned_opcode[NUMBER-DELEGATECALL:>]
PASSED tests/single/opbanning/test_op_banning.py::test_account_banned_opcode[TIMESTAMP-]
PASSED tests/single/opbanning/test_op_banning.py::test_account_banned_opcode[TIMESTAMP-CALL:>]
PASSED tests/single/opbanning/test_op_banning.py::test_account_banned_opcode[TIMESTAMP-DELEGATECALL:>]
PASSED tests/single/opbanning/test_op_banning.py::test_account_banned_opcode[COINBASE-]
PASSED tests/single/opbanning/test_op_banning.py::test_account_banned_opcode[COINBASE-CALL:>]
PASSED tests/single/opbanning/test_op_banning.py::test_account_banned_opcode[COINBASE-DELEGATECALL:>]
PASSED tests/single/opbanning/test_op_banning.py::test_account_banned_opcode[DIFFICULTY-]
PASSED tests/single/opbanning/test_op_banning.py::test_account_banned_opcode[DIFFICULTY-CALL:>]
PASSED tests/single/opbanning/test_op_banning.py::test_account_banned_opcode[DIFFICULTY-DELEGATECALL:>]
PASSED tests/single/opbanning/test_op_banning.py::test_account_banned_opcode[BASEFEE-]
PASSED tests/single/opbanning/test_op_banning.py::test_account_banned_opcode[BASEFEE-CALL:>]
PASSED tests/single/opbanning/test_op_banning.py::test_account_banned_opcode[BASEFEE-DELEGATECALL:>]
PASSED tests/single/opbanning/test_op_banning.py::test_account_banned_opcode[GASLIMIT-]
PASSED tests/single/opbanning/test_op_banning.py::test_account_banned_opcode[GASLIMIT-CALL:>]
PASSED tests/single/opbanning/test_op_banning.py::test_account_banned_opcode[GASLIMIT-DELEGATECALL:>]
PASSED tests/single/opbanning/test_op_banning.py::test_account_banned_opcode[GASPRICE-]
PASSED tests/single/opbanning/test_op_banning.py::test_account_banned_opcode[GASPRICE-CALL:>]
PASSED tests/single/opbanning/test_op_banning.py::test_account_banned_opcode[GASPRICE-DELEGATECALL:>]
PASSED tests/single/opbanning/test_op_banning.py::test_account_banned_opcode[SELFBALANCE-]
PASSED tests/single/opbanning/test_op_banning.py::test_account_banned_opcode[SELFBALANCE-CALL:>]
PASSED tests/single/opbanning/test_op_banning.py::test_account_banned_opcode[SELFBALANCE-DELEGATECALL:>]
PASSED tests/single/opbanning/test_op_banning.py::test_account_banned_opcode[BALANCE-]
PASSED tests/single/opbanning/test_op_banning.py::test_account_banned_opcode[BALANCE-CALL:>]
PASSED tests/single/opbanning/test_op_banning.py::test_account_banned_opcode[BALANCE-DELEGATECALL:>]
PASSED tests/single/opbanning/test_op_banning.py::test_account_banned_opcode[ORIGIN-]
PASSED tests/single/opbanning/test_op_banning.py::test_account_banned_opcode[ORIGIN-CALL:>]
PASSED tests/single/opbanning/test_op_banning.py::test_account_banned_opcode[ORIGIN-DELEGATECALL:>]
PASSED tests/single/opbanning/test_op_banning.py::test_account_banned_opcode[BLOCKHASH-]
PASSED tests/single/opbanning/test_op_banning.py::test_account_banned_opcode[BLOCKHASH-CALL:>]
PASSED tests/single/opbanning/test_op_banning.py::test_account_banned_opcode[BLOCKHASH-DELEGATECALL:>]
PASSED tests/single/opbanning/test_op_banning.py::test_account_banned_opcode[CREATE-]
PASSED tests/single/opbanning/test_op_banning.py::test_account_banned_opcode[CREATE-CALL:>]
PASSED tests/single/opbanning/test_op_banning.py::test_account_banned_opcode[CREATE-DELEGATECALL:>]
PASSED tests/single/opbanning/test_op_banning.py::test_account_banned_opcode[CREATE2-]
PASSED tests/single/opbanning/test_op_banning.py::test_account_banned_opcode[CREATE2-CALL:>]
PASSED tests/single/opbanning/test_op_banning.py::test_account_banned_opcode[CREATE2-DELEGATECALL:>]
PASSED tests/single/opbanning/test_op_banning.py::test_account_banned_opcode[SELFDESTRUCT-]
PASSED tests/single/opbanning/test_op_banning.py::test_account_banned_opcode[SELFDESTRUCT-CALL:>]
PASSED tests/single/opbanning/test_op_banning.py::test_account_banned_opcode[SELFDESTRUCT-DELEGATECALL:>]
PASSED tests/single/opbanning/test_op_banning.py::test_account_allowed_opcode_sequence[GAS CALL-]
PASSED tests/single/opbanning/test_op_banning.py::test_account_allowed_opcode_sequence[GAS CALL-CALL:>]
PASSED tests/single/opbanning/test_op_banning.py::test_account_allowed_opcode_sequence[GAS CALL-DELEGATECALL:>]
PASSED tests/single/opbanning/test_op_banning.py::test_account_allowed_opcode_sequence[GAS DELEGATECALL-]
PASSED tests/single/opbanning/test_op_banning.py::test_account_allowed_opcode_sequence[GAS DELEGATECALL-CALL:>]
PASSED tests/single/opbanning/test_op_banning.py::test_account_allowed_opcode_sequence[GAS DELEGATECALL-DELEGATECALL:>]
PASSED tests/single/opbanning/test_op_banning.py::test_paymaster_banned_opcode[GAS-]
PASSED tests/single/opbanning/test_op_banning.py::test_paymaster_banned_opcode[GAS-CALL:>]
PASSED tests/single/opbanning/test_op_banning.py::test_paymaster_banned_opcode[GAS-DELEGATECALL:>]
PASSED tests/single/opbanning/test_op_banning.py::test_paymaster_banned_opcode[NUMBER-]
PASSED tests/single/opbanning/test_op_banning.py::test_paymaster_banned_opcode[NUMBER-CALL:>]
PASSED tests/single/opbanning/test_op_banning.py::test_paymaster_banned_opcode[NUMBER-DELEGATECALL:>]
PASSED tests/single/opbanning/test_op_banning.py::test_paymaster_banned_opcode[TIMESTAMP-]
PASSED tests/single/opbanning/test_op_banning.py::test_paymaster_banned_opcode[TIMESTAMP-CALL:>]
PASSED tests/single/opbanning/test_op_banning.py::test_paymaster_banned_opcode[TIMESTAMP-DELEGATECALL:>]
PASSED tests/single/opbanning/test_op_banning.py::test_paymaster_banned_opcode[COINBASE-]
PASSED tests/single/opbanning/test_op_banning.py::test_paymaster_banned_opcode[COINBASE-CALL:>]
PASSED tests/single/opbanning/test_op_banning.py::test_paymaster_banned_opcode[COINBASE-DELEGATECALL:>]
PASSED tests/single/opbanning/test_op_banning.py::test_paymaster_banned_opcode[DIFFICULTY-]
PASSED tests/single/opbanning/test_op_banning.py::test_paymaster_banned_opcode[DIFFICULTY-CALL:>]
PASSED tests/single/opbanning/test_op_banning.py::test_paymaster_banned_opcode[DIFFICULTY-DELEGATECALL:>]
PASSED tests/single/opbanning/test_op_banning.py::test_paymaster_banned_opcode[BASEFEE-]
PASSED tests/single/opbanning/test_op_banning.py::test_paymaster_banned_opcode[BASEFEE-CALL:>]
PASSED tests/single/opbanning/test_op_banning.py::test_paymaster_banned_opcode[BASEFEE-DELEGATECALL:>]
PASSED tests/single/opbanning/test_op_banning.py::test_paymaster_banned_opcode[GASLIMIT-]
PASSED tests/single/opbanning/test_op_banning.py::test_paymaster_banned_opcode[GASLIMIT-CALL:>]
PASSED tests/single/opbanning/test_op_banning.py::test_paymaster_banned_opcode[GASLIMIT-DELEGATECALL:>]
PASSED tests/single/opbanning/test_op_banning.py::test_paymaster_banned_opcode[GASPRICE-]
PASSED tests/single/opbanning/test_op_banning.py::test_paymaster_banned_opcode[GASPRICE-CALL:>]
PASSED tests/single/opbanning/test_op_banning.py::test_paymaster_banned_opcode[GASPRICE-DELEGATECALL:>]
PASSED tests/single/opbanning/test_op_banning.py::test_paymaster_banned_opcode[SELFBALANCE-]
PASSED tests/single/opbanning/test_op_banning.py::test_paymaster_banned_opcode[SELFBALANCE-CALL:>]
PASSED tests/single/opbanning/test_op_banning.py::test_paymaster_banned_opcode[SELFBALANCE-DELEGATECALL:>]
PASSED tests/single/opbanning/test_op_banning.py::test_paymaster_banned_opcode[BALANCE-]
PASSED tests/single/opbanning/test_op_banning.py::test_paymaster_banned_opcode[BALANCE-CALL:>]
PASSED tests/single/opbanning/test_op_banning.py::test_paymaster_banned_opcode[BALANCE-DELEGATECALL:>]
PASSED tests/single/opbanning/test_op_banning.py::test_paymaster_banned_opcode[ORIGIN-]
PASSED tests/single/opbanning/test_op_banning.py::test_paymaster_banned_opcode[ORIGIN-CALL:>]
PASSED tests/single/opbanning/test_op_banning.py::test_paymaster_banned_opcode[ORIGIN-DELEGATECALL:>]
PASSED tests/single/opbanning/test_op_banning.py::test_paymaster_banned_opcode[BLOCKHASH-]
PASSED tests/single/opbanning/test_op_banning.py::test_paymaster_banned_opcode[BLOCKHASH-CALL:>]
PASSED tests/single/opbanning/test_op_banning.py::test_paymaster_banned_opcode[BLOCKHASH-DELEGATECALL:>]
PASSED tests/single/opbanning/test_op_banning.py::test_paymaster_banned_opcode[CREATE-]
PASSED tests/single/opbanning/test_op_banning.py::test_paymaster_banned_opcode[CREATE-CALL:>]
PASSED tests/single/opbanning/test_op_banning.py::test_paymaster_banned_opcode[CREATE-DELEGATECALL:>]
PASSED tests/single/opbanning/test_op_banning.py::test_paymaster_banned_opcode[CREATE2-]
PASSED tests/single/opbanning/test_op_banning.py::test_paymaster_banned_opcode[CREATE2-CALL:>]
PASSED tests/single/opbanning/test_op_banning.py::test_paymaster_banned_opcode[CREATE2-DELEGATECALL:>]
PASSED tests/single/opbanning/test_op_banning.py::test_paymaster_banned_opcode[SELFDESTRUCT-]
PASSED tests/single/opbanning/test_op_banning.py::test_paymaster_banned_opcode[SELFDESTRUCT-CALL:>]
PASSED tests/single/opbanning/test_op_banning.py::test_paymaster_banned_opcode[SELFDESTRUCT-DELEGATECALL:>]
PASSED tests/single/opbanning/test_op_banning.py::test_factory_banned_opcode[GAS]
PASSED tests/single/opbanning/test_op_banning.py::test_factory_banned_opcode[NUMBER]
PASSED tests/single/opbanning/test_op_banning.py::test_factory_banned_opcode[TIMESTAMP]
PASSED tests/single/opbanning/test_op_banning.py::test_factory_banned_opcode[COINBASE]
PASSED tests/single/opbanning/test_op_banning.py::test_factory_banned_opcode[DIFFICULTY]
PASSED tests/single/opbanning/test_op_banning.py::test_factory_banned_opcode[BASEFEE]
PASSED tests/single/opbanning/test_op_banning.py::test_factory_banned_opcode[GASLIMIT]
PASSED tests/single/opbanning/test_op_banning.py::test_factory_banned_opcode[GASPRICE]
PASSED tests/single/opbanning/test_op_banning.py::test_factory_banned_opcode[SELFBALANCE]
PASSED tests/single/opbanning/test_op_banning.py::test_factory_banned_opcode[BALANCE]
PASSED tests/single/opbanning/test_op_banning.py::test_factory_banned_opcode[ORIGIN]
PASSED tests/single/opbanning/test_op_banning.py::test_factory_banned_opcode[BLOCKHASH]
PASSED tests/single/opbanning/test_op_banning.py::test_factory_banned_opcode[CREATE]
PASSED tests/single/opbanning/test_op_banning.py::test_factory_banned_opcode[CREATE2]
PASSED tests/single/opbanning/test_op_banning.py::test_factory_banned_opcode[SELFDESTRUCT]
PASSED tests/single/rpc/test_eth_chainId.py::test_eth_chainId[]
PASSED tests/single/rpc/test_eth_estimateUserOperationGas.py::test_eth_estimateUserOperationGas[]
PASSED tests/single/rpc/test_eth_getUserOperationByHash.py::test_eth_getUserOperationByHash_error
PASSED tests/single/rpc/test_eth_getUserOperationReceipt.py::test_eth_getUserOperationReceipt[]
PASSED tests/single/rpc/test_eth_getUserOperationReceipt.py::test_eth_getUserOperationReceipt_error
PASSED tests/single/rpc/test_eth_supportedEntryPoints.py::test_eth_supportedEntryPoints[]
SKIPPED [1] tests/single/gas/test_pre_verification_gas_calculation.py:15: Slow and requires fixing
SKIPPED [9] tests/single/bundle/test_bundle.py:123: skipped
SKIPPED [1] tests/single/bundle/test_codehash.py:54: no self destruct. can't check code change..
SKIPPED [2] tests/single/reputation/test_reputation.py:61: skipped
FAILED tests/single/bundle/test_paymaster.py::test_paymaster_deposit - AttributeError: expected error object, got:
Ok(result='0x243710f8b6fdb3f1bcd8ae6b966185a0084da7d0a21c14daa805a728545ffb5e', id=98)
FAILED tests/single/bundle/test_storage_rules.py::test_rule[[OP-070(STO-031)]unstaked][paymaster][transient_storage_tstore][drop-] - AttributeError: 'Ok' object has no attribute 'message'
FAILED tests/single/bundle/test_storage_rules.py::test_rule[[OP-070(STO-031)]unstaked][paymaster][transient_storage_tstore][drop-CALL:>] - AttributeError: 'Ok' object has no attribute 'message'
FAILED tests/single/bundle/test_storage_rules.py::test_rule[[OP-070(STO-031)]unstaked][paymaster][transient_storage_tstore][drop-DELEGATECALL:>] - AttributeError: 'Ok' object has no attribute 'message'
FAILED tests/single/bundle/test_storage_rules.py::test_rule[[OP-070(STO-031)]unstaked][paymaster][transient_storage_tload][drop-] - AttributeError: 'Ok' object has no attribute 'message'
FAILED tests/single/bundle/test_storage_rules.py::test_rule[[OP-070(STO-031)]unstaked][paymaster][transient_storage_tload][drop-CALL:>] - AttributeError: 'Ok' object has no attribute 'message'
FAILED tests/single/bundle/test_storage_rules.py::test_rule[[OP-070(STO-031)]unstaked][paymaster][transient_storage_tload][drop-DELEGATECALL:>] - AttributeError: 'Ok' object has no attribute 'message'
FAILED tests/single/bundle/test_storage_rules.py::test_rule[[EREP-050-regression]unstaked][paymaster][context][ok-] - AttributeError: expected result object, got:
Error(code=-32502, message='A unstaked paymaster at 0x772e337ace5801a18b1e12b5bba89b7b1bb7171a: must not return context', data=None, id=172)
FAILED tests/single/bundle/test_storage_rules.py::test_rule[[EREP-050-regression]unstaked][paymaster][context][ok-CALL:>] - AttributeError: expected result object, got:
Error(code=-32502, message='A unstaked paymaster at 0xb924c65195a22d7a2c6121da7a235a4b846ba3ad: must not return context', data=None, id=174)
FAILED tests/single/bundle/test_storage_rules.py::test_rule[[EREP-050-regression]unstaked][paymaster][context][ok-DELEGATECALL:>] - AttributeError: expected result object, got:
Error(code=-32502, message='A unstaked paymaster at 0x7fe507b9df7ed8a7c62a0180c85020f39f9c5922: must not return context', data=None, id=176)
FAILED tests/single/bundle/test_storage_rules.py::test_rule[[STO-022]unstaked][account][account_reference_storage_init_code][ok-] - AttributeError: expected result object, got:
Error(code=-32502, message='factory uses banned opcode: CREATE', data=None, id=496)
FAILED tests/single/bundle/test_storage_rules.py::test_rule[[STO-022]unstaked][account][account_reference_storage_init_code][ok-CALL:>] - AttributeError: expected result object, got:
Error(code=-32502, message='factory uses banned opcode: CREATE', data=None, id=498)
FAILED tests/single/bundle/test_storage_rules.py::test_rule[[STO-022]unstaked][account][account_reference_storage_init_code][ok-DELEGATECALL:>] - AttributeError: expected result object, got:
Error(code=-32502, message='factory uses banned opcode: CREATE', data=None, id=500)
FAILED tests/single/bundle/test_storage_rules.py::test_rule[[STO-022]unstaked][paymaster][account_reference_storage_init_code][ok-] - AttributeError: expected result object, got:
Error(code=-32502, message='factory uses banned opcode: CREATE', data=None, id=502)
FAILED tests/single/bundle/test_storage_rules.py::test_rule[[STO-022]unstaked][paymaster][account_reference_storage_init_code][ok-CALL:>] - AttributeError: expected result object, got:
Error(code=-32502, message='factory uses banned opcode: CREATE', data=None, id=504)
FAILED tests/single/bundle/test_storage_rules.py::test_rule[[STO-022]unstaked][paymaster][account_reference_storage_init_code][ok-DELEGATECALL:>] - AttributeError: expected result object, got:
Error(code=-32502, message='factory uses banned opcode: CREATE', data=None, id=506)
FAILED tests/single/eip7702/test_eip7702_tuple_userop.py::test_send_eip_7702_tx - AttributeError: expected result object, got:
Error(code=-32602, message='sender 0x84d2…4866 is an existing contract, or the initCode 0x0000…0000 is not empty (but not both)', data=None, id=670)
FAILED tests/single/eip7702/test_eip7702_tuple_userop.py::test_send_eip_7702_tx_with_initcode - AttributeError: expected result object, got:
Error(code=-32602, message='Invalid params', data='invalid length 4, expected a (both 0x-prefixed or not) hex string or byte array containing 20 bytes at line 1 column 92', id=672)
FAILED tests/single/eip7702/test_eip7702_tuple_userop.py::test_send_eip_7702_tx_with_flag_no_initcode - AttributeError: expected result object, got:
Error(code=-32602, message='Invalid params', data='invalid length 4, expected a (both 0x-prefixed or not) hex string or byte array containing 20 bytes at line 1 column 92', id=674)
FAILED tests/single/eip7702/test_eip7702_tuple_userop.py::test_send_post_eip_7702_tx[0] - AttributeError: expected result object, got:
Error(code=-32602, message='sender 0x5cb5…8c0a is an existing contract, or the initCode 0x0000…0000 is not empty (but not both)', data=None, id=676)
FAILED tests/single/eip7702/test_eip7702_tuple_userop.py::test_send_post_eip_7702_tx[1337] - AttributeError: expected result object, got:
Error(code=-32602, message='sender 0x5eac…498d is an existing contract, or the initCode 0x0000…0000 is not empty (but not both)', data=None, id=678)
FAILED tests/single/eip7702/test_eip7702_tuple_userop.py::test_send_bad_eip_7702_drop_userop - AssertionError: assert -32602 == <RPCErrorCode.REJECTED_BY_EP_OR_ACCOUNT: -32500>
 +  where -32602 = Error(code=-32602, message='sender 0x1d1b…e464 is an existing contract, or the initCode 0x0000…0000 is not empty (but not both)', data=None, id=680).code
FAILED tests/single/eip7702/test_eip7702_tuple_userop.py::test_send_nonsender_eip_7702_drop_userop - AttributeError: expected error object, got:
Ok(result='0x973041d2d14825fd39376af71c7a05a9be76fba6bf9946b976e4c904800f7f4d', id=682)
FAILED tests/single/eip7702/test_eip7702_tuple_userop.py::test_send_wrongchain_eip_7702_drop_userop - AttributeError: expected result object, got:
Error(code=-32602, message='sender 0xbc2e…eba6 is an existing contract, or the initCode 0x0000…0000 is not empty (but not both)', data=None, id=684)
FAILED tests/single/opbanning/test_create.py::test_account_create_with_factory[factory=unstaked,op=CREATE,expect=ok,rule=OP-032] - AttributeError: expected result object, got:
Error(code=-32502, message='factory uses banned opcode: CREATE', data=None, id=696)
FAILED tests/single/opbanning/test_create.py::test_account_create_with_factory[factory=unstaked,op=CREATE2,expect=err,rule=OP-032] - AssertionError: assert 'account uses banned opcode: create2' in 'factory uses banned opcode: create'
 +  where 'account uses banned opcode: create2' = <built-in method lower of str object at 0x7f4f133d87b0>()
 +    where <built-in method lower of str object at 0x7f4f133d87b0> = 'account uses banned opcode: CREATE2'.lower
 +  and   'factory uses banned opcode: create' = <built-in method lower of str object at 0x7f4f133d8450>()
 +    where <built-in method lower of str object at 0x7f4f133d8450> = 'factory uses banned opcode: CREATE'.lower
 +      where 'factory uses banned opcode: CREATE' = Error(code=-32502, message='factory uses banned opcode: CREATE', data=None, id=698).message
FAILED tests/single/opbanning/test_create.py::test_account_create_with_factory[factory=staked,op=CREATE,expect=ok,rule=EREP-060] - AttributeError: expected result object, got:
Error(code=-32502, message='factory uses banned opcode: CREATE', data=None, id=700)
FAILED tests/single/opbanning/test_create.py::test_account_create_with_factory[factory=staked,op=nested-CREATE,expect=err,rule=EREP-060] - AssertionError: assert 'account uses banned opcode: create' in 'factory uses banned opcode: create'
 +  where 'account uses banned opcode: create' = <built-in method lower of str object at 0x7f4f133dacd0>()
 +    where <built-in method lower of str object at 0x7f4f133dacd0> = 'account uses banned opcode: CREATE'.lower
 +  and   'factory uses banned opcode: create' = <built-in method lower of str object at 0x7f4f133db9f0>()
 +    where <built-in method lower of str object at 0x7f4f133db9f0> = 'factory uses banned opcode: CREATE'.lower
 +      where 'factory uses banned opcode: CREATE' = Error(code=-32502, message='factory uses banned opcode: CREATE', data=None, id=702).message
FAILED tests/single/opbanning/test_create.py::test_account_create_with_factory[factory=staked,op=nested-CREATE2,expect=err,rule=EREP-060] - AssertionError: assert 'account uses banned opcode: create2' in 'factory uses banned opcode: create'
 +  where 'account uses banned opcode: create2' = <built-in method lower of str object at 0x7f4f133d9a10>()
 +    where <built-in method lower of str object at 0x7f4f133d9a10> = 'account uses banned opcode: CREATE2'.lower
 +  and   'factory uses banned opcode: create' = <built-in method lower of str object at 0x7f4f133d9ad0>()
 +    where <built-in method lower of str object at 0x7f4f133d9ad0> = 'factory uses banned opcode: CREATE'.lower
 +      where 'factory uses banned opcode: CREATE' = Error(code=-32502, message='factory uses banned opcode: CREATE', data=None, id=704).message
FAILED tests/single/opbanning/test_create.py::test_account_create_with_factory[factory=staked,op=CREATE2,expect=ok,rule=EREP-060] - AttributeError: expected result object, got:
Error(code=-32502, message='factory uses banned opcode: CREATE', data=None, id=706)
FAILED tests/single/opbanning/test_op_banning.py::test_account_banned_opcode[BLOBHASH-] - AttributeError: expected error object, got:
Ok(result='0x3999d6b4e30b55d74e0e3ed243f42c5e3052c4573b4bbb31fe9f4dc381713f34', id=798)
FAILED tests/single/opbanning/test_op_banning.py::test_account_banned_opcode[BLOBHASH-CALL:>] - AttributeError: expected error object, got:
Ok(result='0x4e7c2825ced84848b0e6d5ae08467601f6964cb5fe8faf099a078fffde77c8cd', id=800)
FAILED tests/single/opbanning/test_op_banning.py::test_account_banned_opcode[BLOBHASH-DELEGATECALL:>] - AttributeError: expected error object, got:
Ok(result='0x35a3995f4b6b7c23d8936f1ee8af438cbb271988b678aea7704ff9207b6a4d7f', id=802)
FAILED tests/single/opbanning/test_op_banning.py::test_account_banned_opcode[BLOBBASEFEE-] - AttributeError: expected error object, got:
Ok(result='0x29c04caf56ded998c9a93164c3db46fc059c270ae523a4fa38a0443c14a3e9ff', id=804)
FAILED tests/single/opbanning/test_op_banning.py::test_account_banned_opcode[BLOBBASEFEE-CALL:>] - AttributeError: expected error object, got:
Ok(result='0x5b9b37ff900427a0949f5e034141a4f00f0e4236fc1d0e22dc3ee7c1df2d869b', id=806)
FAILED tests/single/opbanning/test_op_banning.py::test_account_banned_opcode[BLOBBASEFEE-DELEGATECALL:>] - AttributeError: expected error object, got:
Ok(result='0x36ff154e97199605fe8b8132244b166e0384228ce3e8c4cee8f467c9d813546d', id=808)
FAILED tests/single/opbanning/test_op_banning.py::test_account_allowed_opcode_when_staked[BALANCE-] - AttributeError: expected result object, got:
Error(code=-32502, message='account uses banned opcode: BALANCE', data=None, id=810)
FAILED tests/single/opbanning/test_op_banning.py::test_account_allowed_opcode_when_staked[BALANCE-CALL:>] - AttributeError: expected result object, got:
Error(code=-32502, message='account uses banned opcode: BALANCE', data=None, id=812)
FAILED tests/single/opbanning/test_op_banning.py::test_account_allowed_opcode_when_staked[BALANCE-DELEGATECALL:>] - AttributeError: expected result object, got:
Error(code=-32502, message='account uses banned opcode: BALANCE', data=None, id=814)
FAILED tests/single/opbanning/test_op_banning.py::test_account_allowed_opcode_when_staked[SELFBALANCE-] - AttributeError: expected result object, got:
Error(code=-32502, message='account uses banned opcode: SELFBALANCE', data=None, id=816)
FAILED tests/single/opbanning/test_op_banning.py::test_account_allowed_opcode_when_staked[SELFBALANCE-CALL:>] - AttributeError: expected result object, got:
Error(code=-32502, message='account uses banned opcode: SELFBALANCE', data=None, id=818)
FAILED tests/single/opbanning/test_op_banning.py::test_account_allowed_opcode_when_staked[SELFBALANCE-DELEGATECALL:>] - AttributeError: expected result object, got:
Error(code=-32502, message='account uses banned opcode: SELFBALANCE', data=None, id=820)
FAILED tests/single/opbanning/test_op_banning.py::test_paymaster_banned_opcode[BLOBHASH-] - AttributeError: expected error object, got:
Ok(result='0x420192063f46a7f864187e5ac4d7ff09ee4d7682fe3370826af3ccfe660d42bb', id=924)
FAILED tests/single/opbanning/test_op_banning.py::test_paymaster_banned_opcode[BLOBHASH-CALL:>] - AttributeError: expected error object, got:
Ok(result='0x4896e9667c6548c5160a285a787173e17ebadd63b5fe48c86b5419dd5e4366de', id=926)
FAILED tests/single/opbanning/test_op_banning.py::test_paymaster_banned_opcode[BLOBHASH-DELEGATECALL:>] - AttributeError: expected error object, got:
Ok(result='0xc420254cb5ddb9c4a519104a4fbb0fadb615fc5d1fd9e83d8a8310770478e8a4', id=928)
FAILED tests/single/opbanning/test_op_banning.py::test_paymaster_banned_opcode[BLOBBASEFEE-] - AttributeError: expected error object, got:
Ok(result='0x0c06f7eea115faf94ac8a687d7b581761bd6fbacf880742ce7179e0574a8b2f6', id=930)
FAILED tests/single/opbanning/test_op_banning.py::test_paymaster_banned_opcode[BLOBBASEFEE-CALL:>] - AttributeError: expected error object, got:
Ok(result='0xc98eea90256be820ae34bd81cb9999b178da81441f1da2cb8a02c5852951e962', id=932)
FAILED tests/single/opbanning/test_op_banning.py::test_paymaster_banned_opcode[BLOBBASEFEE-DELEGATECALL:>] - AttributeError: expected error object, got:
Ok(result='0xa0f7bb7655b69cbe1fa66fe95751dbdbc6d0e5d9678b253cbcfaecf1f95ad43b', id=934)
FAILED tests/single/opbanning/test_op_banning.py::test_paymaster_allowed_opcode_when_staked[BALANCE] - AttributeError: expected result object, got:
Error(code=-32502, message='paymaster uses banned opcode: BALANCE', data=None, id=936)
FAILED tests/single/opbanning/test_op_banning.py::test_paymaster_allowed_opcode_when_staked[SELFBALANCE] - AttributeError: expected result object, got:
Error(code=-32502, message='paymaster uses banned opcode: SELFBALANCE', data=None, id=938)
FAILED tests/single/opbanning/test_op_banning.py::test_factory_banned_opcode[BLOBHASH] - AttributeError: expected error object, got:
Ok(result='0x7b52518978339823d65ca9e9593b837d461b83ada36f8353e209025548e5b420', id=970)
FAILED tests/single/opbanning/test_op_banning.py::test_factory_banned_opcode[BLOBBASEFEE] - AttributeError: expected error object, got:
Ok(result='0x5ddba84bf36b093eba01577c5db762d447a3374fbc42449f6b47ac3b52dbc8e7', id=972)
FAILED tests/single/opbanning/test_op_banning.py::test_factory_allowed_opcode_when_staked[BALANCE] - AttributeError: expected result object, got:
Error(code=-32502, message='factory uses banned opcode: BALANCE', data=None, id=974)
FAILED tests/single/opbanning/test_op_banning.py::test_factory_allowed_opcode_when_staked[SELFBALANCE] - AttributeError: expected result object, got:
Error(code=-32502, message='factory uses banned opcode: SELFBALANCE', data=None, id=976)
FAILED tests/single/reputation/test_erep.py::test_paymaster_on_account_failure - AttributeError: 'Error' object has no attribute 'result'
FAILED tests/single/reputation/test_erep.py::test_staked_factory_on_account_failure - AttributeError: expected result object, got:
Error(code=-32603, message='gRPC error: Send bundle now with error: (code: 3, message: execution reverted, data: Some(String("0x65c8fd4d0000000000000000000000000000000000000000000000000000000000000001000000000000000000000000000000000000000000000000000000000000006000000000000000000000000000000000000000000000000000000000000000a0000000000000000000000000000000000000000000000000000000000000000d4141323320726576657274656400000000000000000000000000000000000000000000000000000000000000000000000000000000000000000000000000006408c379a0000000000000000000000000000000000000000000000000000000000000002000000000000000000000000000000000000000000000000000000000000000114e6f2062756e646c6520666f7220796f7500000000000000000000000000000000000000000000000000000000000000000000000000000000000000")))\n\nLocation:\n    /app/crates/bundler/src/bundler.rs:123:29', data=None, id=986)
FAILED tests/single/reputation/test_erep.py::test_account_on_entity_failure[staked] - AssertionError: staked account should be blamed instead of paymaster
assert [Reputation(a...=0, status=0)] == [Reputation(a...=0, status=0)]
  
  At index 1 diff: Reputation(address='0xcf663a89e5f67163c4b7ee5408086101684d7e5e', opsSeen=1, opsIncluded=0, status=0) != Reputation(address='0xcf663a89e5f67163c4b7ee5408086101684d7e5e', opsSeen=0, opsIncluded=0, status=0)
  
  Full diff:
    [
        Reputation(
            address='0x562352670efe26d369dc1a3cb550e7b10b88684b',
            opsSeen=1,
            opsIncluded=0,
            status=0,
        ),
        Reputation(
            address='0xcf663a89e5f67163c4b7ee5408086101684d7e5e',
  -         opsSeen=0,
  ?                 ^
  +         opsSeen=1,
  ?                 ^
            opsIncluded=0,
            status=0,
        ),
    ]
FAILED tests/single/reputation/test_erep.py::test_account_on_entity_failure[unstaked] - AssertionError: valid userop. staked paymaster should have opsSeen increment
assert [Reputation(a...=0, status=0)] == [Reputation(a...=0, status=0)]
  
  At index 0 diff: Reputation(address='0xbd4834c82aa73cfb79f1eff9bc600fa6d19f5c80', opsSeen=1, opsIncluded=0, status=0) != Reputation(address='0xbd4834c82aa73cfb79f1eff9bc600fa6d19f5c80', opsSeen=0, opsIncluded=0, status=0)
  
  Full diff:
    [
        Reputation(
            address='0xbd4834c82aa73cfb79f1eff9bc600fa6d19f5c80',
  -         opsSeen=0,
  ?                 ^
  +         opsSeen=1,
  ?                 ^
            opsIncluded=0,
            status=0,
        ),
        Reputation(
            address='0xd38ee6d984d140ad9b7ca5ed52e839716a99b979',
            opsSeen=1,
            opsIncluded=0,
            status=0,
        ),
    ]
FAILED tests/single/reputation/test_replace.py::test_replace_paymaster - AssertionError: replace with unmodified userop
assert 2 == 1
 +  where 2 = pm_opsSeen('0x3e904b12Cc3e6F3Df436a4C1825d2E771B3ad36D')
 +    where '0x3e904b12Cc3e6F3Df436a4C1825d2E771B3ad36D' = <web3._utils.datatypes.Contract object at 0x7f4f13520280>.address
FAILED tests/single/rpc/test_eth_estimateUserOperationGas.py::test_eth_estimateUserOperationGas_execution_revert - AttributeError: expected error object, got:
Ok(result={'preVerificationGas': '0xb413', 'verificationGasLimit': '0xeffe', 'callGasLimit': '0x2f44'}, id=1014)
FAILED tests/single/rpc/test_eth_estimateUserOperationGas.py::test_eth_estimateUserOperationGas_simulation_revert - assert -32603 == <RPCErrorCode.REJECTED_BY_EP_OR_ACCOUNT: -32500>
 +  where -32603 = Error(code=-32603, message='other error: FailedOpWithRevert(FailedOpWithRevert { op_index: 0, reason: "AA23 reverted",...0000000000000000000000000001a7465737457616c6c65743a2064656164207369676e6174757265000000000000) })', data=None, id=1016).code
FAILED tests/single/rpc/test_eth_getUserOperationByHash.py::test_eth_getUserOperationByHash[] - jsonschema.exceptions.ValidationError: None is not valid under any of the given schemas

Failed validating 'oneOf' in schema['properties']['userOperation']['properties']['paymasterVerificationGasLimit']:
    {'title': 'paymaster verification gas limit',
     'oneOf': [{'type': 'string', 'pattern': '^0x([1-9a-f]+[0-9a-f]*|0)$'},
               {'type': 'number'}],
     'description': 'The amount of gas to allocate for the paymaster '
                    'validation code'}

On instance['userOperation']['paymasterVerificationGasLimit']:
    None
FAILED tests/single/rpc/test_eth_sendUserOperation.py::test_eth_sendUserOperation[] - AssertionError: assert '0x620709574c...90c24051f4bdb' == '0x08dfdd04f8...e96fe7cc35041'
  
  - 0x08dfdd04f8d055467d131641828b662c9ffec94167273057150e96fe7cc35041
  + 0x620709574ca83c21c5377ca2cf1e66df8fe6e67b301d2d8eac590c24051f4bdb
FAILED tests/single/rpc/test_eth_sendUserOperation.py::test_eth_sendUserOperation_revert - AssertionError: assert -32603 == <RPCErrorCode.REJECTED_BY_EP_OR_ACCOUNT: -32500>
 +  where -32603 = Error(code=-32603, message='other error: 0, AA23 reverted, 0x08c379a00000000000000000000000000000000000000000000000000...00000000000000000000000000000001a7465737457616c6c65743a2064656164207369676e6174757265000000000000', data=None, id=1033).code
FAILED tests/single/rpc/test_eth_sendUserOperation.py::test_eth_sendUserOperation_invalid_signature - AssertionError: assert -32503 == <RPCErrorCode.INVALID_SIGNATURE: -32507>
 +  where -32503 = Error(code=-32503, message='already expired', data=None, id=1036).code
====== 65 failed, 404 passed, 13 skipped, 1 warning in 249.89s (0:04:09) =======
Mon Mar 31 17:18:20 UTC 2025: done bundler /home/runner/work/bundler-test-executor/bundler-test-executor/bundlers/silius/silius.yml, name=silius
CONTAINER                                REPOSITORY                                    TAG                 IMAGE ID            SIZE
bundler-test-executor-bundler-1          ghcr.io/silius-rs/silius                      v08-latest          673d3e796a00        66.1MB
bundler-test-executor-bundler-waiter-1   ghcr.io/foundry-rs/foundry                    v0.2.0              6285e396820c        209MB
bundler-test-executor-deployer-1         accountabstraction/deployer                   0.8                 547f77f2167c        231MB
bundler-test-executor-funder-1           bundler-test-executor-funder                  latest              a8b54edd430d        213MB
geth-1.15                                accountabstraction/geth-with-erc7562-tracer   latest              1adae6b728da        53.5MB
