{
  "testsuites": {
    "testsuite": {
      "@name": "silius",
      "@errors": "0",
      "@failures": "65",
      "@skipped": "13",
      "@tests": "482",
      "@time": "249.809",
      "@timestamp": "2025-03-31T17:14:10.688073+00:00",
      "@hostname": "fv-az1368-733",
      "testcase": [
        {
          "@classname": "",
          "@name": "tests.single.gas.test_pre_verification_gas_calculation",
          "@time": "0.000",
          "skipped": {
            "@message": "collection skipped",
            "#text": "('/home/runner/work/bundler-test-executor/bundler-test-executor/bundler-spec-tests/tests/single/gas/test_pre_verification_gas_calculation.py', 15, 'Skipped: Slow and requires fixing')"
          }
        },
        {
          "@classname": "tests.single.bundle.test_bundle",
          "@name": "test_bundle_replace_op[only_priority_fee_bump]",
          "@time": "0.248"
        },
        {
          "@classname": "tests.single.bundle.test_bundle",
          "@name": "test_bundle_replace_op[only_max_fee_bump]",
          "@time": "0.165"
        },
        {
          "@classname": "tests.single.bundle.test_bundle",
          "@name": "test_bundle_replace_op[with_same_fee]",
          "@time": "0.191"
        },
        {
          "@classname": "tests.single.bundle.test_bundle",
          "@name": "test_bundle_replace_op[with_less_fee]",
          "@time": "0.161"
        },
        {
          "@classname": "tests.single.bundle.test_bundle",
          "@name": "test_bundle_replace_op[fee_bump_below_threshold]",
          "@time": "0.165"
        },
        {
          "@classname": "tests.single.bundle.test_bundle",
          "@name": "test_bundle_replace_op[fee_bump_at_threshold]",
          "@time": "0.268"
        },
        {
          "@classname": "tests.single.bundle.test_bundle",
          "@name": "test_bundle_replace_op[fee_bump_above_threshold]",
          "@time": "0.272"
        },
        {
          "@classname": "tests.single.bundle.test_bundle",
          "@name": "test_mempool_reputation_rules_all_entities[GREP-010-banned-entity-not-allowed-banned-sender]",
          "@time": "0.000",
          "skipped": {
            "@type": "pytest.skip",
            "@message": "skipped",
            "#text": "/home/runner/work/bundler-test-executor/bundler-test-executor/bundler-spec-tests/tests/single/bundle/test_bundle.py:123: skipped"
          },
          "system-out": "--------------------------------- Captured Log ---------------------------------\n\n--------------------------------- Captured Out ---------------------------------",
          "system-err": "--------------------------------- Captured Err ---------------------------------"
        },
        {
          "@classname": "tests.single.bundle.test_bundle",
          "@name": "test_mempool_reputation_rules_all_entities[GREP-010-banned-entity-not-allowed-banned-paymaster]",
          "@time": "0.000",
          "skipped": {
            "@type": "pytest.skip",
            "@message": "skipped",
            "#text": "/home/runner/work/bundler-test-executor/bundler-test-executor/bundler-spec-tests/tests/single/bundle/test_bundle.py:123: skipped"
          },
          "system-out": "--------------------------------- Captured Log ---------------------------------\n\n--------------------------------- Captured Out ---------------------------------",
          "system-err": "--------------------------------- Captured Err ---------------------------------"
        },
        {
          "@classname": "tests.single.bundle.test_bundle",
          "@name": "test_mempool_reputation_rules_all_entities[GREP-010-banned-entity-not-allowed-banned-factory]",
          "@time": "0.000",
          "skipped": {
            "@type": "pytest.skip",
            "@message": "skipped",
            "#text": "/home/runner/work/bundler-test-executor/bundler-test-executor/bundler-spec-tests/tests/single/bundle/test_bundle.py:123: skipped"
          },
          "system-out": "--------------------------------- Captured Log ---------------------------------\n\n--------------------------------- Captured Out ---------------------------------",
          "system-err": "--------------------------------- Captured Err ---------------------------------"
        },
        {
          "@classname": "tests.single.bundle.test_bundle",
          "@name": "test_mempool_reputation_rules_all_entities[GREP-020-throttled-entity-allowed-limited-count-throttled-sender]",
          "@time": "0.000",
          "skipped": {
            "@type": "pytest.skip",
            "@message": "skipped",
            "#text": "/home/runner/work/bundler-test-executor/bundler-test-executor/bundler-spec-tests/tests/single/bundle/test_bundle.py:123: skipped"
          },
          "system-out": "--------------------------------- Captured Log ---------------------------------\n\n--------------------------------- Captured Out ---------------------------------",
          "system-err": "--------------------------------- Captured Err ---------------------------------"
        },
        {
          "@classname": "tests.single.bundle.test_bundle",
          "@name": "test_mempool_reputation_rules_all_entities[GREP-020-throttled-entity-allowed-limited-count-throttled-paymaster]",
          "@time": "0.000",
          "skipped": {
            "@type": "pytest.skip",
            "@message": "skipped",
            "#text": "/home/runner/work/bundler-test-executor/bundler-test-executor/bundler-spec-tests/tests/single/bundle/test_bundle.py:123: skipped"
          },
          "system-out": "--------------------------------- Captured Log ---------------------------------\n\n--------------------------------- Captured Out ---------------------------------",
          "system-err": "--------------------------------- Captured Err ---------------------------------"
        },
        {
          "@classname": "tests.single.bundle.test_bundle",
          "@name": "test_mempool_reputation_rules_all_entities[GREP-020-throttled-entity-allowed-limited-count-throttled-factory]",
          "@time": "0.000",
          "skipped": {
            "@type": "pytest.skip",
            "@message": "skipped",
            "#text": "/home/runner/work/bundler-test-executor/bundler-test-executor/bundler-spec-tests/tests/single/bundle/test_bundle.py:123: skipped"
          },
          "system-out": "--------------------------------- Captured Log ---------------------------------\n\n--------------------------------- Captured Out ---------------------------------",
          "system-err": "--------------------------------- Captured Err ---------------------------------"
        },
        {
          "@classname": "tests.single.bundle.test_bundle",
          "@name": "test_mempool_reputation_rules_all_entities[UREP-010 UREP-020-unstaked-entity-allowed-function-unstaked-sender]",
          "@time": "0.000",
          "skipped": {
            "@type": "pytest.skip",
            "@message": "skipped",
            "#text": "/home/runner/work/bundler-test-executor/bundler-test-executor/bundler-spec-tests/tests/single/bundle/test_bundle.py:123: skipped"
          },
          "system-out": "--------------------------------- Captured Log ---------------------------------\n\n--------------------------------- Captured Out ---------------------------------",
          "system-err": "--------------------------------- Captured Err ---------------------------------"
        },
        {
          "@classname": "tests.single.bundle.test_bundle",
          "@name": "test_mempool_reputation_rules_all_entities[UREP-010 UREP-020-unstaked-entity-allowed-function-unstaked-paymaster]",
          "@time": "0.000",
          "skipped": {
            "@type": "pytest.skip",
            "@message": "skipped",
            "#text": "/home/runner/work/bundler-test-executor/bundler-test-executor/bundler-spec-tests/tests/single/bundle/test_bundle.py:123: skipped"
          },
          "system-out": "--------------------------------- Captured Log ---------------------------------\n\n--------------------------------- Captured Out ---------------------------------",
          "system-err": "--------------------------------- Captured Err ---------------------------------"
        },
        {
          "@classname": "tests.single.bundle.test_bundle",
          "@name": "test_mempool_reputation_rules_all_entities[UREP-010 UREP-020-unstaked-entity-allowed-function-unstaked-factory]",
          "@time": "0.000",
          "skipped": {
            "@type": "pytest.skip",
            "@message": "skipped",
            "#text": "/home/runner/work/bundler-test-executor/bundler-test-executor/bundler-spec-tests/tests/single/bundle/test_bundle.py:123: skipped"
          },
          "system-out": "--------------------------------- Captured Log ---------------------------------\n\n--------------------------------- Captured Out ---------------------------------",
          "system-err": "--------------------------------- Captured Err ---------------------------------"
        },
        {
          "@classname": "tests.single.bundle.test_bundle",
          "@name": "test_max_allowed_ops_unstaked_sender",
          "@time": "0.791"
        },
        {
          "@classname": "tests.single.bundle.test_bundle",
          "@name": "test_max_allowed_ops_staked_sender",
          "@time": "0.932"
        },
        {
          "@classname": "tests.single.bundle.test_bundle",
          "@name": "test_ban_user_op_access_other_ops_sender_in_bundle",
          "@time": "0.804"
        },
        {
          "@classname": "tests.single.bundle.test_bundle",
          "@name": "test_ban_user_sender_double_role_in_bundle",
          "@time": "0.417"
        },
        {
          "@classname": "tests.single.bundle.test_bundle",
          "@name": "test_stake_check_in_bundler",
          "@time": "0.548"
        },
        {
          "@classname": "tests.single.bundle.test_codehash",
          "@name": "test_codehash_changed",
          "@time": "0.252",
          "skipped": {
            "@type": "pytest.skip",
            "@message": "no self destruct. can't check code change..",
            "#text": "/home/runner/work/bundler-test-executor/bundler-test-executor/bundler-spec-tests/tests/single/bundle/test_codehash.py:54: no self destruct. can't check code change.."
          },
          "system-out": "--------------------------------- Captured Log ---------------------------------\n\n--------------------------------- Captured Out ---------------------------------",
          "system-err": "--------------------------------- Captured Err ---------------------------------"
        },
        {
          "@classname": "tests.single.bundle.test_paymaster",
          "@name": "test_paymaster_deposit",
          "@time": "0.711",
          "failure": {
            "@message": "AttributeError: expected error object, got:\nOk(result='0x243710f8b6fdb3f1bcd8ae6b966185a0084da7d0a21c14daa805a728545ffb5e', id=98)",
            "#text": "tests/utils.py:206: in assert_rpc_error\n    assert response.code == code\nE   AttributeError: 'Ok' object has no attribute 'code'\n\nThe above exception was the direct cause of the following exception:\ntests/single/bundle/test_paymaster.py:48: in test_paymaster_deposit\n    assert_rpc_error(res, \"too low\", RPCErrorCode.PAYMASTER_DEPOSIT_TOO_LOW)\ntests/utils.py:211: in assert_rpc_error\n    raise AttributeError(f\"expected error object, got:\\n{response}\") from exc\nE   AttributeError: expected error object, got:\nE   Ok(result='0x243710f8b6fdb3f1bcd8ae6b966185a0084da7d0a21c14daa805a728545ffb5e', id=98)"
          },
          "system-out": "--------------------------------- Captured Log ---------------------------------\n\n--------------------------------- Captured Out ---------------------------------",
          "system-err": "--------------------------------- Captured Err ---------------------------------"
        },
        {
          "@classname": "tests.single.bundle.test_storage_rules",
          "@name": "test_rule[[STO-000]unstaked][paymaster][no_storage][ok-]",
          "@time": "0.380"
        },
        {
          "@classname": "tests.single.bundle.test_storage_rules",
          "@name": "test_rule[[STO-000]unstaked][paymaster][no_storage][ok-CALL:>]",
          "@time": "0.599"
        },
        {
          "@classname": "tests.single.bundle.test_storage_rules",
          "@name": "test_rule[[STO-000]unstaked][paymaster][no_storage][ok-DELEGATECALL:>]",
          "@time": "0.694"
        },
        {
          "@classname": "tests.single.bundle.test_storage_rules",
          "@name": "test_rule[[STO-031]unstaked][paymaster][storage_read][drop-]",
          "@time": "0.403"
        },
        {
          "@classname": "tests.single.bundle.test_storage_rules",
          "@name": "test_rule[[STO-031]unstaked][paymaster][storage_read][drop-CALL:>]",
          "@time": "0.623"
        },
        {
          "@classname": "tests.single.bundle.test_storage_rules",
          "@name": "test_rule[[STO-031]unstaked][paymaster][storage_read][drop-DELEGATECALL:>]",
          "@time": "0.721"
        },
        {
          "@classname": "tests.single.bundle.test_storage_rules",
          "@name": "test_rule[[STO-031]unstaked][paymaster][storage_write][drop-]",
          "@time": "0.405"
        },
        {
          "@classname": "tests.single.bundle.test_storage_rules",
          "@name": "test_rule[[STO-031]unstaked][paymaster][storage_write][drop-CALL:>]",
          "@time": "0.668"
        },
        {
          "@classname": "tests.single.bundle.test_storage_rules",
          "@name": "test_rule[[STO-031]unstaked][paymaster][storage_write][drop-DELEGATECALL:>]",
          "@time": "0.718"
        },
        {
          "@classname": "tests.single.bundle.test_storage_rules",
          "@name": "test_rule[[OP-070(STO-031)]unstaked][paymaster][transient_storage_tstore][drop-]",
          "@time": "0.525",
          "failure": {
            "@message": "AttributeError: 'Ok' object has no attribute 'message'",
            "#text": "tests/single/bundle/test_storage_rules.py:864: in test_rule\n    case.assert_func(response)\ntests/single/bundle/test_storage_rules.py:21: in assert_error\n    assert_rpc_error(response, response.message, RPCErrorCode.BANNED_OPCODE)\nE   AttributeError: 'Ok' object has no attribute 'message'"
          },
          "system-out": "--------------------------------- Captured Log ---------------------------------\n\n--------------------------------- Captured Out ---------------------------------",
          "system-err": "--------------------------------- Captured Err ---------------------------------"
        },
        {
          "@classname": "tests.single.bundle.test_storage_rules",
          "@name": "test_rule[[OP-070(STO-031)]unstaked][paymaster][transient_storage_tstore][drop-CALL:>]",
          "@time": "0.882",
          "failure": {
            "@message": "AttributeError: 'Ok' object has no attribute 'message'",
            "#text": "tests/single/bundle/test_storage_rules.py:864: in test_rule\n    case.assert_func(response)\ntests/single/bundle/test_storage_rules.py:21: in assert_error\n    assert_rpc_error(response, response.message, RPCErrorCode.BANNED_OPCODE)\nE   AttributeError: 'Ok' object has no attribute 'message'"
          },
          "system-out": "--------------------------------- Captured Log ---------------------------------\n\n--------------------------------- Captured Out ---------------------------------",
          "system-err": "--------------------------------- Captured Err ---------------------------------"
        },
        {
          "@classname": "tests.single.bundle.test_storage_rules",
          "@name": "test_rule[[OP-070(STO-031)]unstaked][paymaster][transient_storage_tstore][drop-DELEGATECALL:>]",
          "@time": "0.865",
          "failure": {
            "@message": "AttributeError: 'Ok' object has no attribute 'message'",
            "#text": "tests/single/bundle/test_storage_rules.py:864: in test_rule\n    case.assert_func(response)\ntests/single/bundle/test_storage_rules.py:21: in assert_error\n    assert_rpc_error(response, response.message, RPCErrorCode.BANNED_OPCODE)\nE   AttributeError: 'Ok' object has no attribute 'message'"
          },
          "system-out": "--------------------------------- Captured Log ---------------------------------\n\n--------------------------------- Captured Out ---------------------------------",
          "system-err": "--------------------------------- Captured Err ---------------------------------"
        },
        {
          "@classname": "tests.single.bundle.test_storage_rules",
          "@name": "test_rule[[OP-070(STO-031)]unstaked][paymaster][transient_storage_tload][drop-]",
          "@time": "0.523",
          "failure": {
            "@message": "AttributeError: 'Ok' object has no attribute 'message'",
            "#text": "tests/single/bundle/test_storage_rules.py:864: in test_rule\n    case.assert_func(response)\ntests/single/bundle/test_storage_rules.py:21: in assert_error\n    assert_rpc_error(response, response.message, RPCErrorCode.BANNED_OPCODE)\nE   AttributeError: 'Ok' object has no attribute 'message'"
          },
          "system-out": "--------------------------------- Captured Log ---------------------------------\n\n--------------------------------- Captured Out ---------------------------------",
          "system-err": "--------------------------------- Captured Err ---------------------------------"
        },
        {
          "@classname": "tests.single.bundle.test_storage_rules",
          "@name": "test_rule[[OP-070(STO-031)]unstaked][paymaster][transient_storage_tload][drop-CALL:>]",
          "@time": "0.765",
          "failure": {
            "@message": "AttributeError: 'Ok' object has no attribute 'message'",
            "#text": "tests/single/bundle/test_storage_rules.py:864: in test_rule\n    case.assert_func(response)\ntests/single/bundle/test_storage_rules.py:21: in assert_error\n    assert_rpc_error(response, response.message, RPCErrorCode.BANNED_OPCODE)\nE   AttributeError: 'Ok' object has no attribute 'message'"
          },
          "system-out": "--------------------------------- Captured Log ---------------------------------\n\n--------------------------------- Captured Out ---------------------------------",
          "system-err": "--------------------------------- Captured Err ---------------------------------"
        },
        {
          "@classname": "tests.single.bundle.test_storage_rules",
          "@name": "test_rule[[OP-070(STO-031)]unstaked][paymaster][transient_storage_tload][drop-DELEGATECALL:>]",
          "@time": "0.860",
          "failure": {
            "@message": "AttributeError: 'Ok' object has no attribute 'message'",
            "#text": "tests/single/bundle/test_storage_rules.py:864: in test_rule\n    case.assert_func(response)\ntests/single/bundle/test_storage_rules.py:21: in assert_error\n    assert_rpc_error(response, response.message, RPCErrorCode.BANNED_OPCODE)\nE   AttributeError: 'Ok' object has no attribute 'message'"
          },
          "system-out": "--------------------------------- Captured Log ---------------------------------\n\n--------------------------------- Captured Out ---------------------------------",
          "system-err": "--------------------------------- Captured Err ---------------------------------"
        },
        {
          "@classname": "tests.single.bundle.test_storage_rules",
          "@name": "test_rule[[STO-032]unstaked][paymaster][paymaster_reference_storage][drop-]",
          "@time": "0.547"
        },
        {
          "@classname": "tests.single.bundle.test_storage_rules",
          "@name": "test_rule[[STO-032]unstaked][paymaster][paymaster_reference_storage][drop-CALL:>]",
          "@time": "0.815"
        },
        {
          "@classname": "tests.single.bundle.test_storage_rules",
          "@name": "test_rule[[STO-032]unstaked][paymaster][paymaster_reference_storage][drop-DELEGATECALL:>]",
          "@time": "0.897"
        },
        {
          "@classname": "tests.single.bundle.test_storage_rules",
          "@name": "test_rule[[STO-032]unstaked][paymaster][paymaster_reference_storage_struct][drop-]",
          "@time": "0.607"
        },
        {
          "@classname": "tests.single.bundle.test_storage_rules",
          "@name": "test_rule[[STO-032]unstaked][paymaster][paymaster_reference_storage_struct][drop-CALL:>]",
          "@time": "0.897"
        },
        {
          "@classname": "tests.single.bundle.test_storage_rules",
          "@name": "test_rule[[STO-032]unstaked][paymaster][paymaster_reference_storage_struct][drop-DELEGATECALL:>]",
          "@time": "0.974"
        },
        {
          "@classname": "tests.single.bundle.test_storage_rules",
          "@name": "test_rule[[STO-010]unstaked][paymaster][account_storage][ok-]",
          "@time": "0.434"
        },
        {
          "@classname": "tests.single.bundle.test_storage_rules",
          "@name": "test_rule[[STO-010]unstaked][paymaster][account_storage][ok-CALL:>]",
          "@time": "0.666"
        },
        {
          "@classname": "tests.single.bundle.test_storage_rules",
          "@name": "test_rule[[STO-010]unstaked][paymaster][account_storage][ok-DELEGATECALL:>]",
          "@time": "0.870"
        },
        {
          "@classname": "tests.single.bundle.test_storage_rules",
          "@name": "test_rule[[OP-070(STO-010)]unstaked][paymaster][account_transient_storage][ok-]",
          "@time": "0.557"
        },
        {
          "@classname": "tests.single.bundle.test_storage_rules",
          "@name": "test_rule[[OP-070(STO-010)]unstaked][paymaster][account_transient_storage][ok-CALL:>]",
          "@time": "0.810"
        },
        {
          "@classname": "tests.single.bundle.test_storage_rules",
          "@name": "test_rule[[OP-070(STO-010)]unstaked][paymaster][account_transient_storage][ok-DELEGATECALL:>]",
          "@time": "0.923"
        },
        {
          "@classname": "tests.single.bundle.test_storage_rules",
          "@name": "test_rule[[STO-021]unstaked][paymaster][account_reference_storage][ok-]",
          "@time": "0.581"
        },
        {
          "@classname": "tests.single.bundle.test_storage_rules",
          "@name": "test_rule[[STO-021]unstaked][paymaster][account_reference_storage][ok-CALL:>]",
          "@time": "0.785"
        },
        {
          "@classname": "tests.single.bundle.test_storage_rules",
          "@name": "test_rule[[STO-021]unstaked][paymaster][account_reference_storage][ok-DELEGATECALL:>]",
          "@time": "0.878"
        },
        {
          "@classname": "tests.single.bundle.test_storage_rules",
          "@name": "test_rule[[STO-021]unstaked][paymaster][account_reference_storage_struct][ok-]",
          "@time": "0.584"
        },
        {
          "@classname": "tests.single.bundle.test_storage_rules",
          "@name": "test_rule[[STO-021]unstaked][paymaster][account_reference_storage_struct][ok-CALL:>]",
          "@time": "0.867"
        },
        {
          "@classname": "tests.single.bundle.test_storage_rules",
          "@name": "test_rule[[STO-021]unstaked][paymaster][account_reference_storage_struct][ok-DELEGATECALL:>]",
          "@time": "0.960"
        },
        {
          "@classname": "tests.single.bundle.test_storage_rules",
          "@name": "test_rule[[STO-022]unstaked][paymaster][account_reference_storage_init_code][drop-]",
          "@time": "1.153"
        },
        {
          "@classname": "tests.single.bundle.test_storage_rules",
          "@name": "test_rule[[STO-022]unstaked][paymaster][account_reference_storage_init_code][drop-CALL:>]",
          "@time": "1.016"
        },
        {
          "@classname": "tests.single.bundle.test_storage_rules",
          "@name": "test_rule[[STO-022]unstaked][paymaster][account_reference_storage_init_code][drop-DELEGATECALL:>]",
          "@time": "1.115"
        },
        {
          "@classname": "tests.single.bundle.test_storage_rules",
          "@name": "test_rule[[EREP-050-regression]unstaked][paymaster][context][ok-]",
          "@time": "0.344",
          "failure": {
            "@message": "AttributeError: expected result object, got:\nError(code=-32502, message='A unstaked paymaster at 0x772e337ace5801a18b1e12b5bba89b7b1bb7171a: must not return context', data=None, id=172)",
            "#text": "tests/utils.py:199: in assert_ok\n    assert response.result\nE   AttributeError: 'Error' object has no attribute 'result'\n\nThe above exception was the direct cause of the following exception:\ntests/single/bundle/test_storage_rules.py:864: in test_rule\n    case.assert_func(response)\ntests/utils.py:201: in assert_ok\n    raise AttributeError(f\"expected result object, got:\\n{response}\") from exc\nE   AttributeError: expected result object, got:\nE   Error(code=-32502, message='A unstaked paymaster at 0x772e337ace5801a18b1e12b5bba89b7b1bb7171a: must not return context', data=None, id=172)"
          },
          "system-out": "--------------------------------- Captured Log ---------------------------------\n\n--------------------------------- Captured Out ---------------------------------",
          "system-err": "--------------------------------- Captured Err ---------------------------------"
        },
        {
          "@classname": "tests.single.bundle.test_storage_rules",
          "@name": "test_rule[[EREP-050-regression]unstaked][paymaster][context][ok-CALL:>]",
          "@time": "0.267",
          "failure": {
            "@message": "AttributeError: expected result object, got:\nError(code=-32502, message='A unstaked paymaster at 0xb924c65195a22d7a2c6121da7a235a4b846ba3ad: must not return context', data=None, id=174)",
            "#text": "tests/utils.py:199: in assert_ok\n    assert response.result\nE   AttributeError: 'Error' object has no attribute 'result'\n\nThe above exception was the direct cause of the following exception:\ntests/single/bundle/test_storage_rules.py:864: in test_rule\n    case.assert_func(response)\ntests/utils.py:201: in assert_ok\n    raise AttributeError(f\"expected result object, got:\\n{response}\") from exc\nE   AttributeError: expected result object, got:\nE   Error(code=-32502, message='A unstaked paymaster at 0xb924c65195a22d7a2c6121da7a235a4b846ba3ad: must not return context', data=None, id=174)"
          },
          "system-out": "--------------------------------- Captured Log ---------------------------------\n\n--------------------------------- Captured Out ---------------------------------",
          "system-err": "--------------------------------- Captured Err ---------------------------------"
        },
        {
          "@classname": "tests.single.bundle.test_storage_rules",
          "@name": "test_rule[[EREP-050-regression]unstaked][paymaster][context][ok-DELEGATECALL:>]",
          "@time": "0.297",
          "failure": {
            "@message": "AttributeError: expected result object, got:\nError(code=-32502, message='A unstaked paymaster at 0x7fe507b9df7ed8a7c62a0180c85020f39f9c5922: must not return context', data=None, id=176)",
            "#text": "tests/utils.py:199: in assert_ok\n    assert response.result\nE   AttributeError: 'Error' object has no attribute 'result'\n\nThe above exception was the direct cause of the following exception:\ntests/single/bundle/test_storage_rules.py:864: in test_rule\n    case.assert_func(response)\ntests/utils.py:201: in assert_ok\n    raise AttributeError(f\"expected result object, got:\\n{response}\") from exc\nE   AttributeError: expected result object, got:\nE   Error(code=-32502, message='A unstaked paymaster at 0x7fe507b9df7ed8a7c62a0180c85020f39f9c5922: must not return context', data=None, id=176)"
          },
          "system-out": "--------------------------------- Captured Log ---------------------------------\n\n--------------------------------- Captured Out ---------------------------------",
          "system-err": "--------------------------------- Captured Err ---------------------------------"
        },
        {
          "@classname": "tests.single.bundle.test_storage_rules",
          "@name": "test_rule[[STO-032]unstaked][paymaster][external_storage_read][drop-]",
          "@time": "0.599"
        },
        {
          "@classname": "tests.single.bundle.test_storage_rules",
          "@name": "test_rule[[STO-032]unstaked][paymaster][external_storage_read][drop-CALL:>]",
          "@time": "0.725"
        },
        {
          "@classname": "tests.single.bundle.test_storage_rules",
          "@name": "test_rule[[STO-032]unstaked][paymaster][external_storage_read][drop-DELEGATECALL:>]",
          "@time": "0.822"
        },
        {
          "@classname": "tests.single.bundle.test_storage_rules",
          "@name": "test_rule[[OP-020]unstaked][paymaster][out_of_gas][drop-]",
          "@time": "0.476"
        },
        {
          "@classname": "tests.single.bundle.test_storage_rules",
          "@name": "test_rule[[OP-020]unstaked][paymaster][out_of_gas][drop-CALL:>]",
          "@time": "0.838"
        },
        {
          "@classname": "tests.single.bundle.test_storage_rules",
          "@name": "test_rule[[OP-020]unstaked][paymaster][out_of_gas][drop-DELEGATECALL:>]",
          "@time": "0.784"
        },
        {
          "@classname": "tests.single.bundle.test_storage_rules",
          "@name": "test_rule[[OP-020]unstaked][paymaster][sstore_out_of_gas][drop-]",
          "@time": "0.565"
        },
        {
          "@classname": "tests.single.bundle.test_storage_rules",
          "@name": "test_rule[[OP-020]unstaked][paymaster][sstore_out_of_gas][drop-CALL:>]",
          "@time": "0.799"
        },
        {
          "@classname": "tests.single.bundle.test_storage_rules",
          "@name": "test_rule[[OP-020]unstaked][paymaster][sstore_out_of_gas][drop-DELEGATECALL:>]",
          "@time": "0.783"
        },
        {
          "@classname": "tests.single.bundle.test_storage_rules",
          "@name": "test_rule[[STO-000]staked][paymaster][no_storage][ok-]",
          "@time": "0.389"
        },
        {
          "@classname": "tests.single.bundle.test_storage_rules",
          "@name": "test_rule[[STO-000]staked][paymaster][no_storage][ok-CALL:>]",
          "@time": "0.611"
        },
        {
          "@classname": "tests.single.bundle.test_storage_rules",
          "@name": "test_rule[[STO-000]staked][paymaster][no_storage][ok-DELEGATECALL:>]",
          "@time": "0.699"
        },
        {
          "@classname": "tests.single.bundle.test_storage_rules",
          "@name": "test_rule[[STO-031]staked][paymaster][storage_read][ok-]",
          "@time": "0.513"
        },
        {
          "@classname": "tests.single.bundle.test_storage_rules",
          "@name": "test_rule[[STO-031]staked][paymaster][storage_read][ok-CALL:>]",
          "@time": "0.740"
        },
        {
          "@classname": "tests.single.bundle.test_storage_rules",
          "@name": "test_rule[[STO-031]staked][paymaster][storage_read][ok-DELEGATECALL:>]",
          "@time": "0.835"
        },
        {
          "@classname": "tests.single.bundle.test_storage_rules",
          "@name": "test_rule[[STO-031]staked][paymaster][storage_write][ok-]",
          "@time": "0.520"
        },
        {
          "@classname": "tests.single.bundle.test_storage_rules",
          "@name": "test_rule[[STO-031]staked][paymaster][storage_write][ok-CALL:>]",
          "@time": "0.654"
        },
        {
          "@classname": "tests.single.bundle.test_storage_rules",
          "@name": "test_rule[[STO-031]staked][paymaster][storage_write][ok-DELEGATECALL:>]",
          "@time": "0.851"
        },
        {
          "@classname": "tests.single.bundle.test_storage_rules",
          "@name": "test_rule[[STO-032]staked][paymaster][paymaster_reference_storage][ok-]",
          "@time": "0.577"
        },
        {
          "@classname": "tests.single.bundle.test_storage_rules",
          "@name": "test_rule[[STO-032]staked][paymaster][paymaster_reference_storage][ok-CALL:>]",
          "@time": "0.864"
        },
        {
          "@classname": "tests.single.bundle.test_storage_rules",
          "@name": "test_rule[[STO-032]staked][paymaster][paymaster_reference_storage][ok-DELEGATECALL:>]",
          "@time": "1.029"
        },
        {
          "@classname": "tests.single.bundle.test_storage_rules",
          "@name": "test_rule[[STO-032]staked][paymaster][paymaster_reference_storage_struct][ok-]",
          "@time": "0.735"
        },
        {
          "@classname": "tests.single.bundle.test_storage_rules",
          "@name": "test_rule[[STO-032]staked][paymaster][paymaster_reference_storage_struct][ok-CALL:>]",
          "@time": "1.015"
        },
        {
          "@classname": "tests.single.bundle.test_storage_rules",
          "@name": "test_rule[[STO-032]staked][paymaster][paymaster_reference_storage_struct][ok-DELEGATECALL:>]",
          "@time": "1.121"
        },
        {
          "@classname": "tests.single.bundle.test_storage_rules",
          "@name": "test_rule[[STO-033]staked][paymaster][paymaster_reference_storage_struct][ok-]",
          "@time": "0.743"
        },
        {
          "@classname": "tests.single.bundle.test_storage_rules",
          "@name": "test_rule[[STO-033]staked][paymaster][paymaster_reference_storage_struct][ok-CALL:>]",
          "@time": "0.921"
        },
        {
          "@classname": "tests.single.bundle.test_storage_rules",
          "@name": "test_rule[[STO-033]staked][paymaster][paymaster_reference_storage_struct][ok-DELEGATECALL:>]",
          "@time": "1.011"
        },
        {
          "@classname": "tests.single.bundle.test_storage_rules",
          "@name": "test_rule[[STO-010]staked][paymaster][account_storage][ok-]",
          "@time": "0.503"
        },
        {
          "@classname": "tests.single.bundle.test_storage_rules",
          "@name": "test_rule[[STO-010]staked][paymaster][account_storage][ok-CALL:>]",
          "@time": "0.697"
        },
        {
          "@classname": "tests.single.bundle.test_storage_rules",
          "@name": "test_rule[[STO-010]staked][paymaster][account_storage][ok-DELEGATECALL:>]",
          "@time": "0.797"
        },
        {
          "@classname": "tests.single.bundle.test_storage_rules",
          "@name": "test_rule[[STO-021]staked][paymaster][account_reference_storage][ok-]",
          "@time": "0.559"
        },
        {
          "@classname": "tests.single.bundle.test_storage_rules",
          "@name": "test_rule[[STO-021]staked][paymaster][account_reference_storage][ok-CALL:>]",
          "@time": "0.822"
        },
        {
          "@classname": "tests.single.bundle.test_storage_rules",
          "@name": "test_rule[[STO-021]staked][paymaster][account_reference_storage][ok-DELEGATECALL:>]",
          "@time": "0.917"
        },
        {
          "@classname": "tests.single.bundle.test_storage_rules",
          "@name": "test_rule[[STO-021]staked][paymaster][account_reference_storage_struct][ok-]",
          "@time": "0.630"
        },
        {
          "@classname": "tests.single.bundle.test_storage_rules",
          "@name": "test_rule[[STO-021]staked][paymaster][account_reference_storage_struct][ok-CALL:>]",
          "@time": "0.909"
        },
        {
          "@classname": "tests.single.bundle.test_storage_rules",
          "@name": "test_rule[[STO-021]staked][paymaster][account_reference_storage_struct][ok-DELEGATECALL:>]",
          "@time": "0.994"
        },
        {
          "@classname": "tests.single.bundle.test_storage_rules",
          "@name": "test_rule[[STO-022]staked][paymaster][account_reference_storage_init_code][ok-]",
          "@time": "0.797"
        },
        {
          "@classname": "tests.single.bundle.test_storage_rules",
          "@name": "test_rule[[STO-022]staked][paymaster][account_reference_storage_init_code][ok-CALL:>]",
          "@time": "1.084"
        },
        {
          "@classname": "tests.single.bundle.test_storage_rules",
          "@name": "test_rule[[STO-022]staked][paymaster][account_reference_storage_init_code][ok-DELEGATECALL:>]",
          "@time": "1.159"
        },
        {
          "@classname": "tests.single.bundle.test_storage_rules",
          "@name": "test_rule[[EREP-050-regression]staked][paymaster][context][ok-]",
          "@time": "0.285"
        },
        {
          "@classname": "tests.single.bundle.test_storage_rules",
          "@name": "test_rule[[EREP-050-regression]staked][paymaster][context][ok-CALL:>]",
          "@time": "0.411"
        },
        {
          "@classname": "tests.single.bundle.test_storage_rules",
          "@name": "test_rule[[EREP-050-regression]staked][paymaster][context][ok-DELEGATECALL:>]",
          "@time": "0.345"
        },
        {
          "@classname": "tests.single.bundle.test_storage_rules",
          "@name": "test_rule[[STO-033]staked][paymaster][external_storage_write][drop-]",
          "@time": "0.547"
        },
        {
          "@classname": "tests.single.bundle.test_storage_rules",
          "@name": "test_rule[[STO-033]staked][paymaster][external_storage_write][drop-CALL:>]",
          "@time": "0.798"
        },
        {
          "@classname": "tests.single.bundle.test_storage_rules",
          "@name": "test_rule[[STO-033]staked][paymaster][external_storage_write][drop-DELEGATECALL:>]",
          "@time": "0.892"
        },
        {
          "@classname": "tests.single.bundle.test_storage_rules",
          "@name": "test_rule[[STO-033]staked][paymaster][external_storage_read][ok-]",
          "@time": "0.624"
        },
        {
          "@classname": "tests.single.bundle.test_storage_rules",
          "@name": "test_rule[[STO-033]staked][paymaster][external_storage_read][ok-CALL:>]",
          "@time": "0.783"
        },
        {
          "@classname": "tests.single.bundle.test_storage_rules",
          "@name": "test_rule[[STO-033]staked][paymaster][external_storage_read][ok-DELEGATECALL:>]",
          "@time": "0.966"
        },
        {
          "@classname": "tests.single.bundle.test_storage_rules",
          "@name": "test_rule[[OP-020]staked][paymaster][out_of_gas][drop-]",
          "@time": "0.565"
        },
        {
          "@classname": "tests.single.bundle.test_storage_rules",
          "@name": "test_rule[[OP-020]staked][paymaster][out_of_gas][drop-CALL:>]",
          "@time": "0.736"
        },
        {
          "@classname": "tests.single.bundle.test_storage_rules",
          "@name": "test_rule[[OP-020]staked][paymaster][out_of_gas][drop-DELEGATECALL:>]",
          "@time": "0.918"
        },
        {
          "@classname": "tests.single.bundle.test_storage_rules",
          "@name": "test_rule[[OP-020]staked][paymaster][sstore_out_of_gas][drop-]",
          "@time": "0.505"
        },
        {
          "@classname": "tests.single.bundle.test_storage_rules",
          "@name": "test_rule[[OP-020]staked][paymaster][sstore_out_of_gas][drop-CALL:>]",
          "@time": "0.741"
        },
        {
          "@classname": "tests.single.bundle.test_storage_rules",
          "@name": "test_rule[[OP-020]staked][paymaster][sstore_out_of_gas][drop-DELEGATECALL:>]",
          "@time": "0.921"
        },
        {
          "@classname": "tests.single.bundle.test_storage_rules",
          "@name": "test_rule[[STO-000]unstaked][factory][no_storage][ok-]",
          "@time": "0.323"
        },
        {
          "@classname": "tests.single.bundle.test_storage_rules",
          "@name": "test_rule[[STO-000]unstaked][factory][no_storage][ok-CALL:>]",
          "@time": "0.498"
        },
        {
          "@classname": "tests.single.bundle.test_storage_rules",
          "@name": "test_rule[[STO-000]unstaked][factory][no_storage][ok-DELEGATECALL:>]",
          "@time": "0.512"
        },
        {
          "@classname": "tests.single.bundle.test_storage_rules",
          "@name": "test_rule[[STO-000]unstaked][factory][storage_read][drop-]",
          "@time": "0.322"
        },
        {
          "@classname": "tests.single.bundle.test_storage_rules",
          "@name": "test_rule[[STO-000]unstaked][factory][storage_read][drop-CALL:>]",
          "@time": "0.597"
        },
        {
          "@classname": "tests.single.bundle.test_storage_rules",
          "@name": "test_rule[[STO-000]unstaked][factory][storage_read][drop-DELEGATECALL:>]",
          "@time": "0.626"
        },
        {
          "@classname": "tests.single.bundle.test_storage_rules",
          "@name": "test_rule[[STO-000]unstaked][factory][storage_write][drop-]",
          "@time": "0.328"
        },
        {
          "@classname": "tests.single.bundle.test_storage_rules",
          "@name": "test_rule[[STO-000]unstaked][factory][storage_write][drop-CALL:>]",
          "@time": "0.507"
        },
        {
          "@classname": "tests.single.bundle.test_storage_rules",
          "@name": "test_rule[[STO-000]unstaked][factory][storage_write][drop-DELEGATECALL:>]",
          "@time": "0.628"
        },
        {
          "@classname": "tests.single.bundle.test_storage_rules",
          "@name": "test_rule[[STO-000]unstaked][factory][factory_reference_storage][drop-]",
          "@time": "0.448"
        },
        {
          "@classname": "tests.single.bundle.test_storage_rules",
          "@name": "test_rule[[STO-000]unstaked][factory][factory_reference_storage][drop-CALL:>]",
          "@time": "0.557"
        },
        {
          "@classname": "tests.single.bundle.test_storage_rules",
          "@name": "test_rule[[STO-000]unstaked][factory][factory_reference_storage][drop-DELEGATECALL:>]",
          "@time": "0.616"
        },
        {
          "@classname": "tests.single.bundle.test_storage_rules",
          "@name": "test_rule[[STO-032]unstaked][factory][factory_reference_storage_struct][drop-]",
          "@time": "0.469"
        },
        {
          "@classname": "tests.single.bundle.test_storage_rules",
          "@name": "test_rule[[STO-032]unstaked][factory][factory_reference_storage_struct][drop-CALL:>]",
          "@time": "0.602"
        },
        {
          "@classname": "tests.single.bundle.test_storage_rules",
          "@name": "test_rule[[STO-032]unstaked][factory][factory_reference_storage_struct][drop-DELEGATECALL:>]",
          "@time": "0.665"
        },
        {
          "@classname": "tests.single.bundle.test_storage_rules",
          "@name": "test_rule[[STO-010]unstaked][factory][account_storage][ok-]",
          "@time": "0.327"
        },
        {
          "@classname": "tests.single.bundle.test_storage_rules",
          "@name": "test_rule[[STO-010]unstaked][factory][account_storage][ok-CALL:>]",
          "@time": "0.513"
        },
        {
          "@classname": "tests.single.bundle.test_storage_rules",
          "@name": "test_rule[[STO-010]unstaked][factory][account_storage][ok-DELEGATECALL:>]",
          "@time": "0.526"
        },
        {
          "@classname": "tests.single.bundle.test_storage_rules",
          "@name": "test_rule[[STO-021]unstaked][factory][account_reference_storage][drop-]",
          "@time": "0.334"
        },
        {
          "@classname": "tests.single.bundle.test_storage_rules",
          "@name": "test_rule[[STO-021]unstaked][factory][account_reference_storage][drop-CALL:>]",
          "@time": "0.550"
        },
        {
          "@classname": "tests.single.bundle.test_storage_rules",
          "@name": "test_rule[[STO-021]unstaked][factory][account_reference_storage][drop-DELEGATECALL:>]",
          "@time": "0.716"
        },
        {
          "@classname": "tests.single.bundle.test_storage_rules",
          "@name": "test_rule[[STO-021]unstaked][factory][account_reference_storage_struct][drop-]",
          "@time": "0.349"
        },
        {
          "@classname": "tests.single.bundle.test_storage_rules",
          "@name": "test_rule[[STO-021]unstaked][factory][account_reference_storage_struct][drop-CALL:>]",
          "@time": "0.599"
        },
        {
          "@classname": "tests.single.bundle.test_storage_rules",
          "@name": "test_rule[[STO-021]unstaked][factory][account_reference_storage_struct][drop-DELEGATECALL:>]",
          "@time": "0.653"
        },
        {
          "@classname": "tests.single.bundle.test_storage_rules",
          "@name": "test_rule[[STO-000]unstaked][factory][external_storage_read][drop-]",
          "@time": "0.354"
        },
        {
          "@classname": "tests.single.bundle.test_storage_rules",
          "@name": "test_rule[[STO-000]unstaked][factory][external_storage_read][drop-CALL:>]",
          "@time": "0.544"
        },
        {
          "@classname": "tests.single.bundle.test_storage_rules",
          "@name": "test_rule[[STO-000]unstaked][factory][external_storage_read][drop-DELEGATECALL:>]",
          "@time": "0.686"
        },
        {
          "@classname": "tests.single.bundle.test_storage_rules",
          "@name": "test_rule[[OP-042]unstaked][factory][EXTCODEx_CALLx_undeployed_sender][ok-]",
          "@time": "0.461"
        },
        {
          "@classname": "tests.single.bundle.test_storage_rules",
          "@name": "test_rule[[OP-042]unstaked][factory][EXTCODEx_CALLx_undeployed_sender][ok-CALL:>]",
          "@time": "0.531"
        },
        {
          "@classname": "tests.single.bundle.test_storage_rules",
          "@name": "test_rule[[OP-042]unstaked][factory][EXTCODEx_CALLx_undeployed_sender][ok-DELEGATECALL:>]",
          "@time": "0.537"
        },
        {
          "@classname": "tests.single.bundle.test_storage_rules",
          "@name": "test_rule[[OP-041]unstaked][factory][EXTCODESIZE_undeployed_contract][drop-]",
          "@time": "0.317"
        },
        {
          "@classname": "tests.single.bundle.test_storage_rules",
          "@name": "test_rule[[OP-041]unstaked][factory][EXTCODESIZE_undeployed_contract][drop-CALL:>]",
          "@time": "0.554"
        },
        {
          "@classname": "tests.single.bundle.test_storage_rules",
          "@name": "test_rule[[OP-041]unstaked][factory][EXTCODESIZE_undeployed_contract][drop-DELEGATECALL:>]",
          "@time": "0.622"
        },
        {
          "@classname": "tests.single.bundle.test_storage_rules",
          "@name": "test_rule[[OP-041]unstaked][factory][EXTCODEHASH_undeployed_contract][drop-]",
          "@time": "0.411"
        },
        {
          "@classname": "tests.single.bundle.test_storage_rules",
          "@name": "test_rule[[OP-041]unstaked][factory][EXTCODEHASH_undeployed_contract][drop-CALL:>]",
          "@time": "0.662"
        },
        {
          "@classname": "tests.single.bundle.test_storage_rules",
          "@name": "test_rule[[OP-041]unstaked][factory][EXTCODEHASH_undeployed_contract][drop-DELEGATECALL:>]",
          "@time": "0.721"
        },
        {
          "@classname": "tests.single.bundle.test_storage_rules",
          "@name": "test_rule[[OP-041]unstaked][factory][EXTCODECOPY_undeployed_contract][drop-]",
          "@time": "0.313"
        },
        {
          "@classname": "tests.single.bundle.test_storage_rules",
          "@name": "test_rule[[OP-041]unstaked][factory][EXTCODECOPY_undeployed_contract][drop-CALL:>]",
          "@time": "0.570"
        },
        {
          "@classname": "tests.single.bundle.test_storage_rules",
          "@name": "test_rule[[OP-041]unstaked][factory][EXTCODECOPY_undeployed_contract][drop-DELEGATECALL:>]",
          "@time": "0.628"
        },
        {
          "@classname": "tests.single.bundle.test_storage_rules",
          "@name": "test_rule[[OP-041]unstaked][factory][CALL_undeployed_contract][drop-]",
          "@time": "0.309"
        },
        {
          "@classname": "tests.single.bundle.test_storage_rules",
          "@name": "test_rule[[OP-041]unstaked][factory][CALL_undeployed_contract][drop-CALL:>]",
          "@time": "0.608"
        },
        {
          "@classname": "tests.single.bundle.test_storage_rules",
          "@name": "test_rule[[OP-041]unstaked][factory][CALL_undeployed_contract][drop-DELEGATECALL:>]",
          "@time": "0.663"
        },
        {
          "@classname": "tests.single.bundle.test_storage_rules",
          "@name": "test_rule[[OP-041]unstaked][factory][CALLCODE_undeployed_contract][drop-]",
          "@time": "0.301"
        },
        {
          "@classname": "tests.single.bundle.test_storage_rules",
          "@name": "test_rule[[OP-041]unstaked][factory][CALLCODE_undeployed_contract][drop-CALL:>]",
          "@time": "0.644"
        },
        {
          "@classname": "tests.single.bundle.test_storage_rules",
          "@name": "test_rule[[OP-041]unstaked][factory][CALLCODE_undeployed_contract][drop-DELEGATECALL:>]",
          "@time": "0.590"
        },
        {
          "@classname": "tests.single.bundle.test_storage_rules",
          "@name": "test_rule[[OP-041]unstaked][factory][DELEGATECALL_undeployed_contract][drop-]",
          "@time": "0.413"
        },
        {
          "@classname": "tests.single.bundle.test_storage_rules",
          "@name": "test_rule[[OP-041]unstaked][factory][DELEGATECALL_undeployed_contract][drop-CALL:>]",
          "@time": "0.669"
        },
        {
          "@classname": "tests.single.bundle.test_storage_rules",
          "@name": "test_rule[[OP-041]unstaked][factory][DELEGATECALL_undeployed_contract][drop-DELEGATECALL:>]",
          "@time": "0.725"
        },
        {
          "@classname": "tests.single.bundle.test_storage_rules",
          "@name": "test_rule[[OP-041]unstaked][factory][STATICCALL_undeployed_contract][drop-]",
          "@time": "0.307"
        },
        {
          "@classname": "tests.single.bundle.test_storage_rules",
          "@name": "test_rule[[OP-041]unstaked][factory][STATICCALL_undeployed_contract][drop-CALL:>]",
          "@time": "0.645"
        },
        {
          "@classname": "tests.single.bundle.test_storage_rules",
          "@name": "test_rule[[OP-041]unstaked][factory][STATICCALL_undeployed_contract][drop-DELEGATECALL:>]",
          "@time": "0.608"
        },
        {
          "@classname": "tests.single.bundle.test_storage_rules",
          "@name": "test_rule[[OP-020]unstaked][factory][out_of_gas][drop-]",
          "@time": "0.441"
        },
        {
          "@classname": "tests.single.bundle.test_storage_rules",
          "@name": "test_rule[[OP-020]unstaked][factory][out_of_gas][drop-CALL:>]",
          "@time": "0.605"
        },
        {
          "@classname": "tests.single.bundle.test_storage_rules",
          "@name": "test_rule[[OP-020]unstaked][factory][out_of_gas][drop-DELEGATECALL:>]",
          "@time": "0.628"
        },
        {
          "@classname": "tests.single.bundle.test_storage_rules",
          "@name": "test_rule[[OP-020]unstaked][factory][sstore_out_of_gas][drop-]",
          "@time": "0.366"
        },
        {
          "@classname": "tests.single.bundle.test_storage_rules",
          "@name": "test_rule[[OP-020]unstaked][factory][sstore_out_of_gas][drop-CALL:>]",
          "@time": "0.547"
        },
        {
          "@classname": "tests.single.bundle.test_storage_rules",
          "@name": "test_rule[[OP-020]unstaked][factory][sstore_out_of_gas][drop-DELEGATECALL:>]",
          "@time": "0.583"
        },
        {
          "@classname": "tests.single.bundle.test_storage_rules",
          "@name": "test_rule[[STO-000]staked][factory][no_storage][ok-]",
          "@time": "0.352"
        },
        {
          "@classname": "tests.single.bundle.test_storage_rules",
          "@name": "test_rule[[STO-000]staked][factory][no_storage][ok-CALL:>]",
          "@time": "0.521"
        },
        {
          "@classname": "tests.single.bundle.test_storage_rules",
          "@name": "test_rule[[STO-000]staked][factory][no_storage][ok-DELEGATECALL:>]",
          "@time": "0.533"
        },
        {
          "@classname": "tests.single.bundle.test_storage_rules",
          "@name": "test_rule[[STO-031]staked][factory][storage_read][ok-]",
          "@time": "0.462"
        },
        {
          "@classname": "tests.single.bundle.test_storage_rules",
          "@name": "test_rule[[STO-031]staked][factory][storage_read][ok-CALL:>]",
          "@time": "0.532"
        },
        {
          "@classname": "tests.single.bundle.test_storage_rules",
          "@name": "test_rule[[STO-031]staked][factory][storage_read][ok-DELEGATECALL:>]",
          "@time": "0.654"
        },
        {
          "@classname": "tests.single.bundle.test_storage_rules",
          "@name": "test_rule[[STO-031]staked][factory][storage_write][ok-]",
          "@time": "0.361"
        },
        {
          "@classname": "tests.single.bundle.test_storage_rules",
          "@name": "test_rule[[STO-031]staked][factory][storage_write][ok-CALL:>]",
          "@time": "0.540"
        },
        {
          "@classname": "tests.single.bundle.test_storage_rules",
          "@name": "test_rule[[STO-031]staked][factory][storage_write][ok-DELEGATECALL:>]",
          "@time": "0.555"
        },
        {
          "@classname": "tests.single.bundle.test_storage_rules",
          "@name": "test_rule[[STO-032]staked][factory][factory_reference_storage][ok-]",
          "@time": "0.382"
        },
        {
          "@classname": "tests.single.bundle.test_storage_rules",
          "@name": "test_rule[[STO-032]staked][factory][factory_reference_storage][ok-CALL:>]",
          "@time": "0.635"
        },
        {
          "@classname": "tests.single.bundle.test_storage_rules",
          "@name": "test_rule[[STO-032]staked][factory][factory_reference_storage][ok-DELEGATECALL:>]",
          "@time": "0.651"
        },
        {
          "@classname": "tests.single.bundle.test_storage_rules",
          "@name": "test_rule[[STO-032]staked][factory][factory_reference_storage_struct][ok-]",
          "@time": "0.486"
        },
        {
          "@classname": "tests.single.bundle.test_storage_rules",
          "@name": "test_rule[[STO-032]staked][factory][factory_reference_storage_struct][ok-CALL:>]",
          "@time": "0.733"
        },
        {
          "@classname": "tests.single.bundle.test_storage_rules",
          "@name": "test_rule[[STO-032]staked][factory][factory_reference_storage_struct][ok-DELEGATECALL:>]",
          "@time": "0.696"
        },
        {
          "@classname": "tests.single.bundle.test_storage_rules",
          "@name": "test_rule[[STO-010]staked][factory][account_storage][ok-]",
          "@time": "0.355"
        },
        {
          "@classname": "tests.single.bundle.test_storage_rules",
          "@name": "test_rule[[STO-010]staked][factory][account_storage][ok-CALL:>]",
          "@time": "0.552"
        },
        {
          "@classname": "tests.single.bundle.test_storage_rules",
          "@name": "test_rule[[STO-010]staked][factory][account_storage][ok-DELEGATECALL:>]",
          "@time": "0.556"
        },
        {
          "@classname": "tests.single.bundle.test_storage_rules",
          "@name": "test_rule[[STO-021]staked][factory][account_reference_storage][ok-]",
          "@time": "0.460"
        },
        {
          "@classname": "tests.single.bundle.test_storage_rules",
          "@name": "test_rule[[STO-021]staked][factory][account_reference_storage][ok-CALL:>]",
          "@time": "0.571"
        },
        {
          "@classname": "tests.single.bundle.test_storage_rules",
          "@name": "test_rule[[STO-021]staked][factory][account_reference_storage][ok-DELEGATECALL:>]",
          "@time": "0.752"
        },
        {
          "@classname": "tests.single.bundle.test_storage_rules",
          "@name": "test_rule[[STO-021]staked][factory][account_reference_storage_struct][ok-]",
          "@time": "0.372"
        },
        {
          "@classname": "tests.single.bundle.test_storage_rules",
          "@name": "test_rule[[STO-021]staked][factory][account_reference_storage_struct][ok-CALL:>]",
          "@time": "0.625"
        },
        {
          "@classname": "tests.single.bundle.test_storage_rules",
          "@name": "test_rule[[STO-021]staked][factory][account_reference_storage_struct][ok-DELEGATECALL:>]",
          "@time": "0.691"
        },
        {
          "@classname": "tests.single.bundle.test_storage_rules",
          "@name": "test_rule[[STO-033]staked][factory][external_storage_write][drop-]",
          "@time": "0.379"
        },
        {
          "@classname": "tests.single.bundle.test_storage_rules",
          "@name": "test_rule[[STO-033]staked][factory][external_storage_write][drop-CALL:>]",
          "@time": "0.677"
        },
        {
          "@classname": "tests.single.bundle.test_storage_rules",
          "@name": "test_rule[[STO-033]staked][factory][external_storage_write][drop-DELEGATECALL:>]",
          "@time": "0.742"
        },
        {
          "@classname": "tests.single.bundle.test_storage_rules",
          "@name": "test_rule[[STO-033]staked][factory][external_storage_read][ok-]",
          "@time": "0.476"
        },
        {
          "@classname": "tests.single.bundle.test_storage_rules",
          "@name": "test_rule[[STO-033]staked][factory][external_storage_read][ok-CALL:>]",
          "@time": "0.668"
        },
        {
          "@classname": "tests.single.bundle.test_storage_rules",
          "@name": "test_rule[[STO-033]staked][factory][external_storage_read][ok-DELEGATECALL:>]",
          "@time": "0.619"
        },
        {
          "@classname": "tests.single.bundle.test_storage_rules",
          "@name": "test_rule[[OP-020]staked][factory][out_of_gas][drop-]",
          "@time": "0.566"
        },
        {
          "@classname": "tests.single.bundle.test_storage_rules",
          "@name": "test_rule[[OP-020]staked][factory][out_of_gas][drop-CALL:>]",
          "@time": "0.732"
        },
        {
          "@classname": "tests.single.bundle.test_storage_rules",
          "@name": "test_rule[[OP-020]staked][factory][out_of_gas][drop-DELEGATECALL:>]",
          "@time": "0.758"
        },
        {
          "@classname": "tests.single.bundle.test_storage_rules",
          "@name": "test_rule[[OP-020]staked][factory][sstore_out_of_gas][drop-]",
          "@time": "0.490"
        },
        {
          "@classname": "tests.single.bundle.test_storage_rules",
          "@name": "test_rule[[OP-020]staked][factory][sstore_out_of_gas][drop-CALL:>]",
          "@time": "0.575"
        },
        {
          "@classname": "tests.single.bundle.test_storage_rules",
          "@name": "test_rule[[OP-020]staked][factory][sstore_out_of_gas][drop-DELEGATECALL:>]",
          "@time": "0.703"
        },
        {
          "@classname": "tests.single.bundle.test_storage_rules",
          "@name": "test_rule[[STO-000]unstaked][account][no_storage][ok-]",
          "@time": "0.667"
        },
        {
          "@classname": "tests.single.bundle.test_storage_rules",
          "@name": "test_rule[[STO-000]unstaked][account][no_storage][ok-CALL:>]",
          "@time": "0.582"
        },
        {
          "@classname": "tests.single.bundle.test_storage_rules",
          "@name": "test_rule[[STO-000]unstaked][account][no_storage][ok-DELEGATECALL:>]",
          "@time": "0.472"
        },
        {
          "@classname": "tests.single.bundle.test_storage_rules",
          "@name": "test_rule[[STO-010]unstaked][account][account_storage][ok-]",
          "@time": "0.295"
        },
        {
          "@classname": "tests.single.bundle.test_storage_rules",
          "@name": "test_rule[[STO-010]unstaked][account][account_storage][ok-CALL:>]",
          "@time": "0.496"
        },
        {
          "@classname": "tests.single.bundle.test_storage_rules",
          "@name": "test_rule[[STO-010]unstaked][account][account_storage][ok-DELEGATECALL:>]",
          "@time": "0.501"
        },
        {
          "@classname": "tests.single.bundle.test_storage_rules",
          "@name": "test_rule[[STO-021]unstaked][account][account_reference_storage][ok-]",
          "@time": "0.305"
        },
        {
          "@classname": "tests.single.bundle.test_storage_rules",
          "@name": "test_rule[[STO-021]unstaked][account][account_reference_storage][ok-CALL:>]",
          "@time": "0.638"
        },
        {
          "@classname": "tests.single.bundle.test_storage_rules",
          "@name": "test_rule[[STO-021]unstaked][account][account_reference_storage][ok-DELEGATECALL:>]",
          "@time": "0.625"
        },
        {
          "@classname": "tests.single.bundle.test_storage_rules",
          "@name": "test_rule[[STO-022]unstaked][account][account_reference_storage_init_code][drop-]",
          "@time": "0.411"
        },
        {
          "@classname": "tests.single.bundle.test_storage_rules",
          "@name": "test_rule[[STO-022]unstaked][account][account_reference_storage_init_code][drop-CALL:>]",
          "@time": "0.475"
        },
        {
          "@classname": "tests.single.bundle.test_storage_rules",
          "@name": "test_rule[[STO-022]unstaked][account][account_reference_storage_init_code][drop-DELEGATECALL:>]",
          "@time": "0.416"
        },
        {
          "@classname": "tests.single.bundle.test_storage_rules",
          "@name": "test_rule[[STO-022]unstaked][account][account_reference_storage_init_code][ok-]",
          "@time": "0.858",
          "failure": {
            "@message": "AttributeError: expected result object, got:\nError(code=-32502, message='factory uses banned opcode: CREATE', data=None, id=496)",
            "#text": "tests/utils.py:199: in assert_ok\n    assert response.result\nE   AttributeError: 'Error' object has no attribute 'result'\n\nThe above exception was the direct cause of the following exception:\ntests/single/bundle/test_storage_rules.py:864: in test_rule\n    case.assert_func(response)\ntests/utils.py:201: in assert_ok\n    raise AttributeError(f\"expected result object, got:\\n{response}\") from exc\nE   AttributeError: expected result object, got:\nE   Error(code=-32502, message='factory uses banned opcode: CREATE', data=None, id=496)"
          },
          "system-out": "--------------------------------- Captured Log ---------------------------------\n\n--------------------------------- Captured Out ---------------------------------",
          "system-err": "--------------------------------- Captured Err ---------------------------------"
        },
        {
          "@classname": "tests.single.bundle.test_storage_rules",
          "@name": "test_rule[[STO-022]unstaked][account][account_reference_storage_init_code][ok-CALL:>]",
          "@time": "0.783",
          "failure": {
            "@message": "AttributeError: expected result object, got:\nError(code=-32502, message='factory uses banned opcode: CREATE', data=None, id=498)",
            "#text": "tests/utils.py:199: in assert_ok\n    assert response.result\nE   AttributeError: 'Error' object has no attribute 'result'\n\nThe above exception was the direct cause of the following exception:\ntests/single/bundle/test_storage_rules.py:864: in test_rule\n    case.assert_func(response)\ntests/utils.py:201: in assert_ok\n    raise AttributeError(f\"expected result object, got:\\n{response}\") from exc\nE   AttributeError: expected result object, got:\nE   Error(code=-32502, message='factory uses banned opcode: CREATE', data=None, id=498)"
          },
          "system-out": "--------------------------------- Captured Log ---------------------------------\n\n--------------------------------- Captured Out ---------------------------------\nCALL:> funding test_rules_target 0x65D041834D1Caa81FFa3F1fA198a36133E025924",
          "system-err": "--------------------------------- Captured Err ---------------------------------"
        },
        {
          "@classname": "tests.single.bundle.test_storage_rules",
          "@name": "test_rule[[STO-022]unstaked][account][account_reference_storage_init_code][ok-DELEGATECALL:>]",
          "@time": "0.885",
          "failure": {
            "@message": "AttributeError: expected result object, got:\nError(code=-32502, message='factory uses banned opcode: CREATE', data=None, id=500)",
            "#text": "tests/utils.py:199: in assert_ok\n    assert response.result\nE   AttributeError: 'Error' object has no attribute 'result'\n\nThe above exception was the direct cause of the following exception:\ntests/single/bundle/test_storage_rules.py:864: in test_rule\n    case.assert_func(response)\ntests/utils.py:201: in assert_ok\n    raise AttributeError(f\"expected result object, got:\\n{response}\") from exc\nE   AttributeError: expected result object, got:\nE   Error(code=-32502, message='factory uses banned opcode: CREATE', data=None, id=500)"
          },
          "system-out": "--------------------------------- Captured Log ---------------------------------\n\n--------------------------------- Captured Out ---------------------------------",
          "system-err": "--------------------------------- Captured Err ---------------------------------"
        },
        {
          "@classname": "tests.single.bundle.test_storage_rules",
          "@name": "test_rule[[STO-022]unstaked][paymaster][account_reference_storage_init_code][ok-]",
          "@time": "0.907",
          "failure": {
            "@message": "AttributeError: expected result object, got:\nError(code=-32502, message='factory uses banned opcode: CREATE', data=None, id=502)",
            "#text": "tests/utils.py:199: in assert_ok\n    assert response.result\nE   AttributeError: 'Error' object has no attribute 'result'\n\nThe above exception was the direct cause of the following exception:\ntests/single/bundle/test_storage_rules.py:864: in test_rule\n    case.assert_func(response)\ntests/utils.py:201: in assert_ok\n    raise AttributeError(f\"expected result object, got:\\n{response}\") from exc\nE   AttributeError: expected result object, got:\nE   Error(code=-32502, message='factory uses banned opcode: CREATE', data=None, id=502)"
          },
          "system-out": "--------------------------------- Captured Log ---------------------------------\n\n--------------------------------- Captured Out ---------------------------------",
          "system-err": "--------------------------------- Captured Err ---------------------------------"
        },
        {
          "@classname": "tests.single.bundle.test_storage_rules",
          "@name": "test_rule[[STO-022]unstaked][paymaster][account_reference_storage_init_code][ok-CALL:>]",
          "@time": "1.090",
          "failure": {
            "@message": "AttributeError: expected result object, got:\nError(code=-32502, message='factory uses banned opcode: CREATE', data=None, id=504)",
            "#text": "tests/utils.py:199: in assert_ok\n    assert response.result\nE   AttributeError: 'Error' object has no attribute 'result'\n\nThe above exception was the direct cause of the following exception:\ntests/single/bundle/test_storage_rules.py:864: in test_rule\n    case.assert_func(response)\ntests/utils.py:201: in assert_ok\n    raise AttributeError(f\"expected result object, got:\\n{response}\") from exc\nE   AttributeError: expected result object, got:\nE   Error(code=-32502, message='factory uses banned opcode: CREATE', data=None, id=504)"
          },
          "system-out": "--------------------------------- Captured Log ---------------------------------\n\n--------------------------------- Captured Out ---------------------------------",
          "system-err": "--------------------------------- Captured Err ---------------------------------"
        },
        {
          "@classname": "tests.single.bundle.test_storage_rules",
          "@name": "test_rule[[STO-022]unstaked][paymaster][account_reference_storage_init_code][ok-DELEGATECALL:>]",
          "@time": "1.271",
          "failure": {
            "@message": "AttributeError: expected result object, got:\nError(code=-32502, message='factory uses banned opcode: CREATE', data=None, id=506)",
            "#text": "tests/utils.py:199: in assert_ok\n    assert response.result\nE   AttributeError: 'Error' object has no attribute 'result'\n\nThe above exception was the direct cause of the following exception:\ntests/single/bundle/test_storage_rules.py:864: in test_rule\n    case.assert_func(response)\ntests/utils.py:201: in assert_ok\n    raise AttributeError(f\"expected result object, got:\\n{response}\") from exc\nE   AttributeError: expected result object, got:\nE   Error(code=-32502, message='factory uses banned opcode: CREATE', data=None, id=506)"
          },
          "system-out": "--------------------------------- Captured Log ---------------------------------\n\n--------------------------------- Captured Out ---------------------------------",
          "system-err": "--------------------------------- Captured Err ---------------------------------"
        },
        {
          "@classname": "tests.single.bundle.test_storage_rules",
          "@name": "test_rule[[STO-021]unstaked][account][account_reference_storage_struct][ok-]",
          "@time": "0.340"
        },
        {
          "@classname": "tests.single.bundle.test_storage_rules",
          "@name": "test_rule[[STO-021]unstaked][account][account_reference_storage_struct][ok-CALL:>]",
          "@time": "0.548"
        },
        {
          "@classname": "tests.single.bundle.test_storage_rules",
          "@name": "test_rule[[STO-021]unstaked][account][account_reference_storage_struct][ok-DELEGATECALL:>]",
          "@time": "0.541"
        },
        {
          "@classname": "tests.single.bundle.test_storage_rules",
          "@name": "test_rule[[STO-000]unstaked][account][external_storage_read][drop-]",
          "@time": "0.419"
        },
        {
          "@classname": "tests.single.bundle.test_storage_rules",
          "@name": "test_rule[[STO-000]unstaked][account][external_storage_read][drop-CALL:>]",
          "@time": "0.529"
        },
        {
          "@classname": "tests.single.bundle.test_storage_rules",
          "@name": "test_rule[[STO-000]unstaked][account][external_storage_read][drop-DELEGATECALL:>]",
          "@time": "0.531"
        },
        {
          "@classname": "tests.single.bundle.test_storage_rules",
          "@name": "test_rule[[OP-020]unstaked][account][out_of_gas][drop-]",
          "@time": "0.401"
        },
        {
          "@classname": "tests.single.bundle.test_storage_rules",
          "@name": "test_rule[[OP-020]unstaked][account][out_of_gas][drop-CALL:>]",
          "@time": "0.590"
        },
        {
          "@classname": "tests.single.bundle.test_storage_rules",
          "@name": "test_rule[[OP-020]unstaked][account][out_of_gas][drop-DELEGATECALL:>]",
          "@time": "0.592"
        },
        {
          "@classname": "tests.single.bundle.test_storage_rules",
          "@name": "test_rule[[OP-020]unstaked][account][sstore_out_of_gas][drop-]",
          "@time": "0.327"
        },
        {
          "@classname": "tests.single.bundle.test_storage_rules",
          "@name": "test_rule[[OP-020]unstaked][account][sstore_out_of_gas][drop-CALL:>]",
          "@time": "0.537"
        },
        {
          "@classname": "tests.single.bundle.test_storage_rules",
          "@name": "test_rule[[OP-020]unstaked][account][sstore_out_of_gas][drop-DELEGATECALL:>]",
          "@time": "0.632"
        },
        {
          "@classname": "tests.single.bundle.test_storage_rules",
          "@name": "test_rule[[STO-000]staked][account][no_storage][ok-]",
          "@time": "0.414"
        },
        {
          "@classname": "tests.single.bundle.test_storage_rules",
          "@name": "test_rule[[STO-000]staked][account][no_storage][ok-CALL:>]",
          "@time": "0.607"
        },
        {
          "@classname": "tests.single.bundle.test_storage_rules",
          "@name": "test_rule[[STO-000]staked][account][no_storage][ok-DELEGATECALL:>]",
          "@time": "0.601"
        },
        {
          "@classname": "tests.single.bundle.test_storage_rules",
          "@name": "test_rule[[STO-010]staked][account][account_storage][ok-]",
          "@time": "0.423"
        },
        {
          "@classname": "tests.single.bundle.test_storage_rules",
          "@name": "test_rule[[STO-010]staked][account][account_storage][ok-CALL:>]",
          "@time": "0.534"
        },
        {
          "@classname": "tests.single.bundle.test_storage_rules",
          "@name": "test_rule[[STO-010]staked][account][account_storage][ok-DELEGATECALL:>]",
          "@time": "0.622"
        },
        {
          "@classname": "tests.single.bundle.test_storage_rules",
          "@name": "test_rule[[STO-021]staked][account][account_reference_storage][ok-]",
          "@time": "0.328"
        },
        {
          "@classname": "tests.single.bundle.test_storage_rules",
          "@name": "test_rule[[STO-021]staked][account][account_reference_storage][ok-CALL:>]",
          "@time": "0.559"
        },
        {
          "@classname": "tests.single.bundle.test_storage_rules",
          "@name": "test_rule[[STO-021]staked][account][account_reference_storage][ok-DELEGATECALL:>]",
          "@time": "0.551"
        },
        {
          "@classname": "tests.single.bundle.test_storage_rules",
          "@name": "test_rule[[STO-021]staked][account][account_reference_storage_struct][ok-]",
          "@time": "0.437"
        },
        {
          "@classname": "tests.single.bundle.test_storage_rules",
          "@name": "test_rule[[STO-021]staked][account][account_reference_storage_struct][ok-CALL:>]",
          "@time": "0.581"
        },
        {
          "@classname": "tests.single.bundle.test_storage_rules",
          "@name": "test_rule[[STO-021]staked][account][account_reference_storage_struct][ok-DELEGATECALL:>]",
          "@time": "0.616"
        },
        {
          "@classname": "tests.single.bundle.test_storage_rules",
          "@name": "test_rule[[OP-020]staked][account][out_of_gas][drop-]",
          "@time": "0.435"
        },
        {
          "@classname": "tests.single.bundle.test_storage_rules",
          "@name": "test_rule[[OP-020]staked][account][out_of_gas][drop-CALL:>]",
          "@time": "0.623"
        },
        {
          "@classname": "tests.single.bundle.test_storage_rules",
          "@name": "test_rule[[OP-020]staked][account][out_of_gas][drop-DELEGATECALL:>]",
          "@time": "0.626"
        },
        {
          "@classname": "tests.single.bundle.test_storage_rules",
          "@name": "test_rule[[OP-020]staked][account][sstore_out_of_gas][drop-]",
          "@time": "0.354"
        },
        {
          "@classname": "tests.single.bundle.test_storage_rules",
          "@name": "test_rule[[OP-020]staked][account][sstore_out_of_gas][drop-CALL:>]",
          "@time": "0.555"
        },
        {
          "@classname": "tests.single.bundle.test_storage_rules",
          "@name": "test_rule[[OP-020]staked][account][sstore_out_of_gas][drop-DELEGATECALL:>]",
          "@time": "0.557"
        },
        {
          "@classname": "tests.single.bundle.test_storage_rules",
          "@name": "test_rule[[STO-033]staked][account][external_storage_write][drop-]",
          "@time": "0.347"
        },
        {
          "@classname": "tests.single.bundle.test_storage_rules",
          "@name": "test_rule[[STO-033]staked][account][external_storage_write][drop-CALL:>]",
          "@time": "0.574"
        },
        {
          "@classname": "tests.single.bundle.test_storage_rules",
          "@name": "test_rule[[STO-033]staked][account][external_storage_write][drop-DELEGATECALL:>]",
          "@time": "0.568"
        },
        {
          "@classname": "tests.single.bundle.test_storage_rules",
          "@name": "test_rule[[STO-033]staked][account][external_storage_read][ok-]",
          "@time": "0.351"
        },
        {
          "@classname": "tests.single.bundle.test_storage_rules",
          "@name": "test_rule[[STO-033]staked][account][external_storage_read][ok-CALL:>]",
          "@time": "0.573"
        },
        {
          "@classname": "tests.single.bundle.test_storage_rules",
          "@name": "test_rule[[STO-033]staked][account][external_storage_read][ok-DELEGATECALL:>]",
          "@time": "0.657"
        },
        {
          "@classname": "tests.single.bundle.test_storage_rules",
          "@name": "test_rule[[OP-011]unstaked][account][entryPoint_call_balanceOf][drop-]",
          "@time": "0.439"
        },
        {
          "@classname": "tests.single.bundle.test_storage_rules",
          "@name": "test_rule[[OP-011]unstaked][account][entryPoint_call_balanceOf][drop-CALL:>]",
          "@time": "0.671"
        },
        {
          "@classname": "tests.single.bundle.test_storage_rules",
          "@name": "test_rule[[OP-011]unstaked][account][entryPoint_call_balanceOf][drop-DELEGATECALL:>]",
          "@time": "0.701"
        },
        {
          "@classname": "tests.single.bundle.test_storage_rules",
          "@name": "test_rule[[OP-061]unstaked][account][eth_value_transfer_forbidden][drop-]",
          "@time": "0.430"
        },
        {
          "@classname": "tests.single.bundle.test_storage_rules",
          "@name": "test_rule[[OP-061]unstaked][account][eth_value_transfer_forbidden][drop-CALL:>]",
          "@time": "0.577"
        },
        {
          "@classname": "tests.single.bundle.test_storage_rules",
          "@name": "test_rule[[OP-061]unstaked][account][eth_value_transfer_forbidden][drop-DELEGATECALL:>]",
          "@time": "0.555"
        },
        {
          "@classname": "tests.single.bundle.test_storage_rules",
          "@name": "test_rule[[OP-053]unstaked][account][eth_value_transfer_entryPoint][ok-]",
          "@time": "0.344"
        },
        {
          "@classname": "tests.single.bundle.test_storage_rules",
          "@name": "test_rule[[OP-053]unstaked][account][eth_value_transfer_entryPoint][ok-CALL:>]",
          "@time": "0.577"
        },
        {
          "@classname": "tests.single.bundle.test_storage_rules",
          "@name": "test_rule[[OP-053]unstaked][account][eth_value_transfer_entryPoint][ok-DELEGATECALL:>]",
          "@time": "0.574"
        },
        {
          "@classname": "tests.single.bundle.test_storage_rules",
          "@name": "test_rule[[OP-052]unstaked][account][eth_value_transfer_entryPoint_depositTo][ok-]",
          "@time": "0.346"
        },
        {
          "@classname": "tests.single.bundle.test_storage_rules",
          "@name": "test_rule[[OP-052]unstaked][account][eth_value_transfer_entryPoint_depositTo][ok-CALL:>]",
          "@time": "0.608"
        },
        {
          "@classname": "tests.single.bundle.test_storage_rules",
          "@name": "test_rule[[OP-052]unstaked][account][eth_value_transfer_entryPoint_depositTo][ok-DELEGATECALL:>]",
          "@time": "0.715"
        },
        {
          "@classname": "tests.single.bundle.test_storage_rules",
          "@name": "test_rule[[OP-041]unstaked][account][EXTCODESIZE_undeployed_contract][drop-]",
          "@time": "0.277"
        },
        {
          "@classname": "tests.single.bundle.test_storage_rules",
          "@name": "test_rule[[OP-041]unstaked][account][EXTCODESIZE_undeployed_contract][drop-CALL:>]",
          "@time": "0.517"
        },
        {
          "@classname": "tests.single.bundle.test_storage_rules",
          "@name": "test_rule[[OP-041]unstaked][account][EXTCODESIZE_undeployed_contract][drop-DELEGATECALL:>]",
          "@time": "0.560"
        },
        {
          "@classname": "tests.single.bundle.test_storage_rules",
          "@name": "test_rule[[OP-041]unstaked][account][EXTCODEHASH_undeployed_contract][drop-]",
          "@time": "0.282"
        },
        {
          "@classname": "tests.single.bundle.test_storage_rules",
          "@name": "test_rule[[OP-041]unstaked][account][EXTCODEHASH_undeployed_contract][drop-CALL:>]",
          "@time": "0.633"
        },
        {
          "@classname": "tests.single.bundle.test_storage_rules",
          "@name": "test_rule[[OP-041]unstaked][account][EXTCODEHASH_undeployed_contract][drop-DELEGATECALL:>]",
          "@time": "0.522"
        },
        {
          "@classname": "tests.single.bundle.test_storage_rules",
          "@name": "test_rule[[OP-041]unstaked][account][EXTCODECOPY_undeployed_contract][drop-]",
          "@time": "0.280"
        },
        {
          "@classname": "tests.single.bundle.test_storage_rules",
          "@name": "test_rule[[OP-041]unstaked][account][EXTCODECOPY_undeployed_contract][drop-CALL:>]",
          "@time": "0.538"
        },
        {
          "@classname": "tests.single.bundle.test_storage_rules",
          "@name": "test_rule[[OP-041]unstaked][account][EXTCODECOPY_undeployed_contract][drop-DELEGATECALL:>]",
          "@time": "0.526"
        },
        {
          "@classname": "tests.single.bundle.test_storage_rules",
          "@name": "test_rule[[OP-054]unstaked][account][EXTCODESIZE_entrypoint][drop-]",
          "@time": "0.396"
        },
        {
          "@classname": "tests.single.bundle.test_storage_rules",
          "@name": "test_rule[[OP-054]unstaked][account][EXTCODESIZE_entrypoint][drop-CALL:>]",
          "@time": "0.626"
        },
        {
          "@classname": "tests.single.bundle.test_storage_rules",
          "@name": "test_rule[[OP-054]unstaked][account][EXTCODESIZE_entrypoint][drop-DELEGATECALL:>]",
          "@time": "0.517"
        },
        {
          "@classname": "tests.single.bundle.test_storage_rules",
          "@name": "test_rule[[OP-054]unstaked][account][EXTCODEHASH_entrypoint][drop-]",
          "@time": "0.297"
        },
        {
          "@classname": "tests.single.bundle.test_storage_rules",
          "@name": "test_rule[[OP-054]unstaked][account][EXTCODEHASH_entrypoint][drop-CALL:>]",
          "@time": "0.516"
        },
        {
          "@classname": "tests.single.bundle.test_storage_rules",
          "@name": "test_rule[[OP-054]unstaked][account][EXTCODEHASH_entrypoint][drop-DELEGATECALL:>]",
          "@time": "0.641"
        },
        {
          "@classname": "tests.single.bundle.test_storage_rules",
          "@name": "test_rule[[OP-054]unstaked][account][EXTCODECOPY_entrypoint][drop-]",
          "@time": "0.301"
        },
        {
          "@classname": "tests.single.bundle.test_storage_rules",
          "@name": "test_rule[[OP-054]unstaked][account][EXTCODECOPY_entrypoint][drop-CALL:>]",
          "@time": "0.521"
        },
        {
          "@classname": "tests.single.bundle.test_storage_rules",
          "@name": "test_rule[[OP-054]unstaked][account][EXTCODECOPY_entrypoint][drop-DELEGATECALL:>]",
          "@time": "0.620"
        },
        {
          "@classname": "tests.single.bundle.test_storage_rules",
          "@name": "test_rule[[OP-041]unstaked][account][CALL_undeployed_contract][drop-]",
          "@time": "0.267"
        },
        {
          "@classname": "tests.single.bundle.test_storage_rules",
          "@name": "test_rule[[OP-041]unstaked][account][CALL_undeployed_contract][drop-CALL:>]",
          "@time": "0.495"
        },
        {
          "@classname": "tests.single.bundle.test_storage_rules",
          "@name": "test_rule[[OP-041]unstaked][account][CALL_undeployed_contract][drop-DELEGATECALL:>]",
          "@time": "0.494"
        },
        {
          "@classname": "tests.single.bundle.test_storage_rules",
          "@name": "test_rule[[OP-041]unstaked][account][CALLCODE_undeployed_contract][drop-]",
          "@time": "0.277"
        },
        {
          "@classname": "tests.single.bundle.test_storage_rules",
          "@name": "test_rule[[OP-041]unstaked][account][CALLCODE_undeployed_contract][drop-CALL:>]",
          "@time": "0.511"
        },
        {
          "@classname": "tests.single.bundle.test_storage_rules",
          "@name": "test_rule[[OP-041]unstaked][account][CALLCODE_undeployed_contract][drop-DELEGATECALL:>]",
          "@time": "0.514"
        },
        {
          "@classname": "tests.single.bundle.test_storage_rules",
          "@name": "test_rule[[OP-041]unstaked][account][DELEGATECALL_undeployed_contract][drop-]",
          "@time": "0.279"
        },
        {
          "@classname": "tests.single.bundle.test_storage_rules",
          "@name": "test_rule[[OP-041]unstaked][account][DELEGATECALL_undeployed_contract][drop-CALL:>]",
          "@time": "0.521"
        },
        {
          "@classname": "tests.single.bundle.test_storage_rules",
          "@name": "test_rule[[OP-041]unstaked][account][DELEGATECALL_undeployed_contract][drop-DELEGATECALL:>]",
          "@time": "0.518"
        },
        {
          "@classname": "tests.single.bundle.test_storage_rules",
          "@name": "test_rule[[OP-041]unstaked][account][STATICCALL_undeployed_contract][drop-]",
          "@time": "0.384"
        },
        {
          "@classname": "tests.single.bundle.test_storage_rules",
          "@name": "test_rule[[OP-041]unstaked][account][STATICCALL_undeployed_contract][drop-CALL:>]",
          "@time": "0.634"
        },
        {
          "@classname": "tests.single.bundle.test_storage_rules",
          "@name": "test_rule[[OP-041]unstaked][account][STATICCALL_undeployed_contract][drop-DELEGATECALL:>]",
          "@time": "0.578"
        },
        {
          "@classname": "tests.single.bundle.test_storage_rules",
          "@name": "test_rule[[OP-062]unstaked][account][CALL_undeployed_contract_allowed_precompile][ok-]",
          "@time": "0.395"
        },
        {
          "@classname": "tests.single.bundle.test_storage_rules",
          "@name": "test_rule[[OP-062]unstaked][account][CALL_undeployed_contract_allowed_precompile][ok-CALL:>]",
          "@time": "0.558"
        },
        {
          "@classname": "tests.single.bundle.test_storage_rules",
          "@name": "test_rule[[OP-062]unstaked][account][CALL_undeployed_contract_allowed_precompile][ok-DELEGATECALL:>]",
          "@time": "0.557"
        },
        {
          "@classname": "tests.single.eip7702.test_eip7702_tuple_userop",
          "@name": "test_send_eip_7702_tx",
          "@time": "0.081",
          "failure": {
            "@message": "AttributeError: expected result object, got:\nError(code=-32602, message='sender 0x84d24866 is an existing contract, or the initCode 0x00000000 is not empty (but not both)', data=None, id=670)",
            "#text": "tests/utils.py:199: in assert_ok\n    assert response.result\nE   AttributeError: 'Error' object has no attribute 'result'\n\nThe above exception was the direct cause of the following exception:\ntests/single/eip7702/test_eip7702_tuple_userop.py:36: in test_send_eip_7702_tx\n    assert_ok(response)\ntests/utils.py:201: in assert_ok\n    raise AttributeError(f\"expected result object, got:\\n{response}\") from exc\nE   AttributeError: expected result object, got:\nE   Error(code=-32602, message='sender 0x84d24866 is an existing contract, or the initCode 0x00000000 is not empty (but not both)', data=None, id=670)"
          },
          "system-out": "--------------------------------- Captured Log ---------------------------------\n\n--------------------------------- Captured Out ---------------------------------",
          "system-err": "--------------------------------- Captured Err ---------------------------------"
        },
        {
          "@classname": "tests.single.eip7702.test_eip7702_tuple_userop",
          "@name": "test_send_eip_7702_tx_with_initcode",
          "@time": "0.077",
          "failure": {
            "@message": "AttributeError: expected result object, got:\nError(code=-32602, message='Invalid params', data='invalid length 4, expected a (both 0x-prefixed or not) hex string or byte array containing 20 bytes at line 1 column 92', id=672)",
            "#text": "tests/utils.py:199: in assert_ok\n    assert response.result\nE   AttributeError: 'Error' object has no attribute 'result'\n\nThe above exception was the direct cause of the following exception:\ntests/single/eip7702/test_eip7702_tuple_userop.py:85: in test_send_eip_7702_tx_with_initcode\n    assert_ok(response)\ntests/utils.py:201: in assert_ok\n    raise AttributeError(f\"expected result object, got:\\n{response}\") from exc\nE   AttributeError: expected result object, got:\nE   Error(code=-32602, message='Invalid params', data='invalid length 4, expected a (both 0x-prefixed or not) hex string or byte array containing 20 bytes at line 1 column 92', id=672)"
          },
          "system-out": "--------------------------------- Captured Log ---------------------------------\n\n--------------------------------- Captured Out ---------------------------------",
          "system-err": "--------------------------------- Captured Err ---------------------------------"
        },
        {
          "@classname": "tests.single.eip7702.test_eip7702_tuple_userop",
          "@name": "test_send_eip_7702_tx_with_flag_no_initcode",
          "@time": "0.081",
          "failure": {
            "@message": "AttributeError: expected result object, got:\nError(code=-32602, message='Invalid params', data='invalid length 4, expected a (both 0x-prefixed or not) hex string or byte array containing 20 bytes at line 1 column 92', id=674)",
            "#text": "tests/utils.py:199: in assert_ok\n    assert response.result\nE   AttributeError: 'Error' object has no attribute 'result'\n\nThe above exception was the direct cause of the following exception:\ntests/single/eip7702/test_eip7702_tuple_userop.py:127: in test_send_eip_7702_tx_with_flag_no_initcode\n    assert_ok(response)\ntests/utils.py:201: in assert_ok\n    raise AttributeError(f\"expected result object, got:\\n{response}\") from exc\nE   AttributeError: expected result object, got:\nE   Error(code=-32602, message='Invalid params', data='invalid length 4, expected a (both 0x-prefixed or not) hex string or byte array containing 20 bytes at line 1 column 92', id=674)"
          },
          "system-out": "--------------------------------- Captured Log ---------------------------------\n\n--------------------------------- Captured Out ---------------------------------",
          "system-err": "--------------------------------- Captured Err ---------------------------------"
        },
        {
          "@classname": "tests.single.eip7702.test_eip7702_tuple_userop",
          "@name": "test_send_post_eip_7702_tx[0]",
          "@time": "0.080",
          "failure": {
            "@message": "AttributeError: expected result object, got:\nError(code=-32602, message='sender 0x5cb58c0a is an existing contract, or the initCode 0x00000000 is not empty (but not both)', data=None, id=676)",
            "#text": "tests/utils.py:199: in assert_ok\n    assert response.result\nE   AttributeError: 'Error' object has no attribute 'result'\n\nThe above exception was the direct cause of the following exception:\ntests/single/eip7702/test_eip7702_tuple_userop.py:156: in test_send_post_eip_7702_tx\n    assert_ok(response)\ntests/utils.py:201: in assert_ok\n    raise AttributeError(f\"expected result object, got:\\n{response}\") from exc\nE   AttributeError: expected result object, got:\nE   Error(code=-32602, message='sender 0x5cb58c0a is an existing contract, or the initCode 0x00000000 is not empty (but not both)', data=None, id=676)"
          },
          "system-out": "--------------------------------- Captured Log ---------------------------------\n\n--------------------------------- Captured Out ---------------------------------",
          "system-err": "--------------------------------- Captured Err ---------------------------------"
        },
        {
          "@classname": "tests.single.eip7702.test_eip7702_tuple_userop",
          "@name": "test_send_post_eip_7702_tx[1337]",
          "@time": "0.079",
          "failure": {
            "@message": "AttributeError: expected result object, got:\nError(code=-32602, message='sender 0x5eac498d is an existing contract, or the initCode 0x00000000 is not empty (but not both)', data=None, id=678)",
            "#text": "tests/utils.py:199: in assert_ok\n    assert response.result\nE   AttributeError: 'Error' object has no attribute 'result'\n\nThe above exception was the direct cause of the following exception:\ntests/single/eip7702/test_eip7702_tuple_userop.py:156: in test_send_post_eip_7702_tx\n    assert_ok(response)\ntests/utils.py:201: in assert_ok\n    raise AttributeError(f\"expected result object, got:\\n{response}\") from exc\nE   AttributeError: expected result object, got:\nE   Error(code=-32602, message='sender 0x5eac498d is an existing contract, or the initCode 0x00000000 is not empty (but not both)', data=None, id=678)"
          },
          "system-out": "--------------------------------- Captured Log ---------------------------------\n\n--------------------------------- Captured Out ---------------------------------",
          "system-err": "--------------------------------- Captured Err ---------------------------------"
        },
        {
          "@classname": "tests.single.eip7702.test_eip7702_tuple_userop",
          "@name": "test_send_bad_eip_7702_drop_userop",
          "@time": "0.081",
          "failure": {
            "@message": "AssertionError: assert -32602 == <RPCErrorCode.REJECTED_BY_EP_OR_ACCOUNT: -32500>\n +  where -32602 = Error(code=-32602, message='sender 0x1d1be464 is an existing contract, or the initCode 0x00000000 is not empty (but not both)', data=None, id=680).code",
            "#text": "tests/single/eip7702/test_eip7702_tuple_userop.py:208: in test_send_bad_eip_7702_drop_userop\n    assert_rpc_error(response, \"\", RPCErrorCode.REJECTED_BY_EP_OR_ACCOUNT)\ntests/utils.py:206: in assert_rpc_error\n    assert response.code == code\nE   AssertionError: assert -32602 == <RPCErrorCode.REJECTED_BY_EP_OR_ACCOUNT: -32500>\nE    +  where -32602 = Error(code=-32602, message='sender 0x1d1be464 is an existing contract, or the initCode 0x00000000 is not empty (but not both)', data=None, id=680).code"
          },
          "system-out": "--------------------------------- Captured Log ---------------------------------\n\n--------------------------------- Captured Out ---------------------------------",
          "system-err": "--------------------------------- Captured Err ---------------------------------"
        },
        {
          "@classname": "tests.single.eip7702.test_eip7702_tuple_userop",
          "@name": "test_send_nonsender_eip_7702_drop_userop",
          "@time": "0.163",
          "failure": {
            "@message": "AttributeError: expected error object, got:\nOk(result='0x973041d2d14825fd39376af71c7a05a9be76fba6bf9946b976e4c904800f7f4d', id=682)",
            "#text": "tests/utils.py:206: in assert_rpc_error\n    assert response.code == code\nE   AttributeError: 'Ok' object has no attribute 'code'\n\nThe above exception was the direct cause of the following exception:\ntests/single/eip7702/test_eip7702_tuple_userop.py:223: in test_send_nonsender_eip_7702_drop_userop\n    assert_rpc_error(userop.send(), \"sender\", RPCErrorCode.INVALID_FIELDS)\ntests/utils.py:211: in assert_rpc_error\n    raise AttributeError(f\"expected error object, got:\\n{response}\") from exc\nE   AttributeError: expected error object, got:\nE   Ok(result='0x973041d2d14825fd39376af71c7a05a9be76fba6bf9946b976e4c904800f7f4d', id=682)"
          },
          "system-out": "--------------------------------- Captured Log ---------------------------------\n\n--------------------------------- Captured Out ---------------------------------",
          "system-err": "--------------------------------- Captured Err ---------------------------------"
        },
        {
          "@classname": "tests.single.eip7702.test_eip7702_tuple_userop",
          "@name": "test_send_wrongchain_eip_7702_drop_userop",
          "@time": "0.077",
          "failure": {
            "@message": "AttributeError: expected result object, got:\nError(code=-32602, message='sender 0xbc2eeba6 is an existing contract, or the initCode 0x00000000 is not empty (but not both)', data=None, id=684)",
            "#text": "tests/utils.py:199: in assert_ok\n    assert response.result\nE   AttributeError: 'Error' object has no attribute 'result'\n\nThe above exception was the direct cause of the following exception:\ntests/single/eip7702/test_eip7702_tuple_userop.py:244: in test_send_wrongchain_eip_7702_drop_userop\n    assert_ok(userop.send())\ntests/utils.py:201: in assert_ok\n    raise AttributeError(f\"expected result object, got:\\n{response}\") from exc\nE   AttributeError: expected result object, got:\nE   Error(code=-32602, message='sender 0xbc2eeba6 is an existing contract, or the initCode 0x00000000 is not empty (but not both)', data=None, id=684)"
          },
          "system-out": "--------------------------------- Captured Log ---------------------------------\n\n--------------------------------- Captured Out ---------------------------------",
          "system-err": "--------------------------------- Captured Err ---------------------------------"
        },
        {
          "@classname": "tests.single.opbanning.test_create",
          "@name": "test_account_no_factory[CREATE]",
          "@time": "0.342"
        },
        {
          "@classname": "tests.single.opbanning.test_create",
          "@name": "test_account_no_factory[CREATE2]",
          "@time": "0.243"
        },
        {
          "@classname": "tests.single.opbanning.test_create",
          "@name": "test_paymaster_banned_create[CREATE]",
          "@time": "0.406"
        },
        {
          "@classname": "tests.single.opbanning.test_create",
          "@name": "test_paymaster_banned_create[CREATE2]",
          "@time": "0.414"
        },
        {
          "@classname": "tests.single.opbanning.test_create",
          "@name": "test_account_create2_once",
          "@time": "0.392"
        },
        {
          "@classname": "tests.single.opbanning.test_create",
          "@name": "test_account_create_with_factory[factory=unstaked,op=CREATE,expect=ok,rule=OP-032]",
          "@time": "0.406",
          "failure": {
            "@message": "AttributeError: expected result object, got:\nError(code=-32502, message='factory uses banned opcode: CREATE', data=None, id=696)",
            "#text": "tests/utils.py:199: in assert_ok\n    assert response.result\nE   AttributeError: 'Error' object has no attribute 'result'\n\nThe above exception was the direct cause of the following exception:\ntests/single/opbanning/test_create.py:136: in test_account_create_with_factory\n    assert_ok(response)\ntests/utils.py:201: in assert_ok\n    raise AttributeError(f\"expected result object, got:\\n{response}\") from exc\nE   AttributeError: expected result object, got:\nE   Error(code=-32502, message='factory uses banned opcode: CREATE', data=None, id=696)"
          },
          "system-out": "--------------------------------- Captured Log ---------------------------------\n\n--------------------------------- Captured Out ---------------------------------",
          "system-err": "--------------------------------- Captured Err ---------------------------------"
        },
        {
          "@classname": "tests.single.opbanning.test_create",
          "@name": "test_account_create_with_factory[factory=unstaked,op=CREATE2,expect=err,rule=OP-032]",
          "@time": "0.296",
          "failure": {
            "@message": "AssertionError: assert 'account uses banned opcode: create2' in 'factory uses banned opcode: create'\n +  where 'account uses banned opcode: create2' = <built-in method lower of str object at 0x7f4f133d87b0>()\n +    where <built-in method lower of str object at 0x7f4f133d87b0> = 'account uses banned opcode: CREATE2'.lower\n +  and   'factory uses banned opcode: create' = <built-in method lower of str object at 0x7f4f133d8450>()\n +    where <built-in method lower of str object at 0x7f4f133d8450> = 'factory uses banned opcode: CREATE'.lower\n +      where 'factory uses banned opcode: CREATE' = Error(code=-32502, message='factory uses banned opcode: CREATE', data=None, id=698).message",
            "#text": "tests/single/opbanning/test_create.py:138: in test_account_create_with_factory\n    assert_rpc_error(\ntests/utils.py:207: in assert_rpc_error\n    assert message.lower() in response.message.lower()\nE   AssertionError: assert 'account uses banned opcode: create2' in 'factory uses banned opcode: create'\nE    +  where 'account uses banned opcode: create2' = <built-in method lower of str object at 0x7f4f133d87b0>()\nE    +    where <built-in method lower of str object at 0x7f4f133d87b0> = 'account uses banned opcode: CREATE2'.lower\nE    +  and   'factory uses banned opcode: create' = <built-in method lower of str object at 0x7f4f133d8450>()\nE    +    where <built-in method lower of str object at 0x7f4f133d8450> = 'factory uses banned opcode: CREATE'.lower\nE    +      where 'factory uses banned opcode: CREATE' = Error(code=-32502, message='factory uses banned opcode: CREATE', data=None, id=698).message"
          },
          "system-out": "--------------------------------- Captured Log ---------------------------------\n\n--------------------------------- Captured Out ---------------------------------",
          "system-err": "--------------------------------- Captured Err ---------------------------------"
        },
        {
          "@classname": "tests.single.opbanning.test_create",
          "@name": "test_account_create_with_factory[factory=staked,op=CREATE,expect=ok,rule=EREP-060]",
          "@time": "0.420",
          "failure": {
            "@message": "AttributeError: expected result object, got:\nError(code=-32502, message='factory uses banned opcode: CREATE', data=None, id=700)",
            "#text": "tests/utils.py:199: in assert_ok\n    assert response.result\nE   AttributeError: 'Error' object has no attribute 'result'\n\nThe above exception was the direct cause of the following exception:\ntests/single/opbanning/test_create.py:136: in test_account_create_with_factory\n    assert_ok(response)\ntests/utils.py:201: in assert_ok\n    raise AttributeError(f\"expected result object, got:\\n{response}\") from exc\nE   AttributeError: expected result object, got:\nE   Error(code=-32502, message='factory uses banned opcode: CREATE', data=None, id=700)"
          },
          "system-out": "--------------------------------- Captured Log ---------------------------------\n\n--------------------------------- Captured Out ---------------------------------",
          "system-err": "--------------------------------- Captured Err ---------------------------------"
        },
        {
          "@classname": "tests.single.opbanning.test_create",
          "@name": "test_account_create_with_factory[factory=staked,op=nested-CREATE,expect=err,rule=EREP-060]",
          "@time": "0.323",
          "failure": {
            "@message": "AssertionError: assert 'account uses banned opcode: create' in 'factory uses banned opcode: create'\n +  where 'account uses banned opcode: create' = <built-in method lower of str object at 0x7f4f133dacd0>()\n +    where <built-in method lower of str object at 0x7f4f133dacd0> = 'account uses banned opcode: CREATE'.lower\n +  and   'factory uses banned opcode: create' = <built-in method lower of str object at 0x7f4f133db9f0>()\n +    where <built-in method lower of str object at 0x7f4f133db9f0> = 'factory uses banned opcode: CREATE'.lower\n +      where 'factory uses banned opcode: CREATE' = Error(code=-32502, message='factory uses banned opcode: CREATE', data=None, id=702).message",
            "#text": "tests/single/opbanning/test_create.py:138: in test_account_create_with_factory\n    assert_rpc_error(\ntests/utils.py:207: in assert_rpc_error\n    assert message.lower() in response.message.lower()\nE   AssertionError: assert 'account uses banned opcode: create' in 'factory uses banned opcode: create'\nE    +  where 'account uses banned opcode: create' = <built-in method lower of str object at 0x7f4f133dacd0>()\nE    +    where <built-in method lower of str object at 0x7f4f133dacd0> = 'account uses banned opcode: CREATE'.lower\nE    +  and   'factory uses banned opcode: create' = <built-in method lower of str object at 0x7f4f133db9f0>()\nE    +    where <built-in method lower of str object at 0x7f4f133db9f0> = 'factory uses banned opcode: CREATE'.lower\nE    +      where 'factory uses banned opcode: CREATE' = Error(code=-32502, message='factory uses banned opcode: CREATE', data=None, id=702).message"
          },
          "system-out": "--------------------------------- Captured Log ---------------------------------\n\n--------------------------------- Captured Out ---------------------------------",
          "system-err": "--------------------------------- Captured Err ---------------------------------"
        },
        {
          "@classname": "tests.single.opbanning.test_create",
          "@name": "test_account_create_with_factory[factory=staked,op=nested-CREATE2,expect=err,rule=EREP-060]",
          "@time": "0.320",
          "failure": {
            "@message": "AssertionError: assert 'account uses banned opcode: create2' in 'factory uses banned opcode: create'\n +  where 'account uses banned opcode: create2' = <built-in method lower of str object at 0x7f4f133d9a10>()\n +    where <built-in method lower of str object at 0x7f4f133d9a10> = 'account uses banned opcode: CREATE2'.lower\n +  and   'factory uses banned opcode: create' = <built-in method lower of str object at 0x7f4f133d9ad0>()\n +    where <built-in method lower of str object at 0x7f4f133d9ad0> = 'factory uses banned opcode: CREATE'.lower\n +      where 'factory uses banned opcode: CREATE' = Error(code=-32502, message='factory uses banned opcode: CREATE', data=None, id=704).message",
            "#text": "tests/single/opbanning/test_create.py:138: in test_account_create_with_factory\n    assert_rpc_error(\ntests/utils.py:207: in assert_rpc_error\n    assert message.lower() in response.message.lower()\nE   AssertionError: assert 'account uses banned opcode: create2' in 'factory uses banned opcode: create'\nE    +  where 'account uses banned opcode: create2' = <built-in method lower of str object at 0x7f4f133d9a10>()\nE    +    where <built-in method lower of str object at 0x7f4f133d9a10> = 'account uses banned opcode: CREATE2'.lower\nE    +  and   'factory uses banned opcode: create' = <built-in method lower of str object at 0x7f4f133d9ad0>()\nE    +    where <built-in method lower of str object at 0x7f4f133d9ad0> = 'factory uses banned opcode: CREATE'.lower\nE    +      where 'factory uses banned opcode: CREATE' = Error(code=-32502, message='factory uses banned opcode: CREATE', data=None, id=704).message"
          },
          "system-out": "--------------------------------- Captured Log ---------------------------------\n\n--------------------------------- Captured Out ---------------------------------",
          "system-err": "--------------------------------- Captured Err ---------------------------------"
        },
        {
          "@classname": "tests.single.opbanning.test_create",
          "@name": "test_account_create_with_factory[factory=staked,op=CREATE2,expect=ok,rule=EREP-060]",
          "@time": "0.419",
          "failure": {
            "@message": "AttributeError: expected result object, got:\nError(code=-32502, message='factory uses banned opcode: CREATE', data=None, id=706)",
            "#text": "tests/utils.py:199: in assert_ok\n    assert response.result\nE   AttributeError: 'Error' object has no attribute 'result'\n\nThe above exception was the direct cause of the following exception:\ntests/single/opbanning/test_create.py:136: in test_account_create_with_factory\n    assert_ok(response)\ntests/utils.py:201: in assert_ok\n    raise AttributeError(f\"expected result object, got:\\n{response}\") from exc\nE   AttributeError: expected result object, got:\nE   Error(code=-32502, message='factory uses banned opcode: CREATE', data=None, id=706)"
          },
          "system-out": "--------------------------------- Captured Log ---------------------------------\n\n--------------------------------- Captured Out ---------------------------------",
          "system-err": "--------------------------------- Captured Err ---------------------------------"
        },
        {
          "@classname": "tests.single.opbanning.test_op_banning",
          "@name": "test_account_banned_opcode[GAS-]",
          "@time": "0.319"
        },
        {
          "@classname": "tests.single.opbanning.test_op_banning",
          "@name": "test_account_banned_opcode[GAS-CALL:>]",
          "@time": "0.464"
        },
        {
          "@classname": "tests.single.opbanning.test_op_banning",
          "@name": "test_account_banned_opcode[GAS-DELEGATECALL:>]",
          "@time": "0.479"
        },
        {
          "@classname": "tests.single.opbanning.test_op_banning",
          "@name": "test_account_banned_opcode[NUMBER-]",
          "@time": "0.312"
        },
        {
          "@classname": "tests.single.opbanning.test_op_banning",
          "@name": "test_account_banned_opcode[NUMBER-CALL:>]",
          "@time": "0.369"
        },
        {
          "@classname": "tests.single.opbanning.test_op_banning",
          "@name": "test_account_banned_opcode[NUMBER-DELEGATECALL:>]",
          "@time": "0.387"
        },
        {
          "@classname": "tests.single.opbanning.test_op_banning",
          "@name": "test_account_banned_opcode[TIMESTAMP-]",
          "@time": "0.214"
        },
        {
          "@classname": "tests.single.opbanning.test_op_banning",
          "@name": "test_account_banned_opcode[TIMESTAMP-CALL:>]",
          "@time": "0.476"
        },
        {
          "@classname": "tests.single.opbanning.test_op_banning",
          "@name": "test_account_banned_opcode[TIMESTAMP-DELEGATECALL:>]",
          "@time": "0.498"
        },
        {
          "@classname": "tests.single.opbanning.test_op_banning",
          "@name": "test_account_banned_opcode[COINBASE-]",
          "@time": "0.214"
        },
        {
          "@classname": "tests.single.opbanning.test_op_banning",
          "@name": "test_account_banned_opcode[COINBASE-CALL:>]",
          "@time": "0.481"
        },
        {
          "@classname": "tests.single.opbanning.test_op_banning",
          "@name": "test_account_banned_opcode[COINBASE-DELEGATECALL:>]",
          "@time": "0.501"
        },
        {
          "@classname": "tests.single.opbanning.test_op_banning",
          "@name": "test_account_banned_opcode[DIFFICULTY-]",
          "@time": "0.214"
        },
        {
          "@classname": "tests.single.opbanning.test_op_banning",
          "@name": "test_account_banned_opcode[DIFFICULTY-CALL:>]",
          "@time": "0.490"
        },
        {
          "@classname": "tests.single.opbanning.test_op_banning",
          "@name": "test_account_banned_opcode[DIFFICULTY-DELEGATECALL:>]",
          "@time": "0.405"
        },
        {
          "@classname": "tests.single.opbanning.test_op_banning",
          "@name": "test_account_banned_opcode[BASEFEE-]",
          "@time": "0.218"
        },
        {
          "@classname": "tests.single.opbanning.test_op_banning",
          "@name": "test_account_banned_opcode[BASEFEE-CALL:>]",
          "@time": "0.517"
        },
        {
          "@classname": "tests.single.opbanning.test_op_banning",
          "@name": "test_account_banned_opcode[BASEFEE-DELEGATECALL:>]",
          "@time": "0.396"
        },
        {
          "@classname": "tests.single.opbanning.test_op_banning",
          "@name": "test_account_banned_opcode[GASLIMIT-]",
          "@time": "0.325"
        },
        {
          "@classname": "tests.single.opbanning.test_op_banning",
          "@name": "test_account_banned_opcode[GASLIMIT-CALL:>]",
          "@time": "0.482"
        },
        {
          "@classname": "tests.single.opbanning.test_op_banning",
          "@name": "test_account_banned_opcode[GASLIMIT-DELEGATECALL:>]",
          "@time": "0.405"
        },
        {
          "@classname": "tests.single.opbanning.test_op_banning",
          "@name": "test_account_banned_opcode[GASPRICE-]",
          "@time": "0.328"
        },
        {
          "@classname": "tests.single.opbanning.test_op_banning",
          "@name": "test_account_banned_opcode[GASPRICE-CALL:>]",
          "@time": "0.489"
        },
        {
          "@classname": "tests.single.opbanning.test_op_banning",
          "@name": "test_account_banned_opcode[GASPRICE-DELEGATECALL:>]",
          "@time": "0.511"
        },
        {
          "@classname": "tests.single.opbanning.test_op_banning",
          "@name": "test_account_banned_opcode[SELFBALANCE-]",
          "@time": "0.248"
        },
        {
          "@classname": "tests.single.opbanning.test_op_banning",
          "@name": "test_account_banned_opcode[SELFBALANCE-CALL:>]",
          "@time": "0.412"
        },
        {
          "@classname": "tests.single.opbanning.test_op_banning",
          "@name": "test_account_banned_opcode[SELFBALANCE-DELEGATECALL:>]",
          "@time": "0.562"
        },
        {
          "@classname": "tests.single.opbanning.test_op_banning",
          "@name": "test_account_banned_opcode[BALANCE-]",
          "@time": "0.331"
        },
        {
          "@classname": "tests.single.opbanning.test_op_banning",
          "@name": "test_account_banned_opcode[BALANCE-CALL:>]",
          "@time": "0.386"
        },
        {
          "@classname": "tests.single.opbanning.test_op_banning",
          "@name": "test_account_banned_opcode[BALANCE-DELEGATECALL:>]",
          "@time": "0.401"
        },
        {
          "@classname": "tests.single.opbanning.test_op_banning",
          "@name": "test_account_banned_opcode[ORIGIN-]",
          "@time": "0.225"
        },
        {
          "@classname": "tests.single.opbanning.test_op_banning",
          "@name": "test_account_banned_opcode[ORIGIN-CALL:>]",
          "@time": "0.382"
        },
        {
          "@classname": "tests.single.opbanning.test_op_banning",
          "@name": "test_account_banned_opcode[ORIGIN-DELEGATECALL:>]",
          "@time": "0.508"
        },
        {
          "@classname": "tests.single.opbanning.test_op_banning",
          "@name": "test_account_banned_opcode[BLOCKHASH-]",
          "@time": "0.332"
        },
        {
          "@classname": "tests.single.opbanning.test_op_banning",
          "@name": "test_account_banned_opcode[BLOCKHASH-CALL:>]",
          "@time": "0.392"
        },
        {
          "@classname": "tests.single.opbanning.test_op_banning",
          "@name": "test_account_banned_opcode[BLOCKHASH-DELEGATECALL:>]",
          "@time": "0.517"
        },
        {
          "@classname": "tests.single.opbanning.test_op_banning",
          "@name": "test_account_banned_opcode[CREATE-]",
          "@time": "0.343"
        },
        {
          "@classname": "tests.single.opbanning.test_op_banning",
          "@name": "test_account_banned_opcode[CREATE-CALL:>]",
          "@time": "0.394"
        },
        {
          "@classname": "tests.single.opbanning.test_op_banning",
          "@name": "test_account_banned_opcode[CREATE-DELEGATECALL:>]",
          "@time": "0.515"
        },
        {
          "@classname": "tests.single.opbanning.test_op_banning",
          "@name": "test_account_banned_opcode[CREATE2-]",
          "@time": "0.343"
        },
        {
          "@classname": "tests.single.opbanning.test_op_banning",
          "@name": "test_account_banned_opcode[CREATE2-CALL:>]",
          "@time": "0.494"
        },
        {
          "@classname": "tests.single.opbanning.test_op_banning",
          "@name": "test_account_banned_opcode[CREATE2-DELEGATECALL:>]",
          "@time": "0.521"
        },
        {
          "@classname": "tests.single.opbanning.test_op_banning",
          "@name": "test_account_banned_opcode[SELFDESTRUCT-]",
          "@time": "0.346"
        },
        {
          "@classname": "tests.single.opbanning.test_op_banning",
          "@name": "test_account_banned_opcode[SELFDESTRUCT-CALL:>]",
          "@time": "0.512"
        },
        {
          "@classname": "tests.single.opbanning.test_op_banning",
          "@name": "test_account_banned_opcode[SELFDESTRUCT-DELEGATECALL:>]",
          "@time": "0.435"
        },
        {
          "@classname": "tests.single.opbanning.test_op_banning",
          "@name": "test_account_banned_opcode[BLOBHASH-]",
          "@time": "0.236",
          "failure": {
            "@message": "AttributeError: expected error object, got:\nOk(result='0x3999d6b4e30b55d74e0e3ed243f42c5e3052c4573b4bbb31fe9f4dc381713f34', id=798)",
            "#text": "tests/utils.py:206: in assert_rpc_error\n    assert response.code == code\nE   AttributeError: 'Ok' object has no attribute 'code'\n\nThe above exception was the direct cause of the following exception:\ntests/single/opbanning/test_op_banning.py:55: in test_account_banned_opcode\n    assert_rpc_error(\ntests/utils.py:211: in assert_rpc_error\n    raise AttributeError(f\"expected error object, got:\\n{response}\") from exc\nE   AttributeError: expected error object, got:\nE   Ok(result='0x3999d6b4e30b55d74e0e3ed243f42c5e3052c4573b4bbb31fe9f4dc381713f34', id=798)"
          },
          "system-out": "--------------------------------- Captured Log ---------------------------------\n\n--------------------------------- Captured Out ---------------------------------",
          "system-err": "--------------------------------- Captured Err ---------------------------------"
        },
        {
          "@classname": "tests.single.opbanning.test_op_banning",
          "@name": "test_account_banned_opcode[BLOBHASH-CALL:>]",
          "@time": "0.499",
          "failure": {
            "@message": "AttributeError: expected error object, got:\nOk(result='0x4e7c2825ced84848b0e6d5ae08467601f6964cb5fe8faf099a078fffde77c8cd', id=800)",
            "#text": "tests/utils.py:206: in assert_rpc_error\n    assert response.code == code\nE   AttributeError: 'Ok' object has no attribute 'code'\n\nThe above exception was the direct cause of the following exception:\ntests/single/opbanning/test_op_banning.py:55: in test_account_banned_opcode\n    assert_rpc_error(\ntests/utils.py:211: in assert_rpc_error\n    raise AttributeError(f\"expected error object, got:\\n{response}\") from exc\nE   AttributeError: expected error object, got:\nE   Ok(result='0x4e7c2825ced84848b0e6d5ae08467601f6964cb5fe8faf099a078fffde77c8cd', id=800)"
          },
          "system-out": "--------------------------------- Captured Log ---------------------------------\n\n--------------------------------- Captured Out ---------------------------------",
          "system-err": "--------------------------------- Captured Err ---------------------------------"
        },
        {
          "@classname": "tests.single.opbanning.test_op_banning",
          "@name": "test_account_banned_opcode[BLOBHASH-DELEGATECALL:>]",
          "@time": "0.519",
          "failure": {
            "@message": "AttributeError: expected error object, got:\nOk(result='0x35a3995f4b6b7c23d8936f1ee8af438cbb271988b678aea7704ff9207b6a4d7f', id=802)",
            "#text": "tests/utils.py:206: in assert_rpc_error\n    assert response.code == code\nE   AttributeError: 'Ok' object has no attribute 'code'\n\nThe above exception was the direct cause of the following exception:\ntests/single/opbanning/test_op_banning.py:55: in test_account_banned_opcode\n    assert_rpc_error(\ntests/utils.py:211: in assert_rpc_error\n    raise AttributeError(f\"expected error object, got:\\n{response}\") from exc\nE   AttributeError: expected error object, got:\nE   Ok(result='0x35a3995f4b6b7c23d8936f1ee8af438cbb271988b678aea7704ff9207b6a4d7f', id=802)"
          },
          "system-out": "--------------------------------- Captured Log ---------------------------------\n\n--------------------------------- Captured Out ---------------------------------",
          "system-err": "--------------------------------- Captured Err ---------------------------------"
        },
        {
          "@classname": "tests.single.opbanning.test_op_banning",
          "@name": "test_account_banned_opcode[BLOBBASEFEE-]",
          "@time": "0.337",
          "failure": {
            "@message": "AttributeError: expected error object, got:\nOk(result='0x29c04caf56ded998c9a93164c3db46fc059c270ae523a4fa38a0443c14a3e9ff', id=804)",
            "#text": "tests/utils.py:206: in assert_rpc_error\n    assert response.code == code\nE   AttributeError: 'Ok' object has no attribute 'code'\n\nThe above exception was the direct cause of the following exception:\ntests/single/opbanning/test_op_banning.py:55: in test_account_banned_opcode\n    assert_rpc_error(\ntests/utils.py:211: in assert_rpc_error\n    raise AttributeError(f\"expected error object, got:\\n{response}\") from exc\nE   AttributeError: expected error object, got:\nE   Ok(result='0x29c04caf56ded998c9a93164c3db46fc059c270ae523a4fa38a0443c14a3e9ff', id=804)"
          },
          "system-out": "--------------------------------- Captured Log ---------------------------------\n\n--------------------------------- Captured Out ---------------------------------",
          "system-err": "--------------------------------- Captured Err ---------------------------------"
        },
        {
          "@classname": "tests.single.opbanning.test_op_banning",
          "@name": "test_account_banned_opcode[BLOBBASEFEE-CALL:>]",
          "@time": "0.538",
          "failure": {
            "@message": "AttributeError: expected error object, got:\nOk(result='0x5b9b37ff900427a0949f5e034141a4f00f0e4236fc1d0e22dc3ee7c1df2d869b', id=806)",
            "#text": "tests/utils.py:206: in assert_rpc_error\n    assert response.code == code\nE   AttributeError: 'Ok' object has no attribute 'code'\n\nThe above exception was the direct cause of the following exception:\ntests/single/opbanning/test_op_banning.py:55: in test_account_banned_opcode\n    assert_rpc_error(\ntests/utils.py:211: in assert_rpc_error\n    raise AttributeError(f\"expected error object, got:\\n{response}\") from exc\nE   AttributeError: expected error object, got:\nE   Ok(result='0x5b9b37ff900427a0949f5e034141a4f00f0e4236fc1d0e22dc3ee7c1df2d869b', id=806)"
          },
          "system-out": "--------------------------------- Captured Log ---------------------------------\n\n--------------------------------- Captured Out ---------------------------------",
          "system-err": "--------------------------------- Captured Err ---------------------------------"
        },
        {
          "@classname": "tests.single.opbanning.test_op_banning",
          "@name": "test_account_banned_opcode[BLOBBASEFEE-DELEGATECALL:>]",
          "@time": "0.533",
          "failure": {
            "@message": "AttributeError: expected error object, got:\nOk(result='0x36ff154e97199605fe8b8132244b166e0384228ce3e8c4cee8f467c9d813546d', id=808)",
            "#text": "tests/utils.py:206: in assert_rpc_error\n    assert response.code == code\nE   AttributeError: 'Ok' object has no attribute 'code'\n\nThe above exception was the direct cause of the following exception:\ntests/single/opbanning/test_op_banning.py:55: in test_account_banned_opcode\n    assert_rpc_error(\ntests/utils.py:211: in assert_rpc_error\n    raise AttributeError(f\"expected error object, got:\\n{response}\") from exc\nE   AttributeError: expected error object, got:\nE   Ok(result='0x36ff154e97199605fe8b8132244b166e0384228ce3e8c4cee8f467c9d813546d', id=808)"
          },
          "system-out": "--------------------------------- Captured Log ---------------------------------\n\n--------------------------------- Captured Out ---------------------------------",
          "system-err": "--------------------------------- Captured Err ---------------------------------"
        },
        {
          "@classname": "tests.single.opbanning.test_op_banning",
          "@name": "test_account_allowed_opcode_when_staked[BALANCE-]",
          "@time": "0.348",
          "failure": {
            "@message": "AttributeError: expected result object, got:\nError(code=-32502, message='account uses banned opcode: BALANCE', data=None, id=810)",
            "#text": "tests/utils.py:199: in assert_ok\n    assert response.result\nE   AttributeError: 'Error' object has no attribute 'result'\n\nThe above exception was the direct cause of the following exception:\ntests/single/opbanning/test_op_banning.py:69: in test_account_allowed_opcode_when_staked\n    assert_ok(response)\ntests/utils.py:201: in assert_ok\n    raise AttributeError(f\"expected result object, got:\\n{response}\") from exc\nE   AttributeError: expected result object, got:\nE   Error(code=-32502, message='account uses banned opcode: BALANCE', data=None, id=810)"
          },
          "system-out": "--------------------------------- Captured Log ---------------------------------\n\n--------------------------------- Captured Out ---------------------------------",
          "system-err": "--------------------------------- Captured Err ---------------------------------"
        },
        {
          "@classname": "tests.single.opbanning.test_op_banning",
          "@name": "test_account_allowed_opcode_when_staked[BALANCE-CALL:>]",
          "@time": "0.503",
          "failure": {
            "@message": "AttributeError: expected result object, got:\nError(code=-32502, message='account uses banned opcode: BALANCE', data=None, id=812)",
            "#text": "tests/utils.py:199: in assert_ok\n    assert response.result\nE   AttributeError: 'Error' object has no attribute 'result'\n\nThe above exception was the direct cause of the following exception:\ntests/single/opbanning/test_op_banning.py:69: in test_account_allowed_opcode_when_staked\n    assert_ok(response)\ntests/utils.py:201: in assert_ok\n    raise AttributeError(f\"expected result object, got:\\n{response}\") from exc\nE   AttributeError: expected result object, got:\nE   Error(code=-32502, message='account uses banned opcode: BALANCE', data=None, id=812)"
          },
          "system-out": "--------------------------------- Captured Log ---------------------------------\n\n--------------------------------- Captured Out ---------------------------------",
          "system-err": "--------------------------------- Captured Err ---------------------------------"
        },
        {
          "@classname": "tests.single.opbanning.test_op_banning",
          "@name": "test_account_allowed_opcode_when_staked[BALANCE-DELEGATECALL:>]",
          "@time": "0.526",
          "failure": {
            "@message": "AttributeError: expected result object, got:\nError(code=-32502, message='account uses banned opcode: BALANCE', data=None, id=814)",
            "#text": "tests/utils.py:199: in assert_ok\n    assert response.result\nE   AttributeError: 'Error' object has no attribute 'result'\n\nThe above exception was the direct cause of the following exception:\ntests/single/opbanning/test_op_banning.py:69: in test_account_allowed_opcode_when_staked\n    assert_ok(response)\ntests/utils.py:201: in assert_ok\n    raise AttributeError(f\"expected result object, got:\\n{response}\") from exc\nE   AttributeError: expected result object, got:\nE   Error(code=-32502, message='account uses banned opcode: BALANCE', data=None, id=814)"
          },
          "system-out": "--------------------------------- Captured Log ---------------------------------\n\n--------------------------------- Captured Out ---------------------------------",
          "system-err": "--------------------------------- Captured Err ---------------------------------"
        },
        {
          "@classname": "tests.single.opbanning.test_op_banning",
          "@name": "test_account_allowed_opcode_when_staked[SELFBALANCE-]",
          "@time": "0.272",
          "failure": {
            "@message": "AttributeError: expected result object, got:\nError(code=-32502, message='account uses banned opcode: SELFBALANCE', data=None, id=816)",
            "#text": "tests/utils.py:199: in assert_ok\n    assert response.result\nE   AttributeError: 'Error' object has no attribute 'result'\n\nThe above exception was the direct cause of the following exception:\ntests/single/opbanning/test_op_banning.py:69: in test_account_allowed_opcode_when_staked\n    assert_ok(response)\ntests/utils.py:201: in assert_ok\n    raise AttributeError(f\"expected result object, got:\\n{response}\") from exc\nE   AttributeError: expected result object, got:\nE   Error(code=-32502, message='account uses banned opcode: SELFBALANCE', data=None, id=816)"
          },
          "system-out": "--------------------------------- Captured Log ---------------------------------\n\n--------------------------------- Captured Out ---------------------------------",
          "system-err": "--------------------------------- Captured Err ---------------------------------"
        },
        {
          "@classname": "tests.single.opbanning.test_op_banning",
          "@name": "test_account_allowed_opcode_when_staked[SELFBALANCE-CALL:>]",
          "@time": "0.539",
          "failure": {
            "@message": "AttributeError: expected result object, got:\nError(code=-32502, message='account uses banned opcode: SELFBALANCE', data=None, id=818)",
            "#text": "tests/utils.py:199: in assert_ok\n    assert response.result\nE   AttributeError: 'Error' object has no attribute 'result'\n\nThe above exception was the direct cause of the following exception:\ntests/single/opbanning/test_op_banning.py:69: in test_account_allowed_opcode_when_staked\n    assert_ok(response)\ntests/utils.py:201: in assert_ok\n    raise AttributeError(f\"expected result object, got:\\n{response}\") from exc\nE   AttributeError: expected result object, got:\nE   Error(code=-32502, message='account uses banned opcode: SELFBALANCE', data=None, id=818)"
          },
          "system-out": "--------------------------------- Captured Log ---------------------------------\n\n--------------------------------- Captured Out ---------------------------------",
          "system-err": "--------------------------------- Captured Err ---------------------------------"
        },
        {
          "@classname": "tests.single.opbanning.test_op_banning",
          "@name": "test_account_allowed_opcode_when_staked[SELFBALANCE-DELEGATECALL:>]",
          "@time": "0.453",
          "failure": {
            "@message": "AttributeError: expected result object, got:\nError(code=-32502, message='account uses banned opcode: SELFBALANCE', data=None, id=820)",
            "#text": "tests/utils.py:199: in assert_ok\n    assert response.result\nE   AttributeError: 'Error' object has no attribute 'result'\n\nThe above exception was the direct cause of the following exception:\ntests/single/opbanning/test_op_banning.py:69: in test_account_allowed_opcode_when_staked\n    assert_ok(response)\ntests/utils.py:201: in assert_ok\n    raise AttributeError(f\"expected result object, got:\\n{response}\") from exc\nE   AttributeError: expected result object, got:\nE   Error(code=-32502, message='account uses banned opcode: SELFBALANCE', data=None, id=820)"
          },
          "system-out": "--------------------------------- Captured Log ---------------------------------\n\n--------------------------------- Captured Out ---------------------------------",
          "system-err": "--------------------------------- Captured Err ---------------------------------"
        },
        {
          "@classname": "tests.single.opbanning.test_op_banning",
          "@name": "test_account_allowed_opcode_sequence[GAS CALL-]",
          "@time": "0.268"
        },
        {
          "@classname": "tests.single.opbanning.test_op_banning",
          "@name": "test_account_allowed_opcode_sequence[GAS CALL-CALL:>]",
          "@time": "0.426"
        },
        {
          "@classname": "tests.single.opbanning.test_op_banning",
          "@name": "test_account_allowed_opcode_sequence[GAS CALL-DELEGATECALL:>]",
          "@time": "0.447"
        },
        {
          "@classname": "tests.single.opbanning.test_op_banning",
          "@name": "test_account_allowed_opcode_sequence[GAS DELEGATECALL-]",
          "@time": "0.376"
        },
        {
          "@classname": "tests.single.opbanning.test_op_banning",
          "@name": "test_account_allowed_opcode_sequence[GAS DELEGATECALL-CALL:>]",
          "@time": "0.561"
        },
        {
          "@classname": "tests.single.opbanning.test_op_banning",
          "@name": "test_account_allowed_opcode_sequence[GAS DELEGATECALL-DELEGATECALL:>]",
          "@time": "0.471"
        },
        {
          "@classname": "tests.single.opbanning.test_op_banning",
          "@name": "test_paymaster_banned_opcode[GAS-]",
          "@time": "0.369"
        },
        {
          "@classname": "tests.single.opbanning.test_op_banning",
          "@name": "test_paymaster_banned_opcode[GAS-CALL:>]",
          "@time": "0.548"
        },
        {
          "@classname": "tests.single.opbanning.test_op_banning",
          "@name": "test_paymaster_banned_opcode[GAS-DELEGATECALL:>]",
          "@time": "0.632"
        },
        {
          "@classname": "tests.single.opbanning.test_op_banning",
          "@name": "test_paymaster_banned_opcode[NUMBER-]",
          "@time": "0.376"
        },
        {
          "@classname": "tests.single.opbanning.test_op_banning",
          "@name": "test_paymaster_banned_opcode[NUMBER-CALL:>]",
          "@time": "0.580"
        },
        {
          "@classname": "tests.single.opbanning.test_op_banning",
          "@name": "test_paymaster_banned_opcode[NUMBER-DELEGATECALL:>]",
          "@time": "0.789"
        },
        {
          "@classname": "tests.single.opbanning.test_op_banning",
          "@name": "test_paymaster_banned_opcode[TIMESTAMP-]",
          "@time": "0.296"
        },
        {
          "@classname": "tests.single.opbanning.test_op_banning",
          "@name": "test_paymaster_banned_opcode[TIMESTAMP-CALL:>]",
          "@time": "0.610"
        },
        {
          "@classname": "tests.single.opbanning.test_op_banning",
          "@name": "test_paymaster_banned_opcode[TIMESTAMP-DELEGATECALL:>]",
          "@time": "0.803"
        },
        {
          "@classname": "tests.single.opbanning.test_op_banning",
          "@name": "test_paymaster_banned_opcode[COINBASE-]",
          "@time": "0.295"
        },
        {
          "@classname": "tests.single.opbanning.test_op_banning",
          "@name": "test_paymaster_banned_opcode[COINBASE-CALL:>]",
          "@time": "0.605"
        },
        {
          "@classname": "tests.single.opbanning.test_op_banning",
          "@name": "test_paymaster_banned_opcode[COINBASE-DELEGATECALL:>]",
          "@time": "0.700"
        },
        {
          "@classname": "tests.single.opbanning.test_op_banning",
          "@name": "test_paymaster_banned_opcode[DIFFICULTY-]",
          "@time": "0.412"
        },
        {
          "@classname": "tests.single.opbanning.test_op_banning",
          "@name": "test_paymaster_banned_opcode[DIFFICULTY-CALL:>]",
          "@time": "0.635"
        },
        {
          "@classname": "tests.single.opbanning.test_op_banning",
          "@name": "test_paymaster_banned_opcode[DIFFICULTY-DELEGATECALL:>]",
          "@time": "0.721"
        },
        {
          "@classname": "tests.single.opbanning.test_op_banning",
          "@name": "test_paymaster_banned_opcode[BASEFEE-]",
          "@time": "0.388"
        },
        {
          "@classname": "tests.single.opbanning.test_op_banning",
          "@name": "test_paymaster_banned_opcode[BASEFEE-CALL:>]",
          "@time": "0.610"
        },
        {
          "@classname": "tests.single.opbanning.test_op_banning",
          "@name": "test_paymaster_banned_opcode[BASEFEE-DELEGATECALL:>]",
          "@time": "0.584"
        },
        {
          "@classname": "tests.single.opbanning.test_op_banning",
          "@name": "test_paymaster_banned_opcode[GASLIMIT-]",
          "@time": "0.398"
        },
        {
          "@classname": "tests.single.opbanning.test_op_banning",
          "@name": "test_paymaster_banned_opcode[GASLIMIT-CALL:>]",
          "@time": "0.622"
        },
        {
          "@classname": "tests.single.opbanning.test_op_banning",
          "@name": "test_paymaster_banned_opcode[GASLIMIT-DELEGATECALL:>]",
          "@time": "0.711"
        },
        {
          "@classname": "tests.single.opbanning.test_op_banning",
          "@name": "test_paymaster_banned_opcode[GASPRICE-]",
          "@time": "0.415"
        },
        {
          "@classname": "tests.single.opbanning.test_op_banning",
          "@name": "test_paymaster_banned_opcode[GASPRICE-CALL:>]",
          "@time": "0.618"
        },
        {
          "@classname": "tests.single.opbanning.test_op_banning",
          "@name": "test_paymaster_banned_opcode[GASPRICE-DELEGATECALL:>]",
          "@time": "0.718"
        },
        {
          "@classname": "tests.single.opbanning.test_op_banning",
          "@name": "test_paymaster_banned_opcode[SELFBALANCE-]",
          "@time": "0.456"
        },
        {
          "@classname": "tests.single.opbanning.test_op_banning",
          "@name": "test_paymaster_banned_opcode[SELFBALANCE-CALL:>]",
          "@time": "0.682"
        },
        {
          "@classname": "tests.single.opbanning.test_op_banning",
          "@name": "test_paymaster_banned_opcode[SELFBALANCE-DELEGATECALL:>]",
          "@time": "0.757"
        },
        {
          "@classname": "tests.single.opbanning.test_op_banning",
          "@name": "test_paymaster_banned_opcode[BALANCE-]",
          "@time": "0.398"
        },
        {
          "@classname": "tests.single.opbanning.test_op_banning",
          "@name": "test_paymaster_banned_opcode[BALANCE-CALL:>]",
          "@time": "0.644"
        },
        {
          "@classname": "tests.single.opbanning.test_op_banning",
          "@name": "test_paymaster_banned_opcode[BALANCE-DELEGATECALL:>]",
          "@time": "0.700"
        },
        {
          "@classname": "tests.single.opbanning.test_op_banning",
          "@name": "test_paymaster_banned_opcode[ORIGIN-]",
          "@time": "0.389"
        },
        {
          "@classname": "tests.single.opbanning.test_op_banning",
          "@name": "test_paymaster_banned_opcode[ORIGIN-CALL:>]",
          "@time": "0.597"
        },
        {
          "@classname": "tests.single.opbanning.test_op_banning",
          "@name": "test_paymaster_banned_opcode[ORIGIN-DELEGATECALL:>]",
          "@time": "0.686"
        },
        {
          "@classname": "tests.single.opbanning.test_op_banning",
          "@name": "test_paymaster_banned_opcode[BLOCKHASH-]",
          "@time": "0.413"
        },
        {
          "@classname": "tests.single.opbanning.test_op_banning",
          "@name": "test_paymaster_banned_opcode[BLOCKHASH-CALL:>]",
          "@time": "0.650"
        },
        {
          "@classname": "tests.single.opbanning.test_op_banning",
          "@name": "test_paymaster_banned_opcode[BLOCKHASH-DELEGATECALL:>]",
          "@time": "0.749"
        },
        {
          "@classname": "tests.single.opbanning.test_op_banning",
          "@name": "test_paymaster_banned_opcode[CREATE-]",
          "@time": "0.404"
        },
        {
          "@classname": "tests.single.opbanning.test_op_banning",
          "@name": "test_paymaster_banned_opcode[CREATE-CALL:>]",
          "@time": "0.633"
        },
        {
          "@classname": "tests.single.opbanning.test_op_banning",
          "@name": "test_paymaster_banned_opcode[CREATE-DELEGATECALL:>]",
          "@time": "0.707"
        },
        {
          "@classname": "tests.single.opbanning.test_op_banning",
          "@name": "test_paymaster_banned_opcode[CREATE2-]",
          "@time": "0.419"
        },
        {
          "@classname": "tests.single.opbanning.test_op_banning",
          "@name": "test_paymaster_banned_opcode[CREATE2-CALL:>]",
          "@time": "0.624"
        },
        {
          "@classname": "tests.single.opbanning.test_op_banning",
          "@name": "test_paymaster_banned_opcode[CREATE2-DELEGATECALL:>]",
          "@time": "0.709"
        },
        {
          "@classname": "tests.single.opbanning.test_op_banning",
          "@name": "test_paymaster_banned_opcode[SELFDESTRUCT-]",
          "@time": "0.452"
        },
        {
          "@classname": "tests.single.opbanning.test_op_banning",
          "@name": "test_paymaster_banned_opcode[SELFDESTRUCT-CALL:>]",
          "@time": "0.687"
        },
        {
          "@classname": "tests.single.opbanning.test_op_banning",
          "@name": "test_paymaster_banned_opcode[SELFDESTRUCT-DELEGATECALL:>]",
          "@time": "0.769"
        },
        {
          "@classname": "tests.single.opbanning.test_op_banning",
          "@name": "test_paymaster_banned_opcode[BLOBHASH-]",
          "@time": "0.433",
          "failure": {
            "@message": "AttributeError: expected error object, got:\nOk(result='0x420192063f46a7f864187e5ac4d7ff09ee4d7682fe3370826af3ccfe660d42bb', id=924)",
            "#text": "tests/utils.py:206: in assert_rpc_error\n    assert response.code == code\nE   AttributeError: 'Ok' object has no attribute 'code'\n\nThe above exception was the direct cause of the following exception:\ntests/single/opbanning/test_op_banning.py:96: in test_paymaster_banned_opcode\n    assert_rpc_error(\ntests/utils.py:211: in assert_rpc_error\n    raise AttributeError(f\"expected error object, got:\\n{response}\") from exc\nE   AttributeError: expected error object, got:\nE   Ok(result='0x420192063f46a7f864187e5ac4d7ff09ee4d7682fe3370826af3ccfe660d42bb', id=924)"
          },
          "system-out": "--------------------------------- Captured Log ---------------------------------\n\n--------------------------------- Captured Out ---------------------------------",
          "system-err": "--------------------------------- Captured Err ---------------------------------"
        },
        {
          "@classname": "tests.single.opbanning.test_op_banning",
          "@name": "test_paymaster_banned_opcode[BLOBHASH-CALL:>]",
          "@time": "0.644",
          "failure": {
            "@message": "AttributeError: expected error object, got:\nOk(result='0x4896e9667c6548c5160a285a787173e17ebadd63b5fe48c86b5419dd5e4366de', id=926)",
            "#text": "tests/utils.py:206: in assert_rpc_error\n    assert response.code == code\nE   AttributeError: 'Ok' object has no attribute 'code'\n\nThe above exception was the direct cause of the following exception:\ntests/single/opbanning/test_op_banning.py:96: in test_paymaster_banned_opcode\n    assert_rpc_error(\ntests/utils.py:211: in assert_rpc_error\n    raise AttributeError(f\"expected error object, got:\\n{response}\") from exc\nE   AttributeError: expected error object, got:\nE   Ok(result='0x4896e9667c6548c5160a285a787173e17ebadd63b5fe48c86b5419dd5e4366de', id=926)"
          },
          "system-out": "--------------------------------- Captured Log ---------------------------------\n\n--------------------------------- Captured Out ---------------------------------",
          "system-err": "--------------------------------- Captured Err ---------------------------------"
        },
        {
          "@classname": "tests.single.opbanning.test_op_banning",
          "@name": "test_paymaster_banned_opcode[BLOBHASH-DELEGATECALL:>]",
          "@time": "0.725",
          "failure": {
            "@message": "AttributeError: expected error object, got:\nOk(result='0xc420254cb5ddb9c4a519104a4fbb0fadb615fc5d1fd9e83d8a8310770478e8a4', id=928)",
            "#text": "tests/utils.py:206: in assert_rpc_error\n    assert response.code == code\nE   AttributeError: 'Ok' object has no attribute 'code'\n\nThe above exception was the direct cause of the following exception:\ntests/single/opbanning/test_op_banning.py:96: in test_paymaster_banned_opcode\n    assert_rpc_error(\ntests/utils.py:211: in assert_rpc_error\n    raise AttributeError(f\"expected error object, got:\\n{response}\") from exc\nE   AttributeError: expected error object, got:\nE   Ok(result='0xc420254cb5ddb9c4a519104a4fbb0fadb615fc5d1fd9e83d8a8310770478e8a4', id=928)"
          },
          "system-out": "--------------------------------- Captured Log ---------------------------------\n\n--------------------------------- Captured Out ---------------------------------",
          "system-err": "--------------------------------- Captured Err ---------------------------------"
        },
        {
          "@classname": "tests.single.opbanning.test_op_banning",
          "@name": "test_paymaster_banned_opcode[BLOBBASEFEE-]",
          "@time": "0.482",
          "failure": {
            "@message": "AttributeError: expected error object, got:\nOk(result='0x0c06f7eea115faf94ac8a687d7b581761bd6fbacf880742ce7179e0574a8b2f6', id=930)",
            "#text": "tests/utils.py:206: in assert_rpc_error\n    assert response.code == code\nE   AttributeError: 'Ok' object has no attribute 'code'\n\nThe above exception was the direct cause of the following exception:\ntests/single/opbanning/test_op_banning.py:96: in test_paymaster_banned_opcode\n    assert_rpc_error(\ntests/utils.py:211: in assert_rpc_error\n    raise AttributeError(f\"expected error object, got:\\n{response}\") from exc\nE   AttributeError: expected error object, got:\nE   Ok(result='0x0c06f7eea115faf94ac8a687d7b581761bd6fbacf880742ce7179e0574a8b2f6', id=930)"
          },
          "system-out": "--------------------------------- Captured Log ---------------------------------\n\n--------------------------------- Captured Out ---------------------------------",
          "system-err": "--------------------------------- Captured Err ---------------------------------"
        },
        {
          "@classname": "tests.single.opbanning.test_op_banning",
          "@name": "test_paymaster_banned_opcode[BLOBBASEFEE-CALL:>]",
          "@time": "0.664",
          "failure": {
            "@message": "AttributeError: expected error object, got:\nOk(result='0xc98eea90256be820ae34bd81cb9999b178da81441f1da2cb8a02c5852951e962', id=932)",
            "#text": "tests/utils.py:206: in assert_rpc_error\n    assert response.code == code\nE   AttributeError: 'Ok' object has no attribute 'code'\n\nThe above exception was the direct cause of the following exception:\ntests/single/opbanning/test_op_banning.py:96: in test_paymaster_banned_opcode\n    assert_rpc_error(\ntests/utils.py:211: in assert_rpc_error\n    raise AttributeError(f\"expected error object, got:\\n{response}\") from exc\nE   AttributeError: expected error object, got:\nE   Ok(result='0xc98eea90256be820ae34bd81cb9999b178da81441f1da2cb8a02c5852951e962', id=932)"
          },
          "system-out": "--------------------------------- Captured Log ---------------------------------\n\n--------------------------------- Captured Out ---------------------------------",
          "system-err": "--------------------------------- Captured Err ---------------------------------"
        },
        {
          "@classname": "tests.single.opbanning.test_op_banning",
          "@name": "test_paymaster_banned_opcode[BLOBBASEFEE-DELEGATECALL:>]",
          "@time": "0.747",
          "failure": {
            "@message": "AttributeError: expected error object, got:\nOk(result='0xa0f7bb7655b69cbe1fa66fe95751dbdbc6d0e5d9678b253cbcfaecf1f95ad43b', id=934)",
            "#text": "tests/utils.py:206: in assert_rpc_error\n    assert response.code == code\nE   AttributeError: 'Ok' object has no attribute 'code'\n\nThe above exception was the direct cause of the following exception:\ntests/single/opbanning/test_op_banning.py:96: in test_paymaster_banned_opcode\n    assert_rpc_error(\ntests/utils.py:211: in assert_rpc_error\n    raise AttributeError(f\"expected error object, got:\\n{response}\") from exc\nE   AttributeError: expected error object, got:\nE   Ok(result='0xa0f7bb7655b69cbe1fa66fe95751dbdbc6d0e5d9678b253cbcfaecf1f95ad43b', id=934)"
          },
          "system-out": "--------------------------------- Captured Log ---------------------------------\n\n--------------------------------- Captured Out ---------------------------------",
          "system-err": "--------------------------------- Captured Err ---------------------------------"
        },
        {
          "@classname": "tests.single.opbanning.test_op_banning",
          "@name": "test_paymaster_allowed_opcode_when_staked[BALANCE]",
          "@time": "0.528",
          "failure": {
            "@message": "AttributeError: expected result object, got:\nError(code=-32502, message='paymaster uses banned opcode: BALANCE', data=None, id=936)",
            "#text": "tests/utils.py:199: in assert_ok\n    assert response.result\nE   AttributeError: 'Error' object has no attribute 'result'\n\nThe above exception was the direct cause of the following exception:\ntests/single/opbanning/test_op_banning.py:113: in test_paymaster_allowed_opcode_when_staked\n    assert_ok(response)\ntests/utils.py:201: in assert_ok\n    raise AttributeError(f\"expected result object, got:\\n{response}\") from exc\nE   AttributeError: expected result object, got:\nE   Error(code=-32502, message='paymaster uses banned opcode: BALANCE', data=None, id=936)"
          },
          "system-out": "--------------------------------- Captured Log ---------------------------------\n\n--------------------------------- Captured Out ---------------------------------",
          "system-err": "--------------------------------- Captured Err ---------------------------------"
        },
        {
          "@classname": "tests.single.opbanning.test_op_banning",
          "@name": "test_paymaster_allowed_opcode_when_staked[SELFBALANCE]",
          "@time": "0.475",
          "failure": {
            "@message": "AttributeError: expected result object, got:\nError(code=-32502, message='paymaster uses banned opcode: SELFBALANCE', data=None, id=938)",
            "#text": "tests/utils.py:199: in assert_ok\n    assert response.result\nE   AttributeError: 'Error' object has no attribute 'result'\n\nThe above exception was the direct cause of the following exception:\ntests/single/opbanning/test_op_banning.py:113: in test_paymaster_allowed_opcode_when_staked\n    assert_ok(response)\ntests/utils.py:201: in assert_ok\n    raise AttributeError(f\"expected result object, got:\\n{response}\") from exc\nE   AttributeError: expected result object, got:\nE   Error(code=-32502, message='paymaster uses banned opcode: SELFBALANCE', data=None, id=938)"
          },
          "system-out": "--------------------------------- Captured Log ---------------------------------\n\n--------------------------------- Captured Out ---------------------------------",
          "system-err": "--------------------------------- Captured Err ---------------------------------"
        },
        {
          "@classname": "tests.single.opbanning.test_op_banning",
          "@name": "test_factory_banned_opcode[GAS]",
          "@time": "0.365"
        },
        {
          "@classname": "tests.single.opbanning.test_op_banning",
          "@name": "test_factory_banned_opcode[NUMBER]",
          "@time": "0.369"
        },
        {
          "@classname": "tests.single.opbanning.test_op_banning",
          "@name": "test_factory_banned_opcode[TIMESTAMP]",
          "@time": "0.376"
        },
        {
          "@classname": "tests.single.opbanning.test_op_banning",
          "@name": "test_factory_banned_opcode[COINBASE]",
          "@time": "0.265"
        },
        {
          "@classname": "tests.single.opbanning.test_op_banning",
          "@name": "test_factory_banned_opcode[DIFFICULTY]",
          "@time": "0.376"
        },
        {
          "@classname": "tests.single.opbanning.test_op_banning",
          "@name": "test_factory_banned_opcode[BASEFEE]",
          "@time": "0.372"
        },
        {
          "@classname": "tests.single.opbanning.test_op_banning",
          "@name": "test_factory_banned_opcode[GASLIMIT]",
          "@time": "0.376"
        },
        {
          "@classname": "tests.single.opbanning.test_op_banning",
          "@name": "test_factory_banned_opcode[GASPRICE]",
          "@time": "0.375"
        },
        {
          "@classname": "tests.single.opbanning.test_op_banning",
          "@name": "test_factory_banned_opcode[SELFBALANCE]",
          "@time": "0.401"
        },
        {
          "@classname": "tests.single.opbanning.test_op_banning",
          "@name": "test_factory_banned_opcode[BALANCE]",
          "@time": "0.276"
        },
        {
          "@classname": "tests.single.opbanning.test_op_banning",
          "@name": "test_factory_banned_opcode[ORIGIN]",
          "@time": "0.281"
        },
        {
          "@classname": "tests.single.opbanning.test_op_banning",
          "@name": "test_factory_banned_opcode[BLOCKHASH]",
          "@time": "0.389"
        },
        {
          "@classname": "tests.single.opbanning.test_op_banning",
          "@name": "test_factory_banned_opcode[CREATE]",
          "@time": "0.388"
        },
        {
          "@classname": "tests.single.opbanning.test_op_banning",
          "@name": "test_factory_banned_opcode[CREATE2]",
          "@time": "0.392"
        },
        {
          "@classname": "tests.single.opbanning.test_op_banning",
          "@name": "test_factory_banned_opcode[SELFDESTRUCT]",
          "@time": "0.394"
        },
        {
          "@classname": "tests.single.opbanning.test_op_banning",
          "@name": "test_factory_banned_opcode[BLOBHASH]",
          "@time": "0.394",
          "failure": {
            "@message": "AttributeError: expected error object, got:\nOk(result='0x7b52518978339823d65ca9e9593b837d461b83ada36f8353e209025548e5b420', id=970)",
            "#text": "tests/utils.py:206: in assert_rpc_error\n    assert response.code == code\nE   AttributeError: 'Ok' object has no attribute 'code'\n\nThe above exception was the direct cause of the following exception:\ntests/single/opbanning/test_op_banning.py:127: in test_factory_banned_opcode\n    assert_rpc_error(\ntests/utils.py:211: in assert_rpc_error\n    raise AttributeError(f\"expected error object, got:\\n{response}\") from exc\nE   AttributeError: expected error object, got:\nE   Ok(result='0x7b52518978339823d65ca9e9593b837d461b83ada36f8353e209025548e5b420', id=970)"
          },
          "system-out": "--------------------------------- Captured Log ---------------------------------\n\n--------------------------------- Captured Out ---------------------------------",
          "system-err": "--------------------------------- Captured Err ---------------------------------"
        },
        {
          "@classname": "tests.single.opbanning.test_op_banning",
          "@name": "test_factory_banned_opcode[BLOBBASEFEE]",
          "@time": "0.432",
          "failure": {
            "@message": "AttributeError: expected error object, got:\nOk(result='0x5ddba84bf36b093eba01577c5db762d447a3374fbc42449f6b47ac3b52dbc8e7', id=972)",
            "#text": "tests/utils.py:206: in assert_rpc_error\n    assert response.code == code\nE   AttributeError: 'Ok' object has no attribute 'code'\n\nThe above exception was the direct cause of the following exception:\ntests/single/opbanning/test_op_banning.py:127: in test_factory_banned_opcode\n    assert_rpc_error(\ntests/utils.py:211: in assert_rpc_error\n    raise AttributeError(f\"expected error object, got:\\n{response}\") from exc\nE   AttributeError: expected error object, got:\nE   Ok(result='0x5ddba84bf36b093eba01577c5db762d447a3374fbc42449f6b47ac3b52dbc8e7', id=972)"
          },
          "system-out": "--------------------------------- Captured Log ---------------------------------\n\n--------------------------------- Captured Out ---------------------------------",
          "system-err": "--------------------------------- Captured Err ---------------------------------"
        },
        {
          "@classname": "tests.single.opbanning.test_op_banning",
          "@name": "test_factory_allowed_opcode_when_staked[BALANCE]",
          "@time": "0.410",
          "failure": {
            "@message": "AttributeError: expected result object, got:\nError(code=-32502, message='factory uses banned opcode: BALANCE', data=None, id=974)",
            "#text": "tests/utils.py:199: in assert_ok\n    assert response.result\nE   AttributeError: 'Error' object has no attribute 'result'\n\nThe above exception was the direct cause of the following exception:\ntests/single/opbanning/test_op_banning.py:153: in test_factory_allowed_opcode_when_staked\n    assert_ok(response)\ntests/utils.py:201: in assert_ok\n    raise AttributeError(f\"expected result object, got:\\n{response}\") from exc\nE   AttributeError: expected result object, got:\nE   Error(code=-32502, message='factory uses banned opcode: BALANCE', data=None, id=974)"
          },
          "system-out": "--------------------------------- Captured Log ---------------------------------\n\n--------------------------------- Captured Out ---------------------------------",
          "system-err": "--------------------------------- Captured Err ---------------------------------"
        },
        {
          "@classname": "tests.single.opbanning.test_op_banning",
          "@name": "test_factory_allowed_opcode_when_staked[SELFBALANCE]",
          "@time": "0.415",
          "failure": {
            "@message": "AttributeError: expected result object, got:\nError(code=-32502, message='factory uses banned opcode: SELFBALANCE', data=None, id=976)",
            "#text": "tests/utils.py:199: in assert_ok\n    assert response.result\nE   AttributeError: 'Error' object has no attribute 'result'\n\nThe above exception was the direct cause of the following exception:\ntests/single/opbanning/test_op_banning.py:153: in test_factory_allowed_opcode_when_staked\n    assert_ok(response)\ntests/utils.py:201: in assert_ok\n    raise AttributeError(f\"expected result object, got:\\n{response}\") from exc\nE   AttributeError: expected result object, got:\nE   Error(code=-32502, message='factory uses banned opcode: SELFBALANCE', data=None, id=976)"
          },
          "system-out": "--------------------------------- Captured Log ---------------------------------\n\n--------------------------------- Captured Out ---------------------------------",
          "system-err": "--------------------------------- Captured Err ---------------------------------"
        },
        {
          "@classname": "tests.single.reputation.test_erep",
          "@name": "test_paymaster_on_account_failure",
          "@time": "0.253",
          "failure": {
            "@message": "AttributeError: 'Error' object has no attribute 'result'",
            "#text": "tests/single/reputation/test_erep.py:71: in test_paymaster_on_account_failure\n    set_reputation(paymaster.address, ops_seen=5, ops_included=2)\ntests/utils.py:321: in set_reputation\n    assert res.result\nE   AttributeError: 'Error' object has no attribute 'result'"
          },
          "system-out": "--------------------------------- Captured Log ---------------------------------\n\n--------------------------------- Captured Out ---------------------------------",
          "system-err": "--------------------------------- Captured Err ---------------------------------"
        },
        {
          "@classname": "tests.single.reputation.test_erep",
          "@name": "test_staked_factory_on_account_failure",
          "@time": "0.891",
          "failure": {
            "@message": "AttributeError: expected result object, got:\nError(code=-32603, message='gRPC error: Send bundle now with error: (code: 3, message: execution reverted, data: Some(String(\"0x65c8fd4d0000000000000000000000000000000000000000000000000000000000000001000000000000000000000000000000000000000000000000000000000000006000000000000000000000000000000000000000000000000000000000000000a0000000000000000000000000000000000000000000000000000000000000000d4141323320726576657274656400000000000000000000000000000000000000000000000000000000000000000000000000000000000000000000000000006408c379a0000000000000000000000000000000000000000000000000000000000000002000000000000000000000000000000000000000000000000000000000000000114e6f2062756e646c6520666f7220796f7500000000000000000000000000000000000000000000000000000000000000000000000000000000000000\")))\\n\\nLocation:\\n    /app/crates/bundler/src/bundler.rs:123:29', data=None, id=986)",
            "#text": "tests/utils.py:199: in assert_ok\n    assert response.result\nE   AttributeError: 'Error' object has no attribute 'result'\n\nThe above exception was the direct cause of the following exception:\ntests/single/reputation/test_erep.py:119: in test_staked_factory_on_account_failure\n    send_bundle_now()\ntests/utils.py:230: in send_bundle_now\n    assert_ok(RPCRequest(method=\"debug_bundler_sendBundleNow\").send(url))\ntests/utils.py:201: in assert_ok\n    raise AttributeError(f\"expected result object, got:\\n{response}\") from exc\nE   AttributeError: expected result object, got:\nE   Error(code=-32603, message='gRPC error: Send bundle now with error: (code: 3, message: execution reverted, data: Some(String(\"0x65c8fd4d0000000000000000000000000000000000000000000000000000000000000001000000000000000000000000000000000000000000000000000000000000006000000000000000000000000000000000000000000000000000000000000000a0000000000000000000000000000000000000000000000000000000000000000d4141323320726576657274656400000000000000000000000000000000000000000000000000000000000000000000000000000000000000000000000000006408c379a0000000000000000000000000000000000000000000000000000000000000002000000000000000000000000000000000000000000000000000000000000000114e6f2062756e646c6520666f7220796f7500000000000000000000000000000000000000000000000000000000000000000000000000000000000000\")))\\n\\nLocation:\\n    /app/crates/bundler/src/bundler.rs:123:29', data=None, id=986)"
          },
          "system-out": "--------------------------------- Captured Log ---------------------------------\n\n--------------------------------- Captured Out ---------------------------------",
          "system-err": "--------------------------------- Captured Err ---------------------------------"
        },
        {
          "@classname": "tests.single.reputation.test_erep",
          "@name": "test_account_on_entity_failure[staked]",
          "@time": "0.485",
          "failure": {
            "@message": "AssertionError: staked account should be blamed instead of paymaster\nassert [Reputation(a...=0, status=0)] == [Reputation(a...=0, status=0)]\n  \n  At index 1 diff: Reputation(address='0xcf663a89e5f67163c4b7ee5408086101684d7e5e', opsSeen=1, opsIncluded=0, status=0) != Reputation(address='0xcf663a89e5f67163c4b7ee5408086101684d7e5e', opsSeen=0, opsIncluded=0, status=0)\n  \n  Full diff:\n    [\n        Reputation(\n            address='0x562352670efe26d369dc1a3cb550e7b10b88684b',\n            opsSeen=1,\n            opsIncluded=0,\n            status=0,\n        ),\n        Reputation(\n            address='0xcf663a89e5f67163c4b7ee5408086101684d7e5e',\n  -         opsSeen=0,\n  ?                 ^\n  +         opsSeen=1,\n  ?                 ^\n            opsIncluded=0,\n            status=0,\n        ),\n    ]",
            "#text": "tests/single/reputation/test_erep.py:174: in test_account_on_entity_failure\n    assert get_reputations([sender.address, paymaster.address]) == [\nE   AssertionError: staked account should be blamed instead of paymaster\nE   assert [Reputation(a...=0, status=0)] == [Reputation(a...=0, status=0)]\nE     \nE     At index 1 diff: Reputation(address='0xcf663a89e5f67163c4b7ee5408086101684d7e5e', opsSeen=1, opsIncluded=0, status=0) != Reputation(address='0xcf663a89e5f67163c4b7ee5408086101684d7e5e', opsSeen=0, opsIncluded=0, status=0)\nE     \nE     Full diff:\nE       [\nE           Reputation(\nE               address='0x562352670efe26d369dc1a3cb550e7b10b88684b',\nE               opsSeen=1,\nE               opsIncluded=0,\nE               status=0,\nE           ),\nE           Reputation(\nE               address='0xcf663a89e5f67163c4b7ee5408086101684d7e5e',\nE     -         opsSeen=0,\nE     ?                 ^\nE     +         opsSeen=1,\nE     ?                 ^\nE               opsIncluded=0,\nE               status=0,\nE           ),\nE       ]"
          },
          "system-out": "--------------------------------- Captured Log ---------------------------------\n\n--------------------------------- Captured Out ---------------------------------\nstaking account <web3._utils.datatypes.Contract object at 0x7f4f1369b2e0>",
          "system-err": "--------------------------------- Captured Err ---------------------------------"
        },
        {
          "@classname": "tests.single.reputation.test_erep",
          "@name": "test_account_on_entity_failure[unstaked]",
          "@time": "0.378",
          "failure": {
            "@message": "AssertionError: valid userop. staked paymaster should have opsSeen increment\nassert [Reputation(a...=0, status=0)] == [Reputation(a...=0, status=0)]\n  \n  At index 0 diff: Reputation(address='0xbd4834c82aa73cfb79f1eff9bc600fa6d19f5c80', opsSeen=1, opsIncluded=0, status=0) != Reputation(address='0xbd4834c82aa73cfb79f1eff9bc600fa6d19f5c80', opsSeen=0, opsIncluded=0, status=0)\n  \n  Full diff:\n    [\n        Reputation(\n            address='0xbd4834c82aa73cfb79f1eff9bc600fa6d19f5c80',\n  -         opsSeen=0,\n  ?                 ^\n  +         opsSeen=1,\n  ?                 ^\n            opsIncluded=0,\n            status=0,\n        ),\n        Reputation(\n            address='0xd38ee6d984d140ad9b7ca5ed52e839716a99b979',\n            opsSeen=1,\n            opsIncluded=0,\n            status=0,\n        ),\n    ]",
            "#text": "tests/single/reputation/test_erep.py:156: in test_account_on_entity_failure\n    assert get_reputations([sender.address, paymaster.address]) == [\nE   AssertionError: valid userop. staked paymaster should have opsSeen increment\nE   assert [Reputation(a...=0, status=0)] == [Reputation(a...=0, status=0)]\nE     \nE     At index 0 diff: Reputation(address='0xbd4834c82aa73cfb79f1eff9bc600fa6d19f5c80', opsSeen=1, opsIncluded=0, status=0) != Reputation(address='0xbd4834c82aa73cfb79f1eff9bc600fa6d19f5c80', opsSeen=0, opsIncluded=0, status=0)\nE     \nE     Full diff:\nE       [\nE           Reputation(\nE               address='0xbd4834c82aa73cfb79f1eff9bc600fa6d19f5c80',\nE     -         opsSeen=0,\nE     ?                 ^\nE     +         opsSeen=1,\nE     ?                 ^\nE               opsIncluded=0,\nE               status=0,\nE           ),\nE           Reputation(\nE               address='0xd38ee6d984d140ad9b7ca5ed52e839716a99b979',\nE               opsSeen=1,\nE               opsIncluded=0,\nE               status=0,\nE           ),\nE       ]"
          },
          "system-out": "--------------------------------- Captured Log ---------------------------------\n\n--------------------------------- Captured Out ---------------------------------\nunstaked account <web3._utils.datatypes.Contract object at 0x7f4f13b16020>",
          "system-err": "--------------------------------- Captured Err ---------------------------------"
        },
        {
          "@classname": "tests.single.reputation.test_replace",
          "@name": "test_replace_paymaster",
          "@time": "0.585",
          "failure": {
            "@message": "AssertionError: replace with unmodified userop\nassert 2 == 1\n +  where 2 = pm_opsSeen('0x3e904b12Cc3e6F3Df436a4C1825d2E771B3ad36D')\n +    where '0x3e904b12Cc3e6F3Df436a4C1825d2E771B3ad36D' = <web3._utils.datatypes.Contract object at 0x7f4f13520280>.address",
            "#text": "tests/single/reputation/test_replace.py:37: in test_replace_paymaster\n    assert pm_opsSeen(pm1.address) == 1, \"replace with unmodified userop\"\nE   AssertionError: replace with unmodified userop\nE   assert 2 == 1\nE    +  where 2 = pm_opsSeen('0x3e904b12Cc3e6F3Df436a4C1825d2E771B3ad36D')\nE    +    where '0x3e904b12Cc3e6F3Df436a4C1825d2E771B3ad36D' = <web3._utils.datatypes.Contract object at 0x7f4f13520280>.address"
          },
          "system-out": "--------------------------------- Captured Log ---------------------------------\n\n--------------------------------- Captured Out ---------------------------------",
          "system-err": "--------------------------------- Captured Err ---------------------------------"
        },
        {
          "@classname": "tests.single.reputation.test_reputation",
          "@name": "test_staked_entity_reputation_threshold[with_factory]",
          "@time": "0.000",
          "skipped": {
            "@type": "pytest.skip",
            "@message": "skipped",
            "#text": "/home/runner/work/bundler-test-executor/bundler-test-executor/bundler-spec-tests/tests/single/reputation/test_reputation.py:61: skipped"
          },
          "system-out": "--------------------------------- Captured Log ---------------------------------\n\n--------------------------------- Captured Out ---------------------------------",
          "system-err": "--------------------------------- Captured Err ---------------------------------"
        },
        {
          "@classname": "tests.single.reputation.test_reputation",
          "@name": "test_staked_entity_reputation_threshold[without_factory]",
          "@time": "0.000",
          "skipped": {
            "@type": "pytest.skip",
            "@message": "skipped",
            "#text": "/home/runner/work/bundler-test-executor/bundler-test-executor/bundler-spec-tests/tests/single/reputation/test_reputation.py:61: skipped"
          },
          "system-out": "--------------------------------- Captured Log ---------------------------------\n\n--------------------------------- Captured Out ---------------------------------",
          "system-err": "--------------------------------- Captured Err ---------------------------------"
        },
        {
          "@classname": "tests.single.rpc.test_eth_chainId",
          "@name": "test_eth_chainId[]",
          "@time": "0.009"
        },
        {
          "@classname": "tests.single.rpc.test_eth_estimateUserOperationGas",
          "@name": "test_eth_estimateUserOperationGas[]",
          "@time": "0.177"
        },
        {
          "@classname": "tests.single.rpc.test_eth_estimateUserOperationGas",
          "@name": "test_eth_estimateUserOperationGas_execution_revert",
          "@time": "0.177",
          "failure": {
            "@message": "AttributeError: expected error object, got:\nOk(result={'preVerificationGas': '0xb413', 'verificationGasLimit': '0xeffe', 'callGasLimit': '0x2f44'}, id=1014)",
            "#text": "tests/utils.py:206: in assert_rpc_error\n    assert response.code == code\nE   AttributeError: 'Ok' object has no attribute 'code'\n\nThe above exception was the direct cause of the following exception:\ntests/single/rpc/test_eth_estimateUserOperationGas.py:32: in test_eth_estimateUserOperationGas_execution_revert\n    assert_rpc_error(response, \"\", RPCErrorCode.EXECUTION_REVERTED)\ntests/utils.py:211: in assert_rpc_error\n    raise AttributeError(f\"expected error object, got:\\n{response}\") from exc\nE   AttributeError: expected error object, got:\nE   Ok(result={'preVerificationGas': '0xb413', 'verificationGasLimit': '0xeffe', 'callGasLimit': '0x2f44'}, id=1014)"
          },
          "system-out": "--------------------------------- Captured Log ---------------------------------\n\n--------------------------------- Captured Out ---------------------------------",
          "system-err": "--------------------------------- Captured Err ---------------------------------"
        },
        {
          "@classname": "tests.single.rpc.test_eth_estimateUserOperationGas",
          "@name": "test_eth_estimateUserOperationGas_simulation_revert",
          "@time": "0.029",
          "failure": {
            "@message": "assert -32603 == <RPCErrorCode.REJECTED_BY_EP_OR_ACCOUNT: -32500>\n +  where -32603 = Error(code=-32603, message='other error: FailedOpWithRevert(FailedOpWithRevert { op_index: 0, reason: \"AA23 reverted\",...0000000000000000000000000001a7465737457616c6c65743a2064656164207369676e6174757265000000000000) })', data=None, id=1016).code",
            "#text": "tests/single/rpc/test_eth_estimateUserOperationGas.py:40: in test_eth_estimateUserOperationGas_simulation_revert\n    assert_rpc_error(response, \"dead signature\", RPCErrorCode.REJECTED_BY_EP_OR_ACCOUNT)\ntests/utils.py:206: in assert_rpc_error\n    assert response.code == code\nE   assert -32603 == <RPCErrorCode.REJECTED_BY_EP_OR_ACCOUNT: -32500>\nE    +  where -32603 = Error(code=-32603, message='other error: FailedOpWithRevert(FailedOpWithRevert { op_index: 0, reason: \"AA23 reverted\",...0000000000000000000000000001a7465737457616c6c65743a2064656164207369676e6174757265000000000000) })', data=None, id=1016).code"
          },
          "system-out": "--------------------------------- Captured Log ---------------------------------\n\n--------------------------------- Captured Out ---------------------------------",
          "system-err": "--------------------------------- Captured Err ---------------------------------"
        },
        {
          "@classname": "tests.single.rpc.test_eth_getUserOperationByHash",
          "@name": "test_eth_getUserOperationByHash[]",
          "@time": "0.360",
          "failure": {
            "@message": "jsonschema.exceptions.ValidationError: None is not valid under any of the given schemas\n\nFailed validating 'oneOf' in schema['properties']['userOperation']['properties']['paymasterVerificationGasLimit']:\n    {'title': 'paymaster verification gas limit',\n     'oneOf': [{'type': 'string', 'pattern': '^0x([1-9a-f]+[0-9a-f]*|0)$'},\n               {'type': 'number'}],\n     'description': 'The amount of gas to allocate for the paymaster '\n                    'validation code'}\n\nOn instance['userOperation']['paymasterVerificationGasLimit']:\n    None",
            "#text": "tests/single/rpc/test_eth_getUserOperationByHash.py:24: in test_eth_getUserOperationByHash\n    validate(instance=response.result, schema=schema)\n.venv/lib/python3.10/site-packages/jsonschema/validators.py:1332: in validate\n    raise error\nE   jsonschema.exceptions.ValidationError: None is not valid under any of the given schemas\nE   \nE   Failed validating 'oneOf' in schema['properties']['userOperation']['properties']['paymasterVerificationGasLimit']:\nE       {'title': 'paymaster verification gas limit',\nE        'oneOf': [{'type': 'string', 'pattern': '^0x([1-9a-f]+[0-9a-f]*|0)$'},\nE                  {'type': 'number'}],\nE        'description': 'The amount of gas to allocate for the paymaster '\nE                       'validation code'}\nE   \nE   On instance['userOperation']['paymasterVerificationGasLimit']:\nE       None"
          },
          "system-out": "--------------------------------- Captured Log ---------------------------------\n\n--------------------------------- Captured Out ---------------------------------",
          "system-err": "--------------------------------- Captured Err ---------------------------------"
        },
        {
          "@classname": "tests.single.rpc.test_eth_getUserOperationByHash",
          "@name": "test_eth_getUserOperationByHash_error",
          "@time": "0.005"
        },
        {
          "@classname": "tests.single.rpc.test_eth_getUserOperationReceipt",
          "@name": "test_eth_getUserOperationReceipt[]",
          "@time": "0.374"
        },
        {
          "@classname": "tests.single.rpc.test_eth_getUserOperationReceipt",
          "@name": "test_eth_getUserOperationReceipt_error",
          "@time": "0.005"
        },
        {
          "@classname": "tests.single.rpc.test_eth_sendUserOperation",
          "@name": "test_eth_sendUserOperation[]",
          "@time": "0.338",
          "failure": {
            "@message": "AssertionError: assert '0x620709574c...90c24051f4bdb' == '0x08dfdd04f8...e96fe7cc35041'\n  \n  - 0x08dfdd04f8d055467d131641828b662c9ffec94167273057150e96fe7cc35041\n  + 0x620709574ca83c21c5377ca2cf1e66df8fe6e67b301d2d8eac590c24051f4bdb",
            "#text": "tests/single/rpc/test_eth_sendUserOperation.py:19: in test_eth_sendUserOperation\n    assert response.result == userop_hash(helper_contract, userop)\nE   AssertionError: assert '0x620709574c...90c24051f4bdb' == '0x08dfdd04f8...e96fe7cc35041'\nE     \nE     - 0x08dfdd04f8d055467d131641828b662c9ffec94167273057150e96fe7cc35041\nE     + 0x620709574ca83c21c5377ca2cf1e66df8fe6e67b301d2d8eac590c24051f4bdb"
          },
          "system-out": "--------------------------------- Captured Log ---------------------------------\n\n--------------------------------- Captured Out ---------------------------------",
          "system-err": "--------------------------------- Captured Err ---------------------------------"
        },
        {
          "@classname": "tests.single.rpc.test_eth_sendUserOperation",
          "@name": "test_eth_sendUserOperation_revert",
          "@time": "0.043",
          "failure": {
            "@message": "AssertionError: assert -32603 == <RPCErrorCode.REJECTED_BY_EP_OR_ACCOUNT: -32500>\n +  where -32603 = Error(code=-32603, message='other error: 0, AA23 reverted, 0x08c379a00000000000000000000000000000000000000000000000000...00000000000000000000000000000001a7465737457616c6c65743a2064656164207369676e6174757265000000000000', data=None, id=1033).code",
            "#text": "tests/single/rpc/test_eth_sendUserOperation.py:32: in test_eth_sendUserOperation_revert\n    assert_rpc_error(\ntests/utils.py:206: in assert_rpc_error\n    assert response.code == code\nE   AssertionError: assert -32603 == <RPCErrorCode.REJECTED_BY_EP_OR_ACCOUNT: -32500>\nE    +  where -32603 = Error(code=-32603, message='other error: 0, AA23 reverted, 0x08c379a00000000000000000000000000000000000000000000000000...00000000000000000000000000000001a7465737457616c6c65743a2064656164207369676e6174757265000000000000', data=None, id=1033).code"
          },
          "system-out": "--------------------------------- Captured Log ---------------------------------\n\n--------------------------------- Captured Out ---------------------------------",
          "system-err": "--------------------------------- Captured Err ---------------------------------"
        },
        {
          "@classname": "tests.single.rpc.test_eth_sendUserOperation",
          "@name": "test_eth_sendUserOperation_invalid_signature",
          "@time": "0.032",
          "failure": {
            "@message": "AssertionError: assert -32503 == <RPCErrorCode.INVALID_SIGNATURE: -32507>\n +  where -32503 = Error(code=-32503, message='already expired', data=None, id=1036).code",
            "#text": "tests/single/rpc/test_eth_sendUserOperation.py:39: in test_eth_sendUserOperation_invalid_signature\n    assert_rpc_error(\ntests/utils.py:206: in assert_rpc_error\n    assert response.code == code\nE   AssertionError: assert -32503 == <RPCErrorCode.INVALID_SIGNATURE: -32507>\nE    +  where -32503 = Error(code=-32503, message='already expired', data=None, id=1036).code"
          },
          "system-out": "--------------------------------- Captured Log ---------------------------------\n\n--------------------------------- Captured Out ---------------------------------",
          "system-err": "--------------------------------- Captured Err ---------------------------------"
        },
        {
          "@classname": "tests.single.rpc.test_eth_supportedEntryPoints",
          "@name": "test_eth_supportedEntryPoints[]",
          "@time": "0.010"
        }
      ]
    }
  }
}
