<?xml version="1.0" encoding="utf-8"?><testsuites><testsuite name="transeptor" errors="0" failures="37" skipped="13" tests="482" time="264.486" timestamp="2025-03-31T17:23:16.535626+00:00" hostname="fv-az1368-733"><testcase classname="" name="tests.single.gas.test_pre_verification_gas_calculation" time="0.000"><skipped message="collection skipped">('/home/runner/work/bundler-test-executor/bundler-test-executor/bundler-spec-tests/tests/single/gas/test_pre_verification_gas_calculation.py', 15, 'Skipped: Slow and requires fixing')</skipped></testcase><testcase classname="tests.single.bundle.test_bundle" name="test_bundle_replace_op[only_priority_fee_bump]" time="0.412" /><testcase classname="tests.single.bundle.test_bundle" name="test_bundle_replace_op[only_max_fee_bump]" time="0.319" /><testcase classname="tests.single.bundle.test_bundle" name="test_bundle_replace_op[with_same_fee]" time="0.337" /><testcase classname="tests.single.bundle.test_bundle" name="test_bundle_replace_op[with_less_fee]" time="0.315" /><testcase classname="tests.single.bundle.test_bundle" name="test_bundle_replace_op[fee_bump_below_threshold]" time="0.318" /><testcase classname="tests.single.bundle.test_bundle" name="test_bundle_replace_op[fee_bump_at_threshold]" time="0.316" /><testcase classname="tests.single.bundle.test_bundle" name="test_bundle_replace_op[fee_bump_above_threshold]" time="0.315" /><testcase classname="tests.single.bundle.test_bundle" name="test_mempool_reputation_rules_all_entities[GREP-010-banned-entity-not-allowed-banned-sender]" time="0.000"><skipped type="pytest.skip" message="skipped">/home/runner/work/bundler-test-executor/bundler-test-executor/bundler-spec-tests/tests/single/bundle/test_bundle.py:123: skipped</skipped><system-out>--------------------------------- Captured Log ---------------------------------

--------------------------------- Captured Out ---------------------------------

</system-out><system-err>--------------------------------- Captured Err ---------------------------------

</system-err></testcase><testcase classname="tests.single.bundle.test_bundle" name="test_mempool_reputation_rules_all_entities[GREP-010-banned-entity-not-allowed-banned-paymaster]" time="0.000"><skipped type="pytest.skip" message="skipped">/home/runner/work/bundler-test-executor/bundler-test-executor/bundler-spec-tests/tests/single/bundle/test_bundle.py:123: skipped</skipped><system-out>--------------------------------- Captured Log ---------------------------------

--------------------------------- Captured Out ---------------------------------

</system-out><system-err>--------------------------------- Captured Err ---------------------------------

</system-err></testcase><testcase classname="tests.single.bundle.test_bundle" name="test_mempool_reputation_rules_all_entities[GREP-010-banned-entity-not-allowed-banned-factory]" time="0.000"><skipped type="pytest.skip" message="skipped">/home/runner/work/bundler-test-executor/bundler-test-executor/bundler-spec-tests/tests/single/bundle/test_bundle.py:123: skipped</skipped><system-out>--------------------------------- Captured Log ---------------------------------

--------------------------------- Captured Out ---------------------------------

</system-out><system-err>--------------------------------- Captured Err ---------------------------------

</system-err></testcase><testcase classname="tests.single.bundle.test_bundle" name="test_mempool_reputation_rules_all_entities[GREP-020-throttled-entity-allowed-limited-count-throttled-sender]" time="0.000"><skipped type="pytest.skip" message="skipped">/home/runner/work/bundler-test-executor/bundler-test-executor/bundler-spec-tests/tests/single/bundle/test_bundle.py:123: skipped</skipped><system-out>--------------------------------- Captured Log ---------------------------------

--------------------------------- Captured Out ---------------------------------

</system-out><system-err>--------------------------------- Captured Err ---------------------------------

</system-err></testcase><testcase classname="tests.single.bundle.test_bundle" name="test_mempool_reputation_rules_all_entities[GREP-020-throttled-entity-allowed-limited-count-throttled-paymaster]" time="0.000"><skipped type="pytest.skip" message="skipped">/home/runner/work/bundler-test-executor/bundler-test-executor/bundler-spec-tests/tests/single/bundle/test_bundle.py:123: skipped</skipped><system-out>--------------------------------- Captured Log ---------------------------------

--------------------------------- Captured Out ---------------------------------

</system-out><system-err>--------------------------------- Captured Err ---------------------------------

</system-err></testcase><testcase classname="tests.single.bundle.test_bundle" name="test_mempool_reputation_rules_all_entities[GREP-020-throttled-entity-allowed-limited-count-throttled-factory]" time="0.000"><skipped type="pytest.skip" message="skipped">/home/runner/work/bundler-test-executor/bundler-test-executor/bundler-spec-tests/tests/single/bundle/test_bundle.py:123: skipped</skipped><system-out>--------------------------------- Captured Log ---------------------------------

--------------------------------- Captured Out ---------------------------------

</system-out><system-err>--------------------------------- Captured Err ---------------------------------

</system-err></testcase><testcase classname="tests.single.bundle.test_bundle" name="test_mempool_reputation_rules_all_entities[UREP-010 UREP-020-unstaked-entity-allowed-function-unstaked-sender]" time="0.000"><skipped type="pytest.skip" message="skipped">/home/runner/work/bundler-test-executor/bundler-test-executor/bundler-spec-tests/tests/single/bundle/test_bundle.py:123: skipped</skipped><system-out>--------------------------------- Captured Log ---------------------------------

--------------------------------- Captured Out ---------------------------------

</system-out><system-err>--------------------------------- Captured Err ---------------------------------

</system-err></testcase><testcase classname="tests.single.bundle.test_bundle" name="test_mempool_reputation_rules_all_entities[UREP-010 UREP-020-unstaked-entity-allowed-function-unstaked-paymaster]" time="0.000"><skipped type="pytest.skip" message="skipped">/home/runner/work/bundler-test-executor/bundler-test-executor/bundler-spec-tests/tests/single/bundle/test_bundle.py:123: skipped</skipped><system-out>--------------------------------- Captured Log ---------------------------------

--------------------------------- Captured Out ---------------------------------

</system-out><system-err>--------------------------------- Captured Err ---------------------------------

</system-err></testcase><testcase classname="tests.single.bundle.test_bundle" name="test_mempool_reputation_rules_all_entities[UREP-010 UREP-020-unstaked-entity-allowed-function-unstaked-factory]" time="0.000"><skipped type="pytest.skip" message="skipped">/home/runner/work/bundler-test-executor/bundler-test-executor/bundler-spec-tests/tests/single/bundle/test_bundle.py:123: skipped</skipped><system-out>--------------------------------- Captured Log ---------------------------------

--------------------------------- Captured Out ---------------------------------

</system-out><system-err>--------------------------------- Captured Err ---------------------------------

</system-err></testcase><testcase classname="tests.single.bundle.test_bundle" name="test_max_allowed_ops_unstaked_sender" time="1.157" /><testcase classname="tests.single.bundle.test_bundle" name="test_max_allowed_ops_staked_sender" time="4.915" /><testcase classname="tests.single.bundle.test_bundle" name="test_ban_user_op_access_other_ops_sender_in_bundle" time="4.055" /><testcase classname="tests.single.bundle.test_bundle" name="test_ban_user_sender_double_role_in_bundle" time="0.746" /><testcase classname="tests.single.bundle.test_bundle" name="test_stake_check_in_bundler" time="0.546" /><testcase classname="tests.single.bundle.test_codehash" name="test_codehash_changed" time="0.258"><skipped type="pytest.skip" message="no self destruct. can't check code change..">/home/runner/work/bundler-test-executor/bundler-test-executor/bundler-spec-tests/tests/single/bundle/test_codehash.py:54: no self destruct. can't check code change..</skipped><system-out>--------------------------------- Captured Log ---------------------------------

--------------------------------- Captured Out ---------------------------------

</system-out><system-err>--------------------------------- Captured Err ---------------------------------

</system-err></testcase><testcase classname="tests.single.bundle.test_paymaster" name="test_paymaster_deposit" time="0.767" /><testcase classname="tests.single.bundle.test_storage_rules" name="test_rule[[STO-000]unstaked][paymaster][no_storage][ok-]" time="0.388" /><testcase classname="tests.single.bundle.test_storage_rules" name="test_rule[[STO-000]unstaked][paymaster][no_storage][ok-CALL:&gt;]" time="0.588" /><testcase classname="tests.single.bundle.test_storage_rules" name="test_rule[[STO-000]unstaked][paymaster][no_storage][ok-DELEGATECALL:&gt;]" time="0.678" /><testcase classname="tests.single.bundle.test_storage_rules" name="test_rule[[STO-031]unstaked][paymaster][storage_read][drop-]" time="0.380" /><testcase classname="tests.single.bundle.test_storage_rules" name="test_rule[[STO-031]unstaked][paymaster][storage_read][drop-CALL:&gt;]" time="0.595" /><testcase classname="tests.single.bundle.test_storage_rules" name="test_rule[[STO-031]unstaked][paymaster][storage_read][drop-DELEGATECALL:&gt;]" time="0.668" /><testcase classname="tests.single.bundle.test_storage_rules" name="test_rule[[STO-031]unstaked][paymaster][storage_write][drop-]" time="0.394" /><testcase classname="tests.single.bundle.test_storage_rules" name="test_rule[[STO-031]unstaked][paymaster][storage_write][drop-CALL:&gt;]" time="0.611" /><testcase classname="tests.single.bundle.test_storage_rules" name="test_rule[[STO-031]unstaked][paymaster][storage_write][drop-DELEGATECALL:&gt;]" time="0.683" /><testcase classname="tests.single.bundle.test_storage_rules" name="test_rule[[OP-070(STO-031)]unstaked][paymaster][transient_storage_tstore][drop-]" time="0.503" /><testcase classname="tests.single.bundle.test_storage_rules" name="test_rule[[OP-070(STO-031)]unstaked][paymaster][transient_storage_tstore][drop-CALL:&gt;]" time="0.763" /><testcase classname="tests.single.bundle.test_storage_rules" name="test_rule[[OP-070(STO-031)]unstaked][paymaster][transient_storage_tstore][drop-DELEGATECALL:&gt;]" time="0.815" /><testcase classname="tests.single.bundle.test_storage_rules" name="test_rule[[OP-070(STO-031)]unstaked][paymaster][transient_storage_tload][drop-]" time="0.495" /><testcase classname="tests.single.bundle.test_storage_rules" name="test_rule[[OP-070(STO-031)]unstaked][paymaster][transient_storage_tload][drop-CALL:&gt;]" time="0.727" /><testcase classname="tests.single.bundle.test_storage_rules" name="test_rule[[OP-070(STO-031)]unstaked][paymaster][transient_storage_tload][drop-DELEGATECALL:&gt;]" time="0.807" /><testcase classname="tests.single.bundle.test_storage_rules" name="test_rule[[STO-032]unstaked][paymaster][paymaster_reference_storage][drop-]" time="0.523" /><testcase classname="tests.single.bundle.test_storage_rules" name="test_rule[[STO-032]unstaked][paymaster][paymaster_reference_storage][drop-CALL:&gt;]" time="0.769" /><testcase classname="tests.single.bundle.test_storage_rules" name="test_rule[[STO-032]unstaked][paymaster][paymaster_reference_storage][drop-DELEGATECALL:&gt;]" time="0.854" /><testcase classname="tests.single.bundle.test_storage_rules" name="test_rule[[STO-032]unstaked][paymaster][paymaster_reference_storage_struct][drop-]" time="0.577" /><testcase classname="tests.single.bundle.test_storage_rules" name="test_rule[[STO-032]unstaked][paymaster][paymaster_reference_storage_struct][drop-CALL:&gt;]" time="0.825" /><testcase classname="tests.single.bundle.test_storage_rules" name="test_rule[[STO-032]unstaked][paymaster][paymaster_reference_storage_struct][drop-DELEGATECALL:&gt;]" time="0.907" /><testcase classname="tests.single.bundle.test_storage_rules" name="test_rule[[STO-010]unstaked][paymaster][account_storage][ok-]" time="0.443" /><testcase classname="tests.single.bundle.test_storage_rules" name="test_rule[[STO-010]unstaked][paymaster][account_storage][ok-CALL:&gt;]" time="0.654" /><testcase classname="tests.single.bundle.test_storage_rules" name="test_rule[[STO-010]unstaked][paymaster][account_storage][ok-DELEGATECALL:&gt;]" time="0.835" /><testcase classname="tests.single.bundle.test_storage_rules" name="test_rule[[OP-070(STO-010)]unstaked][paymaster][account_transient_storage][ok-]" time="0.550" /><testcase classname="tests.single.bundle.test_storage_rules" name="test_rule[[OP-070(STO-010)]unstaked][paymaster][account_transient_storage][ok-CALL:&gt;]" time="0.787" /><testcase classname="tests.single.bundle.test_storage_rules" name="test_rule[[OP-070(STO-010)]unstaked][paymaster][account_transient_storage][ok-DELEGATECALL:&gt;]" time="0.968" /><testcase classname="tests.single.bundle.test_storage_rules" name="test_rule[[STO-021]unstaked][paymaster][account_reference_storage][ok-]" time="0.531" /><testcase classname="tests.single.bundle.test_storage_rules" name="test_rule[[STO-021]unstaked][paymaster][account_reference_storage][ok-CALL:&gt;]" time="0.768" /><testcase classname="tests.single.bundle.test_storage_rules" name="test_rule[[STO-021]unstaked][paymaster][account_reference_storage][ok-DELEGATECALL:&gt;]" time="0.837" /><testcase classname="tests.single.bundle.test_storage_rules" name="test_rule[[STO-021]unstaked][paymaster][account_reference_storage_struct][ok-]" time="0.595" /><testcase classname="tests.single.bundle.test_storage_rules" name="test_rule[[STO-021]unstaked][paymaster][account_reference_storage_struct][ok-CALL:&gt;]" time="0.869" /><testcase classname="tests.single.bundle.test_storage_rules" name="test_rule[[STO-021]unstaked][paymaster][account_reference_storage_struct][ok-DELEGATECALL:&gt;]" time="0.925" /><testcase classname="tests.single.bundle.test_storage_rules" name="test_rule[[STO-022]unstaked][paymaster][account_reference_storage_init_code][drop-]" time="1.097" /><testcase classname="tests.single.bundle.test_storage_rules" name="test_rule[[STO-022]unstaked][paymaster][account_reference_storage_init_code][drop-CALL:&gt;]" time="1.074" /><testcase classname="tests.single.bundle.test_storage_rules" name="test_rule[[STO-022]unstaked][paymaster][account_reference_storage_init_code][drop-DELEGATECALL:&gt;]" time="1.032" /><testcase classname="tests.single.bundle.test_storage_rules" name="test_rule[[EREP-050-regression]unstaked][paymaster][context][ok-]" time="0.266" /><testcase classname="tests.single.bundle.test_storage_rules" name="test_rule[[EREP-050-regression]unstaked][paymaster][context][ok-CALL:&gt;]" time="0.289" /><testcase classname="tests.single.bundle.test_storage_rules" name="test_rule[[EREP-050-regression]unstaked][paymaster][context][ok-DELEGATECALL:&gt;]" time="0.322" /><testcase classname="tests.single.bundle.test_storage_rules" name="test_rule[[STO-032]unstaked][paymaster][external_storage_read][drop-]" time="0.472" /><testcase classname="tests.single.bundle.test_storage_rules" name="test_rule[[STO-032]unstaked][paymaster][external_storage_read][drop-CALL:&gt;]" time="0.695" /><testcase classname="tests.single.bundle.test_storage_rules" name="test_rule[[STO-032]unstaked][paymaster][external_storage_read][drop-DELEGATECALL:&gt;]" time="0.776" /><testcase classname="tests.single.bundle.test_storage_rules" name="test_rule[[OP-020]unstaked][paymaster][out_of_gas][drop-]" time="0.459" /><testcase classname="tests.single.bundle.test_storage_rules" name="test_rule[[OP-020]unstaked][paymaster][out_of_gas][drop-CALL:&gt;]" time="0.660" /><testcase classname="tests.single.bundle.test_storage_rules" name="test_rule[[OP-020]unstaked][paymaster][out_of_gas][drop-DELEGATECALL:&gt;]" time="0.755" /><testcase classname="tests.single.bundle.test_storage_rules" name="test_rule[[OP-020]unstaked][paymaster][sstore_out_of_gas][drop-]" time="0.553" /><testcase classname="tests.single.bundle.test_storage_rules" name="test_rule[[OP-020]unstaked][paymaster][sstore_out_of_gas][drop-CALL:&gt;]" time="0.675" /><testcase classname="tests.single.bundle.test_storage_rules" name="test_rule[[OP-020]unstaked][paymaster][sstore_out_of_gas][drop-DELEGATECALL:&gt;]" time="0.744" /><testcase classname="tests.single.bundle.test_storage_rules" name="test_rule[[STO-000]staked][paymaster][no_storage][ok-]" time="0.407" /><testcase classname="tests.single.bundle.test_storage_rules" name="test_rule[[STO-000]staked][paymaster][no_storage][ok-CALL:&gt;]" time="0.608" /><testcase classname="tests.single.bundle.test_storage_rules" name="test_rule[[STO-000]staked][paymaster][no_storage][ok-DELEGATECALL:&gt;]" time="0.819" /><testcase classname="tests.single.bundle.test_storage_rules" name="test_rule[[STO-031]staked][paymaster][storage_read][ok-]" time="0.427" /><testcase classname="tests.single.bundle.test_storage_rules" name="test_rule[[STO-031]staked][paymaster][storage_read][ok-CALL:&gt;]" time="0.653" /><testcase classname="tests.single.bundle.test_storage_rules" name="test_rule[[STO-031]staked][paymaster][storage_read][ok-DELEGATECALL:&gt;]" time="0.797" /><testcase classname="tests.single.bundle.test_storage_rules" name="test_rule[[STO-031]staked][paymaster][storage_write][ok-]" time="0.438" /><testcase classname="tests.single.bundle.test_storage_rules" name="test_rule[[STO-031]staked][paymaster][storage_write][ok-CALL:&gt;]" time="0.639" /><testcase classname="tests.single.bundle.test_storage_rules" name="test_rule[[STO-031]staked][paymaster][storage_write][ok-DELEGATECALL:&gt;]" time="0.719" /><testcase classname="tests.single.bundle.test_storage_rules" name="test_rule[[STO-032]staked][paymaster][paymaster_reference_storage][ok-]" time="0.562" /><testcase classname="tests.single.bundle.test_storage_rules" name="test_rule[[STO-032]staked][paymaster][paymaster_reference_storage][ok-CALL:&gt;]" time="0.896" /><testcase classname="tests.single.bundle.test_storage_rules" name="test_rule[[STO-032]staked][paymaster][paymaster_reference_storage][ok-DELEGATECALL:&gt;]" time="0.878" /><testcase classname="tests.single.bundle.test_storage_rules" name="test_rule[[STO-032]staked][paymaster][paymaster_reference_storage_struct][ok-]" time="0.623" /><testcase classname="tests.single.bundle.test_storage_rules" name="test_rule[[STO-032]staked][paymaster][paymaster_reference_storage_struct][ok-CALL:&gt;]" time="0.872" /><testcase classname="tests.single.bundle.test_storage_rules" name="test_rule[[STO-032]staked][paymaster][paymaster_reference_storage_struct][ok-DELEGATECALL:&gt;]" time="1.056" /><testcase classname="tests.single.bundle.test_storage_rules" name="test_rule[[STO-033]staked][paymaster][paymaster_reference_storage_struct][ok-]" time="0.719" /><testcase classname="tests.single.bundle.test_storage_rules" name="test_rule[[STO-033]staked][paymaster][paymaster_reference_storage_struct][ok-CALL:&gt;]" time="0.872" /><testcase classname="tests.single.bundle.test_storage_rules" name="test_rule[[STO-033]staked][paymaster][paymaster_reference_storage_struct][ok-DELEGATECALL:&gt;]" time="0.955" /><testcase classname="tests.single.bundle.test_storage_rules" name="test_rule[[STO-010]staked][paymaster][account_storage][ok-]" time="0.565" /><testcase classname="tests.single.bundle.test_storage_rules" name="test_rule[[STO-010]staked][paymaster][account_storage][ok-CALL:&gt;]" time="0.661" /><testcase classname="tests.single.bundle.test_storage_rules" name="test_rule[[STO-010]staked][paymaster][account_storage][ok-DELEGATECALL:&gt;]" time="0.756" /><testcase classname="tests.single.bundle.test_storage_rules" name="test_rule[[STO-021]staked][paymaster][account_reference_storage][ok-]" time="0.548" /><testcase classname="tests.single.bundle.test_storage_rules" name="test_rule[[STO-021]staked][paymaster][account_reference_storage][ok-CALL:&gt;]" time="0.781" /><testcase classname="tests.single.bundle.test_storage_rules" name="test_rule[[STO-021]staked][paymaster][account_reference_storage][ok-DELEGATECALL:&gt;]" time="0.853" /><testcase classname="tests.single.bundle.test_storage_rules" name="test_rule[[STO-021]staked][paymaster][account_reference_storage_struct][ok-]" time="0.607" /><testcase classname="tests.single.bundle.test_storage_rules" name="test_rule[[STO-021]staked][paymaster][account_reference_storage_struct][ok-CALL:&gt;]" time="0.953" /><testcase classname="tests.single.bundle.test_storage_rules" name="test_rule[[STO-021]staked][paymaster][account_reference_storage_struct][ok-DELEGATECALL:&gt;]" time="1.035" /><testcase classname="tests.single.bundle.test_storage_rules" name="test_rule[[STO-022]staked][paymaster][account_reference_storage_init_code][ok-]" time="0.751" /><testcase classname="tests.single.bundle.test_storage_rules" name="test_rule[[STO-022]staked][paymaster][account_reference_storage_init_code][ok-CALL:&gt;]" time="1.149" /><testcase classname="tests.single.bundle.test_storage_rules" name="test_rule[[STO-022]staked][paymaster][account_reference_storage_init_code][ok-DELEGATECALL:&gt;]" time="1.089" /><testcase classname="tests.single.bundle.test_storage_rules" name="test_rule[[EREP-050-regression]staked][paymaster][context][ok-]" time="0.389" /><testcase classname="tests.single.bundle.test_storage_rules" name="test_rule[[EREP-050-regression]staked][paymaster][context][ok-CALL:&gt;]" time="0.415" /><testcase classname="tests.single.bundle.test_storage_rules" name="test_rule[[EREP-050-regression]staked][paymaster][context][ok-DELEGATECALL:&gt;]" time="0.344" /><testcase classname="tests.single.bundle.test_storage_rules" name="test_rule[[STO-033]staked][paymaster][external_storage_write][drop-]" time="0.502" /><testcase classname="tests.single.bundle.test_storage_rules" name="test_rule[[STO-033]staked][paymaster][external_storage_write][drop-CALL:&gt;]" time="0.736" /><testcase classname="tests.single.bundle.test_storage_rules" name="test_rule[[STO-033]staked][paymaster][external_storage_write][drop-DELEGATECALL:&gt;]" time="0.798" /><testcase classname="tests.single.bundle.test_storage_rules" name="test_rule[[STO-033]staked][paymaster][external_storage_read][ok-]" time="0.518" /><testcase classname="tests.single.bundle.test_storage_rules" name="test_rule[[STO-033]staked][paymaster][external_storage_read][ok-CALL:&gt;]" time="0.786" /><testcase classname="tests.single.bundle.test_storage_rules" name="test_rule[[STO-033]staked][paymaster][external_storage_read][ok-DELEGATECALL:&gt;]" time="0.919" /><testcase classname="tests.single.bundle.test_storage_rules" name="test_rule[[OP-020]staked][paymaster][out_of_gas][drop-]" time="0.593" /><testcase classname="tests.single.bundle.test_storage_rules" name="test_rule[[OP-020]staked][paymaster][out_of_gas][drop-CALL:&gt;]" time="0.688" /><testcase classname="tests.single.bundle.test_storage_rules" name="test_rule[[OP-020]staked][paymaster][out_of_gas][drop-DELEGATECALL:&gt;]" time="0.855" /><testcase classname="tests.single.bundle.test_storage_rules" name="test_rule[[OP-020]staked][paymaster][sstore_out_of_gas][drop-]" time="0.471" /><testcase classname="tests.single.bundle.test_storage_rules" name="test_rule[[OP-020]staked][paymaster][sstore_out_of_gas][drop-CALL:&gt;]" time="0.688" /><testcase classname="tests.single.bundle.test_storage_rules" name="test_rule[[OP-020]staked][paymaster][sstore_out_of_gas][drop-DELEGATECALL:&gt;]" time="0.760" /><testcase classname="tests.single.bundle.test_storage_rules" name="test_rule[[STO-000]unstaked][factory][no_storage][ok-]" time="0.323" /><testcase classname="tests.single.bundle.test_storage_rules" name="test_rule[[STO-000]unstaked][factory][no_storage][ok-CALL:&gt;]" time="0.476" /><testcase classname="tests.single.bundle.test_storage_rules" name="test_rule[[STO-000]unstaked][factory][no_storage][ok-DELEGATECALL:&gt;]" time="0.599" /><testcase classname="tests.single.bundle.test_storage_rules" name="test_rule[[STO-000]unstaked][factory][storage_read][drop-]" time="0.327" /><testcase classname="tests.single.bundle.test_storage_rules" name="test_rule[[STO-000]unstaked][factory][storage_read][drop-CALL:&gt;]" time="0.483" /><testcase classname="tests.single.bundle.test_storage_rules" name="test_rule[[STO-000]unstaked][factory][storage_read][drop-DELEGATECALL:&gt;]" time="0.496" /><testcase classname="tests.single.bundle.test_storage_rules" name="test_rule[[STO-000]unstaked][factory][storage_write][drop-]" time="0.323" /><testcase classname="tests.single.bundle.test_storage_rules" name="test_rule[[STO-000]unstaked][factory][storage_write][drop-CALL:&gt;]" time="0.481" /><testcase classname="tests.single.bundle.test_storage_rules" name="test_rule[[STO-000]unstaked][factory][storage_write][drop-DELEGATECALL:&gt;]" time="0.502" /><testcase classname="tests.single.bundle.test_storage_rules" name="test_rule[[STO-000]unstaked][factory][factory_reference_storage][drop-]" time="0.344" /><testcase classname="tests.single.bundle.test_storage_rules" name="test_rule[[STO-000]unstaked][factory][factory_reference_storage][drop-CALL:&gt;]" time="0.526" /><testcase classname="tests.single.bundle.test_storage_rules" name="test_rule[[STO-000]unstaked][factory][factory_reference_storage][drop-DELEGATECALL:&gt;]" time="0.584" /><testcase classname="tests.single.bundle.test_storage_rules" name="test_rule[[STO-032]unstaked][factory][factory_reference_storage_struct][drop-]" time="0.372" /><testcase classname="tests.single.bundle.test_storage_rules" name="test_rule[[STO-032]unstaked][factory][factory_reference_storage_struct][drop-CALL:&gt;]" time="0.679" /><testcase classname="tests.single.bundle.test_storage_rules" name="test_rule[[STO-032]unstaked][factory][factory_reference_storage_struct][drop-DELEGATECALL:&gt;]" time="0.638" /><testcase classname="tests.single.bundle.test_storage_rules" name="test_rule[[STO-010]unstaked][factory][account_storage][ok-]" time="0.336" /><testcase classname="tests.single.bundle.test_storage_rules" name="test_rule[[STO-010]unstaked][factory][account_storage][ok-CALL:&gt;]" time="0.497" /><testcase classname="tests.single.bundle.test_storage_rules" name="test_rule[[STO-010]unstaked][factory][account_storage][ok-DELEGATECALL:&gt;]" time="0.623" /><testcase classname="tests.single.bundle.test_storage_rules" name="test_rule[[STO-021]unstaked][factory][account_reference_storage][drop-]" time="0.329" /><testcase classname="tests.single.bundle.test_storage_rules" name="test_rule[[STO-021]unstaked][factory][account_reference_storage][drop-CALL:&gt;]" time="0.515" /><testcase classname="tests.single.bundle.test_storage_rules" name="test_rule[[STO-021]unstaked][factory][account_reference_storage][drop-DELEGATECALL:&gt;]" time="0.680" /><testcase classname="tests.single.bundle.test_storage_rules" name="test_rule[[STO-021]unstaked][factory][account_reference_storage_struct][drop-]" time="0.341" /><testcase classname="tests.single.bundle.test_storage_rules" name="test_rule[[STO-021]unstaked][factory][account_reference_storage_struct][drop-CALL:&gt;]" time="0.571" /><testcase classname="tests.single.bundle.test_storage_rules" name="test_rule[[STO-021]unstaked][factory][account_reference_storage_struct][drop-DELEGATECALL:&gt;]" time="0.628" /><testcase classname="tests.single.bundle.test_storage_rules" name="test_rule[[STO-000]unstaked][factory][external_storage_read][drop-]" time="0.337" /><testcase classname="tests.single.bundle.test_storage_rules" name="test_rule[[STO-000]unstaked][factory][external_storage_read][drop-CALL:&gt;]" time="0.514" /><testcase classname="tests.single.bundle.test_storage_rules" name="test_rule[[STO-000]unstaked][factory][external_storage_read][drop-DELEGATECALL:&gt;]" time="0.564" /><testcase classname="tests.single.bundle.test_storage_rules" name="test_rule[[OP-042]unstaked][factory][EXTCODEx_CALLx_undeployed_sender][ok-]" time="0.363" /><testcase classname="tests.single.bundle.test_storage_rules" name="test_rule[[OP-042]unstaked][factory][EXTCODEx_CALLx_undeployed_sender][ok-CALL:&gt;]" time="0.576" /><testcase classname="tests.single.bundle.test_storage_rules" name="test_rule[[OP-042]unstaked][factory][EXTCODEx_CALLx_undeployed_sender][ok-DELEGATECALL:&gt;]" time="0.533" /><testcase classname="tests.single.bundle.test_storage_rules" name="test_rule[[OP-041]unstaked][factory][EXTCODESIZE_undeployed_contract][drop-]" time="0.301" /><testcase classname="tests.single.bundle.test_storage_rules" name="test_rule[[OP-041]unstaked][factory][EXTCODESIZE_undeployed_contract][drop-CALL:&gt;]" time="0.529" /><testcase classname="tests.single.bundle.test_storage_rules" name="test_rule[[OP-041]unstaked][factory][EXTCODESIZE_undeployed_contract][drop-DELEGATECALL:&gt;]" time="0.684" /><testcase classname="tests.single.bundle.test_storage_rules" name="test_rule[[OP-041]unstaked][factory][EXTCODEHASH_undeployed_contract][drop-]" time="0.299" /><testcase classname="tests.single.bundle.test_storage_rules" name="test_rule[[OP-041]unstaked][factory][EXTCODEHASH_undeployed_contract][drop-CALL:&gt;]" time="0.533" /><testcase classname="tests.single.bundle.test_storage_rules" name="test_rule[[OP-041]unstaked][factory][EXTCODEHASH_undeployed_contract][drop-DELEGATECALL:&gt;]" time="0.586" /><testcase classname="tests.single.bundle.test_storage_rules" name="test_rule[[OP-041]unstaked][factory][EXTCODECOPY_undeployed_contract][drop-]" time="0.303" /><testcase classname="tests.single.bundle.test_storage_rules" name="test_rule[[OP-041]unstaked][factory][EXTCODECOPY_undeployed_contract][drop-CALL:&gt;]" time="0.641" /><testcase classname="tests.single.bundle.test_storage_rules" name="test_rule[[OP-041]unstaked][factory][EXTCODECOPY_undeployed_contract][drop-DELEGATECALL:&gt;]" time="0.598" /><testcase classname="tests.single.bundle.test_storage_rules" name="test_rule[[OP-041]unstaked][factory][CALL_undeployed_contract][drop-]" time="0.294" /><testcase classname="tests.single.bundle.test_storage_rules" name="test_rule[[OP-041]unstaked][factory][CALL_undeployed_contract][drop-CALL:&gt;]" time="0.487" /><testcase classname="tests.single.bundle.test_storage_rules" name="test_rule[[OP-041]unstaked][factory][CALL_undeployed_contract][drop-DELEGATECALL:&gt;]" time="0.534" /><testcase classname="tests.single.bundle.test_storage_rules" name="test_rule[[OP-041]unstaked][factory][CALLCODE_undeployed_contract][drop-]" time="0.400" /><testcase classname="tests.single.bundle.test_storage_rules" name="test_rule[[OP-041]unstaked][factory][CALLCODE_undeployed_contract][drop-CALL:&gt;]" time="0.513" /><testcase classname="tests.single.bundle.test_storage_rules" name="test_rule[[OP-041]unstaked][factory][CALLCODE_undeployed_contract][drop-DELEGATECALL:&gt;]" time="0.569" /><testcase classname="tests.single.bundle.test_storage_rules" name="test_rule[[OP-041]unstaked][factory][DELEGATECALL_undeployed_contract][drop-]" time="0.307" /><testcase classname="tests.single.bundle.test_storage_rules" name="test_rule[[OP-041]unstaked][factory][DELEGATECALL_undeployed_contract][drop-CALL:&gt;]" time="0.632" /><testcase classname="tests.single.bundle.test_storage_rules" name="test_rule[[OP-041]unstaked][factory][DELEGATECALL_undeployed_contract][drop-DELEGATECALL:&gt;]" time="0.691" /><testcase classname="tests.single.bundle.test_storage_rules" name="test_rule[[OP-041]unstaked][factory][STATICCALL_undeployed_contract][drop-]" time="0.302" /><testcase classname="tests.single.bundle.test_storage_rules" name="test_rule[[OP-041]unstaked][factory][STATICCALL_undeployed_contract][drop-CALL:&gt;]" time="0.527" /><testcase classname="tests.single.bundle.test_storage_rules" name="test_rule[[OP-041]unstaked][factory][STATICCALL_undeployed_contract][drop-DELEGATECALL:&gt;]" time="0.603" /><testcase classname="tests.single.bundle.test_storage_rules" name="test_rule[[OP-020]unstaked][factory][out_of_gas][drop-]" time="0.527" /><testcase classname="tests.single.bundle.test_storage_rules" name="test_rule[[OP-020]unstaked][factory][out_of_gas][drop-CALL:&gt;]" time="0.576" /><testcase classname="tests.single.bundle.test_storage_rules" name="test_rule[[OP-020]unstaked][factory][out_of_gas][drop-DELEGATECALL:&gt;]" time="0.697" /><testcase classname="tests.single.bundle.test_storage_rules" name="test_rule[[OP-020]unstaked][factory][sstore_out_of_gas][drop-]" time="0.455" /><testcase classname="tests.single.bundle.test_storage_rules" name="test_rule[[OP-020]unstaked][factory][sstore_out_of_gas][drop-CALL:&gt;]" time="0.527" /><testcase classname="tests.single.bundle.test_storage_rules" name="test_rule[[OP-020]unstaked][factory][sstore_out_of_gas][drop-DELEGATECALL:&gt;]" time="0.549" /><testcase classname="tests.single.bundle.test_storage_rules" name="test_rule[[STO-000]staked][factory][no_storage][ok-]" time="0.364" /><testcase classname="tests.single.bundle.test_storage_rules" name="test_rule[[STO-000]staked][factory][no_storage][ok-CALL:&gt;]" time="0.611" /><testcase classname="tests.single.bundle.test_storage_rules" name="test_rule[[STO-000]staked][factory][no_storage][ok-DELEGATECALL:&gt;]" time="0.523" /><testcase classname="tests.single.bundle.test_storage_rules" name="test_rule[[STO-031]staked][factory][storage_read][ok-]" time="0.459" /><testcase classname="tests.single.bundle.test_storage_rules" name="test_rule[[STO-031]staked][factory][storage_read][ok-CALL:&gt;]" time="0.512" /><testcase classname="tests.single.bundle.test_storage_rules" name="test_rule[[STO-031]staked][factory][storage_read][ok-DELEGATECALL:&gt;]" time="0.535" /><testcase classname="tests.single.bundle.test_storage_rules" name="test_rule[[STO-031]staked][factory][storage_write][ok-]" time="0.464" /><testcase classname="tests.single.bundle.test_storage_rules" name="test_rule[[STO-031]staked][factory][storage_write][ok-CALL:&gt;]" time="0.628" /><testcase classname="tests.single.bundle.test_storage_rules" name="test_rule[[STO-031]staked][factory][storage_write][ok-DELEGATECALL:&gt;]" time="0.642" /><testcase classname="tests.single.bundle.test_storage_rules" name="test_rule[[STO-032]staked][factory][factory_reference_storage][ok-]" time="0.473" /><testcase classname="tests.single.bundle.test_storage_rules" name="test_rule[[STO-032]staked][factory][factory_reference_storage][ok-CALL:&gt;]" time="0.678" /><testcase classname="tests.single.bundle.test_storage_rules" name="test_rule[[STO-032]staked][factory][factory_reference_storage][ok-DELEGATECALL:&gt;]" time="0.720" /><testcase classname="tests.single.bundle.test_storage_rules" name="test_rule[[STO-032]staked][factory][factory_reference_storage_struct][ok-]" time="0.489" /><testcase classname="tests.single.bundle.test_storage_rules" name="test_rule[[STO-032]staked][factory][factory_reference_storage_struct][ok-CALL:&gt;]" time="0.618" /><testcase classname="tests.single.bundle.test_storage_rules" name="test_rule[[STO-032]staked][factory][factory_reference_storage_struct][ok-DELEGATECALL:&gt;]" time="0.769" /><testcase classname="tests.single.bundle.test_storage_rules" name="test_rule[[STO-010]staked][factory][account_storage][ok-]" time="0.463" /><testcase classname="tests.single.bundle.test_storage_rules" name="test_rule[[STO-010]staked][factory][account_storage][ok-CALL:&gt;]" time="0.528" /><testcase classname="tests.single.bundle.test_storage_rules" name="test_rule[[STO-010]staked][factory][account_storage][ok-DELEGATECALL:&gt;]" time="0.544" /><testcase classname="tests.single.bundle.test_storage_rules" name="test_rule[[STO-021]staked][factory][account_reference_storage][ok-]" time="0.465" /><testcase classname="tests.single.bundle.test_storage_rules" name="test_rule[[STO-021]staked][factory][account_reference_storage][ok-CALL:&gt;]" time="0.667" /><testcase classname="tests.single.bundle.test_storage_rules" name="test_rule[[STO-021]staked][factory][account_reference_storage][ok-DELEGATECALL:&gt;]" time="0.737" /><testcase classname="tests.single.bundle.test_storage_rules" name="test_rule[[STO-021]staked][factory][account_reference_storage_struct][ok-]" time="0.474" /><testcase classname="tests.single.bundle.test_storage_rules" name="test_rule[[STO-021]staked][factory][account_reference_storage_struct][ok-CALL:&gt;]" time="0.604" /><testcase classname="tests.single.bundle.test_storage_rules" name="test_rule[[STO-021]staked][factory][account_reference_storage_struct][ok-DELEGATECALL:&gt;]" time="0.762" /><testcase classname="tests.single.bundle.test_storage_rules" name="test_rule[[STO-033]staked][factory][external_storage_write][drop-]" time="0.369" /><testcase classname="tests.single.bundle.test_storage_rules" name="test_rule[[STO-033]staked][factory][external_storage_write][drop-CALL:&gt;]" time="0.658" /><testcase classname="tests.single.bundle.test_storage_rules" name="test_rule[[STO-033]staked][factory][external_storage_write][drop-DELEGATECALL:&gt;]" time="0.601" /><testcase classname="tests.single.bundle.test_storage_rules" name="test_rule[[STO-033]staked][factory][external_storage_read][ok-]" time="0.478" /><testcase classname="tests.single.bundle.test_storage_rules" name="test_rule[[STO-033]staked][factory][external_storage_read][ok-CALL:&gt;]" time="0.682" /><testcase classname="tests.single.bundle.test_storage_rules" name="test_rule[[STO-033]staked][factory][external_storage_read][ok-DELEGATECALL:&gt;]" time="0.598" /><testcase classname="tests.single.bundle.test_storage_rules" name="test_rule[[OP-020]staked][factory][out_of_gas][drop-]" time="0.549" /><testcase classname="tests.single.bundle.test_storage_rules" name="test_rule[[OP-020]staked][factory][out_of_gas][drop-CALL:&gt;]" time="0.608" /><testcase classname="tests.single.bundle.test_storage_rules" name="test_rule[[OP-020]staked][factory][out_of_gas][drop-DELEGATECALL:&gt;]" time="0.645" /><testcase classname="tests.single.bundle.test_storage_rules" name="test_rule[[OP-020]staked][factory][sstore_out_of_gas][drop-]" time="0.479" /><testcase classname="tests.single.bundle.test_storage_rules" name="test_rule[[OP-020]staked][factory][sstore_out_of_gas][drop-CALL:&gt;]" time="0.659" /><testcase classname="tests.single.bundle.test_storage_rules" name="test_rule[[OP-020]staked][factory][sstore_out_of_gas][drop-DELEGATECALL:&gt;]" time="0.562" /><testcase classname="tests.single.bundle.test_storage_rules" name="test_rule[[STO-000]unstaked][account][no_storage][ok-]" time="0.759" /><testcase classname="tests.single.bundle.test_storage_rules" name="test_rule[[STO-000]unstaked][account][no_storage][ok-CALL:&gt;]" time="0.575" /><testcase classname="tests.single.bundle.test_storage_rules" name="test_rule[[STO-000]unstaked][account][no_storage][ok-DELEGATECALL:&gt;]" time="0.465" /><testcase classname="tests.single.bundle.test_storage_rules" name="test_rule[[STO-010]unstaked][account][account_storage][ok-]" time="0.405" /><testcase classname="tests.single.bundle.test_storage_rules" name="test_rule[[STO-010]unstaked][account][account_storage][ok-CALL:&gt;]" time="0.490" /><testcase classname="tests.single.bundle.test_storage_rules" name="test_rule[[STO-010]unstaked][account][account_storage][ok-DELEGATECALL:&gt;]" time="0.590" /><testcase classname="tests.single.bundle.test_storage_rules" name="test_rule[[STO-021]unstaked][account][account_reference_storage][ok-]" time="0.404" /><testcase classname="tests.single.bundle.test_storage_rules" name="test_rule[[STO-021]unstaked][account][account_reference_storage][ok-CALL:&gt;]" time="0.539" /><testcase classname="tests.single.bundle.test_storage_rules" name="test_rule[[STO-021]unstaked][account][account_reference_storage][ok-DELEGATECALL:&gt;]" time="0.515" /><testcase classname="tests.single.bundle.test_storage_rules" name="test_rule[[STO-022]unstaked][account][account_reference_storage_init_code][drop-]" time="0.407" /><testcase classname="tests.single.bundle.test_storage_rules" name="test_rule[[STO-022]unstaked][account][account_reference_storage_init_code][drop-CALL:&gt;]" time="0.430" /><testcase classname="tests.single.bundle.test_storage_rules" name="test_rule[[STO-022]unstaked][account][account_reference_storage_init_code][drop-DELEGATECALL:&gt;]" time="0.307" /><testcase classname="tests.single.bundle.test_storage_rules" name="test_rule[[STO-022]unstaked][account][account_reference_storage_init_code][ok-]" time="0.918"><failure message="AttributeError: expected result object, got:&#10;Error(code=-32502, message='factory uses banned opcode: CREATE', data=None, id=496)">tests/utils.py:199: in assert_ok
    assert response.result
E   AttributeError: 'Error' object has no attribute 'result'

The above exception was the direct cause of the following exception:
tests/single/bundle/test_storage_rules.py:864: in test_rule
    case.assert_func(response)
tests/utils.py:201: in assert_ok
    raise AttributeError(f"expected result object, got:\n{response}") from exc
E   AttributeError: expected result object, got:
E   Error(code=-32502, message='factory uses banned opcode: CREATE', data=None, id=496)</failure><system-out>--------------------------------- Captured Log ---------------------------------

--------------------------------- Captured Out ---------------------------------

</system-out><system-err>--------------------------------- Captured Err ---------------------------------

</system-err></testcase><testcase classname="tests.single.bundle.test_storage_rules" name="test_rule[[STO-022]unstaked][account][account_reference_storage_init_code][ok-CALL:&gt;]" time="0.752"><failure message="AttributeError: expected result object, got:&#10;Error(code=-32502, message='factory uses banned opcode: CREATE', data=None, id=498)">tests/utils.py:199: in assert_ok
    assert response.result
E   AttributeError: 'Error' object has no attribute 'result'

The above exception was the direct cause of the following exception:
tests/single/bundle/test_storage_rules.py:864: in test_rule
    case.assert_func(response)
tests/utils.py:201: in assert_ok
    raise AttributeError(f"expected result object, got:\n{response}") from exc
E   AttributeError: expected result object, got:
E   Error(code=-32502, message='factory uses banned opcode: CREATE', data=None, id=498)</failure><system-out>--------------------------------- Captured Log ---------------------------------

--------------------------------- Captured Out ---------------------------------
CALL:&gt; funding test_rules_target 0x0F1FFb23F9e26C84142AEaDd661E4d358F885E1F

</system-out><system-err>--------------------------------- Captured Err ---------------------------------

</system-err></testcase><testcase classname="tests.single.bundle.test_storage_rules" name="test_rule[[STO-022]unstaked][account][account_reference_storage_init_code][ok-DELEGATECALL:&gt;]" time="0.674"><failure message="AttributeError: expected result object, got:&#10;Error(code=-32502, message='factory uses banned opcode: CREATE', data=None, id=500)">tests/utils.py:199: in assert_ok
    assert response.result
E   AttributeError: 'Error' object has no attribute 'result'

The above exception was the direct cause of the following exception:
tests/single/bundle/test_storage_rules.py:864: in test_rule
    case.assert_func(response)
tests/utils.py:201: in assert_ok
    raise AttributeError(f"expected result object, got:\n{response}") from exc
E   AttributeError: expected result object, got:
E   Error(code=-32502, message='factory uses banned opcode: CREATE', data=None, id=500)</failure><system-out>--------------------------------- Captured Log ---------------------------------

--------------------------------- Captured Out ---------------------------------

</system-out><system-err>--------------------------------- Captured Err ---------------------------------

</system-err></testcase><testcase classname="tests.single.bundle.test_storage_rules" name="test_rule[[STO-022]unstaked][paymaster][account_reference_storage_init_code][ok-]" time="0.748"><failure message="AttributeError: expected result object, got:&#10;Error(code=-32502, message='factory uses banned opcode: CREATE', data=None, id=502)">tests/utils.py:199: in assert_ok
    assert response.result
E   AttributeError: 'Error' object has no attribute 'result'

The above exception was the direct cause of the following exception:
tests/single/bundle/test_storage_rules.py:864: in test_rule
    case.assert_func(response)
tests/utils.py:201: in assert_ok
    raise AttributeError(f"expected result object, got:\n{response}") from exc
E   AttributeError: expected result object, got:
E   Error(code=-32502, message='factory uses banned opcode: CREATE', data=None, id=502)</failure><system-out>--------------------------------- Captured Log ---------------------------------

--------------------------------- Captured Out ---------------------------------

</system-out><system-err>--------------------------------- Captured Err ---------------------------------

</system-err></testcase><testcase classname="tests.single.bundle.test_storage_rules" name="test_rule[[STO-022]unstaked][paymaster][account_reference_storage_init_code][ok-CALL:&gt;]" time="1.208"><failure message="AttributeError: expected result object, got:&#10;Error(code=-32502, message='factory uses banned opcode: CREATE', data=None, id=504)">tests/utils.py:199: in assert_ok
    assert response.result
E   AttributeError: 'Error' object has no attribute 'result'

The above exception was the direct cause of the following exception:
tests/single/bundle/test_storage_rules.py:864: in test_rule
    case.assert_func(response)
tests/utils.py:201: in assert_ok
    raise AttributeError(f"expected result object, got:\n{response}") from exc
E   AttributeError: expected result object, got:
E   Error(code=-32502, message='factory uses banned opcode: CREATE', data=None, id=504)</failure><system-out>--------------------------------- Captured Log ---------------------------------

--------------------------------- Captured Out ---------------------------------

</system-out><system-err>--------------------------------- Captured Err ---------------------------------

</system-err></testcase><testcase classname="tests.single.bundle.test_storage_rules" name="test_rule[[STO-022]unstaked][paymaster][account_reference_storage_init_code][ok-DELEGATECALL:&gt;]" time="1.103"><failure message="AttributeError: expected result object, got:&#10;Error(code=-32502, message='factory uses banned opcode: CREATE', data=None, id=506)">tests/utils.py:199: in assert_ok
    assert response.result
E   AttributeError: 'Error' object has no attribute 'result'

The above exception was the direct cause of the following exception:
tests/single/bundle/test_storage_rules.py:864: in test_rule
    case.assert_func(response)
tests/utils.py:201: in assert_ok
    raise AttributeError(f"expected result object, got:\n{response}") from exc
E   AttributeError: expected result object, got:
E   Error(code=-32502, message='factory uses banned opcode: CREATE', data=None, id=506)</failure><system-out>--------------------------------- Captured Log ---------------------------------

--------------------------------- Captured Out ---------------------------------

</system-out><system-err>--------------------------------- Captured Err ---------------------------------

</system-err></testcase><testcase classname="tests.single.bundle.test_storage_rules" name="test_rule[[STO-021]unstaked][account][account_reference_storage_struct][ok-]" time="0.410" /><testcase classname="tests.single.bundle.test_storage_rules" name="test_rule[[STO-021]unstaked][account][account_reference_storage_struct][ok-CALL:&gt;]" time="0.536" /><testcase classname="tests.single.bundle.test_storage_rules" name="test_rule[[STO-021]unstaked][account][account_reference_storage_struct][ok-DELEGATECALL:&gt;]" time="0.529" /><testcase classname="tests.single.bundle.test_storage_rules" name="test_rule[[STO-000]unstaked][account][external_storage_read][drop-]" time="0.410" /><testcase classname="tests.single.bundle.test_storage_rules" name="test_rule[[STO-000]unstaked][account][external_storage_read][drop-CALL:&gt;]" time="0.508" /><testcase classname="tests.single.bundle.test_storage_rules" name="test_rule[[STO-000]unstaked][account][external_storage_read][drop-DELEGATECALL:&gt;]" time="0.537" /><testcase classname="tests.single.bundle.test_storage_rules" name="test_rule[[OP-020]unstaked][account][out_of_gas][drop-]" time="0.391" /><testcase classname="tests.single.bundle.test_storage_rules" name="test_rule[[OP-020]unstaked][account][out_of_gas][drop-CALL:&gt;]" time="0.559" /><testcase classname="tests.single.bundle.test_storage_rules" name="test_rule[[OP-020]unstaked][account][out_of_gas][drop-DELEGATECALL:&gt;]" time="0.565" /><testcase classname="tests.single.bundle.test_storage_rules" name="test_rule[[OP-020]unstaked][account][sstore_out_of_gas][drop-]" time="0.418" /><testcase classname="tests.single.bundle.test_storage_rules" name="test_rule[[OP-020]unstaked][account][sstore_out_of_gas][drop-CALL:&gt;]" time="0.509" /><testcase classname="tests.single.bundle.test_storage_rules" name="test_rule[[OP-020]unstaked][account][sstore_out_of_gas][drop-DELEGATECALL:&gt;]" time="0.504" /><testcase classname="tests.single.bundle.test_storage_rules" name="test_rule[[STO-000]staked][account][no_storage][ok-]" time="0.314" /><testcase classname="tests.single.bundle.test_storage_rules" name="test_rule[[STO-000]staked][account][no_storage][ok-CALL:&gt;]" time="0.517" /><testcase classname="tests.single.bundle.test_storage_rules" name="test_rule[[STO-000]staked][account][no_storage][ok-DELEGATECALL:&gt;]" time="0.592" /><testcase classname="tests.single.bundle.test_storage_rules" name="test_rule[[STO-010]staked][account][account_storage][ok-]" time="0.323" /><testcase classname="tests.single.bundle.test_storage_rules" name="test_rule[[STO-010]staked][account][account_storage][ok-CALL:&gt;]" time="0.524" /><testcase classname="tests.single.bundle.test_storage_rules" name="test_rule[[STO-010]staked][account][account_storage][ok-DELEGATECALL:&gt;]" time="0.507" /><testcase classname="tests.single.bundle.test_storage_rules" name="test_rule[[STO-021]staked][account][account_reference_storage][ok-]" time="0.332" /><testcase classname="tests.single.bundle.test_storage_rules" name="test_rule[[STO-021]staked][account][account_reference_storage][ok-CALL:&gt;]" time="0.543" /><testcase classname="tests.single.bundle.test_storage_rules" name="test_rule[[STO-021]staked][account][account_reference_storage][ok-DELEGATECALL:&gt;]" time="0.639" /><testcase classname="tests.single.bundle.test_storage_rules" name="test_rule[[STO-021]staked][account][account_reference_storage_struct][ok-]" time="0.335" /><testcase classname="tests.single.bundle.test_storage_rules" name="test_rule[[STO-021]staked][account][account_reference_storage_struct][ok-CALL:&gt;]" time="0.566" /><testcase classname="tests.single.bundle.test_storage_rules" name="test_rule[[STO-021]staked][account][account_reference_storage_struct][ok-DELEGATECALL:&gt;]" time="0.556" /><testcase classname="tests.single.bundle.test_storage_rules" name="test_rule[[OP-020]staked][account][out_of_gas][drop-]" time="0.414" /><testcase classname="tests.single.bundle.test_storage_rules" name="test_rule[[OP-020]staked][account][out_of_gas][drop-CALL:&gt;]" time="0.583" /><testcase classname="tests.single.bundle.test_storage_rules" name="test_rule[[OP-020]staked][account][out_of_gas][drop-DELEGATECALL:&gt;]" time="0.584" /><testcase classname="tests.single.bundle.test_storage_rules" name="test_rule[[OP-020]staked][account][sstore_out_of_gas][drop-]" time="0.444" /><testcase classname="tests.single.bundle.test_storage_rules" name="test_rule[[OP-020]staked][account][sstore_out_of_gas][drop-CALL:&gt;]" time="0.634" /><testcase classname="tests.single.bundle.test_storage_rules" name="test_rule[[OP-020]staked][account][sstore_out_of_gas][drop-DELEGATECALL:&gt;]" time="0.525" /><testcase classname="tests.single.bundle.test_storage_rules" name="test_rule[[STO-033]staked][account][external_storage_write][drop-]" time="0.336" /><testcase classname="tests.single.bundle.test_storage_rules" name="test_rule[[STO-033]staked][account][external_storage_write][drop-CALL:&gt;]" time="0.641" /><testcase classname="tests.single.bundle.test_storage_rules" name="test_rule[[STO-033]staked][account][external_storage_write][drop-DELEGATECALL:&gt;]" time="0.637" /><testcase classname="tests.single.bundle.test_storage_rules" name="test_rule[[STO-033]staked][account][external_storage_read][ok-]" time="0.342" /><testcase classname="tests.single.bundle.test_storage_rules" name="test_rule[[STO-033]staked][account][external_storage_read][ok-CALL:&gt;]" time="0.739" /><testcase classname="tests.single.bundle.test_storage_rules" name="test_rule[[STO-033]staked][account][external_storage_read][ok-DELEGATECALL:&gt;]" time="0.668" /><testcase classname="tests.single.bundle.test_storage_rules" name="test_rule[[OP-011]unstaked][account][entryPoint_call_balanceOf][drop-]" time="0.323" /><testcase classname="tests.single.bundle.test_storage_rules" name="test_rule[[OP-011]unstaked][account][entryPoint_call_balanceOf][drop-CALL:&gt;]" time="0.642" /><testcase classname="tests.single.bundle.test_storage_rules" name="test_rule[[OP-011]unstaked][account][entryPoint_call_balanceOf][drop-DELEGATECALL:&gt;]" time="0.631" /><testcase classname="tests.single.bundle.test_storage_rules" name="test_rule[[OP-061]unstaked][account][eth_value_transfer_forbidden][drop-]" time="0.315" /><testcase classname="tests.single.bundle.test_storage_rules" name="test_rule[[OP-061]unstaked][account][eth_value_transfer_forbidden][drop-CALL:&gt;]" time="0.641" /><testcase classname="tests.single.bundle.test_storage_rules" name="test_rule[[OP-061]unstaked][account][eth_value_transfer_forbidden][drop-DELEGATECALL:&gt;]" time="0.520" /><testcase classname="tests.single.bundle.test_storage_rules" name="test_rule[[OP-053]unstaked][account][eth_value_transfer_entryPoint][ok-]" time="0.340" /><testcase classname="tests.single.bundle.test_storage_rules" name="test_rule[[OP-053]unstaked][account][eth_value_transfer_entryPoint][ok-CALL:&gt;]" time="0.559" /><testcase classname="tests.single.bundle.test_storage_rules" name="test_rule[[OP-053]unstaked][account][eth_value_transfer_entryPoint][ok-DELEGATECALL:&gt;]" time="0.553" /><testcase classname="tests.single.bundle.test_storage_rules" name="test_rule[[OP-052]unstaked][account][eth_value_transfer_entryPoint_depositTo][ok-]" time="0.450" /><testcase classname="tests.single.bundle.test_storage_rules" name="test_rule[[OP-052]unstaked][account][eth_value_transfer_entryPoint_depositTo][ok-CALL:&gt;]" time="0.593" /><testcase classname="tests.single.bundle.test_storage_rules" name="test_rule[[OP-052]unstaked][account][eth_value_transfer_entryPoint_depositTo][ok-DELEGATECALL:&gt;]" time="0.584" /><testcase classname="tests.single.bundle.test_storage_rules" name="test_rule[[OP-041]unstaked][account][EXTCODESIZE_undeployed_contract][drop-]" time="0.367" /><testcase classname="tests.single.bundle.test_storage_rules" name="test_rule[[OP-041]unstaked][account][EXTCODESIZE_undeployed_contract][drop-CALL:&gt;]" time="0.601" /><testcase classname="tests.single.bundle.test_storage_rules" name="test_rule[[OP-041]unstaked][account][EXTCODESIZE_undeployed_contract][drop-DELEGATECALL:&gt;]" time="0.584" /><testcase classname="tests.single.bundle.test_storage_rules" name="test_rule[[OP-041]unstaked][account][EXTCODEHASH_undeployed_contract][drop-]" time="0.272" /><testcase classname="tests.single.bundle.test_storage_rules" name="test_rule[[OP-041]unstaked][account][EXTCODEHASH_undeployed_contract][drop-CALL:&gt;]" time="0.500" /><testcase classname="tests.single.bundle.test_storage_rules" name="test_rule[[OP-041]unstaked][account][EXTCODEHASH_undeployed_contract][drop-DELEGATECALL:&gt;]" time="0.599" /><testcase classname="tests.single.bundle.test_storage_rules" name="test_rule[[OP-041]unstaked][account][EXTCODECOPY_undeployed_contract][drop-]" time="0.376" /><testcase classname="tests.single.bundle.test_storage_rules" name="test_rule[[OP-041]unstaked][account][EXTCODECOPY_undeployed_contract][drop-CALL:&gt;]" time="0.506" /><testcase classname="tests.single.bundle.test_storage_rules" name="test_rule[[OP-041]unstaked][account][EXTCODECOPY_undeployed_contract][drop-DELEGATECALL:&gt;]" time="0.493" /><testcase classname="tests.single.bundle.test_storage_rules" name="test_rule[[OP-054]unstaked][account][EXTCODESIZE_entrypoint][drop-]" time="0.281" /><testcase classname="tests.single.bundle.test_storage_rules" name="test_rule[[OP-054]unstaked][account][EXTCODESIZE_entrypoint][drop-CALL:&gt;]" time="0.591" /><testcase classname="tests.single.bundle.test_storage_rules" name="test_rule[[OP-054]unstaked][account][EXTCODESIZE_entrypoint][drop-DELEGATECALL:&gt;]" time="0.591" /><testcase classname="tests.single.bundle.test_storage_rules" name="test_rule[[OP-054]unstaked][account][EXTCODEHASH_entrypoint][drop-]" time="0.282" /><testcase classname="tests.single.bundle.test_storage_rules" name="test_rule[[OP-054]unstaked][account][EXTCODEHASH_entrypoint][drop-CALL:&gt;]" time="0.595" /><testcase classname="tests.single.bundle.test_storage_rules" name="test_rule[[OP-054]unstaked][account][EXTCODEHASH_entrypoint][drop-DELEGATECALL:&gt;]" time="0.595" /><testcase classname="tests.single.bundle.test_storage_rules" name="test_rule[[OP-054]unstaked][account][EXTCODECOPY_entrypoint][drop-]" time="0.390" /><testcase classname="tests.single.bundle.test_storage_rules" name="test_rule[[OP-054]unstaked][account][EXTCODECOPY_entrypoint][drop-CALL:&gt;]" time="0.624" /><testcase classname="tests.single.bundle.test_storage_rules" name="test_rule[[OP-054]unstaked][account][EXTCODECOPY_entrypoint][drop-DELEGATECALL:&gt;]" time="0.589" /><testcase classname="tests.single.bundle.test_storage_rules" name="test_rule[[OP-041]unstaked][account][CALL_undeployed_contract][drop-]" time="0.360" /><testcase classname="tests.single.bundle.test_storage_rules" name="test_rule[[OP-041]unstaked][account][CALL_undeployed_contract][drop-CALL:&gt;]" time="0.473" /><testcase classname="tests.single.bundle.test_storage_rules" name="test_rule[[OP-041]unstaked][account][CALL_undeployed_contract][drop-DELEGATECALL:&gt;]" time="0.465" /><testcase classname="tests.single.bundle.test_storage_rules" name="test_rule[[OP-041]unstaked][account][CALLCODE_undeployed_contract][drop-]" time="0.371" /><testcase classname="tests.single.bundle.test_storage_rules" name="test_rule[[OP-041]unstaked][account][CALLCODE_undeployed_contract][drop-CALL:&gt;]" time="0.498" /><testcase classname="tests.single.bundle.test_storage_rules" name="test_rule[[OP-041]unstaked][account][CALLCODE_undeployed_contract][drop-DELEGATECALL:&gt;]" time="0.585" /><testcase classname="tests.single.bundle.test_storage_rules" name="test_rule[[OP-041]unstaked][account][DELEGATECALL_undeployed_contract][drop-]" time="0.269" /><testcase classname="tests.single.bundle.test_storage_rules" name="test_rule[[OP-041]unstaked][account][DELEGATECALL_undeployed_contract][drop-CALL:&gt;]" time="0.611" /><testcase classname="tests.single.bundle.test_storage_rules" name="test_rule[[OP-041]unstaked][account][DELEGATECALL_undeployed_contract][drop-DELEGATECALL:&gt;]" time="0.609" /><testcase classname="tests.single.bundle.test_storage_rules" name="test_rule[[OP-041]unstaked][account][STATICCALL_undeployed_contract][drop-]" time="0.373" /><testcase classname="tests.single.bundle.test_storage_rules" name="test_rule[[OP-041]unstaked][account][STATICCALL_undeployed_contract][drop-CALL:&gt;]" time="0.499" /><testcase classname="tests.single.bundle.test_storage_rules" name="test_rule[[OP-041]unstaked][account][STATICCALL_undeployed_contract][drop-DELEGATECALL:&gt;]" time="0.590" /><testcase classname="tests.single.bundle.test_storage_rules" name="test_rule[[OP-062]unstaked][account][CALL_undeployed_contract_allowed_precompile][ok-]" time="0.402" /><testcase classname="tests.single.bundle.test_storage_rules" name="test_rule[[OP-062]unstaked][account][CALL_undeployed_contract_allowed_precompile][ok-CALL:&gt;]" time="0.562" /><testcase classname="tests.single.bundle.test_storage_rules" name="test_rule[[OP-062]unstaked][account][CALL_undeployed_contract_allowed_precompile][ok-DELEGATECALL:&gt;]" time="0.653" /><testcase classname="tests.single.eip7702.test_eip7702_tuple_userop" name="test_send_eip_7702_tx" time="0.129"><failure message="AttributeError: expected result object, got:&#10;Error(code=-32500, message='FailedOp(0,&quot;AA20 account not deployed&quot;)', data=None, id=670)">tests/utils.py:199: in assert_ok
    assert response.result
E   AttributeError: 'Error' object has no attribute 'result'

The above exception was the direct cause of the following exception:
tests/single/eip7702/test_eip7702_tuple_userop.py:36: in test_send_eip_7702_tx
    assert_ok(response)
tests/utils.py:201: in assert_ok
    raise AttributeError(f"expected result object, got:\n{response}") from exc
E   AttributeError: expected result object, got:
E   Error(code=-32500, message='FailedOp(0,"AA20 account not deployed")', data=None, id=670)</failure><system-out>--------------------------------- Captured Log ---------------------------------

--------------------------------- Captured Out ---------------------------------

</system-out><system-err>--------------------------------- Captured Err ---------------------------------

</system-err></testcase><testcase classname="tests.single.eip7702.test_eip7702_tuple_userop" name="test_send_eip_7702_tx_with_initcode" time="0.073"><failure message="AttributeError: expected result object, got:&#10;Error(code=-32602, message='invalid factory', data=None, id=672)">tests/utils.py:199: in assert_ok
    assert response.result
E   AttributeError: 'Error' object has no attribute 'result'

The above exception was the direct cause of the following exception:
tests/single/eip7702/test_eip7702_tuple_userop.py:85: in test_send_eip_7702_tx_with_initcode
    assert_ok(response)
tests/utils.py:201: in assert_ok
    raise AttributeError(f"expected result object, got:\n{response}") from exc
E   AttributeError: expected result object, got:
E   Error(code=-32602, message='invalid factory', data=None, id=672)</failure><system-out>--------------------------------- Captured Log ---------------------------------

--------------------------------- Captured Out ---------------------------------

</system-out><system-err>--------------------------------- Captured Err ---------------------------------

</system-err></testcase><testcase classname="tests.single.eip7702.test_eip7702_tuple_userop" name="test_send_eip_7702_tx_with_flag_no_initcode" time="0.072"><failure message="AttributeError: expected result object, got:&#10;Error(code=-32602, message='invalid factory', data=None, id=674)">tests/utils.py:199: in assert_ok
    assert response.result
E   AttributeError: 'Error' object has no attribute 'result'

The above exception was the direct cause of the following exception:
tests/single/eip7702/test_eip7702_tuple_userop.py:127: in test_send_eip_7702_tx_with_flag_no_initcode
    assert_ok(response)
tests/utils.py:201: in assert_ok
    raise AttributeError(f"expected result object, got:\n{response}") from exc
E   AttributeError: expected result object, got:
E   Error(code=-32602, message='invalid factory', data=None, id=674)</failure><system-out>--------------------------------- Captured Log ---------------------------------

--------------------------------- Captured Out ---------------------------------

</system-out><system-err>--------------------------------- Captured Err ---------------------------------

</system-err></testcase><testcase classname="tests.single.eip7702.test_eip7702_tuple_userop" name="test_send_post_eip_7702_tx[0]" time="0.127"><failure message="AttributeError: expected result object, got:&#10;Error(code=-32500, message='FailedOp(0,&quot;AA20 account not deployed&quot;)', data=None, id=676)">tests/utils.py:199: in assert_ok
    assert response.result
E   AttributeError: 'Error' object has no attribute 'result'

The above exception was the direct cause of the following exception:
tests/single/eip7702/test_eip7702_tuple_userop.py:156: in test_send_post_eip_7702_tx
    assert_ok(response)
tests/utils.py:201: in assert_ok
    raise AttributeError(f"expected result object, got:\n{response}") from exc
E   AttributeError: expected result object, got:
E   Error(code=-32500, message='FailedOp(0,"AA20 account not deployed")', data=None, id=676)</failure><system-out>--------------------------------- Captured Log ---------------------------------

--------------------------------- Captured Out ---------------------------------

</system-out><system-err>--------------------------------- Captured Err ---------------------------------

</system-err></testcase><testcase classname="tests.single.eip7702.test_eip7702_tuple_userop" name="test_send_post_eip_7702_tx[1337]" time="0.132"><failure message="AttributeError: expected result object, got:&#10;Error(code=-32500, message='FailedOp(0,&quot;AA20 account not deployed&quot;)', data=None, id=678)">tests/utils.py:199: in assert_ok
    assert response.result
E   AttributeError: 'Error' object has no attribute 'result'

The above exception was the direct cause of the following exception:
tests/single/eip7702/test_eip7702_tuple_userop.py:156: in test_send_post_eip_7702_tx
    assert_ok(response)
tests/utils.py:201: in assert_ok
    raise AttributeError(f"expected result object, got:\n{response}") from exc
E   AttributeError: expected result object, got:
E   Error(code=-32500, message='FailedOp(0,"AA20 account not deployed")', data=None, id=678)</failure><system-out>--------------------------------- Captured Log ---------------------------------

--------------------------------- Captured Out ---------------------------------

</system-out><system-err>--------------------------------- Captured Err ---------------------------------

</system-err></testcase><testcase classname="tests.single.eip7702.test_eip7702_tuple_userop" name="test_send_bad_eip_7702_drop_userop" time="0.129" /><testcase classname="tests.single.eip7702.test_eip7702_tuple_userop" name="test_send_nonsender_eip_7702_drop_userop" time="0.183"><failure message="AttributeError: expected error object, got:&#10;Ok(result='0xdacac1391c87bf49419ee7897a1ace48baf234ef84aaf52edd88690b87fbbc06', id=682)">tests/utils.py:206: in assert_rpc_error
    assert response.code == code
E   AttributeError: 'Ok' object has no attribute 'code'

The above exception was the direct cause of the following exception:
tests/single/eip7702/test_eip7702_tuple_userop.py:223: in test_send_nonsender_eip_7702_drop_userop
    assert_rpc_error(userop.send(), "sender", RPCErrorCode.INVALID_FIELDS)
tests/utils.py:211: in assert_rpc_error
    raise AttributeError(f"expected error object, got:\n{response}") from exc
E   AttributeError: expected error object, got:
E   Ok(result='0xdacac1391c87bf49419ee7897a1ace48baf234ef84aaf52edd88690b87fbbc06', id=682)</failure><system-out>--------------------------------- Captured Log ---------------------------------

--------------------------------- Captured Out ---------------------------------

</system-out><system-err>--------------------------------- Captured Err ---------------------------------

</system-err></testcase><testcase classname="tests.single.eip7702.test_eip7702_tuple_userop" name="test_send_wrongchain_eip_7702_drop_userop" time="0.126"><failure message="AttributeError: expected result object, got:&#10;Error(code=-32500, message='FailedOp(0,&quot;AA20 account not deployed&quot;)', data=None, id=684)">tests/utils.py:199: in assert_ok
    assert response.result
E   AttributeError: 'Error' object has no attribute 'result'

The above exception was the direct cause of the following exception:
tests/single/eip7702/test_eip7702_tuple_userop.py:244: in test_send_wrongchain_eip_7702_drop_userop
    assert_ok(userop.send())
tests/utils.py:201: in assert_ok
    raise AttributeError(f"expected result object, got:\n{response}") from exc
E   AttributeError: expected result object, got:
E   Error(code=-32500, message='FailedOp(0,"AA20 account not deployed")', data=None, id=684)</failure><system-out>--------------------------------- Captured Log ---------------------------------

--------------------------------- Captured Out ---------------------------------

</system-out><system-err>--------------------------------- Captured Err ---------------------------------

</system-err></testcase><testcase classname="tests.single.opbanning.test_create" name="test_account_no_factory[CREATE]" time="0.342" /><testcase classname="tests.single.opbanning.test_create" name="test_account_no_factory[CREATE2]" time="0.343" /><testcase classname="tests.single.opbanning.test_create" name="test_paymaster_banned_create[CREATE]" time="0.397" /><testcase classname="tests.single.opbanning.test_create" name="test_paymaster_banned_create[CREATE2]" time="0.414" /><testcase classname="tests.single.opbanning.test_create" name="test_account_create2_once" time="0.290" /><testcase classname="tests.single.opbanning.test_create" name="test_account_create_with_factory[factory=unstaked,op=CREATE,expect=ok,rule=OP-032]" time="0.293"><failure message="AttributeError: expected result object, got:&#10;Error(code=-32502, message='factory uses banned opcode: CREATE', data=None, id=696)">tests/utils.py:199: in assert_ok
    assert response.result
E   AttributeError: 'Error' object has no attribute 'result'

The above exception was the direct cause of the following exception:
tests/single/opbanning/test_create.py:136: in test_account_create_with_factory
    assert_ok(response)
tests/utils.py:201: in assert_ok
    raise AttributeError(f"expected result object, got:\n{response}") from exc
E   AttributeError: expected result object, got:
E   Error(code=-32502, message='factory uses banned opcode: CREATE', data=None, id=696)</failure><system-out>--------------------------------- Captured Log ---------------------------------

--------------------------------- Captured Out ---------------------------------

</system-out><system-err>--------------------------------- Captured Err ---------------------------------

</system-err></testcase><testcase classname="tests.single.opbanning.test_create" name="test_account_create_with_factory[factory=unstaked,op=CREATE2,expect=err,rule=OP-032]" time="0.397"><failure message="AssertionError: assert 'account uses banned opcode: create2' in 'factory uses banned opcode: create'&#10; +  where 'account uses banned opcode: create2' = &lt;built-in method lower of str object at 0x7ff25a676130&gt;()&#10; +    where &lt;built-in method lower of str object at 0x7ff25a676130&gt; = 'account uses banned opcode: CREATE2'.lower&#10; +  and   'factory uses banned opcode: create' = &lt;built-in method lower of str object at 0x7ff25a27fab0&gt;()&#10; +    where &lt;built-in method lower of str object at 0x7ff25a27fab0&gt; = 'factory uses banned opcode: CREATE'.lower&#10; +      where 'factory uses banned opcode: CREATE' = Error(code=-32502, message='factory uses banned opcode: CREATE', data=None, id=698).message">tests/single/opbanning/test_create.py:138: in test_account_create_with_factory
    assert_rpc_error(
tests/utils.py:207: in assert_rpc_error
    assert message.lower() in response.message.lower()
E   AssertionError: assert 'account uses banned opcode: create2' in 'factory uses banned opcode: create'
E    +  where 'account uses banned opcode: create2' = &lt;built-in method lower of str object at 0x7ff25a676130&gt;()
E    +    where &lt;built-in method lower of str object at 0x7ff25a676130&gt; = 'account uses banned opcode: CREATE2'.lower
E    +  and   'factory uses banned opcode: create' = &lt;built-in method lower of str object at 0x7ff25a27fab0&gt;()
E    +    where &lt;built-in method lower of str object at 0x7ff25a27fab0&gt; = 'factory uses banned opcode: CREATE'.lower
E    +      where 'factory uses banned opcode: CREATE' = Error(code=-32502, message='factory uses banned opcode: CREATE', data=None, id=698).message</failure><system-out>--------------------------------- Captured Log ---------------------------------

--------------------------------- Captured Out ---------------------------------

</system-out><system-err>--------------------------------- Captured Err ---------------------------------

</system-err></testcase><testcase classname="tests.single.opbanning.test_create" name="test_account_create_with_factory[factory=staked,op=CREATE,expect=ok,rule=EREP-060]" time="0.422"><failure message="AttributeError: expected result object, got:&#10;Error(code=-32502, message='factory uses banned opcode: CREATE', data=None, id=700)">tests/utils.py:199: in assert_ok
    assert response.result
E   AttributeError: 'Error' object has no attribute 'result'

The above exception was the direct cause of the following exception:
tests/single/opbanning/test_create.py:136: in test_account_create_with_factory
    assert_ok(response)
tests/utils.py:201: in assert_ok
    raise AttributeError(f"expected result object, got:\n{response}") from exc
E   AttributeError: expected result object, got:
E   Error(code=-32502, message='factory uses banned opcode: CREATE', data=None, id=700)</failure><system-out>--------------------------------- Captured Log ---------------------------------

--------------------------------- Captured Out ---------------------------------

</system-out><system-err>--------------------------------- Captured Err ---------------------------------

</system-err></testcase><testcase classname="tests.single.opbanning.test_create" name="test_account_create_with_factory[factory=staked,op=nested-CREATE,expect=err,rule=EREP-060]" time="0.322"><failure message="AssertionError: assert 'account uses banned opcode: create' in 'factory uses banned opcode: create'&#10; +  where 'account uses banned opcode: create' = &lt;built-in method lower of str object at 0x7ff25a27fb10&gt;()&#10; +    where &lt;built-in method lower of str object at 0x7ff25a27fb10&gt; = 'account uses banned opcode: CREATE'.lower&#10; +  and   'factory uses banned opcode: create' = &lt;built-in method lower of str object at 0x7ff25a27ef10&gt;()&#10; +    where &lt;built-in method lower of str object at 0x7ff25a27ef10&gt; = 'factory uses banned opcode: CREATE'.lower&#10; +      where 'factory uses banned opcode: CREATE' = Error(code=-32502, message='factory uses banned opcode: CREATE', data=None, id=702).message">tests/single/opbanning/test_create.py:138: in test_account_create_with_factory
    assert_rpc_error(
tests/utils.py:207: in assert_rpc_error
    assert message.lower() in response.message.lower()
E   AssertionError: assert 'account uses banned opcode: create' in 'factory uses banned opcode: create'
E    +  where 'account uses banned opcode: create' = &lt;built-in method lower of str object at 0x7ff25a27fb10&gt;()
E    +    where &lt;built-in method lower of str object at 0x7ff25a27fb10&gt; = 'account uses banned opcode: CREATE'.lower
E    +  and   'factory uses banned opcode: create' = &lt;built-in method lower of str object at 0x7ff25a27ef10&gt;()
E    +    where &lt;built-in method lower of str object at 0x7ff25a27ef10&gt; = 'factory uses banned opcode: CREATE'.lower
E    +      where 'factory uses banned opcode: CREATE' = Error(code=-32502, message='factory uses banned opcode: CREATE', data=None, id=702).message</failure><system-out>--------------------------------- Captured Log ---------------------------------

--------------------------------- Captured Out ---------------------------------

</system-out><system-err>--------------------------------- Captured Err ---------------------------------

</system-err></testcase><testcase classname="tests.single.opbanning.test_create" name="test_account_create_with_factory[factory=staked,op=nested-CREATE2,expect=err,rule=EREP-060]" time="0.423"><failure message="AssertionError: assert 'account uses banned opcode: create2' in 'factory uses banned opcode: create'&#10; +  where 'account uses banned opcode: create2' = &lt;built-in method lower of str object at 0x7ff25a27fb10&gt;()&#10; +    where &lt;built-in method lower of str object at 0x7ff25a27fb10&gt; = 'account uses banned opcode: CREATE2'.lower&#10; +  and   'factory uses banned opcode: create' = &lt;built-in method lower of str object at 0x7ff25a27ef10&gt;()&#10; +    where &lt;built-in method lower of str object at 0x7ff25a27ef10&gt; = 'factory uses banned opcode: CREATE'.lower&#10; +      where 'factory uses banned opcode: CREATE' = Error(code=-32502, message='factory uses banned opcode: CREATE', data=None, id=704).message">tests/single/opbanning/test_create.py:138: in test_account_create_with_factory
    assert_rpc_error(
tests/utils.py:207: in assert_rpc_error
    assert message.lower() in response.message.lower()
E   AssertionError: assert 'account uses banned opcode: create2' in 'factory uses banned opcode: create'
E    +  where 'account uses banned opcode: create2' = &lt;built-in method lower of str object at 0x7ff25a27fb10&gt;()
E    +    where &lt;built-in method lower of str object at 0x7ff25a27fb10&gt; = 'account uses banned opcode: CREATE2'.lower
E    +  and   'factory uses banned opcode: create' = &lt;built-in method lower of str object at 0x7ff25a27ef10&gt;()
E    +    where &lt;built-in method lower of str object at 0x7ff25a27ef10&gt; = 'factory uses banned opcode: CREATE'.lower
E    +      where 'factory uses banned opcode: CREATE' = Error(code=-32502, message='factory uses banned opcode: CREATE', data=None, id=704).message</failure><system-out>--------------------------------- Captured Log ---------------------------------

--------------------------------- Captured Out ---------------------------------

</system-out><system-err>--------------------------------- Captured Err ---------------------------------

</system-err></testcase><testcase classname="tests.single.opbanning.test_create" name="test_account_create_with_factory[factory=staked,op=CREATE2,expect=ok,rule=EREP-060]" time="0.421"><failure message="AttributeError: expected result object, got:&#10;Error(code=-32502, message='factory uses banned opcode: CREATE', data=None, id=706)">tests/utils.py:199: in assert_ok
    assert response.result
E   AttributeError: 'Error' object has no attribute 'result'

The above exception was the direct cause of the following exception:
tests/single/opbanning/test_create.py:136: in test_account_create_with_factory
    assert_ok(response)
tests/utils.py:201: in assert_ok
    raise AttributeError(f"expected result object, got:\n{response}") from exc
E   AttributeError: expected result object, got:
E   Error(code=-32502, message='factory uses banned opcode: CREATE', data=None, id=706)</failure><system-out>--------------------------------- Captured Log ---------------------------------

--------------------------------- Captured Out ---------------------------------

</system-out><system-err>--------------------------------- Captured Err ---------------------------------

</system-err></testcase><testcase classname="tests.single.opbanning.test_op_banning" name="test_account_banned_opcode[GAS-]" time="0.219" /><testcase classname="tests.single.opbanning.test_op_banning" name="test_account_banned_opcode[GAS-CALL:&gt;]" time="0.357" /><testcase classname="tests.single.opbanning.test_op_banning" name="test_account_banned_opcode[GAS-DELEGATECALL:&gt;]" time="0.479" /><testcase classname="tests.single.opbanning.test_op_banning" name="test_account_banned_opcode[NUMBER-]" time="0.221" /><testcase classname="tests.single.opbanning.test_op_banning" name="test_account_banned_opcode[NUMBER-CALL:&gt;]" time="0.471" /><testcase classname="tests.single.opbanning.test_op_banning" name="test_account_banned_opcode[NUMBER-DELEGATECALL:&gt;]" time="0.483" /><testcase classname="tests.single.opbanning.test_op_banning" name="test_account_banned_opcode[TIMESTAMP-]" time="0.220" /><testcase classname="tests.single.opbanning.test_op_banning" name="test_account_banned_opcode[TIMESTAMP-CALL:&gt;]" time="0.513" /><testcase classname="tests.single.opbanning.test_op_banning" name="test_account_banned_opcode[TIMESTAMP-DELEGATECALL:&gt;]" time="0.396" /><testcase classname="tests.single.opbanning.test_op_banning" name="test_account_banned_opcode[COINBASE-]" time="0.323" /><testcase classname="tests.single.opbanning.test_op_banning" name="test_account_banned_opcode[COINBASE-CALL:&gt;]" time="0.374" /><testcase classname="tests.single.opbanning.test_op_banning" name="test_account_banned_opcode[COINBASE-DELEGATECALL:&gt;]" time="0.495" /><testcase classname="tests.single.opbanning.test_op_banning" name="test_account_banned_opcode[DIFFICULTY-]" time="0.222" /><testcase classname="tests.single.opbanning.test_op_banning" name="test_account_banned_opcode[DIFFICULTY-CALL:&gt;]" time="0.375" /><testcase classname="tests.single.opbanning.test_op_banning" name="test_account_banned_opcode[DIFFICULTY-DELEGATECALL:&gt;]" time="0.399" /><testcase classname="tests.single.opbanning.test_op_banning" name="test_account_banned_opcode[BASEFEE-]" time="0.330" /><testcase classname="tests.single.opbanning.test_op_banning" name="test_account_banned_opcode[BASEFEE-CALL:&gt;]" time="0.474" /><testcase classname="tests.single.opbanning.test_op_banning" name="test_account_banned_opcode[BASEFEE-DELEGATECALL:&gt;]" time="0.392" /><testcase classname="tests.single.opbanning.test_op_banning" name="test_account_banned_opcode[GASLIMIT-]" time="0.330" /><testcase classname="tests.single.opbanning.test_op_banning" name="test_account_banned_opcode[GASLIMIT-CALL:&gt;]" time="0.380" /><testcase classname="tests.single.opbanning.test_op_banning" name="test_account_banned_opcode[GASLIMIT-DELEGATECALL:&gt;]" time="0.504" /><testcase classname="tests.single.opbanning.test_op_banning" name="test_account_banned_opcode[GASPRICE-]" time="0.228" /><testcase classname="tests.single.opbanning.test_op_banning" name="test_account_banned_opcode[GASPRICE-CALL:&gt;]" time="0.478" /><testcase classname="tests.single.opbanning.test_op_banning" name="test_account_banned_opcode[GASPRICE-DELEGATECALL:&gt;]" time="0.399" /><testcase classname="tests.single.opbanning.test_op_banning" name="test_account_banned_opcode[SELFBALANCE-]" time="0.245" /><testcase classname="tests.single.opbanning.test_op_banning" name="test_account_banned_opcode[SELFBALANCE-CALL:&gt;]" time="0.517" /><testcase classname="tests.single.opbanning.test_op_banning" name="test_account_banned_opcode[SELFBALANCE-DELEGATECALL:&gt;]" time="0.530" /><testcase classname="tests.single.opbanning.test_op_banning" name="test_account_banned_opcode[BALANCE-]" time="0.329" /><testcase classname="tests.single.opbanning.test_op_banning" name="test_account_banned_opcode[BALANCE-CALL:&gt;]" time="0.482" /><testcase classname="tests.single.opbanning.test_op_banning" name="test_account_banned_opcode[BALANCE-DELEGATECALL:&gt;]" time="0.396" /><testcase classname="tests.single.opbanning.test_op_banning" name="test_account_banned_opcode[ORIGIN-]" time="0.229" /><testcase classname="tests.single.opbanning.test_op_banning" name="test_account_banned_opcode[ORIGIN-CALL:&gt;]" time="0.369" /><testcase classname="tests.single.opbanning.test_op_banning" name="test_account_banned_opcode[ORIGIN-DELEGATECALL:&gt;]" time="0.496" /><testcase classname="tests.single.opbanning.test_op_banning" name="test_account_banned_opcode[BLOCKHASH-]" time="0.331" /><testcase classname="tests.single.opbanning.test_op_banning" name="test_account_banned_opcode[BLOCKHASH-CALL:&gt;]" time="0.494" /><testcase classname="tests.single.opbanning.test_op_banning" name="test_account_banned_opcode[BLOCKHASH-DELEGATECALL:&gt;]" time="0.511" /><testcase classname="tests.single.opbanning.test_op_banning" name="test_account_banned_opcode[CREATE-]" time="0.345" /><testcase classname="tests.single.opbanning.test_op_banning" name="test_account_banned_opcode[CREATE-CALL:&gt;]" time="0.394" /><testcase classname="tests.single.opbanning.test_op_banning" name="test_account_banned_opcode[CREATE-DELEGATECALL:&gt;]" time="0.511" /><testcase classname="tests.single.opbanning.test_op_banning" name="test_account_banned_opcode[CREATE2-]" time="0.249" /><testcase classname="tests.single.opbanning.test_op_banning" name="test_account_banned_opcode[CREATE2-CALL:&gt;]" time="0.493" /><testcase classname="tests.single.opbanning.test_op_banning" name="test_account_banned_opcode[CREATE2-DELEGATECALL:&gt;]" time="0.413" /><testcase classname="tests.single.opbanning.test_op_banning" name="test_account_banned_opcode[SELFDESTRUCT-]" time="0.345" /><testcase classname="tests.single.opbanning.test_op_banning" name="test_account_banned_opcode[SELFDESTRUCT-CALL:&gt;]" time="0.507" /><testcase classname="tests.single.opbanning.test_op_banning" name="test_account_banned_opcode[SELFDESTRUCT-DELEGATECALL:&gt;]" time="0.526" /><testcase classname="tests.single.opbanning.test_op_banning" name="test_account_banned_opcode[BLOBHASH-]" time="0.253"><failure message="AttributeError: expected error object, got:&#10;Ok(result='0xd30b2a66dee5cdebfc5f9bf090330f9095fb56de1b71b89f93c265f032937886', id=798)">tests/utils.py:206: in assert_rpc_error
    assert response.code == code
E   AttributeError: 'Ok' object has no attribute 'code'

The above exception was the direct cause of the following exception:
tests/single/opbanning/test_op_banning.py:55: in test_account_banned_opcode
    assert_rpc_error(
tests/utils.py:211: in assert_rpc_error
    raise AttributeError(f"expected error object, got:\n{response}") from exc
E   AttributeError: expected error object, got:
E   Ok(result='0xd30b2a66dee5cdebfc5f9bf090330f9095fb56de1b71b89f93c265f032937886', id=798)</failure><system-out>--------------------------------- Captured Log ---------------------------------

--------------------------------- Captured Out ---------------------------------

</system-out><system-err>--------------------------------- Captured Err ---------------------------------

</system-err></testcase><testcase classname="tests.single.opbanning.test_op_banning" name="test_account_banned_opcode[BLOBHASH-CALL:&gt;]" time="0.513"><failure message="AttributeError: expected error object, got:&#10;Ok(result='0xb163a8985a779ee92038874b8bbfff2c7713a25a577752cd07467c58039eb673', id=800)">tests/utils.py:206: in assert_rpc_error
    assert response.code == code
E   AttributeError: 'Ok' object has no attribute 'code'

The above exception was the direct cause of the following exception:
tests/single/opbanning/test_op_banning.py:55: in test_account_banned_opcode
    assert_rpc_error(
tests/utils.py:211: in assert_rpc_error
    raise AttributeError(f"expected error object, got:\n{response}") from exc
E   AttributeError: expected error object, got:
E   Ok(result='0xb163a8985a779ee92038874b8bbfff2c7713a25a577752cd07467c58039eb673', id=800)</failure><system-out>--------------------------------- Captured Log ---------------------------------

--------------------------------- Captured Out ---------------------------------

</system-out><system-err>--------------------------------- Captured Err ---------------------------------

</system-err></testcase><testcase classname="tests.single.opbanning.test_op_banning" name="test_account_banned_opcode[BLOBHASH-DELEGATECALL:&gt;]" time="0.526"><failure message="AttributeError: expected error object, got:&#10;Ok(result='0xd6d41ea127251b1ac111bc64947fc81ab43589f6863c8e74970818404c911cc4', id=802)">tests/utils.py:206: in assert_rpc_error
    assert response.code == code
E   AttributeError: 'Ok' object has no attribute 'code'

The above exception was the direct cause of the following exception:
tests/single/opbanning/test_op_banning.py:55: in test_account_banned_opcode
    assert_rpc_error(
tests/utils.py:211: in assert_rpc_error
    raise AttributeError(f"expected error object, got:\n{response}") from exc
E   AttributeError: expected error object, got:
E   Ok(result='0xd6d41ea127251b1ac111bc64947fc81ab43589f6863c8e74970818404c911cc4', id=802)</failure><system-out>--------------------------------- Captured Log ---------------------------------

--------------------------------- Captured Out ---------------------------------

</system-out><system-err>--------------------------------- Captured Err ---------------------------------

</system-err></testcase><testcase classname="tests.single.opbanning.test_op_banning" name="test_account_banned_opcode[BLOBBASEFEE-]" time="0.359"><failure message="AttributeError: expected error object, got:&#10;Ok(result='0xf96e19b676406ded33219029612e2cff0e22ed8bdf4c7ab1cafc59f041aa0388', id=804)">tests/utils.py:206: in assert_rpc_error
    assert response.code == code
E   AttributeError: 'Ok' object has no attribute 'code'

The above exception was the direct cause of the following exception:
tests/single/opbanning/test_op_banning.py:55: in test_account_banned_opcode
    assert_rpc_error(
tests/utils.py:211: in assert_rpc_error
    raise AttributeError(f"expected error object, got:\n{response}") from exc
E   AttributeError: expected error object, got:
E   Ok(result='0xf96e19b676406ded33219029612e2cff0e22ed8bdf4c7ab1cafc59f041aa0388', id=804)</failure><system-out>--------------------------------- Captured Log ---------------------------------

--------------------------------- Captured Out ---------------------------------

</system-out><system-err>--------------------------------- Captured Err ---------------------------------

</system-err></testcase><testcase classname="tests.single.opbanning.test_op_banning" name="test_account_banned_opcode[BLOBBASEFEE-CALL:&gt;]" time="0.516"><failure message="AttributeError: expected error object, got:&#10;Ok(result='0x8bf33cf8f399de55625b174bccdba3e36a669aad81db396623f10822ad67a6ce', id=806)">tests/utils.py:206: in assert_rpc_error
    assert response.code == code
E   AttributeError: 'Ok' object has no attribute 'code'

The above exception was the direct cause of the following exception:
tests/single/opbanning/test_op_banning.py:55: in test_account_banned_opcode
    assert_rpc_error(
tests/utils.py:211: in assert_rpc_error
    raise AttributeError(f"expected error object, got:\n{response}") from exc
E   AttributeError: expected error object, got:
E   Ok(result='0x8bf33cf8f399de55625b174bccdba3e36a669aad81db396623f10822ad67a6ce', id=806)</failure><system-out>--------------------------------- Captured Log ---------------------------------

--------------------------------- Captured Out ---------------------------------

</system-out><system-err>--------------------------------- Captured Err ---------------------------------

</system-err></testcase><testcase classname="tests.single.opbanning.test_op_banning" name="test_account_banned_opcode[BLOBBASEFEE-DELEGATECALL:&gt;]" time="0.535"><failure message="AttributeError: expected error object, got:&#10;Ok(result='0x0e322d224668abc491d480dd79f3a530506562c916adac5a595d344bed986d22', id=808)">tests/utils.py:206: in assert_rpc_error
    assert response.code == code
E   AttributeError: 'Ok' object has no attribute 'code'

The above exception was the direct cause of the following exception:
tests/single/opbanning/test_op_banning.py:55: in test_account_banned_opcode
    assert_rpc_error(
tests/utils.py:211: in assert_rpc_error
    raise AttributeError(f"expected error object, got:\n{response}") from exc
E   AttributeError: expected error object, got:
E   Ok(result='0x0e322d224668abc491d480dd79f3a530506562c916adac5a595d344bed986d22', id=808)</failure><system-out>--------------------------------- Captured Log ---------------------------------

--------------------------------- Captured Out ---------------------------------

</system-out><system-err>--------------------------------- Captured Err ---------------------------------

</system-err></testcase><testcase classname="tests.single.opbanning.test_op_banning" name="test_account_allowed_opcode_when_staked[BALANCE-]" time="0.369" /><testcase classname="tests.single.opbanning.test_op_banning" name="test_account_allowed_opcode_when_staked[BALANCE-CALL:&gt;]" time="0.411" /><testcase classname="tests.single.opbanning.test_op_banning" name="test_account_allowed_opcode_when_staked[BALANCE-DELEGATECALL:&gt;]" time="0.436" /><testcase classname="tests.single.opbanning.test_op_banning" name="test_account_allowed_opcode_when_staked[SELFBALANCE-]" time="0.381" /><testcase classname="tests.single.opbanning.test_op_banning" name="test_account_allowed_opcode_when_staked[SELFBALANCE-CALL:&gt;]" time="0.442" /><testcase classname="tests.single.opbanning.test_op_banning" name="test_account_allowed_opcode_when_staked[SELFBALANCE-DELEGATECALL:&gt;]" time="0.569" /><testcase classname="tests.single.opbanning.test_op_banning" name="test_account_allowed_opcode_sequence[GAS CALL-]" time="0.386" /><testcase classname="tests.single.opbanning.test_op_banning" name="test_account_allowed_opcode_sequence[GAS CALL-CALL:&gt;]" time="0.433" /><testcase classname="tests.single.opbanning.test_op_banning" name="test_account_allowed_opcode_sequence[GAS CALL-DELEGATECALL:&gt;]" time="0.451" /><testcase classname="tests.single.opbanning.test_op_banning" name="test_account_allowed_opcode_sequence[GAS DELEGATECALL-]" time="0.285" /><testcase classname="tests.single.opbanning.test_op_banning" name="test_account_allowed_opcode_sequence[GAS DELEGATECALL-CALL:&gt;]" time="0.564" /><testcase classname="tests.single.opbanning.test_op_banning" name="test_account_allowed_opcode_sequence[GAS DELEGATECALL-DELEGATECALL:&gt;]" time="0.479" /><testcase classname="tests.single.opbanning.test_op_banning" name="test_paymaster_banned_opcode[GAS-]" time="0.372" /><testcase classname="tests.single.opbanning.test_op_banning" name="test_paymaster_banned_opcode[GAS-CALL:&gt;]" time="0.540" /><testcase classname="tests.single.opbanning.test_op_banning" name="test_paymaster_banned_opcode[GAS-DELEGATECALL:&gt;]" time="0.620" /><testcase classname="tests.single.opbanning.test_op_banning" name="test_paymaster_banned_opcode[NUMBER-]" time="0.377" /><testcase classname="tests.single.opbanning.test_op_banning" name="test_paymaster_banned_opcode[NUMBER-CALL:&gt;]" time="0.570" /><testcase classname="tests.single.opbanning.test_op_banning" name="test_paymaster_banned_opcode[NUMBER-DELEGATECALL:&gt;]" time="0.660" /><testcase classname="tests.single.opbanning.test_op_banning" name="test_paymaster_banned_opcode[TIMESTAMP-]" time="0.404" /><testcase classname="tests.single.opbanning.test_op_banning" name="test_paymaster_banned_opcode[TIMESTAMP-CALL:&gt;]" time="0.611" /><testcase classname="tests.single.opbanning.test_op_banning" name="test_paymaster_banned_opcode[TIMESTAMP-DELEGATECALL:&gt;]" time="0.692" /><testcase classname="tests.single.opbanning.test_op_banning" name="test_paymaster_banned_opcode[COINBASE-]" time="0.422" /><testcase classname="tests.single.opbanning.test_op_banning" name="test_paymaster_banned_opcode[COINBASE-CALL:&gt;]" time="0.593" /><testcase classname="tests.single.opbanning.test_op_banning" name="test_paymaster_banned_opcode[COINBASE-DELEGATECALL:&gt;]" time="0.681" /><testcase classname="tests.single.opbanning.test_op_banning" name="test_paymaster_banned_opcode[DIFFICULTY-]" time="0.412" /><testcase classname="tests.single.opbanning.test_op_banning" name="test_paymaster_banned_opcode[DIFFICULTY-CALL:&gt;]" time="0.527" /><testcase classname="tests.single.opbanning.test_op_banning" name="test_paymaster_banned_opcode[DIFFICULTY-DELEGATECALL:&gt;]" time="0.697" /><testcase classname="tests.single.opbanning.test_op_banning" name="test_paymaster_banned_opcode[BASEFEE-]" time="0.396" /><testcase classname="tests.single.opbanning.test_op_banning" name="test_paymaster_banned_opcode[BASEFEE-CALL:&gt;]" time="0.586" /><testcase classname="tests.single.opbanning.test_op_banning" name="test_paymaster_banned_opcode[BASEFEE-DELEGATECALL:&gt;]" time="0.670" /><testcase classname="tests.single.opbanning.test_op_banning" name="test_paymaster_banned_opcode[GASLIMIT-]" time="0.300" /><testcase classname="tests.single.opbanning.test_op_banning" name="test_paymaster_banned_opcode[GASLIMIT-CALL:&gt;]" time="0.606" /><testcase classname="tests.single.opbanning.test_op_banning" name="test_paymaster_banned_opcode[GASLIMIT-DELEGATECALL:&gt;]" time="0.581" /><testcase classname="tests.single.opbanning.test_op_banning" name="test_paymaster_banned_opcode[GASPRICE-]" time="0.298" /><testcase classname="tests.single.opbanning.test_op_banning" name="test_paymaster_banned_opcode[GASPRICE-CALL:&gt;]" time="0.606" /><testcase classname="tests.single.opbanning.test_op_banning" name="test_paymaster_banned_opcode[GASPRICE-DELEGATECALL:&gt;]" time="0.691" /><testcase classname="tests.single.opbanning.test_op_banning" name="test_paymaster_banned_opcode[SELFBALANCE-]" time="0.456" /><testcase classname="tests.single.opbanning.test_op_banning" name="test_paymaster_banned_opcode[SELFBALANCE-CALL:&gt;]" time="0.684" /><testcase classname="tests.single.opbanning.test_op_banning" name="test_paymaster_banned_opcode[SELFBALANCE-DELEGATECALL:&gt;]" time="0.746" /><testcase classname="tests.single.opbanning.test_op_banning" name="test_paymaster_banned_opcode[BALANCE-]" time="0.399" /><testcase classname="tests.single.opbanning.test_op_banning" name="test_paymaster_banned_opcode[BALANCE-CALL:&gt;]" time="0.602" /><testcase classname="tests.single.opbanning.test_op_banning" name="test_paymaster_banned_opcode[BALANCE-DELEGATECALL:&gt;]" time="0.673" /><testcase classname="tests.single.opbanning.test_op_banning" name="test_paymaster_banned_opcode[ORIGIN-]" time="0.391" /><testcase classname="tests.single.opbanning.test_op_banning" name="test_paymaster_banned_opcode[ORIGIN-CALL:&gt;]" time="0.581" /><testcase classname="tests.single.opbanning.test_op_banning" name="test_paymaster_banned_opcode[ORIGIN-DELEGATECALL:&gt;]" time="0.669" /><testcase classname="tests.single.opbanning.test_op_banning" name="test_paymaster_banned_opcode[BLOCKHASH-]" time="0.446" /><testcase classname="tests.single.opbanning.test_op_banning" name="test_paymaster_banned_opcode[BLOCKHASH-CALL:&gt;]" time="0.625" /><testcase classname="tests.single.opbanning.test_op_banning" name="test_paymaster_banned_opcode[BLOCKHASH-DELEGATECALL:&gt;]" time="0.598" /><testcase classname="tests.single.opbanning.test_op_banning" name="test_paymaster_banned_opcode[CREATE-]" time="0.304" /><testcase classname="tests.single.opbanning.test_op_banning" name="test_paymaster_banned_opcode[CREATE-CALL:&gt;]" time="0.591" /><testcase classname="tests.single.opbanning.test_op_banning" name="test_paymaster_banned_opcode[CREATE-DELEGATECALL:&gt;]" time="0.684" /><testcase classname="tests.single.opbanning.test_op_banning" name="test_paymaster_banned_opcode[CREATE2-]" time="0.416" /><testcase classname="tests.single.opbanning.test_op_banning" name="test_paymaster_banned_opcode[CREATE2-CALL:&gt;]" time="0.610" /><testcase classname="tests.single.opbanning.test_op_banning" name="test_paymaster_banned_opcode[CREATE2-DELEGATECALL:&gt;]" time="0.704" /><testcase classname="tests.single.opbanning.test_op_banning" name="test_paymaster_banned_opcode[SELFDESTRUCT-]" time="0.460" /><testcase classname="tests.single.opbanning.test_op_banning" name="test_paymaster_banned_opcode[SELFDESTRUCT-CALL:&gt;]" time="0.692" /><testcase classname="tests.single.opbanning.test_op_banning" name="test_paymaster_banned_opcode[SELFDESTRUCT-DELEGATECALL:&gt;]" time="0.750" /><testcase classname="tests.single.opbanning.test_op_banning" name="test_paymaster_banned_opcode[BLOBHASH-]" time="0.445"><failure message="AttributeError: expected error object, got:&#10;Ok(result='0x654e1376da557cad479d2ae155b41ef1729510e868adb5abcb6431ec4034042f', id=924)">tests/utils.py:206: in assert_rpc_error
    assert response.code == code
E   AttributeError: 'Ok' object has no attribute 'code'

The above exception was the direct cause of the following exception:
tests/single/opbanning/test_op_banning.py:96: in test_paymaster_banned_opcode
    assert_rpc_error(
tests/utils.py:211: in assert_rpc_error
    raise AttributeError(f"expected error object, got:\n{response}") from exc
E   AttributeError: expected error object, got:
E   Ok(result='0x654e1376da557cad479d2ae155b41ef1729510e868adb5abcb6431ec4034042f', id=924)</failure><system-out>--------------------------------- Captured Log ---------------------------------

--------------------------------- Captured Out ---------------------------------

</system-out><system-err>--------------------------------- Captured Err ---------------------------------

</system-err></testcase><testcase classname="tests.single.opbanning.test_op_banning" name="test_paymaster_banned_opcode[BLOBHASH-CALL:&gt;]" time="0.646"><failure message="AttributeError: expected error object, got:&#10;Ok(result='0x0b448acd06b0eaa5c64e13e6d298843727a0dc240d042803f9fb60208b4b0568', id=926)">tests/utils.py:206: in assert_rpc_error
    assert response.code == code
E   AttributeError: 'Ok' object has no attribute 'code'

The above exception was the direct cause of the following exception:
tests/single/opbanning/test_op_banning.py:96: in test_paymaster_banned_opcode
    assert_rpc_error(
tests/utils.py:211: in assert_rpc_error
    raise AttributeError(f"expected error object, got:\n{response}") from exc
E   AttributeError: expected error object, got:
E   Ok(result='0x0b448acd06b0eaa5c64e13e6d298843727a0dc240d042803f9fb60208b4b0568', id=926)</failure><system-out>--------------------------------- Captured Log ---------------------------------

--------------------------------- Captured Out ---------------------------------

</system-out><system-err>--------------------------------- Captured Err ---------------------------------

</system-err></testcase><testcase classname="tests.single.opbanning.test_op_banning" name="test_paymaster_banned_opcode[BLOBHASH-DELEGATECALL:&gt;]" time="0.726"><failure message="AttributeError: expected error object, got:&#10;Ok(result='0x974c534c2b0b939c2facfec5662b456557f03155109f0b9bdc9b6aa3a83214c5', id=928)">tests/utils.py:206: in assert_rpc_error
    assert response.code == code
E   AttributeError: 'Ok' object has no attribute 'code'

The above exception was the direct cause of the following exception:
tests/single/opbanning/test_op_banning.py:96: in test_paymaster_banned_opcode
    assert_rpc_error(
tests/utils.py:211: in assert_rpc_error
    raise AttributeError(f"expected error object, got:\n{response}") from exc
E   AttributeError: expected error object, got:
E   Ok(result='0x974c534c2b0b939c2facfec5662b456557f03155109f0b9bdc9b6aa3a83214c5', id=928)</failure><system-out>--------------------------------- Captured Log ---------------------------------

--------------------------------- Captured Out ---------------------------------

</system-out><system-err>--------------------------------- Captured Err ---------------------------------

</system-err></testcase><testcase classname="tests.single.opbanning.test_op_banning" name="test_paymaster_banned_opcode[BLOBBASEFEE-]" time="0.469"><failure message="AttributeError: expected error object, got:&#10;Ok(result='0x3a7bb7e26586eff348ff42b7a1f97ad44c23ede284ca3a2cb2fc10c35014e938', id=930)">tests/utils.py:206: in assert_rpc_error
    assert response.code == code
E   AttributeError: 'Ok' object has no attribute 'code'

The above exception was the direct cause of the following exception:
tests/single/opbanning/test_op_banning.py:96: in test_paymaster_banned_opcode
    assert_rpc_error(
tests/utils.py:211: in assert_rpc_error
    raise AttributeError(f"expected error object, got:\n{response}") from exc
E   AttributeError: expected error object, got:
E   Ok(result='0x3a7bb7e26586eff348ff42b7a1f97ad44c23ede284ca3a2cb2fc10c35014e938', id=930)</failure><system-out>--------------------------------- Captured Log ---------------------------------

--------------------------------- Captured Out ---------------------------------

</system-out><system-err>--------------------------------- Captured Err ---------------------------------

</system-err></testcase><testcase classname="tests.single.opbanning.test_op_banning" name="test_paymaster_banned_opcode[BLOBBASEFEE-CALL:&gt;]" time="0.578"><failure message="AttributeError: expected error object, got:&#10;Ok(result='0x8d8689908385d696a0b2a94a91f780707e14c02dfae957daa6c23fc31530cff4', id=932)">tests/utils.py:206: in assert_rpc_error
    assert response.code == code
E   AttributeError: 'Ok' object has no attribute 'code'

The above exception was the direct cause of the following exception:
tests/single/opbanning/test_op_banning.py:96: in test_paymaster_banned_opcode
    assert_rpc_error(
tests/utils.py:211: in assert_rpc_error
    raise AttributeError(f"expected error object, got:\n{response}") from exc
E   AttributeError: expected error object, got:
E   Ok(result='0x8d8689908385d696a0b2a94a91f780707e14c02dfae957daa6c23fc31530cff4', id=932)</failure><system-out>--------------------------------- Captured Log ---------------------------------

--------------------------------- Captured Out ---------------------------------

</system-out><system-err>--------------------------------- Captured Err ---------------------------------

</system-err></testcase><testcase classname="tests.single.opbanning.test_op_banning" name="test_paymaster_banned_opcode[BLOBBASEFEE-DELEGATECALL:&gt;]" time="0.652"><failure message="AttributeError: expected error object, got:&#10;Ok(result='0x3a445dcb9dfd13b67489bb544abc48e89281c537b99dba99c38f0c43ecf23264', id=934)">tests/utils.py:206: in assert_rpc_error
    assert response.code == code
E   AttributeError: 'Ok' object has no attribute 'code'

The above exception was the direct cause of the following exception:
tests/single/opbanning/test_op_banning.py:96: in test_paymaster_banned_opcode
    assert_rpc_error(
tests/utils.py:211: in assert_rpc_error
    raise AttributeError(f"expected error object, got:\n{response}") from exc
E   AttributeError: expected error object, got:
E   Ok(result='0x3a445dcb9dfd13b67489bb544abc48e89281c537b99dba99c38f0c43ecf23264', id=934)</failure><system-out>--------------------------------- Captured Log ---------------------------------

--------------------------------- Captured Out ---------------------------------

</system-out><system-err>--------------------------------- Captured Err ---------------------------------

</system-err></testcase><testcase classname="tests.single.opbanning.test_op_banning" name="test_paymaster_allowed_opcode_when_staked[BALANCE]" time="0.440" /><testcase classname="tests.single.opbanning.test_op_banning" name="test_paymaster_allowed_opcode_when_staked[SELFBALANCE]" time="0.490" /><testcase classname="tests.single.opbanning.test_op_banning" name="test_factory_banned_opcode[GAS]" time="0.404" /><testcase classname="tests.single.opbanning.test_op_banning" name="test_factory_banned_opcode[NUMBER]" time="0.361" /><testcase classname="tests.single.opbanning.test_op_banning" name="test_factory_banned_opcode[TIMESTAMP]" time="0.368" /><testcase classname="tests.single.opbanning.test_op_banning" name="test_factory_banned_opcode[COINBASE]" time="0.369" /><testcase classname="tests.single.opbanning.test_op_banning" name="test_factory_banned_opcode[DIFFICULTY]" time="0.370" /><testcase classname="tests.single.opbanning.test_op_banning" name="test_factory_banned_opcode[BASEFEE]" time="0.375" /><testcase classname="tests.single.opbanning.test_op_banning" name="test_factory_banned_opcode[GASLIMIT]" time="0.270" /><testcase classname="tests.single.opbanning.test_op_banning" name="test_factory_banned_opcode[GASPRICE]" time="0.378" /><testcase classname="tests.single.opbanning.test_op_banning" name="test_factory_banned_opcode[SELFBALANCE]" time="0.401" /><testcase classname="tests.single.opbanning.test_op_banning" name="test_factory_banned_opcode[BALANCE]" time="0.373" /><testcase classname="tests.single.opbanning.test_op_banning" name="test_factory_banned_opcode[ORIGIN]" time="0.382" /><testcase classname="tests.single.opbanning.test_op_banning" name="test_factory_banned_opcode[BLOCKHASH]" time="0.384" /><testcase classname="tests.single.opbanning.test_op_banning" name="test_factory_banned_opcode[CREATE]" time="0.395" /><testcase classname="tests.single.opbanning.test_op_banning" name="test_factory_banned_opcode[CREATE2]" time="0.398" /><testcase classname="tests.single.opbanning.test_op_banning" name="test_factory_banned_opcode[SELFDESTRUCT]" time="0.397" /><testcase classname="tests.single.opbanning.test_op_banning" name="test_factory_banned_opcode[BLOBHASH]" time="0.398"><failure message="AttributeError: expected error object, got:&#10;Ok(result='0x9163944cb63aaf9899d040a19a8c1a7a12c7e761d6b8f25414227b9fa6e6fc73', id=970)">tests/utils.py:206: in assert_rpc_error
    assert response.code == code
E   AttributeError: 'Ok' object has no attribute 'code'

The above exception was the direct cause of the following exception:
tests/single/opbanning/test_op_banning.py:127: in test_factory_banned_opcode
    assert_rpc_error(
tests/utils.py:211: in assert_rpc_error
    raise AttributeError(f"expected error object, got:\n{response}") from exc
E   AttributeError: expected error object, got:
E   Ok(result='0x9163944cb63aaf9899d040a19a8c1a7a12c7e761d6b8f25414227b9fa6e6fc73', id=970)</failure><system-out>--------------------------------- Captured Log ---------------------------------

--------------------------------- Captured Out ---------------------------------

</system-out><system-err>--------------------------------- Captured Err ---------------------------------

</system-err></testcase><testcase classname="tests.single.opbanning.test_op_banning" name="test_factory_banned_opcode[BLOBBASEFEE]" time="0.300"><failure message="AttributeError: expected error object, got:&#10;Ok(result='0x95ed8498a7416a1c8c2db71c2b0d5fcf9e9ba6ef83479c1f3c9a18042fa34676', id=972)">tests/utils.py:206: in assert_rpc_error
    assert response.code == code
E   AttributeError: 'Ok' object has no attribute 'code'

The above exception was the direct cause of the following exception:
tests/single/opbanning/test_op_banning.py:127: in test_factory_banned_opcode
    assert_rpc_error(
tests/utils.py:211: in assert_rpc_error
    raise AttributeError(f"expected error object, got:\n{response}") from exc
E   AttributeError: expected error object, got:
E   Ok(result='0x95ed8498a7416a1c8c2db71c2b0d5fcf9e9ba6ef83479c1f3c9a18042fa34676', id=972)</failure><system-out>--------------------------------- Captured Log ---------------------------------

--------------------------------- Captured Out ---------------------------------

</system-out><system-err>--------------------------------- Captured Err ---------------------------------

</system-err></testcase><testcase classname="tests.single.opbanning.test_op_banning" name="test_factory_allowed_opcode_when_staked[BALANCE]" time="0.408" /><testcase classname="tests.single.opbanning.test_op_banning" name="test_factory_allowed_opcode_when_staked[SELFBALANCE]" time="0.432" /><testcase classname="tests.single.reputation.test_erep" name="test_paymaster_on_account_failure" time="4.073" /><testcase classname="tests.single.reputation.test_erep" name="test_staked_factory_on_account_failure" time="1.078" /><testcase classname="tests.single.reputation.test_erep" name="test_account_on_entity_failure[staked]" time="0.475"><failure message="AssertionError: valid userop. both staked account and paymaster have opsSeen increment&#10;assert [Reputation(a...=0, status=0)] == [Reputation(a...=0, status=0)]&#10;  &#10;  At index 0 diff: Reputation(address='0x5fee7baa2211c6a50f9b041480292151d789f820', opsSeen=0, opsIncluded=0, status=0) != Reputation(address='0x5fee7baa2211c6a50f9b041480292151d789f820', opsSeen=1, opsIncluded=0, status=0)&#10;  &#10;  Full diff:&#10;    [&#10;        Reputation(&#10;            address='0x5fee7baa2211c6a50f9b041480292151d789f820',&#10;  -         opsSeen=1,&#10;  ?                 ^&#10;  +         opsSeen=0,&#10;  ?                 ^&#10;            opsIncluded=0,&#10;            status=0,&#10;        ),&#10;        Reputation(&#10;            address='0xb9cdc692af3ec75d3ebf67902c913d902b8d2cad',&#10;  -         opsSeen=1,&#10;  ?                 ^&#10;  +         opsSeen=0,&#10;  ?                 ^&#10;            opsIncluded=0,&#10;            status=0,&#10;        ),&#10;    ]">tests/single/reputation/test_erep.py:151: in test_account_on_entity_failure
    assert get_reputations([sender.address, paymaster.address]) == [
E   AssertionError: valid userop. both staked account and paymaster have opsSeen increment
E   assert [Reputation(a...=0, status=0)] == [Reputation(a...=0, status=0)]
E     
E     At index 0 diff: Reputation(address='0x5fee7baa2211c6a50f9b041480292151d789f820', opsSeen=0, opsIncluded=0, status=0) != Reputation(address='0x5fee7baa2211c6a50f9b041480292151d789f820', opsSeen=1, opsIncluded=0, status=0)
E     
E     Full diff:
E       [
E           Reputation(
E               address='0x5fee7baa2211c6a50f9b041480292151d789f820',
E     -         opsSeen=1,
E     ?                 ^
E     +         opsSeen=0,
E     ?                 ^
E               opsIncluded=0,
E               status=0,
E           ),
E           Reputation(
E               address='0xb9cdc692af3ec75d3ebf67902c913d902b8d2cad',
E     -         opsSeen=1,
E     ?                 ^
E     +         opsSeen=0,
E     ?                 ^
E               opsIncluded=0,
E               status=0,
E           ),
E       ]</failure><system-out>--------------------------------- Captured Log ---------------------------------

--------------------------------- Captured Out ---------------------------------
staking account &lt;web3._utils.datatypes.Contract object at 0x7ff25a43c610&gt;

</system-out><system-err>--------------------------------- Captured Err ---------------------------------

</system-err></testcase><testcase classname="tests.single.reputation.test_erep" name="test_account_on_entity_failure[unstaked]" time="0.400"><failure message="AssertionError: valid userop. staked paymaster should have opsSeen increment&#10;assert [Reputation(a...=0, status=0)] == [Reputation(a...=0, status=0)]&#10;  &#10;  At index 1 diff: Reputation(address='0x7024e5bcc4807bce2417eef0de64e88afc2b34f3', opsSeen=0, opsIncluded=0, status=0) != Reputation(address='0x7024e5bcc4807bce2417eef0de64e88afc2b34f3', opsSeen=1, opsIncluded=0, status=0)&#10;  &#10;  Full diff:&#10;    [&#10;        Reputation(&#10;            address='0x3d3f561670846bfe39995d4860b9a82d1ec4841c',&#10;            opsSeen=0,&#10;            opsIncluded=0,&#10;            status=0,&#10;        ),&#10;        Reputation(&#10;            address='0x7024e5bcc4807bce2417eef0de64e88afc2b34f3',&#10;  -         opsSeen=1,&#10;  ?                 ^&#10;  +         opsSeen=0,&#10;  ?                 ^&#10;            opsIncluded=0,&#10;            status=0,&#10;        ),&#10;    ]">tests/single/reputation/test_erep.py:156: in test_account_on_entity_failure
    assert get_reputations([sender.address, paymaster.address]) == [
E   AssertionError: valid userop. staked paymaster should have opsSeen increment
E   assert [Reputation(a...=0, status=0)] == [Reputation(a...=0, status=0)]
E     
E     At index 1 diff: Reputation(address='0x7024e5bcc4807bce2417eef0de64e88afc2b34f3', opsSeen=0, opsIncluded=0, status=0) != Reputation(address='0x7024e5bcc4807bce2417eef0de64e88afc2b34f3', opsSeen=1, opsIncluded=0, status=0)
E     
E     Full diff:
E       [
E           Reputation(
E               address='0x3d3f561670846bfe39995d4860b9a82d1ec4841c',
E               opsSeen=0,
E               opsIncluded=0,
E               status=0,
E           ),
E           Reputation(
E               address='0x7024e5bcc4807bce2417eef0de64e88afc2b34f3',
E     -         opsSeen=1,
E     ?                 ^
E     +         opsSeen=0,
E     ?                 ^
E               opsIncluded=0,
E               status=0,
E           ),
E       ]</failure><system-out>--------------------------------- Captured Log ---------------------------------

--------------------------------- Captured Out ---------------------------------
unstaked account &lt;web3._utils.datatypes.Contract object at 0x7ff25a77a920&gt;

</system-out><system-err>--------------------------------- Captured Err ---------------------------------

</system-err></testcase><testcase classname="tests.single.reputation.test_replace" name="test_replace_paymaster" time="0.292"><failure message="AssertionError: assert 0 == 1&#10; +  where 0 = pm_opsSeen('0xE382997c38d073774A4CD10131A3d4f371070aa0')&#10; +    where '0xE382997c38d073774A4CD10131A3d4f371070aa0' = &lt;web3._utils.datatypes.Contract object at 0x7ff25a69d690&gt;.address">tests/single/reputation/test_replace.py:31: in test_replace_paymaster
    assert pm_opsSeen(pm1.address) == 1
E   AssertionError: assert 0 == 1
E    +  where 0 = pm_opsSeen('0xE382997c38d073774A4CD10131A3d4f371070aa0')
E    +    where '0xE382997c38d073774A4CD10131A3d4f371070aa0' = &lt;web3._utils.datatypes.Contract object at 0x7ff25a69d690&gt;.address</failure><system-out>--------------------------------- Captured Log ---------------------------------

--------------------------------- Captured Out ---------------------------------

</system-out><system-err>--------------------------------- Captured Err ---------------------------------

</system-err></testcase><testcase classname="tests.single.reputation.test_reputation" name="test_staked_entity_reputation_threshold[with_factory]" time="0.000"><skipped type="pytest.skip" message="skipped">/home/runner/work/bundler-test-executor/bundler-test-executor/bundler-spec-tests/tests/single/reputation/test_reputation.py:61: skipped</skipped><system-out>--------------------------------- Captured Log ---------------------------------

--------------------------------- Captured Out ---------------------------------

</system-out><system-err>--------------------------------- Captured Err ---------------------------------

</system-err></testcase><testcase classname="tests.single.reputation.test_reputation" name="test_staked_entity_reputation_threshold[without_factory]" time="0.000"><skipped type="pytest.skip" message="skipped">/home/runner/work/bundler-test-executor/bundler-test-executor/bundler-spec-tests/tests/single/reputation/test_reputation.py:61: skipped</skipped><system-out>--------------------------------- Captured Log ---------------------------------

--------------------------------- Captured Out ---------------------------------

</system-out><system-err>--------------------------------- Captured Err ---------------------------------

</system-err></testcase><testcase classname="tests.single.rpc.test_eth_chainId" name="test_eth_chainId[]" time="0.019" /><testcase classname="tests.single.rpc.test_eth_estimateUserOperationGas" name="test_eth_estimateUserOperationGas[]" time="0.045" /><testcase classname="tests.single.rpc.test_eth_estimateUserOperationGas" name="test_eth_estimateUserOperationGas_execution_revert" time="0.046" /><testcase classname="tests.single.rpc.test_eth_estimateUserOperationGas" name="test_eth_estimateUserOperationGas_simulation_revert" time="0.047" /><testcase classname="tests.single.rpc.test_eth_getUserOperationByHash" name="test_eth_getUserOperationByHash[]" time="1.655"><failure message="AttributeError: 'Error' object has no attribute 'result'">tests/single/rpc/test_eth_getUserOperationByHash.py:17: in test_eth_getUserOperationByHash
    ) == userop_hash(helper_contract, userop), "user operation mismatch"
E   AttributeError: 'Error' object has no attribute 'result'</failure><system-out>--------------------------------- Captured Log ---------------------------------

--------------------------------- Captured Out ---------------------------------

</system-out><system-err>--------------------------------- Captured Err ---------------------------------

</system-err></testcase><testcase classname="tests.single.rpc.test_eth_getUserOperationByHash" name="test_eth_getUserOperationByHash_error" time="0.004" /><testcase classname="tests.single.rpc.test_eth_getUserOperationReceipt" name="test_eth_getUserOperationReceipt[]" time="4.045" /><testcase classname="tests.single.rpc.test_eth_getUserOperationReceipt" name="test_eth_getUserOperationReceipt_error" time="0.005" /><testcase classname="tests.single.rpc.test_eth_sendUserOperation" name="test_eth_sendUserOperation[]" time="3.961" /><testcase classname="tests.single.rpc.test_eth_sendUserOperation" name="test_eth_sendUserOperation_revert" time="0.147" /><testcase classname="tests.single.rpc.test_eth_sendUserOperation" name="test_eth_sendUserOperation_invalid_signature" time="0.149" /><testcase classname="tests.single.rpc.test_eth_supportedEntryPoints" name="test_eth_supportedEntryPoints[]" time="0.010" /></testsuite></testsuites>