<?xml version="1.0" encoding="utf-8"?><testsuites><testsuite name="rundler" errors="0" failures="19" skipped="0" tests="171" time="136.253" timestamp="2024-07-22T00:57:26.604171" hostname="fv-az887-271"><testcase classname="tests.single.bundle.test_bundle" name="test_bundle_replace_op[only_priority_fee_bump]" time="0.317" /><testcase classname="tests.single.bundle.test_bundle" name="test_bundle_replace_op[only_max_fee_bump]" time="0.174" /><testcase classname="tests.single.bundle.test_bundle" name="test_bundle_replace_op[with_same_fee]" time="0.169" /><testcase classname="tests.single.bundle.test_bundle" name="test_bundle_replace_op[with_less_fee]" time="0.282" /><testcase classname="tests.single.bundle.test_bundle" name="test_bundle_replace_op[fee_bump_below_threshold]" time="0.283" /><testcase classname="tests.single.bundle.test_bundle" name="test_bundle_replace_op[fee_bump_at_threshold]" time="0.434" /><testcase classname="tests.single.bundle.test_bundle" name="test_bundle_replace_op[fee_bump_above_threshold]" time="0.341" /><testcase classname="tests.single.bundle.test_bundle" name="test_mempool_reputation_rules_all_entities[SREP-020-banned-entity-not-allowed-banned-sender]" time="0.545"><failure message="AttributeError: 'Error' object has no attribute 'result'">tests/single/bundle/test_bundle.py:141: in test_mempool_reputation_rules_all_entities
    set_reputation(
tests/utils.py:259: in set_reputation
    )
E   AttributeError: 'Error' object has no attribute 'result'</failure><system-out>--------------------------------- Captured Log ---------------------------------

--------------------------------- Captured Out ---------------------------------

</system-out><system-err>--------------------------------- Captured Err ---------------------------------

</system-err></testcase><testcase classname="tests.single.bundle.test_bundle" name="test_mempool_reputation_rules_all_entities[SREP-020-banned-entity-not-allowed-banned-paymaster]" time="0.466"><failure message="AttributeError: 'Error' object has no attribute 'result'">tests/single/bundle/test_bundle.py:147: in test_mempool_reputation_rules_all_entities
    set_reputation(
tests/utils.py:259: in set_reputation
    )
E   AttributeError: 'Error' object has no attribute 'result'</failure><system-out>--------------------------------- Captured Log ---------------------------------

--------------------------------- Captured Out ---------------------------------

</system-out><system-err>--------------------------------- Captured Err ---------------------------------

</system-err></testcase><testcase classname="tests.single.bundle.test_bundle" name="test_mempool_reputation_rules_all_entities[SREP-020-banned-entity-not-allowed-banned-factory]" time="0.465"><failure message="AttributeError: 'Error' object has no attribute 'result'">tests/single/bundle/test_bundle.py:153: in test_mempool_reputation_rules_all_entities
    set_reputation(
tests/utils.py:259: in set_reputation
    )
E   AttributeError: 'Error' object has no attribute 'result'</failure><system-out>--------------------------------- Captured Log ---------------------------------

--------------------------------- Captured Out ---------------------------------

</system-out><system-err>--------------------------------- Captured Err ---------------------------------

</system-err></testcase><testcase classname="tests.single.bundle.test_bundle" name="test_mempool_reputation_rules_all_entities[SREP-030-throttled-entity-allowed-a-little-throttled-sender]" time="0.463"><failure message="AttributeError: 'Error' object has no attribute 'result'">tests/single/bundle/test_bundle.py:141: in test_mempool_reputation_rules_all_entities
    set_reputation(
tests/utils.py:259: in set_reputation
    )
E   AttributeError: 'Error' object has no attribute 'result'</failure><system-out>--------------------------------- Captured Log ---------------------------------

--------------------------------- Captured Out ---------------------------------

</system-out><system-err>--------------------------------- Captured Err ---------------------------------

</system-err></testcase><testcase classname="tests.single.bundle.test_bundle" name="test_mempool_reputation_rules_all_entities[SREP-030-throttled-entity-allowed-a-little-throttled-paymaster]" time="0.351"><failure message="AttributeError: 'Error' object has no attribute 'result'">tests/single/bundle/test_bundle.py:147: in test_mempool_reputation_rules_all_entities
    set_reputation(
tests/utils.py:259: in set_reputation
    )
E   AttributeError: 'Error' object has no attribute 'result'</failure><system-out>--------------------------------- Captured Log ---------------------------------

--------------------------------- Captured Out ---------------------------------

</system-out><system-err>--------------------------------- Captured Err ---------------------------------

</system-err></testcase><testcase classname="tests.single.bundle.test_bundle" name="test_mempool_reputation_rules_all_entities[SREP-030-throttled-entity-allowed-a-little-throttled-factory]" time="0.358"><failure message="AttributeError: 'Error' object has no attribute 'result'">tests/single/bundle/test_bundle.py:153: in test_mempool_reputation_rules_all_entities
    set_reputation(
tests/utils.py:259: in set_reputation
    )
E   AttributeError: 'Error' object has no attribute 'result'</failure><system-out>--------------------------------- Captured Log ---------------------------------

--------------------------------- Captured Out ---------------------------------

</system-out><system-err>--------------------------------- Captured Err ---------------------------------

</system-err></testcase><testcase classname="tests.single.bundle.test_bundle" name="test_mempool_reputation_rules_all_entities[UREP-010 UREP-020-unstaked-entity-allowed-function-unstaked-sender]" time="0.352"><failure message="AttributeError: 'Error' object has no attribute 'result'">tests/single/bundle/test_bundle.py:141: in test_mempool_reputation_rules_all_entities
    set_reputation(
tests/utils.py:259: in set_reputation
    )
E   AttributeError: 'Error' object has no attribute 'result'</failure><system-out>--------------------------------- Captured Log ---------------------------------

--------------------------------- Captured Out ---------------------------------

</system-out><system-err>--------------------------------- Captured Err ---------------------------------

</system-err></testcase><testcase classname="tests.single.bundle.test_bundle" name="test_mempool_reputation_rules_all_entities[UREP-010 UREP-020-unstaked-entity-allowed-function-unstaked-paymaster]" time="0.621"><failure message="AttributeError: 'Error' object has no attribute 'result'">tests/single/bundle/test_bundle.py:147: in test_mempool_reputation_rules_all_entities
    set_reputation(
tests/utils.py:259: in set_reputation
    )
E   AttributeError: 'Error' object has no attribute 'result'</failure><system-out>--------------------------------- Captured Log ---------------------------------

--------------------------------- Captured Out ---------------------------------

</system-out><system-err>--------------------------------- Captured Err ---------------------------------

</system-err></testcase><testcase classname="tests.single.bundle.test_bundle" name="test_mempool_reputation_rules_all_entities[UREP-010 UREP-020-unstaked-entity-allowed-function-unstaked-factory]" time="0.560"><failure message="AttributeError: 'Error' object has no attribute 'result'">tests/single/bundle/test_bundle.py:153: in test_mempool_reputation_rules_all_entities
    set_reputation(
tests/utils.py:259: in set_reputation
    )
E   AttributeError: 'Error' object has no attribute 'result'</failure><system-out>--------------------------------- Captured Log ---------------------------------

--------------------------------- Captured Out ---------------------------------

</system-out><system-err>--------------------------------- Captured Err ---------------------------------

</system-err></testcase><testcase classname="tests.single.bundle.test_bundle" name="test_max_allowed_ops_unstaked_sender" time="1.004" /><testcase classname="tests.single.bundle.test_bundle" name="test_max_allowed_ops_staked_sender" time="1.467"><failure message="AssertionError: assert [] == [UserOperatio...asLimit=None)]&#10;  Right contains 4 more items, first extra item: UserOperation(sender='0x28970702675026E7043E19763670C1ed8fC294b5', nonce='0x20000000000000000', factory=None, factoryD..., signature='0x', paymaster=None, paymasterData=None, paymasterVerificationGasLimit=None, paymasterPostOpGasLimit=None)&#10;  Full diff:&#10;    [&#10;  +  ,&#10;  -  UserOperation(sender='0x28970702675026E7043E19763670C1ed8fC294b5',&#10;  -                nonce='0x20000000000000000',&#10;  -                factory=None,&#10;  -                factoryData=None,&#10;  -                callData='0xa9e966b70000000000000000000000000000000000000000000000000000000000000001',&#10;  -                callGasLimit='0x493e0',&#10;  -                verificationGasLimit='0xf4240',&#10;  -                preVerificationGas='0x493e0',&#10;  -                maxFeePerGas='0xee6b2800',&#10;  -                maxPriorityFeePerGas='0xb2d05e00',&#10;  -                signature='0x',&#10;  -                paymaster=None,&#10;  -                paymasterData=None,&#10;  -                paymasterVerificationGasLimit=None,&#10;  -                paymasterPostOpGasLimit=None),&#10;  -  UserOperation(sender='0x28970702675026E7043E19763670C1ed8fC294b5',&#10;  -                nonce='0x30000000000000000',&#10;  -                factory=None,&#10;  -                factoryData=None,&#10;  -                callData='0xa9e966b70000000000000000000000000000000000000000000000000000000000000001',&#10;  -                callGasLimit='0x493e0',&#10;  -                verificationGasLimit='0xf4240',&#10;  -                preVerificationGas='0x493e0',&#10;  -                maxFeePerGas='0xee6b2800',&#10;  -                maxPriorityFeePerGas='0xb2d05e00',&#10;  -                signature='0x',&#10;  -                paymaster=None,&#10;  -                paymasterData=None,&#10;  -                paymasterVerificationGasLimit=None,&#10;  -                paymasterPostOpGasLimit=None),&#10;  -  UserOperation(sender='0x28970702675026E7043E19763670C1ed8fC294b5',&#10;  -                nonce='0x40000000000000000',&#10;  -                factory=None,&#10;  -                factoryData=None,&#10;  -                callData='0xa9e966b70000000000000000000000000000000000000000000000000000000000000001',&#10;  -                callGasLimit='0x493e0',&#10;  -                verificationGasLimit='0xf4240',&#10;  -                preVerificationGas='0x493e0',&#10;  -                maxFeePerGas='0xee6b2800',&#10;  -                maxPriorityFeePerGas='0xb2d05e00',&#10;  -                signature='0x',&#10;  -                paymaster=None,&#10;  -                paymasterData=None,&#10;  -                paymasterVerificationGasLimit=None,&#10;  -                paymasterPostOpGasLimit=None),&#10;  -  UserOperation(sender='0x28970702675026E7043E19763670C1ed8fC294b5',&#10;  -                nonce='0x50000000000000000',&#10;  -                factory=None,&#10;  -                factoryData=None,&#10;  -                callData='0xa9e966b70000000000000000000000000000000000000000000000000000000000000001',&#10;  -                callGasLimit='0x493e0',&#10;  -                verificationGasLimit='0xf4240',&#10;  -                preVerificationGas='0x493e0',&#10;  -                maxFeePerGas='0xee6b2800',&#10;  -                maxPriorityFeePerGas='0xb2d05e00',&#10;  -                signature='0x',&#10;  -                paymaster=None,&#10;  -                paymasterData=None,&#10;  -                paymasterVerificationGasLimit=None,&#10;  -                paymasterPostOpGasLimit=None),&#10;    ]">tests/single/bundle/test_bundle.py:278: in test_max_allowed_ops_staked_sender
    assert mempool == wallet_ops[1:]
E   AssertionError: assert [] == [UserOperatio...asLimit=None)]
E     Right contains 4 more items, first extra item: UserOperation(sender='0x28970702675026E7043E19763670C1ed8fC294b5', nonce='0x20000000000000000', factory=None, factoryD..., signature='0x', paymaster=None, paymasterData=None, paymasterVerificationGasLimit=None, paymasterPostOpGasLimit=None)
E     Full diff:
E       [
E     +  ,
E     -  UserOperation(sender='0x28970702675026E7043E19763670C1ed8fC294b5',
E     -                nonce='0x20000000000000000',
E     -                factory=None,
E     -                factoryData=None,
E     -                callData='0xa9e966b70000000000000000000000000000000000000000000000000000000000000001',
E     -                callGasLimit='0x493e0',
E     -                verificationGasLimit='0xf4240',
E     -                preVerificationGas='0x493e0',
E     -                maxFeePerGas='0xee6b2800',
E     -                maxPriorityFeePerGas='0xb2d05e00',
E     -                signature='0x',
E     -                paymaster=None,
E     -                paymasterData=None,
E     -                paymasterVerificationGasLimit=None,
E     -                paymasterPostOpGasLimit=None),
E     -  UserOperation(sender='0x28970702675026E7043E19763670C1ed8fC294b5',
E     -                nonce='0x30000000000000000',
E     -                factory=None,
E     -                factoryData=None,
E     -                callData='0xa9e966b70000000000000000000000000000000000000000000000000000000000000001',
E     -                callGasLimit='0x493e0',
E     -                verificationGasLimit='0xf4240',
E     -                preVerificationGas='0x493e0',
E     -                maxFeePerGas='0xee6b2800',
E     -                maxPriorityFeePerGas='0xb2d05e00',
E     -                signature='0x',
E     -                paymaster=None,
E     -                paymasterData=None,
E     -                paymasterVerificationGasLimit=None,
E     -                paymasterPostOpGasLimit=None),
E     -  UserOperation(sender='0x28970702675026E7043E19763670C1ed8fC294b5',
E     -                nonce='0x40000000000000000',
E     -                factory=None,
E     -                factoryData=None,
E     -                callData='0xa9e966b70000000000000000000000000000000000000000000000000000000000000001',
E     -                callGasLimit='0x493e0',
E     -                verificationGasLimit='0xf4240',
E     -                preVerificationGas='0x493e0',
E     -                maxFeePerGas='0xee6b2800',
E     -                maxPriorityFeePerGas='0xb2d05e00',
E     -                signature='0x',
E     -                paymaster=None,
E     -                paymasterData=None,
E     -                paymasterVerificationGasLimit=None,
E     -                paymasterPostOpGasLimit=None),
E     -  UserOperation(sender='0x28970702675026E7043E19763670C1ed8fC294b5',
E     -                nonce='0x50000000000000000',
E     -                factory=None,
E     -                factoryData=None,
E     -                callData='0xa9e966b70000000000000000000000000000000000000000000000000000000000000001',
E     -                callGasLimit='0x493e0',
E     -                verificationGasLimit='0xf4240',
E     -                preVerificationGas='0x493e0',
E     -                maxFeePerGas='0xee6b2800',
E     -                maxPriorityFeePerGas='0xb2d05e00',
E     -                signature='0x',
E     -                paymaster=None,
E     -                paymasterData=None,
E     -                paymasterVerificationGasLimit=None,
E     -                paymasterPostOpGasLimit=None),
E       ]</failure><system-out>--------------------------------- Captured Log ---------------------------------

--------------------------------- Captured Out ---------------------------------

</system-out><system-err>--------------------------------- Captured Err ---------------------------------

</system-err></testcase><testcase classname="tests.single.bundle.test_bundle" name="test_ban_user_op_access_other_ops_sender_in_bundle" time="0.835" /><testcase classname="tests.single.bundle.test_bundle" name="test_ban_user_sender_double_role_in_bundle" time="0.683" /><testcase classname="tests.single.bundle.test_bundle" name="test_stake_check_in_bundler" time="0.259"><failure message="AssertionError: assert '0xdd1e6848b0...d3ada8f585cb8' == '0xdD1E6848B0...D3ADa8F585Cb8'&#10;  - 0xdD1E6848B0773270eE2c70DF409D3ADa8F585Cb8&#10;  + 0xdd1e6848b0773270ee2c70df409d3ada8f585cb8">tests/single/bundle/test_bundle.py:379: in test_stake_check_in_bundler
    assert response["stakeInfo"]["addr"] == paymaster_contract.address
E   AssertionError: assert '0xdd1e6848b0...d3ada8f585cb8' == '0xdD1E6848B0...D3ADa8F585Cb8'
E     - 0xdD1E6848B0773270eE2c70DF409D3ADa8F585Cb8
E     + 0xdd1e6848b0773270ee2c70df409d3ada8f585cb8</failure><system-out>--------------------------------- Captured Log ---------------------------------

--------------------------------- Captured Out ---------------------------------

</system-out><system-err>--------------------------------- Captured Err ---------------------------------

</system-err></testcase><testcase classname="tests.single.bundle.test_codehash" name="test_codehash_changed" time="0.461"><failure message="web3.exceptions.ContractLogicError: execution reverted">tests/single/bundle/test_codehash.py:52: in test_codehash_changed
    account1, codehash1 = create_account(
tests/single/bundle/test_codehash.py:25: in create_account
    ).transact({"from": w3.eth.accounts[0], "value": 10**18})
.venv/lib/python3.10/site-packages/web3/contract.py:1010: in transact
    return transact_with_contract_function(
.venv/lib/python3.10/site-packages/web3/contract.py:1614: in transact_with_contract_function
    txn_hash = web3.eth.send_transaction(transact_transaction)
.venv/lib/python3.10/site-packages/web3/eth.py:828: in send_transaction
    return self._send_transaction(transaction)
.venv/lib/python3.10/site-packages/web3/module.py:57: in caller
    result = w3.manager.request_blocking(method_str,
.venv/lib/python3.10/site-packages/web3/manager.py:197: in request_blocking
    response = self._make_request(method, params)
.venv/lib/python3.10/site-packages/web3/manager.py:150: in _make_request
    return request_func(method, params)
.venv/lib/python3.10/site-packages/web3/middleware/formatting.py:94: in middleware
    response = make_request(method, params)
.venv/lib/python3.10/site-packages/web3/middleware/gas_price_strategy.py:89: in middleware
    return make_request(method, (transaction,))
.venv/lib/python3.10/site-packages/web3/middleware/formatting.py:94: in middleware
    response = make_request(method, params)
.venv/lib/python3.10/site-packages/web3/middleware/attrdict.py:33: in middleware
    response = make_request(method, params)
.venv/lib/python3.10/site-packages/web3/middleware/formatting.py:94: in middleware
    response = make_request(method, params)
.venv/lib/python3.10/site-packages/web3/middleware/formatting.py:94: in middleware
    response = make_request(method, params)
.venv/lib/python3.10/site-packages/web3/middleware/formatting.py:94: in middleware
    response = make_request(method, params)
.venv/lib/python3.10/site-packages/web3/middleware/buffered_gas_estimate.py:37: in middleware
    hex(get_buffered_gas_estimate(web3, transaction)),
.venv/lib/python3.10/site-packages/web3/_utils/transactions.py:134: in get_buffered_gas_estimate
    gas_estimate = web3.eth.estimate_gas(gas_estimate_transaction)
.venv/lib/python3.10/site-packages/web3/eth.py:868: in estimate_gas
    return self._estimate_gas(transaction, block_identifier)
.venv/lib/python3.10/site-packages/web3/module.py:57: in caller
    result = w3.manager.request_blocking(method_str,
.venv/lib/python3.10/site-packages/web3/manager.py:198: in request_blocking
    return self.formatted_response(response,
.venv/lib/python3.10/site-packages/web3/manager.py:170: in formatted_response
    apply_error_formatters(error_formatters, response)
.venv/lib/python3.10/site-packages/web3/manager.py:70: in apply_error_formatters
    formatted_resp = pipe(response, error_formatters)
cytoolz/functoolz.pyx:666: in cytoolz.functoolz.pipe
    ???
cytoolz/functoolz.pyx:641: in cytoolz.functoolz.c_pipe
    ???
.venv/lib/python3.10/site-packages/web3/_utils/method_formatters.py:580: in raise_solidity_error_on_revert
    raise ContractLogicError('execution reverted')
E   web3.exceptions.ContractLogicError: execution reverted</failure><system-out>--------------------------------- Captured Log ---------------------------------

--------------------------------- Captured Out ---------------------------------

</system-out><system-err>--------------------------------- Captured Err ---------------------------------

</system-err></testcase><testcase classname="tests.single.bundle.test_storage_rules" name="test_rule[[STO-000]unstaked][paymaster][no_storage][ok]" time="0.655" /><testcase classname="tests.single.bundle.test_storage_rules" name="test_rule[[STO-031]unstaked][paymaster][storage][drop]" time="0.650" /><testcase classname="tests.single.bundle.test_storage_rules" name="test_rule[[STO-032]unstaked][paymaster][reference_storage][drop]" time="0.681" /><testcase classname="tests.single.bundle.test_storage_rules" name="test_rule[[STO-032]unstaked][paymaster][reference_storage_struct][drop]" time="0.683" /><testcase classname="tests.single.bundle.test_storage_rules" name="test_rule[[STO-010]unstaked][paymaster][account_storage][ok]" time="0.562" /><testcase classname="tests.single.bundle.test_storage_rules" name="test_rule[[STO-021]unstaked][paymaster][account_reference_storage][ok]" time="0.692" /><testcase classname="tests.single.bundle.test_storage_rules" name="test_rule[[STO-021]unstaked][paymaster][account_reference_storage_struct][ok]" time="0.795" /><testcase classname="tests.single.bundle.test_storage_rules" name="test_rule[[STO-022]unstaked][paymaster][account_reference_storage_init_code][drop0]" time="1.033" /><testcase classname="tests.single.bundle.test_storage_rules" name="test_rule[[EREP-050]unstaked][paymaster][context][drop]" time="0.594"><failure message="AttributeError: 'Ok' object has no attribute 'message'">tests/single/bundle/test_storage_rules.py:774: in test_rule
    case.assert_func(response)
tests/single/bundle/test_storage_rules.py:19: in assert_error
    assert_rpc_error(response, response.message, RPCErrorCode.BANNED_OPCODE)
E   AttributeError: 'Ok' object has no attribute 'message'</failure><system-out>--------------------------------- Captured Log ---------------------------------

--------------------------------- Captured Out ---------------------------------

</system-out><system-err>--------------------------------- Captured Err ---------------------------------

</system-err></testcase><testcase classname="tests.single.bundle.test_storage_rules" name="test_rule[[STO-032]unstaked][paymaster][external_storage_read][drop]" time="0.685" /><testcase classname="tests.single.bundle.test_storage_rules" name="test_rule[[OP-020]unstaked][paymaster][out_of_gas][drop]" time="0.785" /><testcase classname="tests.single.bundle.test_storage_rules" name="test_rule[[OP-020]unstaked][paymaster][sstore_out_of_gas][drop]" time="0.709" /><testcase classname="tests.single.bundle.test_storage_rules" name="test_rule[[STO-000]staked][paymaster][no_storage][ok]" time="0.758" /><testcase classname="tests.single.bundle.test_storage_rules" name="test_rule[[STO-031]staked][paymaster][storage][ok]" time="0.796" /><testcase classname="tests.single.bundle.test_storage_rules" name="test_rule[[STO-032]staked][paymaster][reference_storage][ok]" time="0.814" /><testcase classname="tests.single.bundle.test_storage_rules" name="test_rule[[STO-032]staked][paymaster][reference_storage_struct][ok]" time="0.770" /><testcase classname="tests.single.bundle.test_storage_rules" name="test_rule[[STO-033]staked][paymaster][reference_storage_struct][ok]" time="0.811" /><testcase classname="tests.single.bundle.test_storage_rules" name="test_rule[[STO-010]staked][paymaster][account_storage][ok]" time="0.764" /><testcase classname="tests.single.bundle.test_storage_rules" name="test_rule[[STO-021]staked][paymaster][account_reference_storage][ok]" time="0.822" /><testcase classname="tests.single.bundle.test_storage_rules" name="test_rule[[STO-021]staked][paymaster][account_reference_storage_struct][ok]" time="0.794" /><testcase classname="tests.single.bundle.test_storage_rules" name="test_rule[[STO-022]staked][paymaster][account_reference_storage_init_code][ok]" time="1.248" /><testcase classname="tests.single.bundle.test_storage_rules" name="test_rule[[EREP-050]staked][paymaster][context][ok]" time="0.723" /><testcase classname="tests.single.bundle.test_storage_rules" name="test_rule[[STO-033]staked][paymaster][external_storage_write][drop]" time="0.819" /><testcase classname="tests.single.bundle.test_storage_rules" name="test_rule[[STO-033]staked][paymaster][external_storage_read][ok]" time="0.821" /><testcase classname="tests.single.bundle.test_storage_rules" name="test_rule[[OP-020]staked][paymaster][out_of_gas][drop]" time="0.920" /><testcase classname="tests.single.bundle.test_storage_rules" name="test_rule[[OP-020]staked][paymaster][sstore_out_of_gas][drop]" time="0.727" /><testcase classname="tests.single.bundle.test_storage_rules" name="test_rule[[STO-000]unstaked][factory][no_storage][ok]" time="0.785" /><testcase classname="tests.single.bundle.test_storage_rules" name="test_rule[[STO-000]unstaked][factory][storage][drop]" time="0.792" /><testcase classname="tests.single.bundle.test_storage_rules" name="test_rule[[STO-000]unstaked][factory][reference_storage][drop]" time="0.766" /><testcase classname="tests.single.bundle.test_storage_rules" name="test_rule[[STO-032]unstaked][factory][reference_storage_struct][drop]" time="0.704" /><testcase classname="tests.single.bundle.test_storage_rules" name="test_rule[[STO-010]unstaked][factory][account_storage][ok]" time="0.794" /><testcase classname="tests.single.bundle.test_storage_rules" name="test_rule[[STO-021]unstaked][factory][account_reference_storage][drop]" time="0.813" /><testcase classname="tests.single.bundle.test_storage_rules" name="test_rule[[STO-021]unstaked][factory][account_reference_storage_struct][drop]" time="0.809" /><testcase classname="tests.single.bundle.test_storage_rules" name="test_rule[[STO-000]unstaked][factory][external_storage_read][drop]" time="0.796" /><testcase classname="tests.single.bundle.test_storage_rules" name="test_rule[[OP-042]unstaked][factory][EXTCODEx_CALLx_undeployed_sender][ok]" time="0.730" /><testcase classname="tests.single.bundle.test_storage_rules" name="test_rule[[OP-041]unstaked][factory][EXTCODESIZE_undeployed_contract][drop]" time="0.765" /><testcase classname="tests.single.bundle.test_storage_rules" name="test_rule[[OP-041]unstaked][factory][EXTCODEHASH_undeployed_contract][drop]" time="0.781" /><testcase classname="tests.single.bundle.test_storage_rules" name="test_rule[[OP-041]unstaked][factory][EXTCODECOPY_undeployed_contract][drop]" time="0.781" /><testcase classname="tests.single.bundle.test_storage_rules" name="test_rule[[OP-041]unstaked][factory][CALL_undeployed_contract][drop]" time="0.753" /><testcase classname="tests.single.bundle.test_storage_rules" name="test_rule[[OP-041]unstaked][factory][CALLCODE_undeployed_contract][drop]" time="0.653" /><testcase classname="tests.single.bundle.test_storage_rules" name="test_rule[[OP-041]unstaked][factory][DELEGATECALL_undeployed_contract][drop]" time="0.758" /><testcase classname="tests.single.bundle.test_storage_rules" name="test_rule[[OP-041]unstaked][factory][STATICCALL_undeployed_contract][drop]" time="0.759" /><testcase classname="tests.single.bundle.test_storage_rules" name="test_rule[[OP-020]unstaked][factory][out_of_gas][drop]" time="0.899" /><testcase classname="tests.single.bundle.test_storage_rules" name="test_rule[[OP-020]unstaked][factory][sstore_out_of_gas][drop]" time="0.796" /><testcase classname="tests.single.bundle.test_storage_rules" name="test_rule[[STO-000]staked][factory][no_storage][ok]" time="0.895" /><testcase classname="tests.single.bundle.test_storage_rules" name="test_rule[[STO-031]staked][factory][storage][ok]" time="0.897" /><testcase classname="tests.single.bundle.test_storage_rules" name="test_rule[[STO-032]staked][factory][reference_storage][ok]" time="0.877" /><testcase classname="tests.single.bundle.test_storage_rules" name="test_rule[[STO-032]staked][factory][reference_storage_struct][ok]" time="0.734" /><testcase classname="tests.single.bundle.test_storage_rules" name="test_rule[[STO-010]staked][factory][account_storage][ok]" time="0.921" /><testcase classname="tests.single.bundle.test_storage_rules" name="test_rule[[STO-021]staked][factory][account_reference_storage][ok]" time="0.932" /><testcase classname="tests.single.bundle.test_storage_rules" name="test_rule[[STO-021]staked][factory][account_reference_storage_struct][ok]" time="0.920" /><testcase classname="tests.single.bundle.test_storage_rules" name="test_rule[[STO-033]staked][factory][external_storage_write][drop]" time="0.815" /><testcase classname="tests.single.bundle.test_storage_rules" name="test_rule[[STO-033]staked][factory][external_storage_read][ok]" time="0.734" /><testcase classname="tests.single.bundle.test_storage_rules" name="test_rule[[OP-020]staked][factory][out_of_gas][drop]" time="0.825" /><testcase classname="tests.single.bundle.test_storage_rules" name="test_rule[[OP-020]staked][factory][sstore_out_of_gas][drop]" time="0.929" /><testcase classname="tests.single.bundle.test_storage_rules" name="test_rule[[STO-000]unstaked][account][no_storage][ok]" time="0.668" /><testcase classname="tests.single.bundle.test_storage_rules" name="test_rule[[STO-010]unstaked][account][account_storage][ok]" time="0.416" /><testcase classname="tests.single.bundle.test_storage_rules" name="test_rule[[STO-021]unstaked][account][account_reference_storage][ok]" time="0.523" /><testcase classname="tests.single.bundle.test_storage_rules" name="test_rule[[STO-022]unstaked][account][account_reference_storage_init_code][drop]" time="0.878" /><testcase classname="tests.single.bundle.test_storage_rules" name="test_rule[[STO-022]unstaked][account][account_reference_storage_init_code][ok]" time="1.243" /><testcase classname="tests.single.bundle.test_storage_rules" name="test_rule[[STO-022]unstaked][paymaster][account_reference_storage_init_code][drop1]" time="1.035"><failure message="AttributeError: 'Ok' object has no attribute 'message'">tests/single/bundle/test_storage_rules.py:774: in test_rule
    case.assert_func(response)
tests/single/bundle/test_storage_rules.py:19: in assert_error
    assert_rpc_error(response, response.message, RPCErrorCode.BANNED_OPCODE)
E   AttributeError: 'Ok' object has no attribute 'message'</failure><system-out>--------------------------------- Captured Log ---------------------------------

--------------------------------- Captured Out ---------------------------------

</system-out><system-err>--------------------------------- Captured Err ---------------------------------

</system-err></testcase><testcase classname="tests.single.bundle.test_storage_rules" name="test_rule[[STO-021]unstaked][account][account_reference_storage_struct][ok]" time="0.520" /><testcase classname="tests.single.bundle.test_storage_rules" name="test_rule[[STO-000]unstaked][account][external_storage_read][drop]" time="0.533" /><testcase classname="tests.single.bundle.test_storage_rules" name="test_rule[[OP-020]unstaked][account][out_of_gas][drop]" time="0.726" /><testcase classname="tests.single.bundle.test_storage_rules" name="test_rule[[OP-020]unstaked][account][sstore_out_of_gas][drop]" time="0.607" /><testcase classname="tests.single.bundle.test_storage_rules" name="test_rule[[STO-000]staked][account][no_storage][ok]" time="0.736" /><testcase classname="tests.single.bundle.test_storage_rules" name="test_rule[[STO-010]staked][account][account_storage][ok]" time="0.740" /><testcase classname="tests.single.bundle.test_storage_rules" name="test_rule[[STO-021]staked][account][account_reference_storage][ok]" time="0.754" /><testcase classname="tests.single.bundle.test_storage_rules" name="test_rule[[STO-021]staked][account][account_reference_storage_struct][ok]" time="0.761" /><testcase classname="tests.single.bundle.test_storage_rules" name="test_rule[[OP-020]staked][account][out_of_gas][drop]" time="0.761" /><testcase classname="tests.single.bundle.test_storage_rules" name="test_rule[[OP-020]staked][account][sstore_out_of_gas][drop]" time="0.766" /><testcase classname="tests.single.bundle.test_storage_rules" name="test_rule[[STO-033]staked][account][external_storage_write][drop]" time="0.762" /><testcase classname="tests.single.bundle.test_storage_rules" name="test_rule[[STO-033]staked][account][external_storage_read][ok]" time="0.743" /><testcase classname="tests.single.bundle.test_storage_rules" name="test_rule[[OP-011]unstaked][account][entryPoint_call_balanceOf][drop]" time="0.636" /><testcase classname="tests.single.bundle.test_storage_rules" name="test_rule[[OP-061]unstaked][account][eth_value_transfer_forbidden][drop]" time="0.630" /><testcase classname="tests.single.bundle.test_storage_rules" name="test_rule[[OP-053]unstaked][account][eth_value_transfer_entryPoint][ok]" time="0.632" /><testcase classname="tests.single.bundle.test_storage_rules" name="test_rule[[OP-052]unstaked][account][eth_value_transfer_entryPoint_depositTo][ok]" time="0.657" /><testcase classname="tests.single.bundle.test_storage_rules" name="test_rule[[OP-041]unstaked][account][EXTCODESIZE_undeployed_contract][drop]" time="0.488" /><testcase classname="tests.single.bundle.test_storage_rules" name="test_rule[[OP-041]unstaked][account][EXTCODEHASH_undeployed_contract][drop]" time="0.575" /><testcase classname="tests.single.bundle.test_storage_rules" name="test_rule[[OP-041]unstaked][account][EXTCODECOPY_undeployed_contract][drop]" time="0.589" /><testcase classname="tests.single.bundle.test_storage_rules" name="test_rule[[OP-054]unstaked][account][EXTCODESIZE_entrypoint][drop]" time="0.583" /><testcase classname="tests.single.bundle.test_storage_rules" name="test_rule[[OP-054]unstaked][account][EXTCODEHASH_entrypoint][drop]" time="0.610" /><testcase classname="tests.single.bundle.test_storage_rules" name="test_rule[[OP-054]unstaked][account][EXTCODECOPY_entrypoint][drop]" time="0.600" /><testcase classname="tests.single.bundle.test_storage_rules" name="test_rule[[OP-041]unstaked][account][CALL_undeployed_contract][drop]" time="0.564" /><testcase classname="tests.single.bundle.test_storage_rules" name="test_rule[[OP-041]unstaked][account][CALLCODE_undeployed_contract][drop]" time="0.558" /><testcase classname="tests.single.bundle.test_storage_rules" name="test_rule[[OP-041]unstaked][account][DELEGATECALL_undeployed_contract][drop]" time="0.579" /><testcase classname="tests.single.bundle.test_storage_rules" name="test_rule[[OP-041]unstaked][account][STATICCALL_undeployed_contract][drop]" time="0.587" /><testcase classname="tests.single.bundle.test_storage_rules" name="test_rule[[OP-062]unstaked][account][CALL_undeployed_contract_allowed_precompile][ok]" time="0.612" /><testcase classname="tests.single.opbanning.test_op_banning" name="test_account_banned_opcode[GAS]" time="0.398" /><testcase classname="tests.single.opbanning.test_op_banning" name="test_account_banned_opcode[NUMBER]" time="0.412" /><testcase classname="tests.single.opbanning.test_op_banning" name="test_account_banned_opcode[TIMESTAMP]" time="0.416" /><testcase classname="tests.single.opbanning.test_op_banning" name="test_account_banned_opcode[COINBASE]" time="0.420" /><testcase classname="tests.single.opbanning.test_op_banning" name="test_account_banned_opcode[DIFFICULTY]" time="0.414" /><testcase classname="tests.single.opbanning.test_op_banning" name="test_account_banned_opcode[BASEFEE]" time="0.427" /><testcase classname="tests.single.opbanning.test_op_banning" name="test_account_banned_opcode[GASLIMIT]" time="0.420" /><testcase classname="tests.single.opbanning.test_op_banning" name="test_account_banned_opcode[GASPRICE]" time="0.418" /><testcase classname="tests.single.opbanning.test_op_banning" name="test_account_banned_opcode[SELFBALANCE]" time="0.433" /><testcase classname="tests.single.opbanning.test_op_banning" name="test_account_banned_opcode[BALANCE]" time="0.440" /><testcase classname="tests.single.opbanning.test_op_banning" name="test_account_banned_opcode[ORIGIN]" time="0.407" /><testcase classname="tests.single.opbanning.test_op_banning" name="test_account_banned_opcode[BLOCKHASH]" time="0.404" /><testcase classname="tests.single.opbanning.test_op_banning" name="test_account_banned_opcode[CREATE]" time="0.347" /><testcase classname="tests.single.opbanning.test_op_banning" name="test_account_banned_opcode[CREATE2]" time="0.457" /><testcase classname="tests.single.opbanning.test_op_banning" name="test_account_banned_opcode[SELFDESTRUCT]" time="0.437" /><testcase classname="tests.single.opbanning.test_op_banning" name="test_account_allowed_opcode_sequence[GAS CALL]" time="0.483" /><testcase classname="tests.single.opbanning.test_op_banning" name="test_account_allowed_opcode_sequence[GAS DELEGATECALL]" time="0.459" /><testcase classname="tests.single.opbanning.test_op_banning" name="test_paymaster_banned_opcode[GAS]" time="0.600" /><testcase classname="tests.single.opbanning.test_op_banning" name="test_paymaster_banned_opcode[NUMBER]" time="0.601" /><testcase classname="tests.single.opbanning.test_op_banning" name="test_paymaster_banned_opcode[TIMESTAMP]" time="0.584" /><testcase classname="tests.single.opbanning.test_op_banning" name="test_paymaster_banned_opcode[COINBASE]" time="0.610" /><testcase classname="tests.single.opbanning.test_op_banning" name="test_paymaster_banned_opcode[DIFFICULTY]" time="0.607" /><testcase classname="tests.single.opbanning.test_op_banning" name="test_paymaster_banned_opcode[BASEFEE]" time="0.603" /><testcase classname="tests.single.opbanning.test_op_banning" name="test_paymaster_banned_opcode[GASLIMIT]" time="0.691" /><testcase classname="tests.single.opbanning.test_op_banning" name="test_paymaster_banned_opcode[GASPRICE]" time="0.583" /><testcase classname="tests.single.opbanning.test_op_banning" name="test_paymaster_banned_opcode[SELFBALANCE]" time="0.599" /><testcase classname="tests.single.opbanning.test_op_banning" name="test_paymaster_banned_opcode[BALANCE]" time="0.616" /><testcase classname="tests.single.opbanning.test_op_banning" name="test_paymaster_banned_opcode[ORIGIN]" time="0.621" /><testcase classname="tests.single.opbanning.test_op_banning" name="test_paymaster_banned_opcode[BLOCKHASH]" time="0.629" /><testcase classname="tests.single.opbanning.test_op_banning" name="test_paymaster_banned_opcode[CREATE]" time="0.607" /><testcase classname="tests.single.opbanning.test_op_banning" name="test_paymaster_banned_opcode[CREATE2]" time="0.640" /><testcase classname="tests.single.opbanning.test_op_banning" name="test_paymaster_banned_opcode[SELFDESTRUCT]" time="0.633" /><testcase classname="tests.single.opbanning.test_op_banning" name="test_factory_banned_opcode[GAS]" time="0.669" /><testcase classname="tests.single.opbanning.test_op_banning" name="test_factory_banned_opcode[NUMBER]" time="0.718" /><testcase classname="tests.single.opbanning.test_op_banning" name="test_factory_banned_opcode[TIMESTAMP]" time="0.571" /><testcase classname="tests.single.opbanning.test_op_banning" name="test_factory_banned_opcode[COINBASE]" time="0.688" /><testcase classname="tests.single.opbanning.test_op_banning" name="test_factory_banned_opcode[DIFFICULTY]" time="0.736" /><testcase classname="tests.single.opbanning.test_op_banning" name="test_factory_banned_opcode[BASEFEE]" time="0.721" /><testcase classname="tests.single.opbanning.test_op_banning" name="test_factory_banned_opcode[GASLIMIT]" time="0.741" /><testcase classname="tests.single.opbanning.test_op_banning" name="test_factory_banned_opcode[GASPRICE]" time="0.730" /><testcase classname="tests.single.opbanning.test_op_banning" name="test_factory_banned_opcode[SELFBALANCE]" time="0.737" /><testcase classname="tests.single.opbanning.test_op_banning" name="test_factory_banned_opcode[BALANCE]" time="0.747" /><testcase classname="tests.single.opbanning.test_op_banning" name="test_factory_banned_opcode[ORIGIN]" time="0.732" /><testcase classname="tests.single.opbanning.test_op_banning" name="test_factory_banned_opcode[BLOCKHASH]" time="0.726" /><testcase classname="tests.single.opbanning.test_op_banning" name="test_factory_banned_opcode[CREATE]" time="0.748" /><testcase classname="tests.single.opbanning.test_op_banning" name="test_factory_banned_opcode[CREATE2]" time="0.747" /><testcase classname="tests.single.opbanning.test_op_banning" name="test_factory_banned_opcode[SELFDESTRUCT]" time="0.746" /><testcase classname="tests.single.reputation.test_reputation" name="test_staked_entity_reputation_threshold[with_factory]" time="6.062"><failure message="TypeError: deposit_to_undeployed_sender() missing 1 required positional argument: 'factory_data'">tests/single/reputation/test_reputation.py:95: in test_staked_entity_reputation_threshold
    wallet_ops = [
tests/single/reputation/test_reputation.py:97: in &lt;listcomp&gt;
    sender=deposit_to_undeployed_sender(
E   TypeError: deposit_to_undeployed_sender() missing 1 required positional argument: 'factory_data'</failure><system-out>--------------------------------- Captured Log ---------------------------------

--------------------------------- Captured Out ---------------------------------

</system-out><system-err>--------------------------------- Captured Err ---------------------------------

</system-err></testcase><testcase classname="tests.single.reputation.test_reputation" name="test_staked_entity_reputation_threshold[without_factory]" time="23.428"><failure message="ValueError: invalid literal for int() with base 16: 'ok'">tests/single/reputation/test_reputation.py:134: in test_staked_entity_reputation_threshold
    assert_reputation_status(
tests/single/reputation/test_reputation.py:49: in assert_reputation_status
    assert int(reputation.get("status", "-0x1"), 16) == status, (
E   ValueError: invalid literal for int() with base 16: 'ok'</failure><system-out>--------------------------------- Captured Log ---------------------------------

--------------------------------- Captured Out ---------------------------------

</system-out><system-err>--------------------------------- Captured Err ---------------------------------

</system-err></testcase><testcase classname="tests.single.rpc.test_eth_chainId" name="test_eth_chainId[]" time="0.008" /><testcase classname="tests.single.rpc.test_eth_estimateUserOperationGas" name="test_eth_estimateUserOperationGas[]" time="0.141" /><testcase classname="tests.single.rpc.test_eth_estimateUserOperationGas" name="test_eth_estimateUserOperationGas_execution_revert" time="0.132" /><testcase classname="tests.single.rpc.test_eth_estimateUserOperationGas" name="test_eth_estimateUserOperationGas_simulation_revert" time="0.130" /><testcase classname="tests.single.rpc.test_eth_getUserOperationByHash" name="test_eth_getUserOperationByHash[]" time="0.594" /><testcase classname="tests.single.rpc.test_eth_getUserOperationByHash" name="test_eth_getUserOperationByHash_error" time="0.003"><failure message="AssertionError: assert 'missing/invalid userophash' in 'invalid params'&#10; +  where 'missing/invalid userophash' = &lt;built-in method lower of str object at 0x7f1586b7aa60&gt;()&#10; +    where &lt;built-in method lower of str object at 0x7f1586b7aa60&gt; = 'Missing/invalid userOpHash'.lower&#10; +  and   'invalid params' = &lt;built-in method lower of str object at 0x7f158631b170&gt;()&#10; +    where &lt;built-in method lower of str object at 0x7f158631b170&gt; = 'Invalid params'.lower&#10; +      where 'Invalid params' = Error(code=-32602, message='Invalid params', data='invalid length 0, expected a (both 0x-prefixed or not) hex string or byte array containing 32 bytes at line 1 column 2', id=497).message">tests/single/rpc/test_eth_getUserOperationByHash.py:28: in test_eth_getUserOperationByHash_error
    assert_rpc_error(
tests/utils.py:155: in assert_rpc_error
    assert message.lower() in response.message.lower()
E   AssertionError: assert 'missing/invalid userophash' in 'invalid params'
E    +  where 'missing/invalid userophash' = &lt;built-in method lower of str object at 0x7f1586b7aa60&gt;()
E    +    where &lt;built-in method lower of str object at 0x7f1586b7aa60&gt; = 'Missing/invalid userOpHash'.lower
E    +  and   'invalid params' = &lt;built-in method lower of str object at 0x7f158631b170&gt;()
E    +    where &lt;built-in method lower of str object at 0x7f158631b170&gt; = 'Invalid params'.lower
E    +      where 'Invalid params' = Error(code=-32602, message='Invalid params', data='invalid length 0, expected a (both 0x-prefixed or not) hex string or byte array containing 32 bytes at line 1 column 2', id=497).message</failure><system-out>--------------------------------- Captured Log ---------------------------------

--------------------------------- Captured Out ---------------------------------

</system-out><system-err>--------------------------------- Captured Err ---------------------------------

</system-err></testcase><testcase classname="tests.single.rpc.test_eth_getUserOperationReceipt" name="test_eth_getUserOperationReceipt[]" time="0.510" /><testcase classname="tests.single.rpc.test_eth_getUserOperationReceipt" name="test_eth_getUserOperationReceipt_error" time="0.003"><failure message="AssertionError: assert 'missing/invalid userophash' in 'invalid params'&#10; +  where 'missing/invalid userophash' = &lt;built-in method lower of str object at 0x7f1586b7ae20&gt;()&#10; +    where &lt;built-in method lower of str object at 0x7f1586b7ae20&gt; = 'Missing/invalid userOpHash'.lower&#10; +  and   'invalid params' = &lt;built-in method lower of str object at 0x7f1585cb31b0&gt;()&#10; +    where &lt;built-in method lower of str object at 0x7f1585cb31b0&gt; = 'Invalid params'.lower&#10; +      where 'Invalid params' = Error(code=-32602, message='Invalid params', data='invalid length 0, expected a (both 0x-prefixed or not) hex string or byte array containing 32 bytes at line 1 column 2', id=501).message">tests/single/rpc/test_eth_getUserOperationReceipt.py:26: in test_eth_getUserOperationReceipt_error
    assert_rpc_error(
tests/utils.py:155: in assert_rpc_error
    assert message.lower() in response.message.lower()
E   AssertionError: assert 'missing/invalid userophash' in 'invalid params'
E    +  where 'missing/invalid userophash' = &lt;built-in method lower of str object at 0x7f1586b7ae20&gt;()
E    +    where &lt;built-in method lower of str object at 0x7f1586b7ae20&gt; = 'Missing/invalid userOpHash'.lower
E    +  and   'invalid params' = &lt;built-in method lower of str object at 0x7f1585cb31b0&gt;()
E    +    where &lt;built-in method lower of str object at 0x7f1585cb31b0&gt; = 'Invalid params'.lower
E    +      where 'Invalid params' = Error(code=-32602, message='Invalid params', data='invalid length 0, expected a (both 0x-prefixed or not) hex string or byte array containing 32 bytes at line 1 column 2', id=501).message</failure><system-out>--------------------------------- Captured Log ---------------------------------

--------------------------------- Captured Out ---------------------------------

</system-out><system-err>--------------------------------- Captured Err ---------------------------------

</system-err></testcase><testcase classname="tests.single.rpc.test_eth_sendUserOperation" name="test_eth_sendUserOperation[]" time="0.459" /><testcase classname="tests.single.rpc.test_eth_sendUserOperation" name="test_eth_sendUserOperation_revert" time="0.268" /><testcase classname="tests.single.rpc.test_eth_sendUserOperation" name="test_eth_sendUserOperation_invalid_signature" time="0.267"><failure message="AssertionError: assert 'invalid userop signature or paymaster signature' in 'invalid account signature'&#10; +  where 'invalid userop signature or paymaster signature' = &lt;built-in method lower of str object at 0x7f1586bac270&gt;()&#10; +    where &lt;built-in method lower of str object at 0x7f1586bac270&gt; = 'Invalid UserOp signature or paymaster signature'.lower&#10; +  and   'invalid account signature' = &lt;built-in method lower of str object at 0x7f1585d60bc0&gt;()&#10; +    where &lt;built-in method lower of str object at 0x7f1585d60bc0&gt; = 'Invalid account signature'.lower&#10; +      where 'Invalid account signature' = Error(code=-32507, message='Invalid account signature', data=None, id=506).message">tests/single/rpc/test_eth_sendUserOperation.py:38: in test_eth_sendUserOperation_invalid_signature
    assert_rpc_error(
tests/utils.py:155: in assert_rpc_error
    assert message.lower() in response.message.lower()
E   AssertionError: assert 'invalid userop signature or paymaster signature' in 'invalid account signature'
E    +  where 'invalid userop signature or paymaster signature' = &lt;built-in method lower of str object at 0x7f1586bac270&gt;()
E    +    where &lt;built-in method lower of str object at 0x7f1586bac270&gt; = 'Invalid UserOp signature or paymaster signature'.lower
E    +  and   'invalid account signature' = &lt;built-in method lower of str object at 0x7f1585d60bc0&gt;()
E    +    where &lt;built-in method lower of str object at 0x7f1585d60bc0&gt; = 'Invalid account signature'.lower
E    +      where 'Invalid account signature' = Error(code=-32507, message='Invalid account signature', data=None, id=506).message</failure><system-out>--------------------------------- Captured Log ---------------------------------

--------------------------------- Captured Out ---------------------------------

</system-out><system-err>--------------------------------- Captured Err ---------------------------------

</system-err></testcase><testcase classname="tests.single.rpc.test_eth_supportedEntryPoints" name="test_eth_supportedEntryPoints[]" time="0.014" /></testsuite></testsuites>