Wed Mar 27 15:42:45 UTC 2024: starting bundler /home/runner/work/bundler-test-executor/bundler-test-executor/bundlers/aabundler/aabundler.yml, name=aabundler
Wed Mar 27 15:43:13 UTC 2024: started bundler /home/runner/work/bundler-test-executor/bundler-test-executor/bundlers/aabundler/aabundler.yml, name=aabundler
============================= test session starts ==============================
platform linux -- Python 3.10.12, pytest-7.2.0, pluggy-1.0.0
rootdir: /home/runner/work/bundler-test-executor/bundler-test-executor/bundler-spec-tests
plugins: web3-5.31.1
collected 172 items

tests/single/bundle/test_bundle.py .....................                 [ 12%]
tests/single/bundle/test_codehash.py .                                   [ 12%]
tests/single/bundle/test_storage_rules.py .......................F...... [ 30%]
......................F...................F...............F              [ 64%]
tests/single/opbanning/test_op_banning.py .............................. [ 81%]
.................                                                        [ 91%]
tests/single/reputation/test_reputation.py ..                            [ 93%]
tests/single/rpc/test_eth_chainId.py .                                   [ 93%]
tests/single/rpc/test_eth_estimateUserOperationGas.py ...                [ 95%]
tests/single/rpc/test_eth_getUserOperationByHash.py ..                   [ 96%]
tests/single/rpc/test_eth_getUserOperationReceipt.py ..                  [ 97%]
tests/single/rpc/test_eth_sendUserOperation.py ...                       [ 99%]
tests/single/rpc/test_eth_supportedEntryPoints.py .                      [100%]

=================================== FAILURES ===================================
_______ test_rule[[STO-033]staked][paymaster][external_storage_read][ok] _______
tests/utils.py:98: in assert_ok
    assert response.result
E   AttributeError: 'Error' object has no attribute 'result'

The above exception was the direct cause of the following exception:
tests/single/bundle/test_storage_rules.py:772: in test_rule
    case.assert_func(response)
tests/utils.py:100: in assert_ok
    raise Exception(f"expected result object, got:\n{response}") from exc
E   Exception: expected result object, got:
E   Error(code=-32502, message='paymaster has forbidden read from 0x3ffab2b556746d62eba3a3bbb8b6b159ee1398d4 slot 0xaed3469875ad6750e818d667b5bd08036a9d5a353af5c0e81a03431a837a7b39', data={'paymaster': '0x8b0fa2f56013e5adf41cc2818afcb3963bab664d'}, id=247)
________ test_rule[[STO-033]staked][factory][external_storage_read][ok] ________
tests/utils.py:98: in assert_ok
    assert response.result
E   AttributeError: 'Error' object has no attribute 'result'

The above exception was the direct cause of the following exception:
tests/single/bundle/test_storage_rules.py:772: in test_rule
    case.assert_func(response)
tests/utils.py:100: in assert_ok
    raise Exception(f"expected result object, got:\n{response}") from exc
E   Exception: expected result object, got:
E   Error(code=-32502, message='factory has forbidden read from 0x63201ddbf31041bb6e5062eab3a33b86ad7bdbd1 slot 0xaed3469875ad6750e818d667b5bd08036a9d5a353af5c0e81a03431a837a7b39', data={'factory': '0x950f6034f90f11d5375f403f932f9922508caaa2'}, id=305)
________ test_rule[[STO-033]staked][account][external_storage_read][ok] ________
tests/utils.py:98: in assert_ok
    assert response.result
E   AttributeError: 'Error' object has no attribute 'result'

The above exception was the direct cause of the following exception:
tests/single/bundle/test_storage_rules.py:772: in test_rule
    case.assert_func(response)
tests/utils.py:100: in assert_ok
    raise Exception(f"expected result object, got:\n{response}") from exc
E   Exception: expected result object, got:
E   Error(code=-32502, message='account has forbidden read from 0xf1acbac0f6e5bca836799dccbccd7091867c1f3a slot 0xaed3469875ad6750e818d667b5bd08036a9d5a353af5c0e81a03431a837a7b39', data={'account': '0x8540dDb206dEcd55Cd5Ee220EbfD9DB488D82a6B'}, id=345)
_________________________ test_enough_verification_gas _________________________
tests/utils.py:105: in assert_rpc_error
    assert response.code == code
E   AttributeError: 'Ok' object has no attribute 'code'

The above exception was the direct cause of the following exception:
tests/single/bundle/test_storage_rules.py:849: in test_enough_verification_gas
    assert_rpc_error(
tests/utils.py:109: in assert_rpc_error
    raise Exception(error_message) from exc
E   Exception: Bundler failed to detect AA51 revert
----------------------------- Captured stdout call -----------------------------
Ok(result='0xecd255eccd13de68b9c68ef47d384eba02d57d25bd102cd6e74312ecbb745a29', id=379)
=============================== warnings summary ===============================
tests/single/bundle/test_codehash.py::test_codehash_changed
  /home/runner/work/bundler-test-executor/bundler-test-executor/bundler-spec-tests/.venv/lib/python3.10/site-packages/web3/contract.py:1190: UserWarning: The log with transaction hash: HexBytes('0xfd1d86fcfb8d04dbe4a5c6a2e7302d9304bffa73b0ead00ce577f984bf95bf71') and logIndex: 0 encountered the following error during processing: MismatchedABI(The event signature did not match the provided ABI). It has been discarded.
    warnings.warn(

tests/single/bundle/test_codehash.py::test_codehash_changed
  /home/runner/work/bundler-test-executor/bundler-test-executor/bundler-spec-tests/.venv/lib/python3.10/site-packages/web3/contract.py:1190: UserWarning: The log with transaction hash: HexBytes('0x6fe75b0d4516590bfcf27007d6eae8fdf4ee8b77424096f5584d6ee915b5be1d') and logIndex: 0 encountered the following error during processing: MismatchedABI(The event signature did not match the provided ABI). It has been discarded.
    warnings.warn(

tests/single/bundle/test_codehash.py::test_codehash_changed
  /home/runner/work/bundler-test-executor/bundler-test-executor/bundler-spec-tests/.venv/lib/python3.10/site-packages/web3/contract.py:1190: UserWarning: The log with transaction hash: HexBytes('0x7e6d271b99f78a26385046016b06fba8b2b6d00d03cbd3b18bbcb4ccb4cc5cc0') and logIndex: 0 encountered the following error during processing: MismatchedABI(The event signature did not match the provided ABI). It has been discarded.
    warnings.warn(

tests/single/bundle/test_codehash.py::test_codehash_changed
  /home/runner/work/bundler-test-executor/bundler-test-executor/bundler-spec-tests/.venv/lib/python3.10/site-packages/web3/contract.py:1190: UserWarning: The log with transaction hash: HexBytes('0x99e5a8c351ba1f7d5ffee0c92b0b42cdf458de2bb540b8352ed346cb17083cd5') and logIndex: 0 encountered the following error during processing: MismatchedABI(The event signature did not match the provided ABI). It has been discarded.
    warnings.warn(

-- Docs: https://docs.pytest.org/en/stable/how-to/capture-warnings.html
==================================== PASSES ====================================
- generated xml file: /home/runner/work/bundler-test-executor/bundler-test-executor/build/out/aabundler.xml -
=========================== short test summary info ============================
PASSED tests/single/bundle/test_bundle.py::test_bundle_replace_op[only_priority_fee_bump]
PASSED tests/single/bundle/test_bundle.py::test_bundle_replace_op[only_max_fee_bump]
PASSED tests/single/bundle/test_bundle.py::test_bundle_replace_op[with_same_fee]
PASSED tests/single/bundle/test_bundle.py::test_bundle_replace_op[with_less_fee]
PASSED tests/single/bundle/test_bundle.py::test_bundle_replace_op[fee_bump_below_threshold]
PASSED tests/single/bundle/test_bundle.py::test_bundle_replace_op[fee_bump_at_threshold]
PASSED tests/single/bundle/test_bundle.py::test_bundle_replace_op[fee_bump_above_threshold]
PASSED tests/single/bundle/test_bundle.py::test_mempool_reputation_rules_all_entities[SREP-020-banned-entity-not-allowed-banned-sender]
PASSED tests/single/bundle/test_bundle.py::test_mempool_reputation_rules_all_entities[SREP-020-banned-entity-not-allowed-banned-paymaster]
PASSED tests/single/bundle/test_bundle.py::test_mempool_reputation_rules_all_entities[SREP-020-banned-entity-not-allowed-banned-factory]
PASSED tests/single/bundle/test_bundle.py::test_mempool_reputation_rules_all_entities[SREP-030-throttled-entity-allowed-a-little-throttled-sender]
PASSED tests/single/bundle/test_bundle.py::test_mempool_reputation_rules_all_entities[SREP-030-throttled-entity-allowed-a-little-throttled-paymaster]
PASSED tests/single/bundle/test_bundle.py::test_mempool_reputation_rules_all_entities[SREP-030-throttled-entity-allowed-a-little-throttled-factory]
PASSED tests/single/bundle/test_bundle.py::test_mempool_reputation_rules_all_entities[UREP-010 UREP-020-unstaked-entity-allowed-function-unstaked-sender]
PASSED tests/single/bundle/test_bundle.py::test_mempool_reputation_rules_all_entities[UREP-010 UREP-020-unstaked-entity-allowed-function-unstaked-paymaster]
PASSED tests/single/bundle/test_bundle.py::test_mempool_reputation_rules_all_entities[UREP-010 UREP-020-unstaked-entity-allowed-function-unstaked-factory]
PASSED tests/single/bundle/test_bundle.py::test_max_allowed_ops_unstaked_sender
PASSED tests/single/bundle/test_bundle.py::test_max_allowed_ops_staked_sender
PASSED tests/single/bundle/test_bundle.py::test_ban_user_op_access_other_ops_sender_in_bundle
PASSED tests/single/bundle/test_bundle.py::test_ban_user_sender_double_role_in_bundle
PASSED tests/single/bundle/test_bundle.py::test_stake_check_in_bundler
PASSED tests/single/bundle/test_codehash.py::test_codehash_changed
PASSED tests/single/bundle/test_storage_rules.py::test_rule[[STO-000]unstaked][paymaster][no_storage][ok]
PASSED tests/single/bundle/test_storage_rules.py::test_rule[[STO-031]unstaked][paymaster][storage][drop]
PASSED tests/single/bundle/test_storage_rules.py::test_rule[[STO-032]unstaked][paymaster][reference_storage][drop]
PASSED tests/single/bundle/test_storage_rules.py::test_rule[[STO-032]unstaked][paymaster][reference_storage_struct][drop]
PASSED tests/single/bundle/test_storage_rules.py::test_rule[[STO-010]unstaked][paymaster][account_storage][ok]
PASSED tests/single/bundle/test_storage_rules.py::test_rule[[STO-021]unstaked][paymaster][account_reference_storage][ok]
PASSED tests/single/bundle/test_storage_rules.py::test_rule[[STO-021]unstaked][paymaster][account_reference_storage_struct][ok]
PASSED tests/single/bundle/test_storage_rules.py::test_rule[[STO-022]unstaked][paymaster][account_reference_storage_init_code][drop0]
PASSED tests/single/bundle/test_storage_rules.py::test_rule[[EREP-050]unstaked][paymaster][context][drop]
PASSED tests/single/bundle/test_storage_rules.py::test_rule[[STO-032]unstaked][paymaster][external_storage_read][drop]
PASSED tests/single/bundle/test_storage_rules.py::test_rule[[OP-020]unstaked][paymaster][out_of_gas][drop]
PASSED tests/single/bundle/test_storage_rules.py::test_rule[[OP-020]unstaked][paymaster][sstore_out_of_gas][drop]
PASSED tests/single/bundle/test_storage_rules.py::test_rule[[STO-000]staked][paymaster][no_storage][ok]
PASSED tests/single/bundle/test_storage_rules.py::test_rule[[STO-031]staked][paymaster][storage][ok]
PASSED tests/single/bundle/test_storage_rules.py::test_rule[[STO-032]staked][paymaster][reference_storage][ok]
PASSED tests/single/bundle/test_storage_rules.py::test_rule[[STO-032]staked][paymaster][reference_storage_struct][ok]
PASSED tests/single/bundle/test_storage_rules.py::test_rule[[STO-033]staked][paymaster][reference_storage_struct][ok]
PASSED tests/single/bundle/test_storage_rules.py::test_rule[[STO-010]staked][paymaster][account_storage][ok]
PASSED tests/single/bundle/test_storage_rules.py::test_rule[[STO-021]staked][paymaster][account_reference_storage][ok]
PASSED tests/single/bundle/test_storage_rules.py::test_rule[[STO-021]staked][paymaster][account_reference_storage_struct][ok]
PASSED tests/single/bundle/test_storage_rules.py::test_rule[[STO-022]staked][paymaster][account_reference_storage_init_code][ok]
PASSED tests/single/bundle/test_storage_rules.py::test_rule[[EREP-050]staked][paymaster][context][ok]
PASSED tests/single/bundle/test_storage_rules.py::test_rule[[STO-033]staked][paymaster][external_storage_write][drop]
PASSED tests/single/bundle/test_storage_rules.py::test_rule[[OP-020]staked][paymaster][out_of_gas][drop]
PASSED tests/single/bundle/test_storage_rules.py::test_rule[[OP-020]staked][paymaster][sstore_out_of_gas][drop]
PASSED tests/single/bundle/test_storage_rules.py::test_rule[[STO-000]unstaked][factory][no_storage][ok]
PASSED tests/single/bundle/test_storage_rules.py::test_rule[[STO-000]unstaked][factory][storage][drop]
PASSED tests/single/bundle/test_storage_rules.py::test_rule[[STO-000]unstaked][factory][reference_storage][drop]
PASSED tests/single/bundle/test_storage_rules.py::test_rule[[STO-032]unstaked][factory][reference_storage_struct][drop]
PASSED tests/single/bundle/test_storage_rules.py::test_rule[[STO-010]unstaked][factory][account_storage][ok]
PASSED tests/single/bundle/test_storage_rules.py::test_rule[[STO-021]unstaked][factory][account_reference_storage][drop]
PASSED tests/single/bundle/test_storage_rules.py::test_rule[[STO-021]unstaked][factory][account_reference_storage_struct][drop]
PASSED tests/single/bundle/test_storage_rules.py::test_rule[[STO-000]unstaked][factory][external_storage_read][drop]
PASSED tests/single/bundle/test_storage_rules.py::test_rule[[OP-042]unstaked][factory][EXTCODEx_CALLx_undeployed_sender][ok]
PASSED tests/single/bundle/test_storage_rules.py::test_rule[[OP-041]unstaked][factory][EXTCODESIZE_undeployed_contract][drop]
PASSED tests/single/bundle/test_storage_rules.py::test_rule[[OP-041]unstaked][factory][EXTCODEHASH_undeployed_contract][drop]
PASSED tests/single/bundle/test_storage_rules.py::test_rule[[OP-041]unstaked][factory][EXTCODECOPY_undeployed_contract][drop]
PASSED tests/single/bundle/test_storage_rules.py::test_rule[[OP-041]unstaked][factory][CALL_undeployed_contract][drop]
PASSED tests/single/bundle/test_storage_rules.py::test_rule[[OP-041]unstaked][factory][CALLCODE_undeployed_contract][drop]
PASSED tests/single/bundle/test_storage_rules.py::test_rule[[OP-041]unstaked][factory][DELEGATECALL_undeployed_contract][drop]
PASSED tests/single/bundle/test_storage_rules.py::test_rule[[OP-041]unstaked][factory][STATICCALL_undeployed_contract][drop]
PASSED tests/single/bundle/test_storage_rules.py::test_rule[[OP-020]unstaked][factory][out_of_gas][drop]
PASSED tests/single/bundle/test_storage_rules.py::test_rule[[OP-020]unstaked][factory][sstore_out_of_gas][drop]
PASSED tests/single/bundle/test_storage_rules.py::test_rule[[STO-000]staked][factory][no_storage][ok]
PASSED tests/single/bundle/test_storage_rules.py::test_rule[[STO-031]staked][factory][storage][ok]
PASSED tests/single/bundle/test_storage_rules.py::test_rule[[STO-032]staked][factory][reference_storage][ok]
PASSED tests/single/bundle/test_storage_rules.py::test_rule[[STO-032]staked][factory][reference_storage_struct][ok]
PASSED tests/single/bundle/test_storage_rules.py::test_rule[[STO-010]staked][factory][account_storage][ok]
PASSED tests/single/bundle/test_storage_rules.py::test_rule[[STO-021]staked][factory][account_reference_storage][ok]
PASSED tests/single/bundle/test_storage_rules.py::test_rule[[STO-021]staked][factory][account_reference_storage_struct][ok]
PASSED tests/single/bundle/test_storage_rules.py::test_rule[[STO-033]staked][factory][external_storage_write][drop]
PASSED tests/single/bundle/test_storage_rules.py::test_rule[[OP-020]staked][factory][out_of_gas][drop]
PASSED tests/single/bundle/test_storage_rules.py::test_rule[[OP-020]staked][factory][sstore_out_of_gas][drop]
PASSED tests/single/bundle/test_storage_rules.py::test_rule[[STO-000]unstaked][account][no_storage][ok]
PASSED tests/single/bundle/test_storage_rules.py::test_rule[[STO-010]unstaked][account][account_storage][ok]
PASSED tests/single/bundle/test_storage_rules.py::test_rule[[STO-021]unstaked][account][account_reference_storage][ok]
PASSED tests/single/bundle/test_storage_rules.py::test_rule[[STO-022]unstaked][account][account_reference_storage_init_code][drop]
PASSED tests/single/bundle/test_storage_rules.py::test_rule[[STO-022]unstaked][account][account_reference_storage_init_code][ok]
PASSED tests/single/bundle/test_storage_rules.py::test_rule[[STO-022]unstaked][paymaster][account_reference_storage_init_code][drop1]
PASSED tests/single/bundle/test_storage_rules.py::test_rule[[STO-021]unstaked][account][account_reference_storage_struct][ok]
PASSED tests/single/bundle/test_storage_rules.py::test_rule[[STO-000]unstaked][account][external_storage_read][drop]
PASSED tests/single/bundle/test_storage_rules.py::test_rule[[OP-020]unstaked][account][out_of_gas][drop]
PASSED tests/single/bundle/test_storage_rules.py::test_rule[[OP-020]unstaked][account][sstore_out_of_gas][drop]
PASSED tests/single/bundle/test_storage_rules.py::test_rule[[STO-000]staked][account][no_storage][ok]
PASSED tests/single/bundle/test_storage_rules.py::test_rule[[STO-010]staked][account][account_storage][ok]
PASSED tests/single/bundle/test_storage_rules.py::test_rule[[STO-021]staked][account][account_reference_storage][ok]
PASSED tests/single/bundle/test_storage_rules.py::test_rule[[STO-021]staked][account][account_reference_storage_struct][ok]
PASSED tests/single/bundle/test_storage_rules.py::test_rule[[OP-020]staked][account][out_of_gas][drop]
PASSED tests/single/bundle/test_storage_rules.py::test_rule[[OP-020]staked][account][sstore_out_of_gas][drop]
PASSED tests/single/bundle/test_storage_rules.py::test_rule[[STO-033]staked][account][external_storage_write][drop]
PASSED tests/single/bundle/test_storage_rules.py::test_rule[[OP-011]unstaked][account][entryPoint_call_balanceOf][drop]
PASSED tests/single/bundle/test_storage_rules.py::test_rule[[OP-061]unstaked][account][eth_value_transfer_forbidden][drop]
PASSED tests/single/bundle/test_storage_rules.py::test_rule[[OP-053]unstaked][account][eth_value_transfer_entryPoint][ok]
PASSED tests/single/bundle/test_storage_rules.py::test_rule[[OP-052]unstaked][account][eth_value_transfer_entryPoint_depositTo][ok]
PASSED tests/single/bundle/test_storage_rules.py::test_rule[[OP-041]unstaked][account][EXTCODESIZE_undeployed_contract][drop]
PASSED tests/single/bundle/test_storage_rules.py::test_rule[[OP-041]unstaked][account][EXTCODEHASH_undeployed_contract][drop]
PASSED tests/single/bundle/test_storage_rules.py::test_rule[[OP-041]unstaked][account][EXTCODECOPY_undeployed_contract][drop]
PASSED tests/single/bundle/test_storage_rules.py::test_rule[[OP-054]unstaked][account][EXTCODESIZE_entrypoint][drop]
PASSED tests/single/bundle/test_storage_rules.py::test_rule[[OP-054]unstaked][account][EXTCODEHASH_entrypoint][drop]
PASSED tests/single/bundle/test_storage_rules.py::test_rule[[OP-054]unstaked][account][EXTCODECOPY_entrypoint][drop]
PASSED tests/single/bundle/test_storage_rules.py::test_rule[[OP-041]unstaked][account][CALL_undeployed_contract][drop]
PASSED tests/single/bundle/test_storage_rules.py::test_rule[[OP-041]unstaked][account][CALLCODE_undeployed_contract][drop]
PASSED tests/single/bundle/test_storage_rules.py::test_rule[[OP-041]unstaked][account][DELEGATECALL_undeployed_contract][drop]
PASSED tests/single/bundle/test_storage_rules.py::test_rule[[OP-041]unstaked][account][STATICCALL_undeployed_contract][drop]
PASSED tests/single/bundle/test_storage_rules.py::test_rule[[OP-062]unstaked][account][CALL_undeployed_contract_allowed_precompile][ok]
PASSED tests/single/opbanning/test_op_banning.py::test_account_banned_opcode[GAS]
PASSED tests/single/opbanning/test_op_banning.py::test_account_banned_opcode[NUMBER]
PASSED tests/single/opbanning/test_op_banning.py::test_account_banned_opcode[TIMESTAMP]
PASSED tests/single/opbanning/test_op_banning.py::test_account_banned_opcode[COINBASE]
PASSED tests/single/opbanning/test_op_banning.py::test_account_banned_opcode[DIFFICULTY]
PASSED tests/single/opbanning/test_op_banning.py::test_account_banned_opcode[BASEFEE]
PASSED tests/single/opbanning/test_op_banning.py::test_account_banned_opcode[GASLIMIT]
PASSED tests/single/opbanning/test_op_banning.py::test_account_banned_opcode[GASPRICE]
PASSED tests/single/opbanning/test_op_banning.py::test_account_banned_opcode[SELFBALANCE]
PASSED tests/single/opbanning/test_op_banning.py::test_account_banned_opcode[BALANCE]
PASSED tests/single/opbanning/test_op_banning.py::test_account_banned_opcode[ORIGIN]
PASSED tests/single/opbanning/test_op_banning.py::test_account_banned_opcode[BLOCKHASH]
PASSED tests/single/opbanning/test_op_banning.py::test_account_banned_opcode[CREATE]
PASSED tests/single/opbanning/test_op_banning.py::test_account_banned_opcode[CREATE2]
PASSED tests/single/opbanning/test_op_banning.py::test_account_banned_opcode[SELFDESTRUCT]
PASSED tests/single/opbanning/test_op_banning.py::test_account_allowed_opcode_sequence[GAS CALL]
PASSED tests/single/opbanning/test_op_banning.py::test_account_allowed_opcode_sequence[GAS DELEGATECALL]
PASSED tests/single/opbanning/test_op_banning.py::test_paymaster_banned_opcode[GAS]
PASSED tests/single/opbanning/test_op_banning.py::test_paymaster_banned_opcode[NUMBER]
PASSED tests/single/opbanning/test_op_banning.py::test_paymaster_banned_opcode[TIMESTAMP]
PASSED tests/single/opbanning/test_op_banning.py::test_paymaster_banned_opcode[COINBASE]
PASSED tests/single/opbanning/test_op_banning.py::test_paymaster_banned_opcode[DIFFICULTY]
PASSED tests/single/opbanning/test_op_banning.py::test_paymaster_banned_opcode[BASEFEE]
PASSED tests/single/opbanning/test_op_banning.py::test_paymaster_banned_opcode[GASLIMIT]
PASSED tests/single/opbanning/test_op_banning.py::test_paymaster_banned_opcode[GASPRICE]
PASSED tests/single/opbanning/test_op_banning.py::test_paymaster_banned_opcode[SELFBALANCE]
PASSED tests/single/opbanning/test_op_banning.py::test_paymaster_banned_opcode[BALANCE]
PASSED tests/single/opbanning/test_op_banning.py::test_paymaster_banned_opcode[ORIGIN]
PASSED tests/single/opbanning/test_op_banning.py::test_paymaster_banned_opcode[BLOCKHASH]
PASSED tests/single/opbanning/test_op_banning.py::test_paymaster_banned_opcode[CREATE]
PASSED tests/single/opbanning/test_op_banning.py::test_paymaster_banned_opcode[CREATE2]
PASSED tests/single/opbanning/test_op_banning.py::test_paymaster_banned_opcode[SELFDESTRUCT]
PASSED tests/single/opbanning/test_op_banning.py::test_factory_banned_opcode[GAS]
PASSED tests/single/opbanning/test_op_banning.py::test_factory_banned_opcode[NUMBER]
PASSED tests/single/opbanning/test_op_banning.py::test_factory_banned_opcode[TIMESTAMP]
PASSED tests/single/opbanning/test_op_banning.py::test_factory_banned_opcode[COINBASE]
PASSED tests/single/opbanning/test_op_banning.py::test_factory_banned_opcode[DIFFICULTY]
PASSED tests/single/opbanning/test_op_banning.py::test_factory_banned_opcode[BASEFEE]
PASSED tests/single/opbanning/test_op_banning.py::test_factory_banned_opcode[GASLIMIT]
PASSED tests/single/opbanning/test_op_banning.py::test_factory_banned_opcode[GASPRICE]
PASSED tests/single/opbanning/test_op_banning.py::test_factory_banned_opcode[SELFBALANCE]
PASSED tests/single/opbanning/test_op_banning.py::test_factory_banned_opcode[BALANCE]
PASSED tests/single/opbanning/test_op_banning.py::test_factory_banned_opcode[ORIGIN]
PASSED tests/single/opbanning/test_op_banning.py::test_factory_banned_opcode[BLOCKHASH]
PASSED tests/single/opbanning/test_op_banning.py::test_factory_banned_opcode[CREATE]
PASSED tests/single/opbanning/test_op_banning.py::test_factory_banned_opcode[CREATE2]
PASSED tests/single/opbanning/test_op_banning.py::test_factory_banned_opcode[SELFDESTRUCT]
PASSED tests/single/reputation/test_reputation.py::test_staked_entity_reputation_threshold[with_factory]
PASSED tests/single/reputation/test_reputation.py::test_staked_entity_reputation_threshold[without_factory]
PASSED tests/single/rpc/test_eth_chainId.py::test_eth_chainId[]
PASSED tests/single/rpc/test_eth_estimateUserOperationGas.py::test_eth_estimateUserOperationGas[]
PASSED tests/single/rpc/test_eth_estimateUserOperationGas.py::test_eth_estimateUserOperationGas_execution_revert
PASSED tests/single/rpc/test_eth_estimateUserOperationGas.py::test_eth_estimateUserOperationGas_simulation_revert
PASSED tests/single/rpc/test_eth_getUserOperationByHash.py::test_eth_getUserOperationByHash[]
PASSED tests/single/rpc/test_eth_getUserOperationByHash.py::test_eth_getUserOperationByHash_error
PASSED tests/single/rpc/test_eth_getUserOperationReceipt.py::test_eth_getUserOperationReceipt[]
PASSED tests/single/rpc/test_eth_getUserOperationReceipt.py::test_eth_getUserOperationReceipt_error
PASSED tests/single/rpc/test_eth_sendUserOperation.py::test_eth_sendUserOperation[]
PASSED tests/single/rpc/test_eth_sendUserOperation.py::test_eth_sendUserOperation_revert
PASSED tests/single/rpc/test_eth_sendUserOperation.py::test_eth_sendUserOperation_invalid_signature
PASSED tests/single/rpc/test_eth_supportedEntryPoints.py::test_eth_supportedEntryPoints[]
FAILED tests/single/bundle/test_storage_rules.py::test_rule[[STO-033]staked][paymaster][external_storage_read][ok] - Exception: expected result object, got:
Error(code=-32502, message='paymaster has forbidden read from 0x3ffab2b556746d62eba3a3bbb8b6b159ee1398d4 slot 0xaed3469875ad6750e818d667b5bd08036a9d5a353af5c0e81a03431a837a7b39', data={'paymaster': '0x8b0fa2f56013e5adf41cc2818afcb3963bab664d'}, id=247)
FAILED tests/single/bundle/test_storage_rules.py::test_rule[[STO-033]staked][factory][external_storage_read][ok] - Exception: expected result object, got:
Error(code=-32502, message='factory has forbidden read from 0x63201ddbf31041bb6e5062eab3a33b86ad7bdbd1 slot 0xaed3469875ad6750e818d667b5bd08036a9d5a353af5c0e81a03431a837a7b39', data={'factory': '0x950f6034f90f11d5375f403f932f9922508caaa2'}, id=305)
FAILED tests/single/bundle/test_storage_rules.py::test_rule[[STO-033]staked][account][external_storage_read][ok] - Exception: expected result object, got:
Error(code=-32502, message='account has forbidden read from 0xf1acbac0f6e5bca836799dccbccd7091867c1f3a slot 0xaed3469875ad6750e818d667b5bd08036a9d5a353af5c0e81a03431a837a7b39', data={'account': '0x8540dDb206dEcd55Cd5Ee220EbfD9DB488D82a6B'}, id=345)
FAILED tests/single/bundle/test_storage_rules.py::test_enough_verification_gas - Exception: Bundler failed to detect AA51 revert
============ 4 failed, 168 passed, 4 warnings in 383.62s (0:06:23) =============
Wed Mar 27 15:49:38 UTC 2024: done bundler /home/runner/work/bundler-test-executor/bundler-test-executor/bundlers/aabundler/aabundler.yml, name=aabundler
              Container                           Repository                Tag          Image Id       Size  
--------------------------------------------------------------------------------------------------------------
bundler-test-executor_bundler-waiter_1   curlimages/curl                latest         79009b90fb07   17.29 MB
bundler-test-executor_bundler_1          accountabstraction/bundler     0.6.2          0429f0039bf6   200.6 MB
bundler-test-executor_deployer_1         accountabstraction/deployer    0.6            7e3c6d5f0f4d   143.1 MB
bundler-test-executor_funder_1           bundler-test-executor_funder   latest         e112489edc6a   154.4 MB
geth-1.13                                ethereum/client-go             release-1.13   fff3031b0ba3   66.71 MB
