<?xml version="1.0" encoding="utf-8"?><testsuites><testsuite name="voltaire" errors="0" failures="56" skipped="0" tests="172" time="39.739" timestamp="2024-03-27T16:24:43.583040" hostname="fv-az1391-151"><testcase classname="tests.single.bundle.test_bundle" name="test_bundle_replace_op[only_priority_fee_bump]" time="0.057"><failure message="AttributeError: 'Error' object has no attribute 'result'">tests/single/bundle/test_bundle.py:81: in test_bundle_replace_op
    assert new_op.send().result
E   AttributeError: 'Error' object has no attribute 'result'</failure><system-out>--------------------------------- Captured Log ---------------------------------

--------------------------------- Captured Out ---------------------------------

</system-out><system-err>--------------------------------- Captured Err ---------------------------------

</system-err></testcase><testcase classname="tests.single.bundle.test_bundle" name="test_bundle_replace_op[only_max_fee_bump]" time="0.027"><failure message="AttributeError: 'Error' object has no attribute 'result'">tests/single/bundle/test_bundle.py:81: in test_bundle_replace_op
    assert new_op.send().result
E   AttributeError: 'Error' object has no attribute 'result'</failure><system-out>--------------------------------- Captured Log ---------------------------------

--------------------------------- Captured Out ---------------------------------

</system-out><system-err>--------------------------------- Captured Err ---------------------------------

</system-err></testcase><testcase classname="tests.single.bundle.test_bundle" name="test_bundle_replace_op[with_same_fee]" time="0.026"><failure message="AttributeError: 'Error' object has no attribute 'result'">tests/single/bundle/test_bundle.py:81: in test_bundle_replace_op
    assert new_op.send().result
E   AttributeError: 'Error' object has no attribute 'result'</failure><system-out>--------------------------------- Captured Log ---------------------------------

--------------------------------- Captured Out ---------------------------------

</system-out><system-err>--------------------------------- Captured Err ---------------------------------

</system-err></testcase><testcase classname="tests.single.bundle.test_bundle" name="test_bundle_replace_op[with_less_fee]" time="0.026"><failure message="AttributeError: 'Error' object has no attribute 'result'">tests/single/bundle/test_bundle.py:81: in test_bundle_replace_op
    assert new_op.send().result
E   AttributeError: 'Error' object has no attribute 'result'</failure><system-out>--------------------------------- Captured Log ---------------------------------

--------------------------------- Captured Out ---------------------------------

</system-out><system-err>--------------------------------- Captured Err ---------------------------------

</system-err></testcase><testcase classname="tests.single.bundle.test_bundle" name="test_bundle_replace_op[fee_bump_below_threshold]" time="0.026"><failure message="AttributeError: 'Error' object has no attribute 'result'">tests/single/bundle/test_bundle.py:81: in test_bundle_replace_op
    assert new_op.send().result
E   AttributeError: 'Error' object has no attribute 'result'</failure><system-out>--------------------------------- Captured Log ---------------------------------

--------------------------------- Captured Out ---------------------------------

</system-out><system-err>--------------------------------- Captured Err ---------------------------------

</system-err></testcase><testcase classname="tests.single.bundle.test_bundle" name="test_bundle_replace_op[fee_bump_at_threshold]" time="0.026"><failure message="AttributeError: 'Error' object has no attribute 'result'">tests/single/bundle/test_bundle.py:81: in test_bundle_replace_op
    assert new_op.send().result
E   AttributeError: 'Error' object has no attribute 'result'</failure><system-out>--------------------------------- Captured Log ---------------------------------

--------------------------------- Captured Out ---------------------------------

</system-out><system-err>--------------------------------- Captured Err ---------------------------------

</system-err></testcase><testcase classname="tests.single.bundle.test_bundle" name="test_bundle_replace_op[fee_bump_above_threshold]" time="0.025"><failure message="AttributeError: 'Error' object has no attribute 'result'">tests/single/bundle/test_bundle.py:81: in test_bundle_replace_op
    assert new_op.send().result
E   AttributeError: 'Error' object has no attribute 'result'</failure><system-out>--------------------------------- Captured Log ---------------------------------

--------------------------------- Captured Out ---------------------------------

</system-out><system-err>--------------------------------- Captured Err ---------------------------------

</system-err></testcase><testcase classname="tests.single.bundle.test_bundle" name="test_mempool_reputation_rules_all_entities[SREP-020-banned-entity-not-allowed-banned-sender]" time="0.471"><failure message="AttributeError: 'Error' object has no attribute 'result'">tests/single/bundle/test_bundle.py:148: in test_mempool_reputation_rules_all_entities
    set_reputation(
tests/utils.py:213: in set_reputation
    )
E   AttributeError: 'Error' object has no attribute 'result'</failure><system-out>--------------------------------- Captured Log ---------------------------------

--------------------------------- Captured Out ---------------------------------

</system-out><system-err>--------------------------------- Captured Err ---------------------------------

</system-err></testcase><testcase classname="tests.single.bundle.test_bundle" name="test_mempool_reputation_rules_all_entities[SREP-020-banned-entity-not-allowed-banned-paymaster]" time="0.348"><failure message="AttributeError: 'Error' object has no attribute 'result'">tests/single/bundle/test_bundle.py:154: in test_mempool_reputation_rules_all_entities
    set_reputation(
tests/utils.py:213: in set_reputation
    )
E   AttributeError: 'Error' object has no attribute 'result'</failure><system-out>--------------------------------- Captured Log ---------------------------------

--------------------------------- Captured Out ---------------------------------

</system-out><system-err>--------------------------------- Captured Err ---------------------------------

</system-err></testcase><testcase classname="tests.single.bundle.test_bundle" name="test_mempool_reputation_rules_all_entities[SREP-020-banned-entity-not-allowed-banned-factory]" time="0.345"><failure message="AttributeError: 'Error' object has no attribute 'result'">tests/single/bundle/test_bundle.py:160: in test_mempool_reputation_rules_all_entities
    set_reputation(
tests/utils.py:213: in set_reputation
    )
E   AttributeError: 'Error' object has no attribute 'result'</failure><system-out>--------------------------------- Captured Log ---------------------------------

--------------------------------- Captured Out ---------------------------------

</system-out><system-err>--------------------------------- Captured Err ---------------------------------

</system-err></testcase><testcase classname="tests.single.bundle.test_bundle" name="test_mempool_reputation_rules_all_entities[SREP-030-throttled-entity-allowed-a-little-throttled-sender]" time="0.244"><failure message="AttributeError: 'Error' object has no attribute 'result'">tests/single/bundle/test_bundle.py:148: in test_mempool_reputation_rules_all_entities
    set_reputation(
tests/utils.py:213: in set_reputation
    )
E   AttributeError: 'Error' object has no attribute 'result'</failure><system-out>--------------------------------- Captured Log ---------------------------------

--------------------------------- Captured Out ---------------------------------

</system-out><system-err>--------------------------------- Captured Err ---------------------------------

</system-err></testcase><testcase classname="tests.single.bundle.test_bundle" name="test_mempool_reputation_rules_all_entities[SREP-030-throttled-entity-allowed-a-little-throttled-paymaster]" time="0.344"><failure message="AttributeError: 'Error' object has no attribute 'result'">tests/single/bundle/test_bundle.py:154: in test_mempool_reputation_rules_all_entities
    set_reputation(
tests/utils.py:213: in set_reputation
    )
E   AttributeError: 'Error' object has no attribute 'result'</failure><system-out>--------------------------------- Captured Log ---------------------------------

--------------------------------- Captured Out ---------------------------------

</system-out><system-err>--------------------------------- Captured Err ---------------------------------

</system-err></testcase><testcase classname="tests.single.bundle.test_bundle" name="test_mempool_reputation_rules_all_entities[SREP-030-throttled-entity-allowed-a-little-throttled-factory]" time="0.347"><failure message="AttributeError: 'Error' object has no attribute 'result'">tests/single/bundle/test_bundle.py:160: in test_mempool_reputation_rules_all_entities
    set_reputation(
tests/utils.py:213: in set_reputation
    )
E   AttributeError: 'Error' object has no attribute 'result'</failure><system-out>--------------------------------- Captured Log ---------------------------------

--------------------------------- Captured Out ---------------------------------

</system-out><system-err>--------------------------------- Captured Err ---------------------------------

</system-err></testcase><testcase classname="tests.single.bundle.test_bundle" name="test_mempool_reputation_rules_all_entities[UREP-010 UREP-020-unstaked-entity-allowed-function-unstaked-sender]" time="0.263"><failure message="AttributeError: 'Error' object has no attribute 'result'">tests/single/bundle/test_bundle.py:148: in test_mempool_reputation_rules_all_entities
    set_reputation(
tests/utils.py:213: in set_reputation
    )
E   AttributeError: 'Error' object has no attribute 'result'</failure><system-out>--------------------------------- Captured Log ---------------------------------

--------------------------------- Captured Out ---------------------------------

</system-out><system-err>--------------------------------- Captured Err ---------------------------------

</system-err></testcase><testcase classname="tests.single.bundle.test_bundle" name="test_mempool_reputation_rules_all_entities[UREP-010 UREP-020-unstaked-entity-allowed-function-unstaked-paymaster]" time="0.345"><failure message="AttributeError: 'Error' object has no attribute 'result'">tests/single/bundle/test_bundle.py:154: in test_mempool_reputation_rules_all_entities
    set_reputation(
tests/utils.py:213: in set_reputation
    )
E   AttributeError: 'Error' object has no attribute 'result'</failure><system-out>--------------------------------- Captured Log ---------------------------------

--------------------------------- Captured Out ---------------------------------

</system-out><system-err>--------------------------------- Captured Err ---------------------------------

</system-err></testcase><testcase classname="tests.single.bundle.test_bundle" name="test_mempool_reputation_rules_all_entities[UREP-010 UREP-020-unstaked-entity-allowed-function-unstaked-factory]" time="0.344"><failure message="AttributeError: 'Error' object has no attribute 'result'">tests/single/bundle/test_bundle.py:160: in test_mempool_reputation_rules_all_entities
    set_reputation(
tests/utils.py:213: in set_reputation
    )
E   AttributeError: 'Error' object has no attribute 'result'</failure><system-out>--------------------------------- Captured Log ---------------------------------

--------------------------------- Captured Out ---------------------------------

</system-out><system-err>--------------------------------- Captured Err ---------------------------------

</system-err></testcase><testcase classname="tests.single.bundle.test_bundle" name="test_max_allowed_ops_unstaked_sender" time="0.429" /><testcase classname="tests.single.bundle.test_bundle" name="test_max_allowed_ops_staked_sender" time="0.408" /><testcase classname="tests.single.bundle.test_bundle" name="test_ban_user_op_access_other_ops_sender_in_bundle" time="0.312"><failure message="AssertionError: assert [] == [UserOperatio...gnature='0x')]&#10;  Right contains one more item: UserOperation(sender='0x0e23772FB0970AAAD403DDD106f17EBFFbe3253E', nonce='0x0', initCode='0x', callData='0x', callGasL...tionGas='0x493e0', maxFeePerGas='0xee6b2800', maxPriorityFeePerGas='0xb2d05e00', paymasterAndData='0x', signature='0x')&#10;  Full diff:&#10;    [&#10;  +  ,&#10;  -  UserOperation(sender='0x0e23772FB0970AAAD403DDD106f17EBFFbe3253E',&#10;  -                nonce='0x0',&#10;  -                initCode='0x',&#10;  -                callData='0x',&#10;  -                callGasLimit='0x493e0',&#10;  -                verificationGasLimit='0xf4240',&#10;  -                preVerificationGas='0x493e0',&#10;  -                maxFeePerGas='0xee6b2800',&#10;  -                maxPriorityFeePerGas='0xb2d05e00',&#10;  -                paymasterAndData='0x',&#10;  -                signature='0x'),&#10;    ]">tests/single/bundle/test_bundle.py:319: in test_ban_user_op_access_other_ops_sender_in_bundle
    assert dump_mempool() == [user_op2]
E   AssertionError: assert [] == [UserOperatio...gnature='0x')]
E     Right contains one more item: UserOperation(sender='0x0e23772FB0970AAAD403DDD106f17EBFFbe3253E', nonce='0x0', initCode='0x', callData='0x', callGasL...tionGas='0x493e0', maxFeePerGas='0xee6b2800', maxPriorityFeePerGas='0xb2d05e00', paymasterAndData='0x', signature='0x')
E     Full diff:
E       [
E     +  ,
E     -  UserOperation(sender='0x0e23772FB0970AAAD403DDD106f17EBFFbe3253E',
E     -                nonce='0x0',
E     -                initCode='0x',
E     -                callData='0x',
E     -                callGasLimit='0x493e0',
E     -                verificationGasLimit='0xf4240',
E     -                preVerificationGas='0x493e0',
E     -                maxFeePerGas='0xee6b2800',
E     -                maxPriorityFeePerGas='0xb2d05e00',
E     -                paymasterAndData='0x',
E     -                signature='0x'),
E       ]</failure><system-out>--------------------------------- Captured Log ---------------------------------

--------------------------------- Captured Out ---------------------------------

</system-out><system-err>--------------------------------- Captured Err ---------------------------------

</system-err></testcase><testcase classname="tests.single.bundle.test_bundle" name="test_ban_user_sender_double_role_in_bundle" time="0.193"><failure message="Exception: expected error object, got:&#10;Ok(result='0x052ca966286d1879e86f0977a5882a2b506862d28093d0e98bc39a5c7a770d20', id=90)">tests/utils.py:105: in assert_rpc_error
    assert response.code == code
E   AttributeError: 'Ok' object has no attribute 'code'

The above exception was the direct cause of the following exception:
tests/single/bundle/test_bundle.py:359: in test_ban_user_sender_double_role_in_bundle
    assert_rpc_error(
tests/utils.py:110: in assert_rpc_error
    raise Exception(f"expected error object, got:\n{response}") from exc
E   Exception: expected error object, got:
E   Ok(result='0x052ca966286d1879e86f0977a5882a2b506862d28093d0e98bc39a5c7a770d20', id=90)</failure><system-out>--------------------------------- Captured Log ---------------------------------

--------------------------------- Captured Out ---------------------------------

</system-out><system-err>--------------------------------- Captured Err ---------------------------------

</system-err></testcase><testcase classname="tests.single.bundle.test_bundle" name="test_stake_check_in_bundler" time="0.144"><failure message="AttributeError: 'Error' object has no attribute 'result'">tests/single/bundle/test_bundle.py:382: in test_stake_check_in_bundler
    response = get_stake_status(paymaster_contract.address, entrypoint_contract.address)
tests/utils.py:178: in get_stake_status
    .result
E   AttributeError: 'Error' object has no attribute 'result'</failure><system-out>--------------------------------- Captured Log ---------------------------------

--------------------------------- Captured Out ---------------------------------

</system-out><system-err>--------------------------------- Captured Err ---------------------------------

</system-err></testcase><testcase classname="tests.single.bundle.test_codehash" name="test_codehash_changed" time="0.434" /><testcase classname="tests.single.bundle.test_storage_rules" name="test_rule[[STO-000]unstaked][paymaster][no_storage][ok]" time="0.216" /><testcase classname="tests.single.bundle.test_storage_rules" name="test_rule[[STO-031]unstaked][paymaster][storage][drop]" time="0.215" /><testcase classname="tests.single.bundle.test_storage_rules" name="test_rule[[STO-032]unstaked][paymaster][reference_storage][drop]" time="0.218" /><testcase classname="tests.single.bundle.test_storage_rules" name="test_rule[[STO-032]unstaked][paymaster][reference_storage_struct][drop]" time="0.220" /><testcase classname="tests.single.bundle.test_storage_rules" name="test_rule[[STO-010]unstaked][paymaster][account_storage][ok]" time="0.224" /><testcase classname="tests.single.bundle.test_storage_rules" name="test_rule[[STO-021]unstaked][paymaster][account_reference_storage][ok]" time="0.228" /><testcase classname="tests.single.bundle.test_storage_rules" name="test_rule[[STO-021]unstaked][paymaster][account_reference_storage_struct][ok]" time="0.327" /><testcase classname="tests.single.bundle.test_storage_rules" name="test_rule[[STO-022]unstaked][paymaster][account_reference_storage_init_code][drop0]" time="0.424" /><testcase classname="tests.single.bundle.test_storage_rules" name="test_rule[[EREP-050]unstaked][paymaster][context][drop]" time="0.199" /><testcase classname="tests.single.bundle.test_storage_rules" name="test_rule[[STO-032]unstaked][paymaster][external_storage_read][drop]" time="0.219" /><testcase classname="tests.single.bundle.test_storage_rules" name="test_rule[[OP-020]unstaked][paymaster][out_of_gas][drop]" time="0.243"><failure message="AttributeError: 'Ok' object has no attribute 'message'">tests/single/bundle/test_storage_rules.py:772: in test_rule
    case.assert_func(response)
tests/single/bundle/test_storage_rules.py:22: in assert_error
    assert_rpc_error(response, response.message, RPCErrorCode.BANNED_OPCODE)
E   AttributeError: 'Ok' object has no attribute 'message'</failure><system-out>--------------------------------- Captured Log ---------------------------------

--------------------------------- Captured Out ---------------------------------

</system-out><system-err>--------------------------------- Captured Err ---------------------------------

</system-err></testcase><testcase classname="tests.single.bundle.test_storage_rules" name="test_rule[[OP-020]unstaked][paymaster][sstore_out_of_gas][drop]" time="0.222" /><testcase classname="tests.single.bundle.test_storage_rules" name="test_rule[[STO-000]staked][paymaster][no_storage][ok]" time="0.263" /><testcase classname="tests.single.bundle.test_storage_rules" name="test_rule[[STO-031]staked][paymaster][storage][ok]" time="0.241" /><testcase classname="tests.single.bundle.test_storage_rules" name="test_rule[[STO-032]staked][paymaster][reference_storage][ok]" time="0.246" /><testcase classname="tests.single.bundle.test_storage_rules" name="test_rule[[STO-032]staked][paymaster][reference_storage_struct][ok]" time="0.245" /><testcase classname="tests.single.bundle.test_storage_rules" name="test_rule[[STO-033]staked][paymaster][reference_storage_struct][ok]" time="0.247" /><testcase classname="tests.single.bundle.test_storage_rules" name="test_rule[[STO-010]staked][paymaster][account_storage][ok]" time="0.243" /><testcase classname="tests.single.bundle.test_storage_rules" name="test_rule[[STO-021]staked][paymaster][account_reference_storage][ok]" time="0.244" /><testcase classname="tests.single.bundle.test_storage_rules" name="test_rule[[STO-021]staked][paymaster][account_reference_storage_struct][ok]" time="0.265" /><testcase classname="tests.single.bundle.test_storage_rules" name="test_rule[[STO-022]staked][paymaster][account_reference_storage_init_code][ok]" time="0.450" /><testcase classname="tests.single.bundle.test_storage_rules" name="test_rule[[EREP-050]staked][paymaster][context][ok]" time="0.226" /><testcase classname="tests.single.bundle.test_storage_rules" name="test_rule[[STO-033]staked][paymaster][external_storage_write][drop]" time="0.243" /><testcase classname="tests.single.bundle.test_storage_rules" name="test_rule[[STO-033]staked][paymaster][external_storage_read][ok]" time="0.240"><failure message="Exception: expected result object, got:&#10;Error(code=-32502, message='paymaster : 0xb7d22b87f1b3264d7cf6c14a1e98c7b89fd401d6 banned access to slot aed3469875ad6750e818d667b5bd08036a9d5a353af5c0e81a03431a837a7b39 at contract : 0xee3ed0d0c7d6ba8371a7a3df39050f88bca03c05', data=None, id=155)">tests/utils.py:98: in assert_ok
    assert response.result
E   AttributeError: 'Error' object has no attribute 'result'

The above exception was the direct cause of the following exception:
tests/single/bundle/test_storage_rules.py:772: in test_rule
    case.assert_func(response)
tests/utils.py:100: in assert_ok
    raise Exception(f"expected result object, got:\n{response}") from exc
E   Exception: expected result object, got:
E   Error(code=-32502, message='paymaster : 0xb7d22b87f1b3264d7cf6c14a1e98c7b89fd401d6 banned access to slot aed3469875ad6750e818d667b5bd08036a9d5a353af5c0e81a03431a837a7b39 at contract : 0xee3ed0d0c7d6ba8371a7a3df39050f88bca03c05', data=None, id=155)</failure><system-out>--------------------------------- Captured Log ---------------------------------

--------------------------------- Captured Out ---------------------------------

</system-out><system-err>--------------------------------- Captured Err ---------------------------------

</system-err></testcase><testcase classname="tests.single.bundle.test_storage_rules" name="test_rule[[OP-020]staked][paymaster][out_of_gas][drop]" time="0.263"><failure message="AttributeError: 'Ok' object has no attribute 'message'">tests/single/bundle/test_storage_rules.py:772: in test_rule
    case.assert_func(response)
tests/single/bundle/test_storage_rules.py:22: in assert_error
    assert_rpc_error(response, response.message, RPCErrorCode.BANNED_OPCODE)
E   AttributeError: 'Ok' object has no attribute 'message'</failure><system-out>--------------------------------- Captured Log ---------------------------------

--------------------------------- Captured Out ---------------------------------

</system-out><system-err>--------------------------------- Captured Err ---------------------------------

</system-err></testcase><testcase classname="tests.single.bundle.test_storage_rules" name="test_rule[[OP-020]staked][paymaster][sstore_out_of_gas][drop]" time="0.349"><failure message="AttributeError: 'Ok' object has no attribute 'message'">tests/single/bundle/test_storage_rules.py:772: in test_rule
    case.assert_func(response)
tests/single/bundle/test_storage_rules.py:22: in assert_error
    assert_rpc_error(response, response.message, RPCErrorCode.BANNED_OPCODE)
E   AttributeError: 'Ok' object has no attribute 'message'</failure><system-out>--------------------------------- Captured Log ---------------------------------

--------------------------------- Captured Out ---------------------------------

</system-out><system-err>--------------------------------- Captured Err ---------------------------------

</system-err></testcase><testcase classname="tests.single.bundle.test_storage_rules" name="test_rule[[STO-000]unstaked][factory][no_storage][ok]" time="0.273" /><testcase classname="tests.single.bundle.test_storage_rules" name="test_rule[[STO-000]unstaked][factory][storage][drop]" time="0.272" /><testcase classname="tests.single.bundle.test_storage_rules" name="test_rule[[STO-000]unstaked][factory][reference_storage][drop]" time="0.274" /><testcase classname="tests.single.bundle.test_storage_rules" name="test_rule[[STO-032]unstaked][factory][reference_storage_struct][drop]" time="0.275" /><testcase classname="tests.single.bundle.test_storage_rules" name="test_rule[[STO-010]unstaked][factory][account_storage][ok]" time="0.279" /><testcase classname="tests.single.bundle.test_storage_rules" name="test_rule[[STO-021]unstaked][factory][account_reference_storage][drop]" time="0.275" /><testcase classname="tests.single.bundle.test_storage_rules" name="test_rule[[STO-021]unstaked][factory][account_reference_storage_struct][drop]" time="0.276" /><testcase classname="tests.single.bundle.test_storage_rules" name="test_rule[[STO-000]unstaked][factory][external_storage_read][drop]" time="0.278" /><testcase classname="tests.single.bundle.test_storage_rules" name="test_rule[[OP-042]unstaked][factory][EXTCODEx_CALLx_undeployed_sender][ok]" time="0.274" /><testcase classname="tests.single.bundle.test_storage_rules" name="test_rule[[OP-041]unstaked][factory][EXTCODESIZE_undeployed_contract][drop]" time="0.273"><failure message="AttributeError: 'Ok' object has no attribute 'message'">tests/single/bundle/test_storage_rules.py:772: in test_rule
    case.assert_func(response)
tests/single/bundle/test_storage_rules.py:22: in assert_error
    assert_rpc_error(response, response.message, RPCErrorCode.BANNED_OPCODE)
E   AttributeError: 'Ok' object has no attribute 'message'</failure><system-out>--------------------------------- Captured Log ---------------------------------

--------------------------------- Captured Out ---------------------------------

</system-out><system-err>--------------------------------- Captured Err ---------------------------------

</system-err></testcase><testcase classname="tests.single.bundle.test_storage_rules" name="test_rule[[OP-041]unstaked][factory][EXTCODEHASH_undeployed_contract][drop]" time="0.276"><failure message="AttributeError: 'Ok' object has no attribute 'message'">tests/single/bundle/test_storage_rules.py:772: in test_rule
    case.assert_func(response)
tests/single/bundle/test_storage_rules.py:22: in assert_error
    assert_rpc_error(response, response.message, RPCErrorCode.BANNED_OPCODE)
E   AttributeError: 'Ok' object has no attribute 'message'</failure><system-out>--------------------------------- Captured Log ---------------------------------

--------------------------------- Captured Out ---------------------------------

</system-out><system-err>--------------------------------- Captured Err ---------------------------------

</system-err></testcase><testcase classname="tests.single.bundle.test_storage_rules" name="test_rule[[OP-041]unstaked][factory][EXTCODECOPY_undeployed_contract][drop]" time="0.276"><failure message="AttributeError: 'Ok' object has no attribute 'message'">tests/single/bundle/test_storage_rules.py:772: in test_rule
    case.assert_func(response)
tests/single/bundle/test_storage_rules.py:22: in assert_error
    assert_rpc_error(response, response.message, RPCErrorCode.BANNED_OPCODE)
E   AttributeError: 'Ok' object has no attribute 'message'</failure><system-out>--------------------------------- Captured Log ---------------------------------

--------------------------------- Captured Out ---------------------------------

</system-out><system-err>--------------------------------- Captured Err ---------------------------------

</system-err></testcase><testcase classname="tests.single.bundle.test_storage_rules" name="test_rule[[OP-041]unstaked][factory][CALL_undeployed_contract][drop]" time="0.273"><failure message="AttributeError: 'Ok' object has no attribute 'message'">tests/single/bundle/test_storage_rules.py:772: in test_rule
    case.assert_func(response)
tests/single/bundle/test_storage_rules.py:22: in assert_error
    assert_rpc_error(response, response.message, RPCErrorCode.BANNED_OPCODE)
E   AttributeError: 'Ok' object has no attribute 'message'</failure><system-out>--------------------------------- Captured Log ---------------------------------

--------------------------------- Captured Out ---------------------------------

</system-out><system-err>--------------------------------- Captured Err ---------------------------------

</system-err></testcase><testcase classname="tests.single.bundle.test_storage_rules" name="test_rule[[OP-041]unstaked][factory][CALLCODE_undeployed_contract][drop]" time="0.269"><failure message="AttributeError: 'Ok' object has no attribute 'message'">tests/single/bundle/test_storage_rules.py:772: in test_rule
    case.assert_func(response)
tests/single/bundle/test_storage_rules.py:22: in assert_error
    assert_rpc_error(response, response.message, RPCErrorCode.BANNED_OPCODE)
E   AttributeError: 'Ok' object has no attribute 'message'</failure><system-out>--------------------------------- Captured Log ---------------------------------

--------------------------------- Captured Out ---------------------------------

</system-out><system-err>--------------------------------- Captured Err ---------------------------------

</system-err></testcase><testcase classname="tests.single.bundle.test_storage_rules" name="test_rule[[OP-041]unstaked][factory][DELEGATECALL_undeployed_contract][drop]" time="0.273"><failure message="AttributeError: 'Ok' object has no attribute 'message'">tests/single/bundle/test_storage_rules.py:772: in test_rule
    case.assert_func(response)
tests/single/bundle/test_storage_rules.py:22: in assert_error
    assert_rpc_error(response, response.message, RPCErrorCode.BANNED_OPCODE)
E   AttributeError: 'Ok' object has no attribute 'message'</failure><system-out>--------------------------------- Captured Log ---------------------------------

--------------------------------- Captured Out ---------------------------------

</system-out><system-err>--------------------------------- Captured Err ---------------------------------

</system-err></testcase><testcase classname="tests.single.bundle.test_storage_rules" name="test_rule[[OP-041]unstaked][factory][STATICCALL_undeployed_contract][drop]" time="0.272"><failure message="AttributeError: 'Ok' object has no attribute 'message'">tests/single/bundle/test_storage_rules.py:772: in test_rule
    case.assert_func(response)
tests/single/bundle/test_storage_rules.py:22: in assert_error
    assert_rpc_error(response, response.message, RPCErrorCode.BANNED_OPCODE)
E   AttributeError: 'Ok' object has no attribute 'message'</failure><system-out>--------------------------------- Captured Log ---------------------------------

--------------------------------- Captured Out ---------------------------------

</system-out><system-err>--------------------------------- Captured Err ---------------------------------

</system-err></testcase><testcase classname="tests.single.bundle.test_storage_rules" name="test_rule[[OP-020]unstaked][factory][out_of_gas][drop]" time="0.298"><failure message="AttributeError: 'Ok' object has no attribute 'message'">tests/single/bundle/test_storage_rules.py:772: in test_rule
    case.assert_func(response)
tests/single/bundle/test_storage_rules.py:22: in assert_error
    assert_rpc_error(response, response.message, RPCErrorCode.BANNED_OPCODE)
E   AttributeError: 'Ok' object has no attribute 'message'</failure><system-out>--------------------------------- Captured Log ---------------------------------

--------------------------------- Captured Out ---------------------------------

</system-out><system-err>--------------------------------- Captured Err ---------------------------------

</system-err></testcase><testcase classname="tests.single.bundle.test_storage_rules" name="test_rule[[OP-020]unstaked][factory][sstore_out_of_gas][drop]" time="0.277" /><testcase classname="tests.single.bundle.test_storage_rules" name="test_rule[[STO-000]staked][factory][no_storage][ok]" time="0.295" /><testcase classname="tests.single.bundle.test_storage_rules" name="test_rule[[STO-031]staked][factory][storage][ok]" time="0.296" /><testcase classname="tests.single.bundle.test_storage_rules" name="test_rule[[STO-032]staked][factory][reference_storage][ok]" time="0.302" /><testcase classname="tests.single.bundle.test_storage_rules" name="test_rule[[STO-032]staked][factory][reference_storage_struct][ok]" time="0.305" /><testcase classname="tests.single.bundle.test_storage_rules" name="test_rule[[STO-010]staked][factory][account_storage][ok]" time="0.298" /><testcase classname="tests.single.bundle.test_storage_rules" name="test_rule[[STO-021]staked][factory][account_reference_storage][ok]" time="0.302" /><testcase classname="tests.single.bundle.test_storage_rules" name="test_rule[[STO-021]staked][factory][account_reference_storage_struct][ok]" time="0.305" /><testcase classname="tests.single.bundle.test_storage_rules" name="test_rule[[STO-033]staked][factory][external_storage_write][drop]" time="0.303" /><testcase classname="tests.single.bundle.test_storage_rules" name="test_rule[[STO-033]staked][factory][external_storage_read][ok]" time="0.296"><failure message="Exception: expected result object, got:&#10;Error(code=-32502, message='factory : 0xd77308bae1a0e0d4c9365fe7835d0899e29ffa42 banned access to slot aed3469875ad6750e818d667b5bd08036a9d5a353af5c0e81a03431a837a7b39 at contract : 0xc52498a093e6877ff7ce4e6781f24276167cd793', data=None, id=213)">tests/utils.py:98: in assert_ok
    assert response.result
E   AttributeError: 'Error' object has no attribute 'result'

The above exception was the direct cause of the following exception:
tests/single/bundle/test_storage_rules.py:772: in test_rule
    case.assert_func(response)
tests/utils.py:100: in assert_ok
    raise Exception(f"expected result object, got:\n{response}") from exc
E   Exception: expected result object, got:
E   Error(code=-32502, message='factory : 0xd77308bae1a0e0d4c9365fe7835d0899e29ffa42 banned access to slot aed3469875ad6750e818d667b5bd08036a9d5a353af5c0e81a03431a837a7b39 at contract : 0xc52498a093e6877ff7ce4e6781f24276167cd793', data=None, id=213)</failure><system-out>--------------------------------- Captured Log ---------------------------------

--------------------------------- Captured Out ---------------------------------

</system-out><system-err>--------------------------------- Captured Err ---------------------------------

</system-err></testcase><testcase classname="tests.single.bundle.test_storage_rules" name="test_rule[[OP-020]staked][factory][out_of_gas][drop]" time="0.328"><failure message="AttributeError: 'Ok' object has no attribute 'message'">tests/single/bundle/test_storage_rules.py:772: in test_rule
    case.assert_func(response)
tests/single/bundle/test_storage_rules.py:22: in assert_error
    assert_rpc_error(response, response.message, RPCErrorCode.BANNED_OPCODE)
E   AttributeError: 'Ok' object has no attribute 'message'</failure><system-out>--------------------------------- Captured Log ---------------------------------

--------------------------------- Captured Out ---------------------------------

</system-out><system-err>--------------------------------- Captured Err ---------------------------------

</system-err></testcase><testcase classname="tests.single.bundle.test_storage_rules" name="test_rule[[OP-020]staked][factory][sstore_out_of_gas][drop]" time="0.306"><failure message="AttributeError: 'Ok' object has no attribute 'message'">tests/single/bundle/test_storage_rules.py:772: in test_rule
    case.assert_func(response)
tests/single/bundle/test_storage_rules.py:22: in assert_error
    assert_rpc_error(response, response.message, RPCErrorCode.BANNED_OPCODE)
E   AttributeError: 'Ok' object has no attribute 'message'</failure><system-out>--------------------------------- Captured Log ---------------------------------

--------------------------------- Captured Out ---------------------------------

</system-out><system-err>--------------------------------- Captured Err ---------------------------------

</system-err></testcase><testcase classname="tests.single.bundle.test_storage_rules" name="test_rule[[STO-000]unstaked][account][no_storage][ok]" time="0.262" /><testcase classname="tests.single.bundle.test_storage_rules" name="test_rule[[STO-010]unstaked][account][account_storage][ok]" time="0.214" /><testcase classname="tests.single.bundle.test_storage_rules" name="test_rule[[STO-021]unstaked][account][account_reference_storage][ok]" time="0.223" /><testcase classname="tests.single.bundle.test_storage_rules" name="test_rule[[STO-022]unstaked][account][account_reference_storage_init_code][drop]" time="0.400" /><testcase classname="tests.single.bundle.test_storage_rules" name="test_rule[[STO-022]unstaked][account][account_reference_storage_init_code][ok]" time="0.454"><failure message="Exception: expected result object, got:&#10;Error(code=-32502, message='sender : 0x8b0730eE7bC653c05de6bF40a19e5B39FBfe913E insuffient stake to access 3e5f605720dc2b5ba5d74697d7e7b111bec2295229f27c672eb85b1ddbff1754 at contract : 0xb0377dc433d5ffd5b6ef8b1bcb472901a3923c2c', data=None, id=227)">tests/utils.py:98: in assert_ok
    assert response.result
E   AttributeError: 'Error' object has no attribute 'result'

The above exception was the direct cause of the following exception:
tests/single/bundle/test_storage_rules.py:772: in test_rule
    case.assert_func(response)
tests/utils.py:100: in assert_ok
    raise Exception(f"expected result object, got:\n{response}") from exc
E   Exception: expected result object, got:
E   Error(code=-32502, message='sender : 0x8b0730eE7bC653c05de6bF40a19e5B39FBfe913E insuffient stake to access 3e5f605720dc2b5ba5d74697d7e7b111bec2295229f27c672eb85b1ddbff1754 at contract : 0xb0377dc433d5ffd5b6ef8b1bcb472901a3923c2c', data=None, id=227)</failure><system-out>--------------------------------- Captured Log ---------------------------------

--------------------------------- Captured Out ---------------------------------

</system-out><system-err>--------------------------------- Captured Err ---------------------------------

</system-err></testcase><testcase classname="tests.single.bundle.test_storage_rules" name="test_rule[[STO-022]unstaked][paymaster][account_reference_storage_init_code][drop1]" time="0.425" /><testcase classname="tests.single.bundle.test_storage_rules" name="test_rule[[STO-021]unstaked][account][account_reference_storage_struct][ok]" time="0.220" /><testcase classname="tests.single.bundle.test_storage_rules" name="test_rule[[STO-000]unstaked][account][external_storage_read][drop]" time="0.217" /><testcase classname="tests.single.bundle.test_storage_rules" name="test_rule[[OP-020]unstaked][account][out_of_gas][drop]" time="0.240"><failure message="AttributeError: 'Ok' object has no attribute 'message'">tests/single/bundle/test_storage_rules.py:772: in test_rule
    case.assert_func(response)
tests/single/bundle/test_storage_rules.py:22: in assert_error
    assert_rpc_error(response, response.message, RPCErrorCode.BANNED_OPCODE)
E   AttributeError: 'Ok' object has no attribute 'message'</failure><system-out>--------------------------------- Captured Log ---------------------------------

--------------------------------- Captured Out ---------------------------------

</system-out><system-err>--------------------------------- Captured Err ---------------------------------

</system-err></testcase><testcase classname="tests.single.bundle.test_storage_rules" name="test_rule[[OP-020]unstaked][account][sstore_out_of_gas][drop]" time="0.222"><failure message="AttributeError: 'Ok' object has no attribute 'message'">tests/single/bundle/test_storage_rules.py:772: in test_rule
    case.assert_func(response)
tests/single/bundle/test_storage_rules.py:22: in assert_error
    assert_rpc_error(response, response.message, RPCErrorCode.BANNED_OPCODE)
E   AttributeError: 'Ok' object has no attribute 'message'</failure><system-out>--------------------------------- Captured Log ---------------------------------

--------------------------------- Captured Out ---------------------------------

</system-out><system-err>--------------------------------- Captured Err ---------------------------------

</system-err></testcase><testcase classname="tests.single.bundle.test_storage_rules" name="test_rule[[STO-000]staked][account][no_storage][ok]" time="0.234" /><testcase classname="tests.single.bundle.test_storage_rules" name="test_rule[[STO-010]staked][account][account_storage][ok]" time="0.238" /><testcase classname="tests.single.bundle.test_storage_rules" name="test_rule[[STO-021]staked][account][account_reference_storage][ok]" time="0.240" /><testcase classname="tests.single.bundle.test_storage_rules" name="test_rule[[STO-021]staked][account][account_reference_storage_struct][ok]" time="0.240" /><testcase classname="tests.single.bundle.test_storage_rules" name="test_rule[[OP-020]staked][account][out_of_gas][drop]" time="0.260"><failure message="AttributeError: 'Ok' object has no attribute 'message'">tests/single/bundle/test_storage_rules.py:772: in test_rule
    case.assert_func(response)
tests/single/bundle/test_storage_rules.py:22: in assert_error
    assert_rpc_error(response, response.message, RPCErrorCode.BANNED_OPCODE)
E   AttributeError: 'Ok' object has no attribute 'message'</failure><system-out>--------------------------------- Captured Log ---------------------------------

--------------------------------- Captured Out ---------------------------------

</system-out><system-err>--------------------------------- Captured Err ---------------------------------

</system-err></testcase><testcase classname="tests.single.bundle.test_storage_rules" name="test_rule[[OP-020]staked][account][sstore_out_of_gas][drop]" time="0.242"><failure message="AttributeError: 'Ok' object has no attribute 'message'">tests/single/bundle/test_storage_rules.py:772: in test_rule
    case.assert_func(response)
tests/single/bundle/test_storage_rules.py:22: in assert_error
    assert_rpc_error(response, response.message, RPCErrorCode.BANNED_OPCODE)
E   AttributeError: 'Ok' object has no attribute 'message'</failure><system-out>--------------------------------- Captured Log ---------------------------------

--------------------------------- Captured Out ---------------------------------

</system-out><system-err>--------------------------------- Captured Err ---------------------------------

</system-err></testcase><testcase classname="tests.single.bundle.test_storage_rules" name="test_rule[[STO-033]staked][account][external_storage_write][drop]" time="0.260" /><testcase classname="tests.single.bundle.test_storage_rules" name="test_rule[[STO-033]staked][account][external_storage_read][ok]" time="0.239"><failure message="Exception: expected result object, got:&#10;Error(code=-32502, message='sender : 0xb7d1B0f72c3605fcaD3EAaCF257e51a085A32175 banned access to slot aed3469875ad6750e818d667b5bd08036a9d5a353af5c0e81a03431a837a7b39 at contract : 0x13e74c9568bced703eaf565c83921845e6b104c0', data=None, id=253)">tests/utils.py:98: in assert_ok
    assert response.result
E   AttributeError: 'Error' object has no attribute 'result'

The above exception was the direct cause of the following exception:
tests/single/bundle/test_storage_rules.py:772: in test_rule
    case.assert_func(response)
tests/utils.py:100: in assert_ok
    raise Exception(f"expected result object, got:\n{response}") from exc
E   Exception: expected result object, got:
E   Error(code=-32502, message='sender : 0xb7d1B0f72c3605fcaD3EAaCF257e51a085A32175 banned access to slot aed3469875ad6750e818d667b5bd08036a9d5a353af5c0e81a03431a837a7b39 at contract : 0x13e74c9568bced703eaf565c83921845e6b104c0', data=None, id=253)</failure><system-out>--------------------------------- Captured Log ---------------------------------

--------------------------------- Captured Out ---------------------------------

</system-out><system-err>--------------------------------- Captured Err ---------------------------------

</system-err></testcase><testcase classname="tests.single.bundle.test_storage_rules" name="test_rule[[OP-011]unstaked][account][entryPoint_call_balanceOf][drop]" time="0.228"><failure message="AttributeError: 'Ok' object has no attribute 'message'">tests/single/bundle/test_storage_rules.py:772: in test_rule
    case.assert_func(response)
tests/single/bundle/test_storage_rules.py:22: in assert_error
    assert_rpc_error(response, response.message, RPCErrorCode.BANNED_OPCODE)
E   AttributeError: 'Ok' object has no attribute 'message'</failure><system-out>--------------------------------- Captured Log ---------------------------------

--------------------------------- Captured Out ---------------------------------

</system-out><system-err>--------------------------------- Captured Err ---------------------------------

</system-err></testcase><testcase classname="tests.single.bundle.test_storage_rules" name="test_rule[[OP-061]unstaked][account][eth_value_transfer_forbidden][drop]" time="0.222"><failure message="AttributeError: 'Ok' object has no attribute 'message'">tests/single/bundle/test_storage_rules.py:772: in test_rule
    case.assert_func(response)
tests/single/bundle/test_storage_rules.py:22: in assert_error
    assert_rpc_error(response, response.message, RPCErrorCode.BANNED_OPCODE)
E   AttributeError: 'Ok' object has no attribute 'message'</failure><system-out>--------------------------------- Captured Log ---------------------------------

--------------------------------- Captured Out ---------------------------------

</system-out><system-err>--------------------------------- Captured Err ---------------------------------

</system-err></testcase><testcase classname="tests.single.bundle.test_storage_rules" name="test_rule[[OP-053]unstaked][account][eth_value_transfer_entryPoint][ok]" time="0.128" /><testcase classname="tests.single.bundle.test_storage_rules" name="test_rule[[OP-052]unstaked][account][eth_value_transfer_entryPoint_depositTo][ok]" time="0.232" /><testcase classname="tests.single.bundle.test_storage_rules" name="test_rule[[OP-041]unstaked][account][EXTCODESIZE_undeployed_contract][drop]" time="0.212"><failure message="AttributeError: 'Ok' object has no attribute 'message'">tests/single/bundle/test_storage_rules.py:772: in test_rule
    case.assert_func(response)
tests/single/bundle/test_storage_rules.py:22: in assert_error
    assert_rpc_error(response, response.message, RPCErrorCode.BANNED_OPCODE)
E   AttributeError: 'Ok' object has no attribute 'message'</failure><system-out>--------------------------------- Captured Log ---------------------------------

--------------------------------- Captured Out ---------------------------------

</system-out><system-err>--------------------------------- Captured Err ---------------------------------

</system-err></testcase><testcase classname="tests.single.bundle.test_storage_rules" name="test_rule[[OP-041]unstaked][account][EXTCODEHASH_undeployed_contract][drop]" time="0.210"><failure message="AttributeError: 'Ok' object has no attribute 'message'">tests/single/bundle/test_storage_rules.py:772: in test_rule
    case.assert_func(response)
tests/single/bundle/test_storage_rules.py:22: in assert_error
    assert_rpc_error(response, response.message, RPCErrorCode.BANNED_OPCODE)
E   AttributeError: 'Ok' object has no attribute 'message'</failure><system-out>--------------------------------- Captured Log ---------------------------------

--------------------------------- Captured Out ---------------------------------

</system-out><system-err>--------------------------------- Captured Err ---------------------------------

</system-err></testcase><testcase classname="tests.single.bundle.test_storage_rules" name="test_rule[[OP-041]unstaked][account][EXTCODECOPY_undeployed_contract][drop]" time="0.214"><failure message="AttributeError: 'Ok' object has no attribute 'message'">tests/single/bundle/test_storage_rules.py:772: in test_rule
    case.assert_func(response)
tests/single/bundle/test_storage_rules.py:22: in assert_error
    assert_rpc_error(response, response.message, RPCErrorCode.BANNED_OPCODE)
E   AttributeError: 'Ok' object has no attribute 'message'</failure><system-out>--------------------------------- Captured Log ---------------------------------

--------------------------------- Captured Out ---------------------------------

</system-out><system-err>--------------------------------- Captured Err ---------------------------------

</system-err></testcase><testcase classname="tests.single.bundle.test_storage_rules" name="test_rule[[OP-054]unstaked][account][EXTCODESIZE_entrypoint][drop]" time="0.214"><failure message="AttributeError: 'Ok' object has no attribute 'message'">tests/single/bundle/test_storage_rules.py:772: in test_rule
    case.assert_func(response)
tests/single/bundle/test_storage_rules.py:22: in assert_error
    assert_rpc_error(response, response.message, RPCErrorCode.BANNED_OPCODE)
E   AttributeError: 'Ok' object has no attribute 'message'</failure><system-out>--------------------------------- Captured Log ---------------------------------

--------------------------------- Captured Out ---------------------------------

</system-out><system-err>--------------------------------- Captured Err ---------------------------------

</system-err></testcase><testcase classname="tests.single.bundle.test_storage_rules" name="test_rule[[OP-054]unstaked][account][EXTCODEHASH_entrypoint][drop]" time="0.216"><failure message="AttributeError: 'Ok' object has no attribute 'message'">tests/single/bundle/test_storage_rules.py:772: in test_rule
    case.assert_func(response)
tests/single/bundle/test_storage_rules.py:22: in assert_error
    assert_rpc_error(response, response.message, RPCErrorCode.BANNED_OPCODE)
E   AttributeError: 'Ok' object has no attribute 'message'</failure><system-out>--------------------------------- Captured Log ---------------------------------

--------------------------------- Captured Out ---------------------------------

</system-out><system-err>--------------------------------- Captured Err ---------------------------------

</system-err></testcase><testcase classname="tests.single.bundle.test_storage_rules" name="test_rule[[OP-054]unstaked][account][EXTCODECOPY_entrypoint][drop]" time="0.217"><failure message="AttributeError: 'Ok' object has no attribute 'message'">tests/single/bundle/test_storage_rules.py:772: in test_rule
    case.assert_func(response)
tests/single/bundle/test_storage_rules.py:22: in assert_error
    assert_rpc_error(response, response.message, RPCErrorCode.BANNED_OPCODE)
E   AttributeError: 'Ok' object has no attribute 'message'</failure><system-out>--------------------------------- Captured Log ---------------------------------

--------------------------------- Captured Out ---------------------------------

</system-out><system-err>--------------------------------- Captured Err ---------------------------------

</system-err></testcase><testcase classname="tests.single.bundle.test_storage_rules" name="test_rule[[OP-041]unstaked][account][CALL_undeployed_contract][drop]" time="0.231"><failure message="AttributeError: 'Ok' object has no attribute 'message'">tests/single/bundle/test_storage_rules.py:772: in test_rule
    case.assert_func(response)
tests/single/bundle/test_storage_rules.py:22: in assert_error
    assert_rpc_error(response, response.message, RPCErrorCode.BANNED_OPCODE)
E   AttributeError: 'Ok' object has no attribute 'message'</failure><system-out>--------------------------------- Captured Log ---------------------------------

--------------------------------- Captured Out ---------------------------------

</system-out><system-err>--------------------------------- Captured Err ---------------------------------

</system-err></testcase><testcase classname="tests.single.bundle.test_storage_rules" name="test_rule[[OP-041]unstaked][account][CALLCODE_undeployed_contract][drop]" time="0.211"><failure message="AttributeError: 'Ok' object has no attribute 'message'">tests/single/bundle/test_storage_rules.py:772: in test_rule
    case.assert_func(response)
tests/single/bundle/test_storage_rules.py:22: in assert_error
    assert_rpc_error(response, response.message, RPCErrorCode.BANNED_OPCODE)
E   AttributeError: 'Ok' object has no attribute 'message'</failure><system-out>--------------------------------- Captured Log ---------------------------------

--------------------------------- Captured Out ---------------------------------

</system-out><system-err>--------------------------------- Captured Err ---------------------------------

</system-err></testcase><testcase classname="tests.single.bundle.test_storage_rules" name="test_rule[[OP-041]unstaked][account][DELEGATECALL_undeployed_contract][drop]" time="0.113"><failure message="AttributeError: 'Ok' object has no attribute 'message'">tests/single/bundle/test_storage_rules.py:772: in test_rule
    case.assert_func(response)
tests/single/bundle/test_storage_rules.py:22: in assert_error
    assert_rpc_error(response, response.message, RPCErrorCode.BANNED_OPCODE)
E   AttributeError: 'Ok' object has no attribute 'message'</failure><system-out>--------------------------------- Captured Log ---------------------------------

--------------------------------- Captured Out ---------------------------------

</system-out><system-err>--------------------------------- Captured Err ---------------------------------

</system-err></testcase><testcase classname="tests.single.bundle.test_storage_rules" name="test_rule[[OP-041]unstaked][account][STATICCALL_undeployed_contract][drop]" time="0.212"><failure message="AttributeError: 'Ok' object has no attribute 'message'">tests/single/bundle/test_storage_rules.py:772: in test_rule
    case.assert_func(response)
tests/single/bundle/test_storage_rules.py:22: in assert_error
    assert_rpc_error(response, response.message, RPCErrorCode.BANNED_OPCODE)
E   AttributeError: 'Ok' object has no attribute 'message'</failure><system-out>--------------------------------- Captured Log ---------------------------------

--------------------------------- Captured Out ---------------------------------

</system-out><system-err>--------------------------------- Captured Err ---------------------------------

</system-err></testcase><testcase classname="tests.single.bundle.test_storage_rules" name="test_rule[[OP-062]unstaked][account][CALL_undeployed_contract_allowed_precompile][ok]" time="0.220" /><testcase classname="tests.single.bundle.test_storage_rules" name="test_enough_verification_gas" time="0.038"><failure message="KeyError: 'verificationGasLimit'">tests/single/bundle/test_storage_rules.py:799: in test_enough_verification_gas
    verification_gas = response.result["verificationGasLimit"]
E   KeyError: 'verificationGasLimit'</failure><system-out>--------------------------------- Captured Log ---------------------------------

--------------------------------- Captured Out ---------------------------------

</system-out><system-err>--------------------------------- Captured Err ---------------------------------

</system-err></testcase><testcase classname="tests.single.opbanning.test_op_banning" name="test_account_banned_opcode[GAS]" time="0.079" /><testcase classname="tests.single.opbanning.test_op_banning" name="test_account_banned_opcode[NUMBER]" time="0.078" /><testcase classname="tests.single.opbanning.test_op_banning" name="test_account_banned_opcode[TIMESTAMP]" time="0.181" /><testcase classname="tests.single.opbanning.test_op_banning" name="test_account_banned_opcode[COINBASE]" time="0.184" /><testcase classname="tests.single.opbanning.test_op_banning" name="test_account_banned_opcode[DIFFICULTY]" time="0.079" /><testcase classname="tests.single.opbanning.test_op_banning" name="test_account_banned_opcode[BASEFEE]" time="0.083" /><testcase classname="tests.single.opbanning.test_op_banning" name="test_account_banned_opcode[GASLIMIT]" time="0.080" /><testcase classname="tests.single.opbanning.test_op_banning" name="test_account_banned_opcode[GASPRICE]" time="0.186" /><testcase classname="tests.single.opbanning.test_op_banning" name="test_account_banned_opcode[SELFBALANCE]" time="0.184" /><testcase classname="tests.single.opbanning.test_op_banning" name="test_account_banned_opcode[BALANCE]" time="0.186" /><testcase classname="tests.single.opbanning.test_op_banning" name="test_account_banned_opcode[ORIGIN]" time="0.186" /><testcase classname="tests.single.opbanning.test_op_banning" name="test_account_banned_opcode[BLOCKHASH]" time="0.187" /><testcase classname="tests.single.opbanning.test_op_banning" name="test_account_banned_opcode[CREATE]" time="0.188" /><testcase classname="tests.single.opbanning.test_op_banning" name="test_account_banned_opcode[CREATE2]" time="0.188" /><testcase classname="tests.single.opbanning.test_op_banning" name="test_account_banned_opcode[SELFDESTRUCT]" time="0.189" /><testcase classname="tests.single.opbanning.test_op_banning" name="test_account_allowed_opcode_sequence[GAS CALL]" time="0.099" /><testcase classname="tests.single.opbanning.test_op_banning" name="test_account_allowed_opcode_sequence[GAS DELEGATECALL]" time="0.095" /><testcase classname="tests.single.opbanning.test_op_banning" name="test_paymaster_banned_opcode[GAS]" time="0.203" /><testcase classname="tests.single.opbanning.test_op_banning" name="test_paymaster_banned_opcode[NUMBER]" time="0.202" /><testcase classname="tests.single.opbanning.test_op_banning" name="test_paymaster_banned_opcode[TIMESTAMP]" time="0.205" /><testcase classname="tests.single.opbanning.test_op_banning" name="test_paymaster_banned_opcode[COINBASE]" time="0.231" /><testcase classname="tests.single.opbanning.test_op_banning" name="test_paymaster_banned_opcode[DIFFICULTY]" time="0.206" /><testcase classname="tests.single.opbanning.test_op_banning" name="test_paymaster_banned_opcode[BASEFEE]" time="0.205" /><testcase classname="tests.single.opbanning.test_op_banning" name="test_paymaster_banned_opcode[GASLIMIT]" time="0.206" /><testcase classname="tests.single.opbanning.test_op_banning" name="test_paymaster_banned_opcode[GASPRICE]" time="0.208" /><testcase classname="tests.single.opbanning.test_op_banning" name="test_paymaster_banned_opcode[SELFBALANCE]" time="0.206" /><testcase classname="tests.single.opbanning.test_op_banning" name="test_paymaster_banned_opcode[BALANCE]" time="0.205" /><testcase classname="tests.single.opbanning.test_op_banning" name="test_paymaster_banned_opcode[ORIGIN]" time="0.208" /><testcase classname="tests.single.opbanning.test_op_banning" name="test_paymaster_banned_opcode[BLOCKHASH]" time="0.204" /><testcase classname="tests.single.opbanning.test_op_banning" name="test_paymaster_banned_opcode[CREATE]" time="0.212" /><testcase classname="tests.single.opbanning.test_op_banning" name="test_paymaster_banned_opcode[CREATE2]" time="0.207" /><testcase classname="tests.single.opbanning.test_op_banning" name="test_paymaster_banned_opcode[SELFDESTRUCT]" time="0.209" /><testcase classname="tests.single.opbanning.test_op_banning" name="test_factory_banned_opcode[GAS]" time="0.259" /><testcase classname="tests.single.opbanning.test_op_banning" name="test_factory_banned_opcode[NUMBER]" time="0.258" /><testcase classname="tests.single.opbanning.test_op_banning" name="test_factory_banned_opcode[TIMESTAMP]" time="0.256" /><testcase classname="tests.single.opbanning.test_op_banning" name="test_factory_banned_opcode[COINBASE]" time="0.360" /><testcase classname="tests.single.opbanning.test_op_banning" name="test_factory_banned_opcode[DIFFICULTY]" time="0.258" /><testcase classname="tests.single.opbanning.test_op_banning" name="test_factory_banned_opcode[BASEFEE]" time="0.265" /><testcase classname="tests.single.opbanning.test_op_banning" name="test_factory_banned_opcode[GASLIMIT]" time="0.262" /><testcase classname="tests.single.opbanning.test_op_banning" name="test_factory_banned_opcode[GASPRICE]" time="0.258" /><testcase classname="tests.single.opbanning.test_op_banning" name="test_factory_banned_opcode[SELFBALANCE]" time="0.361" /><testcase classname="tests.single.opbanning.test_op_banning" name="test_factory_banned_opcode[BALANCE]" time="0.260" /><testcase classname="tests.single.opbanning.test_op_banning" name="test_factory_banned_opcode[ORIGIN]" time="0.262" /><testcase classname="tests.single.opbanning.test_op_banning" name="test_factory_banned_opcode[BLOCKHASH]" time="0.261" /><testcase classname="tests.single.opbanning.test_op_banning" name="test_factory_banned_opcode[CREATE]" time="0.270" /><testcase classname="tests.single.opbanning.test_op_banning" name="test_factory_banned_opcode[CREATE2]" time="0.267" /><testcase classname="tests.single.opbanning.test_op_banning" name="test_factory_banned_opcode[SELFDESTRUCT]" time="0.266" /><testcase classname="tests.single.reputation.test_reputation" name="test_staked_entity_reputation_threshold[with_factory]" time="0.324"><failure message="AttributeError: 'str' object has no attribute 'address'">tests/single/reputation/test_reputation.py:71: in test_staked_entity_reputation_threshold
    ops_included = next(
tests/single/reputation/test_reputation.py:72: in &lt;genexpr&gt;
    (rep for rep in reputations if rep.address == paymaster_contract.address), {}
E   AttributeError: 'str' object has no attribute 'address'</failure><system-out>--------------------------------- Captured Log ---------------------------------

--------------------------------- Captured Out ---------------------------------

</system-out><system-err>--------------------------------- Captured Err ---------------------------------

</system-err></testcase><testcase classname="tests.single.reputation.test_reputation" name="test_staked_entity_reputation_threshold[without_factory]" time="0.167"><failure message="AttributeError: 'str' object has no attribute 'address'">tests/single/reputation/test_reputation.py:71: in test_staked_entity_reputation_threshold
    ops_included = next(
tests/single/reputation/test_reputation.py:72: in &lt;genexpr&gt;
    (rep for rep in reputations if rep.address == paymaster_contract.address), {}
E   AttributeError: 'str' object has no attribute 'address'</failure><system-out>--------------------------------- Captured Log ---------------------------------

--------------------------------- Captured Out ---------------------------------

</system-out><system-err>--------------------------------- Captured Err ---------------------------------

</system-err></testcase><testcase classname="tests.single.rpc.test_eth_chainId" name="test_eth_chainId[]" time="0.008" /><testcase classname="tests.single.rpc.test_eth_estimateUserOperationGas" name="test_eth_estimateUserOperationGas[]" time="0.030"><failure message="jsonschema.exceptions.ValidationError: 'verificationGasLimit' is a required property&#10;&#10;Failed validating 'required' in schema:&#10;    {'properties': {'callGasLimit': {'oneOf': [{'pattern': '^0x([1-9a-f]+[0-9a-f]*|0)$',&#10;                                                'type': 'string'},&#10;                                               {'type': 'number'}],&#10;                                     'title': 'callGasLimit'},&#10;                    'preVerificationGas': {'oneOf': [{'pattern': '^0x([1-9a-f]+[0-9a-f]*|0)$',&#10;                                                      'type': 'string'},&#10;                                                     {'type': 'number'}],&#10;                                           'title': 'preVerificationGas'},&#10;                    'verificationGasLimit': {'oneOf': [{'pattern': '^0x([1-9a-f]+[0-9a-f]*|0)$',&#10;                                                        'type': 'string'},&#10;                                                       {'type': 'number'}],&#10;                                             'title': 'verificationGasLimit'}},&#10;     'required': ['callGasLimit',&#10;                  'preVerificationGas',&#10;                  'verificationGasLimit'],&#10;     'title': 'UserOperation Gas parameters',&#10;     'type': 'object'}&#10;&#10;On instance:&#10;    {'callGasLimit': '0xac8a',&#10;     'deadline': 281474976710655,&#10;     'preVerificationGas': 48220,&#10;     'verificationGas': 334374}">tests/single/rpc/test_eth_estimateUserOperationGas.py:20: in test_eth_estimateUserOperationGas
    validate(instance=response.result, schema=schema)
.venv/lib/python3.10/site-packages/jsonschema/validators.py:1121: in validate
    raise error
E   jsonschema.exceptions.ValidationError: 'verificationGasLimit' is a required property
E   
E   Failed validating 'required' in schema:
E       {'properties': {'callGasLimit': {'oneOf': [{'pattern': '^0x([1-9a-f]+[0-9a-f]*|0)$',
E                                                   'type': 'string'},
E                                                  {'type': 'number'}],
E                                        'title': 'callGasLimit'},
E                       'preVerificationGas': {'oneOf': [{'pattern': '^0x([1-9a-f]+[0-9a-f]*|0)$',
E                                                         'type': 'string'},
E                                                        {'type': 'number'}],
E                                              'title': 'preVerificationGas'},
E                       'verificationGasLimit': {'oneOf': [{'pattern': '^0x([1-9a-f]+[0-9a-f]*|0)$',
E                                                           'type': 'string'},
E                                                          {'type': 'number'}],
E                                                'title': 'verificationGasLimit'}},
E        'required': ['callGasLimit',
E                     'preVerificationGas',
E                     'verificationGasLimit'],
E        'title': 'UserOperation Gas parameters',
E        'type': 'object'}
E   
E   On instance:
E       {'callGasLimit': '0xac8a',
E        'deadline': 281474976710655,
E        'preVerificationGas': 48220,
E        'verificationGas': 334374}</failure><system-out>--------------------------------- Captured Log ---------------------------------

--------------------------------- Captured Out ---------------------------------

</system-out><system-err>--------------------------------- Captured Err ---------------------------------

</system-err></testcase><testcase classname="tests.single.rpc.test_eth_estimateUserOperationGas" name="test_eth_estimateUserOperationGas_execution_revert" time="0.026" /><testcase classname="tests.single.rpc.test_eth_estimateUserOperationGas" name="test_eth_estimateUserOperationGas_simulation_revert" time="0.023" /><testcase classname="tests.single.rpc.test_eth_getUserOperationByHash" name="test_eth_getUserOperationByHash[]" time="0.140" /><testcase classname="tests.single.rpc.test_eth_getUserOperationByHash" name="test_eth_getUserOperationByHash_error" time="0.003" /><testcase classname="tests.single.rpc.test_eth_getUserOperationReceipt" name="test_eth_getUserOperationReceipt[]" time="0.153" /><testcase classname="tests.single.rpc.test_eth_getUserOperationReceipt" name="test_eth_getUserOperationReceipt_error" time="0.003" /><testcase classname="tests.single.rpc.test_eth_sendUserOperation" name="test_eth_sendUserOperation[]" time="0.259" /><testcase classname="tests.single.rpc.test_eth_sendUserOperation" name="test_eth_sendUserOperation_revert" time="0.035" /><testcase classname="tests.single.rpc.test_eth_sendUserOperation" name="test_eth_sendUserOperation_invalid_signature" time="0.025" /><testcase classname="tests.single.rpc.test_eth_supportedEntryPoints" name="test_eth_supportedEntryPoints[]" time="0.013" /></testsuite></testsuites>