Wed Dec  6 17:09:29 UTC 2023: starting bundler /home/runner/work/bundler-test-executor/bundler-test-executor/bundlers/voltaire/voltaire.yml, name=voltaire
Wed Dec  6 17:10:03 UTC 2023: started bundler /home/runner/work/bundler-test-executor/bundler-test-executor/bundlers/voltaire/voltaire.yml, name=voltaire
============================= test session starts ==============================
platform linux -- Python 3.10.12, pytest-7.2.0, pluggy-1.0.0
rootdir: /home/runner/work/bundler-test-executor/bundler-test-executor/bundler-spec-tests
plugins: web3-5.31.1
collected 171 items

tests/single/bundle/test_bundle.py FFFFFFFFFFFFFFFF..FFF                 [ 12%]
tests/single/bundle/test_codehash.py .                                   [ 12%]
tests/single/bundle/test_storage_rules.py ..........F............FFF.... [ 30%]
.....FFFFFFFF.........FFF....F...FF....FF.FFF..FFFFFFFFFF.               [ 64%]
tests/single/opbanning/test_op_banning.py .............................. [ 81%]
.................                                                        [ 91%]
tests/single/reputation/test_reputation.py FF                            [ 92%]
tests/single/rpc/test_eth_chainId.py .                                   [ 93%]
tests/single/rpc/test_eth_estimateUserOperationGas.py F..                [ 95%]
tests/single/rpc/test_eth_getUserOperationByHash.py ..                   [ 96%]
tests/single/rpc/test_eth_getUserOperationReceipt.py ..                  [ 97%]
tests/single/rpc/test_eth_sendUserOperation.py ...                       [ 99%]
tests/single/rpc/test_eth_supportedEntryPoints.py .                      [100%]

=================================== FAILURES ===================================
________________ test_bundle_replace_op[only_priority_fee_bump] ________________
tests/single/bundle/test_bundle.py:81: in test_bundle_replace_op
    assert new_op.send().result
E   AttributeError: 'Error' object has no attribute 'result'
__________________ test_bundle_replace_op[only_max_fee_bump] ___________________
tests/single/bundle/test_bundle.py:81: in test_bundle_replace_op
    assert new_op.send().result
E   AttributeError: 'Error' object has no attribute 'result'
____________________ test_bundle_replace_op[with_same_fee] _____________________
tests/single/bundle/test_bundle.py:81: in test_bundle_replace_op
    assert new_op.send().result
E   AttributeError: 'Error' object has no attribute 'result'
____________________ test_bundle_replace_op[with_less_fee] _____________________
tests/single/bundle/test_bundle.py:81: in test_bundle_replace_op
    assert new_op.send().result
E   AttributeError: 'Error' object has no attribute 'result'
_______________ test_bundle_replace_op[fee_bump_below_threshold] _______________
tests/single/bundle/test_bundle.py:81: in test_bundle_replace_op
    assert new_op.send().result
E   AttributeError: 'Error' object has no attribute 'result'
________________ test_bundle_replace_op[fee_bump_at_threshold] _________________
tests/single/bundle/test_bundle.py:81: in test_bundle_replace_op
    assert new_op.send().result
E   AttributeError: 'Error' object has no attribute 'result'
_______________ test_bundle_replace_op[fee_bump_above_threshold] _______________
tests/single/bundle/test_bundle.py:81: in test_bundle_replace_op
    assert new_op.send().result
E   AttributeError: 'Error' object has no attribute 'result'
_ test_mempool_reputation_rules_all_entities[SREP-020-banned-entity-not-allowed-banned-sender] _
tests/single/bundle/test_bundle.py:148: in test_mempool_reputation_rules_all_entities
    set_reputation(
tests/utils.py:221: in set_reputation
    )
E   AttributeError: 'Error' object has no attribute 'result'
_ test_mempool_reputation_rules_all_entities[SREP-020-banned-entity-not-allowed-banned-paymaster] _
tests/single/bundle/test_bundle.py:154: in test_mempool_reputation_rules_all_entities
    set_reputation(
tests/utils.py:221: in set_reputation
    )
E   AttributeError: 'Error' object has no attribute 'result'
_ test_mempool_reputation_rules_all_entities[SREP-020-banned-entity-not-allowed-banned-factory] _
tests/single/bundle/test_bundle.py:160: in test_mempool_reputation_rules_all_entities
    set_reputation(
tests/utils.py:221: in set_reputation
    )
E   AttributeError: 'Error' object has no attribute 'result'
_ test_mempool_reputation_rules_all_entities[SREP-030-throttled-entity-allowed-a-little-throttled-sender] _
tests/single/bundle/test_bundle.py:148: in test_mempool_reputation_rules_all_entities
    set_reputation(
tests/utils.py:221: in set_reputation
    )
E   AttributeError: 'Error' object has no attribute 'result'
_ test_mempool_reputation_rules_all_entities[SREP-030-throttled-entity-allowed-a-little-throttled-paymaster] _
tests/single/bundle/test_bundle.py:154: in test_mempool_reputation_rules_all_entities
    set_reputation(
tests/utils.py:221: in set_reputation
    )
E   AttributeError: 'Error' object has no attribute 'result'
_ test_mempool_reputation_rules_all_entities[SREP-030-throttled-entity-allowed-a-little-throttled-factory] _
tests/single/bundle/test_bundle.py:160: in test_mempool_reputation_rules_all_entities
    set_reputation(
tests/utils.py:221: in set_reputation
    )
E   AttributeError: 'Error' object has no attribute 'result'
_ test_mempool_reputation_rules_all_entities[UREP-010 UREP-020-unstaked-entity-allowed-function-unstaked-sender] _
tests/single/bundle/test_bundle.py:148: in test_mempool_reputation_rules_all_entities
    set_reputation(
tests/utils.py:221: in set_reputation
    )
E   AttributeError: 'Error' object has no attribute 'result'
_ test_mempool_reputation_rules_all_entities[UREP-010 UREP-020-unstaked-entity-allowed-function-unstaked-paymaster] _
tests/single/bundle/test_bundle.py:154: in test_mempool_reputation_rules_all_entities
    set_reputation(
tests/utils.py:221: in set_reputation
    )
E   AttributeError: 'Error' object has no attribute 'result'
_ test_mempool_reputation_rules_all_entities[UREP-010 UREP-020-unstaked-entity-allowed-function-unstaked-factory] _
tests/single/bundle/test_bundle.py:160: in test_mempool_reputation_rules_all_entities
    set_reputation(
tests/utils.py:221: in set_reputation
    )
E   AttributeError: 'Error' object has no attribute 'result'
______________ test_ban_user_op_access_other_ops_sender_in_bundle ______________
tests/single/bundle/test_bundle.py:319: in test_ban_user_op_access_other_ops_sender_in_bundle
    assert dump_mempool() == [user_op2]
E   AssertionError: assert [] == [UserOperatio...gnature='0x')]
E     Right contains one more item: UserOperation(sender='0x7De79388a4D568040Ba5dF09CA853A0bbAC68B87', nonce='0x0', initCode='0x', callData='0x', callGasL...tionGas='0x493e0', maxFeePerGas='0xee6b2800', maxPriorityFeePerGas='0xb2d05e00', paymasterAndData='0x', signature='0x')
E     Full diff:
E       [
E     +  ,
E     -  UserOperation(sender='0x7De79388a4D568040Ba5dF09CA853A0bbAC68B87',
E     -                nonce='0x0',
E     -                initCode='0x',
E     -                callData='0x',
E     -                callGasLimit='0x493e0',
E     -                verificationGasLimit='0xf4240',
E     -                preVerificationGas='0x493e0',
E     -                maxFeePerGas='0xee6b2800',
E     -                maxPriorityFeePerGas='0xb2d05e00',
E     -                paymasterAndData='0x',
E     -                signature='0x'),
E       ]
__________________ test_ban_user_sender_double_role_in_bundle __________________
tests/utils.py:116: in assert_rpc_error
    assert response.code == code
E   AttributeError: 'Ok' object has no attribute 'code'

The above exception was the direct cause of the following exception:
tests/single/bundle/test_bundle.py:359: in test_ban_user_sender_double_role_in_bundle
    assert_rpc_error(
tests/utils.py:119: in assert_rpc_error
    raise Exception(f"expected error object, got:\n{response}") from exc
E   Exception: expected error object, got:
E   Ok(result='0x88da3dbe6272b8e0eeeaa427e82a30b8f0d71bc69c759929e9fb5231d12126d2', id=90)
_________________________ test_stake_check_in_bundler __________________________
tests/single/bundle/test_bundle.py:382: in test_stake_check_in_bundler
    response = get_stake_status(paymaster_contract.address, entrypoint_contract.address)
tests/utils.py:186: in get_stake_status
    .result
E   AttributeError: 'Error' object has no attribute 'result'
___________ test_rule[[OP-020]unstaked][paymaster][out_of_gas][drop] ___________
tests/single/bundle/test_storage_rules.py:769: in test_rule
    case.assert_func(response)
tests/single/bundle/test_storage_rules.py:19: in assert_error
    assert_rpc_error(response, response.message, RPCErrorCode.BANNED_OPCODE)
E   AttributeError: 'Ok' object has no attribute 'message'
_______ test_rule[[STO-033]staked][paymaster][external_storage_read][ok] _______
tests/utils.py:109: in assert_ok
    assert response.result
E   AttributeError: 'Error' object has no attribute 'result'

The above exception was the direct cause of the following exception:
tests/single/bundle/test_storage_rules.py:769: in test_rule
    case.assert_func(response)
tests/utils.py:111: in assert_ok
    raise Exception(f"expected result object, got:\n{response}") from exc
E   Exception: expected result object, got:
E   Error(code=-32502, message='paymaster : 0x6cec91ee596561f7d5ba4a346d3513c3d84df889 banned access to slot aed3469875ad6750e818d667b5bd08036a9d5a353af5c0e81a03431a837a7b39 at contract : 0x53032a4ba13b9a4c1a0203088497b39378ec000b', data=None, id=155)
____________ test_rule[[OP-020]staked][paymaster][out_of_gas][drop] ____________
tests/single/bundle/test_storage_rules.py:769: in test_rule
    case.assert_func(response)
tests/single/bundle/test_storage_rules.py:19: in assert_error
    assert_rpc_error(response, response.message, RPCErrorCode.BANNED_OPCODE)
E   AttributeError: 'Ok' object has no attribute 'message'
________ test_rule[[OP-020]staked][paymaster][sstore_out_of_gas][drop] _________
tests/single/bundle/test_storage_rules.py:769: in test_rule
    case.assert_func(response)
tests/single/bundle/test_storage_rules.py:19: in assert_error
    assert_rpc_error(response, response.message, RPCErrorCode.BANNED_OPCODE)
E   AttributeError: 'Ok' object has no attribute 'message'
_ test_rule[[OP-041]unstaked][factory][EXTCODESIZE_undeployed_contract][drop] __
tests/single/bundle/test_storage_rules.py:769: in test_rule
    case.assert_func(response)
tests/single/bundle/test_storage_rules.py:19: in assert_error
    assert_rpc_error(response, response.message, RPCErrorCode.BANNED_OPCODE)
E   AttributeError: 'Ok' object has no attribute 'message'
_ test_rule[[OP-041]unstaked][factory][EXTCODEHASH_undeployed_contract][drop] __
tests/single/bundle/test_storage_rules.py:769: in test_rule
    case.assert_func(response)
tests/single/bundle/test_storage_rules.py:19: in assert_error
    assert_rpc_error(response, response.message, RPCErrorCode.BANNED_OPCODE)
E   AttributeError: 'Ok' object has no attribute 'message'
_ test_rule[[OP-041]unstaked][factory][EXTCODECOPY_undeployed_contract][drop] __
tests/single/bundle/test_storage_rules.py:769: in test_rule
    case.assert_func(response)
tests/single/bundle/test_storage_rules.py:19: in assert_error
    assert_rpc_error(response, response.message, RPCErrorCode.BANNED_OPCODE)
E   AttributeError: 'Ok' object has no attribute 'message'
_____ test_rule[[OP-041]unstaked][factory][CALL_undeployed_contract][drop] _____
tests/single/bundle/test_storage_rules.py:769: in test_rule
    case.assert_func(response)
tests/single/bundle/test_storage_rules.py:19: in assert_error
    assert_rpc_error(response, response.message, RPCErrorCode.BANNED_OPCODE)
E   AttributeError: 'Ok' object has no attribute 'message'
___ test_rule[[OP-041]unstaked][factory][CALLCODE_undeployed_contract][drop] ___
tests/single/bundle/test_storage_rules.py:769: in test_rule
    case.assert_func(response)
tests/single/bundle/test_storage_rules.py:19: in assert_error
    assert_rpc_error(response, response.message, RPCErrorCode.BANNED_OPCODE)
E   AttributeError: 'Ok' object has no attribute 'message'
_ test_rule[[OP-041]unstaked][factory][DELEGATECALL_undeployed_contract][drop] _
tests/single/bundle/test_storage_rules.py:769: in test_rule
    case.assert_func(response)
tests/single/bundle/test_storage_rules.py:19: in assert_error
    assert_rpc_error(response, response.message, RPCErrorCode.BANNED_OPCODE)
E   AttributeError: 'Ok' object has no attribute 'message'
__ test_rule[[OP-041]unstaked][factory][STATICCALL_undeployed_contract][drop] __
tests/single/bundle/test_storage_rules.py:769: in test_rule
    case.assert_func(response)
tests/single/bundle/test_storage_rules.py:19: in assert_error
    assert_rpc_error(response, response.message, RPCErrorCode.BANNED_OPCODE)
E   AttributeError: 'Ok' object has no attribute 'message'
____________ test_rule[[OP-020]unstaked][factory][out_of_gas][drop] ____________
tests/single/bundle/test_storage_rules.py:769: in test_rule
    case.assert_func(response)
tests/single/bundle/test_storage_rules.py:19: in assert_error
    assert_rpc_error(response, response.message, RPCErrorCode.BANNED_OPCODE)
E   AttributeError: 'Ok' object has no attribute 'message'
________ test_rule[[STO-033]staked][factory][external_storage_read][ok] ________
tests/utils.py:109: in assert_ok
    assert response.result
E   AttributeError: 'Error' object has no attribute 'result'

The above exception was the direct cause of the following exception:
tests/single/bundle/test_storage_rules.py:769: in test_rule
    case.assert_func(response)
tests/utils.py:111: in assert_ok
    raise Exception(f"expected result object, got:\n{response}") from exc
E   Exception: expected result object, got:
E   Error(code=-32502, message='factory : 0xfa08d4652f98da6648a5c69afa641a9ed58fda13 banned access to slot aed3469875ad6750e818d667b5bd08036a9d5a353af5c0e81a03431a837a7b39 at contract : 0x10f001d18a91a70536d4da0007d81293109738ca', data=None, id=213)
_____________ test_rule[[OP-020]staked][factory][out_of_gas][drop] _____________
tests/single/bundle/test_storage_rules.py:769: in test_rule
    case.assert_func(response)
tests/single/bundle/test_storage_rules.py:19: in assert_error
    assert_rpc_error(response, response.message, RPCErrorCode.BANNED_OPCODE)
E   AttributeError: 'Ok' object has no attribute 'message'
_________ test_rule[[OP-020]staked][factory][sstore_out_of_gas][drop] __________
tests/single/bundle/test_storage_rules.py:769: in test_rule
    case.assert_func(response)
tests/single/bundle/test_storage_rules.py:19: in assert_error
    assert_rpc_error(response, response.message, RPCErrorCode.BANNED_OPCODE)
E   AttributeError: 'Ok' object has no attribute 'message'
_ test_rule[[STO-022]unstaked][account][account_reference_storage_init_code][ok] _
tests/utils.py:109: in assert_ok
    assert response.result
E   AttributeError: 'Error' object has no attribute 'result'

The above exception was the direct cause of the following exception:
tests/single/bundle/test_storage_rules.py:769: in test_rule
    case.assert_func(response)
tests/utils.py:111: in assert_ok
    raise Exception(f"expected result object, got:\n{response}") from exc
E   Exception: expected result object, got:
E   Error(code=-32502, message='sender : 0xA8EE5f51678Dc9c1982Fb991E2F4978BEcBF1Ff2 insuffient stake to access 9ea14c4c0403d89cb4ad15b197defe0956b810bbb48f112cd3cb433859caeee at contract : 0x53874163252bcea2ac94b1baf012c2a7d195836e', data=None, id=227)
____________ test_rule[[OP-020]unstaked][account][out_of_gas][drop] ____________
tests/single/bundle/test_storage_rules.py:769: in test_rule
    case.assert_func(response)
tests/single/bundle/test_storage_rules.py:19: in assert_error
    assert_rpc_error(response, response.message, RPCErrorCode.BANNED_OPCODE)
E   AttributeError: 'Ok' object has no attribute 'message'
________ test_rule[[OP-020]unstaked][account][sstore_out_of_gas][drop] _________
tests/single/bundle/test_storage_rules.py:769: in test_rule
    case.assert_func(response)
tests/single/bundle/test_storage_rules.py:19: in assert_error
    assert_rpc_error(response, response.message, RPCErrorCode.BANNED_OPCODE)
E   AttributeError: 'Ok' object has no attribute 'message'
_____________ test_rule[[OP-020]staked][account][out_of_gas][drop] _____________
tests/single/bundle/test_storage_rules.py:769: in test_rule
    case.assert_func(response)
tests/single/bundle/test_storage_rules.py:19: in assert_error
    assert_rpc_error(response, response.message, RPCErrorCode.BANNED_OPCODE)
E   AttributeError: 'Ok' object has no attribute 'message'
_________ test_rule[[OP-020]staked][account][sstore_out_of_gas][drop] __________
tests/single/bundle/test_storage_rules.py:769: in test_rule
    case.assert_func(response)
tests/single/bundle/test_storage_rules.py:19: in assert_error
    assert_rpc_error(response, response.message, RPCErrorCode.BANNED_OPCODE)
E   AttributeError: 'Ok' object has no attribute 'message'
________ test_rule[[STO-033]staked][account][external_storage_read][ok] ________
tests/utils.py:109: in assert_ok
    assert response.result
E   AttributeError: 'Error' object has no attribute 'result'

The above exception was the direct cause of the following exception:
tests/single/bundle/test_storage_rules.py:769: in test_rule
    case.assert_func(response)
tests/utils.py:111: in assert_ok
    raise Exception(f"expected result object, got:\n{response}") from exc
E   Exception: expected result object, got:
E   Error(code=-32502, message='sender : 0xA281e79a3FD97476ED0D5514a4c9eC2d80f91c1E banned access to slot aed3469875ad6750e818d667b5bd08036a9d5a353af5c0e81a03431a837a7b39 at contract : 0x4b1a1a551e0351fd52464fb5cf687ab2f70ab69a', data=None, id=253)
____ test_rule[[OP-011]unstaked][account][entryPoint_call_balanceOf][drop] _____
tests/single/bundle/test_storage_rules.py:769: in test_rule
    case.assert_func(response)
tests/single/bundle/test_storage_rules.py:19: in assert_error
    assert_rpc_error(response, response.message, RPCErrorCode.BANNED_OPCODE)
E   AttributeError: 'Ok' object has no attribute 'message'
___ test_rule[[OP-061]unstaked][account][eth_value_transfer_forbidden][drop] ___
tests/single/bundle/test_storage_rules.py:769: in test_rule
    case.assert_func(response)
tests/single/bundle/test_storage_rules.py:19: in assert_error
    assert_rpc_error(response, response.message, RPCErrorCode.BANNED_OPCODE)
E   AttributeError: 'Ok' object has no attribute 'message'
_ test_rule[[OP-041]unstaked][account][EXTCODESIZE_undeployed_contract][drop] __
tests/single/bundle/test_storage_rules.py:769: in test_rule
    case.assert_func(response)
tests/single/bundle/test_storage_rules.py:19: in assert_error
    assert_rpc_error(response, response.message, RPCErrorCode.BANNED_OPCODE)
E   AttributeError: 'Ok' object has no attribute 'message'
_ test_rule[[OP-041]unstaked][account][EXTCODEHASH_undeployed_contract][drop] __
tests/single/bundle/test_storage_rules.py:769: in test_rule
    case.assert_func(response)
tests/single/bundle/test_storage_rules.py:19: in assert_error
    assert_rpc_error(response, response.message, RPCErrorCode.BANNED_OPCODE)
E   AttributeError: 'Ok' object has no attribute 'message'
_ test_rule[[OP-041]unstaked][account][EXTCODECOPY_undeployed_contract][drop] __
tests/single/bundle/test_storage_rules.py:769: in test_rule
    case.assert_func(response)
tests/single/bundle/test_storage_rules.py:19: in assert_error
    assert_rpc_error(response, response.message, RPCErrorCode.BANNED_OPCODE)
E   AttributeError: 'Ok' object has no attribute 'message'
______ test_rule[[OP-054]unstaked][account][EXTCODESIZE_entrypoint][drop] ______
tests/single/bundle/test_storage_rules.py:769: in test_rule
    case.assert_func(response)
tests/single/bundle/test_storage_rules.py:19: in assert_error
    assert_rpc_error(response, response.message, RPCErrorCode.BANNED_OPCODE)
E   AttributeError: 'Ok' object has no attribute 'message'
______ test_rule[[OP-054]unstaked][account][EXTCODEHASH_entrypoint][drop] ______
tests/single/bundle/test_storage_rules.py:769: in test_rule
    case.assert_func(response)
tests/single/bundle/test_storage_rules.py:19: in assert_error
    assert_rpc_error(response, response.message, RPCErrorCode.BANNED_OPCODE)
E   AttributeError: 'Ok' object has no attribute 'message'
______ test_rule[[OP-054]unstaked][account][EXTCODECOPY_entrypoint][drop] ______
tests/single/bundle/test_storage_rules.py:769: in test_rule
    case.assert_func(response)
tests/single/bundle/test_storage_rules.py:19: in assert_error
    assert_rpc_error(response, response.message, RPCErrorCode.BANNED_OPCODE)
E   AttributeError: 'Ok' object has no attribute 'message'
_____ test_rule[[OP-041]unstaked][account][CALL_undeployed_contract][drop] _____
tests/single/bundle/test_storage_rules.py:769: in test_rule
    case.assert_func(response)
tests/single/bundle/test_storage_rules.py:19: in assert_error
    assert_rpc_error(response, response.message, RPCErrorCode.BANNED_OPCODE)
E   AttributeError: 'Ok' object has no attribute 'message'
___ test_rule[[OP-041]unstaked][account][CALLCODE_undeployed_contract][drop] ___
tests/single/bundle/test_storage_rules.py:769: in test_rule
    case.assert_func(response)
tests/single/bundle/test_storage_rules.py:19: in assert_error
    assert_rpc_error(response, response.message, RPCErrorCode.BANNED_OPCODE)
E   AttributeError: 'Ok' object has no attribute 'message'
_ test_rule[[OP-041]unstaked][account][DELEGATECALL_undeployed_contract][drop] _
tests/single/bundle/test_storage_rules.py:769: in test_rule
    case.assert_func(response)
tests/single/bundle/test_storage_rules.py:19: in assert_error
    assert_rpc_error(response, response.message, RPCErrorCode.BANNED_OPCODE)
E   AttributeError: 'Ok' object has no attribute 'message'
__ test_rule[[OP-041]unstaked][account][STATICCALL_undeployed_contract][drop] __
tests/single/bundle/test_storage_rules.py:769: in test_rule
    case.assert_func(response)
tests/single/bundle/test_storage_rules.py:19: in assert_error
    assert_rpc_error(response, response.message, RPCErrorCode.BANNED_OPCODE)
E   AttributeError: 'Ok' object has no attribute 'message'
____________ test_staked_entity_reputation_threshold[with_factory] _____________
tests/single/reputation/test_reputation.py:71: in test_staked_entity_reputation_threshold
    ops_included = next(
tests/single/reputation/test_reputation.py:72: in <genexpr>
    (rep for rep in reputations if rep.address == paymaster_contract.address), {}
E   AttributeError: 'str' object has no attribute 'address'
___________ test_staked_entity_reputation_threshold[without_factory] ___________
tests/single/reputation/test_reputation.py:71: in test_staked_entity_reputation_threshold
    ops_included = next(
tests/single/reputation/test_reputation.py:72: in <genexpr>
    (rep for rep in reputations if rep.address == paymaster_contract.address), {}
E   AttributeError: 'str' object has no attribute 'address'
_____________________ test_eth_estimateUserOperationGas[] ______________________
tests/single/rpc/test_eth_estimateUserOperationGas.py:20: in test_eth_estimateUserOperationGas
    validate(instance=response.result, schema=schema)
.venv/lib/python3.10/site-packages/jsonschema/validators.py:1121: in validate
    raise error
E   jsonschema.exceptions.ValidationError: 'verificationGasLimit' is a required property
E   
E   Failed validating 'required' in schema:
E       {'properties': {'callGasLimit': {'oneOf': [{'pattern': '^0x([1-9a-f]+[0-9a-f]*|0)$',
E                                                   'type': 'string'},
E                                                  {'type': 'number'}],
E                                        'title': 'callGasLimit'},
E                       'preVerificationGas': {'oneOf': [{'pattern': '^0x([1-9a-f]+[0-9a-f]*|0)$',
E                                                         'type': 'string'},
E                                                        {'type': 'number'}],
E                                              'title': 'preVerificationGas'},
E                       'verificationGasLimit': {'oneOf': [{'pattern': '^0x([1-9a-f]+[0-9a-f]*|0)$',
E                                                           'type': 'string'},
E                                                          {'type': 'number'}],
E                                                'title': 'verificationGasLimit'}},
E        'required': ['callGasLimit',
E                     'preVerificationGas',
E                     'verificationGasLimit'],
E        'title': 'UserOperation Gas parameters',
E        'type': 'object'}
E   
E   On instance:
E       {'callGasLimit': '0xab10',
E        'deadline': 281474976710655,
E        'preVerificationGas': 48220,
E        'verificationGas': 334329}
=============================== warnings summary ===============================
tests/single/bundle/test_codehash.py::test_codehash_changed
  /home/runner/work/bundler-test-executor/bundler-test-executor/bundler-spec-tests/.venv/lib/python3.10/site-packages/web3/contract.py:1190: UserWarning: The log with transaction hash: HexBytes('0x976ddc571b14550847b751439a810173f891acb9a9d1878c57d2468e212d4576') and logIndex: 0 encountered the following error during processing: MismatchedABI(The event signature did not match the provided ABI). It has been discarded.
    warnings.warn(

tests/single/bundle/test_codehash.py::test_codehash_changed
  /home/runner/work/bundler-test-executor/bundler-test-executor/bundler-spec-tests/.venv/lib/python3.10/site-packages/web3/contract.py:1190: UserWarning: The log with transaction hash: HexBytes('0x273aa168dbf7074e1d3c06739149b1270b8ebbcf7c0b0405968be42d004db48f') and logIndex: 0 encountered the following error during processing: MismatchedABI(The event signature did not match the provided ABI). It has been discarded.
    warnings.warn(

tests/single/bundle/test_codehash.py::test_codehash_changed
  /home/runner/work/bundler-test-executor/bundler-test-executor/bundler-spec-tests/.venv/lib/python3.10/site-packages/web3/contract.py:1190: UserWarning: The log with transaction hash: HexBytes('0x81406519eb3ded5fcd7bb0710cbef68a69317aa167b493e148ae1fbbe676c45d') and logIndex: 0 encountered the following error during processing: MismatchedABI(The event signature did not match the provided ABI). It has been discarded.
    warnings.warn(

tests/single/bundle/test_codehash.py::test_codehash_changed
  /home/runner/work/bundler-test-executor/bundler-test-executor/bundler-spec-tests/.venv/lib/python3.10/site-packages/web3/contract.py:1190: UserWarning: The log with transaction hash: HexBytes('0x1e050d2a8321cd01d1c2f8a535842795f787d802441222f2d180ce158eb09f9d') and logIndex: 0 encountered the following error during processing: MismatchedABI(The event signature did not match the provided ABI). It has been discarded.
    warnings.warn(

-- Docs: https://docs.pytest.org/en/stable/how-to/capture-warnings.html
==================================== PASSES ====================================
- generated xml file: /home/runner/work/bundler-test-executor/bundler-test-executor/build/out/voltaire.xml -
=========================== short test summary info ============================
PASSED tests/single/bundle/test_bundle.py::test_max_allowed_ops_unstaked_sender
PASSED tests/single/bundle/test_bundle.py::test_max_allowed_ops_staked_sender
PASSED tests/single/bundle/test_codehash.py::test_codehash_changed
PASSED tests/single/bundle/test_storage_rules.py::test_rule[[STO-000]unstaked][paymaster][no_storage][ok]
PASSED tests/single/bundle/test_storage_rules.py::test_rule[[STO-031]unstaked][paymaster][storage][drop]
PASSED tests/single/bundle/test_storage_rules.py::test_rule[[STO-032]unstaked][paymaster][reference_storage][drop]
PASSED tests/single/bundle/test_storage_rules.py::test_rule[[STO-032]unstaked][paymaster][reference_storage_struct][drop]
PASSED tests/single/bundle/test_storage_rules.py::test_rule[[STO-010]unstaked][paymaster][account_storage][ok]
PASSED tests/single/bundle/test_storage_rules.py::test_rule[[STO-021]unstaked][paymaster][account_reference_storage][ok]
PASSED tests/single/bundle/test_storage_rules.py::test_rule[[STO-021]unstaked][paymaster][account_reference_storage_struct][ok]
PASSED tests/single/bundle/test_storage_rules.py::test_rule[[STO-022]unstaked][paymaster][account_reference_storage_init_code][drop0]
PASSED tests/single/bundle/test_storage_rules.py::test_rule[[EREP-050]unstaked][paymaster][context][drop]
PASSED tests/single/bundle/test_storage_rules.py::test_rule[[STO-032]unstaked][paymaster][external_storage_read][drop]
PASSED tests/single/bundle/test_storage_rules.py::test_rule[[OP-020]unstaked][paymaster][sstore_out_of_gas][drop]
PASSED tests/single/bundle/test_storage_rules.py::test_rule[[STO-000]staked][paymaster][no_storage][ok]
PASSED tests/single/bundle/test_storage_rules.py::test_rule[[STO-031]staked][paymaster][storage][ok]
PASSED tests/single/bundle/test_storage_rules.py::test_rule[[STO-032]staked][paymaster][reference_storage][ok]
PASSED tests/single/bundle/test_storage_rules.py::test_rule[[STO-032]staked][paymaster][reference_storage_struct][ok]
PASSED tests/single/bundle/test_storage_rules.py::test_rule[[STO-033]staked][paymaster][reference_storage_struct][ok]
PASSED tests/single/bundle/test_storage_rules.py::test_rule[[STO-010]staked][paymaster][account_storage][ok]
PASSED tests/single/bundle/test_storage_rules.py::test_rule[[STO-021]staked][paymaster][account_reference_storage][ok]
PASSED tests/single/bundle/test_storage_rules.py::test_rule[[STO-021]staked][paymaster][account_reference_storage_struct][ok]
PASSED tests/single/bundle/test_storage_rules.py::test_rule[[STO-022]staked][paymaster][account_reference_storage_init_code][ok]
PASSED tests/single/bundle/test_storage_rules.py::test_rule[[EREP-050]staked][paymaster][context][ok]
PASSED tests/single/bundle/test_storage_rules.py::test_rule[[STO-033]staked][paymaster][external_storage_write][drop]
PASSED tests/single/bundle/test_storage_rules.py::test_rule[[STO-000]unstaked][factory][no_storage][ok]
PASSED tests/single/bundle/test_storage_rules.py::test_rule[[STO-000]unstaked][factory][storage][drop]
PASSED tests/single/bundle/test_storage_rules.py::test_rule[[STO-000]unstaked][factory][reference_storage][drop]
PASSED tests/single/bundle/test_storage_rules.py::test_rule[[STO-032]unstaked][factory][reference_storage_struct][drop]
PASSED tests/single/bundle/test_storage_rules.py::test_rule[[STO-010]unstaked][factory][account_storage][ok]
PASSED tests/single/bundle/test_storage_rules.py::test_rule[[STO-021]unstaked][factory][account_reference_storage][drop]
PASSED tests/single/bundle/test_storage_rules.py::test_rule[[STO-021]unstaked][factory][account_reference_storage_struct][drop]
PASSED tests/single/bundle/test_storage_rules.py::test_rule[[STO-000]unstaked][factory][external_storage_read][drop]
PASSED tests/single/bundle/test_storage_rules.py::test_rule[[OP-042]unstaked][factory][EXTCODEx_CALLx_undeployed_sender][ok]
PASSED tests/single/bundle/test_storage_rules.py::test_rule[[OP-020]unstaked][factory][sstore_out_of_gas][drop]
PASSED tests/single/bundle/test_storage_rules.py::test_rule[[STO-000]staked][factory][no_storage][ok]
PASSED tests/single/bundle/test_storage_rules.py::test_rule[[STO-031]staked][factory][storage][ok]
PASSED tests/single/bundle/test_storage_rules.py::test_rule[[STO-032]staked][factory][reference_storage][ok]
PASSED tests/single/bundle/test_storage_rules.py::test_rule[[STO-032]staked][factory][reference_storage_struct][ok]
PASSED tests/single/bundle/test_storage_rules.py::test_rule[[STO-010]staked][factory][account_storage][ok]
PASSED tests/single/bundle/test_storage_rules.py::test_rule[[STO-021]staked][factory][account_reference_storage][ok]
PASSED tests/single/bundle/test_storage_rules.py::test_rule[[STO-021]staked][factory][account_reference_storage_struct][ok]
PASSED tests/single/bundle/test_storage_rules.py::test_rule[[STO-033]staked][factory][external_storage_write][drop]
PASSED tests/single/bundle/test_storage_rules.py::test_rule[[STO-000]unstaked][account][no_storage][ok]
PASSED tests/single/bundle/test_storage_rules.py::test_rule[[STO-010]unstaked][account][account_storage][ok]
PASSED tests/single/bundle/test_storage_rules.py::test_rule[[STO-021]unstaked][account][account_reference_storage][ok]
PASSED tests/single/bundle/test_storage_rules.py::test_rule[[STO-022]unstaked][account][account_reference_storage_init_code][drop]
PASSED tests/single/bundle/test_storage_rules.py::test_rule[[STO-022]unstaked][paymaster][account_reference_storage_init_code][drop1]
PASSED tests/single/bundle/test_storage_rules.py::test_rule[[STO-021]unstaked][account][account_reference_storage_struct][ok]
PASSED tests/single/bundle/test_storage_rules.py::test_rule[[STO-000]unstaked][account][external_storage_read][drop]
PASSED tests/single/bundle/test_storage_rules.py::test_rule[[STO-000]staked][account][no_storage][ok]
PASSED tests/single/bundle/test_storage_rules.py::test_rule[[STO-010]staked][account][account_storage][ok]
PASSED tests/single/bundle/test_storage_rules.py::test_rule[[STO-021]staked][account][account_reference_storage][ok]
PASSED tests/single/bundle/test_storage_rules.py::test_rule[[STO-021]staked][account][account_reference_storage_struct][ok]
PASSED tests/single/bundle/test_storage_rules.py::test_rule[[STO-033]staked][account][external_storage_write][drop]
PASSED tests/single/bundle/test_storage_rules.py::test_rule[[OP-053]unstaked][account][eth_value_transfer_entryPoint][ok]
PASSED tests/single/bundle/test_storage_rules.py::test_rule[[OP-052]unstaked][account][eth_value_transfer_entryPoint_depositTo][ok]
PASSED tests/single/bundle/test_storage_rules.py::test_rule[[OP-062]unstaked][account][CALL_undeployed_contract_allowed_precompile][ok]
PASSED tests/single/opbanning/test_op_banning.py::test_account_banned_opcode[GAS]
PASSED tests/single/opbanning/test_op_banning.py::test_account_banned_opcode[NUMBER]
PASSED tests/single/opbanning/test_op_banning.py::test_account_banned_opcode[TIMESTAMP]
PASSED tests/single/opbanning/test_op_banning.py::test_account_banned_opcode[COINBASE]
PASSED tests/single/opbanning/test_op_banning.py::test_account_banned_opcode[DIFFICULTY]
PASSED tests/single/opbanning/test_op_banning.py::test_account_banned_opcode[BASEFEE]
PASSED tests/single/opbanning/test_op_banning.py::test_account_banned_opcode[GASLIMIT]
PASSED tests/single/opbanning/test_op_banning.py::test_account_banned_opcode[GASPRICE]
PASSED tests/single/opbanning/test_op_banning.py::test_account_banned_opcode[SELFBALANCE]
PASSED tests/single/opbanning/test_op_banning.py::test_account_banned_opcode[BALANCE]
PASSED tests/single/opbanning/test_op_banning.py::test_account_banned_opcode[ORIGIN]
PASSED tests/single/opbanning/test_op_banning.py::test_account_banned_opcode[BLOCKHASH]
PASSED tests/single/opbanning/test_op_banning.py::test_account_banned_opcode[CREATE]
PASSED tests/single/opbanning/test_op_banning.py::test_account_banned_opcode[CREATE2]
PASSED tests/single/opbanning/test_op_banning.py::test_account_banned_opcode[SELFDESTRUCT]
PASSED tests/single/opbanning/test_op_banning.py::test_account_allowed_opcode_sequence[GAS CALL]
PASSED tests/single/opbanning/test_op_banning.py::test_account_allowed_opcode_sequence[GAS DELEGATECALL]
PASSED tests/single/opbanning/test_op_banning.py::test_paymaster_banned_opcode[GAS]
PASSED tests/single/opbanning/test_op_banning.py::test_paymaster_banned_opcode[NUMBER]
PASSED tests/single/opbanning/test_op_banning.py::test_paymaster_banned_opcode[TIMESTAMP]
PASSED tests/single/opbanning/test_op_banning.py::test_paymaster_banned_opcode[COINBASE]
PASSED tests/single/opbanning/test_op_banning.py::test_paymaster_banned_opcode[DIFFICULTY]
PASSED tests/single/opbanning/test_op_banning.py::test_paymaster_banned_opcode[BASEFEE]
PASSED tests/single/opbanning/test_op_banning.py::test_paymaster_banned_opcode[GASLIMIT]
PASSED tests/single/opbanning/test_op_banning.py::test_paymaster_banned_opcode[GASPRICE]
PASSED tests/single/opbanning/test_op_banning.py::test_paymaster_banned_opcode[SELFBALANCE]
PASSED tests/single/opbanning/test_op_banning.py::test_paymaster_banned_opcode[BALANCE]
PASSED tests/single/opbanning/test_op_banning.py::test_paymaster_banned_opcode[ORIGIN]
PASSED tests/single/opbanning/test_op_banning.py::test_paymaster_banned_opcode[BLOCKHASH]
PASSED tests/single/opbanning/test_op_banning.py::test_paymaster_banned_opcode[CREATE]
PASSED tests/single/opbanning/test_op_banning.py::test_paymaster_banned_opcode[CREATE2]
PASSED tests/single/opbanning/test_op_banning.py::test_paymaster_banned_opcode[SELFDESTRUCT]
PASSED tests/single/opbanning/test_op_banning.py::test_factory_banned_opcode[GAS]
PASSED tests/single/opbanning/test_op_banning.py::test_factory_banned_opcode[NUMBER]
PASSED tests/single/opbanning/test_op_banning.py::test_factory_banned_opcode[TIMESTAMP]
PASSED tests/single/opbanning/test_op_banning.py::test_factory_banned_opcode[COINBASE]
PASSED tests/single/opbanning/test_op_banning.py::test_factory_banned_opcode[DIFFICULTY]
PASSED tests/single/opbanning/test_op_banning.py::test_factory_banned_opcode[BASEFEE]
PASSED tests/single/opbanning/test_op_banning.py::test_factory_banned_opcode[GASLIMIT]
PASSED tests/single/opbanning/test_op_banning.py::test_factory_banned_opcode[GASPRICE]
PASSED tests/single/opbanning/test_op_banning.py::test_factory_banned_opcode[SELFBALANCE]
PASSED tests/single/opbanning/test_op_banning.py::test_factory_banned_opcode[BALANCE]
PASSED tests/single/opbanning/test_op_banning.py::test_factory_banned_opcode[ORIGIN]
PASSED tests/single/opbanning/test_op_banning.py::test_factory_banned_opcode[BLOCKHASH]
PASSED tests/single/opbanning/test_op_banning.py::test_factory_banned_opcode[CREATE]
PASSED tests/single/opbanning/test_op_banning.py::test_factory_banned_opcode[CREATE2]
PASSED tests/single/opbanning/test_op_banning.py::test_factory_banned_opcode[SELFDESTRUCT]
PASSED tests/single/rpc/test_eth_chainId.py::test_eth_chainId[]
PASSED tests/single/rpc/test_eth_estimateUserOperationGas.py::test_eth_estimateUserOperationGas_execution_revert
PASSED tests/single/rpc/test_eth_estimateUserOperationGas.py::test_eth_estimateUserOperationGas_simulation_revert
PASSED tests/single/rpc/test_eth_getUserOperationByHash.py::test_eth_getUserOperationByHash[]
PASSED tests/single/rpc/test_eth_getUserOperationByHash.py::test_eth_getUserOperationByHash_error
PASSED tests/single/rpc/test_eth_getUserOperationReceipt.py::test_eth_getUserOperationReceipt[]
PASSED tests/single/rpc/test_eth_getUserOperationReceipt.py::test_eth_getUserOperationReceipt_error
PASSED tests/single/rpc/test_eth_sendUserOperation.py::test_eth_sendUserOperation[]
PASSED tests/single/rpc/test_eth_sendUserOperation.py::test_eth_sendUserOperation_revert
PASSED tests/single/rpc/test_eth_sendUserOperation.py::test_eth_sendUserOperation_invalid_signature
PASSED tests/single/rpc/test_eth_supportedEntryPoints.py::test_eth_supportedEntryPoints[]
FAILED tests/single/bundle/test_bundle.py::test_bundle_replace_op[only_priority_fee_bump] - AttributeError: 'Error' object has no attribute 'result'
FAILED tests/single/bundle/test_bundle.py::test_bundle_replace_op[only_max_fee_bump] - AttributeError: 'Error' object has no attribute 'result'
FAILED tests/single/bundle/test_bundle.py::test_bundle_replace_op[with_same_fee] - AttributeError: 'Error' object has no attribute 'result'
FAILED tests/single/bundle/test_bundle.py::test_bundle_replace_op[with_less_fee] - AttributeError: 'Error' object has no attribute 'result'
FAILED tests/single/bundle/test_bundle.py::test_bundle_replace_op[fee_bump_below_threshold] - AttributeError: 'Error' object has no attribute 'result'
FAILED tests/single/bundle/test_bundle.py::test_bundle_replace_op[fee_bump_at_threshold] - AttributeError: 'Error' object has no attribute 'result'
FAILED tests/single/bundle/test_bundle.py::test_bundle_replace_op[fee_bump_above_threshold] - AttributeError: 'Error' object has no attribute 'result'
FAILED tests/single/bundle/test_bundle.py::test_mempool_reputation_rules_all_entities[SREP-020-banned-entity-not-allowed-banned-sender] - AttributeError: 'Error' object has no attribute 'result'
FAILED tests/single/bundle/test_bundle.py::test_mempool_reputation_rules_all_entities[SREP-020-banned-entity-not-allowed-banned-paymaster] - AttributeError: 'Error' object has no attribute 'result'
FAILED tests/single/bundle/test_bundle.py::test_mempool_reputation_rules_all_entities[SREP-020-banned-entity-not-allowed-banned-factory] - AttributeError: 'Error' object has no attribute 'result'
FAILED tests/single/bundle/test_bundle.py::test_mempool_reputation_rules_all_entities[SREP-030-throttled-entity-allowed-a-little-throttled-sender] - AttributeError: 'Error' object has no attribute 'result'
FAILED tests/single/bundle/test_bundle.py::test_mempool_reputation_rules_all_entities[SREP-030-throttled-entity-allowed-a-little-throttled-paymaster] - AttributeError: 'Error' object has no attribute 'result'
FAILED tests/single/bundle/test_bundle.py::test_mempool_reputation_rules_all_entities[SREP-030-throttled-entity-allowed-a-little-throttled-factory] - AttributeError: 'Error' object has no attribute 'result'
FAILED tests/single/bundle/test_bundle.py::test_mempool_reputation_rules_all_entities[UREP-010 UREP-020-unstaked-entity-allowed-function-unstaked-sender] - AttributeError: 'Error' object has no attribute 'result'
FAILED tests/single/bundle/test_bundle.py::test_mempool_reputation_rules_all_entities[UREP-010 UREP-020-unstaked-entity-allowed-function-unstaked-paymaster] - AttributeError: 'Error' object has no attribute 'result'
FAILED tests/single/bundle/test_bundle.py::test_mempool_reputation_rules_all_entities[UREP-010 UREP-020-unstaked-entity-allowed-function-unstaked-factory] - AttributeError: 'Error' object has no attribute 'result'
FAILED tests/single/bundle/test_bundle.py::test_ban_user_op_access_other_ops_sender_in_bundle - AssertionError: assert [] == [UserOperatio...gnature='0x')]
  Right contains one more item: UserOperation(sender='0x7De79388a4D568040Ba5dF09CA853A0bbAC68B87', nonce='0x0', initCode='0x', callData='0x', callGasL...tionGas='0x493e0', maxFeePerGas='0xee6b2800', maxPriorityFeePerGas='0xb2d05e00', paymasterAndData='0x', signature='0x')
  Full diff:
    [
  +  ,
  -  UserOperation(sender='0x7De79388a4D568040Ba5dF09CA853A0bbAC68B87',
  -                nonce='0x0',
  -                initCode='0x',
  -                callData='0x',
  -                callGasLimit='0x493e0',
  -                verificationGasLimit='0xf4240',
  -                preVerificationGas='0x493e0',
  -                maxFeePerGas='0xee6b2800',
  -                maxPriorityFeePerGas='0xb2d05e00',
  -                paymasterAndData='0x',
  -                signature='0x'),
    ]
FAILED tests/single/bundle/test_bundle.py::test_ban_user_sender_double_role_in_bundle - Exception: expected error object, got:
Ok(result='0x88da3dbe6272b8e0eeeaa427e82a30b8f0d71bc69c759929e9fb5231d12126d2', id=90)
FAILED tests/single/bundle/test_bundle.py::test_stake_check_in_bundler - AttributeError: 'Error' object has no attribute 'result'
FAILED tests/single/bundle/test_storage_rules.py::test_rule[[OP-020]unstaked][paymaster][out_of_gas][drop] - AttributeError: 'Ok' object has no attribute 'message'
FAILED tests/single/bundle/test_storage_rules.py::test_rule[[STO-033]staked][paymaster][external_storage_read][ok] - Exception: expected result object, got:
Error(code=-32502, message='paymaster : 0x6cec91ee596561f7d5ba4a346d3513c3d84df889 banned access to slot aed3469875ad6750e818d667b5bd08036a9d5a353af5c0e81a03431a837a7b39 at contract : 0x53032a4ba13b9a4c1a0203088497b39378ec000b', data=None, id=155)
FAILED tests/single/bundle/test_storage_rules.py::test_rule[[OP-020]staked][paymaster][out_of_gas][drop] - AttributeError: 'Ok' object has no attribute 'message'
FAILED tests/single/bundle/test_storage_rules.py::test_rule[[OP-020]staked][paymaster][sstore_out_of_gas][drop] - AttributeError: 'Ok' object has no attribute 'message'
FAILED tests/single/bundle/test_storage_rules.py::test_rule[[OP-041]unstaked][factory][EXTCODESIZE_undeployed_contract][drop] - AttributeError: 'Ok' object has no attribute 'message'
FAILED tests/single/bundle/test_storage_rules.py::test_rule[[OP-041]unstaked][factory][EXTCODEHASH_undeployed_contract][drop] - AttributeError: 'Ok' object has no attribute 'message'
FAILED tests/single/bundle/test_storage_rules.py::test_rule[[OP-041]unstaked][factory][EXTCODECOPY_undeployed_contract][drop] - AttributeError: 'Ok' object has no attribute 'message'
FAILED tests/single/bundle/test_storage_rules.py::test_rule[[OP-041]unstaked][factory][CALL_undeployed_contract][drop] - AttributeError: 'Ok' object has no attribute 'message'
FAILED tests/single/bundle/test_storage_rules.py::test_rule[[OP-041]unstaked][factory][CALLCODE_undeployed_contract][drop] - AttributeError: 'Ok' object has no attribute 'message'
FAILED tests/single/bundle/test_storage_rules.py::test_rule[[OP-041]unstaked][factory][DELEGATECALL_undeployed_contract][drop] - AttributeError: 'Ok' object has no attribute 'message'
FAILED tests/single/bundle/test_storage_rules.py::test_rule[[OP-041]unstaked][factory][STATICCALL_undeployed_contract][drop] - AttributeError: 'Ok' object has no attribute 'message'
FAILED tests/single/bundle/test_storage_rules.py::test_rule[[OP-020]unstaked][factory][out_of_gas][drop] - AttributeError: 'Ok' object has no attribute 'message'
FAILED tests/single/bundle/test_storage_rules.py::test_rule[[STO-033]staked][factory][external_storage_read][ok] - Exception: expected result object, got:
Error(code=-32502, message='factory : 0xfa08d4652f98da6648a5c69afa641a9ed58fda13 banned access to slot aed3469875ad6750e818d667b5bd08036a9d5a353af5c0e81a03431a837a7b39 at contract : 0x10f001d18a91a70536d4da0007d81293109738ca', data=None, id=213)
FAILED tests/single/bundle/test_storage_rules.py::test_rule[[OP-020]staked][factory][out_of_gas][drop] - AttributeError: 'Ok' object has no attribute 'message'
FAILED tests/single/bundle/test_storage_rules.py::test_rule[[OP-020]staked][factory][sstore_out_of_gas][drop] - AttributeError: 'Ok' object has no attribute 'message'
FAILED tests/single/bundle/test_storage_rules.py::test_rule[[STO-022]unstaked][account][account_reference_storage_init_code][ok] - Exception: expected result object, got:
Error(code=-32502, message='sender : 0xA8EE5f51678Dc9c1982Fb991E2F4978BEcBF1Ff2 insuffient stake to access 9ea14c4c0403d89cb4ad15b197defe0956b810bbb48f112cd3cb433859caeee at contract : 0x53874163252bcea2ac94b1baf012c2a7d195836e', data=None, id=227)
FAILED tests/single/bundle/test_storage_rules.py::test_rule[[OP-020]unstaked][account][out_of_gas][drop] - AttributeError: 'Ok' object has no attribute 'message'
FAILED tests/single/bundle/test_storage_rules.py::test_rule[[OP-020]unstaked][account][sstore_out_of_gas][drop] - AttributeError: 'Ok' object has no attribute 'message'
FAILED tests/single/bundle/test_storage_rules.py::test_rule[[OP-020]staked][account][out_of_gas][drop] - AttributeError: 'Ok' object has no attribute 'message'
FAILED tests/single/bundle/test_storage_rules.py::test_rule[[OP-020]staked][account][sstore_out_of_gas][drop] - AttributeError: 'Ok' object has no attribute 'message'
FAILED tests/single/bundle/test_storage_rules.py::test_rule[[STO-033]staked][account][external_storage_read][ok] - Exception: expected result object, got:
Error(code=-32502, message='sender : 0xA281e79a3FD97476ED0D5514a4c9eC2d80f91c1E banned access to slot aed3469875ad6750e818d667b5bd08036a9d5a353af5c0e81a03431a837a7b39 at contract : 0x4b1a1a551e0351fd52464fb5cf687ab2f70ab69a', data=None, id=253)
FAILED tests/single/bundle/test_storage_rules.py::test_rule[[OP-011]unstaked][account][entryPoint_call_balanceOf][drop] - AttributeError: 'Ok' object has no attribute 'message'
FAILED tests/single/bundle/test_storage_rules.py::test_rule[[OP-061]unstaked][account][eth_value_transfer_forbidden][drop] - AttributeError: 'Ok' object has no attribute 'message'
FAILED tests/single/bundle/test_storage_rules.py::test_rule[[OP-041]unstaked][account][EXTCODESIZE_undeployed_contract][drop] - AttributeError: 'Ok' object has no attribute 'message'
FAILED tests/single/bundle/test_storage_rules.py::test_rule[[OP-041]unstaked][account][EXTCODEHASH_undeployed_contract][drop] - AttributeError: 'Ok' object has no attribute 'message'
FAILED tests/single/bundle/test_storage_rules.py::test_rule[[OP-041]unstaked][account][EXTCODECOPY_undeployed_contract][drop] - AttributeError: 'Ok' object has no attribute 'message'
FAILED tests/single/bundle/test_storage_rules.py::test_rule[[OP-054]unstaked][account][EXTCODESIZE_entrypoint][drop] - AttributeError: 'Ok' object has no attribute 'message'
FAILED tests/single/bundle/test_storage_rules.py::test_rule[[OP-054]unstaked][account][EXTCODEHASH_entrypoint][drop] - AttributeError: 'Ok' object has no attribute 'message'
FAILED tests/single/bundle/test_storage_rules.py::test_rule[[OP-054]unstaked][account][EXTCODECOPY_entrypoint][drop] - AttributeError: 'Ok' object has no attribute 'message'
FAILED tests/single/bundle/test_storage_rules.py::test_rule[[OP-041]unstaked][account][CALL_undeployed_contract][drop] - AttributeError: 'Ok' object has no attribute 'message'
FAILED tests/single/bundle/test_storage_rules.py::test_rule[[OP-041]unstaked][account][CALLCODE_undeployed_contract][drop] - AttributeError: 'Ok' object has no attribute 'message'
FAILED tests/single/bundle/test_storage_rules.py::test_rule[[OP-041]unstaked][account][DELEGATECALL_undeployed_contract][drop] - AttributeError: 'Ok' object has no attribute 'message'
FAILED tests/single/bundle/test_storage_rules.py::test_rule[[OP-041]unstaked][account][STATICCALL_undeployed_contract][drop] - AttributeError: 'Ok' object has no attribute 'message'
FAILED tests/single/reputation/test_reputation.py::test_staked_entity_reputation_threshold[with_factory] - AttributeError: 'str' object has no attribute 'address'
FAILED tests/single/reputation/test_reputation.py::test_staked_entity_reputation_threshold[without_factory] - AttributeError: 'str' object has no attribute 'address'
FAILED tests/single/rpc/test_eth_estimateUserOperationGas.py::test_eth_estimateUserOperationGas[] - jsonschema.exceptions.ValidationError: 'verificationGasLimit' is a required property

Failed validating 'required' in schema:
    {'properties': {'callGasLimit': {'oneOf': [{'pattern': '^0x([1-9a-f]+[0-9a-f]*|0)$',
                                                'type': 'string'},
                                               {'type': 'number'}],
                                     'title': 'callGasLimit'},
                    'preVerificationGas': {'oneOf': [{'pattern': '^0x([1-9a-f]+[0-9a-f]*|0)$',
                                                      'type': 'string'},
                                                     {'type': 'number'}],
                                           'title': 'preVerificationGas'},
                    'verificationGasLimit': {'oneOf': [{'pattern': '^0x([1-9a-f]+[0-9a-f]*|0)$',
                                                        'type': 'string'},
                                                       {'type': 'number'}],
                                             'title': 'verificationGasLimit'}},
     'required': ['callGasLimit',
                  'preVerificationGas',
                  'verificationGasLimit'],
     'title': 'UserOperation Gas parameters',
     'type': 'object'}

On instance:
    {'callGasLimit': '0xab10',
     'deadline': 281474976710655,
     'preVerificationGas': 48220,
     'verificationGas': 334329}
================= 55 failed, 116 passed, 4 warnings in 24.71s ==================
Wed Dec  6 17:10:28 UTC 2023: done bundler /home/runner/work/bundler-test-executor/bundler-test-executor/bundlers/voltaire/voltaire.yml, name=voltaire
              Container                            Repository                  Tag          Image Id       Size  
-----------------------------------------------------------------------------------------------------------------
bundler-test-executor_bundler-waiter_1   ghcr.io/foundry-rs/foundry        latest         11a73703d5f6   143.7 MB
bundler-test-executor_bundler_1          sherifahmed990/voltaire-bundler   0.19           fd018c4a1482   131.3 MB
bundler-test-executor_deployer_1         accountabstraction/deployer       0.6            7e3c6d5f0f4d   143.1 MB
bundler-test-executor_funder_1           bundler-test-executor_funder      latest         4cc747cffea9   147.4 MB
geth-1.10                                ethereum/client-go                release-1.10   c16c2e0da325   49.69 MB
