{
  "testsuites": {
    "testsuite": {
      "@name": "stackup",
      "@errors": "0",
      "@failures": "49",
      "@skipped": "0",
      "@tests": "167",
      "@time": "38.353",
      "@timestamp": "2023-10-09T16:26:23.392167",
      "@hostname": "fv-az257-30",
      "testcase": [
        {
          "@classname": "tests.bundle.test_bundle",
          "@name": "test_bundle_replace_op[only_priority_fee_bump]",
          "@time": "0.159"
        },
        {
          "@classname": "tests.bundle.test_bundle",
          "@name": "test_bundle_replace_op[only_max_fee_bump]",
          "@time": "0.111"
        },
        {
          "@classname": "tests.bundle.test_bundle",
          "@name": "test_bundle_replace_op[with_same_fee]",
          "@time": "0.142"
        },
        {
          "@classname": "tests.bundle.test_bundle",
          "@name": "test_bundle_replace_op[with_less_fee]",
          "@time": "0.137"
        },
        {
          "@classname": "tests.bundle.test_bundle",
          "@name": "test_bundle_replace_op[fee_bump_below_threshold]",
          "@time": "0.133"
        },
        {
          "@classname": "tests.bundle.test_bundle",
          "@name": "test_bundle_replace_op[fee_bump_at_threshold]",
          "@time": "0.184"
        },
        {
          "@classname": "tests.bundle.test_bundle",
          "@name": "test_bundle_replace_op[fee_bump_above_threshold]",
          "@time": "0.175"
        },
        {
          "@classname": "tests.bundle.test_bundle",
          "@name": "test_mempool_reputation_rules_all_entities[SREP-020-banned-entity-not-allowed-banned-sender]",
          "@time": "0.544",
          "failure": {
            "@message": "AttributeError: 'Error' object has no attribute 'result'",
            "#text": "tests/bundle/test_bundle.py:148: in test_mempool_reputation_rules_all_entities\n    set_reputation(\ntests/utils.py:200: in set_reputation\n    )\nE   AttributeError: 'Error' object has no attribute 'result'"
          },
          "system-out": "--------------------------------- Captured Log ---------------------------------\n\n--------------------------------- Captured Out ---------------------------------",
          "system-err": "--------------------------------- Captured Err ---------------------------------"
        },
        {
          "@classname": "tests.bundle.test_bundle",
          "@name": "test_mempool_reputation_rules_all_entities[SREP-020-banned-entity-not-allowed-banned-paymaster]",
          "@time": "0.247",
          "failure": {
            "@message": "AttributeError: 'Error' object has no attribute 'result'",
            "#text": "tests/bundle/test_bundle.py:154: in test_mempool_reputation_rules_all_entities\n    set_reputation(\ntests/utils.py:200: in set_reputation\n    )\nE   AttributeError: 'Error' object has no attribute 'result'"
          },
          "system-out": "--------------------------------- Captured Log ---------------------------------\n\n--------------------------------- Captured Out ---------------------------------",
          "system-err": "--------------------------------- Captured Err ---------------------------------"
        },
        {
          "@classname": "tests.bundle.test_bundle",
          "@name": "test_mempool_reputation_rules_all_entities[SREP-020-banned-entity-not-allowed-banned-factory]",
          "@time": "0.251",
          "failure": {
            "@message": "AttributeError: 'Error' object has no attribute 'result'",
            "#text": "tests/bundle/test_bundle.py:160: in test_mempool_reputation_rules_all_entities\n    set_reputation(\ntests/utils.py:200: in set_reputation\n    )\nE   AttributeError: 'Error' object has no attribute 'result'"
          },
          "system-out": "--------------------------------- Captured Log ---------------------------------\n\n--------------------------------- Captured Out ---------------------------------",
          "system-err": "--------------------------------- Captured Err ---------------------------------"
        },
        {
          "@classname": "tests.bundle.test_bundle",
          "@name": "test_mempool_reputation_rules_all_entities[SREP-030-throttled-entity-allowed-a-little-throttled-sender]",
          "@time": "0.261",
          "failure": {
            "@message": "AttributeError: 'Error' object has no attribute 'result'",
            "#text": "tests/bundle/test_bundle.py:148: in test_mempool_reputation_rules_all_entities\n    set_reputation(\ntests/utils.py:200: in set_reputation\n    )\nE   AttributeError: 'Error' object has no attribute 'result'"
          },
          "system-out": "--------------------------------- Captured Log ---------------------------------\n\n--------------------------------- Captured Out ---------------------------------",
          "system-err": "--------------------------------- Captured Err ---------------------------------"
        },
        {
          "@classname": "tests.bundle.test_bundle",
          "@name": "test_mempool_reputation_rules_all_entities[SREP-030-throttled-entity-allowed-a-little-throttled-paymaster]",
          "@time": "0.251",
          "failure": {
            "@message": "AttributeError: 'Error' object has no attribute 'result'",
            "#text": "tests/bundle/test_bundle.py:154: in test_mempool_reputation_rules_all_entities\n    set_reputation(\ntests/utils.py:200: in set_reputation\n    )\nE   AttributeError: 'Error' object has no attribute 'result'"
          },
          "system-out": "--------------------------------- Captured Log ---------------------------------\n\n--------------------------------- Captured Out ---------------------------------",
          "system-err": "--------------------------------- Captured Err ---------------------------------"
        },
        {
          "@classname": "tests.bundle.test_bundle",
          "@name": "test_mempool_reputation_rules_all_entities[SREP-030-throttled-entity-allowed-a-little-throttled-factory]",
          "@time": "0.244",
          "failure": {
            "@message": "AttributeError: 'Error' object has no attribute 'result'",
            "#text": "tests/bundle/test_bundle.py:160: in test_mempool_reputation_rules_all_entities\n    set_reputation(\ntests/utils.py:200: in set_reputation\n    )\nE   AttributeError: 'Error' object has no attribute 'result'"
          },
          "system-out": "--------------------------------- Captured Log ---------------------------------\n\n--------------------------------- Captured Out ---------------------------------",
          "system-err": "--------------------------------- Captured Err ---------------------------------"
        },
        {
          "@classname": "tests.bundle.test_bundle",
          "@name": "test_mempool_reputation_rules_all_entities[UREP-010 UREP-020-unstaked-entity-allowed-function-unstaked-sender]",
          "@time": "0.289",
          "failure": {
            "@message": "AttributeError: 'Error' object has no attribute 'result'",
            "#text": "tests/bundle/test_bundle.py:148: in test_mempool_reputation_rules_all_entities\n    set_reputation(\ntests/utils.py:200: in set_reputation\n    )\nE   AttributeError: 'Error' object has no attribute 'result'"
          },
          "system-out": "--------------------------------- Captured Log ---------------------------------\n\n--------------------------------- Captured Out ---------------------------------",
          "system-err": "--------------------------------- Captured Err ---------------------------------"
        },
        {
          "@classname": "tests.bundle.test_bundle",
          "@name": "test_mempool_reputation_rules_all_entities[UREP-010 UREP-020-unstaked-entity-allowed-function-unstaked-paymaster]",
          "@time": "0.255",
          "failure": {
            "@message": "AttributeError: 'Error' object has no attribute 'result'",
            "#text": "tests/bundle/test_bundle.py:154: in test_mempool_reputation_rules_all_entities\n    set_reputation(\ntests/utils.py:200: in set_reputation\n    )\nE   AttributeError: 'Error' object has no attribute 'result'"
          },
          "system-out": "--------------------------------- Captured Log ---------------------------------\n\n--------------------------------- Captured Out ---------------------------------",
          "system-err": "--------------------------------- Captured Err ---------------------------------"
        },
        {
          "@classname": "tests.bundle.test_bundle",
          "@name": "test_mempool_reputation_rules_all_entities[UREP-010 UREP-020-unstaked-entity-allowed-function-unstaked-factory]",
          "@time": "0.246",
          "failure": {
            "@message": "AttributeError: 'Error' object has no attribute 'result'",
            "#text": "tests/bundle/test_bundle.py:160: in test_mempool_reputation_rules_all_entities\n    set_reputation(\ntests/utils.py:200: in set_reputation\n    )\nE   AttributeError: 'Error' object has no attribute 'result'"
          },
          "system-out": "--------------------------------- Captured Log ---------------------------------\n\n--------------------------------- Captured Out ---------------------------------",
          "system-err": "--------------------------------- Captured Err ---------------------------------"
        },
        {
          "@classname": "tests.bundle.test_bundle",
          "@name": "test_max_allowed_ops_unstaked_sender",
          "@time": "0.360"
        },
        {
          "@classname": "tests.bundle.test_bundle",
          "@name": "test_max_allowed_ops_staked_sender",
          "@time": "0.513"
        },
        {
          "@classname": "tests.bundle.test_bundle",
          "@name": "test_ban_user_op_access_other_ops_sender_in_bundle",
          "@time": "0.441",
          "failure": {
            "@message": "AssertionError: assert [UserOperatio...gnature='0x')] == [UserOperatio...gnature='0x')]\n  At index 0 diff: UserOperation(sender='0x87fE42de2B7a26491577769ea8D9BAFeAbe523CB', nonce='0x0', initCode='0x', callData='0x8aa68526ccfce1ee0080d8c1cc416cc07bea19a1', callGasLimit='0x493e0', verificationGasLimit='0xf4240', preVerificationGas='0x493e0', maxFeePerGas='0xee6b2800', maxPriorityFeePerGas='0x3b9aca00', paymasterAndData='0x', signature='0x') != UserOperation(sender='0x8aA68526CCfCe1Ee0080d8c1cC416Cc07BEA19a1', nonce='0x0', initCode='0x', callData='0x', callGasLimit='0x493e0', verificationGasLimit='0xf4240', preVerificationGas='0x493e0', maxFeePerGas='0xee6b2800', maxPriorityFeePerGas='0x3b9aca00', paymasterAndData='0x', signature='0x')\n  Full diff:\n    [\n  -  UserOperation(sender='0x8aA68526CCfCe1Ee0080d8c1cC416Cc07BEA19a1',\n  +  UserOperation(sender='0x87fE42de2B7a26491577769ea8D9BAFeAbe523CB',\n                   nonce='0x0',\n                   initCode='0x',\n  -                callData='0x',\n  +                callData='0x8aa68526ccfce1ee0080d8c1cc416cc07bea19a1',\n                   callGasLimit='0x493e0',\n                   verificationGasLimit='0xf4240',\n                   preVerificationGas='0x493e0',\n                   maxFeePerGas='0xee6b2800',\n                   maxPriorityFeePerGas='0x3b9aca00',\n                   paymasterAndData='0x',\n                   signature='0x'),\n    ]",
            "#text": "tests/bundle/test_bundle.py:319: in test_ban_user_op_access_other_ops_sender_in_bundle\n    assert dump_mempool() == [user_op2]\nE   AssertionError: assert [UserOperatio...gnature='0x')] == [UserOperatio...gnature='0x')]\nE     At index 0 diff: UserOperation(sender='0x87fE42de2B7a26491577769ea8D9BAFeAbe523CB', nonce='0x0', initCode='0x', callData='0x8aa68526ccfce1ee0080d8c1cc416cc07bea19a1', callGasLimit='0x493e0', verificationGasLimit='0xf4240', preVerificationGas='0x493e0', maxFeePerGas='0xee6b2800', maxPriorityFeePerGas='0x3b9aca00', paymasterAndData='0x', signature='0x') != UserOperation(sender='0x8aA68526CCfCe1Ee0080d8c1cC416Cc07BEA19a1', nonce='0x0', initCode='0x', callData='0x', callGasLimit='0x493e0', verificationGasLimit='0xf4240', preVerificationGas='0x493e0', maxFeePerGas='0xee6b2800', maxPriorityFeePerGas='0x3b9aca00', paymasterAndData='0x', signature='0x')\nE     Full diff:\nE       [\nE     -  UserOperation(sender='0x8aA68526CCfCe1Ee0080d8c1cC416Cc07BEA19a1',\nE     +  UserOperation(sender='0x87fE42de2B7a26491577769ea8D9BAFeAbe523CB',\nE                      nonce='0x0',\nE                      initCode='0x',\nE     -                callData='0x',\nE     +                callData='0x8aa68526ccfce1ee0080d8c1cc416cc07bea19a1',\nE                      callGasLimit='0x493e0',\nE                      verificationGasLimit='0xf4240',\nE                      preVerificationGas='0x493e0',\nE                      maxFeePerGas='0xee6b2800',\nE                      maxPriorityFeePerGas='0x3b9aca00',\nE                      paymasterAndData='0x',\nE                      signature='0x'),\nE       ]"
          },
          "system-out": "--------------------------------- Captured Log ---------------------------------\n\n--------------------------------- Captured Out ---------------------------------",
          "system-err": "--------------------------------- Captured Err ---------------------------------"
        },
        {
          "@classname": "tests.bundle.test_bundle",
          "@name": "test_ban_user_sender_double_role_in_bundle",
          "@time": "0.297",
          "failure": {
            "@message": "Exception: expected error object, got:\nOk(result='0xa5b164647e0726c3332db9c6a136ad1544a6a09d296dc3e4ba2dab3b5b40b7a8', id=111)",
            "#text": "tests/utils.py:115: in assert_rpc_error\n    assert response.code == code\nE   AttributeError: 'Ok' object has no attribute 'code'\n\nThe above exception was the direct cause of the following exception:\ntests/bundle/test_bundle.py:359: in test_ban_user_sender_double_role_in_bundle\n    assert_rpc_error(\ntests/utils.py:118: in assert_rpc_error\n    raise Exception(f\"expected error object, got:\\n{response}\") from exc\nE   Exception: expected error object, got:\nE   Ok(result='0xa5b164647e0726c3332db9c6a136ad1544a6a09d296dc3e4ba2dab3b5b40b7a8', id=111)"
          },
          "system-out": "--------------------------------- Captured Log ---------------------------------\n\n--------------------------------- Captured Out ---------------------------------",
          "system-err": "--------------------------------- Captured Err ---------------------------------"
        },
        {
          "@classname": "tests.bundle.test_bundle",
          "@name": "test_stake_check_in_bundler",
          "@time": "0.083",
          "failure": {
            "@message": "AttributeError: 'Error' object has no attribute 'result'",
            "#text": "tests/bundle/test_bundle.py:382: in test_stake_check_in_bundler\n    response = get_stake_status(paymaster_contract.address, entrypoint_contract.address)\ntests/utils.py:165: in get_stake_status\n    .result\nE   AttributeError: 'Error' object has no attribute 'result'"
          },
          "system-out": "--------------------------------- Captured Log ---------------------------------\n\n--------------------------------- Captured Out ---------------------------------",
          "system-err": "--------------------------------- Captured Err ---------------------------------"
        },
        {
          "@classname": "tests.bundle.test_codehash",
          "@name": "test_codehash_changed",
          "@time": "0.565"
        },
        {
          "@classname": "tests.bundle.test_storage_rules",
          "@name": "test_rule[[STO-000]unstaked][paymaster][no_storage][ok]",
          "@time": "0.187"
        },
        {
          "@classname": "tests.bundle.test_storage_rules",
          "@name": "test_rule[[STO-031]unstaked][paymaster][storage][drop]",
          "@time": "0.189"
        },
        {
          "@classname": "tests.bundle.test_storage_rules",
          "@name": "test_rule[[STO-032]unstaked][paymaster][reference_storage][drop]",
          "@time": "0.194"
        },
        {
          "@classname": "tests.bundle.test_storage_rules",
          "@name": "test_rule[[STO-032]unstaked][paymaster][reference_storage_struct][drop]",
          "@time": "0.316"
        },
        {
          "@classname": "tests.bundle.test_storage_rules",
          "@name": "test_rule[[STO-010]unstaked][paymaster][account_storage][ok]",
          "@time": "0.198"
        },
        {
          "@classname": "tests.bundle.test_storage_rules",
          "@name": "test_rule[[STO-021]unstaked][paymaster][account_reference_storage][ok]",
          "@time": "0.202"
        },
        {
          "@classname": "tests.bundle.test_storage_rules",
          "@name": "test_rule[[STO-021]unstaked][paymaster][account_reference_storage_struct][ok]",
          "@time": "0.210"
        },
        {
          "@classname": "tests.bundle.test_storage_rules",
          "@name": "test_rule[[STO-022]unstaked][paymaster][account_reference_storage_init_code][drop0]",
          "@time": "0.220",
          "failure": {
            "@message": "AssertionError: assert -32602 == <RPCErrorCode.BANNED_OPCODE: -32502>\n +  where -32602 = Error(code=-32602, message='verificationGasLimit: exceeds maxVerificationGas of 1500000', data='verificationGasLimit: exceeds maxVerificationGas of 1500000', id=144).code",
            "#text": "tests/bundle/test_storage_rules.py:737: in test_rule\n    case.assert_func(response)\ntests/bundle/test_storage_rules.py:19: in assert_error\n    assert_rpc_error(response, response.message, RPCErrorCode.BANNED_OPCODE)\ntests/utils.py:115: in assert_rpc_error\n    assert response.code == code\nE   AssertionError: assert -32602 == <RPCErrorCode.BANNED_OPCODE: -32502>\nE    +  where -32602 = Error(code=-32602, message='verificationGasLimit: exceeds maxVerificationGas of 1500000', data='verificationGasLimit: exceeds maxVerificationGas of 1500000', id=144).code"
          },
          "system-out": "--------------------------------- Captured Log ---------------------------------\n\n--------------------------------- Captured Out ---------------------------------",
          "system-err": "--------------------------------- Captured Err ---------------------------------"
        },
        {
          "@classname": "tests.bundle.test_storage_rules",
          "@name": "test_rule[[EREP-050]unstaked][paymaster][context][drop]",
          "@time": "0.173"
        },
        {
          "@classname": "tests.bundle.test_storage_rules",
          "@name": "test_rule[[STO-032]unstaked][paymaster][external_storage][drop]",
          "@time": "0.201"
        },
        {
          "@classname": "tests.bundle.test_storage_rules",
          "@name": "test_rule[[OP-020]unstaked][paymaster][out_of_gas][drop]",
          "@time": "0.227",
          "failure": {
            "@message": "AttributeError: 'Ok' object has no attribute 'message'",
            "#text": "tests/bundle/test_storage_rules.py:737: in test_rule\n    case.assert_func(response)\ntests/bundle/test_storage_rules.py:19: in assert_error\n    assert_rpc_error(response, response.message, RPCErrorCode.BANNED_OPCODE)\nE   AttributeError: 'Ok' object has no attribute 'message'"
          },
          "system-out": "--------------------------------- Captured Log ---------------------------------\n\n--------------------------------- Captured Out ---------------------------------",
          "system-err": "--------------------------------- Captured Err ---------------------------------"
        },
        {
          "@classname": "tests.bundle.test_storage_rules",
          "@name": "test_rule[[OP-020]unstaked][paymaster][sstore_out_of_gas][drop]",
          "@time": "0.202"
        },
        {
          "@classname": "tests.bundle.test_storage_rules",
          "@name": "test_rule[[STO-000]staked][paymaster][no_storage][ok]",
          "@time": "0.241"
        },
        {
          "@classname": "tests.bundle.test_storage_rules",
          "@name": "test_rule[[STO-031]staked][paymaster][storage][ok]",
          "@time": "0.234"
        },
        {
          "@classname": "tests.bundle.test_storage_rules",
          "@name": "test_rule[[STO-032]staked][paymaster][reference_storage][ok]",
          "@time": "0.252"
        },
        {
          "@classname": "tests.bundle.test_storage_rules",
          "@name": "test_rule[[STO-032]staked][paymaster][reference_storage_struct][ok]",
          "@time": "0.353"
        },
        {
          "@classname": "tests.bundle.test_storage_rules",
          "@name": "test_rule[[STO-010]staked][paymaster][account_storage][ok]",
          "@time": "0.347"
        },
        {
          "@classname": "tests.bundle.test_storage_rules",
          "@name": "test_rule[[STO-021]staked][paymaster][account_reference_storage][ok]",
          "@time": "0.365"
        },
        {
          "@classname": "tests.bundle.test_storage_rules",
          "@name": "test_rule[[STO-021]staked][paymaster][account_reference_storage_struct][ok]",
          "@time": "0.244"
        },
        {
          "@classname": "tests.bundle.test_storage_rules",
          "@name": "test_rule[[STO-022]staked][paymaster][account_reference_storage_init_code][ok]",
          "@time": "0.259",
          "failure": {
            "@message": "Exception: expected result object, got:\nError(code=-32602, message='verificationGasLimit: exceeds maxVerificationGas of 1500000', data='verificationGasLimit: exceeds maxVerificationGas of 1500000', id=168)",
            "#text": "tests/utils.py:108: in assert_ok\n    assert response.result\nE   AttributeError: 'Error' object has no attribute 'result'\n\nThe above exception was the direct cause of the following exception:\ntests/bundle/test_storage_rules.py:737: in test_rule\n    case.assert_func(response)\ntests/utils.py:110: in assert_ok\n    raise Exception(f\"expected result object, got:\\n{response}\") from exc\nE   Exception: expected result object, got:\nE   Error(code=-32602, message='verificationGasLimit: exceeds maxVerificationGas of 1500000', data='verificationGasLimit: exceeds maxVerificationGas of 1500000', id=168)"
          },
          "system-out": "--------------------------------- Captured Log ---------------------------------\n\n--------------------------------- Captured Out ---------------------------------",
          "system-err": "--------------------------------- Captured Err ---------------------------------"
        },
        {
          "@classname": "tests.bundle.test_storage_rules",
          "@name": "test_rule[[EREP-050]staked][paymaster][context][ok]",
          "@time": "0.214"
        },
        {
          "@classname": "tests.bundle.test_storage_rules",
          "@name": "test_rule[[STO-031]staked][paymaster][external_storage][drop]",
          "@time": "0.229"
        },
        {
          "@classname": "tests.bundle.test_storage_rules",
          "@name": "test_rule[[OP-020]staked][paymaster][out_of_gas][drop]",
          "@time": "0.271",
          "failure": {
            "@message": "AttributeError: 'Ok' object has no attribute 'message'",
            "#text": "tests/bundle/test_storage_rules.py:737: in test_rule\n    case.assert_func(response)\ntests/bundle/test_storage_rules.py:19: in assert_error\n    assert_rpc_error(response, response.message, RPCErrorCode.BANNED_OPCODE)\nE   AttributeError: 'Ok' object has no attribute 'message'"
          },
          "system-out": "--------------------------------- Captured Log ---------------------------------\n\n--------------------------------- Captured Out ---------------------------------",
          "system-err": "--------------------------------- Captured Err ---------------------------------"
        },
        {
          "@classname": "tests.bundle.test_storage_rules",
          "@name": "test_rule[[OP-020]staked][paymaster][sstore_out_of_gas][drop]",
          "@time": "0.245",
          "failure": {
            "@message": "AttributeError: 'Ok' object has no attribute 'message'",
            "#text": "tests/bundle/test_storage_rules.py:737: in test_rule\n    case.assert_func(response)\ntests/bundle/test_storage_rules.py:19: in assert_error\n    assert_rpc_error(response, response.message, RPCErrorCode.BANNED_OPCODE)\nE   AttributeError: 'Ok' object has no attribute 'message'"
          },
          "system-out": "--------------------------------- Captured Log ---------------------------------\n\n--------------------------------- Captured Out ---------------------------------",
          "system-err": "--------------------------------- Captured Err ---------------------------------"
        },
        {
          "@classname": "tests.bundle.test_storage_rules",
          "@name": "test_rule[[STO-000]unstaked][factory][no_storage][ok]",
          "@time": "0.285"
        },
        {
          "@classname": "tests.bundle.test_storage_rules",
          "@name": "test_rule[[STO-000]unstaked][factory][storage][drop]",
          "@time": "0.291"
        },
        {
          "@classname": "tests.bundle.test_storage_rules",
          "@name": "test_rule[[STO-000]unstaked][factory][reference_storage][drop]",
          "@time": "0.293"
        },
        {
          "@classname": "tests.bundle.test_storage_rules",
          "@name": "test_rule[[STO-032]unstaked][factory][reference_storage_struct][drop]",
          "@time": "0.295"
        },
        {
          "@classname": "tests.bundle.test_storage_rules",
          "@name": "test_rule[[STO-010]unstaked][factory][account_storage][ok]",
          "@time": "0.290"
        },
        {
          "@classname": "tests.bundle.test_storage_rules",
          "@name": "test_rule[[STO-021]unstaked][factory][account_reference_storage][drop]",
          "@time": "0.287"
        },
        {
          "@classname": "tests.bundle.test_storage_rules",
          "@name": "test_rule[[STO-021]unstaked][factory][account_reference_storage_struct][drop]",
          "@time": "0.296"
        },
        {
          "@classname": "tests.bundle.test_storage_rules",
          "@name": "test_rule[[STO-000]unstaked][factory][external_storage][drop]",
          "@time": "0.294"
        },
        {
          "@classname": "tests.bundle.test_storage_rules",
          "@name": "test_rule[[OP-042]unstaked][factory][EXTCODEx_CALLx_undeployed_sender][ok]",
          "@time": "0.292"
        },
        {
          "@classname": "tests.bundle.test_storage_rules",
          "@name": "test_rule[[OP-041]unstaked][factory][EXTCODESIZE_undeployed_contract][drop]",
          "@time": "0.282",
          "failure": {
            "@message": "AttributeError: 'Ok' object has no attribute 'message'",
            "#text": "tests/bundle/test_storage_rules.py:737: in test_rule\n    case.assert_func(response)\ntests/bundle/test_storage_rules.py:19: in assert_error\n    assert_rpc_error(response, response.message, RPCErrorCode.BANNED_OPCODE)\nE   AttributeError: 'Ok' object has no attribute 'message'"
          },
          "system-out": "--------------------------------- Captured Log ---------------------------------\n\n--------------------------------- Captured Out ---------------------------------",
          "system-err": "--------------------------------- Captured Err ---------------------------------"
        },
        {
          "@classname": "tests.bundle.test_storage_rules",
          "@name": "test_rule[[OP-041]unstaked][factory][EXTCODEHASH_undeployed_contract][drop]",
          "@time": "0.283",
          "failure": {
            "@message": "AttributeError: 'Ok' object has no attribute 'message'",
            "#text": "tests/bundle/test_storage_rules.py:737: in test_rule\n    case.assert_func(response)\ntests/bundle/test_storage_rules.py:19: in assert_error\n    assert_rpc_error(response, response.message, RPCErrorCode.BANNED_OPCODE)\nE   AttributeError: 'Ok' object has no attribute 'message'"
          },
          "system-out": "--------------------------------- Captured Log ---------------------------------\n\n--------------------------------- Captured Out ---------------------------------",
          "system-err": "--------------------------------- Captured Err ---------------------------------"
        },
        {
          "@classname": "tests.bundle.test_storage_rules",
          "@name": "test_rule[[OP-041]unstaked][factory][EXTCODECOPY_undeployed_contract][drop]",
          "@time": "0.271",
          "failure": {
            "@message": "AttributeError: 'Ok' object has no attribute 'message'",
            "#text": "tests/bundle/test_storage_rules.py:737: in test_rule\n    case.assert_func(response)\ntests/bundle/test_storage_rules.py:19: in assert_error\n    assert_rpc_error(response, response.message, RPCErrorCode.BANNED_OPCODE)\nE   AttributeError: 'Ok' object has no attribute 'message'"
          },
          "system-out": "--------------------------------- Captured Log ---------------------------------\n\n--------------------------------- Captured Out ---------------------------------",
          "system-err": "--------------------------------- Captured Err ---------------------------------"
        },
        {
          "@classname": "tests.bundle.test_storage_rules",
          "@name": "test_rule[[OP-041]unstaked][factory][CALL_undeployed_contract][drop]",
          "@time": "0.386",
          "failure": {
            "@message": "AttributeError: 'Ok' object has no attribute 'message'",
            "#text": "tests/bundle/test_storage_rules.py:737: in test_rule\n    case.assert_func(response)\ntests/bundle/test_storage_rules.py:19: in assert_error\n    assert_rpc_error(response, response.message, RPCErrorCode.BANNED_OPCODE)\nE   AttributeError: 'Ok' object has no attribute 'message'"
          },
          "system-out": "--------------------------------- Captured Log ---------------------------------\n\n--------------------------------- Captured Out ---------------------------------",
          "system-err": "--------------------------------- Captured Err ---------------------------------"
        },
        {
          "@classname": "tests.bundle.test_storage_rules",
          "@name": "test_rule[[OP-041]unstaked][factory][CALLCODE_undeployed_contract][drop]",
          "@time": "0.275",
          "failure": {
            "@message": "AttributeError: 'Ok' object has no attribute 'message'",
            "#text": "tests/bundle/test_storage_rules.py:737: in test_rule\n    case.assert_func(response)\ntests/bundle/test_storage_rules.py:19: in assert_error\n    assert_rpc_error(response, response.message, RPCErrorCode.BANNED_OPCODE)\nE   AttributeError: 'Ok' object has no attribute 'message'"
          },
          "system-out": "--------------------------------- Captured Log ---------------------------------\n\n--------------------------------- Captured Out ---------------------------------",
          "system-err": "--------------------------------- Captured Err ---------------------------------"
        },
        {
          "@classname": "tests.bundle.test_storage_rules",
          "@name": "test_rule[[OP-041]unstaked][factory][DELEGATECALL_undeployed_contract][drop]",
          "@time": "0.319",
          "failure": {
            "@message": "AttributeError: 'Ok' object has no attribute 'message'",
            "#text": "tests/bundle/test_storage_rules.py:737: in test_rule\n    case.assert_func(response)\ntests/bundle/test_storage_rules.py:19: in assert_error\n    assert_rpc_error(response, response.message, RPCErrorCode.BANNED_OPCODE)\nE   AttributeError: 'Ok' object has no attribute 'message'"
          },
          "system-out": "--------------------------------- Captured Log ---------------------------------\n\n--------------------------------- Captured Out ---------------------------------",
          "system-err": "--------------------------------- Captured Err ---------------------------------"
        },
        {
          "@classname": "tests.bundle.test_storage_rules",
          "@name": "test_rule[[OP-041]unstaked][factory][STATICCALL_undeployed_contract][drop]",
          "@time": "0.281",
          "failure": {
            "@message": "AttributeError: 'Ok' object has no attribute 'message'",
            "#text": "tests/bundle/test_storage_rules.py:737: in test_rule\n    case.assert_func(response)\ntests/bundle/test_storage_rules.py:19: in assert_error\n    assert_rpc_error(response, response.message, RPCErrorCode.BANNED_OPCODE)\nE   AttributeError: 'Ok' object has no attribute 'message'"
          },
          "system-out": "--------------------------------- Captured Log ---------------------------------\n\n--------------------------------- Captured Out ---------------------------------",
          "system-err": "--------------------------------- Captured Err ---------------------------------"
        },
        {
          "@classname": "tests.bundle.test_storage_rules",
          "@name": "test_rule[[OP-020]unstaked][factory][out_of_gas][drop]",
          "@time": "0.323",
          "failure": {
            "@message": "AttributeError: 'Ok' object has no attribute 'message'",
            "#text": "tests/bundle/test_storage_rules.py:737: in test_rule\n    case.assert_func(response)\ntests/bundle/test_storage_rules.py:19: in assert_error\n    assert_rpc_error(response, response.message, RPCErrorCode.BANNED_OPCODE)\nE   AttributeError: 'Ok' object has no attribute 'message'"
          },
          "system-out": "--------------------------------- Captured Log ---------------------------------\n\n--------------------------------- Captured Out ---------------------------------",
          "system-err": "--------------------------------- Captured Err ---------------------------------"
        },
        {
          "@classname": "tests.bundle.test_storage_rules",
          "@name": "test_rule[[OP-020]unstaked][factory][sstore_out_of_gas][drop]",
          "@time": "0.289"
        },
        {
          "@classname": "tests.bundle.test_storage_rules",
          "@name": "test_rule[[STO-000]staked][factory][no_storage][ok]",
          "@time": "0.424"
        },
        {
          "@classname": "tests.bundle.test_storage_rules",
          "@name": "test_rule[[STO-031]staked][factory][storage][ok]",
          "@time": "0.347"
        },
        {
          "@classname": "tests.bundle.test_storage_rules",
          "@name": "test_rule[[STO-032]staked][factory][reference_storage][ok]",
          "@time": "0.339"
        },
        {
          "@classname": "tests.bundle.test_storage_rules",
          "@name": "test_rule[[STO-032]staked][factory][reference_storage_struct][ok]",
          "@time": "0.333"
        },
        {
          "@classname": "tests.bundle.test_storage_rules",
          "@name": "test_rule[[STO-010]staked][factory][account_storage][ok]",
          "@time": "0.323"
        },
        {
          "@classname": "tests.bundle.test_storage_rules",
          "@name": "test_rule[[STO-021]staked][factory][account_reference_storage][ok]",
          "@time": "0.330"
        },
        {
          "@classname": "tests.bundle.test_storage_rules",
          "@name": "test_rule[[STO-021]staked][factory][account_reference_storage_struct][ok]",
          "@time": "0.341"
        },
        {
          "@classname": "tests.bundle.test_storage_rules",
          "@name": "test_rule[[STO-000]staked][factory][external_storage][drop]",
          "@time": "0.332"
        },
        {
          "@classname": "tests.bundle.test_storage_rules",
          "@name": "test_rule[[OP-020]staked][factory][out_of_gas][drop]",
          "@time": "0.370",
          "failure": {
            "@message": "AttributeError: 'Ok' object has no attribute 'message'",
            "#text": "tests/bundle/test_storage_rules.py:737: in test_rule\n    case.assert_func(response)\ntests/bundle/test_storage_rules.py:19: in assert_error\n    assert_rpc_error(response, response.message, RPCErrorCode.BANNED_OPCODE)\nE   AttributeError: 'Ok' object has no attribute 'message'"
          },
          "system-out": "--------------------------------- Captured Log ---------------------------------\n\n--------------------------------- Captured Out ---------------------------------",
          "system-err": "--------------------------------- Captured Err ---------------------------------"
        },
        {
          "@classname": "tests.bundle.test_storage_rules",
          "@name": "test_rule[[OP-020]staked][factory][sstore_out_of_gas][drop]",
          "@time": "0.344",
          "failure": {
            "@message": "AttributeError: 'Ok' object has no attribute 'message'",
            "#text": "tests/bundle/test_storage_rules.py:737: in test_rule\n    case.assert_func(response)\ntests/bundle/test_storage_rules.py:19: in assert_error\n    assert_rpc_error(response, response.message, RPCErrorCode.BANNED_OPCODE)\nE   AttributeError: 'Ok' object has no attribute 'message'"
          },
          "system-out": "--------------------------------- Captured Log ---------------------------------\n\n--------------------------------- Captured Out ---------------------------------",
          "system-err": "--------------------------------- Captured Err ---------------------------------"
        },
        {
          "@classname": "tests.bundle.test_storage_rules",
          "@name": "test_rule[[STO-000]unstaked][account][no_storage][ok]",
          "@time": "0.245"
        },
        {
          "@classname": "tests.bundle.test_storage_rules",
          "@name": "test_rule[[STO-010]unstaked][account][account_storage][ok]",
          "@time": "0.186"
        },
        {
          "@classname": "tests.bundle.test_storage_rules",
          "@name": "test_rule[[STO-021]unstaked][account][account_reference_storage][ok]",
          "@time": "0.189"
        },
        {
          "@classname": "tests.bundle.test_storage_rules",
          "@name": "test_rule[[STO-022]unstaked][account][account_reference_storage_init_code][drop]",
          "@time": "0.209",
          "failure": {
            "@message": "AssertionError: assert -32602 == <RPCErrorCode.BANNED_OPCODE: -32502>\n +  where -32602 = Error(code=-32602, message='verificationGasLimit: exceeds maxVerificationGas of 1500000', data='verificationGasLimit: exceeds maxVerificationGas of 1500000', id=240).code",
            "#text": "tests/bundle/test_storage_rules.py:737: in test_rule\n    case.assert_func(response)\ntests/bundle/test_storage_rules.py:19: in assert_error\n    assert_rpc_error(response, response.message, RPCErrorCode.BANNED_OPCODE)\ntests/utils.py:115: in assert_rpc_error\n    assert response.code == code\nE   AssertionError: assert -32602 == <RPCErrorCode.BANNED_OPCODE: -32502>\nE    +  where -32602 = Error(code=-32602, message='verificationGasLimit: exceeds maxVerificationGas of 1500000', data='verificationGasLimit: exceeds maxVerificationGas of 1500000', id=240).code"
          },
          "system-out": "--------------------------------- Captured Log ---------------------------------\n\n--------------------------------- Captured Out ---------------------------------",
          "system-err": "--------------------------------- Captured Err ---------------------------------"
        },
        {
          "@classname": "tests.bundle.test_storage_rules",
          "@name": "test_rule[[STO-022]unstaked][account][account_reference_storage_init_code][ok]",
          "@time": "0.308",
          "failure": {
            "@message": "Exception: expected result object, got:\nError(code=-32602, message='verificationGasLimit: exceeds maxVerificationGas of 1500000', data='verificationGasLimit: exceeds maxVerificationGas of 1500000', id=242)",
            "#text": "tests/utils.py:108: in assert_ok\n    assert response.result\nE   AttributeError: 'Error' object has no attribute 'result'\n\nThe above exception was the direct cause of the following exception:\ntests/bundle/test_storage_rules.py:737: in test_rule\n    case.assert_func(response)\ntests/utils.py:110: in assert_ok\n    raise Exception(f\"expected result object, got:\\n{response}\") from exc\nE   Exception: expected result object, got:\nE   Error(code=-32602, message='verificationGasLimit: exceeds maxVerificationGas of 1500000', data='verificationGasLimit: exceeds maxVerificationGas of 1500000', id=242)"
          },
          "system-out": "--------------------------------- Captured Log ---------------------------------\n\n--------------------------------- Captured Out ---------------------------------",
          "system-err": "--------------------------------- Captured Err ---------------------------------"
        },
        {
          "@classname": "tests.bundle.test_storage_rules",
          "@name": "test_rule[[STO-022]unstaked][paymaster][account_reference_storage_init_code][drop1]",
          "@time": "0.254",
          "failure": {
            "@message": "AssertionError: assert -32602 == <RPCErrorCode.BANNED_OPCODE: -32502>\n +  where -32602 = Error(code=-32602, message='verificationGasLimit: exceeds maxVerificationGas of 1500000', data='verificationGasLimit: exceeds maxVerificationGas of 1500000', id=244).code",
            "#text": "tests/bundle/test_storage_rules.py:737: in test_rule\n    case.assert_func(response)\ntests/bundle/test_storage_rules.py:19: in assert_error\n    assert_rpc_error(response, response.message, RPCErrorCode.BANNED_OPCODE)\ntests/utils.py:115: in assert_rpc_error\n    assert response.code == code\nE   AssertionError: assert -32602 == <RPCErrorCode.BANNED_OPCODE: -32502>\nE    +  where -32602 = Error(code=-32602, message='verificationGasLimit: exceeds maxVerificationGas of 1500000', data='verificationGasLimit: exceeds maxVerificationGas of 1500000', id=244).code"
          },
          "system-out": "--------------------------------- Captured Log ---------------------------------\n\n--------------------------------- Captured Out ---------------------------------",
          "system-err": "--------------------------------- Captured Err ---------------------------------"
        },
        {
          "@classname": "tests.bundle.test_storage_rules",
          "@name": "test_rule[[STO-021]unstaked][account][account_reference_storage_struct][ok]",
          "@time": "0.199"
        },
        {
          "@classname": "tests.bundle.test_storage_rules",
          "@name": "test_rule[[STO-000]unstaked][account][external_storage][drop]",
          "@time": "0.182"
        },
        {
          "@classname": "tests.bundle.test_storage_rules",
          "@name": "test_rule[[OP-020]unstaked][account][out_of_gas][drop]",
          "@time": "0.220",
          "failure": {
            "@message": "AttributeError: 'Ok' object has no attribute 'message'",
            "#text": "tests/bundle/test_storage_rules.py:737: in test_rule\n    case.assert_func(response)\ntests/bundle/test_storage_rules.py:19: in assert_error\n    assert_rpc_error(response, response.message, RPCErrorCode.BANNED_OPCODE)\nE   AttributeError: 'Ok' object has no attribute 'message'"
          },
          "system-out": "--------------------------------- Captured Log ---------------------------------\n\n--------------------------------- Captured Out ---------------------------------",
          "system-err": "--------------------------------- Captured Err ---------------------------------"
        },
        {
          "@classname": "tests.bundle.test_storage_rules",
          "@name": "test_rule[[OP-020]unstaked][account][sstore_out_of_gas][drop]",
          "@time": "0.191",
          "failure": {
            "@message": "AttributeError: 'Ok' object has no attribute 'message'",
            "#text": "tests/bundle/test_storage_rules.py:737: in test_rule\n    case.assert_func(response)\ntests/bundle/test_storage_rules.py:19: in assert_error\n    assert_rpc_error(response, response.message, RPCErrorCode.BANNED_OPCODE)\nE   AttributeError: 'Ok' object has no attribute 'message'"
          },
          "system-out": "--------------------------------- Captured Log ---------------------------------\n\n--------------------------------- Captured Out ---------------------------------",
          "system-err": "--------------------------------- Captured Err ---------------------------------"
        },
        {
          "@classname": "tests.bundle.test_storage_rules",
          "@name": "test_rule[[STO-000]staked][account][no_storage][ok]",
          "@time": "0.212"
        },
        {
          "@classname": "tests.bundle.test_storage_rules",
          "@name": "test_rule[[STO-010]staked][account][account_storage][ok]",
          "@time": "0.223"
        },
        {
          "@classname": "tests.bundle.test_storage_rules",
          "@name": "test_rule[[STO-021]staked][account][account_reference_storage][ok]",
          "@time": "0.225"
        },
        {
          "@classname": "tests.bundle.test_storage_rules",
          "@name": "test_rule[[STO-021]staked][account][account_reference_storage_struct][ok]",
          "@time": "0.240"
        },
        {
          "@classname": "tests.bundle.test_storage_rules",
          "@name": "test_rule[[OP-020]staked][account][out_of_gas][drop]",
          "@time": "0.251",
          "failure": {
            "@message": "AttributeError: 'Ok' object has no attribute 'message'",
            "#text": "tests/bundle/test_storage_rules.py:737: in test_rule\n    case.assert_func(response)\ntests/bundle/test_storage_rules.py:19: in assert_error\n    assert_rpc_error(response, response.message, RPCErrorCode.BANNED_OPCODE)\nE   AttributeError: 'Ok' object has no attribute 'message'"
          },
          "system-out": "--------------------------------- Captured Log ---------------------------------\n\n--------------------------------- Captured Out ---------------------------------",
          "system-err": "--------------------------------- Captured Err ---------------------------------"
        },
        {
          "@classname": "tests.bundle.test_storage_rules",
          "@name": "test_rule[[OP-020]staked][account][sstore_out_of_gas][drop]",
          "@time": "0.229",
          "failure": {
            "@message": "AttributeError: 'Ok' object has no attribute 'message'",
            "#text": "tests/bundle/test_storage_rules.py:737: in test_rule\n    case.assert_func(response)\ntests/bundle/test_storage_rules.py:19: in assert_error\n    assert_rpc_error(response, response.message, RPCErrorCode.BANNED_OPCODE)\nE   AttributeError: 'Ok' object has no attribute 'message'"
          },
          "system-out": "--------------------------------- Captured Log ---------------------------------\n\n--------------------------------- Captured Out ---------------------------------",
          "system-err": "--------------------------------- Captured Err ---------------------------------"
        },
        {
          "@classname": "tests.bundle.test_storage_rules",
          "@name": "test_rule[[STO-000]staked][account][external_storage][drop]",
          "@time": "0.219"
        },
        {
          "@classname": "tests.bundle.test_storage_rules",
          "@name": "test_rule[[OP-011]unstaked][account][entryPoint_call_balanceOf][drop]",
          "@time": "0.193",
          "failure": {
            "@message": "AttributeError: 'Ok' object has no attribute 'message'",
            "#text": "tests/bundle/test_storage_rules.py:737: in test_rule\n    case.assert_func(response)\ntests/bundle/test_storage_rules.py:19: in assert_error\n    assert_rpc_error(response, response.message, RPCErrorCode.BANNED_OPCODE)\nE   AttributeError: 'Ok' object has no attribute 'message'"
          },
          "system-out": "--------------------------------- Captured Log ---------------------------------\n\n--------------------------------- Captured Out ---------------------------------",
          "system-err": "--------------------------------- Captured Err ---------------------------------"
        },
        {
          "@classname": "tests.bundle.test_storage_rules",
          "@name": "test_rule[[OP-061]unstaked][account][eth_value_transfer_forbidden][drop]",
          "@time": "0.192",
          "failure": {
            "@message": "AttributeError: 'Ok' object has no attribute 'message'",
            "#text": "tests/bundle/test_storage_rules.py:737: in test_rule\n    case.assert_func(response)\ntests/bundle/test_storage_rules.py:19: in assert_error\n    assert_rpc_error(response, response.message, RPCErrorCode.BANNED_OPCODE)\nE   AttributeError: 'Ok' object has no attribute 'message'"
          },
          "system-out": "--------------------------------- Captured Log ---------------------------------\n\n--------------------------------- Captured Out ---------------------------------",
          "system-err": "--------------------------------- Captured Err ---------------------------------"
        },
        {
          "@classname": "tests.bundle.test_storage_rules",
          "@name": "test_rule[[OP-053]unstaked][account][eth_value_transfer_entryPoint][ok]",
          "@time": "0.213"
        },
        {
          "@classname": "tests.bundle.test_storage_rules",
          "@name": "test_rule[[OP-052]unstaked][account][eth_value_transfer_entryPoint_depositTo][ok]",
          "@time": "0.213"
        },
        {
          "@classname": "tests.bundle.test_storage_rules",
          "@name": "test_rule[[OP-041]unstaked][account][EXTCODESIZE_undeployed_contract][drop]",
          "@time": "0.179",
          "failure": {
            "@message": "AttributeError: 'Ok' object has no attribute 'message'",
            "#text": "tests/bundle/test_storage_rules.py:737: in test_rule\n    case.assert_func(response)\ntests/bundle/test_storage_rules.py:19: in assert_error\n    assert_rpc_error(response, response.message, RPCErrorCode.BANNED_OPCODE)\nE   AttributeError: 'Ok' object has no attribute 'message'"
          },
          "system-out": "--------------------------------- Captured Log ---------------------------------\n\n--------------------------------- Captured Out ---------------------------------",
          "system-err": "--------------------------------- Captured Err ---------------------------------"
        },
        {
          "@classname": "tests.bundle.test_storage_rules",
          "@name": "test_rule[[OP-041]unstaked][account][EXTCODEHASH_undeployed_contract][drop]",
          "@time": "0.185",
          "failure": {
            "@message": "AttributeError: 'Ok' object has no attribute 'message'",
            "#text": "tests/bundle/test_storage_rules.py:737: in test_rule\n    case.assert_func(response)\ntests/bundle/test_storage_rules.py:19: in assert_error\n    assert_rpc_error(response, response.message, RPCErrorCode.BANNED_OPCODE)\nE   AttributeError: 'Ok' object has no attribute 'message'"
          },
          "system-out": "--------------------------------- Captured Log ---------------------------------\n\n--------------------------------- Captured Out ---------------------------------",
          "system-err": "--------------------------------- Captured Err ---------------------------------"
        },
        {
          "@classname": "tests.bundle.test_storage_rules",
          "@name": "test_rule[[OP-041]unstaked][account][EXTCODECOPY_undeployed_contract][drop]",
          "@time": "0.191",
          "failure": {
            "@message": "AttributeError: 'Ok' object has no attribute 'message'",
            "#text": "tests/bundle/test_storage_rules.py:737: in test_rule\n    case.assert_func(response)\ntests/bundle/test_storage_rules.py:19: in assert_error\n    assert_rpc_error(response, response.message, RPCErrorCode.BANNED_OPCODE)\nE   AttributeError: 'Ok' object has no attribute 'message'"
          },
          "system-out": "--------------------------------- Captured Log ---------------------------------\n\n--------------------------------- Captured Out ---------------------------------",
          "system-err": "--------------------------------- Captured Err ---------------------------------"
        },
        {
          "@classname": "tests.bundle.test_storage_rules",
          "@name": "test_rule[[OP-054]unstaked][account][EXTCODESIZE_entrypoint][drop]",
          "@time": "0.179",
          "failure": {
            "@message": "AttributeError: 'Ok' object has no attribute 'message'",
            "#text": "tests/bundle/test_storage_rules.py:737: in test_rule\n    case.assert_func(response)\ntests/bundle/test_storage_rules.py:19: in assert_error\n    assert_rpc_error(response, response.message, RPCErrorCode.BANNED_OPCODE)\nE   AttributeError: 'Ok' object has no attribute 'message'"
          },
          "system-out": "--------------------------------- Captured Log ---------------------------------\n\n--------------------------------- Captured Out ---------------------------------",
          "system-err": "--------------------------------- Captured Err ---------------------------------"
        },
        {
          "@classname": "tests.bundle.test_storage_rules",
          "@name": "test_rule[[OP-054]unstaked][account][EXTCODEHASH_entrypoint][drop]",
          "@time": "0.187",
          "failure": {
            "@message": "AttributeError: 'Ok' object has no attribute 'message'",
            "#text": "tests/bundle/test_storage_rules.py:737: in test_rule\n    case.assert_func(response)\ntests/bundle/test_storage_rules.py:19: in assert_error\n    assert_rpc_error(response, response.message, RPCErrorCode.BANNED_OPCODE)\nE   AttributeError: 'Ok' object has no attribute 'message'"
          },
          "system-out": "--------------------------------- Captured Log ---------------------------------\n\n--------------------------------- Captured Out ---------------------------------",
          "system-err": "--------------------------------- Captured Err ---------------------------------"
        },
        {
          "@classname": "tests.bundle.test_storage_rules",
          "@name": "test_rule[[OP-054]unstaked][account][EXTCODECOPY_entrypoint][drop]",
          "@time": "0.187",
          "failure": {
            "@message": "AttributeError: 'Ok' object has no attribute 'message'",
            "#text": "tests/bundle/test_storage_rules.py:737: in test_rule\n    case.assert_func(response)\ntests/bundle/test_storage_rules.py:19: in assert_error\n    assert_rpc_error(response, response.message, RPCErrorCode.BANNED_OPCODE)\nE   AttributeError: 'Ok' object has no attribute 'message'"
          },
          "system-out": "--------------------------------- Captured Log ---------------------------------\n\n--------------------------------- Captured Out ---------------------------------",
          "system-err": "--------------------------------- Captured Err ---------------------------------"
        },
        {
          "@classname": "tests.bundle.test_storage_rules",
          "@name": "test_rule[[OP-041]unstaked][account][CALL_undeployed_contract][drop]",
          "@time": "0.199",
          "failure": {
            "@message": "AttributeError: 'Ok' object has no attribute 'message'",
            "#text": "tests/bundle/test_storage_rules.py:737: in test_rule\n    case.assert_func(response)\ntests/bundle/test_storage_rules.py:19: in assert_error\n    assert_rpc_error(response, response.message, RPCErrorCode.BANNED_OPCODE)\nE   AttributeError: 'Ok' object has no attribute 'message'"
          },
          "system-out": "--------------------------------- Captured Log ---------------------------------\n\n--------------------------------- Captured Out ---------------------------------",
          "system-err": "--------------------------------- Captured Err ---------------------------------"
        },
        {
          "@classname": "tests.bundle.test_storage_rules",
          "@name": "test_rule[[OP-041]unstaked][account][CALLCODE_undeployed_contract][drop]",
          "@time": "0.180",
          "failure": {
            "@message": "AttributeError: 'Ok' object has no attribute 'message'",
            "#text": "tests/bundle/test_storage_rules.py:737: in test_rule\n    case.assert_func(response)\ntests/bundle/test_storage_rules.py:19: in assert_error\n    assert_rpc_error(response, response.message, RPCErrorCode.BANNED_OPCODE)\nE   AttributeError: 'Ok' object has no attribute 'message'"
          },
          "system-out": "--------------------------------- Captured Log ---------------------------------\n\n--------------------------------- Captured Out ---------------------------------",
          "system-err": "--------------------------------- Captured Err ---------------------------------"
        },
        {
          "@classname": "tests.bundle.test_storage_rules",
          "@name": "test_rule[[OP-041]unstaked][account][DELEGATECALL_undeployed_contract][drop]",
          "@time": "0.174",
          "failure": {
            "@message": "AttributeError: 'Ok' object has no attribute 'message'",
            "#text": "tests/bundle/test_storage_rules.py:737: in test_rule\n    case.assert_func(response)\ntests/bundle/test_storage_rules.py:19: in assert_error\n    assert_rpc_error(response, response.message, RPCErrorCode.BANNED_OPCODE)\nE   AttributeError: 'Ok' object has no attribute 'message'"
          },
          "system-out": "--------------------------------- Captured Log ---------------------------------\n\n--------------------------------- Captured Out ---------------------------------",
          "system-err": "--------------------------------- Captured Err ---------------------------------"
        },
        {
          "@classname": "tests.bundle.test_storage_rules",
          "@name": "test_rule[[OP-041]unstaked][account][STATICCALL_undeployed_contract][drop]",
          "@time": "0.184",
          "failure": {
            "@message": "AttributeError: 'Ok' object has no attribute 'message'",
            "#text": "tests/bundle/test_storage_rules.py:737: in test_rule\n    case.assert_func(response)\ntests/bundle/test_storage_rules.py:19: in assert_error\n    assert_rpc_error(response, response.message, RPCErrorCode.BANNED_OPCODE)\nE   AttributeError: 'Ok' object has no attribute 'message'"
          },
          "system-out": "--------------------------------- Captured Log ---------------------------------\n\n--------------------------------- Captured Out ---------------------------------",
          "system-err": "--------------------------------- Captured Err ---------------------------------"
        },
        {
          "@classname": "tests.bundle.test_storage_rules",
          "@name": "test_rule[[OP-062]unstaked][account][CALL_undeployed_contract_allowed_precompile][ok]",
          "@time": "0.193"
        },
        {
          "@classname": "tests.opbanning.test_op_banning",
          "@name": "test_account_banned_opcode[GAS]",
          "@time": "0.117"
        },
        {
          "@classname": "tests.opbanning.test_op_banning",
          "@name": "test_account_banned_opcode[NUMBER]",
          "@time": "0.117"
        },
        {
          "@classname": "tests.opbanning.test_op_banning",
          "@name": "test_account_banned_opcode[TIMESTAMP]",
          "@time": "0.122"
        },
        {
          "@classname": "tests.opbanning.test_op_banning",
          "@name": "test_account_banned_opcode[COINBASE]",
          "@time": "0.120"
        },
        {
          "@classname": "tests.opbanning.test_op_banning",
          "@name": "test_account_banned_opcode[DIFFICULTY]",
          "@time": "0.124"
        },
        {
          "@classname": "tests.opbanning.test_op_banning",
          "@name": "test_account_banned_opcode[BASEFEE]",
          "@time": "0.134"
        },
        {
          "@classname": "tests.opbanning.test_op_banning",
          "@name": "test_account_banned_opcode[GASLIMIT]",
          "@time": "0.121"
        },
        {
          "@classname": "tests.opbanning.test_op_banning",
          "@name": "test_account_banned_opcode[GASPRICE]",
          "@time": "0.130"
        },
        {
          "@classname": "tests.opbanning.test_op_banning",
          "@name": "test_account_banned_opcode[SELFBALANCE]",
          "@time": "0.123"
        },
        {
          "@classname": "tests.opbanning.test_op_banning",
          "@name": "test_account_banned_opcode[BALANCE]",
          "@time": "0.126"
        },
        {
          "@classname": "tests.opbanning.test_op_banning",
          "@name": "test_account_banned_opcode[ORIGIN]",
          "@time": "0.122"
        },
        {
          "@classname": "tests.opbanning.test_op_banning",
          "@name": "test_account_banned_opcode[BLOCKHASH]",
          "@time": "0.130"
        },
        {
          "@classname": "tests.opbanning.test_op_banning",
          "@name": "test_account_banned_opcode[CREATE]",
          "@time": "0.141"
        },
        {
          "@classname": "tests.opbanning.test_op_banning",
          "@name": "test_account_banned_opcode[CREATE2]",
          "@time": "0.138"
        },
        {
          "@classname": "tests.opbanning.test_op_banning",
          "@name": "test_account_banned_opcode[SELFDESTRUCT]",
          "@time": "0.135"
        },
        {
          "@classname": "tests.opbanning.test_op_banning",
          "@name": "test_account_allowed_opcode_sequence[GAS CALL]",
          "@time": "0.146"
        },
        {
          "@classname": "tests.opbanning.test_op_banning",
          "@name": "test_account_allowed_opcode_sequence[GAS DELEGATECALL]",
          "@time": "0.148"
        },
        {
          "@classname": "tests.opbanning.test_op_banning",
          "@name": "test_paymaster_banned_opcode[GAS]",
          "@time": "0.157"
        },
        {
          "@classname": "tests.opbanning.test_op_banning",
          "@name": "test_paymaster_banned_opcode[NUMBER]",
          "@time": "0.166"
        },
        {
          "@classname": "tests.opbanning.test_op_banning",
          "@name": "test_paymaster_banned_opcode[TIMESTAMP]",
          "@time": "0.152"
        },
        {
          "@classname": "tests.opbanning.test_op_banning",
          "@name": "test_paymaster_banned_opcode[COINBASE]",
          "@time": "0.161"
        },
        {
          "@classname": "tests.opbanning.test_op_banning",
          "@name": "test_paymaster_banned_opcode[DIFFICULTY]",
          "@time": "0.210"
        },
        {
          "@classname": "tests.opbanning.test_op_banning",
          "@name": "test_paymaster_banned_opcode[BASEFEE]",
          "@time": "0.159"
        },
        {
          "@classname": "tests.opbanning.test_op_banning",
          "@name": "test_paymaster_banned_opcode[GASLIMIT]",
          "@time": "0.160"
        },
        {
          "@classname": "tests.opbanning.test_op_banning",
          "@name": "test_paymaster_banned_opcode[GASPRICE]",
          "@time": "0.150"
        },
        {
          "@classname": "tests.opbanning.test_op_banning",
          "@name": "test_paymaster_banned_opcode[SELFBALANCE]",
          "@time": "0.166"
        },
        {
          "@classname": "tests.opbanning.test_op_banning",
          "@name": "test_paymaster_banned_opcode[BALANCE]",
          "@time": "0.158"
        },
        {
          "@classname": "tests.opbanning.test_op_banning",
          "@name": "test_paymaster_banned_opcode[ORIGIN]",
          "@time": "0.162"
        },
        {
          "@classname": "tests.opbanning.test_op_banning",
          "@name": "test_paymaster_banned_opcode[BLOCKHASH]",
          "@time": "0.159"
        },
        {
          "@classname": "tests.opbanning.test_op_banning",
          "@name": "test_paymaster_banned_opcode[CREATE]",
          "@time": "0.163"
        },
        {
          "@classname": "tests.opbanning.test_op_banning",
          "@name": "test_paymaster_banned_opcode[CREATE2]",
          "@time": "0.162"
        },
        {
          "@classname": "tests.opbanning.test_op_banning",
          "@name": "test_paymaster_banned_opcode[SELFDESTRUCT]",
          "@time": "0.170"
        },
        {
          "@classname": "tests.opbanning.test_op_banning",
          "@name": "test_factory_banned_opcode[GAS]",
          "@time": "0.237"
        },
        {
          "@classname": "tests.opbanning.test_op_banning",
          "@name": "test_factory_banned_opcode[NUMBER]",
          "@time": "0.237"
        },
        {
          "@classname": "tests.opbanning.test_op_banning",
          "@name": "test_factory_banned_opcode[TIMESTAMP]",
          "@time": "0.254"
        },
        {
          "@classname": "tests.opbanning.test_op_banning",
          "@name": "test_factory_banned_opcode[COINBASE]",
          "@time": "0.251"
        },
        {
          "@classname": "tests.opbanning.test_op_banning",
          "@name": "test_factory_banned_opcode[DIFFICULTY]",
          "@time": "0.252"
        },
        {
          "@classname": "tests.opbanning.test_op_banning",
          "@name": "test_factory_banned_opcode[BASEFEE]",
          "@time": "0.249"
        },
        {
          "@classname": "tests.opbanning.test_op_banning",
          "@name": "test_factory_banned_opcode[GASLIMIT]",
          "@time": "0.241"
        },
        {
          "@classname": "tests.opbanning.test_op_banning",
          "@name": "test_factory_banned_opcode[GASPRICE]",
          "@time": "0.251"
        },
        {
          "@classname": "tests.opbanning.test_op_banning",
          "@name": "test_factory_banned_opcode[SELFBALANCE]",
          "@time": "0.362"
        },
        {
          "@classname": "tests.opbanning.test_op_banning",
          "@name": "test_factory_banned_opcode[BALANCE]",
          "@time": "0.245"
        },
        {
          "@classname": "tests.opbanning.test_op_banning",
          "@name": "test_factory_banned_opcode[ORIGIN]",
          "@time": "0.251"
        },
        {
          "@classname": "tests.opbanning.test_op_banning",
          "@name": "test_factory_banned_opcode[BLOCKHASH]",
          "@time": "0.249"
        },
        {
          "@classname": "tests.opbanning.test_op_banning",
          "@name": "test_factory_banned_opcode[CREATE]",
          "@time": "0.353"
        },
        {
          "@classname": "tests.opbanning.test_op_banning",
          "@name": "test_factory_banned_opcode[CREATE2]",
          "@time": "0.254"
        },
        {
          "@classname": "tests.opbanning.test_op_banning",
          "@name": "test_factory_banned_opcode[SELFDESTRUCT]",
          "@time": "0.259"
        },
        {
          "@classname": "tests.reputation.test_reputation",
          "@name": "test_staked_entity_reputation_threshold[with_factory]",
          "@time": "0.331",
          "failure": {
            "@message": "AttributeError: 'Error' object has no attribute 'result'",
            "#text": "tests/reputation/test_reputation.py:70: in test_staked_entity_reputation_threshold\n    reputations = dump_reputation()\ntests/utils.py:175: in dump_reputation\n    .result\nE   AttributeError: 'Error' object has no attribute 'result'"
          },
          "system-out": "--------------------------------- Captured Log ---------------------------------\n\n--------------------------------- Captured Out ---------------------------------",
          "system-err": "--------------------------------- Captured Err ---------------------------------"
        },
        {
          "@classname": "tests.reputation.test_reputation",
          "@name": "test_staked_entity_reputation_threshold[without_factory]",
          "@time": "0.127",
          "failure": {
            "@message": "AttributeError: 'Error' object has no attribute 'result'",
            "#text": "tests/reputation/test_reputation.py:70: in test_staked_entity_reputation_threshold\n    reputations = dump_reputation()\ntests/utils.py:175: in dump_reputation\n    .result\nE   AttributeError: 'Error' object has no attribute 'result'"
          },
          "system-out": "--------------------------------- Captured Log ---------------------------------\n\n--------------------------------- Captured Out ---------------------------------",
          "system-err": "--------------------------------- Captured Err ---------------------------------"
        },
        {
          "@classname": "tests.rpc.test_eth_chainId",
          "@name": "test_eth_chainId[]",
          "@time": "0.010"
        },
        {
          "@classname": "tests.rpc.test_eth_estimateUserOperationGas",
          "@name": "test_eth_estimateUserOperationGas[]",
          "@time": "0.108",
          "failure": {
            "@message": "jsonschema.exceptions.ValidationError: 'verificationGasLimit' is a required property\n\nFailed validating 'required' in schema:\n    {'properties': {'callGasLimit': {'oneOf': [{'pattern': '^0x([1-9a-f]+[0-9a-f]*|0)$',\n                                                'type': 'string'},\n                                               {'type': 'number'}],\n                                     'title': 'callGasLimit'},\n                    'preVerificationGas': {'oneOf': [{'pattern': '^0x([1-9a-f]+[0-9a-f]*|0)$',\n                                                      'type': 'string'},\n                                                     {'type': 'number'}],\n                                           'title': 'preVerificationGas'},\n                    'verificationGasLimit': {'oneOf': [{'pattern': '^0x([1-9a-f]+[0-9a-f]*|0)$',\n                                                        'type': 'string'},\n                                                       {'type': 'number'}],\n                                             'title': 'verificationGasLimit'}},\n     'required': ['callGasLimit',\n                  'preVerificationGas',\n                  'verificationGasLimit'],\n     'title': 'UserOperation Gas parameters',\n     'type': 'object'}\n\nOn instance:\n    {'callGasLimit': 44181,\n     'preVerificationGas': 42316,\n     'verificationGas': 337129}",
            "#text": "tests/rpc/test_eth_estimateUserOperationGas.py:20: in test_eth_estimateUserOperationGas\n    validate(instance=response.result, schema=schema)\n.venv/lib/python3.10/site-packages/jsonschema/validators.py:1121: in validate\n    raise error\nE   jsonschema.exceptions.ValidationError: 'verificationGasLimit' is a required property\nE   \nE   Failed validating 'required' in schema:\nE       {'properties': {'callGasLimit': {'oneOf': [{'pattern': '^0x([1-9a-f]+[0-9a-f]*|0)$',\nE                                                   'type': 'string'},\nE                                                  {'type': 'number'}],\nE                                        'title': 'callGasLimit'},\nE                       'preVerificationGas': {'oneOf': [{'pattern': '^0x([1-9a-f]+[0-9a-f]*|0)$',\nE                                                         'type': 'string'},\nE                                                        {'type': 'number'}],\nE                                              'title': 'preVerificationGas'},\nE                       'verificationGasLimit': {'oneOf': [{'pattern': '^0x([1-9a-f]+[0-9a-f]*|0)$',\nE                                                           'type': 'string'},\nE                                                          {'type': 'number'}],\nE                                                'title': 'verificationGasLimit'}},\nE        'required': ['callGasLimit',\nE                     'preVerificationGas',\nE                     'verificationGasLimit'],\nE        'title': 'UserOperation Gas parameters',\nE        'type': 'object'}\nE   \nE   On instance:\nE       {'callGasLimit': 44181,\nE        'preVerificationGas': 42316,\nE        'verificationGas': 337129}"
          },
          "system-out": "--------------------------------- Captured Log ---------------------------------\n\n--------------------------------- Captured Out ---------------------------------",
          "system-err": "--------------------------------- Captured Err ---------------------------------"
        },
        {
          "@classname": "tests.rpc.test_eth_estimateUserOperationGas",
          "@name": "test_eth_estimateUserOperationGas_execution_revert",
          "@time": "0.099"
        },
        {
          "@classname": "tests.rpc.test_eth_estimateUserOperationGas",
          "@name": "test_eth_estimateUserOperationGas_simulation_revert",
          "@time": "0.058"
        },
        {
          "@classname": "tests.rpc.test_eth_getUserOperationByHash",
          "@name": "test_eth_getUserOperationByHash[]",
          "@time": "0.164"
        },
        {
          "@classname": "tests.rpc.test_eth_getUserOperationByHash",
          "@name": "test_eth_getUserOperationByHash_error",
          "@time": "0.010"
        },
        {
          "@classname": "tests.rpc.test_eth_getUserOperationReceipt",
          "@name": "test_eth_getUserOperationReceipt[]",
          "@time": "0.178"
        },
        {
          "@classname": "tests.rpc.test_eth_getUserOperationReceipt",
          "@name": "test_eth_getUserOperationReceipt_error",
          "@time": "0.011"
        },
        {
          "@classname": "tests.rpc.test_eth_sendUserOperation",
          "@name": "test_eth_sendUserOperation[]",
          "@time": "0.140"
        },
        {
          "@classname": "tests.rpc.test_eth_sendUserOperation",
          "@name": "test_eth_sendUserOperation_revert",
          "@time": "0.085"
        },
        {
          "@classname": "tests.rpc.test_eth_sendUserOperation",
          "@name": "test_eth_sendUserOperation_invalid_signature",
          "@time": "0.088"
        },
        {
          "@classname": "tests.rpc.test_eth_supportedEntryPoints",
          "@name": "test_eth_supportedEntryPoints[]",
          "@time": "0.017"
        }
      ]
    }
  }
}
