<?xml version="1.0" encoding="utf-8"?><testsuites><testsuite name="AA-Reference-Bundler/0.6.0" errors="94" failures="0" skipped="1" tests="115" time="11.385" timestamp="2023-06-18T08:35:08.745605" hostname="fv-az440-787"><testcase classname="" name="tests.bundle.test_stake_rules" time="0.000"><skipped message="collection skipped">('/home/runner/work/bundler-test-executor/bundler-test-executor/bundler-spec-tests/tests/bundle/test_stake_rules.py', 12, 'Skipped')</skipped></testcase><testcase classname="tests.bundle.test_bundle" name="test_bundle_replace_op[only_priority_fee_bump]" time="0.222" /><testcase classname="tests.bundle.test_bundle" name="test_bundle_replace_op[only_max_fee_bump]" time="0.204" /><testcase classname="tests.bundle.test_bundle" name="test_bundle_replace_op[with_same_fee]" time="0.193" /><testcase classname="tests.bundle.test_bundle" name="test_bundle_replace_op[with_less_fee]" time="0.192" /><testcase classname="tests.bundle.test_bundle" name="test_bundle_replace_op[fee_bump_below_threshold]" time="0.191" /><testcase classname="tests.bundle.test_bundle" name="test_bundle_replace_op[fee_bump_at_threshold]" time="0.187" /><testcase classname="tests.bundle.test_bundle" name="test_bundle_replace_op[fee_bump_above_threshold]" time="0.182" /><testcase classname="tests.bundle.test_bundle" name="test_max_allowed_ops_unstaked_sender[]" time="0.568" /><testcase classname="tests.bundle.test_bundle" name="test_max_allowed_ops_staked_sender[]" time="0.001"><error message="failed on setup with &quot;FileNotFoundError: [Errno 2] No such file or directory: '/home/runner/work/bundler-test-executor/bundler-test-executor/bundler-spec-tests/@account-abstraction/artifacts/contracts/core/EntryPoint.sol/EntryPoint.json'&quot;">tests/conftest.py:66: in entrypoint_contract
    with open(entrypoint_path, encoding="utf-8") as file:
E   FileNotFoundError: [Errno 2] No such file or directory: '/home/runner/work/bundler-test-executor/bundler-test-executor/bundler-spec-tests/@account-abstraction/artifacts/contracts/core/EntryPoint.sol/EntryPoint.json'</error></testcase><testcase classname="tests.bundle.test_codehash" name="test_codehash_changed[]" time="0.001"><error message="failed on setup with &quot;FileNotFoundError: [Errno 2] No such file or directory: '/home/runner/work/bundler-test-executor/bundler-test-executor/bundler-spec-tests/@account-abstraction/artifacts/contracts/core/EntryPoint.sol/EntryPoint.json'&quot;">tests/conftest.py:66: in entrypoint_contract
    with open(entrypoint_path, encoding="utf-8") as file:
E   FileNotFoundError: [Errno 2] No such file or directory: '/home/runner/work/bundler-test-executor/bundler-test-executor/bundler-spec-tests/@account-abstraction/artifacts/contracts/core/EntryPoint.sol/EntryPoint.json'</error></testcase><testcase classname="tests.bundle.test_storage_rules" name="test_rule[unstaked][paymaster][no_storage][ok]" time="0.000"><error message="failed on setup with &quot;FileNotFoundError: [Errno 2] No such file or directory: '/home/runner/work/bundler-test-executor/bundler-test-executor/bundler-spec-tests/@account-abstraction/artifacts/contracts/core/EntryPoint.sol/EntryPoint.json'&quot;">tests/conftest.py:66: in entrypoint_contract
    with open(entrypoint_path, encoding="utf-8") as file:
E   FileNotFoundError: [Errno 2] No such file or directory: '/home/runner/work/bundler-test-executor/bundler-test-executor/bundler-spec-tests/@account-abstraction/artifacts/contracts/core/EntryPoint.sol/EntryPoint.json'</error></testcase><testcase classname="tests.bundle.test_storage_rules" name="test_rule[unstaked][paymaster][storage][drop]" time="0.000"><error message="failed on setup with &quot;FileNotFoundError: [Errno 2] No such file or directory: '/home/runner/work/bundler-test-executor/bundler-test-executor/bundler-spec-tests/@account-abstraction/artifacts/contracts/core/EntryPoint.sol/EntryPoint.json'&quot;">tests/conftest.py:66: in entrypoint_contract
    with open(entrypoint_path, encoding="utf-8") as file:
E   FileNotFoundError: [Errno 2] No such file or directory: '/home/runner/work/bundler-test-executor/bundler-test-executor/bundler-spec-tests/@account-abstraction/artifacts/contracts/core/EntryPoint.sol/EntryPoint.json'</error></testcase><testcase classname="tests.bundle.test_storage_rules" name="test_rule[unstaked][paymaster][reference_storage][drop]" time="0.000"><error message="failed on setup with &quot;FileNotFoundError: [Errno 2] No such file or directory: '/home/runner/work/bundler-test-executor/bundler-test-executor/bundler-spec-tests/@account-abstraction/artifacts/contracts/core/EntryPoint.sol/EntryPoint.json'&quot;">tests/conftest.py:66: in entrypoint_contract
    with open(entrypoint_path, encoding="utf-8") as file:
E   FileNotFoundError: [Errno 2] No such file or directory: '/home/runner/work/bundler-test-executor/bundler-test-executor/bundler-spec-tests/@account-abstraction/artifacts/contracts/core/EntryPoint.sol/EntryPoint.json'</error></testcase><testcase classname="tests.bundle.test_storage_rules" name="test_rule[unstaked][paymaster][reference_storage_struct][drop]" time="0.000"><error message="failed on setup with &quot;FileNotFoundError: [Errno 2] No such file or directory: '/home/runner/work/bundler-test-executor/bundler-test-executor/bundler-spec-tests/@account-abstraction/artifacts/contracts/core/EntryPoint.sol/EntryPoint.json'&quot;">tests/conftest.py:66: in entrypoint_contract
    with open(entrypoint_path, encoding="utf-8") as file:
E   FileNotFoundError: [Errno 2] No such file or directory: '/home/runner/work/bundler-test-executor/bundler-test-executor/bundler-spec-tests/@account-abstraction/artifacts/contracts/core/EntryPoint.sol/EntryPoint.json'</error></testcase><testcase classname="tests.bundle.test_storage_rules" name="test_rule[unstaked][paymaster][account_storage][ok]" time="0.000"><error message="failed on setup with &quot;FileNotFoundError: [Errno 2] No such file or directory: '/home/runner/work/bundler-test-executor/bundler-test-executor/bundler-spec-tests/@account-abstraction/artifacts/contracts/core/EntryPoint.sol/EntryPoint.json'&quot;">tests/conftest.py:66: in entrypoint_contract
    with open(entrypoint_path, encoding="utf-8") as file:
E   FileNotFoundError: [Errno 2] No such file or directory: '/home/runner/work/bundler-test-executor/bundler-test-executor/bundler-spec-tests/@account-abstraction/artifacts/contracts/core/EntryPoint.sol/EntryPoint.json'</error></testcase><testcase classname="tests.bundle.test_storage_rules" name="test_rule[unstaked][paymaster][account_reference_storage][ok]" time="0.000"><error message="failed on setup with &quot;FileNotFoundError: [Errno 2] No such file or directory: '/home/runner/work/bundler-test-executor/bundler-test-executor/bundler-spec-tests/@account-abstraction/artifacts/contracts/core/EntryPoint.sol/EntryPoint.json'&quot;">tests/conftest.py:66: in entrypoint_contract
    with open(entrypoint_path, encoding="utf-8") as file:
E   FileNotFoundError: [Errno 2] No such file or directory: '/home/runner/work/bundler-test-executor/bundler-test-executor/bundler-spec-tests/@account-abstraction/artifacts/contracts/core/EntryPoint.sol/EntryPoint.json'</error></testcase><testcase classname="tests.bundle.test_storage_rules" name="test_rule[unstaked][paymaster][account_reference_storage_struct][ok]" time="0.000"><error message="failed on setup with &quot;FileNotFoundError: [Errno 2] No such file or directory: '/home/runner/work/bundler-test-executor/bundler-test-executor/bundler-spec-tests/@account-abstraction/artifacts/contracts/core/EntryPoint.sol/EntryPoint.json'&quot;">tests/conftest.py:66: in entrypoint_contract
    with open(entrypoint_path, encoding="utf-8") as file:
E   FileNotFoundError: [Errno 2] No such file or directory: '/home/runner/work/bundler-test-executor/bundler-test-executor/bundler-spec-tests/@account-abstraction/artifacts/contracts/core/EntryPoint.sol/EntryPoint.json'</error></testcase><testcase classname="tests.bundle.test_storage_rules" name="test_rule[unstaked][paymaster][account_reference_storage_init_code][drop]" time="0.000"><error message="failed on setup with &quot;FileNotFoundError: [Errno 2] No such file or directory: '/home/runner/work/bundler-test-executor/bundler-test-executor/bundler-spec-tests/@account-abstraction/artifacts/contracts/core/EntryPoint.sol/EntryPoint.json'&quot;">tests/conftest.py:66: in entrypoint_contract
    with open(entrypoint_path, encoding="utf-8") as file:
E   FileNotFoundError: [Errno 2] No such file or directory: '/home/runner/work/bundler-test-executor/bundler-test-executor/bundler-spec-tests/@account-abstraction/artifacts/contracts/core/EntryPoint.sol/EntryPoint.json'</error></testcase><testcase classname="tests.bundle.test_storage_rules" name="test_rule[unstaked][paymaster][context][drop]" time="0.000"><error message="failed on setup with &quot;FileNotFoundError: [Errno 2] No such file or directory: '/home/runner/work/bundler-test-executor/bundler-test-executor/bundler-spec-tests/@account-abstraction/artifacts/contracts/core/EntryPoint.sol/EntryPoint.json'&quot;">tests/conftest.py:66: in entrypoint_contract
    with open(entrypoint_path, encoding="utf-8") as file:
E   FileNotFoundError: [Errno 2] No such file or directory: '/home/runner/work/bundler-test-executor/bundler-test-executor/bundler-spec-tests/@account-abstraction/artifacts/contracts/core/EntryPoint.sol/EntryPoint.json'</error></testcase><testcase classname="tests.bundle.test_storage_rules" name="test_rule[unstaked][paymaster][external_storage][drop]" time="0.000"><error message="failed on setup with &quot;FileNotFoundError: [Errno 2] No such file or directory: '/home/runner/work/bundler-test-executor/bundler-test-executor/bundler-spec-tests/@account-abstraction/artifacts/contracts/core/EntryPoint.sol/EntryPoint.json'&quot;">tests/conftest.py:66: in entrypoint_contract
    with open(entrypoint_path, encoding="utf-8") as file:
E   FileNotFoundError: [Errno 2] No such file or directory: '/home/runner/work/bundler-test-executor/bundler-test-executor/bundler-spec-tests/@account-abstraction/artifacts/contracts/core/EntryPoint.sol/EntryPoint.json'</error></testcase><testcase classname="tests.bundle.test_storage_rules" name="test_rule[staked][paymaster][no_storage][ok]" time="0.000"><error message="failed on setup with &quot;FileNotFoundError: [Errno 2] No such file or directory: '/home/runner/work/bundler-test-executor/bundler-test-executor/bundler-spec-tests/@account-abstraction/artifacts/contracts/core/EntryPoint.sol/EntryPoint.json'&quot;">tests/conftest.py:66: in entrypoint_contract
    with open(entrypoint_path, encoding="utf-8") as file:
E   FileNotFoundError: [Errno 2] No such file or directory: '/home/runner/work/bundler-test-executor/bundler-test-executor/bundler-spec-tests/@account-abstraction/artifacts/contracts/core/EntryPoint.sol/EntryPoint.json'</error></testcase><testcase classname="tests.bundle.test_storage_rules" name="test_rule[staked][paymaster][storage][ok]" time="0.000"><error message="failed on setup with &quot;FileNotFoundError: [Errno 2] No such file or directory: '/home/runner/work/bundler-test-executor/bundler-test-executor/bundler-spec-tests/@account-abstraction/artifacts/contracts/core/EntryPoint.sol/EntryPoint.json'&quot;">tests/conftest.py:66: in entrypoint_contract
    with open(entrypoint_path, encoding="utf-8") as file:
E   FileNotFoundError: [Errno 2] No such file or directory: '/home/runner/work/bundler-test-executor/bundler-test-executor/bundler-spec-tests/@account-abstraction/artifacts/contracts/core/EntryPoint.sol/EntryPoint.json'</error></testcase><testcase classname="tests.bundle.test_storage_rules" name="test_rule[staked][paymaster][reference_storage][ok]" time="0.000"><error message="failed on setup with &quot;FileNotFoundError: [Errno 2] No such file or directory: '/home/runner/work/bundler-test-executor/bundler-test-executor/bundler-spec-tests/@account-abstraction/artifacts/contracts/core/EntryPoint.sol/EntryPoint.json'&quot;">tests/conftest.py:66: in entrypoint_contract
    with open(entrypoint_path, encoding="utf-8") as file:
E   FileNotFoundError: [Errno 2] No such file or directory: '/home/runner/work/bundler-test-executor/bundler-test-executor/bundler-spec-tests/@account-abstraction/artifacts/contracts/core/EntryPoint.sol/EntryPoint.json'</error></testcase><testcase classname="tests.bundle.test_storage_rules" name="test_rule[staked][paymaster][reference_storage_struct][ok]" time="0.000"><error message="failed on setup with &quot;FileNotFoundError: [Errno 2] No such file or directory: '/home/runner/work/bundler-test-executor/bundler-test-executor/bundler-spec-tests/@account-abstraction/artifacts/contracts/core/EntryPoint.sol/EntryPoint.json'&quot;">tests/conftest.py:66: in entrypoint_contract
    with open(entrypoint_path, encoding="utf-8") as file:
E   FileNotFoundError: [Errno 2] No such file or directory: '/home/runner/work/bundler-test-executor/bundler-test-executor/bundler-spec-tests/@account-abstraction/artifacts/contracts/core/EntryPoint.sol/EntryPoint.json'</error></testcase><testcase classname="tests.bundle.test_storage_rules" name="test_rule[staked][paymaster][account_storage][ok]" time="0.000"><error message="failed on setup with &quot;FileNotFoundError: [Errno 2] No such file or directory: '/home/runner/work/bundler-test-executor/bundler-test-executor/bundler-spec-tests/@account-abstraction/artifacts/contracts/core/EntryPoint.sol/EntryPoint.json'&quot;">tests/conftest.py:66: in entrypoint_contract
    with open(entrypoint_path, encoding="utf-8") as file:
E   FileNotFoundError: [Errno 2] No such file or directory: '/home/runner/work/bundler-test-executor/bundler-test-executor/bundler-spec-tests/@account-abstraction/artifacts/contracts/core/EntryPoint.sol/EntryPoint.json'</error></testcase><testcase classname="tests.bundle.test_storage_rules" name="test_rule[staked][paymaster][account_reference_storage][ok]" time="0.000"><error message="failed on setup with &quot;FileNotFoundError: [Errno 2] No such file or directory: '/home/runner/work/bundler-test-executor/bundler-test-executor/bundler-spec-tests/@account-abstraction/artifacts/contracts/core/EntryPoint.sol/EntryPoint.json'&quot;">tests/conftest.py:66: in entrypoint_contract
    with open(entrypoint_path, encoding="utf-8") as file:
E   FileNotFoundError: [Errno 2] No such file or directory: '/home/runner/work/bundler-test-executor/bundler-test-executor/bundler-spec-tests/@account-abstraction/artifacts/contracts/core/EntryPoint.sol/EntryPoint.json'</error></testcase><testcase classname="tests.bundle.test_storage_rules" name="test_rule[staked][paymaster][account_reference_storage_struct][ok]" time="0.000"><error message="failed on setup with &quot;FileNotFoundError: [Errno 2] No such file or directory: '/home/runner/work/bundler-test-executor/bundler-test-executor/bundler-spec-tests/@account-abstraction/artifacts/contracts/core/EntryPoint.sol/EntryPoint.json'&quot;">tests/conftest.py:66: in entrypoint_contract
    with open(entrypoint_path, encoding="utf-8") as file:
E   FileNotFoundError: [Errno 2] No such file or directory: '/home/runner/work/bundler-test-executor/bundler-test-executor/bundler-spec-tests/@account-abstraction/artifacts/contracts/core/EntryPoint.sol/EntryPoint.json'</error></testcase><testcase classname="tests.bundle.test_storage_rules" name="test_rule[staked][paymaster][account_reference_storage_init_code][ok]" time="0.000"><error message="failed on setup with &quot;FileNotFoundError: [Errno 2] No such file or directory: '/home/runner/work/bundler-test-executor/bundler-test-executor/bundler-spec-tests/@account-abstraction/artifacts/contracts/core/EntryPoint.sol/EntryPoint.json'&quot;">tests/conftest.py:66: in entrypoint_contract
    with open(entrypoint_path, encoding="utf-8") as file:
E   FileNotFoundError: [Errno 2] No such file or directory: '/home/runner/work/bundler-test-executor/bundler-test-executor/bundler-spec-tests/@account-abstraction/artifacts/contracts/core/EntryPoint.sol/EntryPoint.json'</error></testcase><testcase classname="tests.bundle.test_storage_rules" name="test_rule[staked][paymaster][context][ok]" time="0.000"><error message="failed on setup with &quot;FileNotFoundError: [Errno 2] No such file or directory: '/home/runner/work/bundler-test-executor/bundler-test-executor/bundler-spec-tests/@account-abstraction/artifacts/contracts/core/EntryPoint.sol/EntryPoint.json'&quot;">tests/conftest.py:66: in entrypoint_contract
    with open(entrypoint_path, encoding="utf-8") as file:
E   FileNotFoundError: [Errno 2] No such file or directory: '/home/runner/work/bundler-test-executor/bundler-test-executor/bundler-spec-tests/@account-abstraction/artifacts/contracts/core/EntryPoint.sol/EntryPoint.json'</error></testcase><testcase classname="tests.bundle.test_storage_rules" name="test_rule[staked][paymaster][external_storage][drop]" time="0.000"><error message="failed on setup with &quot;FileNotFoundError: [Errno 2] No such file or directory: '/home/runner/work/bundler-test-executor/bundler-test-executor/bundler-spec-tests/@account-abstraction/artifacts/contracts/core/EntryPoint.sol/EntryPoint.json'&quot;">tests/conftest.py:66: in entrypoint_contract
    with open(entrypoint_path, encoding="utf-8") as file:
E   FileNotFoundError: [Errno 2] No such file or directory: '/home/runner/work/bundler-test-executor/bundler-test-executor/bundler-spec-tests/@account-abstraction/artifacts/contracts/core/EntryPoint.sol/EntryPoint.json'</error></testcase><testcase classname="tests.bundle.test_storage_rules" name="test_rule[unstaked][factory][no_storage][ok]" time="0.000"><error message="failed on setup with &quot;FileNotFoundError: [Errno 2] No such file or directory: '/home/runner/work/bundler-test-executor/bundler-test-executor/bundler-spec-tests/@account-abstraction/artifacts/contracts/core/EntryPoint.sol/EntryPoint.json'&quot;">tests/conftest.py:66: in entrypoint_contract
    with open(entrypoint_path, encoding="utf-8") as file:
E   FileNotFoundError: [Errno 2] No such file or directory: '/home/runner/work/bundler-test-executor/bundler-test-executor/bundler-spec-tests/@account-abstraction/artifacts/contracts/core/EntryPoint.sol/EntryPoint.json'</error></testcase><testcase classname="tests.bundle.test_storage_rules" name="test_rule[unstaked][factory][storage][drop]" time="0.000"><error message="failed on setup with &quot;FileNotFoundError: [Errno 2] No such file or directory: '/home/runner/work/bundler-test-executor/bundler-test-executor/bundler-spec-tests/@account-abstraction/artifacts/contracts/core/EntryPoint.sol/EntryPoint.json'&quot;">tests/conftest.py:66: in entrypoint_contract
    with open(entrypoint_path, encoding="utf-8") as file:
E   FileNotFoundError: [Errno 2] No such file or directory: '/home/runner/work/bundler-test-executor/bundler-test-executor/bundler-spec-tests/@account-abstraction/artifacts/contracts/core/EntryPoint.sol/EntryPoint.json'</error></testcase><testcase classname="tests.bundle.test_storage_rules" name="test_rule[unstaked][factory][reference_storage][drop]" time="0.000"><error message="failed on setup with &quot;FileNotFoundError: [Errno 2] No such file or directory: '/home/runner/work/bundler-test-executor/bundler-test-executor/bundler-spec-tests/@account-abstraction/artifacts/contracts/core/EntryPoint.sol/EntryPoint.json'&quot;">tests/conftest.py:66: in entrypoint_contract
    with open(entrypoint_path, encoding="utf-8") as file:
E   FileNotFoundError: [Errno 2] No such file or directory: '/home/runner/work/bundler-test-executor/bundler-test-executor/bundler-spec-tests/@account-abstraction/artifacts/contracts/core/EntryPoint.sol/EntryPoint.json'</error></testcase><testcase classname="tests.bundle.test_storage_rules" name="test_rule[unstaked][factory][reference_storage_struct][drop]" time="0.000"><error message="failed on setup with &quot;FileNotFoundError: [Errno 2] No such file or directory: '/home/runner/work/bundler-test-executor/bundler-test-executor/bundler-spec-tests/@account-abstraction/artifacts/contracts/core/EntryPoint.sol/EntryPoint.json'&quot;">tests/conftest.py:66: in entrypoint_contract
    with open(entrypoint_path, encoding="utf-8") as file:
E   FileNotFoundError: [Errno 2] No such file or directory: '/home/runner/work/bundler-test-executor/bundler-test-executor/bundler-spec-tests/@account-abstraction/artifacts/contracts/core/EntryPoint.sol/EntryPoint.json'</error></testcase><testcase classname="tests.bundle.test_storage_rules" name="test_rule[unstaked][factory][account_storage][ok]" time="0.000"><error message="failed on setup with &quot;FileNotFoundError: [Errno 2] No such file or directory: '/home/runner/work/bundler-test-executor/bundler-test-executor/bundler-spec-tests/@account-abstraction/artifacts/contracts/core/EntryPoint.sol/EntryPoint.json'&quot;">tests/conftest.py:66: in entrypoint_contract
    with open(entrypoint_path, encoding="utf-8") as file:
E   FileNotFoundError: [Errno 2] No such file or directory: '/home/runner/work/bundler-test-executor/bundler-test-executor/bundler-spec-tests/@account-abstraction/artifacts/contracts/core/EntryPoint.sol/EntryPoint.json'</error></testcase><testcase classname="tests.bundle.test_storage_rules" name="test_rule[unstaked][factory][account_reference_storage][drop]" time="0.000"><error message="failed on setup with &quot;FileNotFoundError: [Errno 2] No such file or directory: '/home/runner/work/bundler-test-executor/bundler-test-executor/bundler-spec-tests/@account-abstraction/artifacts/contracts/core/EntryPoint.sol/EntryPoint.json'&quot;">tests/conftest.py:66: in entrypoint_contract
    with open(entrypoint_path, encoding="utf-8") as file:
E   FileNotFoundError: [Errno 2] No such file or directory: '/home/runner/work/bundler-test-executor/bundler-test-executor/bundler-spec-tests/@account-abstraction/artifacts/contracts/core/EntryPoint.sol/EntryPoint.json'</error></testcase><testcase classname="tests.bundle.test_storage_rules" name="test_rule[unstaked][factory][account_reference_storage_struct][drop]" time="0.000"><error message="failed on setup with &quot;FileNotFoundError: [Errno 2] No such file or directory: '/home/runner/work/bundler-test-executor/bundler-test-executor/bundler-spec-tests/@account-abstraction/artifacts/contracts/core/EntryPoint.sol/EntryPoint.json'&quot;">tests/conftest.py:66: in entrypoint_contract
    with open(entrypoint_path, encoding="utf-8") as file:
E   FileNotFoundError: [Errno 2] No such file or directory: '/home/runner/work/bundler-test-executor/bundler-test-executor/bundler-spec-tests/@account-abstraction/artifacts/contracts/core/EntryPoint.sol/EntryPoint.json'</error></testcase><testcase classname="tests.bundle.test_storage_rules" name="test_rule[unstaked][factory][external_storage][drop]" time="0.000"><error message="failed on setup with &quot;FileNotFoundError: [Errno 2] No such file or directory: '/home/runner/work/bundler-test-executor/bundler-test-executor/bundler-spec-tests/@account-abstraction/artifacts/contracts/core/EntryPoint.sol/EntryPoint.json'&quot;">tests/conftest.py:66: in entrypoint_contract
    with open(entrypoint_path, encoding="utf-8") as file:
E   FileNotFoundError: [Errno 2] No such file or directory: '/home/runner/work/bundler-test-executor/bundler-test-executor/bundler-spec-tests/@account-abstraction/artifacts/contracts/core/EntryPoint.sol/EntryPoint.json'</error></testcase><testcase classname="tests.bundle.test_storage_rules" name="test_rule[staked][factory][no_storage][ok]" time="0.000"><error message="failed on setup with &quot;FileNotFoundError: [Errno 2] No such file or directory: '/home/runner/work/bundler-test-executor/bundler-test-executor/bundler-spec-tests/@account-abstraction/artifacts/contracts/core/EntryPoint.sol/EntryPoint.json'&quot;">tests/conftest.py:66: in entrypoint_contract
    with open(entrypoint_path, encoding="utf-8") as file:
E   FileNotFoundError: [Errno 2] No such file or directory: '/home/runner/work/bundler-test-executor/bundler-test-executor/bundler-spec-tests/@account-abstraction/artifacts/contracts/core/EntryPoint.sol/EntryPoint.json'</error></testcase><testcase classname="tests.bundle.test_storage_rules" name="test_rule[staked][factory][storage][ok]" time="0.000"><error message="failed on setup with &quot;FileNotFoundError: [Errno 2] No such file or directory: '/home/runner/work/bundler-test-executor/bundler-test-executor/bundler-spec-tests/@account-abstraction/artifacts/contracts/core/EntryPoint.sol/EntryPoint.json'&quot;">tests/conftest.py:66: in entrypoint_contract
    with open(entrypoint_path, encoding="utf-8") as file:
E   FileNotFoundError: [Errno 2] No such file or directory: '/home/runner/work/bundler-test-executor/bundler-test-executor/bundler-spec-tests/@account-abstraction/artifacts/contracts/core/EntryPoint.sol/EntryPoint.json'</error></testcase><testcase classname="tests.bundle.test_storage_rules" name="test_rule[staked][factory][reference_storage][ok]" time="0.000"><error message="failed on setup with &quot;FileNotFoundError: [Errno 2] No such file or directory: '/home/runner/work/bundler-test-executor/bundler-test-executor/bundler-spec-tests/@account-abstraction/artifacts/contracts/core/EntryPoint.sol/EntryPoint.json'&quot;">tests/conftest.py:66: in entrypoint_contract
    with open(entrypoint_path, encoding="utf-8") as file:
E   FileNotFoundError: [Errno 2] No such file or directory: '/home/runner/work/bundler-test-executor/bundler-test-executor/bundler-spec-tests/@account-abstraction/artifacts/contracts/core/EntryPoint.sol/EntryPoint.json'</error></testcase><testcase classname="tests.bundle.test_storage_rules" name="test_rule[staked][factory][reference_storage_struct][ok]" time="0.000"><error message="failed on setup with &quot;FileNotFoundError: [Errno 2] No such file or directory: '/home/runner/work/bundler-test-executor/bundler-test-executor/bundler-spec-tests/@account-abstraction/artifacts/contracts/core/EntryPoint.sol/EntryPoint.json'&quot;">tests/conftest.py:66: in entrypoint_contract
    with open(entrypoint_path, encoding="utf-8") as file:
E   FileNotFoundError: [Errno 2] No such file or directory: '/home/runner/work/bundler-test-executor/bundler-test-executor/bundler-spec-tests/@account-abstraction/artifacts/contracts/core/EntryPoint.sol/EntryPoint.json'</error></testcase><testcase classname="tests.bundle.test_storage_rules" name="test_rule[staked][factory][account_storage][ok]" time="0.000"><error message="failed on setup with &quot;FileNotFoundError: [Errno 2] No such file or directory: '/home/runner/work/bundler-test-executor/bundler-test-executor/bundler-spec-tests/@account-abstraction/artifacts/contracts/core/EntryPoint.sol/EntryPoint.json'&quot;">tests/conftest.py:66: in entrypoint_contract
    with open(entrypoint_path, encoding="utf-8") as file:
E   FileNotFoundError: [Errno 2] No such file or directory: '/home/runner/work/bundler-test-executor/bundler-test-executor/bundler-spec-tests/@account-abstraction/artifacts/contracts/core/EntryPoint.sol/EntryPoint.json'</error></testcase><testcase classname="tests.bundle.test_storage_rules" name="test_rule[staked][factory][account_reference_storage][ok]" time="0.000"><error message="failed on setup with &quot;FileNotFoundError: [Errno 2] No such file or directory: '/home/runner/work/bundler-test-executor/bundler-test-executor/bundler-spec-tests/@account-abstraction/artifacts/contracts/core/EntryPoint.sol/EntryPoint.json'&quot;">tests/conftest.py:66: in entrypoint_contract
    with open(entrypoint_path, encoding="utf-8") as file:
E   FileNotFoundError: [Errno 2] No such file or directory: '/home/runner/work/bundler-test-executor/bundler-test-executor/bundler-spec-tests/@account-abstraction/artifacts/contracts/core/EntryPoint.sol/EntryPoint.json'</error></testcase><testcase classname="tests.bundle.test_storage_rules" name="test_rule[staked][factory][account_reference_storage_struct][ok]" time="0.000"><error message="failed on setup with &quot;FileNotFoundError: [Errno 2] No such file or directory: '/home/runner/work/bundler-test-executor/bundler-test-executor/bundler-spec-tests/@account-abstraction/artifacts/contracts/core/EntryPoint.sol/EntryPoint.json'&quot;">tests/conftest.py:66: in entrypoint_contract
    with open(entrypoint_path, encoding="utf-8") as file:
E   FileNotFoundError: [Errno 2] No such file or directory: '/home/runner/work/bundler-test-executor/bundler-test-executor/bundler-spec-tests/@account-abstraction/artifacts/contracts/core/EntryPoint.sol/EntryPoint.json'</error></testcase><testcase classname="tests.bundle.test_storage_rules" name="test_rule[staked][factory][external_storage][drop]" time="0.000"><error message="failed on setup with &quot;FileNotFoundError: [Errno 2] No such file or directory: '/home/runner/work/bundler-test-executor/bundler-test-executor/bundler-spec-tests/@account-abstraction/artifacts/contracts/core/EntryPoint.sol/EntryPoint.json'&quot;">tests/conftest.py:66: in entrypoint_contract
    with open(entrypoint_path, encoding="utf-8") as file:
E   FileNotFoundError: [Errno 2] No such file or directory: '/home/runner/work/bundler-test-executor/bundler-test-executor/bundler-spec-tests/@account-abstraction/artifacts/contracts/core/EntryPoint.sol/EntryPoint.json'</error></testcase><testcase classname="tests.bundle.test_storage_rules" name="test_rule[unstaked][account][no_storage][ok]" time="0.000"><error message="failed on setup with &quot;FileNotFoundError: [Errno 2] No such file or directory: '/home/runner/work/bundler-test-executor/bundler-test-executor/bundler-spec-tests/@account-abstraction/artifacts/contracts/core/EntryPoint.sol/EntryPoint.json'&quot;">tests/conftest.py:66: in entrypoint_contract
    with open(entrypoint_path, encoding="utf-8") as file:
E   FileNotFoundError: [Errno 2] No such file or directory: '/home/runner/work/bundler-test-executor/bundler-test-executor/bundler-spec-tests/@account-abstraction/artifacts/contracts/core/EntryPoint.sol/EntryPoint.json'</error></testcase><testcase classname="tests.bundle.test_storage_rules" name="test_rule[unstaked][account][account_storage][ok]" time="0.000"><error message="failed on setup with &quot;FileNotFoundError: [Errno 2] No such file or directory: '/home/runner/work/bundler-test-executor/bundler-test-executor/bundler-spec-tests/@account-abstraction/artifacts/contracts/core/EntryPoint.sol/EntryPoint.json'&quot;">tests/conftest.py:66: in entrypoint_contract
    with open(entrypoint_path, encoding="utf-8") as file:
E   FileNotFoundError: [Errno 2] No such file or directory: '/home/runner/work/bundler-test-executor/bundler-test-executor/bundler-spec-tests/@account-abstraction/artifacts/contracts/core/EntryPoint.sol/EntryPoint.json'</error></testcase><testcase classname="tests.bundle.test_storage_rules" name="test_rule[unstaked][account][account_reference_storage][ok]" time="0.000"><error message="failed on setup with &quot;FileNotFoundError: [Errno 2] No such file or directory: '/home/runner/work/bundler-test-executor/bundler-test-executor/bundler-spec-tests/@account-abstraction/artifacts/contracts/core/EntryPoint.sol/EntryPoint.json'&quot;">tests/conftest.py:66: in entrypoint_contract
    with open(entrypoint_path, encoding="utf-8") as file:
E   FileNotFoundError: [Errno 2] No such file or directory: '/home/runner/work/bundler-test-executor/bundler-test-executor/bundler-spec-tests/@account-abstraction/artifacts/contracts/core/EntryPoint.sol/EntryPoint.json'</error></testcase><testcase classname="tests.bundle.test_storage_rules" name="test_rule[unstaked][account][account_reference_storage_init_code][drop]" time="0.000"><error message="failed on setup with &quot;FileNotFoundError: [Errno 2] No such file or directory: '/home/runner/work/bundler-test-executor/bundler-test-executor/bundler-spec-tests/@account-abstraction/artifacts/contracts/core/EntryPoint.sol/EntryPoint.json'&quot;">tests/conftest.py:66: in entrypoint_contract
    with open(entrypoint_path, encoding="utf-8") as file:
E   FileNotFoundError: [Errno 2] No such file or directory: '/home/runner/work/bundler-test-executor/bundler-test-executor/bundler-spec-tests/@account-abstraction/artifacts/contracts/core/EntryPoint.sol/EntryPoint.json'</error></testcase><testcase classname="tests.bundle.test_storage_rules" name="test_rule[unstaked][account][account_reference_storage_struct][ok]" time="0.000"><error message="failed on setup with &quot;FileNotFoundError: [Errno 2] No such file or directory: '/home/runner/work/bundler-test-executor/bundler-test-executor/bundler-spec-tests/@account-abstraction/artifacts/contracts/core/EntryPoint.sol/EntryPoint.json'&quot;">tests/conftest.py:66: in entrypoint_contract
    with open(entrypoint_path, encoding="utf-8") as file:
E   FileNotFoundError: [Errno 2] No such file or directory: '/home/runner/work/bundler-test-executor/bundler-test-executor/bundler-spec-tests/@account-abstraction/artifacts/contracts/core/EntryPoint.sol/EntryPoint.json'</error></testcase><testcase classname="tests.bundle.test_storage_rules" name="test_rule[unstaked][account][external_storage][drop]" time="0.000"><error message="failed on setup with &quot;FileNotFoundError: [Errno 2] No such file or directory: '/home/runner/work/bundler-test-executor/bundler-test-executor/bundler-spec-tests/@account-abstraction/artifacts/contracts/core/EntryPoint.sol/EntryPoint.json'&quot;">tests/conftest.py:66: in entrypoint_contract
    with open(entrypoint_path, encoding="utf-8") as file:
E   FileNotFoundError: [Errno 2] No such file or directory: '/home/runner/work/bundler-test-executor/bundler-test-executor/bundler-spec-tests/@account-abstraction/artifacts/contracts/core/EntryPoint.sol/EntryPoint.json'</error></testcase><testcase classname="tests.bundle.test_storage_rules" name="test_rule[staked][account][no_storage][ok]" time="0.000"><error message="failed on setup with &quot;FileNotFoundError: [Errno 2] No such file or directory: '/home/runner/work/bundler-test-executor/bundler-test-executor/bundler-spec-tests/@account-abstraction/artifacts/contracts/core/EntryPoint.sol/EntryPoint.json'&quot;">tests/conftest.py:66: in entrypoint_contract
    with open(entrypoint_path, encoding="utf-8") as file:
E   FileNotFoundError: [Errno 2] No such file or directory: '/home/runner/work/bundler-test-executor/bundler-test-executor/bundler-spec-tests/@account-abstraction/artifacts/contracts/core/EntryPoint.sol/EntryPoint.json'</error></testcase><testcase classname="tests.bundle.test_storage_rules" name="test_rule[staked][account][account_storage][ok]" time="0.000"><error message="failed on setup with &quot;FileNotFoundError: [Errno 2] No such file or directory: '/home/runner/work/bundler-test-executor/bundler-test-executor/bundler-spec-tests/@account-abstraction/artifacts/contracts/core/EntryPoint.sol/EntryPoint.json'&quot;">tests/conftest.py:66: in entrypoint_contract
    with open(entrypoint_path, encoding="utf-8") as file:
E   FileNotFoundError: [Errno 2] No such file or directory: '/home/runner/work/bundler-test-executor/bundler-test-executor/bundler-spec-tests/@account-abstraction/artifacts/contracts/core/EntryPoint.sol/EntryPoint.json'</error></testcase><testcase classname="tests.bundle.test_storage_rules" name="test_rule[staked][account][account_reference_storage][ok]" time="0.000"><error message="failed on setup with &quot;FileNotFoundError: [Errno 2] No such file or directory: '/home/runner/work/bundler-test-executor/bundler-test-executor/bundler-spec-tests/@account-abstraction/artifacts/contracts/core/EntryPoint.sol/EntryPoint.json'&quot;">tests/conftest.py:66: in entrypoint_contract
    with open(entrypoint_path, encoding="utf-8") as file:
E   FileNotFoundError: [Errno 2] No such file or directory: '/home/runner/work/bundler-test-executor/bundler-test-executor/bundler-spec-tests/@account-abstraction/artifacts/contracts/core/EntryPoint.sol/EntryPoint.json'</error></testcase><testcase classname="tests.bundle.test_storage_rules" name="test_rule[staked][account][account_reference_storage_struct][ok]" time="0.000"><error message="failed on setup with &quot;FileNotFoundError: [Errno 2] No such file or directory: '/home/runner/work/bundler-test-executor/bundler-test-executor/bundler-spec-tests/@account-abstraction/artifacts/contracts/core/EntryPoint.sol/EntryPoint.json'&quot;">tests/conftest.py:66: in entrypoint_contract
    with open(entrypoint_path, encoding="utf-8") as file:
E   FileNotFoundError: [Errno 2] No such file or directory: '/home/runner/work/bundler-test-executor/bundler-test-executor/bundler-spec-tests/@account-abstraction/artifacts/contracts/core/EntryPoint.sol/EntryPoint.json'</error></testcase><testcase classname="tests.bundle.test_storage_rules" name="test_rule[staked][account][external_storage][drop]" time="0.000"><error message="failed on setup with &quot;FileNotFoundError: [Errno 2] No such file or directory: '/home/runner/work/bundler-test-executor/bundler-test-executor/bundler-spec-tests/@account-abstraction/artifacts/contracts/core/EntryPoint.sol/EntryPoint.json'&quot;">tests/conftest.py:66: in entrypoint_contract
    with open(entrypoint_path, encoding="utf-8") as file:
E   FileNotFoundError: [Errno 2] No such file or directory: '/home/runner/work/bundler-test-executor/bundler-test-executor/bundler-spec-tests/@account-abstraction/artifacts/contracts/core/EntryPoint.sol/EntryPoint.json'</error></testcase><testcase classname="tests.opbanning.test_op_banning" name="test_account_banned_opcode[GAS]" time="0.001"><error message="failed on setup with &quot;FileNotFoundError: [Errno 2] No such file or directory: '/home/runner/work/bundler-test-executor/bundler-test-executor/bundler-spec-tests/@account-abstraction/artifacts/contracts/core/EntryPoint.sol/EntryPoint.json'&quot;">tests/conftest.py:66: in entrypoint_contract
    with open(entrypoint_path, encoding="utf-8") as file:
E   FileNotFoundError: [Errno 2] No such file or directory: '/home/runner/work/bundler-test-executor/bundler-test-executor/bundler-spec-tests/@account-abstraction/artifacts/contracts/core/EntryPoint.sol/EntryPoint.json'</error></testcase><testcase classname="tests.opbanning.test_op_banning" name="test_account_banned_opcode[NUMBER]" time="0.000"><error message="failed on setup with &quot;FileNotFoundError: [Errno 2] No such file or directory: '/home/runner/work/bundler-test-executor/bundler-test-executor/bundler-spec-tests/@account-abstraction/artifacts/contracts/core/EntryPoint.sol/EntryPoint.json'&quot;">tests/conftest.py:66: in entrypoint_contract
    with open(entrypoint_path, encoding="utf-8") as file:
E   FileNotFoundError: [Errno 2] No such file or directory: '/home/runner/work/bundler-test-executor/bundler-test-executor/bundler-spec-tests/@account-abstraction/artifacts/contracts/core/EntryPoint.sol/EntryPoint.json'</error></testcase><testcase classname="tests.opbanning.test_op_banning" name="test_account_banned_opcode[TIMESTAMP]" time="0.000"><error message="failed on setup with &quot;FileNotFoundError: [Errno 2] No such file or directory: '/home/runner/work/bundler-test-executor/bundler-test-executor/bundler-spec-tests/@account-abstraction/artifacts/contracts/core/EntryPoint.sol/EntryPoint.json'&quot;">tests/conftest.py:66: in entrypoint_contract
    with open(entrypoint_path, encoding="utf-8") as file:
E   FileNotFoundError: [Errno 2] No such file or directory: '/home/runner/work/bundler-test-executor/bundler-test-executor/bundler-spec-tests/@account-abstraction/artifacts/contracts/core/EntryPoint.sol/EntryPoint.json'</error></testcase><testcase classname="tests.opbanning.test_op_banning" name="test_account_banned_opcode[COINBASE]" time="0.000"><error message="failed on setup with &quot;FileNotFoundError: [Errno 2] No such file or directory: '/home/runner/work/bundler-test-executor/bundler-test-executor/bundler-spec-tests/@account-abstraction/artifacts/contracts/core/EntryPoint.sol/EntryPoint.json'&quot;">tests/conftest.py:66: in entrypoint_contract
    with open(entrypoint_path, encoding="utf-8") as file:
E   FileNotFoundError: [Errno 2] No such file or directory: '/home/runner/work/bundler-test-executor/bundler-test-executor/bundler-spec-tests/@account-abstraction/artifacts/contracts/core/EntryPoint.sol/EntryPoint.json'</error></testcase><testcase classname="tests.opbanning.test_op_banning" name="test_account_banned_opcode[DIFFICULTY]" time="0.000"><error message="failed on setup with &quot;FileNotFoundError: [Errno 2] No such file or directory: '/home/runner/work/bundler-test-executor/bundler-test-executor/bundler-spec-tests/@account-abstraction/artifacts/contracts/core/EntryPoint.sol/EntryPoint.json'&quot;">tests/conftest.py:66: in entrypoint_contract
    with open(entrypoint_path, encoding="utf-8") as file:
E   FileNotFoundError: [Errno 2] No such file or directory: '/home/runner/work/bundler-test-executor/bundler-test-executor/bundler-spec-tests/@account-abstraction/artifacts/contracts/core/EntryPoint.sol/EntryPoint.json'</error></testcase><testcase classname="tests.opbanning.test_op_banning" name="test_account_banned_opcode[BASEFEE]" time="0.000"><error message="failed on setup with &quot;FileNotFoundError: [Errno 2] No such file or directory: '/home/runner/work/bundler-test-executor/bundler-test-executor/bundler-spec-tests/@account-abstraction/artifacts/contracts/core/EntryPoint.sol/EntryPoint.json'&quot;">tests/conftest.py:66: in entrypoint_contract
    with open(entrypoint_path, encoding="utf-8") as file:
E   FileNotFoundError: [Errno 2] No such file or directory: '/home/runner/work/bundler-test-executor/bundler-test-executor/bundler-spec-tests/@account-abstraction/artifacts/contracts/core/EntryPoint.sol/EntryPoint.json'</error></testcase><testcase classname="tests.opbanning.test_op_banning" name="test_account_banned_opcode[GASLIMIT]" time="0.000"><error message="failed on setup with &quot;FileNotFoundError: [Errno 2] No such file or directory: '/home/runner/work/bundler-test-executor/bundler-test-executor/bundler-spec-tests/@account-abstraction/artifacts/contracts/core/EntryPoint.sol/EntryPoint.json'&quot;">tests/conftest.py:66: in entrypoint_contract
    with open(entrypoint_path, encoding="utf-8") as file:
E   FileNotFoundError: [Errno 2] No such file or directory: '/home/runner/work/bundler-test-executor/bundler-test-executor/bundler-spec-tests/@account-abstraction/artifacts/contracts/core/EntryPoint.sol/EntryPoint.json'</error></testcase><testcase classname="tests.opbanning.test_op_banning" name="test_account_banned_opcode[GASPRICE]" time="0.000"><error message="failed on setup with &quot;FileNotFoundError: [Errno 2] No such file or directory: '/home/runner/work/bundler-test-executor/bundler-test-executor/bundler-spec-tests/@account-abstraction/artifacts/contracts/core/EntryPoint.sol/EntryPoint.json'&quot;">tests/conftest.py:66: in entrypoint_contract
    with open(entrypoint_path, encoding="utf-8") as file:
E   FileNotFoundError: [Errno 2] No such file or directory: '/home/runner/work/bundler-test-executor/bundler-test-executor/bundler-spec-tests/@account-abstraction/artifacts/contracts/core/EntryPoint.sol/EntryPoint.json'</error></testcase><testcase classname="tests.opbanning.test_op_banning" name="test_account_banned_opcode[SELFBALANCE]" time="0.000"><error message="failed on setup with &quot;FileNotFoundError: [Errno 2] No such file or directory: '/home/runner/work/bundler-test-executor/bundler-test-executor/bundler-spec-tests/@account-abstraction/artifacts/contracts/core/EntryPoint.sol/EntryPoint.json'&quot;">tests/conftest.py:66: in entrypoint_contract
    with open(entrypoint_path, encoding="utf-8") as file:
E   FileNotFoundError: [Errno 2] No such file or directory: '/home/runner/work/bundler-test-executor/bundler-test-executor/bundler-spec-tests/@account-abstraction/artifacts/contracts/core/EntryPoint.sol/EntryPoint.json'</error></testcase><testcase classname="tests.opbanning.test_op_banning" name="test_account_banned_opcode[BALANCE]" time="0.000"><error message="failed on setup with &quot;FileNotFoundError: [Errno 2] No such file or directory: '/home/runner/work/bundler-test-executor/bundler-test-executor/bundler-spec-tests/@account-abstraction/artifacts/contracts/core/EntryPoint.sol/EntryPoint.json'&quot;">tests/conftest.py:66: in entrypoint_contract
    with open(entrypoint_path, encoding="utf-8") as file:
E   FileNotFoundError: [Errno 2] No such file or directory: '/home/runner/work/bundler-test-executor/bundler-test-executor/bundler-spec-tests/@account-abstraction/artifacts/contracts/core/EntryPoint.sol/EntryPoint.json'</error></testcase><testcase classname="tests.opbanning.test_op_banning" name="test_account_banned_opcode[ORIGIN]" time="0.000"><error message="failed on setup with &quot;FileNotFoundError: [Errno 2] No such file or directory: '/home/runner/work/bundler-test-executor/bundler-test-executor/bundler-spec-tests/@account-abstraction/artifacts/contracts/core/EntryPoint.sol/EntryPoint.json'&quot;">tests/conftest.py:66: in entrypoint_contract
    with open(entrypoint_path, encoding="utf-8") as file:
E   FileNotFoundError: [Errno 2] No such file or directory: '/home/runner/work/bundler-test-executor/bundler-test-executor/bundler-spec-tests/@account-abstraction/artifacts/contracts/core/EntryPoint.sol/EntryPoint.json'</error></testcase><testcase classname="tests.opbanning.test_op_banning" name="test_account_banned_opcode[BLOCKHASH]" time="0.000"><error message="failed on setup with &quot;FileNotFoundError: [Errno 2] No such file or directory: '/home/runner/work/bundler-test-executor/bundler-test-executor/bundler-spec-tests/@account-abstraction/artifacts/contracts/core/EntryPoint.sol/EntryPoint.json'&quot;">tests/conftest.py:66: in entrypoint_contract
    with open(entrypoint_path, encoding="utf-8") as file:
E   FileNotFoundError: [Errno 2] No such file or directory: '/home/runner/work/bundler-test-executor/bundler-test-executor/bundler-spec-tests/@account-abstraction/artifacts/contracts/core/EntryPoint.sol/EntryPoint.json'</error></testcase><testcase classname="tests.opbanning.test_op_banning" name="test_account_banned_opcode[CREATE]" time="0.000"><error message="failed on setup with &quot;FileNotFoundError: [Errno 2] No such file or directory: '/home/runner/work/bundler-test-executor/bundler-test-executor/bundler-spec-tests/@account-abstraction/artifacts/contracts/core/EntryPoint.sol/EntryPoint.json'&quot;">tests/conftest.py:66: in entrypoint_contract
    with open(entrypoint_path, encoding="utf-8") as file:
E   FileNotFoundError: [Errno 2] No such file or directory: '/home/runner/work/bundler-test-executor/bundler-test-executor/bundler-spec-tests/@account-abstraction/artifacts/contracts/core/EntryPoint.sol/EntryPoint.json'</error></testcase><testcase classname="tests.opbanning.test_op_banning" name="test_account_banned_opcode[CREATE2]" time="0.000"><error message="failed on setup with &quot;FileNotFoundError: [Errno 2] No such file or directory: '/home/runner/work/bundler-test-executor/bundler-test-executor/bundler-spec-tests/@account-abstraction/artifacts/contracts/core/EntryPoint.sol/EntryPoint.json'&quot;">tests/conftest.py:66: in entrypoint_contract
    with open(entrypoint_path, encoding="utf-8") as file:
E   FileNotFoundError: [Errno 2] No such file or directory: '/home/runner/work/bundler-test-executor/bundler-test-executor/bundler-spec-tests/@account-abstraction/artifacts/contracts/core/EntryPoint.sol/EntryPoint.json'</error></testcase><testcase classname="tests.opbanning.test_op_banning" name="test_account_banned_opcode[SELFDESTRUCT]" time="0.000"><error message="failed on setup with &quot;FileNotFoundError: [Errno 2] No such file or directory: '/home/runner/work/bundler-test-executor/bundler-test-executor/bundler-spec-tests/@account-abstraction/artifacts/contracts/core/EntryPoint.sol/EntryPoint.json'&quot;">tests/conftest.py:66: in entrypoint_contract
    with open(entrypoint_path, encoding="utf-8") as file:
E   FileNotFoundError: [Errno 2] No such file or directory: '/home/runner/work/bundler-test-executor/bundler-test-executor/bundler-spec-tests/@account-abstraction/artifacts/contracts/core/EntryPoint.sol/EntryPoint.json'</error></testcase><testcase classname="tests.opbanning.test_op_banning" name="test_paymaster_banned_opcode[GAS]" time="0.000"><error message="failed on setup with &quot;FileNotFoundError: [Errno 2] No such file or directory: '/home/runner/work/bundler-test-executor/bundler-test-executor/bundler-spec-tests/@account-abstraction/artifacts/contracts/core/EntryPoint.sol/EntryPoint.json'&quot;">tests/conftest.py:66: in entrypoint_contract
    with open(entrypoint_path, encoding="utf-8") as file:
E   FileNotFoundError: [Errno 2] No such file or directory: '/home/runner/work/bundler-test-executor/bundler-test-executor/bundler-spec-tests/@account-abstraction/artifacts/contracts/core/EntryPoint.sol/EntryPoint.json'</error></testcase><testcase classname="tests.opbanning.test_op_banning" name="test_paymaster_banned_opcode[NUMBER]" time="0.000"><error message="failed on setup with &quot;FileNotFoundError: [Errno 2] No such file or directory: '/home/runner/work/bundler-test-executor/bundler-test-executor/bundler-spec-tests/@account-abstraction/artifacts/contracts/core/EntryPoint.sol/EntryPoint.json'&quot;">tests/conftest.py:66: in entrypoint_contract
    with open(entrypoint_path, encoding="utf-8") as file:
E   FileNotFoundError: [Errno 2] No such file or directory: '/home/runner/work/bundler-test-executor/bundler-test-executor/bundler-spec-tests/@account-abstraction/artifacts/contracts/core/EntryPoint.sol/EntryPoint.json'</error></testcase><testcase classname="tests.opbanning.test_op_banning" name="test_paymaster_banned_opcode[TIMESTAMP]" time="0.000"><error message="failed on setup with &quot;FileNotFoundError: [Errno 2] No such file or directory: '/home/runner/work/bundler-test-executor/bundler-test-executor/bundler-spec-tests/@account-abstraction/artifacts/contracts/core/EntryPoint.sol/EntryPoint.json'&quot;">tests/conftest.py:66: in entrypoint_contract
    with open(entrypoint_path, encoding="utf-8") as file:
E   FileNotFoundError: [Errno 2] No such file or directory: '/home/runner/work/bundler-test-executor/bundler-test-executor/bundler-spec-tests/@account-abstraction/artifacts/contracts/core/EntryPoint.sol/EntryPoint.json'</error></testcase><testcase classname="tests.opbanning.test_op_banning" name="test_paymaster_banned_opcode[COINBASE]" time="0.000"><error message="failed on setup with &quot;FileNotFoundError: [Errno 2] No such file or directory: '/home/runner/work/bundler-test-executor/bundler-test-executor/bundler-spec-tests/@account-abstraction/artifacts/contracts/core/EntryPoint.sol/EntryPoint.json'&quot;">tests/conftest.py:66: in entrypoint_contract
    with open(entrypoint_path, encoding="utf-8") as file:
E   FileNotFoundError: [Errno 2] No such file or directory: '/home/runner/work/bundler-test-executor/bundler-test-executor/bundler-spec-tests/@account-abstraction/artifacts/contracts/core/EntryPoint.sol/EntryPoint.json'</error></testcase><testcase classname="tests.opbanning.test_op_banning" name="test_paymaster_banned_opcode[DIFFICULTY]" time="0.000"><error message="failed on setup with &quot;FileNotFoundError: [Errno 2] No such file or directory: '/home/runner/work/bundler-test-executor/bundler-test-executor/bundler-spec-tests/@account-abstraction/artifacts/contracts/core/EntryPoint.sol/EntryPoint.json'&quot;">tests/conftest.py:66: in entrypoint_contract
    with open(entrypoint_path, encoding="utf-8") as file:
E   FileNotFoundError: [Errno 2] No such file or directory: '/home/runner/work/bundler-test-executor/bundler-test-executor/bundler-spec-tests/@account-abstraction/artifacts/contracts/core/EntryPoint.sol/EntryPoint.json'</error></testcase><testcase classname="tests.opbanning.test_op_banning" name="test_paymaster_banned_opcode[BASEFEE]" time="0.000"><error message="failed on setup with &quot;FileNotFoundError: [Errno 2] No such file or directory: '/home/runner/work/bundler-test-executor/bundler-test-executor/bundler-spec-tests/@account-abstraction/artifacts/contracts/core/EntryPoint.sol/EntryPoint.json'&quot;">tests/conftest.py:66: in entrypoint_contract
    with open(entrypoint_path, encoding="utf-8") as file:
E   FileNotFoundError: [Errno 2] No such file or directory: '/home/runner/work/bundler-test-executor/bundler-test-executor/bundler-spec-tests/@account-abstraction/artifacts/contracts/core/EntryPoint.sol/EntryPoint.json'</error></testcase><testcase classname="tests.opbanning.test_op_banning" name="test_paymaster_banned_opcode[GASLIMIT]" time="0.000"><error message="failed on setup with &quot;FileNotFoundError: [Errno 2] No such file or directory: '/home/runner/work/bundler-test-executor/bundler-test-executor/bundler-spec-tests/@account-abstraction/artifacts/contracts/core/EntryPoint.sol/EntryPoint.json'&quot;">tests/conftest.py:66: in entrypoint_contract
    with open(entrypoint_path, encoding="utf-8") as file:
E   FileNotFoundError: [Errno 2] No such file or directory: '/home/runner/work/bundler-test-executor/bundler-test-executor/bundler-spec-tests/@account-abstraction/artifacts/contracts/core/EntryPoint.sol/EntryPoint.json'</error></testcase><testcase classname="tests.opbanning.test_op_banning" name="test_paymaster_banned_opcode[GASPRICE]" time="0.000"><error message="failed on setup with &quot;FileNotFoundError: [Errno 2] No such file or directory: '/home/runner/work/bundler-test-executor/bundler-test-executor/bundler-spec-tests/@account-abstraction/artifacts/contracts/core/EntryPoint.sol/EntryPoint.json'&quot;">tests/conftest.py:66: in entrypoint_contract
    with open(entrypoint_path, encoding="utf-8") as file:
E   FileNotFoundError: [Errno 2] No such file or directory: '/home/runner/work/bundler-test-executor/bundler-test-executor/bundler-spec-tests/@account-abstraction/artifacts/contracts/core/EntryPoint.sol/EntryPoint.json'</error></testcase><testcase classname="tests.opbanning.test_op_banning" name="test_paymaster_banned_opcode[SELFBALANCE]" time="0.000"><error message="failed on setup with &quot;FileNotFoundError: [Errno 2] No such file or directory: '/home/runner/work/bundler-test-executor/bundler-test-executor/bundler-spec-tests/@account-abstraction/artifacts/contracts/core/EntryPoint.sol/EntryPoint.json'&quot;">tests/conftest.py:66: in entrypoint_contract
    with open(entrypoint_path, encoding="utf-8") as file:
E   FileNotFoundError: [Errno 2] No such file or directory: '/home/runner/work/bundler-test-executor/bundler-test-executor/bundler-spec-tests/@account-abstraction/artifacts/contracts/core/EntryPoint.sol/EntryPoint.json'</error></testcase><testcase classname="tests.opbanning.test_op_banning" name="test_paymaster_banned_opcode[BALANCE]" time="0.000"><error message="failed on setup with &quot;FileNotFoundError: [Errno 2] No such file or directory: '/home/runner/work/bundler-test-executor/bundler-test-executor/bundler-spec-tests/@account-abstraction/artifacts/contracts/core/EntryPoint.sol/EntryPoint.json'&quot;">tests/conftest.py:66: in entrypoint_contract
    with open(entrypoint_path, encoding="utf-8") as file:
E   FileNotFoundError: [Errno 2] No such file or directory: '/home/runner/work/bundler-test-executor/bundler-test-executor/bundler-spec-tests/@account-abstraction/artifacts/contracts/core/EntryPoint.sol/EntryPoint.json'</error></testcase><testcase classname="tests.opbanning.test_op_banning" name="test_paymaster_banned_opcode[ORIGIN]" time="0.000"><error message="failed on setup with &quot;FileNotFoundError: [Errno 2] No such file or directory: '/home/runner/work/bundler-test-executor/bundler-test-executor/bundler-spec-tests/@account-abstraction/artifacts/contracts/core/EntryPoint.sol/EntryPoint.json'&quot;">tests/conftest.py:66: in entrypoint_contract
    with open(entrypoint_path, encoding="utf-8") as file:
E   FileNotFoundError: [Errno 2] No such file or directory: '/home/runner/work/bundler-test-executor/bundler-test-executor/bundler-spec-tests/@account-abstraction/artifacts/contracts/core/EntryPoint.sol/EntryPoint.json'</error></testcase><testcase classname="tests.opbanning.test_op_banning" name="test_paymaster_banned_opcode[BLOCKHASH]" time="0.000"><error message="failed on setup with &quot;FileNotFoundError: [Errno 2] No such file or directory: '/home/runner/work/bundler-test-executor/bundler-test-executor/bundler-spec-tests/@account-abstraction/artifacts/contracts/core/EntryPoint.sol/EntryPoint.json'&quot;">tests/conftest.py:66: in entrypoint_contract
    with open(entrypoint_path, encoding="utf-8") as file:
E   FileNotFoundError: [Errno 2] No such file or directory: '/home/runner/work/bundler-test-executor/bundler-test-executor/bundler-spec-tests/@account-abstraction/artifacts/contracts/core/EntryPoint.sol/EntryPoint.json'</error></testcase><testcase classname="tests.opbanning.test_op_banning" name="test_paymaster_banned_opcode[CREATE]" time="0.000"><error message="failed on setup with &quot;FileNotFoundError: [Errno 2] No such file or directory: '/home/runner/work/bundler-test-executor/bundler-test-executor/bundler-spec-tests/@account-abstraction/artifacts/contracts/core/EntryPoint.sol/EntryPoint.json'&quot;">tests/conftest.py:66: in entrypoint_contract
    with open(entrypoint_path, encoding="utf-8") as file:
E   FileNotFoundError: [Errno 2] No such file or directory: '/home/runner/work/bundler-test-executor/bundler-test-executor/bundler-spec-tests/@account-abstraction/artifacts/contracts/core/EntryPoint.sol/EntryPoint.json'</error></testcase><testcase classname="tests.opbanning.test_op_banning" name="test_paymaster_banned_opcode[CREATE2]" time="0.000"><error message="failed on setup with &quot;FileNotFoundError: [Errno 2] No such file or directory: '/home/runner/work/bundler-test-executor/bundler-test-executor/bundler-spec-tests/@account-abstraction/artifacts/contracts/core/EntryPoint.sol/EntryPoint.json'&quot;">tests/conftest.py:66: in entrypoint_contract
    with open(entrypoint_path, encoding="utf-8") as file:
E   FileNotFoundError: [Errno 2] No such file or directory: '/home/runner/work/bundler-test-executor/bundler-test-executor/bundler-spec-tests/@account-abstraction/artifacts/contracts/core/EntryPoint.sol/EntryPoint.json'</error></testcase><testcase classname="tests.opbanning.test_op_banning" name="test_paymaster_banned_opcode[SELFDESTRUCT]" time="0.000"><error message="failed on setup with &quot;FileNotFoundError: [Errno 2] No such file or directory: '/home/runner/work/bundler-test-executor/bundler-test-executor/bundler-spec-tests/@account-abstraction/artifacts/contracts/core/EntryPoint.sol/EntryPoint.json'&quot;">tests/conftest.py:66: in entrypoint_contract
    with open(entrypoint_path, encoding="utf-8") as file:
E   FileNotFoundError: [Errno 2] No such file or directory: '/home/runner/work/bundler-test-executor/bundler-test-executor/bundler-spec-tests/@account-abstraction/artifacts/contracts/core/EntryPoint.sol/EntryPoint.json'</error></testcase><testcase classname="tests.opbanning.test_op_banning" name="test_factory_banned_opcode[GAS]" time="0.000"><error message="failed on setup with &quot;FileNotFoundError: [Errno 2] No such file or directory: '/home/runner/work/bundler-test-executor/bundler-test-executor/bundler-spec-tests/@account-abstraction/artifacts/contracts/core/EntryPoint.sol/EntryPoint.json'&quot;">tests/conftest.py:66: in entrypoint_contract
    with open(entrypoint_path, encoding="utf-8") as file:
E   FileNotFoundError: [Errno 2] No such file or directory: '/home/runner/work/bundler-test-executor/bundler-test-executor/bundler-spec-tests/@account-abstraction/artifacts/contracts/core/EntryPoint.sol/EntryPoint.json'</error></testcase><testcase classname="tests.opbanning.test_op_banning" name="test_factory_banned_opcode[NUMBER]" time="0.000"><error message="failed on setup with &quot;FileNotFoundError: [Errno 2] No such file or directory: '/home/runner/work/bundler-test-executor/bundler-test-executor/bundler-spec-tests/@account-abstraction/artifacts/contracts/core/EntryPoint.sol/EntryPoint.json'&quot;">tests/conftest.py:66: in entrypoint_contract
    with open(entrypoint_path, encoding="utf-8") as file:
E   FileNotFoundError: [Errno 2] No such file or directory: '/home/runner/work/bundler-test-executor/bundler-test-executor/bundler-spec-tests/@account-abstraction/artifacts/contracts/core/EntryPoint.sol/EntryPoint.json'</error></testcase><testcase classname="tests.opbanning.test_op_banning" name="test_factory_banned_opcode[TIMESTAMP]" time="0.000"><error message="failed on setup with &quot;FileNotFoundError: [Errno 2] No such file or directory: '/home/runner/work/bundler-test-executor/bundler-test-executor/bundler-spec-tests/@account-abstraction/artifacts/contracts/core/EntryPoint.sol/EntryPoint.json'&quot;">tests/conftest.py:66: in entrypoint_contract
    with open(entrypoint_path, encoding="utf-8") as file:
E   FileNotFoundError: [Errno 2] No such file or directory: '/home/runner/work/bundler-test-executor/bundler-test-executor/bundler-spec-tests/@account-abstraction/artifacts/contracts/core/EntryPoint.sol/EntryPoint.json'</error></testcase><testcase classname="tests.opbanning.test_op_banning" name="test_factory_banned_opcode[COINBASE]" time="0.000"><error message="failed on setup with &quot;FileNotFoundError: [Errno 2] No such file or directory: '/home/runner/work/bundler-test-executor/bundler-test-executor/bundler-spec-tests/@account-abstraction/artifacts/contracts/core/EntryPoint.sol/EntryPoint.json'&quot;">tests/conftest.py:66: in entrypoint_contract
    with open(entrypoint_path, encoding="utf-8") as file:
E   FileNotFoundError: [Errno 2] No such file or directory: '/home/runner/work/bundler-test-executor/bundler-test-executor/bundler-spec-tests/@account-abstraction/artifacts/contracts/core/EntryPoint.sol/EntryPoint.json'</error></testcase><testcase classname="tests.opbanning.test_op_banning" name="test_factory_banned_opcode[DIFFICULTY]" time="0.000"><error message="failed on setup with &quot;FileNotFoundError: [Errno 2] No such file or directory: '/home/runner/work/bundler-test-executor/bundler-test-executor/bundler-spec-tests/@account-abstraction/artifacts/contracts/core/EntryPoint.sol/EntryPoint.json'&quot;">tests/conftest.py:66: in entrypoint_contract
    with open(entrypoint_path, encoding="utf-8") as file:
E   FileNotFoundError: [Errno 2] No such file or directory: '/home/runner/work/bundler-test-executor/bundler-test-executor/bundler-spec-tests/@account-abstraction/artifacts/contracts/core/EntryPoint.sol/EntryPoint.json'</error></testcase><testcase classname="tests.opbanning.test_op_banning" name="test_factory_banned_opcode[BASEFEE]" time="0.000"><error message="failed on setup with &quot;FileNotFoundError: [Errno 2] No such file or directory: '/home/runner/work/bundler-test-executor/bundler-test-executor/bundler-spec-tests/@account-abstraction/artifacts/contracts/core/EntryPoint.sol/EntryPoint.json'&quot;">tests/conftest.py:66: in entrypoint_contract
    with open(entrypoint_path, encoding="utf-8") as file:
E   FileNotFoundError: [Errno 2] No such file or directory: '/home/runner/work/bundler-test-executor/bundler-test-executor/bundler-spec-tests/@account-abstraction/artifacts/contracts/core/EntryPoint.sol/EntryPoint.json'</error></testcase><testcase classname="tests.opbanning.test_op_banning" name="test_factory_banned_opcode[GASLIMIT]" time="0.000"><error message="failed on setup with &quot;FileNotFoundError: [Errno 2] No such file or directory: '/home/runner/work/bundler-test-executor/bundler-test-executor/bundler-spec-tests/@account-abstraction/artifacts/contracts/core/EntryPoint.sol/EntryPoint.json'&quot;">tests/conftest.py:66: in entrypoint_contract
    with open(entrypoint_path, encoding="utf-8") as file:
E   FileNotFoundError: [Errno 2] No such file or directory: '/home/runner/work/bundler-test-executor/bundler-test-executor/bundler-spec-tests/@account-abstraction/artifacts/contracts/core/EntryPoint.sol/EntryPoint.json'</error></testcase><testcase classname="tests.opbanning.test_op_banning" name="test_factory_banned_opcode[GASPRICE]" time="0.000"><error message="failed on setup with &quot;FileNotFoundError: [Errno 2] No such file or directory: '/home/runner/work/bundler-test-executor/bundler-test-executor/bundler-spec-tests/@account-abstraction/artifacts/contracts/core/EntryPoint.sol/EntryPoint.json'&quot;">tests/conftest.py:66: in entrypoint_contract
    with open(entrypoint_path, encoding="utf-8") as file:
E   FileNotFoundError: [Errno 2] No such file or directory: '/home/runner/work/bundler-test-executor/bundler-test-executor/bundler-spec-tests/@account-abstraction/artifacts/contracts/core/EntryPoint.sol/EntryPoint.json'</error></testcase><testcase classname="tests.opbanning.test_op_banning" name="test_factory_banned_opcode[SELFBALANCE]" time="0.000"><error message="failed on setup with &quot;FileNotFoundError: [Errno 2] No such file or directory: '/home/runner/work/bundler-test-executor/bundler-test-executor/bundler-spec-tests/@account-abstraction/artifacts/contracts/core/EntryPoint.sol/EntryPoint.json'&quot;">tests/conftest.py:66: in entrypoint_contract
    with open(entrypoint_path, encoding="utf-8") as file:
E   FileNotFoundError: [Errno 2] No such file or directory: '/home/runner/work/bundler-test-executor/bundler-test-executor/bundler-spec-tests/@account-abstraction/artifacts/contracts/core/EntryPoint.sol/EntryPoint.json'</error></testcase><testcase classname="tests.opbanning.test_op_banning" name="test_factory_banned_opcode[BALANCE]" time="0.000"><error message="failed on setup with &quot;FileNotFoundError: [Errno 2] No such file or directory: '/home/runner/work/bundler-test-executor/bundler-test-executor/bundler-spec-tests/@account-abstraction/artifacts/contracts/core/EntryPoint.sol/EntryPoint.json'&quot;">tests/conftest.py:66: in entrypoint_contract
    with open(entrypoint_path, encoding="utf-8") as file:
E   FileNotFoundError: [Errno 2] No such file or directory: '/home/runner/work/bundler-test-executor/bundler-test-executor/bundler-spec-tests/@account-abstraction/artifacts/contracts/core/EntryPoint.sol/EntryPoint.json'</error></testcase><testcase classname="tests.opbanning.test_op_banning" name="test_factory_banned_opcode[ORIGIN]" time="0.000"><error message="failed on setup with &quot;FileNotFoundError: [Errno 2] No such file or directory: '/home/runner/work/bundler-test-executor/bundler-test-executor/bundler-spec-tests/@account-abstraction/artifacts/contracts/core/EntryPoint.sol/EntryPoint.json'&quot;">tests/conftest.py:66: in entrypoint_contract
    with open(entrypoint_path, encoding="utf-8") as file:
E   FileNotFoundError: [Errno 2] No such file or directory: '/home/runner/work/bundler-test-executor/bundler-test-executor/bundler-spec-tests/@account-abstraction/artifacts/contracts/core/EntryPoint.sol/EntryPoint.json'</error></testcase><testcase classname="tests.opbanning.test_op_banning" name="test_factory_banned_opcode[BLOCKHASH]" time="0.000"><error message="failed on setup with &quot;FileNotFoundError: [Errno 2] No such file or directory: '/home/runner/work/bundler-test-executor/bundler-test-executor/bundler-spec-tests/@account-abstraction/artifacts/contracts/core/EntryPoint.sol/EntryPoint.json'&quot;">tests/conftest.py:66: in entrypoint_contract
    with open(entrypoint_path, encoding="utf-8") as file:
E   FileNotFoundError: [Errno 2] No such file or directory: '/home/runner/work/bundler-test-executor/bundler-test-executor/bundler-spec-tests/@account-abstraction/artifacts/contracts/core/EntryPoint.sol/EntryPoint.json'</error></testcase><testcase classname="tests.opbanning.test_op_banning" name="test_factory_banned_opcode[CREATE]" time="0.000"><error message="failed on setup with &quot;FileNotFoundError: [Errno 2] No such file or directory: '/home/runner/work/bundler-test-executor/bundler-test-executor/bundler-spec-tests/@account-abstraction/artifacts/contracts/core/EntryPoint.sol/EntryPoint.json'&quot;">tests/conftest.py:66: in entrypoint_contract
    with open(entrypoint_path, encoding="utf-8") as file:
E   FileNotFoundError: [Errno 2] No such file or directory: '/home/runner/work/bundler-test-executor/bundler-test-executor/bundler-spec-tests/@account-abstraction/artifacts/contracts/core/EntryPoint.sol/EntryPoint.json'</error></testcase><testcase classname="tests.opbanning.test_op_banning" name="test_factory_banned_opcode[CREATE2]" time="0.000"><error message="failed on setup with &quot;FileNotFoundError: [Errno 2] No such file or directory: '/home/runner/work/bundler-test-executor/bundler-test-executor/bundler-spec-tests/@account-abstraction/artifacts/contracts/core/EntryPoint.sol/EntryPoint.json'&quot;">tests/conftest.py:66: in entrypoint_contract
    with open(entrypoint_path, encoding="utf-8") as file:
E   FileNotFoundError: [Errno 2] No such file or directory: '/home/runner/work/bundler-test-executor/bundler-test-executor/bundler-spec-tests/@account-abstraction/artifacts/contracts/core/EntryPoint.sol/EntryPoint.json'</error></testcase><testcase classname="tests.opbanning.test_op_banning" name="test_factory_banned_opcode[SELFDESTRUCT]" time="0.000"><error message="failed on setup with &quot;FileNotFoundError: [Errno 2] No such file or directory: '/home/runner/work/bundler-test-executor/bundler-test-executor/bundler-spec-tests/@account-abstraction/artifacts/contracts/core/EntryPoint.sol/EntryPoint.json'&quot;">tests/conftest.py:66: in entrypoint_contract
    with open(entrypoint_path, encoding="utf-8") as file:
E   FileNotFoundError: [Errno 2] No such file or directory: '/home/runner/work/bundler-test-executor/bundler-test-executor/bundler-spec-tests/@account-abstraction/artifacts/contracts/core/EntryPoint.sol/EntryPoint.json'</error></testcase><testcase classname="tests.rpc.test_eth_chainId" name="test_eth_chainId[]" time="0.015" /><testcase classname="tests.rpc.test_eth_estimateUserOperationGas" name="test_eth_estimateUserOperationGas[]" time="0.073" /><testcase classname="tests.rpc.test_eth_estimateUserOperationGas" name="test_eth_estimateUserOperationGas_execution_revert" time="0.072" /><testcase classname="tests.rpc.test_eth_estimateUserOperationGas" name="test_eth_estimateUserOperationGas_simulation_revert" time="0.065" /><testcase classname="tests.rpc.test_eth_getUserOperationByHash" name="test_eth_getUserOperationByHash[]" time="0.302" /><testcase classname="tests.rpc.test_eth_getUserOperationByHash" name="test_eth_getUserOperationByHash_error" time="0.004" /><testcase classname="tests.rpc.test_eth_getUserOperationReceipt" name="test_eth_getUserOperationReceipt[]" time="0.302" /><testcase classname="tests.rpc.test_eth_getUserOperationReceipt" name="test_eth_getUserOperationReceipt_error" time="0.004" /><testcase classname="tests.rpc.test_eth_sendUserOperation" name="test_eth_sendUserOperation[]" time="0.265" /><testcase classname="tests.rpc.test_eth_sendUserOperation" name="test_eth_sendUserOperation_revert" time="0.108" /><testcase classname="tests.rpc.test_eth_sendUserOperation" name="test_eth_sendUserOperation_invalid_signature" time="0.103" /><testcase classname="tests.rpc.test_eth_supportedEntryPoints" name="test_eth_supportedEntryPoints[]" time="0.010" /></testsuite></testsuites>