<?xml version="1.0" encoding="utf-8"?><testsuites><testsuite name="Skandha Bundler" errors="96" failures="14" skipped="1" tests="115" time="11.375" timestamp="2023-06-18T08:35:24.075024" hostname="fv-az440-787"><testcase classname="" name="tests.bundle.test_stake_rules" time="0.000"><skipped message="collection skipped">('/home/runner/work/bundler-test-executor/bundler-test-executor/bundler-spec-tests/tests/bundle/test_stake_rules.py', 12, 'Skipped')</skipped></testcase><testcase classname="tests.bundle.test_bundle" name="test_bundle_replace_op[only_priority_fee_bump]" time="0.092"><failure message="TypeError: string indices must be integers">tests/bundle/test_bundle.py:79: in test_bundle_replace_op
    assert new_op.send().result
tests/types.py:48: in send
    ).send(url)
tests/types.py:62: in send
    return jsonrpcclient.responses.to_result(
.venv/lib/python3.10/site-packages/jsonrpcclient/responses.py:35: in to_result
    response["error"]["code"],
E   TypeError: string indices must be integers</failure><system-out>--------------------------------- Captured Log ---------------------------------

--------------------------------- Captured Out ---------------------------------

</system-out><system-err>--------------------------------- Captured Err ---------------------------------

</system-err></testcase><testcase classname="tests.bundle.test_bundle" name="test_bundle_replace_op[only_max_fee_bump]" time="0.083"><failure message="TypeError: string indices must be integers">tests/bundle/test_bundle.py:79: in test_bundle_replace_op
    assert new_op.send().result
tests/types.py:48: in send
    ).send(url)
tests/types.py:62: in send
    return jsonrpcclient.responses.to_result(
.venv/lib/python3.10/site-packages/jsonrpcclient/responses.py:35: in to_result
    response["error"]["code"],
E   TypeError: string indices must be integers</failure><system-out>--------------------------------- Captured Log ---------------------------------

--------------------------------- Captured Out ---------------------------------

</system-out><system-err>--------------------------------- Captured Err ---------------------------------

</system-err></testcase><testcase classname="tests.bundle.test_bundle" name="test_bundle_replace_op[with_same_fee]" time="0.070"><failure message="TypeError: string indices must be integers">tests/bundle/test_bundle.py:79: in test_bundle_replace_op
    assert new_op.send().result
tests/types.py:48: in send
    ).send(url)
tests/types.py:62: in send
    return jsonrpcclient.responses.to_result(
.venv/lib/python3.10/site-packages/jsonrpcclient/responses.py:35: in to_result
    response["error"]["code"],
E   TypeError: string indices must be integers</failure><system-out>--------------------------------- Captured Log ---------------------------------

--------------------------------- Captured Out ---------------------------------

</system-out><system-err>--------------------------------- Captured Err ---------------------------------

</system-err></testcase><testcase classname="tests.bundle.test_bundle" name="test_bundle_replace_op[with_less_fee]" time="0.072"><failure message="TypeError: string indices must be integers">tests/bundle/test_bundle.py:79: in test_bundle_replace_op
    assert new_op.send().result
tests/types.py:48: in send
    ).send(url)
tests/types.py:62: in send
    return jsonrpcclient.responses.to_result(
.venv/lib/python3.10/site-packages/jsonrpcclient/responses.py:35: in to_result
    response["error"]["code"],
E   TypeError: string indices must be integers</failure><system-out>--------------------------------- Captured Log ---------------------------------

--------------------------------- Captured Out ---------------------------------

</system-out><system-err>--------------------------------- Captured Err ---------------------------------

</system-err></testcase><testcase classname="tests.bundle.test_bundle" name="test_bundle_replace_op[fee_bump_below_threshold]" time="0.070"><failure message="TypeError: string indices must be integers">tests/bundle/test_bundle.py:79: in test_bundle_replace_op
    assert new_op.send().result
tests/types.py:48: in send
    ).send(url)
tests/types.py:62: in send
    return jsonrpcclient.responses.to_result(
.venv/lib/python3.10/site-packages/jsonrpcclient/responses.py:35: in to_result
    response["error"]["code"],
E   TypeError: string indices must be integers</failure><system-out>--------------------------------- Captured Log ---------------------------------

--------------------------------- Captured Out ---------------------------------

</system-out><system-err>--------------------------------- Captured Err ---------------------------------

</system-err></testcase><testcase classname="tests.bundle.test_bundle" name="test_bundle_replace_op[fee_bump_at_threshold]" time="0.071"><failure message="TypeError: string indices must be integers">tests/bundle/test_bundle.py:79: in test_bundle_replace_op
    assert new_op.send().result
tests/types.py:48: in send
    ).send(url)
tests/types.py:62: in send
    return jsonrpcclient.responses.to_result(
.venv/lib/python3.10/site-packages/jsonrpcclient/responses.py:35: in to_result
    response["error"]["code"],
E   TypeError: string indices must be integers</failure><system-out>--------------------------------- Captured Log ---------------------------------

--------------------------------- Captured Out ---------------------------------

</system-out><system-err>--------------------------------- Captured Err ---------------------------------

</system-err></testcase><testcase classname="tests.bundle.test_bundle" name="test_bundle_replace_op[fee_bump_above_threshold]" time="0.073"><failure message="TypeError: string indices must be integers">tests/bundle/test_bundle.py:79: in test_bundle_replace_op
    assert new_op.send().result
tests/types.py:48: in send
    ).send(url)
tests/types.py:62: in send
    return jsonrpcclient.responses.to_result(
.venv/lib/python3.10/site-packages/jsonrpcclient/responses.py:35: in to_result
    response["error"]["code"],
E   TypeError: string indices must be integers</failure><system-out>--------------------------------- Captured Log ---------------------------------

--------------------------------- Captured Out ---------------------------------

</system-out><system-err>--------------------------------- Captured Err ---------------------------------

</system-err></testcase><testcase classname="tests.bundle.test_bundle" name="test_max_allowed_ops_unstaked_sender[]" time="0.120"><failure message="TypeError: string indices must be integers">tests/bundle/test_bundle.py:95: in test_max_allowed_ops_unstaked_sender
    userop.send()
tests/types.py:48: in send
    ).send(url)
tests/types.py:62: in send
    return jsonrpcclient.responses.to_result(
.venv/lib/python3.10/site-packages/jsonrpcclient/responses.py:35: in to_result
    response["error"]["code"],
E   TypeError: string indices must be integers</failure><system-out>--------------------------------- Captured Log ---------------------------------

--------------------------------- Captured Out ---------------------------------

</system-out><system-err>--------------------------------- Captured Err ---------------------------------

</system-err></testcase><testcase classname="tests.bundle.test_bundle" name="test_max_allowed_ops_staked_sender[]" time="0.001"><error message="failed on setup with &quot;FileNotFoundError: [Errno 2] No such file or directory: '/home/runner/work/bundler-test-executor/bundler-test-executor/bundler-spec-tests/@account-abstraction/artifacts/contracts/core/EntryPoint.sol/EntryPoint.json'&quot;">tests/conftest.py:66: in entrypoint_contract
    with open(entrypoint_path, encoding="utf-8") as file:
E   FileNotFoundError: [Errno 2] No such file or directory: '/home/runner/work/bundler-test-executor/bundler-test-executor/bundler-spec-tests/@account-abstraction/artifacts/contracts/core/EntryPoint.sol/EntryPoint.json'</error></testcase><testcase classname="tests.bundle.test_codehash" name="test_codehash_changed[]" time="0.001"><error message="failed on setup with &quot;FileNotFoundError: [Errno 2] No such file or directory: '/home/runner/work/bundler-test-executor/bundler-test-executor/bundler-spec-tests/@account-abstraction/artifacts/contracts/core/EntryPoint.sol/EntryPoint.json'&quot;">tests/conftest.py:66: in entrypoint_contract
    with open(entrypoint_path, encoding="utf-8") as file:
E   FileNotFoundError: [Errno 2] No such file or directory: '/home/runner/work/bundler-test-executor/bundler-test-executor/bundler-spec-tests/@account-abstraction/artifacts/contracts/core/EntryPoint.sol/EntryPoint.json'</error></testcase><testcase classname="tests.bundle.test_storage_rules" name="test_rule[unstaked][paymaster][no_storage][ok]" time="0.001"><error message="failed on setup with &quot;FileNotFoundError: [Errno 2] No such file or directory: '/home/runner/work/bundler-test-executor/bundler-test-executor/bundler-spec-tests/@account-abstraction/artifacts/contracts/core/EntryPoint.sol/EntryPoint.json'&quot;">tests/conftest.py:66: in entrypoint_contract
    with open(entrypoint_path, encoding="utf-8") as file:
E   FileNotFoundError: [Errno 2] No such file or directory: '/home/runner/work/bundler-test-executor/bundler-test-executor/bundler-spec-tests/@account-abstraction/artifacts/contracts/core/EntryPoint.sol/EntryPoint.json'</error></testcase><testcase classname="tests.bundle.test_storage_rules" name="test_rule[unstaked][paymaster][storage][drop]" time="0.000"><error message="failed on setup with &quot;FileNotFoundError: [Errno 2] No such file or directory: '/home/runner/work/bundler-test-executor/bundler-test-executor/bundler-spec-tests/@account-abstraction/artifacts/contracts/core/EntryPoint.sol/EntryPoint.json'&quot;">tests/conftest.py:66: in entrypoint_contract
    with open(entrypoint_path, encoding="utf-8") as file:
E   FileNotFoundError: [Errno 2] No such file or directory: '/home/runner/work/bundler-test-executor/bundler-test-executor/bundler-spec-tests/@account-abstraction/artifacts/contracts/core/EntryPoint.sol/EntryPoint.json'</error></testcase><testcase classname="tests.bundle.test_storage_rules" name="test_rule[unstaked][paymaster][reference_storage][drop]" time="0.000"><error message="failed on setup with &quot;FileNotFoundError: [Errno 2] No such file or directory: '/home/runner/work/bundler-test-executor/bundler-test-executor/bundler-spec-tests/@account-abstraction/artifacts/contracts/core/EntryPoint.sol/EntryPoint.json'&quot;">tests/conftest.py:66: in entrypoint_contract
    with open(entrypoint_path, encoding="utf-8") as file:
E   FileNotFoundError: [Errno 2] No such file or directory: '/home/runner/work/bundler-test-executor/bundler-test-executor/bundler-spec-tests/@account-abstraction/artifacts/contracts/core/EntryPoint.sol/EntryPoint.json'</error></testcase><testcase classname="tests.bundle.test_storage_rules" name="test_rule[unstaked][paymaster][reference_storage_struct][drop]" time="0.000"><error message="failed on setup with &quot;FileNotFoundError: [Errno 2] No such file or directory: '/home/runner/work/bundler-test-executor/bundler-test-executor/bundler-spec-tests/@account-abstraction/artifacts/contracts/core/EntryPoint.sol/EntryPoint.json'&quot;">tests/conftest.py:66: in entrypoint_contract
    with open(entrypoint_path, encoding="utf-8") as file:
E   FileNotFoundError: [Errno 2] No such file or directory: '/home/runner/work/bundler-test-executor/bundler-test-executor/bundler-spec-tests/@account-abstraction/artifacts/contracts/core/EntryPoint.sol/EntryPoint.json'</error></testcase><testcase classname="tests.bundle.test_storage_rules" name="test_rule[unstaked][paymaster][account_storage][ok]" time="0.000"><error message="failed on setup with &quot;FileNotFoundError: [Errno 2] No such file or directory: '/home/runner/work/bundler-test-executor/bundler-test-executor/bundler-spec-tests/@account-abstraction/artifacts/contracts/core/EntryPoint.sol/EntryPoint.json'&quot;">tests/conftest.py:66: in entrypoint_contract
    with open(entrypoint_path, encoding="utf-8") as file:
E   FileNotFoundError: [Errno 2] No such file or directory: '/home/runner/work/bundler-test-executor/bundler-test-executor/bundler-spec-tests/@account-abstraction/artifacts/contracts/core/EntryPoint.sol/EntryPoint.json'</error></testcase><testcase classname="tests.bundle.test_storage_rules" name="test_rule[unstaked][paymaster][account_reference_storage][ok]" time="0.000"><error message="failed on setup with &quot;FileNotFoundError: [Errno 2] No such file or directory: '/home/runner/work/bundler-test-executor/bundler-test-executor/bundler-spec-tests/@account-abstraction/artifacts/contracts/core/EntryPoint.sol/EntryPoint.json'&quot;">tests/conftest.py:66: in entrypoint_contract
    with open(entrypoint_path, encoding="utf-8") as file:
E   FileNotFoundError: [Errno 2] No such file or directory: '/home/runner/work/bundler-test-executor/bundler-test-executor/bundler-spec-tests/@account-abstraction/artifacts/contracts/core/EntryPoint.sol/EntryPoint.json'</error></testcase><testcase classname="tests.bundle.test_storage_rules" name="test_rule[unstaked][paymaster][account_reference_storage_struct][ok]" time="0.000"><error message="failed on setup with &quot;FileNotFoundError: [Errno 2] No such file or directory: '/home/runner/work/bundler-test-executor/bundler-test-executor/bundler-spec-tests/@account-abstraction/artifacts/contracts/core/EntryPoint.sol/EntryPoint.json'&quot;">tests/conftest.py:66: in entrypoint_contract
    with open(entrypoint_path, encoding="utf-8") as file:
E   FileNotFoundError: [Errno 2] No such file or directory: '/home/runner/work/bundler-test-executor/bundler-test-executor/bundler-spec-tests/@account-abstraction/artifacts/contracts/core/EntryPoint.sol/EntryPoint.json'</error></testcase><testcase classname="tests.bundle.test_storage_rules" name="test_rule[unstaked][paymaster][account_reference_storage_init_code][drop]" time="0.000"><error message="failed on setup with &quot;FileNotFoundError: [Errno 2] No such file or directory: '/home/runner/work/bundler-test-executor/bundler-test-executor/bundler-spec-tests/@account-abstraction/artifacts/contracts/core/EntryPoint.sol/EntryPoint.json'&quot;">tests/conftest.py:66: in entrypoint_contract
    with open(entrypoint_path, encoding="utf-8") as file:
E   FileNotFoundError: [Errno 2] No such file or directory: '/home/runner/work/bundler-test-executor/bundler-test-executor/bundler-spec-tests/@account-abstraction/artifacts/contracts/core/EntryPoint.sol/EntryPoint.json'</error></testcase><testcase classname="tests.bundle.test_storage_rules" name="test_rule[unstaked][paymaster][context][drop]" time="0.000"><error message="failed on setup with &quot;FileNotFoundError: [Errno 2] No such file or directory: '/home/runner/work/bundler-test-executor/bundler-test-executor/bundler-spec-tests/@account-abstraction/artifacts/contracts/core/EntryPoint.sol/EntryPoint.json'&quot;">tests/conftest.py:66: in entrypoint_contract
    with open(entrypoint_path, encoding="utf-8") as file:
E   FileNotFoundError: [Errno 2] No such file or directory: '/home/runner/work/bundler-test-executor/bundler-test-executor/bundler-spec-tests/@account-abstraction/artifacts/contracts/core/EntryPoint.sol/EntryPoint.json'</error></testcase><testcase classname="tests.bundle.test_storage_rules" name="test_rule[unstaked][paymaster][external_storage][drop]" time="0.000"><error message="failed on setup with &quot;FileNotFoundError: [Errno 2] No such file or directory: '/home/runner/work/bundler-test-executor/bundler-test-executor/bundler-spec-tests/@account-abstraction/artifacts/contracts/core/EntryPoint.sol/EntryPoint.json'&quot;">tests/conftest.py:66: in entrypoint_contract
    with open(entrypoint_path, encoding="utf-8") as file:
E   FileNotFoundError: [Errno 2] No such file or directory: '/home/runner/work/bundler-test-executor/bundler-test-executor/bundler-spec-tests/@account-abstraction/artifacts/contracts/core/EntryPoint.sol/EntryPoint.json'</error></testcase><testcase classname="tests.bundle.test_storage_rules" name="test_rule[staked][paymaster][no_storage][ok]" time="0.000"><error message="failed on setup with &quot;FileNotFoundError: [Errno 2] No such file or directory: '/home/runner/work/bundler-test-executor/bundler-test-executor/bundler-spec-tests/@account-abstraction/artifacts/contracts/core/EntryPoint.sol/EntryPoint.json'&quot;">tests/conftest.py:66: in entrypoint_contract
    with open(entrypoint_path, encoding="utf-8") as file:
E   FileNotFoundError: [Errno 2] No such file or directory: '/home/runner/work/bundler-test-executor/bundler-test-executor/bundler-spec-tests/@account-abstraction/artifacts/contracts/core/EntryPoint.sol/EntryPoint.json'</error></testcase><testcase classname="tests.bundle.test_storage_rules" name="test_rule[staked][paymaster][storage][ok]" time="0.000"><error message="failed on setup with &quot;FileNotFoundError: [Errno 2] No such file or directory: '/home/runner/work/bundler-test-executor/bundler-test-executor/bundler-spec-tests/@account-abstraction/artifacts/contracts/core/EntryPoint.sol/EntryPoint.json'&quot;">tests/conftest.py:66: in entrypoint_contract
    with open(entrypoint_path, encoding="utf-8") as file:
E   FileNotFoundError: [Errno 2] No such file or directory: '/home/runner/work/bundler-test-executor/bundler-test-executor/bundler-spec-tests/@account-abstraction/artifacts/contracts/core/EntryPoint.sol/EntryPoint.json'</error></testcase><testcase classname="tests.bundle.test_storage_rules" name="test_rule[staked][paymaster][reference_storage][ok]" time="0.000"><error message="failed on setup with &quot;FileNotFoundError: [Errno 2] No such file or directory: '/home/runner/work/bundler-test-executor/bundler-test-executor/bundler-spec-tests/@account-abstraction/artifacts/contracts/core/EntryPoint.sol/EntryPoint.json'&quot;">tests/conftest.py:66: in entrypoint_contract
    with open(entrypoint_path, encoding="utf-8") as file:
E   FileNotFoundError: [Errno 2] No such file or directory: '/home/runner/work/bundler-test-executor/bundler-test-executor/bundler-spec-tests/@account-abstraction/artifacts/contracts/core/EntryPoint.sol/EntryPoint.json'</error></testcase><testcase classname="tests.bundle.test_storage_rules" name="test_rule[staked][paymaster][reference_storage_struct][ok]" time="0.000"><error message="failed on setup with &quot;FileNotFoundError: [Errno 2] No such file or directory: '/home/runner/work/bundler-test-executor/bundler-test-executor/bundler-spec-tests/@account-abstraction/artifacts/contracts/core/EntryPoint.sol/EntryPoint.json'&quot;">tests/conftest.py:66: in entrypoint_contract
    with open(entrypoint_path, encoding="utf-8") as file:
E   FileNotFoundError: [Errno 2] No such file or directory: '/home/runner/work/bundler-test-executor/bundler-test-executor/bundler-spec-tests/@account-abstraction/artifacts/contracts/core/EntryPoint.sol/EntryPoint.json'</error></testcase><testcase classname="tests.bundle.test_storage_rules" name="test_rule[staked][paymaster][account_storage][ok]" time="0.000"><error message="failed on setup with &quot;FileNotFoundError: [Errno 2] No such file or directory: '/home/runner/work/bundler-test-executor/bundler-test-executor/bundler-spec-tests/@account-abstraction/artifacts/contracts/core/EntryPoint.sol/EntryPoint.json'&quot;">tests/conftest.py:66: in entrypoint_contract
    with open(entrypoint_path, encoding="utf-8") as file:
E   FileNotFoundError: [Errno 2] No such file or directory: '/home/runner/work/bundler-test-executor/bundler-test-executor/bundler-spec-tests/@account-abstraction/artifacts/contracts/core/EntryPoint.sol/EntryPoint.json'</error></testcase><testcase classname="tests.bundle.test_storage_rules" name="test_rule[staked][paymaster][account_reference_storage][ok]" time="0.000"><error message="failed on setup with &quot;FileNotFoundError: [Errno 2] No such file or directory: '/home/runner/work/bundler-test-executor/bundler-test-executor/bundler-spec-tests/@account-abstraction/artifacts/contracts/core/EntryPoint.sol/EntryPoint.json'&quot;">tests/conftest.py:66: in entrypoint_contract
    with open(entrypoint_path, encoding="utf-8") as file:
E   FileNotFoundError: [Errno 2] No such file or directory: '/home/runner/work/bundler-test-executor/bundler-test-executor/bundler-spec-tests/@account-abstraction/artifacts/contracts/core/EntryPoint.sol/EntryPoint.json'</error></testcase><testcase classname="tests.bundle.test_storage_rules" name="test_rule[staked][paymaster][account_reference_storage_struct][ok]" time="0.000"><error message="failed on setup with &quot;FileNotFoundError: [Errno 2] No such file or directory: '/home/runner/work/bundler-test-executor/bundler-test-executor/bundler-spec-tests/@account-abstraction/artifacts/contracts/core/EntryPoint.sol/EntryPoint.json'&quot;">tests/conftest.py:66: in entrypoint_contract
    with open(entrypoint_path, encoding="utf-8") as file:
E   FileNotFoundError: [Errno 2] No such file or directory: '/home/runner/work/bundler-test-executor/bundler-test-executor/bundler-spec-tests/@account-abstraction/artifacts/contracts/core/EntryPoint.sol/EntryPoint.json'</error></testcase><testcase classname="tests.bundle.test_storage_rules" name="test_rule[staked][paymaster][account_reference_storage_init_code][ok]" time="0.000"><error message="failed on setup with &quot;FileNotFoundError: [Errno 2] No such file or directory: '/home/runner/work/bundler-test-executor/bundler-test-executor/bundler-spec-tests/@account-abstraction/artifacts/contracts/core/EntryPoint.sol/EntryPoint.json'&quot;">tests/conftest.py:66: in entrypoint_contract
    with open(entrypoint_path, encoding="utf-8") as file:
E   FileNotFoundError: [Errno 2] No such file or directory: '/home/runner/work/bundler-test-executor/bundler-test-executor/bundler-spec-tests/@account-abstraction/artifacts/contracts/core/EntryPoint.sol/EntryPoint.json'</error></testcase><testcase classname="tests.bundle.test_storage_rules" name="test_rule[staked][paymaster][context][ok]" time="0.000"><error message="failed on setup with &quot;FileNotFoundError: [Errno 2] No such file or directory: '/home/runner/work/bundler-test-executor/bundler-test-executor/bundler-spec-tests/@account-abstraction/artifacts/contracts/core/EntryPoint.sol/EntryPoint.json'&quot;">tests/conftest.py:66: in entrypoint_contract
    with open(entrypoint_path, encoding="utf-8") as file:
E   FileNotFoundError: [Errno 2] No such file or directory: '/home/runner/work/bundler-test-executor/bundler-test-executor/bundler-spec-tests/@account-abstraction/artifacts/contracts/core/EntryPoint.sol/EntryPoint.json'</error></testcase><testcase classname="tests.bundle.test_storage_rules" name="test_rule[staked][paymaster][external_storage][drop]" time="0.000"><error message="failed on setup with &quot;FileNotFoundError: [Errno 2] No such file or directory: '/home/runner/work/bundler-test-executor/bundler-test-executor/bundler-spec-tests/@account-abstraction/artifacts/contracts/core/EntryPoint.sol/EntryPoint.json'&quot;">tests/conftest.py:66: in entrypoint_contract
    with open(entrypoint_path, encoding="utf-8") as file:
E   FileNotFoundError: [Errno 2] No such file or directory: '/home/runner/work/bundler-test-executor/bundler-test-executor/bundler-spec-tests/@account-abstraction/artifacts/contracts/core/EntryPoint.sol/EntryPoint.json'</error></testcase><testcase classname="tests.bundle.test_storage_rules" name="test_rule[unstaked][factory][no_storage][ok]" time="0.000"><error message="failed on setup with &quot;FileNotFoundError: [Errno 2] No such file or directory: '/home/runner/work/bundler-test-executor/bundler-test-executor/bundler-spec-tests/@account-abstraction/artifacts/contracts/core/EntryPoint.sol/EntryPoint.json'&quot;">tests/conftest.py:66: in entrypoint_contract
    with open(entrypoint_path, encoding="utf-8") as file:
E   FileNotFoundError: [Errno 2] No such file or directory: '/home/runner/work/bundler-test-executor/bundler-test-executor/bundler-spec-tests/@account-abstraction/artifacts/contracts/core/EntryPoint.sol/EntryPoint.json'</error></testcase><testcase classname="tests.bundle.test_storage_rules" name="test_rule[unstaked][factory][storage][drop]" time="0.000"><error message="failed on setup with &quot;FileNotFoundError: [Errno 2] No such file or directory: '/home/runner/work/bundler-test-executor/bundler-test-executor/bundler-spec-tests/@account-abstraction/artifacts/contracts/core/EntryPoint.sol/EntryPoint.json'&quot;">tests/conftest.py:66: in entrypoint_contract
    with open(entrypoint_path, encoding="utf-8") as file:
E   FileNotFoundError: [Errno 2] No such file or directory: '/home/runner/work/bundler-test-executor/bundler-test-executor/bundler-spec-tests/@account-abstraction/artifacts/contracts/core/EntryPoint.sol/EntryPoint.json'</error></testcase><testcase classname="tests.bundle.test_storage_rules" name="test_rule[unstaked][factory][reference_storage][drop]" time="0.000"><error message="failed on setup with &quot;FileNotFoundError: [Errno 2] No such file or directory: '/home/runner/work/bundler-test-executor/bundler-test-executor/bundler-spec-tests/@account-abstraction/artifacts/contracts/core/EntryPoint.sol/EntryPoint.json'&quot;">tests/conftest.py:66: in entrypoint_contract
    with open(entrypoint_path, encoding="utf-8") as file:
E   FileNotFoundError: [Errno 2] No such file or directory: '/home/runner/work/bundler-test-executor/bundler-test-executor/bundler-spec-tests/@account-abstraction/artifacts/contracts/core/EntryPoint.sol/EntryPoint.json'</error></testcase><testcase classname="tests.bundle.test_storage_rules" name="test_rule[unstaked][factory][reference_storage_struct][drop]" time="0.000"><error message="failed on setup with &quot;FileNotFoundError: [Errno 2] No such file or directory: '/home/runner/work/bundler-test-executor/bundler-test-executor/bundler-spec-tests/@account-abstraction/artifacts/contracts/core/EntryPoint.sol/EntryPoint.json'&quot;">tests/conftest.py:66: in entrypoint_contract
    with open(entrypoint_path, encoding="utf-8") as file:
E   FileNotFoundError: [Errno 2] No such file or directory: '/home/runner/work/bundler-test-executor/bundler-test-executor/bundler-spec-tests/@account-abstraction/artifacts/contracts/core/EntryPoint.sol/EntryPoint.json'</error></testcase><testcase classname="tests.bundle.test_storage_rules" name="test_rule[unstaked][factory][account_storage][ok]" time="0.000"><error message="failed on setup with &quot;FileNotFoundError: [Errno 2] No such file or directory: '/home/runner/work/bundler-test-executor/bundler-test-executor/bundler-spec-tests/@account-abstraction/artifacts/contracts/core/EntryPoint.sol/EntryPoint.json'&quot;">tests/conftest.py:66: in entrypoint_contract
    with open(entrypoint_path, encoding="utf-8") as file:
E   FileNotFoundError: [Errno 2] No such file or directory: '/home/runner/work/bundler-test-executor/bundler-test-executor/bundler-spec-tests/@account-abstraction/artifacts/contracts/core/EntryPoint.sol/EntryPoint.json'</error></testcase><testcase classname="tests.bundle.test_storage_rules" name="test_rule[unstaked][factory][account_reference_storage][drop]" time="0.000"><error message="failed on setup with &quot;FileNotFoundError: [Errno 2] No such file or directory: '/home/runner/work/bundler-test-executor/bundler-test-executor/bundler-spec-tests/@account-abstraction/artifacts/contracts/core/EntryPoint.sol/EntryPoint.json'&quot;">tests/conftest.py:66: in entrypoint_contract
    with open(entrypoint_path, encoding="utf-8") as file:
E   FileNotFoundError: [Errno 2] No such file or directory: '/home/runner/work/bundler-test-executor/bundler-test-executor/bundler-spec-tests/@account-abstraction/artifacts/contracts/core/EntryPoint.sol/EntryPoint.json'</error></testcase><testcase classname="tests.bundle.test_storage_rules" name="test_rule[unstaked][factory][account_reference_storage_struct][drop]" time="0.000"><error message="failed on setup with &quot;FileNotFoundError: [Errno 2] No such file or directory: '/home/runner/work/bundler-test-executor/bundler-test-executor/bundler-spec-tests/@account-abstraction/artifacts/contracts/core/EntryPoint.sol/EntryPoint.json'&quot;">tests/conftest.py:66: in entrypoint_contract
    with open(entrypoint_path, encoding="utf-8") as file:
E   FileNotFoundError: [Errno 2] No such file or directory: '/home/runner/work/bundler-test-executor/bundler-test-executor/bundler-spec-tests/@account-abstraction/artifacts/contracts/core/EntryPoint.sol/EntryPoint.json'</error></testcase><testcase classname="tests.bundle.test_storage_rules" name="test_rule[unstaked][factory][external_storage][drop]" time="0.000"><error message="failed on setup with &quot;FileNotFoundError: [Errno 2] No such file or directory: '/home/runner/work/bundler-test-executor/bundler-test-executor/bundler-spec-tests/@account-abstraction/artifacts/contracts/core/EntryPoint.sol/EntryPoint.json'&quot;">tests/conftest.py:66: in entrypoint_contract
    with open(entrypoint_path, encoding="utf-8") as file:
E   FileNotFoundError: [Errno 2] No such file or directory: '/home/runner/work/bundler-test-executor/bundler-test-executor/bundler-spec-tests/@account-abstraction/artifacts/contracts/core/EntryPoint.sol/EntryPoint.json'</error></testcase><testcase classname="tests.bundle.test_storage_rules" name="test_rule[staked][factory][no_storage][ok]" time="0.000"><error message="failed on setup with &quot;FileNotFoundError: [Errno 2] No such file or directory: '/home/runner/work/bundler-test-executor/bundler-test-executor/bundler-spec-tests/@account-abstraction/artifacts/contracts/core/EntryPoint.sol/EntryPoint.json'&quot;">tests/conftest.py:66: in entrypoint_contract
    with open(entrypoint_path, encoding="utf-8") as file:
E   FileNotFoundError: [Errno 2] No such file or directory: '/home/runner/work/bundler-test-executor/bundler-test-executor/bundler-spec-tests/@account-abstraction/artifacts/contracts/core/EntryPoint.sol/EntryPoint.json'</error></testcase><testcase classname="tests.bundle.test_storage_rules" name="test_rule[staked][factory][storage][ok]" time="0.000"><error message="failed on setup with &quot;FileNotFoundError: [Errno 2] No such file or directory: '/home/runner/work/bundler-test-executor/bundler-test-executor/bundler-spec-tests/@account-abstraction/artifacts/contracts/core/EntryPoint.sol/EntryPoint.json'&quot;">tests/conftest.py:66: in entrypoint_contract
    with open(entrypoint_path, encoding="utf-8") as file:
E   FileNotFoundError: [Errno 2] No such file or directory: '/home/runner/work/bundler-test-executor/bundler-test-executor/bundler-spec-tests/@account-abstraction/artifacts/contracts/core/EntryPoint.sol/EntryPoint.json'</error></testcase><testcase classname="tests.bundle.test_storage_rules" name="test_rule[staked][factory][reference_storage][ok]" time="0.000"><error message="failed on setup with &quot;FileNotFoundError: [Errno 2] No such file or directory: '/home/runner/work/bundler-test-executor/bundler-test-executor/bundler-spec-tests/@account-abstraction/artifacts/contracts/core/EntryPoint.sol/EntryPoint.json'&quot;">tests/conftest.py:66: in entrypoint_contract
    with open(entrypoint_path, encoding="utf-8") as file:
E   FileNotFoundError: [Errno 2] No such file or directory: '/home/runner/work/bundler-test-executor/bundler-test-executor/bundler-spec-tests/@account-abstraction/artifacts/contracts/core/EntryPoint.sol/EntryPoint.json'</error></testcase><testcase classname="tests.bundle.test_storage_rules" name="test_rule[staked][factory][reference_storage_struct][ok]" time="0.000"><error message="failed on setup with &quot;FileNotFoundError: [Errno 2] No such file or directory: '/home/runner/work/bundler-test-executor/bundler-test-executor/bundler-spec-tests/@account-abstraction/artifacts/contracts/core/EntryPoint.sol/EntryPoint.json'&quot;">tests/conftest.py:66: in entrypoint_contract
    with open(entrypoint_path, encoding="utf-8") as file:
E   FileNotFoundError: [Errno 2] No such file or directory: '/home/runner/work/bundler-test-executor/bundler-test-executor/bundler-spec-tests/@account-abstraction/artifacts/contracts/core/EntryPoint.sol/EntryPoint.json'</error></testcase><testcase classname="tests.bundle.test_storage_rules" name="test_rule[staked][factory][account_storage][ok]" time="0.000"><error message="failed on setup with &quot;FileNotFoundError: [Errno 2] No such file or directory: '/home/runner/work/bundler-test-executor/bundler-test-executor/bundler-spec-tests/@account-abstraction/artifacts/contracts/core/EntryPoint.sol/EntryPoint.json'&quot;">tests/conftest.py:66: in entrypoint_contract
    with open(entrypoint_path, encoding="utf-8") as file:
E   FileNotFoundError: [Errno 2] No such file or directory: '/home/runner/work/bundler-test-executor/bundler-test-executor/bundler-spec-tests/@account-abstraction/artifacts/contracts/core/EntryPoint.sol/EntryPoint.json'</error></testcase><testcase classname="tests.bundle.test_storage_rules" name="test_rule[staked][factory][account_reference_storage][ok]" time="0.000"><error message="failed on setup with &quot;FileNotFoundError: [Errno 2] No such file or directory: '/home/runner/work/bundler-test-executor/bundler-test-executor/bundler-spec-tests/@account-abstraction/artifacts/contracts/core/EntryPoint.sol/EntryPoint.json'&quot;">tests/conftest.py:66: in entrypoint_contract
    with open(entrypoint_path, encoding="utf-8") as file:
E   FileNotFoundError: [Errno 2] No such file or directory: '/home/runner/work/bundler-test-executor/bundler-test-executor/bundler-spec-tests/@account-abstraction/artifacts/contracts/core/EntryPoint.sol/EntryPoint.json'</error></testcase><testcase classname="tests.bundle.test_storage_rules" name="test_rule[staked][factory][account_reference_storage_struct][ok]" time="0.000"><error message="failed on setup with &quot;FileNotFoundError: [Errno 2] No such file or directory: '/home/runner/work/bundler-test-executor/bundler-test-executor/bundler-spec-tests/@account-abstraction/artifacts/contracts/core/EntryPoint.sol/EntryPoint.json'&quot;">tests/conftest.py:66: in entrypoint_contract
    with open(entrypoint_path, encoding="utf-8") as file:
E   FileNotFoundError: [Errno 2] No such file or directory: '/home/runner/work/bundler-test-executor/bundler-test-executor/bundler-spec-tests/@account-abstraction/artifacts/contracts/core/EntryPoint.sol/EntryPoint.json'</error></testcase><testcase classname="tests.bundle.test_storage_rules" name="test_rule[staked][factory][external_storage][drop]" time="0.000"><error message="failed on setup with &quot;FileNotFoundError: [Errno 2] No such file or directory: '/home/runner/work/bundler-test-executor/bundler-test-executor/bundler-spec-tests/@account-abstraction/artifacts/contracts/core/EntryPoint.sol/EntryPoint.json'&quot;">tests/conftest.py:66: in entrypoint_contract
    with open(entrypoint_path, encoding="utf-8") as file:
E   FileNotFoundError: [Errno 2] No such file or directory: '/home/runner/work/bundler-test-executor/bundler-test-executor/bundler-spec-tests/@account-abstraction/artifacts/contracts/core/EntryPoint.sol/EntryPoint.json'</error></testcase><testcase classname="tests.bundle.test_storage_rules" name="test_rule[unstaked][account][no_storage][ok]" time="0.000"><error message="failed on setup with &quot;FileNotFoundError: [Errno 2] No such file or directory: '/home/runner/work/bundler-test-executor/bundler-test-executor/bundler-spec-tests/@account-abstraction/artifacts/contracts/core/EntryPoint.sol/EntryPoint.json'&quot;">tests/conftest.py:66: in entrypoint_contract
    with open(entrypoint_path, encoding="utf-8") as file:
E   FileNotFoundError: [Errno 2] No such file or directory: '/home/runner/work/bundler-test-executor/bundler-test-executor/bundler-spec-tests/@account-abstraction/artifacts/contracts/core/EntryPoint.sol/EntryPoint.json'</error></testcase><testcase classname="tests.bundle.test_storage_rules" name="test_rule[unstaked][account][account_storage][ok]" time="0.001"><error message="failed on setup with &quot;FileNotFoundError: [Errno 2] No such file or directory: '/home/runner/work/bundler-test-executor/bundler-test-executor/bundler-spec-tests/@account-abstraction/artifacts/contracts/core/EntryPoint.sol/EntryPoint.json'&quot;">tests/conftest.py:66: in entrypoint_contract
    with open(entrypoint_path, encoding="utf-8") as file:
E   FileNotFoundError: [Errno 2] No such file or directory: '/home/runner/work/bundler-test-executor/bundler-test-executor/bundler-spec-tests/@account-abstraction/artifacts/contracts/core/EntryPoint.sol/EntryPoint.json'</error></testcase><testcase classname="tests.bundle.test_storage_rules" name="test_rule[unstaked][account][account_reference_storage][ok]" time="0.000"><error message="failed on setup with &quot;FileNotFoundError: [Errno 2] No such file or directory: '/home/runner/work/bundler-test-executor/bundler-test-executor/bundler-spec-tests/@account-abstraction/artifacts/contracts/core/EntryPoint.sol/EntryPoint.json'&quot;">tests/conftest.py:66: in entrypoint_contract
    with open(entrypoint_path, encoding="utf-8") as file:
E   FileNotFoundError: [Errno 2] No such file or directory: '/home/runner/work/bundler-test-executor/bundler-test-executor/bundler-spec-tests/@account-abstraction/artifacts/contracts/core/EntryPoint.sol/EntryPoint.json'</error></testcase><testcase classname="tests.bundle.test_storage_rules" name="test_rule[unstaked][account][account_reference_storage_init_code][drop]" time="0.000"><error message="failed on setup with &quot;FileNotFoundError: [Errno 2] No such file or directory: '/home/runner/work/bundler-test-executor/bundler-test-executor/bundler-spec-tests/@account-abstraction/artifacts/contracts/core/EntryPoint.sol/EntryPoint.json'&quot;">tests/conftest.py:66: in entrypoint_contract
    with open(entrypoint_path, encoding="utf-8") as file:
E   FileNotFoundError: [Errno 2] No such file or directory: '/home/runner/work/bundler-test-executor/bundler-test-executor/bundler-spec-tests/@account-abstraction/artifacts/contracts/core/EntryPoint.sol/EntryPoint.json'</error></testcase><testcase classname="tests.bundle.test_storage_rules" name="test_rule[unstaked][account][account_reference_storage_struct][ok]" time="0.000"><error message="failed on setup with &quot;FileNotFoundError: [Errno 2] No such file or directory: '/home/runner/work/bundler-test-executor/bundler-test-executor/bundler-spec-tests/@account-abstraction/artifacts/contracts/core/EntryPoint.sol/EntryPoint.json'&quot;">tests/conftest.py:66: in entrypoint_contract
    with open(entrypoint_path, encoding="utf-8") as file:
E   FileNotFoundError: [Errno 2] No such file or directory: '/home/runner/work/bundler-test-executor/bundler-test-executor/bundler-spec-tests/@account-abstraction/artifacts/contracts/core/EntryPoint.sol/EntryPoint.json'</error></testcase><testcase classname="tests.bundle.test_storage_rules" name="test_rule[unstaked][account][external_storage][drop]" time="0.000"><error message="failed on setup with &quot;FileNotFoundError: [Errno 2] No such file or directory: '/home/runner/work/bundler-test-executor/bundler-test-executor/bundler-spec-tests/@account-abstraction/artifacts/contracts/core/EntryPoint.sol/EntryPoint.json'&quot;">tests/conftest.py:66: in entrypoint_contract
    with open(entrypoint_path, encoding="utf-8") as file:
E   FileNotFoundError: [Errno 2] No such file or directory: '/home/runner/work/bundler-test-executor/bundler-test-executor/bundler-spec-tests/@account-abstraction/artifacts/contracts/core/EntryPoint.sol/EntryPoint.json'</error></testcase><testcase classname="tests.bundle.test_storage_rules" name="test_rule[staked][account][no_storage][ok]" time="0.000"><error message="failed on setup with &quot;FileNotFoundError: [Errno 2] No such file or directory: '/home/runner/work/bundler-test-executor/bundler-test-executor/bundler-spec-tests/@account-abstraction/artifacts/contracts/core/EntryPoint.sol/EntryPoint.json'&quot;">tests/conftest.py:66: in entrypoint_contract
    with open(entrypoint_path, encoding="utf-8") as file:
E   FileNotFoundError: [Errno 2] No such file or directory: '/home/runner/work/bundler-test-executor/bundler-test-executor/bundler-spec-tests/@account-abstraction/artifacts/contracts/core/EntryPoint.sol/EntryPoint.json'</error></testcase><testcase classname="tests.bundle.test_storage_rules" name="test_rule[staked][account][account_storage][ok]" time="0.000"><error message="failed on setup with &quot;FileNotFoundError: [Errno 2] No such file or directory: '/home/runner/work/bundler-test-executor/bundler-test-executor/bundler-spec-tests/@account-abstraction/artifacts/contracts/core/EntryPoint.sol/EntryPoint.json'&quot;">tests/conftest.py:66: in entrypoint_contract
    with open(entrypoint_path, encoding="utf-8") as file:
E   FileNotFoundError: [Errno 2] No such file or directory: '/home/runner/work/bundler-test-executor/bundler-test-executor/bundler-spec-tests/@account-abstraction/artifacts/contracts/core/EntryPoint.sol/EntryPoint.json'</error></testcase><testcase classname="tests.bundle.test_storage_rules" name="test_rule[staked][account][account_reference_storage][ok]" time="0.000"><error message="failed on setup with &quot;FileNotFoundError: [Errno 2] No such file or directory: '/home/runner/work/bundler-test-executor/bundler-test-executor/bundler-spec-tests/@account-abstraction/artifacts/contracts/core/EntryPoint.sol/EntryPoint.json'&quot;">tests/conftest.py:66: in entrypoint_contract
    with open(entrypoint_path, encoding="utf-8") as file:
E   FileNotFoundError: [Errno 2] No such file or directory: '/home/runner/work/bundler-test-executor/bundler-test-executor/bundler-spec-tests/@account-abstraction/artifacts/contracts/core/EntryPoint.sol/EntryPoint.json'</error></testcase><testcase classname="tests.bundle.test_storage_rules" name="test_rule[staked][account][account_reference_storage_struct][ok]" time="0.000"><error message="failed on setup with &quot;FileNotFoundError: [Errno 2] No such file or directory: '/home/runner/work/bundler-test-executor/bundler-test-executor/bundler-spec-tests/@account-abstraction/artifacts/contracts/core/EntryPoint.sol/EntryPoint.json'&quot;">tests/conftest.py:66: in entrypoint_contract
    with open(entrypoint_path, encoding="utf-8") as file:
E   FileNotFoundError: [Errno 2] No such file or directory: '/home/runner/work/bundler-test-executor/bundler-test-executor/bundler-spec-tests/@account-abstraction/artifacts/contracts/core/EntryPoint.sol/EntryPoint.json'</error></testcase><testcase classname="tests.bundle.test_storage_rules" name="test_rule[staked][account][external_storage][drop]" time="0.000"><error message="failed on setup with &quot;FileNotFoundError: [Errno 2] No such file or directory: '/home/runner/work/bundler-test-executor/bundler-test-executor/bundler-spec-tests/@account-abstraction/artifacts/contracts/core/EntryPoint.sol/EntryPoint.json'&quot;">tests/conftest.py:66: in entrypoint_contract
    with open(entrypoint_path, encoding="utf-8") as file:
E   FileNotFoundError: [Errno 2] No such file or directory: '/home/runner/work/bundler-test-executor/bundler-test-executor/bundler-spec-tests/@account-abstraction/artifacts/contracts/core/EntryPoint.sol/EntryPoint.json'</error></testcase><testcase classname="tests.opbanning.test_op_banning" name="test_account_banned_opcode[GAS]" time="0.001"><error message="failed on setup with &quot;FileNotFoundError: [Errno 2] No such file or directory: '/home/runner/work/bundler-test-executor/bundler-test-executor/bundler-spec-tests/@account-abstraction/artifacts/contracts/core/EntryPoint.sol/EntryPoint.json'&quot;">tests/conftest.py:66: in entrypoint_contract
    with open(entrypoint_path, encoding="utf-8") as file:
E   FileNotFoundError: [Errno 2] No such file or directory: '/home/runner/work/bundler-test-executor/bundler-test-executor/bundler-spec-tests/@account-abstraction/artifacts/contracts/core/EntryPoint.sol/EntryPoint.json'</error></testcase><testcase classname="tests.opbanning.test_op_banning" name="test_account_banned_opcode[NUMBER]" time="0.000"><error message="failed on setup with &quot;FileNotFoundError: [Errno 2] No such file or directory: '/home/runner/work/bundler-test-executor/bundler-test-executor/bundler-spec-tests/@account-abstraction/artifacts/contracts/core/EntryPoint.sol/EntryPoint.json'&quot;">tests/conftest.py:66: in entrypoint_contract
    with open(entrypoint_path, encoding="utf-8") as file:
E   FileNotFoundError: [Errno 2] No such file or directory: '/home/runner/work/bundler-test-executor/bundler-test-executor/bundler-spec-tests/@account-abstraction/artifacts/contracts/core/EntryPoint.sol/EntryPoint.json'</error></testcase><testcase classname="tests.opbanning.test_op_banning" name="test_account_banned_opcode[TIMESTAMP]" time="0.000"><error message="failed on setup with &quot;FileNotFoundError: [Errno 2] No such file or directory: '/home/runner/work/bundler-test-executor/bundler-test-executor/bundler-spec-tests/@account-abstraction/artifacts/contracts/core/EntryPoint.sol/EntryPoint.json'&quot;">tests/conftest.py:66: in entrypoint_contract
    with open(entrypoint_path, encoding="utf-8") as file:
E   FileNotFoundError: [Errno 2] No such file or directory: '/home/runner/work/bundler-test-executor/bundler-test-executor/bundler-spec-tests/@account-abstraction/artifacts/contracts/core/EntryPoint.sol/EntryPoint.json'</error></testcase><testcase classname="tests.opbanning.test_op_banning" name="test_account_banned_opcode[COINBASE]" time="0.000"><error message="failed on setup with &quot;FileNotFoundError: [Errno 2] No such file or directory: '/home/runner/work/bundler-test-executor/bundler-test-executor/bundler-spec-tests/@account-abstraction/artifacts/contracts/core/EntryPoint.sol/EntryPoint.json'&quot;">tests/conftest.py:66: in entrypoint_contract
    with open(entrypoint_path, encoding="utf-8") as file:
E   FileNotFoundError: [Errno 2] No such file or directory: '/home/runner/work/bundler-test-executor/bundler-test-executor/bundler-spec-tests/@account-abstraction/artifacts/contracts/core/EntryPoint.sol/EntryPoint.json'</error></testcase><testcase classname="tests.opbanning.test_op_banning" name="test_account_banned_opcode[DIFFICULTY]" time="0.000"><error message="failed on setup with &quot;FileNotFoundError: [Errno 2] No such file or directory: '/home/runner/work/bundler-test-executor/bundler-test-executor/bundler-spec-tests/@account-abstraction/artifacts/contracts/core/EntryPoint.sol/EntryPoint.json'&quot;">tests/conftest.py:66: in entrypoint_contract
    with open(entrypoint_path, encoding="utf-8") as file:
E   FileNotFoundError: [Errno 2] No such file or directory: '/home/runner/work/bundler-test-executor/bundler-test-executor/bundler-spec-tests/@account-abstraction/artifacts/contracts/core/EntryPoint.sol/EntryPoint.json'</error></testcase><testcase classname="tests.opbanning.test_op_banning" name="test_account_banned_opcode[BASEFEE]" time="0.000"><error message="failed on setup with &quot;FileNotFoundError: [Errno 2] No such file or directory: '/home/runner/work/bundler-test-executor/bundler-test-executor/bundler-spec-tests/@account-abstraction/artifacts/contracts/core/EntryPoint.sol/EntryPoint.json'&quot;">tests/conftest.py:66: in entrypoint_contract
    with open(entrypoint_path, encoding="utf-8") as file:
E   FileNotFoundError: [Errno 2] No such file or directory: '/home/runner/work/bundler-test-executor/bundler-test-executor/bundler-spec-tests/@account-abstraction/artifacts/contracts/core/EntryPoint.sol/EntryPoint.json'</error></testcase><testcase classname="tests.opbanning.test_op_banning" name="test_account_banned_opcode[GASLIMIT]" time="0.000"><error message="failed on setup with &quot;FileNotFoundError: [Errno 2] No such file or directory: '/home/runner/work/bundler-test-executor/bundler-test-executor/bundler-spec-tests/@account-abstraction/artifacts/contracts/core/EntryPoint.sol/EntryPoint.json'&quot;">tests/conftest.py:66: in entrypoint_contract
    with open(entrypoint_path, encoding="utf-8") as file:
E   FileNotFoundError: [Errno 2] No such file or directory: '/home/runner/work/bundler-test-executor/bundler-test-executor/bundler-spec-tests/@account-abstraction/artifacts/contracts/core/EntryPoint.sol/EntryPoint.json'</error></testcase><testcase classname="tests.opbanning.test_op_banning" name="test_account_banned_opcode[GASPRICE]" time="0.000"><error message="failed on setup with &quot;FileNotFoundError: [Errno 2] No such file or directory: '/home/runner/work/bundler-test-executor/bundler-test-executor/bundler-spec-tests/@account-abstraction/artifacts/contracts/core/EntryPoint.sol/EntryPoint.json'&quot;">tests/conftest.py:66: in entrypoint_contract
    with open(entrypoint_path, encoding="utf-8") as file:
E   FileNotFoundError: [Errno 2] No such file or directory: '/home/runner/work/bundler-test-executor/bundler-test-executor/bundler-spec-tests/@account-abstraction/artifacts/contracts/core/EntryPoint.sol/EntryPoint.json'</error></testcase><testcase classname="tests.opbanning.test_op_banning" name="test_account_banned_opcode[SELFBALANCE]" time="0.000"><error message="failed on setup with &quot;FileNotFoundError: [Errno 2] No such file or directory: '/home/runner/work/bundler-test-executor/bundler-test-executor/bundler-spec-tests/@account-abstraction/artifacts/contracts/core/EntryPoint.sol/EntryPoint.json'&quot;">tests/conftest.py:66: in entrypoint_contract
    with open(entrypoint_path, encoding="utf-8") as file:
E   FileNotFoundError: [Errno 2] No such file or directory: '/home/runner/work/bundler-test-executor/bundler-test-executor/bundler-spec-tests/@account-abstraction/artifacts/contracts/core/EntryPoint.sol/EntryPoint.json'</error></testcase><testcase classname="tests.opbanning.test_op_banning" name="test_account_banned_opcode[BALANCE]" time="0.000"><error message="failed on setup with &quot;FileNotFoundError: [Errno 2] No such file or directory: '/home/runner/work/bundler-test-executor/bundler-test-executor/bundler-spec-tests/@account-abstraction/artifacts/contracts/core/EntryPoint.sol/EntryPoint.json'&quot;">tests/conftest.py:66: in entrypoint_contract
    with open(entrypoint_path, encoding="utf-8") as file:
E   FileNotFoundError: [Errno 2] No such file or directory: '/home/runner/work/bundler-test-executor/bundler-test-executor/bundler-spec-tests/@account-abstraction/artifacts/contracts/core/EntryPoint.sol/EntryPoint.json'</error></testcase><testcase classname="tests.opbanning.test_op_banning" name="test_account_banned_opcode[ORIGIN]" time="0.000"><error message="failed on setup with &quot;FileNotFoundError: [Errno 2] No such file or directory: '/home/runner/work/bundler-test-executor/bundler-test-executor/bundler-spec-tests/@account-abstraction/artifacts/contracts/core/EntryPoint.sol/EntryPoint.json'&quot;">tests/conftest.py:66: in entrypoint_contract
    with open(entrypoint_path, encoding="utf-8") as file:
E   FileNotFoundError: [Errno 2] No such file or directory: '/home/runner/work/bundler-test-executor/bundler-test-executor/bundler-spec-tests/@account-abstraction/artifacts/contracts/core/EntryPoint.sol/EntryPoint.json'</error></testcase><testcase classname="tests.opbanning.test_op_banning" name="test_account_banned_opcode[BLOCKHASH]" time="0.000"><error message="failed on setup with &quot;FileNotFoundError: [Errno 2] No such file or directory: '/home/runner/work/bundler-test-executor/bundler-test-executor/bundler-spec-tests/@account-abstraction/artifacts/contracts/core/EntryPoint.sol/EntryPoint.json'&quot;">tests/conftest.py:66: in entrypoint_contract
    with open(entrypoint_path, encoding="utf-8") as file:
E   FileNotFoundError: [Errno 2] No such file or directory: '/home/runner/work/bundler-test-executor/bundler-test-executor/bundler-spec-tests/@account-abstraction/artifacts/contracts/core/EntryPoint.sol/EntryPoint.json'</error></testcase><testcase classname="tests.opbanning.test_op_banning" name="test_account_banned_opcode[CREATE]" time="0.000"><error message="failed on setup with &quot;FileNotFoundError: [Errno 2] No such file or directory: '/home/runner/work/bundler-test-executor/bundler-test-executor/bundler-spec-tests/@account-abstraction/artifacts/contracts/core/EntryPoint.sol/EntryPoint.json'&quot;">tests/conftest.py:66: in entrypoint_contract
    with open(entrypoint_path, encoding="utf-8") as file:
E   FileNotFoundError: [Errno 2] No such file or directory: '/home/runner/work/bundler-test-executor/bundler-test-executor/bundler-spec-tests/@account-abstraction/artifacts/contracts/core/EntryPoint.sol/EntryPoint.json'</error></testcase><testcase classname="tests.opbanning.test_op_banning" name="test_account_banned_opcode[CREATE2]" time="0.000"><error message="failed on setup with &quot;FileNotFoundError: [Errno 2] No such file or directory: '/home/runner/work/bundler-test-executor/bundler-test-executor/bundler-spec-tests/@account-abstraction/artifacts/contracts/core/EntryPoint.sol/EntryPoint.json'&quot;">tests/conftest.py:66: in entrypoint_contract
    with open(entrypoint_path, encoding="utf-8") as file:
E   FileNotFoundError: [Errno 2] No such file or directory: '/home/runner/work/bundler-test-executor/bundler-test-executor/bundler-spec-tests/@account-abstraction/artifacts/contracts/core/EntryPoint.sol/EntryPoint.json'</error></testcase><testcase classname="tests.opbanning.test_op_banning" name="test_account_banned_opcode[SELFDESTRUCT]" time="0.000"><error message="failed on setup with &quot;FileNotFoundError: [Errno 2] No such file or directory: '/home/runner/work/bundler-test-executor/bundler-test-executor/bundler-spec-tests/@account-abstraction/artifacts/contracts/core/EntryPoint.sol/EntryPoint.json'&quot;">tests/conftest.py:66: in entrypoint_contract
    with open(entrypoint_path, encoding="utf-8") as file:
E   FileNotFoundError: [Errno 2] No such file or directory: '/home/runner/work/bundler-test-executor/bundler-test-executor/bundler-spec-tests/@account-abstraction/artifacts/contracts/core/EntryPoint.sol/EntryPoint.json'</error></testcase><testcase classname="tests.opbanning.test_op_banning" name="test_paymaster_banned_opcode[GAS]" time="0.000"><error message="failed on setup with &quot;FileNotFoundError: [Errno 2] No such file or directory: '/home/runner/work/bundler-test-executor/bundler-test-executor/bundler-spec-tests/@account-abstraction/artifacts/contracts/core/EntryPoint.sol/EntryPoint.json'&quot;">tests/conftest.py:66: in entrypoint_contract
    with open(entrypoint_path, encoding="utf-8") as file:
E   FileNotFoundError: [Errno 2] No such file or directory: '/home/runner/work/bundler-test-executor/bundler-test-executor/bundler-spec-tests/@account-abstraction/artifacts/contracts/core/EntryPoint.sol/EntryPoint.json'</error></testcase><testcase classname="tests.opbanning.test_op_banning" name="test_paymaster_banned_opcode[NUMBER]" time="0.000"><error message="failed on setup with &quot;FileNotFoundError: [Errno 2] No such file or directory: '/home/runner/work/bundler-test-executor/bundler-test-executor/bundler-spec-tests/@account-abstraction/artifacts/contracts/core/EntryPoint.sol/EntryPoint.json'&quot;">tests/conftest.py:66: in entrypoint_contract
    with open(entrypoint_path, encoding="utf-8") as file:
E   FileNotFoundError: [Errno 2] No such file or directory: '/home/runner/work/bundler-test-executor/bundler-test-executor/bundler-spec-tests/@account-abstraction/artifacts/contracts/core/EntryPoint.sol/EntryPoint.json'</error></testcase><testcase classname="tests.opbanning.test_op_banning" name="test_paymaster_banned_opcode[TIMESTAMP]" time="0.000"><error message="failed on setup with &quot;FileNotFoundError: [Errno 2] No such file or directory: '/home/runner/work/bundler-test-executor/bundler-test-executor/bundler-spec-tests/@account-abstraction/artifacts/contracts/core/EntryPoint.sol/EntryPoint.json'&quot;">tests/conftest.py:66: in entrypoint_contract
    with open(entrypoint_path, encoding="utf-8") as file:
E   FileNotFoundError: [Errno 2] No such file or directory: '/home/runner/work/bundler-test-executor/bundler-test-executor/bundler-spec-tests/@account-abstraction/artifacts/contracts/core/EntryPoint.sol/EntryPoint.json'</error></testcase><testcase classname="tests.opbanning.test_op_banning" name="test_paymaster_banned_opcode[COINBASE]" time="0.000"><error message="failed on setup with &quot;FileNotFoundError: [Errno 2] No such file or directory: '/home/runner/work/bundler-test-executor/bundler-test-executor/bundler-spec-tests/@account-abstraction/artifacts/contracts/core/EntryPoint.sol/EntryPoint.json'&quot;">tests/conftest.py:66: in entrypoint_contract
    with open(entrypoint_path, encoding="utf-8") as file:
E   FileNotFoundError: [Errno 2] No such file or directory: '/home/runner/work/bundler-test-executor/bundler-test-executor/bundler-spec-tests/@account-abstraction/artifacts/contracts/core/EntryPoint.sol/EntryPoint.json'</error></testcase><testcase classname="tests.opbanning.test_op_banning" name="test_paymaster_banned_opcode[DIFFICULTY]" time="0.000"><error message="failed on setup with &quot;FileNotFoundError: [Errno 2] No such file or directory: '/home/runner/work/bundler-test-executor/bundler-test-executor/bundler-spec-tests/@account-abstraction/artifacts/contracts/core/EntryPoint.sol/EntryPoint.json'&quot;">tests/conftest.py:66: in entrypoint_contract
    with open(entrypoint_path, encoding="utf-8") as file:
E   FileNotFoundError: [Errno 2] No such file or directory: '/home/runner/work/bundler-test-executor/bundler-test-executor/bundler-spec-tests/@account-abstraction/artifacts/contracts/core/EntryPoint.sol/EntryPoint.json'</error></testcase><testcase classname="tests.opbanning.test_op_banning" name="test_paymaster_banned_opcode[BASEFEE]" time="0.000"><error message="failed on setup with &quot;FileNotFoundError: [Errno 2] No such file or directory: '/home/runner/work/bundler-test-executor/bundler-test-executor/bundler-spec-tests/@account-abstraction/artifacts/contracts/core/EntryPoint.sol/EntryPoint.json'&quot;">tests/conftest.py:66: in entrypoint_contract
    with open(entrypoint_path, encoding="utf-8") as file:
E   FileNotFoundError: [Errno 2] No such file or directory: '/home/runner/work/bundler-test-executor/bundler-test-executor/bundler-spec-tests/@account-abstraction/artifacts/contracts/core/EntryPoint.sol/EntryPoint.json'</error></testcase><testcase classname="tests.opbanning.test_op_banning" name="test_paymaster_banned_opcode[GASLIMIT]" time="0.000"><error message="failed on setup with &quot;FileNotFoundError: [Errno 2] No such file or directory: '/home/runner/work/bundler-test-executor/bundler-test-executor/bundler-spec-tests/@account-abstraction/artifacts/contracts/core/EntryPoint.sol/EntryPoint.json'&quot;">tests/conftest.py:66: in entrypoint_contract
    with open(entrypoint_path, encoding="utf-8") as file:
E   FileNotFoundError: [Errno 2] No such file or directory: '/home/runner/work/bundler-test-executor/bundler-test-executor/bundler-spec-tests/@account-abstraction/artifacts/contracts/core/EntryPoint.sol/EntryPoint.json'</error></testcase><testcase classname="tests.opbanning.test_op_banning" name="test_paymaster_banned_opcode[GASPRICE]" time="0.000"><error message="failed on setup with &quot;FileNotFoundError: [Errno 2] No such file or directory: '/home/runner/work/bundler-test-executor/bundler-test-executor/bundler-spec-tests/@account-abstraction/artifacts/contracts/core/EntryPoint.sol/EntryPoint.json'&quot;">tests/conftest.py:66: in entrypoint_contract
    with open(entrypoint_path, encoding="utf-8") as file:
E   FileNotFoundError: [Errno 2] No such file or directory: '/home/runner/work/bundler-test-executor/bundler-test-executor/bundler-spec-tests/@account-abstraction/artifacts/contracts/core/EntryPoint.sol/EntryPoint.json'</error></testcase><testcase classname="tests.opbanning.test_op_banning" name="test_paymaster_banned_opcode[SELFBALANCE]" time="0.000"><error message="failed on setup with &quot;FileNotFoundError: [Errno 2] No such file or directory: '/home/runner/work/bundler-test-executor/bundler-test-executor/bundler-spec-tests/@account-abstraction/artifacts/contracts/core/EntryPoint.sol/EntryPoint.json'&quot;">tests/conftest.py:66: in entrypoint_contract
    with open(entrypoint_path, encoding="utf-8") as file:
E   FileNotFoundError: [Errno 2] No such file or directory: '/home/runner/work/bundler-test-executor/bundler-test-executor/bundler-spec-tests/@account-abstraction/artifacts/contracts/core/EntryPoint.sol/EntryPoint.json'</error></testcase><testcase classname="tests.opbanning.test_op_banning" name="test_paymaster_banned_opcode[BALANCE]" time="0.000"><error message="failed on setup with &quot;FileNotFoundError: [Errno 2] No such file or directory: '/home/runner/work/bundler-test-executor/bundler-test-executor/bundler-spec-tests/@account-abstraction/artifacts/contracts/core/EntryPoint.sol/EntryPoint.json'&quot;">tests/conftest.py:66: in entrypoint_contract
    with open(entrypoint_path, encoding="utf-8") as file:
E   FileNotFoundError: [Errno 2] No such file or directory: '/home/runner/work/bundler-test-executor/bundler-test-executor/bundler-spec-tests/@account-abstraction/artifacts/contracts/core/EntryPoint.sol/EntryPoint.json'</error></testcase><testcase classname="tests.opbanning.test_op_banning" name="test_paymaster_banned_opcode[ORIGIN]" time="0.000"><error message="failed on setup with &quot;FileNotFoundError: [Errno 2] No such file or directory: '/home/runner/work/bundler-test-executor/bundler-test-executor/bundler-spec-tests/@account-abstraction/artifacts/contracts/core/EntryPoint.sol/EntryPoint.json'&quot;">tests/conftest.py:66: in entrypoint_contract
    with open(entrypoint_path, encoding="utf-8") as file:
E   FileNotFoundError: [Errno 2] No such file or directory: '/home/runner/work/bundler-test-executor/bundler-test-executor/bundler-spec-tests/@account-abstraction/artifacts/contracts/core/EntryPoint.sol/EntryPoint.json'</error></testcase><testcase classname="tests.opbanning.test_op_banning" name="test_paymaster_banned_opcode[BLOCKHASH]" time="0.000"><error message="failed on setup with &quot;FileNotFoundError: [Errno 2] No such file or directory: '/home/runner/work/bundler-test-executor/bundler-test-executor/bundler-spec-tests/@account-abstraction/artifacts/contracts/core/EntryPoint.sol/EntryPoint.json'&quot;">tests/conftest.py:66: in entrypoint_contract
    with open(entrypoint_path, encoding="utf-8") as file:
E   FileNotFoundError: [Errno 2] No such file or directory: '/home/runner/work/bundler-test-executor/bundler-test-executor/bundler-spec-tests/@account-abstraction/artifacts/contracts/core/EntryPoint.sol/EntryPoint.json'</error></testcase><testcase classname="tests.opbanning.test_op_banning" name="test_paymaster_banned_opcode[CREATE]" time="0.000"><error message="failed on setup with &quot;FileNotFoundError: [Errno 2] No such file or directory: '/home/runner/work/bundler-test-executor/bundler-test-executor/bundler-spec-tests/@account-abstraction/artifacts/contracts/core/EntryPoint.sol/EntryPoint.json'&quot;">tests/conftest.py:66: in entrypoint_contract
    with open(entrypoint_path, encoding="utf-8") as file:
E   FileNotFoundError: [Errno 2] No such file or directory: '/home/runner/work/bundler-test-executor/bundler-test-executor/bundler-spec-tests/@account-abstraction/artifacts/contracts/core/EntryPoint.sol/EntryPoint.json'</error></testcase><testcase classname="tests.opbanning.test_op_banning" name="test_paymaster_banned_opcode[CREATE2]" time="0.000"><error message="failed on setup with &quot;FileNotFoundError: [Errno 2] No such file or directory: '/home/runner/work/bundler-test-executor/bundler-test-executor/bundler-spec-tests/@account-abstraction/artifacts/contracts/core/EntryPoint.sol/EntryPoint.json'&quot;">tests/conftest.py:66: in entrypoint_contract
    with open(entrypoint_path, encoding="utf-8") as file:
E   FileNotFoundError: [Errno 2] No such file or directory: '/home/runner/work/bundler-test-executor/bundler-test-executor/bundler-spec-tests/@account-abstraction/artifacts/contracts/core/EntryPoint.sol/EntryPoint.json'</error></testcase><testcase classname="tests.opbanning.test_op_banning" name="test_paymaster_banned_opcode[SELFDESTRUCT]" time="0.000"><error message="failed on setup with &quot;FileNotFoundError: [Errno 2] No such file or directory: '/home/runner/work/bundler-test-executor/bundler-test-executor/bundler-spec-tests/@account-abstraction/artifacts/contracts/core/EntryPoint.sol/EntryPoint.json'&quot;">tests/conftest.py:66: in entrypoint_contract
    with open(entrypoint_path, encoding="utf-8") as file:
E   FileNotFoundError: [Errno 2] No such file or directory: '/home/runner/work/bundler-test-executor/bundler-test-executor/bundler-spec-tests/@account-abstraction/artifacts/contracts/core/EntryPoint.sol/EntryPoint.json'</error></testcase><testcase classname="tests.opbanning.test_op_banning" name="test_factory_banned_opcode[GAS]" time="0.000"><error message="failed on setup with &quot;FileNotFoundError: [Errno 2] No such file or directory: '/home/runner/work/bundler-test-executor/bundler-test-executor/bundler-spec-tests/@account-abstraction/artifacts/contracts/core/EntryPoint.sol/EntryPoint.json'&quot;">tests/conftest.py:66: in entrypoint_contract
    with open(entrypoint_path, encoding="utf-8") as file:
E   FileNotFoundError: [Errno 2] No such file or directory: '/home/runner/work/bundler-test-executor/bundler-test-executor/bundler-spec-tests/@account-abstraction/artifacts/contracts/core/EntryPoint.sol/EntryPoint.json'</error></testcase><testcase classname="tests.opbanning.test_op_banning" name="test_factory_banned_opcode[NUMBER]" time="0.000"><error message="failed on setup with &quot;FileNotFoundError: [Errno 2] No such file or directory: '/home/runner/work/bundler-test-executor/bundler-test-executor/bundler-spec-tests/@account-abstraction/artifacts/contracts/core/EntryPoint.sol/EntryPoint.json'&quot;">tests/conftest.py:66: in entrypoint_contract
    with open(entrypoint_path, encoding="utf-8") as file:
E   FileNotFoundError: [Errno 2] No such file or directory: '/home/runner/work/bundler-test-executor/bundler-test-executor/bundler-spec-tests/@account-abstraction/artifacts/contracts/core/EntryPoint.sol/EntryPoint.json'</error></testcase><testcase classname="tests.opbanning.test_op_banning" name="test_factory_banned_opcode[TIMESTAMP]" time="0.000"><error message="failed on setup with &quot;FileNotFoundError: [Errno 2] No such file or directory: '/home/runner/work/bundler-test-executor/bundler-test-executor/bundler-spec-tests/@account-abstraction/artifacts/contracts/core/EntryPoint.sol/EntryPoint.json'&quot;">tests/conftest.py:66: in entrypoint_contract
    with open(entrypoint_path, encoding="utf-8") as file:
E   FileNotFoundError: [Errno 2] No such file or directory: '/home/runner/work/bundler-test-executor/bundler-test-executor/bundler-spec-tests/@account-abstraction/artifacts/contracts/core/EntryPoint.sol/EntryPoint.json'</error></testcase><testcase classname="tests.opbanning.test_op_banning" name="test_factory_banned_opcode[COINBASE]" time="0.000"><error message="failed on setup with &quot;FileNotFoundError: [Errno 2] No such file or directory: '/home/runner/work/bundler-test-executor/bundler-test-executor/bundler-spec-tests/@account-abstraction/artifacts/contracts/core/EntryPoint.sol/EntryPoint.json'&quot;">tests/conftest.py:66: in entrypoint_contract
    with open(entrypoint_path, encoding="utf-8") as file:
E   FileNotFoundError: [Errno 2] No such file or directory: '/home/runner/work/bundler-test-executor/bundler-test-executor/bundler-spec-tests/@account-abstraction/artifacts/contracts/core/EntryPoint.sol/EntryPoint.json'</error></testcase><testcase classname="tests.opbanning.test_op_banning" name="test_factory_banned_opcode[DIFFICULTY]" time="0.000"><error message="failed on setup with &quot;FileNotFoundError: [Errno 2] No such file or directory: '/home/runner/work/bundler-test-executor/bundler-test-executor/bundler-spec-tests/@account-abstraction/artifacts/contracts/core/EntryPoint.sol/EntryPoint.json'&quot;">tests/conftest.py:66: in entrypoint_contract
    with open(entrypoint_path, encoding="utf-8") as file:
E   FileNotFoundError: [Errno 2] No such file or directory: '/home/runner/work/bundler-test-executor/bundler-test-executor/bundler-spec-tests/@account-abstraction/artifacts/contracts/core/EntryPoint.sol/EntryPoint.json'</error></testcase><testcase classname="tests.opbanning.test_op_banning" name="test_factory_banned_opcode[BASEFEE]" time="0.000"><error message="failed on setup with &quot;FileNotFoundError: [Errno 2] No such file or directory: '/home/runner/work/bundler-test-executor/bundler-test-executor/bundler-spec-tests/@account-abstraction/artifacts/contracts/core/EntryPoint.sol/EntryPoint.json'&quot;">tests/conftest.py:66: in entrypoint_contract
    with open(entrypoint_path, encoding="utf-8") as file:
E   FileNotFoundError: [Errno 2] No such file or directory: '/home/runner/work/bundler-test-executor/bundler-test-executor/bundler-spec-tests/@account-abstraction/artifacts/contracts/core/EntryPoint.sol/EntryPoint.json'</error></testcase><testcase classname="tests.opbanning.test_op_banning" name="test_factory_banned_opcode[GASLIMIT]" time="0.000"><error message="failed on setup with &quot;FileNotFoundError: [Errno 2] No such file or directory: '/home/runner/work/bundler-test-executor/bundler-test-executor/bundler-spec-tests/@account-abstraction/artifacts/contracts/core/EntryPoint.sol/EntryPoint.json'&quot;">tests/conftest.py:66: in entrypoint_contract
    with open(entrypoint_path, encoding="utf-8") as file:
E   FileNotFoundError: [Errno 2] No such file or directory: '/home/runner/work/bundler-test-executor/bundler-test-executor/bundler-spec-tests/@account-abstraction/artifacts/contracts/core/EntryPoint.sol/EntryPoint.json'</error></testcase><testcase classname="tests.opbanning.test_op_banning" name="test_factory_banned_opcode[GASPRICE]" time="0.000"><error message="failed on setup with &quot;FileNotFoundError: [Errno 2] No such file or directory: '/home/runner/work/bundler-test-executor/bundler-test-executor/bundler-spec-tests/@account-abstraction/artifacts/contracts/core/EntryPoint.sol/EntryPoint.json'&quot;">tests/conftest.py:66: in entrypoint_contract
    with open(entrypoint_path, encoding="utf-8") as file:
E   FileNotFoundError: [Errno 2] No such file or directory: '/home/runner/work/bundler-test-executor/bundler-test-executor/bundler-spec-tests/@account-abstraction/artifacts/contracts/core/EntryPoint.sol/EntryPoint.json'</error></testcase><testcase classname="tests.opbanning.test_op_banning" name="test_factory_banned_opcode[SELFBALANCE]" time="0.000"><error message="failed on setup with &quot;FileNotFoundError: [Errno 2] No such file or directory: '/home/runner/work/bundler-test-executor/bundler-test-executor/bundler-spec-tests/@account-abstraction/artifacts/contracts/core/EntryPoint.sol/EntryPoint.json'&quot;">tests/conftest.py:66: in entrypoint_contract
    with open(entrypoint_path, encoding="utf-8") as file:
E   FileNotFoundError: [Errno 2] No such file or directory: '/home/runner/work/bundler-test-executor/bundler-test-executor/bundler-spec-tests/@account-abstraction/artifacts/contracts/core/EntryPoint.sol/EntryPoint.json'</error></testcase><testcase classname="tests.opbanning.test_op_banning" name="test_factory_banned_opcode[BALANCE]" time="0.000"><error message="failed on setup with &quot;FileNotFoundError: [Errno 2] No such file or directory: '/home/runner/work/bundler-test-executor/bundler-test-executor/bundler-spec-tests/@account-abstraction/artifacts/contracts/core/EntryPoint.sol/EntryPoint.json'&quot;">tests/conftest.py:66: in entrypoint_contract
    with open(entrypoint_path, encoding="utf-8") as file:
E   FileNotFoundError: [Errno 2] No such file or directory: '/home/runner/work/bundler-test-executor/bundler-test-executor/bundler-spec-tests/@account-abstraction/artifacts/contracts/core/EntryPoint.sol/EntryPoint.json'</error></testcase><testcase classname="tests.opbanning.test_op_banning" name="test_factory_banned_opcode[ORIGIN]" time="0.000"><error message="failed on setup with &quot;FileNotFoundError: [Errno 2] No such file or directory: '/home/runner/work/bundler-test-executor/bundler-test-executor/bundler-spec-tests/@account-abstraction/artifacts/contracts/core/EntryPoint.sol/EntryPoint.json'&quot;">tests/conftest.py:66: in entrypoint_contract
    with open(entrypoint_path, encoding="utf-8") as file:
E   FileNotFoundError: [Errno 2] No such file or directory: '/home/runner/work/bundler-test-executor/bundler-test-executor/bundler-spec-tests/@account-abstraction/artifacts/contracts/core/EntryPoint.sol/EntryPoint.json'</error></testcase><testcase classname="tests.opbanning.test_op_banning" name="test_factory_banned_opcode[BLOCKHASH]" time="0.000"><error message="failed on setup with &quot;FileNotFoundError: [Errno 2] No such file or directory: '/home/runner/work/bundler-test-executor/bundler-test-executor/bundler-spec-tests/@account-abstraction/artifacts/contracts/core/EntryPoint.sol/EntryPoint.json'&quot;">tests/conftest.py:66: in entrypoint_contract
    with open(entrypoint_path, encoding="utf-8") as file:
E   FileNotFoundError: [Errno 2] No such file or directory: '/home/runner/work/bundler-test-executor/bundler-test-executor/bundler-spec-tests/@account-abstraction/artifacts/contracts/core/EntryPoint.sol/EntryPoint.json'</error></testcase><testcase classname="tests.opbanning.test_op_banning" name="test_factory_banned_opcode[CREATE]" time="0.000"><error message="failed on setup with &quot;FileNotFoundError: [Errno 2] No such file or directory: '/home/runner/work/bundler-test-executor/bundler-test-executor/bundler-spec-tests/@account-abstraction/artifacts/contracts/core/EntryPoint.sol/EntryPoint.json'&quot;">tests/conftest.py:66: in entrypoint_contract
    with open(entrypoint_path, encoding="utf-8") as file:
E   FileNotFoundError: [Errno 2] No such file or directory: '/home/runner/work/bundler-test-executor/bundler-test-executor/bundler-spec-tests/@account-abstraction/artifacts/contracts/core/EntryPoint.sol/EntryPoint.json'</error></testcase><testcase classname="tests.opbanning.test_op_banning" name="test_factory_banned_opcode[CREATE2]" time="0.000"><error message="failed on setup with &quot;FileNotFoundError: [Errno 2] No such file or directory: '/home/runner/work/bundler-test-executor/bundler-test-executor/bundler-spec-tests/@account-abstraction/artifacts/contracts/core/EntryPoint.sol/EntryPoint.json'&quot;">tests/conftest.py:66: in entrypoint_contract
    with open(entrypoint_path, encoding="utf-8") as file:
E   FileNotFoundError: [Errno 2] No such file or directory: '/home/runner/work/bundler-test-executor/bundler-test-executor/bundler-spec-tests/@account-abstraction/artifacts/contracts/core/EntryPoint.sol/EntryPoint.json'</error></testcase><testcase classname="tests.opbanning.test_op_banning" name="test_factory_banned_opcode[SELFDESTRUCT]" time="0.000"><error message="failed on setup with &quot;FileNotFoundError: [Errno 2] No such file or directory: '/home/runner/work/bundler-test-executor/bundler-test-executor/bundler-spec-tests/@account-abstraction/artifacts/contracts/core/EntryPoint.sol/EntryPoint.json'&quot;">tests/conftest.py:66: in entrypoint_contract
    with open(entrypoint_path, encoding="utf-8") as file:
E   FileNotFoundError: [Errno 2] No such file or directory: '/home/runner/work/bundler-test-executor/bundler-test-executor/bundler-spec-tests/@account-abstraction/artifacts/contracts/core/EntryPoint.sol/EntryPoint.json'</error></testcase><testcase classname="tests.rpc.test_eth_chainId" name="test_eth_chainId[]" time="0.013" /><testcase classname="tests.rpc.test_eth_estimateUserOperationGas" name="test_eth_estimateUserOperationGas[]" time="0.071"><failure message="TypeError: string indices must be integers">tests/rpc/test_eth_estimateUserOperationGas.py:18: in test_eth_estimateUserOperationGas
    ).send()
tests/types.py:62: in send
    return jsonrpcclient.responses.to_result(
.venv/lib/python3.10/site-packages/jsonrpcclient/responses.py:35: in to_result
    response["error"]["code"],
E   TypeError: string indices must be integers</failure><system-out>--------------------------------- Captured Log ---------------------------------

--------------------------------- Captured Out ---------------------------------

</system-out><system-err>--------------------------------- Captured Err ---------------------------------

</system-err></testcase><testcase classname="tests.rpc.test_eth_estimateUserOperationGas" name="test_eth_estimateUserOperationGas_execution_revert" time="0.064"><failure message="TypeError: string indices must be integers">tests/rpc/test_eth_estimateUserOperationGas.py:28: in test_eth_estimateUserOperationGas_execution_revert
    ).send()
tests/types.py:62: in send
    return jsonrpcclient.responses.to_result(
.venv/lib/python3.10/site-packages/jsonrpcclient/responses.py:35: in to_result
    response["error"]["code"],
E   TypeError: string indices must be integers</failure><system-out>--------------------------------- Captured Log ---------------------------------

--------------------------------- Captured Out ---------------------------------

</system-out><system-err>--------------------------------- Captured Err ---------------------------------

</system-err></testcase><testcase classname="tests.rpc.test_eth_estimateUserOperationGas" name="test_eth_estimateUserOperationGas_simulation_revert" time="0.066"><failure message="TypeError: string indices must be integers">tests/rpc/test_eth_estimateUserOperationGas.py:36: in test_eth_estimateUserOperationGas_simulation_revert
    ).send()
tests/types.py:62: in send
    return jsonrpcclient.responses.to_result(
.venv/lib/python3.10/site-packages/jsonrpcclient/responses.py:35: in to_result
    response["error"]["code"],
E   TypeError: string indices must be integers</failure><system-out>--------------------------------- Captured Log ---------------------------------

--------------------------------- Captured Out ---------------------------------

</system-out><system-err>--------------------------------- Captured Err ---------------------------------

</system-err></testcase><testcase classname="tests.rpc.test_eth_getUserOperationByHash" name="test_eth_getUserOperationByHash[]" time="0.066"><error message="failed on setup with &quot;TypeError: string indices must be integers&quot;">tests/conftest.py:104: in execute_user_operation
    userop.send()
tests/types.py:48: in send
    ).send(url)
tests/types.py:62: in send
    return jsonrpcclient.responses.to_result(
.venv/lib/python3.10/site-packages/jsonrpcclient/responses.py:35: in to_result
    response["error"]["code"],
E   TypeError: string indices must be integers</error></testcase><testcase classname="tests.rpc.test_eth_getUserOperationByHash" name="test_eth_getUserOperationByHash_error" time="0.007" /><testcase classname="tests.rpc.test_eth_getUserOperationReceipt" name="test_eth_getUserOperationReceipt[]" time="0.068"><error message="failed on setup with &quot;TypeError: string indices must be integers&quot;">tests/conftest.py:104: in execute_user_operation
    userop.send()
tests/types.py:48: in send
    ).send(url)
tests/types.py:62: in send
    return jsonrpcclient.responses.to_result(
.venv/lib/python3.10/site-packages/jsonrpcclient/responses.py:35: in to_result
    response["error"]["code"],
E   TypeError: string indices must be integers</error></testcase><testcase classname="tests.rpc.test_eth_getUserOperationReceipt" name="test_eth_getUserOperationReceipt_error" time="0.006" /><testcase classname="tests.rpc.test_eth_sendUserOperation" name="test_eth_sendUserOperation[]" time="0.069"><failure message="TypeError: string indices must be integers">tests/rpc/test_eth_sendUserOperation.py:16: in test_eth_sendUserOperation
    response = userop.send()
tests/types.py:48: in send
    ).send(url)
tests/types.py:62: in send
    return jsonrpcclient.responses.to_result(
.venv/lib/python3.10/site-packages/jsonrpcclient/responses.py:35: in to_result
    response["error"]["code"],
E   TypeError: string indices must be integers</failure><system-out>--------------------------------- Captured Log ---------------------------------

--------------------------------- Captured Out ---------------------------------

</system-out><system-err>--------------------------------- Captured Err ---------------------------------

</system-err></testcase><testcase classname="tests.rpc.test_eth_sendUserOperation" name="test_eth_sendUserOperation_revert" time="0.069"><failure message="TypeError: string indices must be integers">tests/rpc/test_eth_sendUserOperation.py:28: in test_eth_sendUserOperation_revert
    response = bad_sig_userop.send()
tests/types.py:48: in send
    ).send(url)
tests/types.py:62: in send
    return jsonrpcclient.responses.to_result(
.venv/lib/python3.10/site-packages/jsonrpcclient/responses.py:35: in to_result
    response["error"]["code"],
E   TypeError: string indices must be integers</failure><system-out>--------------------------------- Captured Log ---------------------------------

--------------------------------- Captured Out ---------------------------------

</system-out><system-err>--------------------------------- Captured Err ---------------------------------

</system-err></testcase><testcase classname="tests.rpc.test_eth_sendUserOperation" name="test_eth_sendUserOperation_invalid_signature" time="0.063"><failure message="TypeError: string indices must be integers">tests/rpc/test_eth_sendUserOperation.py:38: in test_eth_sendUserOperation_invalid_signature
    invalid_sig_userop.send(), "Invalid UserOp signature or paymaster signature", RPCErrorCode.INVALID_SIGNATURE
tests/types.py:48: in send
    ).send(url)
tests/types.py:62: in send
    return jsonrpcclient.responses.to_result(
.venv/lib/python3.10/site-packages/jsonrpcclient/responses.py:35: in to_result
    response["error"]["code"],
E   TypeError: string indices must be integers</failure><system-out>--------------------------------- Captured Log ---------------------------------

--------------------------------- Captured Out ---------------------------------

</system-out><system-err>--------------------------------- Captured Err ---------------------------------

</system-err></testcase><testcase classname="tests.rpc.test_eth_supportedEntryPoints" name="test_eth_supportedEntryPoints[]" time="0.010" /></testsuite></testsuites>