<?xml version="1.0" encoding="utf-8"?><testsuites><testsuite name="Stackup Bundler" errors="94" failures="16" skipped="1" tests="115" time="8.194" timestamp="2023-06-18T08:35:40.810449" hostname="fv-az440-787"><testcase classname="" name="tests.bundle.test_stake_rules" time="0.000"><skipped message="collection skipped">('/home/runner/work/bundler-test-executor/bundler-test-executor/bundler-spec-tests/tests/bundle/test_stake_rules.py', 12, 'Skipped')</skipped></testcase><testcase classname="tests.bundle.test_bundle" name="test_bundle_replace_op[only_priority_fee_bump]" time="0.075"><failure message="AttributeError: 'Error' object has no attribute 'result'">tests/bundle/test_bundle.py:79: in test_bundle_replace_op
    assert new_op.send().result
E   AttributeError: 'Error' object has no attribute 'result'</failure><system-out>--------------------------------- Captured Log ---------------------------------

--------------------------------- Captured Out ---------------------------------

</system-out><system-err>--------------------------------- Captured Err ---------------------------------

</system-err></testcase><testcase classname="tests.bundle.test_bundle" name="test_bundle_replace_op[only_max_fee_bump]" time="0.090"><failure message="AttributeError: 'Error' object has no attribute 'result'">tests/bundle/test_bundle.py:79: in test_bundle_replace_op
    assert new_op.send().result
E   AttributeError: 'Error' object has no attribute 'result'</failure><system-out>--------------------------------- Captured Log ---------------------------------

--------------------------------- Captured Out ---------------------------------

</system-out><system-err>--------------------------------- Captured Err ---------------------------------

</system-err></testcase><testcase classname="tests.bundle.test_bundle" name="test_bundle_replace_op[with_same_fee]" time="0.087"><failure message="AttributeError: 'Error' object has no attribute 'result'">tests/bundle/test_bundle.py:79: in test_bundle_replace_op
    assert new_op.send().result
E   AttributeError: 'Error' object has no attribute 'result'</failure><system-out>--------------------------------- Captured Log ---------------------------------

--------------------------------- Captured Out ---------------------------------

</system-out><system-err>--------------------------------- Captured Err ---------------------------------

</system-err></testcase><testcase classname="tests.bundle.test_bundle" name="test_bundle_replace_op[with_less_fee]" time="0.074"><failure message="AttributeError: 'Error' object has no attribute 'result'">tests/bundle/test_bundle.py:79: in test_bundle_replace_op
    assert new_op.send().result
E   AttributeError: 'Error' object has no attribute 'result'</failure><system-out>--------------------------------- Captured Log ---------------------------------

--------------------------------- Captured Out ---------------------------------

</system-out><system-err>--------------------------------- Captured Err ---------------------------------

</system-err></testcase><testcase classname="tests.bundle.test_bundle" name="test_bundle_replace_op[fee_bump_below_threshold]" time="0.076"><failure message="AttributeError: 'Error' object has no attribute 'result'">tests/bundle/test_bundle.py:79: in test_bundle_replace_op
    assert new_op.send().result
E   AttributeError: 'Error' object has no attribute 'result'</failure><system-out>--------------------------------- Captured Log ---------------------------------

--------------------------------- Captured Out ---------------------------------

</system-out><system-err>--------------------------------- Captured Err ---------------------------------

</system-err></testcase><testcase classname="tests.bundle.test_bundle" name="test_bundle_replace_op[fee_bump_at_threshold]" time="0.077"><failure message="AttributeError: 'Error' object has no attribute 'result'">tests/bundle/test_bundle.py:79: in test_bundle_replace_op
    assert new_op.send().result
E   AttributeError: 'Error' object has no attribute 'result'</failure><system-out>--------------------------------- Captured Log ---------------------------------

--------------------------------- Captured Out ---------------------------------

</system-out><system-err>--------------------------------- Captured Err ---------------------------------

</system-err></testcase><testcase classname="tests.bundle.test_bundle" name="test_bundle_replace_op[fee_bump_above_threshold]" time="0.074"><failure message="AttributeError: 'Error' object has no attribute 'result'">tests/bundle/test_bundle.py:79: in test_bundle_replace_op
    assert new_op.send().result
E   AttributeError: 'Error' object has no attribute 'result'</failure><system-out>--------------------------------- Captured Log ---------------------------------

--------------------------------- Captured Out ---------------------------------

</system-out><system-err>--------------------------------- Captured Err ---------------------------------

</system-err></testcase><testcase classname="tests.bundle.test_bundle" name="test_max_allowed_ops_unstaked_sender[]" time="0.134"><failure message="AssertionError: assert [] == [UserOperatio...gnature='0x')]&#10;  Right contains one more item: UserOperation(sender='0x9c2e04e3b460d1628179aC9ecbd520c2d7E70D5f', nonce='0x0', initCode='0x', callData='0xa9e966b7000...tionGas='0x493e0', maxFeePerGas='0x77359400', maxPriorityFeePerGas='0x3b9aca00', paymasterAndData='0x', signature='0x')&#10;  Full diff:&#10;    [&#10;  +  ,&#10;  -  UserOperation(sender='0x9c2e04e3b460d1628179aC9ecbd520c2d7E70D5f',&#10;  -                nonce='0x0',&#10;  -                initCode='0x',&#10;  -                callData='0xa9e966b70000000000000000000000000000000000000000000000000000000000000001',&#10;  -                callGasLimit='0x493e0',&#10;  -                verificationGasLimit='0xf4240',&#10;  -                preVerificationGas='0x493e0',&#10;  -                maxFeePerGas='0x77359400',&#10;  -                maxPriorityFeePerGas='0x3b9aca00',&#10;  -                paymasterAndData='0x',&#10;  -                signature='0x'),&#10;    ]">tests/bundle/test_bundle.py:97: in test_max_allowed_ops_unstaked_sender
    assert dump_mempool() == wallet_ops[: i + 1]
E   AssertionError: assert [] == [UserOperatio...gnature='0x')]
E     Right contains one more item: UserOperation(sender='0x9c2e04e3b460d1628179aC9ecbd520c2d7E70D5f', nonce='0x0', initCode='0x', callData='0xa9e966b7000...tionGas='0x493e0', maxFeePerGas='0x77359400', maxPriorityFeePerGas='0x3b9aca00', paymasterAndData='0x', signature='0x')
E     Full diff:
E       [
E     +  ,
E     -  UserOperation(sender='0x9c2e04e3b460d1628179aC9ecbd520c2d7E70D5f',
E     -                nonce='0x0',
E     -                initCode='0x',
E     -                callData='0xa9e966b70000000000000000000000000000000000000000000000000000000000000001',
E     -                callGasLimit='0x493e0',
E     -                verificationGasLimit='0xf4240',
E     -                preVerificationGas='0x493e0',
E     -                maxFeePerGas='0x77359400',
E     -                maxPriorityFeePerGas='0x3b9aca00',
E     -                paymasterAndData='0x',
E     -                signature='0x'),
E       ]</failure><system-out>--------------------------------- Captured Log ---------------------------------

--------------------------------- Captured Out ---------------------------------

</system-out><system-err>--------------------------------- Captured Err ---------------------------------

</system-err></testcase><testcase classname="tests.bundle.test_bundle" name="test_max_allowed_ops_staked_sender[]" time="0.001"><error message="failed on setup with &quot;FileNotFoundError: [Errno 2] No such file or directory: '/home/runner/work/bundler-test-executor/bundler-test-executor/bundler-spec-tests/@account-abstraction/artifacts/contracts/core/EntryPoint.sol/EntryPoint.json'&quot;">tests/conftest.py:66: in entrypoint_contract
    with open(entrypoint_path, encoding="utf-8") as file:
E   FileNotFoundError: [Errno 2] No such file or directory: '/home/runner/work/bundler-test-executor/bundler-test-executor/bundler-spec-tests/@account-abstraction/artifacts/contracts/core/EntryPoint.sol/EntryPoint.json'</error></testcase><testcase classname="tests.bundle.test_codehash" name="test_codehash_changed[]" time="0.001"><error message="failed on setup with &quot;FileNotFoundError: [Errno 2] No such file or directory: '/home/runner/work/bundler-test-executor/bundler-test-executor/bundler-spec-tests/@account-abstraction/artifacts/contracts/core/EntryPoint.sol/EntryPoint.json'&quot;">tests/conftest.py:66: in entrypoint_contract
    with open(entrypoint_path, encoding="utf-8") as file:
E   FileNotFoundError: [Errno 2] No such file or directory: '/home/runner/work/bundler-test-executor/bundler-test-executor/bundler-spec-tests/@account-abstraction/artifacts/contracts/core/EntryPoint.sol/EntryPoint.json'</error></testcase><testcase classname="tests.bundle.test_storage_rules" name="test_rule[unstaked][paymaster][no_storage][ok]" time="0.000"><error message="failed on setup with &quot;FileNotFoundError: [Errno 2] No such file or directory: '/home/runner/work/bundler-test-executor/bundler-test-executor/bundler-spec-tests/@account-abstraction/artifacts/contracts/core/EntryPoint.sol/EntryPoint.json'&quot;">tests/conftest.py:66: in entrypoint_contract
    with open(entrypoint_path, encoding="utf-8") as file:
E   FileNotFoundError: [Errno 2] No such file or directory: '/home/runner/work/bundler-test-executor/bundler-test-executor/bundler-spec-tests/@account-abstraction/artifacts/contracts/core/EntryPoint.sol/EntryPoint.json'</error></testcase><testcase classname="tests.bundle.test_storage_rules" name="test_rule[unstaked][paymaster][storage][drop]" time="0.000"><error message="failed on setup with &quot;FileNotFoundError: [Errno 2] No such file or directory: '/home/runner/work/bundler-test-executor/bundler-test-executor/bundler-spec-tests/@account-abstraction/artifacts/contracts/core/EntryPoint.sol/EntryPoint.json'&quot;">tests/conftest.py:66: in entrypoint_contract
    with open(entrypoint_path, encoding="utf-8") as file:
E   FileNotFoundError: [Errno 2] No such file or directory: '/home/runner/work/bundler-test-executor/bundler-test-executor/bundler-spec-tests/@account-abstraction/artifacts/contracts/core/EntryPoint.sol/EntryPoint.json'</error></testcase><testcase classname="tests.bundle.test_storage_rules" name="test_rule[unstaked][paymaster][reference_storage][drop]" time="0.000"><error message="failed on setup with &quot;FileNotFoundError: [Errno 2] No such file or directory: '/home/runner/work/bundler-test-executor/bundler-test-executor/bundler-spec-tests/@account-abstraction/artifacts/contracts/core/EntryPoint.sol/EntryPoint.json'&quot;">tests/conftest.py:66: in entrypoint_contract
    with open(entrypoint_path, encoding="utf-8") as file:
E   FileNotFoundError: [Errno 2] No such file or directory: '/home/runner/work/bundler-test-executor/bundler-test-executor/bundler-spec-tests/@account-abstraction/artifacts/contracts/core/EntryPoint.sol/EntryPoint.json'</error></testcase><testcase classname="tests.bundle.test_storage_rules" name="test_rule[unstaked][paymaster][reference_storage_struct][drop]" time="0.000"><error message="failed on setup with &quot;FileNotFoundError: [Errno 2] No such file or directory: '/home/runner/work/bundler-test-executor/bundler-test-executor/bundler-spec-tests/@account-abstraction/artifacts/contracts/core/EntryPoint.sol/EntryPoint.json'&quot;">tests/conftest.py:66: in entrypoint_contract
    with open(entrypoint_path, encoding="utf-8") as file:
E   FileNotFoundError: [Errno 2] No such file or directory: '/home/runner/work/bundler-test-executor/bundler-test-executor/bundler-spec-tests/@account-abstraction/artifacts/contracts/core/EntryPoint.sol/EntryPoint.json'</error></testcase><testcase classname="tests.bundle.test_storage_rules" name="test_rule[unstaked][paymaster][account_storage][ok]" time="0.000"><error message="failed on setup with &quot;FileNotFoundError: [Errno 2] No such file or directory: '/home/runner/work/bundler-test-executor/bundler-test-executor/bundler-spec-tests/@account-abstraction/artifacts/contracts/core/EntryPoint.sol/EntryPoint.json'&quot;">tests/conftest.py:66: in entrypoint_contract
    with open(entrypoint_path, encoding="utf-8") as file:
E   FileNotFoundError: [Errno 2] No such file or directory: '/home/runner/work/bundler-test-executor/bundler-test-executor/bundler-spec-tests/@account-abstraction/artifacts/contracts/core/EntryPoint.sol/EntryPoint.json'</error></testcase><testcase classname="tests.bundle.test_storage_rules" name="test_rule[unstaked][paymaster][account_reference_storage][ok]" time="0.000"><error message="failed on setup with &quot;FileNotFoundError: [Errno 2] No such file or directory: '/home/runner/work/bundler-test-executor/bundler-test-executor/bundler-spec-tests/@account-abstraction/artifacts/contracts/core/EntryPoint.sol/EntryPoint.json'&quot;">tests/conftest.py:66: in entrypoint_contract
    with open(entrypoint_path, encoding="utf-8") as file:
E   FileNotFoundError: [Errno 2] No such file or directory: '/home/runner/work/bundler-test-executor/bundler-test-executor/bundler-spec-tests/@account-abstraction/artifacts/contracts/core/EntryPoint.sol/EntryPoint.json'</error></testcase><testcase classname="tests.bundle.test_storage_rules" name="test_rule[unstaked][paymaster][account_reference_storage_struct][ok]" time="0.000"><error message="failed on setup with &quot;FileNotFoundError: [Errno 2] No such file or directory: '/home/runner/work/bundler-test-executor/bundler-test-executor/bundler-spec-tests/@account-abstraction/artifacts/contracts/core/EntryPoint.sol/EntryPoint.json'&quot;">tests/conftest.py:66: in entrypoint_contract
    with open(entrypoint_path, encoding="utf-8") as file:
E   FileNotFoundError: [Errno 2] No such file or directory: '/home/runner/work/bundler-test-executor/bundler-test-executor/bundler-spec-tests/@account-abstraction/artifacts/contracts/core/EntryPoint.sol/EntryPoint.json'</error></testcase><testcase classname="tests.bundle.test_storage_rules" name="test_rule[unstaked][paymaster][account_reference_storage_init_code][drop]" time="0.000"><error message="failed on setup with &quot;FileNotFoundError: [Errno 2] No such file or directory: '/home/runner/work/bundler-test-executor/bundler-test-executor/bundler-spec-tests/@account-abstraction/artifacts/contracts/core/EntryPoint.sol/EntryPoint.json'&quot;">tests/conftest.py:66: in entrypoint_contract
    with open(entrypoint_path, encoding="utf-8") as file:
E   FileNotFoundError: [Errno 2] No such file or directory: '/home/runner/work/bundler-test-executor/bundler-test-executor/bundler-spec-tests/@account-abstraction/artifacts/contracts/core/EntryPoint.sol/EntryPoint.json'</error></testcase><testcase classname="tests.bundle.test_storage_rules" name="test_rule[unstaked][paymaster][context][drop]" time="0.000"><error message="failed on setup with &quot;FileNotFoundError: [Errno 2] No such file or directory: '/home/runner/work/bundler-test-executor/bundler-test-executor/bundler-spec-tests/@account-abstraction/artifacts/contracts/core/EntryPoint.sol/EntryPoint.json'&quot;">tests/conftest.py:66: in entrypoint_contract
    with open(entrypoint_path, encoding="utf-8") as file:
E   FileNotFoundError: [Errno 2] No such file or directory: '/home/runner/work/bundler-test-executor/bundler-test-executor/bundler-spec-tests/@account-abstraction/artifacts/contracts/core/EntryPoint.sol/EntryPoint.json'</error></testcase><testcase classname="tests.bundle.test_storage_rules" name="test_rule[unstaked][paymaster][external_storage][drop]" time="0.000"><error message="failed on setup with &quot;FileNotFoundError: [Errno 2] No such file or directory: '/home/runner/work/bundler-test-executor/bundler-test-executor/bundler-spec-tests/@account-abstraction/artifacts/contracts/core/EntryPoint.sol/EntryPoint.json'&quot;">tests/conftest.py:66: in entrypoint_contract
    with open(entrypoint_path, encoding="utf-8") as file:
E   FileNotFoundError: [Errno 2] No such file or directory: '/home/runner/work/bundler-test-executor/bundler-test-executor/bundler-spec-tests/@account-abstraction/artifacts/contracts/core/EntryPoint.sol/EntryPoint.json'</error></testcase><testcase classname="tests.bundle.test_storage_rules" name="test_rule[staked][paymaster][no_storage][ok]" time="0.000"><error message="failed on setup with &quot;FileNotFoundError: [Errno 2] No such file or directory: '/home/runner/work/bundler-test-executor/bundler-test-executor/bundler-spec-tests/@account-abstraction/artifacts/contracts/core/EntryPoint.sol/EntryPoint.json'&quot;">tests/conftest.py:66: in entrypoint_contract
    with open(entrypoint_path, encoding="utf-8") as file:
E   FileNotFoundError: [Errno 2] No such file or directory: '/home/runner/work/bundler-test-executor/bundler-test-executor/bundler-spec-tests/@account-abstraction/artifacts/contracts/core/EntryPoint.sol/EntryPoint.json'</error></testcase><testcase classname="tests.bundle.test_storage_rules" name="test_rule[staked][paymaster][storage][ok]" time="0.000"><error message="failed on setup with &quot;FileNotFoundError: [Errno 2] No such file or directory: '/home/runner/work/bundler-test-executor/bundler-test-executor/bundler-spec-tests/@account-abstraction/artifacts/contracts/core/EntryPoint.sol/EntryPoint.json'&quot;">tests/conftest.py:66: in entrypoint_contract
    with open(entrypoint_path, encoding="utf-8") as file:
E   FileNotFoundError: [Errno 2] No such file or directory: '/home/runner/work/bundler-test-executor/bundler-test-executor/bundler-spec-tests/@account-abstraction/artifacts/contracts/core/EntryPoint.sol/EntryPoint.json'</error></testcase><testcase classname="tests.bundle.test_storage_rules" name="test_rule[staked][paymaster][reference_storage][ok]" time="0.000"><error message="failed on setup with &quot;FileNotFoundError: [Errno 2] No such file or directory: '/home/runner/work/bundler-test-executor/bundler-test-executor/bundler-spec-tests/@account-abstraction/artifacts/contracts/core/EntryPoint.sol/EntryPoint.json'&quot;">tests/conftest.py:66: in entrypoint_contract
    with open(entrypoint_path, encoding="utf-8") as file:
E   FileNotFoundError: [Errno 2] No such file or directory: '/home/runner/work/bundler-test-executor/bundler-test-executor/bundler-spec-tests/@account-abstraction/artifacts/contracts/core/EntryPoint.sol/EntryPoint.json'</error></testcase><testcase classname="tests.bundle.test_storage_rules" name="test_rule[staked][paymaster][reference_storage_struct][ok]" time="0.000"><error message="failed on setup with &quot;FileNotFoundError: [Errno 2] No such file or directory: '/home/runner/work/bundler-test-executor/bundler-test-executor/bundler-spec-tests/@account-abstraction/artifacts/contracts/core/EntryPoint.sol/EntryPoint.json'&quot;">tests/conftest.py:66: in entrypoint_contract
    with open(entrypoint_path, encoding="utf-8") as file:
E   FileNotFoundError: [Errno 2] No such file or directory: '/home/runner/work/bundler-test-executor/bundler-test-executor/bundler-spec-tests/@account-abstraction/artifacts/contracts/core/EntryPoint.sol/EntryPoint.json'</error></testcase><testcase classname="tests.bundle.test_storage_rules" name="test_rule[staked][paymaster][account_storage][ok]" time="0.000"><error message="failed on setup with &quot;FileNotFoundError: [Errno 2] No such file or directory: '/home/runner/work/bundler-test-executor/bundler-test-executor/bundler-spec-tests/@account-abstraction/artifacts/contracts/core/EntryPoint.sol/EntryPoint.json'&quot;">tests/conftest.py:66: in entrypoint_contract
    with open(entrypoint_path, encoding="utf-8") as file:
E   FileNotFoundError: [Errno 2] No such file or directory: '/home/runner/work/bundler-test-executor/bundler-test-executor/bundler-spec-tests/@account-abstraction/artifacts/contracts/core/EntryPoint.sol/EntryPoint.json'</error></testcase><testcase classname="tests.bundle.test_storage_rules" name="test_rule[staked][paymaster][account_reference_storage][ok]" time="0.000"><error message="failed on setup with &quot;FileNotFoundError: [Errno 2] No such file or directory: '/home/runner/work/bundler-test-executor/bundler-test-executor/bundler-spec-tests/@account-abstraction/artifacts/contracts/core/EntryPoint.sol/EntryPoint.json'&quot;">tests/conftest.py:66: in entrypoint_contract
    with open(entrypoint_path, encoding="utf-8") as file:
E   FileNotFoundError: [Errno 2] No such file or directory: '/home/runner/work/bundler-test-executor/bundler-test-executor/bundler-spec-tests/@account-abstraction/artifacts/contracts/core/EntryPoint.sol/EntryPoint.json'</error></testcase><testcase classname="tests.bundle.test_storage_rules" name="test_rule[staked][paymaster][account_reference_storage_struct][ok]" time="0.000"><error message="failed on setup with &quot;FileNotFoundError: [Errno 2] No such file or directory: '/home/runner/work/bundler-test-executor/bundler-test-executor/bundler-spec-tests/@account-abstraction/artifacts/contracts/core/EntryPoint.sol/EntryPoint.json'&quot;">tests/conftest.py:66: in entrypoint_contract
    with open(entrypoint_path, encoding="utf-8") as file:
E   FileNotFoundError: [Errno 2] No such file or directory: '/home/runner/work/bundler-test-executor/bundler-test-executor/bundler-spec-tests/@account-abstraction/artifacts/contracts/core/EntryPoint.sol/EntryPoint.json'</error></testcase><testcase classname="tests.bundle.test_storage_rules" name="test_rule[staked][paymaster][account_reference_storage_init_code][ok]" time="0.000"><error message="failed on setup with &quot;FileNotFoundError: [Errno 2] No such file or directory: '/home/runner/work/bundler-test-executor/bundler-test-executor/bundler-spec-tests/@account-abstraction/artifacts/contracts/core/EntryPoint.sol/EntryPoint.json'&quot;">tests/conftest.py:66: in entrypoint_contract
    with open(entrypoint_path, encoding="utf-8") as file:
E   FileNotFoundError: [Errno 2] No such file or directory: '/home/runner/work/bundler-test-executor/bundler-test-executor/bundler-spec-tests/@account-abstraction/artifacts/contracts/core/EntryPoint.sol/EntryPoint.json'</error></testcase><testcase classname="tests.bundle.test_storage_rules" name="test_rule[staked][paymaster][context][ok]" time="0.000"><error message="failed on setup with &quot;FileNotFoundError: [Errno 2] No such file or directory: '/home/runner/work/bundler-test-executor/bundler-test-executor/bundler-spec-tests/@account-abstraction/artifacts/contracts/core/EntryPoint.sol/EntryPoint.json'&quot;">tests/conftest.py:66: in entrypoint_contract
    with open(entrypoint_path, encoding="utf-8") as file:
E   FileNotFoundError: [Errno 2] No such file or directory: '/home/runner/work/bundler-test-executor/bundler-test-executor/bundler-spec-tests/@account-abstraction/artifacts/contracts/core/EntryPoint.sol/EntryPoint.json'</error></testcase><testcase classname="tests.bundle.test_storage_rules" name="test_rule[staked][paymaster][external_storage][drop]" time="0.000"><error message="failed on setup with &quot;FileNotFoundError: [Errno 2] No such file or directory: '/home/runner/work/bundler-test-executor/bundler-test-executor/bundler-spec-tests/@account-abstraction/artifacts/contracts/core/EntryPoint.sol/EntryPoint.json'&quot;">tests/conftest.py:66: in entrypoint_contract
    with open(entrypoint_path, encoding="utf-8") as file:
E   FileNotFoundError: [Errno 2] No such file or directory: '/home/runner/work/bundler-test-executor/bundler-test-executor/bundler-spec-tests/@account-abstraction/artifacts/contracts/core/EntryPoint.sol/EntryPoint.json'</error></testcase><testcase classname="tests.bundle.test_storage_rules" name="test_rule[unstaked][factory][no_storage][ok]" time="0.000"><error message="failed on setup with &quot;FileNotFoundError: [Errno 2] No such file or directory: '/home/runner/work/bundler-test-executor/bundler-test-executor/bundler-spec-tests/@account-abstraction/artifacts/contracts/core/EntryPoint.sol/EntryPoint.json'&quot;">tests/conftest.py:66: in entrypoint_contract
    with open(entrypoint_path, encoding="utf-8") as file:
E   FileNotFoundError: [Errno 2] No such file or directory: '/home/runner/work/bundler-test-executor/bundler-test-executor/bundler-spec-tests/@account-abstraction/artifacts/contracts/core/EntryPoint.sol/EntryPoint.json'</error></testcase><testcase classname="tests.bundle.test_storage_rules" name="test_rule[unstaked][factory][storage][drop]" time="0.000"><error message="failed on setup with &quot;FileNotFoundError: [Errno 2] No such file or directory: '/home/runner/work/bundler-test-executor/bundler-test-executor/bundler-spec-tests/@account-abstraction/artifacts/contracts/core/EntryPoint.sol/EntryPoint.json'&quot;">tests/conftest.py:66: in entrypoint_contract
    with open(entrypoint_path, encoding="utf-8") as file:
E   FileNotFoundError: [Errno 2] No such file or directory: '/home/runner/work/bundler-test-executor/bundler-test-executor/bundler-spec-tests/@account-abstraction/artifacts/contracts/core/EntryPoint.sol/EntryPoint.json'</error></testcase><testcase classname="tests.bundle.test_storage_rules" name="test_rule[unstaked][factory][reference_storage][drop]" time="0.000"><error message="failed on setup with &quot;FileNotFoundError: [Errno 2] No such file or directory: '/home/runner/work/bundler-test-executor/bundler-test-executor/bundler-spec-tests/@account-abstraction/artifacts/contracts/core/EntryPoint.sol/EntryPoint.json'&quot;">tests/conftest.py:66: in entrypoint_contract
    with open(entrypoint_path, encoding="utf-8") as file:
E   FileNotFoundError: [Errno 2] No such file or directory: '/home/runner/work/bundler-test-executor/bundler-test-executor/bundler-spec-tests/@account-abstraction/artifacts/contracts/core/EntryPoint.sol/EntryPoint.json'</error></testcase><testcase classname="tests.bundle.test_storage_rules" name="test_rule[unstaked][factory][reference_storage_struct][drop]" time="0.000"><error message="failed on setup with &quot;FileNotFoundError: [Errno 2] No such file or directory: '/home/runner/work/bundler-test-executor/bundler-test-executor/bundler-spec-tests/@account-abstraction/artifacts/contracts/core/EntryPoint.sol/EntryPoint.json'&quot;">tests/conftest.py:66: in entrypoint_contract
    with open(entrypoint_path, encoding="utf-8") as file:
E   FileNotFoundError: [Errno 2] No such file or directory: '/home/runner/work/bundler-test-executor/bundler-test-executor/bundler-spec-tests/@account-abstraction/artifacts/contracts/core/EntryPoint.sol/EntryPoint.json'</error></testcase><testcase classname="tests.bundle.test_storage_rules" name="test_rule[unstaked][factory][account_storage][ok]" time="0.000"><error message="failed on setup with &quot;FileNotFoundError: [Errno 2] No such file or directory: '/home/runner/work/bundler-test-executor/bundler-test-executor/bundler-spec-tests/@account-abstraction/artifacts/contracts/core/EntryPoint.sol/EntryPoint.json'&quot;">tests/conftest.py:66: in entrypoint_contract
    with open(entrypoint_path, encoding="utf-8") as file:
E   FileNotFoundError: [Errno 2] No such file or directory: '/home/runner/work/bundler-test-executor/bundler-test-executor/bundler-spec-tests/@account-abstraction/artifacts/contracts/core/EntryPoint.sol/EntryPoint.json'</error></testcase><testcase classname="tests.bundle.test_storage_rules" name="test_rule[unstaked][factory][account_reference_storage][drop]" time="0.000"><error message="failed on setup with &quot;FileNotFoundError: [Errno 2] No such file or directory: '/home/runner/work/bundler-test-executor/bundler-test-executor/bundler-spec-tests/@account-abstraction/artifacts/contracts/core/EntryPoint.sol/EntryPoint.json'&quot;">tests/conftest.py:66: in entrypoint_contract
    with open(entrypoint_path, encoding="utf-8") as file:
E   FileNotFoundError: [Errno 2] No such file or directory: '/home/runner/work/bundler-test-executor/bundler-test-executor/bundler-spec-tests/@account-abstraction/artifacts/contracts/core/EntryPoint.sol/EntryPoint.json'</error></testcase><testcase classname="tests.bundle.test_storage_rules" name="test_rule[unstaked][factory][account_reference_storage_struct][drop]" time="0.000"><error message="failed on setup with &quot;FileNotFoundError: [Errno 2] No such file or directory: '/home/runner/work/bundler-test-executor/bundler-test-executor/bundler-spec-tests/@account-abstraction/artifacts/contracts/core/EntryPoint.sol/EntryPoint.json'&quot;">tests/conftest.py:66: in entrypoint_contract
    with open(entrypoint_path, encoding="utf-8") as file:
E   FileNotFoundError: [Errno 2] No such file or directory: '/home/runner/work/bundler-test-executor/bundler-test-executor/bundler-spec-tests/@account-abstraction/artifacts/contracts/core/EntryPoint.sol/EntryPoint.json'</error></testcase><testcase classname="tests.bundle.test_storage_rules" name="test_rule[unstaked][factory][external_storage][drop]" time="0.000"><error message="failed on setup with &quot;FileNotFoundError: [Errno 2] No such file or directory: '/home/runner/work/bundler-test-executor/bundler-test-executor/bundler-spec-tests/@account-abstraction/artifacts/contracts/core/EntryPoint.sol/EntryPoint.json'&quot;">tests/conftest.py:66: in entrypoint_contract
    with open(entrypoint_path, encoding="utf-8") as file:
E   FileNotFoundError: [Errno 2] No such file or directory: '/home/runner/work/bundler-test-executor/bundler-test-executor/bundler-spec-tests/@account-abstraction/artifacts/contracts/core/EntryPoint.sol/EntryPoint.json'</error></testcase><testcase classname="tests.bundle.test_storage_rules" name="test_rule[staked][factory][no_storage][ok]" time="0.000"><error message="failed on setup with &quot;FileNotFoundError: [Errno 2] No such file or directory: '/home/runner/work/bundler-test-executor/bundler-test-executor/bundler-spec-tests/@account-abstraction/artifacts/contracts/core/EntryPoint.sol/EntryPoint.json'&quot;">tests/conftest.py:66: in entrypoint_contract
    with open(entrypoint_path, encoding="utf-8") as file:
E   FileNotFoundError: [Errno 2] No such file or directory: '/home/runner/work/bundler-test-executor/bundler-test-executor/bundler-spec-tests/@account-abstraction/artifacts/contracts/core/EntryPoint.sol/EntryPoint.json'</error></testcase><testcase classname="tests.bundle.test_storage_rules" name="test_rule[staked][factory][storage][ok]" time="0.000"><error message="failed on setup with &quot;FileNotFoundError: [Errno 2] No such file or directory: '/home/runner/work/bundler-test-executor/bundler-test-executor/bundler-spec-tests/@account-abstraction/artifacts/contracts/core/EntryPoint.sol/EntryPoint.json'&quot;">tests/conftest.py:66: in entrypoint_contract
    with open(entrypoint_path, encoding="utf-8") as file:
E   FileNotFoundError: [Errno 2] No such file or directory: '/home/runner/work/bundler-test-executor/bundler-test-executor/bundler-spec-tests/@account-abstraction/artifacts/contracts/core/EntryPoint.sol/EntryPoint.json'</error></testcase><testcase classname="tests.bundle.test_storage_rules" name="test_rule[staked][factory][reference_storage][ok]" time="0.000"><error message="failed on setup with &quot;FileNotFoundError: [Errno 2] No such file or directory: '/home/runner/work/bundler-test-executor/bundler-test-executor/bundler-spec-tests/@account-abstraction/artifacts/contracts/core/EntryPoint.sol/EntryPoint.json'&quot;">tests/conftest.py:66: in entrypoint_contract
    with open(entrypoint_path, encoding="utf-8") as file:
E   FileNotFoundError: [Errno 2] No such file or directory: '/home/runner/work/bundler-test-executor/bundler-test-executor/bundler-spec-tests/@account-abstraction/artifacts/contracts/core/EntryPoint.sol/EntryPoint.json'</error></testcase><testcase classname="tests.bundle.test_storage_rules" name="test_rule[staked][factory][reference_storage_struct][ok]" time="0.000"><error message="failed on setup with &quot;FileNotFoundError: [Errno 2] No such file or directory: '/home/runner/work/bundler-test-executor/bundler-test-executor/bundler-spec-tests/@account-abstraction/artifacts/contracts/core/EntryPoint.sol/EntryPoint.json'&quot;">tests/conftest.py:66: in entrypoint_contract
    with open(entrypoint_path, encoding="utf-8") as file:
E   FileNotFoundError: [Errno 2] No such file or directory: '/home/runner/work/bundler-test-executor/bundler-test-executor/bundler-spec-tests/@account-abstraction/artifacts/contracts/core/EntryPoint.sol/EntryPoint.json'</error></testcase><testcase classname="tests.bundle.test_storage_rules" name="test_rule[staked][factory][account_storage][ok]" time="0.000"><error message="failed on setup with &quot;FileNotFoundError: [Errno 2] No such file or directory: '/home/runner/work/bundler-test-executor/bundler-test-executor/bundler-spec-tests/@account-abstraction/artifacts/contracts/core/EntryPoint.sol/EntryPoint.json'&quot;">tests/conftest.py:66: in entrypoint_contract
    with open(entrypoint_path, encoding="utf-8") as file:
E   FileNotFoundError: [Errno 2] No such file or directory: '/home/runner/work/bundler-test-executor/bundler-test-executor/bundler-spec-tests/@account-abstraction/artifacts/contracts/core/EntryPoint.sol/EntryPoint.json'</error></testcase><testcase classname="tests.bundle.test_storage_rules" name="test_rule[staked][factory][account_reference_storage][ok]" time="0.000"><error message="failed on setup with &quot;FileNotFoundError: [Errno 2] No such file or directory: '/home/runner/work/bundler-test-executor/bundler-test-executor/bundler-spec-tests/@account-abstraction/artifacts/contracts/core/EntryPoint.sol/EntryPoint.json'&quot;">tests/conftest.py:66: in entrypoint_contract
    with open(entrypoint_path, encoding="utf-8") as file:
E   FileNotFoundError: [Errno 2] No such file or directory: '/home/runner/work/bundler-test-executor/bundler-test-executor/bundler-spec-tests/@account-abstraction/artifacts/contracts/core/EntryPoint.sol/EntryPoint.json'</error></testcase><testcase classname="tests.bundle.test_storage_rules" name="test_rule[staked][factory][account_reference_storage_struct][ok]" time="0.000"><error message="failed on setup with &quot;FileNotFoundError: [Errno 2] No such file or directory: '/home/runner/work/bundler-test-executor/bundler-test-executor/bundler-spec-tests/@account-abstraction/artifacts/contracts/core/EntryPoint.sol/EntryPoint.json'&quot;">tests/conftest.py:66: in entrypoint_contract
    with open(entrypoint_path, encoding="utf-8") as file:
E   FileNotFoundError: [Errno 2] No such file or directory: '/home/runner/work/bundler-test-executor/bundler-test-executor/bundler-spec-tests/@account-abstraction/artifacts/contracts/core/EntryPoint.sol/EntryPoint.json'</error></testcase><testcase classname="tests.bundle.test_storage_rules" name="test_rule[staked][factory][external_storage][drop]" time="0.000"><error message="failed on setup with &quot;FileNotFoundError: [Errno 2] No such file or directory: '/home/runner/work/bundler-test-executor/bundler-test-executor/bundler-spec-tests/@account-abstraction/artifacts/contracts/core/EntryPoint.sol/EntryPoint.json'&quot;">tests/conftest.py:66: in entrypoint_contract
    with open(entrypoint_path, encoding="utf-8") as file:
E   FileNotFoundError: [Errno 2] No such file or directory: '/home/runner/work/bundler-test-executor/bundler-test-executor/bundler-spec-tests/@account-abstraction/artifacts/contracts/core/EntryPoint.sol/EntryPoint.json'</error></testcase><testcase classname="tests.bundle.test_storage_rules" name="test_rule[unstaked][account][no_storage][ok]" time="0.000"><error message="failed on setup with &quot;FileNotFoundError: [Errno 2] No such file or directory: '/home/runner/work/bundler-test-executor/bundler-test-executor/bundler-spec-tests/@account-abstraction/artifacts/contracts/core/EntryPoint.sol/EntryPoint.json'&quot;">tests/conftest.py:66: in entrypoint_contract
    with open(entrypoint_path, encoding="utf-8") as file:
E   FileNotFoundError: [Errno 2] No such file or directory: '/home/runner/work/bundler-test-executor/bundler-test-executor/bundler-spec-tests/@account-abstraction/artifacts/contracts/core/EntryPoint.sol/EntryPoint.json'</error></testcase><testcase classname="tests.bundle.test_storage_rules" name="test_rule[unstaked][account][account_storage][ok]" time="0.001"><error message="failed on setup with &quot;FileNotFoundError: [Errno 2] No such file or directory: '/home/runner/work/bundler-test-executor/bundler-test-executor/bundler-spec-tests/@account-abstraction/artifacts/contracts/core/EntryPoint.sol/EntryPoint.json'&quot;">tests/conftest.py:66: in entrypoint_contract
    with open(entrypoint_path, encoding="utf-8") as file:
E   FileNotFoundError: [Errno 2] No such file or directory: '/home/runner/work/bundler-test-executor/bundler-test-executor/bundler-spec-tests/@account-abstraction/artifacts/contracts/core/EntryPoint.sol/EntryPoint.json'</error></testcase><testcase classname="tests.bundle.test_storage_rules" name="test_rule[unstaked][account][account_reference_storage][ok]" time="0.000"><error message="failed on setup with &quot;FileNotFoundError: [Errno 2] No such file or directory: '/home/runner/work/bundler-test-executor/bundler-test-executor/bundler-spec-tests/@account-abstraction/artifacts/contracts/core/EntryPoint.sol/EntryPoint.json'&quot;">tests/conftest.py:66: in entrypoint_contract
    with open(entrypoint_path, encoding="utf-8") as file:
E   FileNotFoundError: [Errno 2] No such file or directory: '/home/runner/work/bundler-test-executor/bundler-test-executor/bundler-spec-tests/@account-abstraction/artifacts/contracts/core/EntryPoint.sol/EntryPoint.json'</error></testcase><testcase classname="tests.bundle.test_storage_rules" name="test_rule[unstaked][account][account_reference_storage_init_code][drop]" time="0.000"><error message="failed on setup with &quot;FileNotFoundError: [Errno 2] No such file or directory: '/home/runner/work/bundler-test-executor/bundler-test-executor/bundler-spec-tests/@account-abstraction/artifacts/contracts/core/EntryPoint.sol/EntryPoint.json'&quot;">tests/conftest.py:66: in entrypoint_contract
    with open(entrypoint_path, encoding="utf-8") as file:
E   FileNotFoundError: [Errno 2] No such file or directory: '/home/runner/work/bundler-test-executor/bundler-test-executor/bundler-spec-tests/@account-abstraction/artifacts/contracts/core/EntryPoint.sol/EntryPoint.json'</error></testcase><testcase classname="tests.bundle.test_storage_rules" name="test_rule[unstaked][account][account_reference_storage_struct][ok]" time="0.000"><error message="failed on setup with &quot;FileNotFoundError: [Errno 2] No such file or directory: '/home/runner/work/bundler-test-executor/bundler-test-executor/bundler-spec-tests/@account-abstraction/artifacts/contracts/core/EntryPoint.sol/EntryPoint.json'&quot;">tests/conftest.py:66: in entrypoint_contract
    with open(entrypoint_path, encoding="utf-8") as file:
E   FileNotFoundError: [Errno 2] No such file or directory: '/home/runner/work/bundler-test-executor/bundler-test-executor/bundler-spec-tests/@account-abstraction/artifacts/contracts/core/EntryPoint.sol/EntryPoint.json'</error></testcase><testcase classname="tests.bundle.test_storage_rules" name="test_rule[unstaked][account][external_storage][drop]" time="0.000"><error message="failed on setup with &quot;FileNotFoundError: [Errno 2] No such file or directory: '/home/runner/work/bundler-test-executor/bundler-test-executor/bundler-spec-tests/@account-abstraction/artifacts/contracts/core/EntryPoint.sol/EntryPoint.json'&quot;">tests/conftest.py:66: in entrypoint_contract
    with open(entrypoint_path, encoding="utf-8") as file:
E   FileNotFoundError: [Errno 2] No such file or directory: '/home/runner/work/bundler-test-executor/bundler-test-executor/bundler-spec-tests/@account-abstraction/artifacts/contracts/core/EntryPoint.sol/EntryPoint.json'</error></testcase><testcase classname="tests.bundle.test_storage_rules" name="test_rule[staked][account][no_storage][ok]" time="0.000"><error message="failed on setup with &quot;FileNotFoundError: [Errno 2] No such file or directory: '/home/runner/work/bundler-test-executor/bundler-test-executor/bundler-spec-tests/@account-abstraction/artifacts/contracts/core/EntryPoint.sol/EntryPoint.json'&quot;">tests/conftest.py:66: in entrypoint_contract
    with open(entrypoint_path, encoding="utf-8") as file:
E   FileNotFoundError: [Errno 2] No such file or directory: '/home/runner/work/bundler-test-executor/bundler-test-executor/bundler-spec-tests/@account-abstraction/artifacts/contracts/core/EntryPoint.sol/EntryPoint.json'</error></testcase><testcase classname="tests.bundle.test_storage_rules" name="test_rule[staked][account][account_storage][ok]" time="0.000"><error message="failed on setup with &quot;FileNotFoundError: [Errno 2] No such file or directory: '/home/runner/work/bundler-test-executor/bundler-test-executor/bundler-spec-tests/@account-abstraction/artifacts/contracts/core/EntryPoint.sol/EntryPoint.json'&quot;">tests/conftest.py:66: in entrypoint_contract
    with open(entrypoint_path, encoding="utf-8") as file:
E   FileNotFoundError: [Errno 2] No such file or directory: '/home/runner/work/bundler-test-executor/bundler-test-executor/bundler-spec-tests/@account-abstraction/artifacts/contracts/core/EntryPoint.sol/EntryPoint.json'</error></testcase><testcase classname="tests.bundle.test_storage_rules" name="test_rule[staked][account][account_reference_storage][ok]" time="0.000"><error message="failed on setup with &quot;FileNotFoundError: [Errno 2] No such file or directory: '/home/runner/work/bundler-test-executor/bundler-test-executor/bundler-spec-tests/@account-abstraction/artifacts/contracts/core/EntryPoint.sol/EntryPoint.json'&quot;">tests/conftest.py:66: in entrypoint_contract
    with open(entrypoint_path, encoding="utf-8") as file:
E   FileNotFoundError: [Errno 2] No such file or directory: '/home/runner/work/bundler-test-executor/bundler-test-executor/bundler-spec-tests/@account-abstraction/artifacts/contracts/core/EntryPoint.sol/EntryPoint.json'</error></testcase><testcase classname="tests.bundle.test_storage_rules" name="test_rule[staked][account][account_reference_storage_struct][ok]" time="0.000"><error message="failed on setup with &quot;FileNotFoundError: [Errno 2] No such file or directory: '/home/runner/work/bundler-test-executor/bundler-test-executor/bundler-spec-tests/@account-abstraction/artifacts/contracts/core/EntryPoint.sol/EntryPoint.json'&quot;">tests/conftest.py:66: in entrypoint_contract
    with open(entrypoint_path, encoding="utf-8") as file:
E   FileNotFoundError: [Errno 2] No such file or directory: '/home/runner/work/bundler-test-executor/bundler-test-executor/bundler-spec-tests/@account-abstraction/artifacts/contracts/core/EntryPoint.sol/EntryPoint.json'</error></testcase><testcase classname="tests.bundle.test_storage_rules" name="test_rule[staked][account][external_storage][drop]" time="0.000"><error message="failed on setup with &quot;FileNotFoundError: [Errno 2] No such file or directory: '/home/runner/work/bundler-test-executor/bundler-test-executor/bundler-spec-tests/@account-abstraction/artifacts/contracts/core/EntryPoint.sol/EntryPoint.json'&quot;">tests/conftest.py:66: in entrypoint_contract
    with open(entrypoint_path, encoding="utf-8") as file:
E   FileNotFoundError: [Errno 2] No such file or directory: '/home/runner/work/bundler-test-executor/bundler-test-executor/bundler-spec-tests/@account-abstraction/artifacts/contracts/core/EntryPoint.sol/EntryPoint.json'</error></testcase><testcase classname="tests.opbanning.test_op_banning" name="test_account_banned_opcode[GAS]" time="0.001"><error message="failed on setup with &quot;FileNotFoundError: [Errno 2] No such file or directory: '/home/runner/work/bundler-test-executor/bundler-test-executor/bundler-spec-tests/@account-abstraction/artifacts/contracts/core/EntryPoint.sol/EntryPoint.json'&quot;">tests/conftest.py:66: in entrypoint_contract
    with open(entrypoint_path, encoding="utf-8") as file:
E   FileNotFoundError: [Errno 2] No such file or directory: '/home/runner/work/bundler-test-executor/bundler-test-executor/bundler-spec-tests/@account-abstraction/artifacts/contracts/core/EntryPoint.sol/EntryPoint.json'</error></testcase><testcase classname="tests.opbanning.test_op_banning" name="test_account_banned_opcode[NUMBER]" time="0.000"><error message="failed on setup with &quot;FileNotFoundError: [Errno 2] No such file or directory: '/home/runner/work/bundler-test-executor/bundler-test-executor/bundler-spec-tests/@account-abstraction/artifacts/contracts/core/EntryPoint.sol/EntryPoint.json'&quot;">tests/conftest.py:66: in entrypoint_contract
    with open(entrypoint_path, encoding="utf-8") as file:
E   FileNotFoundError: [Errno 2] No such file or directory: '/home/runner/work/bundler-test-executor/bundler-test-executor/bundler-spec-tests/@account-abstraction/artifacts/contracts/core/EntryPoint.sol/EntryPoint.json'</error></testcase><testcase classname="tests.opbanning.test_op_banning" name="test_account_banned_opcode[TIMESTAMP]" time="0.000"><error message="failed on setup with &quot;FileNotFoundError: [Errno 2] No such file or directory: '/home/runner/work/bundler-test-executor/bundler-test-executor/bundler-spec-tests/@account-abstraction/artifacts/contracts/core/EntryPoint.sol/EntryPoint.json'&quot;">tests/conftest.py:66: in entrypoint_contract
    with open(entrypoint_path, encoding="utf-8") as file:
E   FileNotFoundError: [Errno 2] No such file or directory: '/home/runner/work/bundler-test-executor/bundler-test-executor/bundler-spec-tests/@account-abstraction/artifacts/contracts/core/EntryPoint.sol/EntryPoint.json'</error></testcase><testcase classname="tests.opbanning.test_op_banning" name="test_account_banned_opcode[COINBASE]" time="0.000"><error message="failed on setup with &quot;FileNotFoundError: [Errno 2] No such file or directory: '/home/runner/work/bundler-test-executor/bundler-test-executor/bundler-spec-tests/@account-abstraction/artifacts/contracts/core/EntryPoint.sol/EntryPoint.json'&quot;">tests/conftest.py:66: in entrypoint_contract
    with open(entrypoint_path, encoding="utf-8") as file:
E   FileNotFoundError: [Errno 2] No such file or directory: '/home/runner/work/bundler-test-executor/bundler-test-executor/bundler-spec-tests/@account-abstraction/artifacts/contracts/core/EntryPoint.sol/EntryPoint.json'</error></testcase><testcase classname="tests.opbanning.test_op_banning" name="test_account_banned_opcode[DIFFICULTY]" time="0.000"><error message="failed on setup with &quot;FileNotFoundError: [Errno 2] No such file or directory: '/home/runner/work/bundler-test-executor/bundler-test-executor/bundler-spec-tests/@account-abstraction/artifacts/contracts/core/EntryPoint.sol/EntryPoint.json'&quot;">tests/conftest.py:66: in entrypoint_contract
    with open(entrypoint_path, encoding="utf-8") as file:
E   FileNotFoundError: [Errno 2] No such file or directory: '/home/runner/work/bundler-test-executor/bundler-test-executor/bundler-spec-tests/@account-abstraction/artifacts/contracts/core/EntryPoint.sol/EntryPoint.json'</error></testcase><testcase classname="tests.opbanning.test_op_banning" name="test_account_banned_opcode[BASEFEE]" time="0.000"><error message="failed on setup with &quot;FileNotFoundError: [Errno 2] No such file or directory: '/home/runner/work/bundler-test-executor/bundler-test-executor/bundler-spec-tests/@account-abstraction/artifacts/contracts/core/EntryPoint.sol/EntryPoint.json'&quot;">tests/conftest.py:66: in entrypoint_contract
    with open(entrypoint_path, encoding="utf-8") as file:
E   FileNotFoundError: [Errno 2] No such file or directory: '/home/runner/work/bundler-test-executor/bundler-test-executor/bundler-spec-tests/@account-abstraction/artifacts/contracts/core/EntryPoint.sol/EntryPoint.json'</error></testcase><testcase classname="tests.opbanning.test_op_banning" name="test_account_banned_opcode[GASLIMIT]" time="0.000"><error message="failed on setup with &quot;FileNotFoundError: [Errno 2] No such file or directory: '/home/runner/work/bundler-test-executor/bundler-test-executor/bundler-spec-tests/@account-abstraction/artifacts/contracts/core/EntryPoint.sol/EntryPoint.json'&quot;">tests/conftest.py:66: in entrypoint_contract
    with open(entrypoint_path, encoding="utf-8") as file:
E   FileNotFoundError: [Errno 2] No such file or directory: '/home/runner/work/bundler-test-executor/bundler-test-executor/bundler-spec-tests/@account-abstraction/artifacts/contracts/core/EntryPoint.sol/EntryPoint.json'</error></testcase><testcase classname="tests.opbanning.test_op_banning" name="test_account_banned_opcode[GASPRICE]" time="0.000"><error message="failed on setup with &quot;FileNotFoundError: [Errno 2] No such file or directory: '/home/runner/work/bundler-test-executor/bundler-test-executor/bundler-spec-tests/@account-abstraction/artifacts/contracts/core/EntryPoint.sol/EntryPoint.json'&quot;">tests/conftest.py:66: in entrypoint_contract
    with open(entrypoint_path, encoding="utf-8") as file:
E   FileNotFoundError: [Errno 2] No such file or directory: '/home/runner/work/bundler-test-executor/bundler-test-executor/bundler-spec-tests/@account-abstraction/artifacts/contracts/core/EntryPoint.sol/EntryPoint.json'</error></testcase><testcase classname="tests.opbanning.test_op_banning" name="test_account_banned_opcode[SELFBALANCE]" time="0.000"><error message="failed on setup with &quot;FileNotFoundError: [Errno 2] No such file or directory: '/home/runner/work/bundler-test-executor/bundler-test-executor/bundler-spec-tests/@account-abstraction/artifacts/contracts/core/EntryPoint.sol/EntryPoint.json'&quot;">tests/conftest.py:66: in entrypoint_contract
    with open(entrypoint_path, encoding="utf-8") as file:
E   FileNotFoundError: [Errno 2] No such file or directory: '/home/runner/work/bundler-test-executor/bundler-test-executor/bundler-spec-tests/@account-abstraction/artifacts/contracts/core/EntryPoint.sol/EntryPoint.json'</error></testcase><testcase classname="tests.opbanning.test_op_banning" name="test_account_banned_opcode[BALANCE]" time="0.000"><error message="failed on setup with &quot;FileNotFoundError: [Errno 2] No such file or directory: '/home/runner/work/bundler-test-executor/bundler-test-executor/bundler-spec-tests/@account-abstraction/artifacts/contracts/core/EntryPoint.sol/EntryPoint.json'&quot;">tests/conftest.py:66: in entrypoint_contract
    with open(entrypoint_path, encoding="utf-8") as file:
E   FileNotFoundError: [Errno 2] No such file or directory: '/home/runner/work/bundler-test-executor/bundler-test-executor/bundler-spec-tests/@account-abstraction/artifacts/contracts/core/EntryPoint.sol/EntryPoint.json'</error></testcase><testcase classname="tests.opbanning.test_op_banning" name="test_account_banned_opcode[ORIGIN]" time="0.000"><error message="failed on setup with &quot;FileNotFoundError: [Errno 2] No such file or directory: '/home/runner/work/bundler-test-executor/bundler-test-executor/bundler-spec-tests/@account-abstraction/artifacts/contracts/core/EntryPoint.sol/EntryPoint.json'&quot;">tests/conftest.py:66: in entrypoint_contract
    with open(entrypoint_path, encoding="utf-8") as file:
E   FileNotFoundError: [Errno 2] No such file or directory: '/home/runner/work/bundler-test-executor/bundler-test-executor/bundler-spec-tests/@account-abstraction/artifacts/contracts/core/EntryPoint.sol/EntryPoint.json'</error></testcase><testcase classname="tests.opbanning.test_op_banning" name="test_account_banned_opcode[BLOCKHASH]" time="0.000"><error message="failed on setup with &quot;FileNotFoundError: [Errno 2] No such file or directory: '/home/runner/work/bundler-test-executor/bundler-test-executor/bundler-spec-tests/@account-abstraction/artifacts/contracts/core/EntryPoint.sol/EntryPoint.json'&quot;">tests/conftest.py:66: in entrypoint_contract
    with open(entrypoint_path, encoding="utf-8") as file:
E   FileNotFoundError: [Errno 2] No such file or directory: '/home/runner/work/bundler-test-executor/bundler-test-executor/bundler-spec-tests/@account-abstraction/artifacts/contracts/core/EntryPoint.sol/EntryPoint.json'</error></testcase><testcase classname="tests.opbanning.test_op_banning" name="test_account_banned_opcode[CREATE]" time="0.000"><error message="failed on setup with &quot;FileNotFoundError: [Errno 2] No such file or directory: '/home/runner/work/bundler-test-executor/bundler-test-executor/bundler-spec-tests/@account-abstraction/artifacts/contracts/core/EntryPoint.sol/EntryPoint.json'&quot;">tests/conftest.py:66: in entrypoint_contract
    with open(entrypoint_path, encoding="utf-8") as file:
E   FileNotFoundError: [Errno 2] No such file or directory: '/home/runner/work/bundler-test-executor/bundler-test-executor/bundler-spec-tests/@account-abstraction/artifacts/contracts/core/EntryPoint.sol/EntryPoint.json'</error></testcase><testcase classname="tests.opbanning.test_op_banning" name="test_account_banned_opcode[CREATE2]" time="0.000"><error message="failed on setup with &quot;FileNotFoundError: [Errno 2] No such file or directory: '/home/runner/work/bundler-test-executor/bundler-test-executor/bundler-spec-tests/@account-abstraction/artifacts/contracts/core/EntryPoint.sol/EntryPoint.json'&quot;">tests/conftest.py:66: in entrypoint_contract
    with open(entrypoint_path, encoding="utf-8") as file:
E   FileNotFoundError: [Errno 2] No such file or directory: '/home/runner/work/bundler-test-executor/bundler-test-executor/bundler-spec-tests/@account-abstraction/artifacts/contracts/core/EntryPoint.sol/EntryPoint.json'</error></testcase><testcase classname="tests.opbanning.test_op_banning" name="test_account_banned_opcode[SELFDESTRUCT]" time="0.000"><error message="failed on setup with &quot;FileNotFoundError: [Errno 2] No such file or directory: '/home/runner/work/bundler-test-executor/bundler-test-executor/bundler-spec-tests/@account-abstraction/artifacts/contracts/core/EntryPoint.sol/EntryPoint.json'&quot;">tests/conftest.py:66: in entrypoint_contract
    with open(entrypoint_path, encoding="utf-8") as file:
E   FileNotFoundError: [Errno 2] No such file or directory: '/home/runner/work/bundler-test-executor/bundler-test-executor/bundler-spec-tests/@account-abstraction/artifacts/contracts/core/EntryPoint.sol/EntryPoint.json'</error></testcase><testcase classname="tests.opbanning.test_op_banning" name="test_paymaster_banned_opcode[GAS]" time="0.000"><error message="failed on setup with &quot;FileNotFoundError: [Errno 2] No such file or directory: '/home/runner/work/bundler-test-executor/bundler-test-executor/bundler-spec-tests/@account-abstraction/artifacts/contracts/core/EntryPoint.sol/EntryPoint.json'&quot;">tests/conftest.py:66: in entrypoint_contract
    with open(entrypoint_path, encoding="utf-8") as file:
E   FileNotFoundError: [Errno 2] No such file or directory: '/home/runner/work/bundler-test-executor/bundler-test-executor/bundler-spec-tests/@account-abstraction/artifacts/contracts/core/EntryPoint.sol/EntryPoint.json'</error></testcase><testcase classname="tests.opbanning.test_op_banning" name="test_paymaster_banned_opcode[NUMBER]" time="0.000"><error message="failed on setup with &quot;FileNotFoundError: [Errno 2] No such file or directory: '/home/runner/work/bundler-test-executor/bundler-test-executor/bundler-spec-tests/@account-abstraction/artifacts/contracts/core/EntryPoint.sol/EntryPoint.json'&quot;">tests/conftest.py:66: in entrypoint_contract
    with open(entrypoint_path, encoding="utf-8") as file:
E   FileNotFoundError: [Errno 2] No such file or directory: '/home/runner/work/bundler-test-executor/bundler-test-executor/bundler-spec-tests/@account-abstraction/artifacts/contracts/core/EntryPoint.sol/EntryPoint.json'</error></testcase><testcase classname="tests.opbanning.test_op_banning" name="test_paymaster_banned_opcode[TIMESTAMP]" time="0.000"><error message="failed on setup with &quot;FileNotFoundError: [Errno 2] No such file or directory: '/home/runner/work/bundler-test-executor/bundler-test-executor/bundler-spec-tests/@account-abstraction/artifacts/contracts/core/EntryPoint.sol/EntryPoint.json'&quot;">tests/conftest.py:66: in entrypoint_contract
    with open(entrypoint_path, encoding="utf-8") as file:
E   FileNotFoundError: [Errno 2] No such file or directory: '/home/runner/work/bundler-test-executor/bundler-test-executor/bundler-spec-tests/@account-abstraction/artifacts/contracts/core/EntryPoint.sol/EntryPoint.json'</error></testcase><testcase classname="tests.opbanning.test_op_banning" name="test_paymaster_banned_opcode[COINBASE]" time="0.000"><error message="failed on setup with &quot;FileNotFoundError: [Errno 2] No such file or directory: '/home/runner/work/bundler-test-executor/bundler-test-executor/bundler-spec-tests/@account-abstraction/artifacts/contracts/core/EntryPoint.sol/EntryPoint.json'&quot;">tests/conftest.py:66: in entrypoint_contract
    with open(entrypoint_path, encoding="utf-8") as file:
E   FileNotFoundError: [Errno 2] No such file or directory: '/home/runner/work/bundler-test-executor/bundler-test-executor/bundler-spec-tests/@account-abstraction/artifacts/contracts/core/EntryPoint.sol/EntryPoint.json'</error></testcase><testcase classname="tests.opbanning.test_op_banning" name="test_paymaster_banned_opcode[DIFFICULTY]" time="0.000"><error message="failed on setup with &quot;FileNotFoundError: [Errno 2] No such file or directory: '/home/runner/work/bundler-test-executor/bundler-test-executor/bundler-spec-tests/@account-abstraction/artifacts/contracts/core/EntryPoint.sol/EntryPoint.json'&quot;">tests/conftest.py:66: in entrypoint_contract
    with open(entrypoint_path, encoding="utf-8") as file:
E   FileNotFoundError: [Errno 2] No such file or directory: '/home/runner/work/bundler-test-executor/bundler-test-executor/bundler-spec-tests/@account-abstraction/artifacts/contracts/core/EntryPoint.sol/EntryPoint.json'</error></testcase><testcase classname="tests.opbanning.test_op_banning" name="test_paymaster_banned_opcode[BASEFEE]" time="0.000"><error message="failed on setup with &quot;FileNotFoundError: [Errno 2] No such file or directory: '/home/runner/work/bundler-test-executor/bundler-test-executor/bundler-spec-tests/@account-abstraction/artifacts/contracts/core/EntryPoint.sol/EntryPoint.json'&quot;">tests/conftest.py:66: in entrypoint_contract
    with open(entrypoint_path, encoding="utf-8") as file:
E   FileNotFoundError: [Errno 2] No such file or directory: '/home/runner/work/bundler-test-executor/bundler-test-executor/bundler-spec-tests/@account-abstraction/artifacts/contracts/core/EntryPoint.sol/EntryPoint.json'</error></testcase><testcase classname="tests.opbanning.test_op_banning" name="test_paymaster_banned_opcode[GASLIMIT]" time="0.000"><error message="failed on setup with &quot;FileNotFoundError: [Errno 2] No such file or directory: '/home/runner/work/bundler-test-executor/bundler-test-executor/bundler-spec-tests/@account-abstraction/artifacts/contracts/core/EntryPoint.sol/EntryPoint.json'&quot;">tests/conftest.py:66: in entrypoint_contract
    with open(entrypoint_path, encoding="utf-8") as file:
E   FileNotFoundError: [Errno 2] No such file or directory: '/home/runner/work/bundler-test-executor/bundler-test-executor/bundler-spec-tests/@account-abstraction/artifacts/contracts/core/EntryPoint.sol/EntryPoint.json'</error></testcase><testcase classname="tests.opbanning.test_op_banning" name="test_paymaster_banned_opcode[GASPRICE]" time="0.000"><error message="failed on setup with &quot;FileNotFoundError: [Errno 2] No such file or directory: '/home/runner/work/bundler-test-executor/bundler-test-executor/bundler-spec-tests/@account-abstraction/artifacts/contracts/core/EntryPoint.sol/EntryPoint.json'&quot;">tests/conftest.py:66: in entrypoint_contract
    with open(entrypoint_path, encoding="utf-8") as file:
E   FileNotFoundError: [Errno 2] No such file or directory: '/home/runner/work/bundler-test-executor/bundler-test-executor/bundler-spec-tests/@account-abstraction/artifacts/contracts/core/EntryPoint.sol/EntryPoint.json'</error></testcase><testcase classname="tests.opbanning.test_op_banning" name="test_paymaster_banned_opcode[SELFBALANCE]" time="0.000"><error message="failed on setup with &quot;FileNotFoundError: [Errno 2] No such file or directory: '/home/runner/work/bundler-test-executor/bundler-test-executor/bundler-spec-tests/@account-abstraction/artifacts/contracts/core/EntryPoint.sol/EntryPoint.json'&quot;">tests/conftest.py:66: in entrypoint_contract
    with open(entrypoint_path, encoding="utf-8") as file:
E   FileNotFoundError: [Errno 2] No such file or directory: '/home/runner/work/bundler-test-executor/bundler-test-executor/bundler-spec-tests/@account-abstraction/artifacts/contracts/core/EntryPoint.sol/EntryPoint.json'</error></testcase><testcase classname="tests.opbanning.test_op_banning" name="test_paymaster_banned_opcode[BALANCE]" time="0.000"><error message="failed on setup with &quot;FileNotFoundError: [Errno 2] No such file or directory: '/home/runner/work/bundler-test-executor/bundler-test-executor/bundler-spec-tests/@account-abstraction/artifacts/contracts/core/EntryPoint.sol/EntryPoint.json'&quot;">tests/conftest.py:66: in entrypoint_contract
    with open(entrypoint_path, encoding="utf-8") as file:
E   FileNotFoundError: [Errno 2] No such file or directory: '/home/runner/work/bundler-test-executor/bundler-test-executor/bundler-spec-tests/@account-abstraction/artifacts/contracts/core/EntryPoint.sol/EntryPoint.json'</error></testcase><testcase classname="tests.opbanning.test_op_banning" name="test_paymaster_banned_opcode[ORIGIN]" time="0.000"><error message="failed on setup with &quot;FileNotFoundError: [Errno 2] No such file or directory: '/home/runner/work/bundler-test-executor/bundler-test-executor/bundler-spec-tests/@account-abstraction/artifacts/contracts/core/EntryPoint.sol/EntryPoint.json'&quot;">tests/conftest.py:66: in entrypoint_contract
    with open(entrypoint_path, encoding="utf-8") as file:
E   FileNotFoundError: [Errno 2] No such file or directory: '/home/runner/work/bundler-test-executor/bundler-test-executor/bundler-spec-tests/@account-abstraction/artifacts/contracts/core/EntryPoint.sol/EntryPoint.json'</error></testcase><testcase classname="tests.opbanning.test_op_banning" name="test_paymaster_banned_opcode[BLOCKHASH]" time="0.000"><error message="failed on setup with &quot;FileNotFoundError: [Errno 2] No such file or directory: '/home/runner/work/bundler-test-executor/bundler-test-executor/bundler-spec-tests/@account-abstraction/artifacts/contracts/core/EntryPoint.sol/EntryPoint.json'&quot;">tests/conftest.py:66: in entrypoint_contract
    with open(entrypoint_path, encoding="utf-8") as file:
E   FileNotFoundError: [Errno 2] No such file or directory: '/home/runner/work/bundler-test-executor/bundler-test-executor/bundler-spec-tests/@account-abstraction/artifacts/contracts/core/EntryPoint.sol/EntryPoint.json'</error></testcase><testcase classname="tests.opbanning.test_op_banning" name="test_paymaster_banned_opcode[CREATE]" time="0.000"><error message="failed on setup with &quot;FileNotFoundError: [Errno 2] No such file or directory: '/home/runner/work/bundler-test-executor/bundler-test-executor/bundler-spec-tests/@account-abstraction/artifacts/contracts/core/EntryPoint.sol/EntryPoint.json'&quot;">tests/conftest.py:66: in entrypoint_contract
    with open(entrypoint_path, encoding="utf-8") as file:
E   FileNotFoundError: [Errno 2] No such file or directory: '/home/runner/work/bundler-test-executor/bundler-test-executor/bundler-spec-tests/@account-abstraction/artifacts/contracts/core/EntryPoint.sol/EntryPoint.json'</error></testcase><testcase classname="tests.opbanning.test_op_banning" name="test_paymaster_banned_opcode[CREATE2]" time="0.000"><error message="failed on setup with &quot;FileNotFoundError: [Errno 2] No such file or directory: '/home/runner/work/bundler-test-executor/bundler-test-executor/bundler-spec-tests/@account-abstraction/artifacts/contracts/core/EntryPoint.sol/EntryPoint.json'&quot;">tests/conftest.py:66: in entrypoint_contract
    with open(entrypoint_path, encoding="utf-8") as file:
E   FileNotFoundError: [Errno 2] No such file or directory: '/home/runner/work/bundler-test-executor/bundler-test-executor/bundler-spec-tests/@account-abstraction/artifacts/contracts/core/EntryPoint.sol/EntryPoint.json'</error></testcase><testcase classname="tests.opbanning.test_op_banning" name="test_paymaster_banned_opcode[SELFDESTRUCT]" time="0.000"><error message="failed on setup with &quot;FileNotFoundError: [Errno 2] No such file or directory: '/home/runner/work/bundler-test-executor/bundler-test-executor/bundler-spec-tests/@account-abstraction/artifacts/contracts/core/EntryPoint.sol/EntryPoint.json'&quot;">tests/conftest.py:66: in entrypoint_contract
    with open(entrypoint_path, encoding="utf-8") as file:
E   FileNotFoundError: [Errno 2] No such file or directory: '/home/runner/work/bundler-test-executor/bundler-test-executor/bundler-spec-tests/@account-abstraction/artifacts/contracts/core/EntryPoint.sol/EntryPoint.json'</error></testcase><testcase classname="tests.opbanning.test_op_banning" name="test_factory_banned_opcode[GAS]" time="0.000"><error message="failed on setup with &quot;FileNotFoundError: [Errno 2] No such file or directory: '/home/runner/work/bundler-test-executor/bundler-test-executor/bundler-spec-tests/@account-abstraction/artifacts/contracts/core/EntryPoint.sol/EntryPoint.json'&quot;">tests/conftest.py:66: in entrypoint_contract
    with open(entrypoint_path, encoding="utf-8") as file:
E   FileNotFoundError: [Errno 2] No such file or directory: '/home/runner/work/bundler-test-executor/bundler-test-executor/bundler-spec-tests/@account-abstraction/artifacts/contracts/core/EntryPoint.sol/EntryPoint.json'</error></testcase><testcase classname="tests.opbanning.test_op_banning" name="test_factory_banned_opcode[NUMBER]" time="0.000"><error message="failed on setup with &quot;FileNotFoundError: [Errno 2] No such file or directory: '/home/runner/work/bundler-test-executor/bundler-test-executor/bundler-spec-tests/@account-abstraction/artifacts/contracts/core/EntryPoint.sol/EntryPoint.json'&quot;">tests/conftest.py:66: in entrypoint_contract
    with open(entrypoint_path, encoding="utf-8") as file:
E   FileNotFoundError: [Errno 2] No such file or directory: '/home/runner/work/bundler-test-executor/bundler-test-executor/bundler-spec-tests/@account-abstraction/artifacts/contracts/core/EntryPoint.sol/EntryPoint.json'</error></testcase><testcase classname="tests.opbanning.test_op_banning" name="test_factory_banned_opcode[TIMESTAMP]" time="0.000"><error message="failed on setup with &quot;FileNotFoundError: [Errno 2] No such file or directory: '/home/runner/work/bundler-test-executor/bundler-test-executor/bundler-spec-tests/@account-abstraction/artifacts/contracts/core/EntryPoint.sol/EntryPoint.json'&quot;">tests/conftest.py:66: in entrypoint_contract
    with open(entrypoint_path, encoding="utf-8") as file:
E   FileNotFoundError: [Errno 2] No such file or directory: '/home/runner/work/bundler-test-executor/bundler-test-executor/bundler-spec-tests/@account-abstraction/artifacts/contracts/core/EntryPoint.sol/EntryPoint.json'</error></testcase><testcase classname="tests.opbanning.test_op_banning" name="test_factory_banned_opcode[COINBASE]" time="0.000"><error message="failed on setup with &quot;FileNotFoundError: [Errno 2] No such file or directory: '/home/runner/work/bundler-test-executor/bundler-test-executor/bundler-spec-tests/@account-abstraction/artifacts/contracts/core/EntryPoint.sol/EntryPoint.json'&quot;">tests/conftest.py:66: in entrypoint_contract
    with open(entrypoint_path, encoding="utf-8") as file:
E   FileNotFoundError: [Errno 2] No such file or directory: '/home/runner/work/bundler-test-executor/bundler-test-executor/bundler-spec-tests/@account-abstraction/artifacts/contracts/core/EntryPoint.sol/EntryPoint.json'</error></testcase><testcase classname="tests.opbanning.test_op_banning" name="test_factory_banned_opcode[DIFFICULTY]" time="0.000"><error message="failed on setup with &quot;FileNotFoundError: [Errno 2] No such file or directory: '/home/runner/work/bundler-test-executor/bundler-test-executor/bundler-spec-tests/@account-abstraction/artifacts/contracts/core/EntryPoint.sol/EntryPoint.json'&quot;">tests/conftest.py:66: in entrypoint_contract
    with open(entrypoint_path, encoding="utf-8") as file:
E   FileNotFoundError: [Errno 2] No such file or directory: '/home/runner/work/bundler-test-executor/bundler-test-executor/bundler-spec-tests/@account-abstraction/artifacts/contracts/core/EntryPoint.sol/EntryPoint.json'</error></testcase><testcase classname="tests.opbanning.test_op_banning" name="test_factory_banned_opcode[BASEFEE]" time="0.000"><error message="failed on setup with &quot;FileNotFoundError: [Errno 2] No such file or directory: '/home/runner/work/bundler-test-executor/bundler-test-executor/bundler-spec-tests/@account-abstraction/artifacts/contracts/core/EntryPoint.sol/EntryPoint.json'&quot;">tests/conftest.py:66: in entrypoint_contract
    with open(entrypoint_path, encoding="utf-8") as file:
E   FileNotFoundError: [Errno 2] No such file or directory: '/home/runner/work/bundler-test-executor/bundler-test-executor/bundler-spec-tests/@account-abstraction/artifacts/contracts/core/EntryPoint.sol/EntryPoint.json'</error></testcase><testcase classname="tests.opbanning.test_op_banning" name="test_factory_banned_opcode[GASLIMIT]" time="0.000"><error message="failed on setup with &quot;FileNotFoundError: [Errno 2] No such file or directory: '/home/runner/work/bundler-test-executor/bundler-test-executor/bundler-spec-tests/@account-abstraction/artifacts/contracts/core/EntryPoint.sol/EntryPoint.json'&quot;">tests/conftest.py:66: in entrypoint_contract
    with open(entrypoint_path, encoding="utf-8") as file:
E   FileNotFoundError: [Errno 2] No such file or directory: '/home/runner/work/bundler-test-executor/bundler-test-executor/bundler-spec-tests/@account-abstraction/artifacts/contracts/core/EntryPoint.sol/EntryPoint.json'</error></testcase><testcase classname="tests.opbanning.test_op_banning" name="test_factory_banned_opcode[GASPRICE]" time="0.000"><error message="failed on setup with &quot;FileNotFoundError: [Errno 2] No such file or directory: '/home/runner/work/bundler-test-executor/bundler-test-executor/bundler-spec-tests/@account-abstraction/artifacts/contracts/core/EntryPoint.sol/EntryPoint.json'&quot;">tests/conftest.py:66: in entrypoint_contract
    with open(entrypoint_path, encoding="utf-8") as file:
E   FileNotFoundError: [Errno 2] No such file or directory: '/home/runner/work/bundler-test-executor/bundler-test-executor/bundler-spec-tests/@account-abstraction/artifacts/contracts/core/EntryPoint.sol/EntryPoint.json'</error></testcase><testcase classname="tests.opbanning.test_op_banning" name="test_factory_banned_opcode[SELFBALANCE]" time="0.000"><error message="failed on setup with &quot;FileNotFoundError: [Errno 2] No such file or directory: '/home/runner/work/bundler-test-executor/bundler-test-executor/bundler-spec-tests/@account-abstraction/artifacts/contracts/core/EntryPoint.sol/EntryPoint.json'&quot;">tests/conftest.py:66: in entrypoint_contract
    with open(entrypoint_path, encoding="utf-8") as file:
E   FileNotFoundError: [Errno 2] No such file or directory: '/home/runner/work/bundler-test-executor/bundler-test-executor/bundler-spec-tests/@account-abstraction/artifacts/contracts/core/EntryPoint.sol/EntryPoint.json'</error></testcase><testcase classname="tests.opbanning.test_op_banning" name="test_factory_banned_opcode[BALANCE]" time="0.000"><error message="failed on setup with &quot;FileNotFoundError: [Errno 2] No such file or directory: '/home/runner/work/bundler-test-executor/bundler-test-executor/bundler-spec-tests/@account-abstraction/artifacts/contracts/core/EntryPoint.sol/EntryPoint.json'&quot;">tests/conftest.py:66: in entrypoint_contract
    with open(entrypoint_path, encoding="utf-8") as file:
E   FileNotFoundError: [Errno 2] No such file or directory: '/home/runner/work/bundler-test-executor/bundler-test-executor/bundler-spec-tests/@account-abstraction/artifacts/contracts/core/EntryPoint.sol/EntryPoint.json'</error></testcase><testcase classname="tests.opbanning.test_op_banning" name="test_factory_banned_opcode[ORIGIN]" time="0.000"><error message="failed on setup with &quot;FileNotFoundError: [Errno 2] No such file or directory: '/home/runner/work/bundler-test-executor/bundler-test-executor/bundler-spec-tests/@account-abstraction/artifacts/contracts/core/EntryPoint.sol/EntryPoint.json'&quot;">tests/conftest.py:66: in entrypoint_contract
    with open(entrypoint_path, encoding="utf-8") as file:
E   FileNotFoundError: [Errno 2] No such file or directory: '/home/runner/work/bundler-test-executor/bundler-test-executor/bundler-spec-tests/@account-abstraction/artifacts/contracts/core/EntryPoint.sol/EntryPoint.json'</error></testcase><testcase classname="tests.opbanning.test_op_banning" name="test_factory_banned_opcode[BLOCKHASH]" time="0.000"><error message="failed on setup with &quot;FileNotFoundError: [Errno 2] No such file or directory: '/home/runner/work/bundler-test-executor/bundler-test-executor/bundler-spec-tests/@account-abstraction/artifacts/contracts/core/EntryPoint.sol/EntryPoint.json'&quot;">tests/conftest.py:66: in entrypoint_contract
    with open(entrypoint_path, encoding="utf-8") as file:
E   FileNotFoundError: [Errno 2] No such file or directory: '/home/runner/work/bundler-test-executor/bundler-test-executor/bundler-spec-tests/@account-abstraction/artifacts/contracts/core/EntryPoint.sol/EntryPoint.json'</error></testcase><testcase classname="tests.opbanning.test_op_banning" name="test_factory_banned_opcode[CREATE]" time="0.000"><error message="failed on setup with &quot;FileNotFoundError: [Errno 2] No such file or directory: '/home/runner/work/bundler-test-executor/bundler-test-executor/bundler-spec-tests/@account-abstraction/artifacts/contracts/core/EntryPoint.sol/EntryPoint.json'&quot;">tests/conftest.py:66: in entrypoint_contract
    with open(entrypoint_path, encoding="utf-8") as file:
E   FileNotFoundError: [Errno 2] No such file or directory: '/home/runner/work/bundler-test-executor/bundler-test-executor/bundler-spec-tests/@account-abstraction/artifacts/contracts/core/EntryPoint.sol/EntryPoint.json'</error></testcase><testcase classname="tests.opbanning.test_op_banning" name="test_factory_banned_opcode[CREATE2]" time="0.000"><error message="failed on setup with &quot;FileNotFoundError: [Errno 2] No such file or directory: '/home/runner/work/bundler-test-executor/bundler-test-executor/bundler-spec-tests/@account-abstraction/artifacts/contracts/core/EntryPoint.sol/EntryPoint.json'&quot;">tests/conftest.py:66: in entrypoint_contract
    with open(entrypoint_path, encoding="utf-8") as file:
E   FileNotFoundError: [Errno 2] No such file or directory: '/home/runner/work/bundler-test-executor/bundler-test-executor/bundler-spec-tests/@account-abstraction/artifacts/contracts/core/EntryPoint.sol/EntryPoint.json'</error></testcase><testcase classname="tests.opbanning.test_op_banning" name="test_factory_banned_opcode[SELFDESTRUCT]" time="0.000"><error message="failed on setup with &quot;FileNotFoundError: [Errno 2] No such file or directory: '/home/runner/work/bundler-test-executor/bundler-test-executor/bundler-spec-tests/@account-abstraction/artifacts/contracts/core/EntryPoint.sol/EntryPoint.json'&quot;">tests/conftest.py:66: in entrypoint_contract
    with open(entrypoint_path, encoding="utf-8") as file:
E   FileNotFoundError: [Errno 2] No such file or directory: '/home/runner/work/bundler-test-executor/bundler-test-executor/bundler-spec-tests/@account-abstraction/artifacts/contracts/core/EntryPoint.sol/EntryPoint.json'</error></testcase><testcase classname="tests.rpc.test_eth_chainId" name="test_eth_chainId[]" time="0.011" /><testcase classname="tests.rpc.test_eth_estimateUserOperationGas" name="test_eth_estimateUserOperationGas[]" time="0.063"><failure message="AttributeError: 'Error' object has no attribute 'result'">tests/rpc/test_eth_estimateUserOperationGas.py:20: in test_eth_estimateUserOperationGas
    validate(instance=response.result, schema=schema)
E   AttributeError: 'Error' object has no attribute 'result'</failure><system-out>--------------------------------- Captured Log ---------------------------------

--------------------------------- Captured Out ---------------------------------

</system-out><system-err>--------------------------------- Captured Err ---------------------------------

</system-err></testcase><testcase classname="tests.rpc.test_eth_estimateUserOperationGas" name="test_eth_estimateUserOperationGas_execution_revert" time="0.063"><failure message="AssertionError: assert -32601 == &lt;RPCErrorCode.EXECUTION_REVERTED: -32521&gt;&#10; +  where -32601 = Error(code=-32601, message='executionResult: invalid data for unpacking, failedOp: invalid data for unpacking', data='executionResult: invalid data for unpacking, failedOp: invalid data for unpacking', id=20).code">tests/rpc/test_eth_estimateUserOperationGas.py:29: in test_eth_estimateUserOperationGas_execution_revert
    assert_rpc_error(response, "test fail", RPCErrorCode.EXECUTION_REVERTED)
tests/utils.py:103: in assert_rpc_error
    assert response.code == code
E   AssertionError: assert -32601 == &lt;RPCErrorCode.EXECUTION_REVERTED: -32521&gt;
E    +  where -32601 = Error(code=-32601, message='executionResult: invalid data for unpacking, failedOp: invalid data for unpacking', data='executionResult: invalid data for unpacking, failedOp: invalid data for unpacking', id=20).code</failure><system-out>--------------------------------- Captured Log ---------------------------------

--------------------------------- Captured Out ---------------------------------

</system-out><system-err>--------------------------------- Captured Err ---------------------------------

</system-err></testcase><testcase classname="tests.rpc.test_eth_estimateUserOperationGas" name="test_eth_estimateUserOperationGas_simulation_revert" time="0.065"><failure message="AssertionError: assert -32601 == &lt;RPCErrorCode.REJECTED_BY_EP_OR_ACCOUNT: -32500&gt;&#10; +  where -32601 = Error(code=-32601, message='executionResult: invalid data for unpacking, failedOp: invalid data for unpacking', data='executionResult: invalid data for unpacking, failedOp: invalid data for unpacking', id=21).code">tests/rpc/test_eth_estimateUserOperationGas.py:37: in test_eth_estimateUserOperationGas_simulation_revert
    assert_rpc_error(response, "dead signature", RPCErrorCode.REJECTED_BY_EP_OR_ACCOUNT)
tests/utils.py:103: in assert_rpc_error
    assert response.code == code
E   AssertionError: assert -32601 == &lt;RPCErrorCode.REJECTED_BY_EP_OR_ACCOUNT: -32500&gt;
E    +  where -32601 = Error(code=-32601, message='executionResult: invalid data for unpacking, failedOp: invalid data for unpacking', data='executionResult: invalid data for unpacking, failedOp: invalid data for unpacking', id=21).code</failure><system-out>--------------------------------- Captured Log ---------------------------------

--------------------------------- Captured Out ---------------------------------

</system-out><system-err>--------------------------------- Captured Err ---------------------------------

</system-err></testcase><testcase classname="tests.rpc.test_eth_getUserOperationByHash" name="test_eth_getUserOperationByHash[]" time="0.068"><failure message="web3.exceptions.ContractLogicError: execution reverted">tests/rpc/test_eth_getUserOperationByHash.py:12: in test_eth_getUserOperationByHash
    params=[userop_hash(helper_contract, userop)],
tests/utils.py:96: in userop_hash
    .call()
.venv/lib/python3.10/site-packages/web3/contract.py:970: in call
    return call_contract_function(
.venv/lib/python3.10/site-packages/web3/contract.py:1525: in call_contract_function
    return_data = web3.eth.call(
.venv/lib/python3.10/site-packages/web3/module.py:57: in caller
    result = w3.manager.request_blocking(method_str,
.venv/lib/python3.10/site-packages/web3/manager.py:198: in request_blocking
    return self.formatted_response(response,
.venv/lib/python3.10/site-packages/web3/manager.py:170: in formatted_response
    apply_error_formatters(error_formatters, response)
.venv/lib/python3.10/site-packages/web3/manager.py:70: in apply_error_formatters
    formatted_resp = pipe(response, error_formatters)
cytoolz/functoolz.pyx:666: in cytoolz.functoolz.pipe
    ???
cytoolz/functoolz.pyx:641: in cytoolz.functoolz.c_pipe
    ???
.venv/lib/python3.10/site-packages/web3/_utils/method_formatters.py:580: in raise_solidity_error_on_revert
    raise ContractLogicError('execution reverted')
E   web3.exceptions.ContractLogicError: execution reverted</failure><system-out>--------------------------------- Captured Log ---------------------------------

--------------------------------- Captured Out ---------------------------------

</system-out><system-err>--------------------------------- Captured Err ---------------------------------

</system-err></testcase><testcase classname="tests.rpc.test_eth_getUserOperationByHash" name="test_eth_getUserOperationByHash_error" time="0.006" /><testcase classname="tests.rpc.test_eth_getUserOperationReceipt" name="test_eth_getUserOperationReceipt[]" time="0.068"><failure message="web3.exceptions.ContractLogicError: execution reverted">tests/rpc/test_eth_getUserOperationReceipt.py:13: in test_eth_getUserOperationReceipt
    params=[userop_hash(helper_contract, userop)],
tests/utils.py:96: in userop_hash
    .call()
.venv/lib/python3.10/site-packages/web3/contract.py:970: in call
    return call_contract_function(
.venv/lib/python3.10/site-packages/web3/contract.py:1525: in call_contract_function
    return_data = web3.eth.call(
.venv/lib/python3.10/site-packages/web3/module.py:57: in caller
    result = w3.manager.request_blocking(method_str,
.venv/lib/python3.10/site-packages/web3/manager.py:198: in request_blocking
    return self.formatted_response(response,
.venv/lib/python3.10/site-packages/web3/manager.py:170: in formatted_response
    apply_error_formatters(error_formatters, response)
.venv/lib/python3.10/site-packages/web3/manager.py:70: in apply_error_formatters
    formatted_resp = pipe(response, error_formatters)
cytoolz/functoolz.pyx:666: in cytoolz.functoolz.pipe
    ???
cytoolz/functoolz.pyx:641: in cytoolz.functoolz.c_pipe
    ???
.venv/lib/python3.10/site-packages/web3/_utils/method_formatters.py:580: in raise_solidity_error_on_revert
    raise ContractLogicError('execution reverted')
E   web3.exceptions.ContractLogicError: execution reverted</failure><system-out>--------------------------------- Captured Log ---------------------------------

--------------------------------- Captured Out ---------------------------------

</system-out><system-err>--------------------------------- Captured Err ---------------------------------

</system-err></testcase><testcase classname="tests.rpc.test_eth_getUserOperationReceipt" name="test_eth_getUserOperationReceipt_error" time="0.006" /><testcase classname="tests.rpc.test_eth_sendUserOperation" name="test_eth_sendUserOperation[]" time="0.071"><failure message="AttributeError: 'Error' object has no attribute 'result'">tests/rpc/test_eth_sendUserOperation.py:19: in test_eth_sendUserOperation
    assert response.result == userop_hash(helper_contract, userop)
E   AttributeError: 'Error' object has no attribute 'result'</failure><system-out>--------------------------------- Captured Log ---------------------------------

--------------------------------- Captured Out ---------------------------------

</system-out><system-err>--------------------------------- Captured Err ---------------------------------

</system-err></testcase><testcase classname="tests.rpc.test_eth_sendUserOperation" name="test_eth_sendUserOperation_revert" time="0.072"><failure message="AssertionError: assert -32602 == &lt;RPCErrorCode.REJECTED_BY_EP_OR_ACCOUNT: -32500&gt;&#10; +  where -32602 = Error(code=-32602, message='no contract code at given address', data='no contract code at given address', id=30).code">tests/rpc/test_eth_sendUserOperation.py:32: in test_eth_sendUserOperation_revert
    assert_rpc_error(
tests/utils.py:103: in assert_rpc_error
    assert response.code == code
E   AssertionError: assert -32602 == &lt;RPCErrorCode.REJECTED_BY_EP_OR_ACCOUNT: -32500&gt;
E    +  where -32602 = Error(code=-32602, message='no contract code at given address', data='no contract code at given address', id=30).code</failure><system-out>--------------------------------- Captured Log ---------------------------------

--------------------------------- Captured Out ---------------------------------

</system-out><system-err>--------------------------------- Captured Err ---------------------------------

</system-err></testcase><testcase classname="tests.rpc.test_eth_sendUserOperation" name="test_eth_sendUserOperation_invalid_signature" time="0.057"><failure message="AssertionError: assert -32602 == &lt;RPCErrorCode.INVALID_SIGNATURE: -32507&gt;&#10; +  where -32602 = Error(code=-32602, message='no contract code at given address', data='no contract code at given address', id=32).code">tests/rpc/test_eth_sendUserOperation.py:37: in test_eth_sendUserOperation_invalid_signature
    assert_rpc_error(
tests/utils.py:103: in assert_rpc_error
    assert response.code == code
E   AssertionError: assert -32602 == &lt;RPCErrorCode.INVALID_SIGNATURE: -32507&gt;
E    +  where -32602 = Error(code=-32602, message='no contract code at given address', data='no contract code at given address', id=32).code</failure><system-out>--------------------------------- Captured Log ---------------------------------

--------------------------------- Captured Out ---------------------------------

</system-out><system-err>--------------------------------- Captured Err ---------------------------------

</system-err></testcase><testcase classname="tests.rpc.test_eth_supportedEntryPoints" name="test_eth_supportedEntryPoints[]" time="0.010" /></testsuite></testsuites>