{
  "testsuites": {
    "testsuite": {
      "@name": "silius",
      "@errors": "0",
      "@failures": "17",
      "@skipped": "12",
      "@tests": "184",
      "@time": "77.783",
      "@timestamp": "2024-10-20T14:44:41.647929+00:00",
      "@hostname": "fv-az1766-28",
      "testcase": [
        {
          "@classname": "tests.single.bundle.test_bundle",
          "@name": "test_bundle_replace_op[only_priority_fee_bump]",
          "@time": "0.297"
        },
        {
          "@classname": "tests.single.bundle.test_bundle",
          "@name": "test_bundle_replace_op[only_max_fee_bump]",
          "@time": "0.166"
        },
        {
          "@classname": "tests.single.bundle.test_bundle",
          "@name": "test_bundle_replace_op[with_same_fee]",
          "@time": "0.166"
        },
        {
          "@classname": "tests.single.bundle.test_bundle",
          "@name": "test_bundle_replace_op[with_less_fee]",
          "@time": "0.166"
        },
        {
          "@classname": "tests.single.bundle.test_bundle",
          "@name": "test_bundle_replace_op[fee_bump_below_threshold]",
          "@time": "0.165"
        },
        {
          "@classname": "tests.single.bundle.test_bundle",
          "@name": "test_bundle_replace_op[fee_bump_at_threshold]",
          "@time": "0.298"
        },
        {
          "@classname": "tests.single.bundle.test_bundle",
          "@name": "test_bundle_replace_op[fee_bump_above_threshold]",
          "@time": "0.280"
        },
        {
          "@classname": "tests.single.bundle.test_bundle",
          "@name": "test_mempool_reputation_rules_all_entities[GREP-010-banned-entity-not-allowed-banned-sender]",
          "@time": "0.000",
          "skipped": {
            "@type": "pytest.skip",
            "@message": "skipped",
            "#text": "/home/runner/work/bundler-test-executor/bundler-test-executor/bundler-spec-tests/tests/single/bundle/test_bundle.py:122: skipped"
          },
          "system-out": "--------------------------------- Captured Log ---------------------------------\n\n--------------------------------- Captured Out ---------------------------------",
          "system-err": "--------------------------------- Captured Err ---------------------------------"
        },
        {
          "@classname": "tests.single.bundle.test_bundle",
          "@name": "test_mempool_reputation_rules_all_entities[GREP-010-banned-entity-not-allowed-banned-paymaster]",
          "@time": "0.000",
          "skipped": {
            "@type": "pytest.skip",
            "@message": "skipped",
            "#text": "/home/runner/work/bundler-test-executor/bundler-test-executor/bundler-spec-tests/tests/single/bundle/test_bundle.py:122: skipped"
          },
          "system-out": "--------------------------------- Captured Log ---------------------------------\n\n--------------------------------- Captured Out ---------------------------------",
          "system-err": "--------------------------------- Captured Err ---------------------------------"
        },
        {
          "@classname": "tests.single.bundle.test_bundle",
          "@name": "test_mempool_reputation_rules_all_entities[GREP-010-banned-entity-not-allowed-banned-factory]",
          "@time": "0.000",
          "skipped": {
            "@type": "pytest.skip",
            "@message": "skipped",
            "#text": "/home/runner/work/bundler-test-executor/bundler-test-executor/bundler-spec-tests/tests/single/bundle/test_bundle.py:122: skipped"
          },
          "system-out": "--------------------------------- Captured Log ---------------------------------\n\n--------------------------------- Captured Out ---------------------------------",
          "system-err": "--------------------------------- Captured Err ---------------------------------"
        },
        {
          "@classname": "tests.single.bundle.test_bundle",
          "@name": "test_mempool_reputation_rules_all_entities[GREP-020-throttled-entity-allowed-limited-count-throttled-sender]",
          "@time": "0.000",
          "skipped": {
            "@type": "pytest.skip",
            "@message": "skipped",
            "#text": "/home/runner/work/bundler-test-executor/bundler-test-executor/bundler-spec-tests/tests/single/bundle/test_bundle.py:122: skipped"
          },
          "system-out": "--------------------------------- Captured Log ---------------------------------\n\n--------------------------------- Captured Out ---------------------------------",
          "system-err": "--------------------------------- Captured Err ---------------------------------"
        },
        {
          "@classname": "tests.single.bundle.test_bundle",
          "@name": "test_mempool_reputation_rules_all_entities[GREP-020-throttled-entity-allowed-limited-count-throttled-paymaster]",
          "@time": "0.000",
          "skipped": {
            "@type": "pytest.skip",
            "@message": "skipped",
            "#text": "/home/runner/work/bundler-test-executor/bundler-test-executor/bundler-spec-tests/tests/single/bundle/test_bundle.py:122: skipped"
          },
          "system-out": "--------------------------------- Captured Log ---------------------------------\n\n--------------------------------- Captured Out ---------------------------------",
          "system-err": "--------------------------------- Captured Err ---------------------------------"
        },
        {
          "@classname": "tests.single.bundle.test_bundle",
          "@name": "test_mempool_reputation_rules_all_entities[GREP-020-throttled-entity-allowed-limited-count-throttled-factory]",
          "@time": "0.000",
          "skipped": {
            "@type": "pytest.skip",
            "@message": "skipped",
            "#text": "/home/runner/work/bundler-test-executor/bundler-test-executor/bundler-spec-tests/tests/single/bundle/test_bundle.py:122: skipped"
          },
          "system-out": "--------------------------------- Captured Log ---------------------------------\n\n--------------------------------- Captured Out ---------------------------------",
          "system-err": "--------------------------------- Captured Err ---------------------------------"
        },
        {
          "@classname": "tests.single.bundle.test_bundle",
          "@name": "test_mempool_reputation_rules_all_entities[UREP-010 UREP-020-unstaked-entity-allowed-function-unstaked-sender]",
          "@time": "0.000",
          "skipped": {
            "@type": "pytest.skip",
            "@message": "skipped",
            "#text": "/home/runner/work/bundler-test-executor/bundler-test-executor/bundler-spec-tests/tests/single/bundle/test_bundle.py:122: skipped"
          },
          "system-out": "--------------------------------- Captured Log ---------------------------------\n\n--------------------------------- Captured Out ---------------------------------",
          "system-err": "--------------------------------- Captured Err ---------------------------------"
        },
        {
          "@classname": "tests.single.bundle.test_bundle",
          "@name": "test_mempool_reputation_rules_all_entities[UREP-010 UREP-020-unstaked-entity-allowed-function-unstaked-paymaster]",
          "@time": "0.000",
          "skipped": {
            "@type": "pytest.skip",
            "@message": "skipped",
            "#text": "/home/runner/work/bundler-test-executor/bundler-test-executor/bundler-spec-tests/tests/single/bundle/test_bundle.py:122: skipped"
          },
          "system-out": "--------------------------------- Captured Log ---------------------------------\n\n--------------------------------- Captured Out ---------------------------------",
          "system-err": "--------------------------------- Captured Err ---------------------------------"
        },
        {
          "@classname": "tests.single.bundle.test_bundle",
          "@name": "test_mempool_reputation_rules_all_entities[UREP-010 UREP-020-unstaked-entity-allowed-function-unstaked-factory]",
          "@time": "0.000",
          "skipped": {
            "@type": "pytest.skip",
            "@message": "skipped",
            "#text": "/home/runner/work/bundler-test-executor/bundler-test-executor/bundler-spec-tests/tests/single/bundle/test_bundle.py:122: skipped"
          },
          "system-out": "--------------------------------- Captured Log ---------------------------------\n\n--------------------------------- Captured Out ---------------------------------",
          "system-err": "--------------------------------- Captured Err ---------------------------------"
        },
        {
          "@classname": "tests.single.bundle.test_bundle",
          "@name": "test_max_allowed_ops_unstaked_sender",
          "@time": "0.811"
        },
        {
          "@classname": "tests.single.bundle.test_bundle",
          "@name": "test_max_allowed_ops_staked_sender",
          "@time": "0.952"
        },
        {
          "@classname": "tests.single.bundle.test_bundle",
          "@name": "test_ban_user_op_access_other_ops_sender_in_bundle",
          "@time": "0.886"
        },
        {
          "@classname": "tests.single.bundle.test_bundle",
          "@name": "test_ban_user_sender_double_role_in_bundle",
          "@time": "0.435"
        },
        {
          "@classname": "tests.single.bundle.test_bundle",
          "@name": "test_stake_check_in_bundler",
          "@time": "0.812"
        },
        {
          "@classname": "tests.single.bundle.test_codehash",
          "@name": "test_codehash_changed",
          "@time": "0.318",
          "skipped": {
            "@type": "pytest.skip",
            "@message": "no self destruct. can't check code change..",
            "#text": "/home/runner/work/bundler-test-executor/bundler-test-executor/bundler-spec-tests/tests/single/bundle/test_codehash.py:53: no self destruct. can't check code change.."
          },
          "system-out": "--------------------------------- Captured Log ---------------------------------\n\n--------------------------------- Captured Out ---------------------------------",
          "system-err": "--------------------------------- Captured Err ---------------------------------"
        },
        {
          "@classname": "tests.single.bundle.test_paymaster",
          "@name": "test_paymaster_deposit",
          "@time": "0.675",
          "failure": {
            "@message": "AttributeError: expected error object, got:\nOk(result='0x5400ae2749c9da9851318d512957b48382fc4975ed53f899c2b962bca8fad697', id=98)",
            "#text": "tests/utils.py:193: in assert_rpc_error\n    assert response.code == code\nE   AttributeError: 'Ok' object has no attribute 'code'\n\nThe above exception was the direct cause of the following exception:\ntests/single/bundle/test_paymaster.py:47: in test_paymaster_deposit\n    assert_rpc_error(res, \"too low\", RPCErrorCode.PAYMASTER_DEPOSIT_TOO_LOW)\ntests/utils.py:198: in assert_rpc_error\n    raise AttributeError(f\"expected error object, got:\\n{response}\") from exc\nE   AttributeError: expected error object, got:\nE   Ok(result='0x5400ae2749c9da9851318d512957b48382fc4975ed53f899c2b962bca8fad697', id=98)"
          },
          "system-out": "--------------------------------- Captured Log ---------------------------------\n\n--------------------------------- Captured Out ---------------------------------",
          "system-err": "--------------------------------- Captured Err ---------------------------------"
        },
        {
          "@classname": "tests.single.bundle.test_storage_rules",
          "@name": "test_rule[[STO-000]unstaked][paymaster][no_storage][ok]",
          "@time": "0.462"
        },
        {
          "@classname": "tests.single.bundle.test_storage_rules",
          "@name": "test_rule[[STO-031]unstaked][paymaster][storage_read][drop]",
          "@time": "0.474"
        },
        {
          "@classname": "tests.single.bundle.test_storage_rules",
          "@name": "test_rule[[STO-031]unstaked][paymaster][storage_write][drop]",
          "@time": "0.479"
        },
        {
          "@classname": "tests.single.bundle.test_storage_rules",
          "@name": "test_rule[[OP-070(STO-031)]unstaked][paymaster][transient_storage_tstore][drop]",
          "@time": "0.540",
          "failure": {
            "@message": "AttributeError: 'Ok' object has no attribute 'message'",
            "#text": "tests/single/bundle/test_storage_rules.py:850: in test_rule\n    case.assert_func(response)\ntests/single/bundle/test_storage_rules.py:18: in assert_error\n    assert_rpc_error(response, response.message, RPCErrorCode.BANNED_OPCODE)\nE   AttributeError: 'Ok' object has no attribute 'message'"
          },
          "system-out": "--------------------------------- Captured Log ---------------------------------\n\n--------------------------------- Captured Out ---------------------------------",
          "system-err": "--------------------------------- Captured Err ---------------------------------"
        },
        {
          "@classname": "tests.single.bundle.test_storage_rules",
          "@name": "test_rule[[OP-070(STO-031)]unstaked][paymaster][transient_storage_tload][drop]",
          "@time": "0.549",
          "failure": {
            "@message": "AttributeError: 'Ok' object has no attribute 'message'",
            "#text": "tests/single/bundle/test_storage_rules.py:850: in test_rule\n    case.assert_func(response)\ntests/single/bundle/test_storage_rules.py:18: in assert_error\n    assert_rpc_error(response, response.message, RPCErrorCode.BANNED_OPCODE)\nE   AttributeError: 'Ok' object has no attribute 'message'"
          },
          "system-out": "--------------------------------- Captured Log ---------------------------------\n\n--------------------------------- Captured Out ---------------------------------",
          "system-err": "--------------------------------- Captured Err ---------------------------------"
        },
        {
          "@classname": "tests.single.bundle.test_storage_rules",
          "@name": "test_rule[[STO-032]unstaked][paymaster][reference_storage][drop]",
          "@time": "0.505"
        },
        {
          "@classname": "tests.single.bundle.test_storage_rules",
          "@name": "test_rule[[STO-032]unstaked][paymaster][reference_storage_struct][drop]",
          "@time": "0.511"
        },
        {
          "@classname": "tests.single.bundle.test_storage_rules",
          "@name": "test_rule[[STO-010]unstaked][paymaster][account_storage][ok]",
          "@time": "0.509"
        },
        {
          "@classname": "tests.single.bundle.test_storage_rules",
          "@name": "test_rule[[OP-070(STO-010)]unstaked][paymaster][account_transient_storage][ok]",
          "@time": "0.581"
        },
        {
          "@classname": "tests.single.bundle.test_storage_rules",
          "@name": "test_rule[[STO-021]unstaked][paymaster][account_reference_storage][ok]",
          "@time": "0.523"
        },
        {
          "@classname": "tests.single.bundle.test_storage_rules",
          "@name": "test_rule[[STO-021]unstaked][paymaster][account_reference_storage_struct][ok]",
          "@time": "0.527"
        },
        {
          "@classname": "tests.single.bundle.test_storage_rules",
          "@name": "test_rule[[STO-022]unstaked][paymaster][account_reference_storage_init_code][drop0]",
          "@time": "1.487"
        },
        {
          "@classname": "tests.single.bundle.test_storage_rules",
          "@name": "test_rule[[EREP-050-regression]unstaked][paymaster][context][ok]",
          "@time": "0.237",
          "failure": {
            "@message": "AttributeError: expected result object, got:\nError(code=-32502, message='A unstaked paymaster at 0xb8357e27dde59d87de1f4cfec061009a6e13e612: must not return context', data=None, id=124)",
            "#text": "tests/utils.py:186: in assert_ok\n    assert response.result\nE   AttributeError: 'Error' object has no attribute 'result'\n\nThe above exception was the direct cause of the following exception:\ntests/single/bundle/test_storage_rules.py:850: in test_rule\n    case.assert_func(response)\ntests/utils.py:188: in assert_ok\n    raise AttributeError(f\"expected result object, got:\\n{response}\") from exc\nE   AttributeError: expected result object, got:\nE   Error(code=-32502, message='A unstaked paymaster at 0xb8357e27dde59d87de1f4cfec061009a6e13e612: must not return context', data=None, id=124)"
          },
          "system-out": "--------------------------------- Captured Log ---------------------------------\n\n--------------------------------- Captured Out ---------------------------------",
          "system-err": "--------------------------------- Captured Err ---------------------------------"
        },
        {
          "@classname": "tests.single.bundle.test_storage_rules",
          "@name": "test_rule[[STO-032]unstaked][paymaster][external_storage_read][drop]",
          "@time": "0.534"
        },
        {
          "@classname": "tests.single.bundle.test_storage_rules",
          "@name": "test_rule[[OP-020]unstaked][paymaster][out_of_gas][drop]",
          "@time": "0.660"
        },
        {
          "@classname": "tests.single.bundle.test_storage_rules",
          "@name": "test_rule[[OP-020]unstaked][paymaster][sstore_out_of_gas][drop]",
          "@time": "0.588"
        },
        {
          "@classname": "tests.single.bundle.test_storage_rules",
          "@name": "test_rule[[STO-000]staked][paymaster][no_storage][ok]",
          "@time": "0.480"
        },
        {
          "@classname": "tests.single.bundle.test_storage_rules",
          "@name": "test_rule[[STO-031]staked][paymaster][storage_read][ok]",
          "@time": "0.521"
        },
        {
          "@classname": "tests.single.bundle.test_storage_rules",
          "@name": "test_rule[[STO-031]staked][paymaster][storage_write][ok]",
          "@time": "0.505"
        },
        {
          "@classname": "tests.single.bundle.test_storage_rules",
          "@name": "test_rule[[STO-032]staked][paymaster][reference_storage][ok]",
          "@time": "0.529"
        },
        {
          "@classname": "tests.single.bundle.test_storage_rules",
          "@name": "test_rule[[STO-032]staked][paymaster][reference_storage_struct][ok]",
          "@time": "0.531"
        },
        {
          "@classname": "tests.single.bundle.test_storage_rules",
          "@name": "test_rule[[STO-033]staked][paymaster][reference_storage_struct][ok]",
          "@time": "0.632"
        },
        {
          "@classname": "tests.single.bundle.test_storage_rules",
          "@name": "test_rule[[STO-010]staked][paymaster][account_storage][ok]",
          "@time": "0.529"
        },
        {
          "@classname": "tests.single.bundle.test_storage_rules",
          "@name": "test_rule[[STO-021]staked][paymaster][account_reference_storage][ok]",
          "@time": "0.547"
        },
        {
          "@classname": "tests.single.bundle.test_storage_rules",
          "@name": "test_rule[[STO-021]staked][paymaster][account_reference_storage_struct][ok]",
          "@time": "0.552"
        },
        {
          "@classname": "tests.single.bundle.test_storage_rules",
          "@name": "test_rule[[STO-022]staked][paymaster][account_reference_storage_init_code][ok]",
          "@time": "0.723"
        },
        {
          "@classname": "tests.single.bundle.test_storage_rules",
          "@name": "test_rule[[EREP-050-regression]staked][paymaster][context][ok]",
          "@time": "0.254"
        },
        {
          "@classname": "tests.single.bundle.test_storage_rules",
          "@name": "test_rule[[STO-033]staked][paymaster][external_storage_write][drop]",
          "@time": "0.592"
        },
        {
          "@classname": "tests.single.bundle.test_storage_rules",
          "@name": "test_rule[[STO-033]staked][paymaster][external_storage_read][ok]",
          "@time": "0.555"
        },
        {
          "@classname": "tests.single.bundle.test_storage_rules",
          "@name": "test_rule[[OP-020]staked][paymaster][out_of_gas][drop]",
          "@time": "0.674"
        },
        {
          "@classname": "tests.single.bundle.test_storage_rules",
          "@name": "test_rule[[OP-020]staked][paymaster][sstore_out_of_gas][drop]",
          "@time": "0.615"
        },
        {
          "@classname": "tests.single.bundle.test_storage_rules",
          "@name": "test_rule[[STO-000]unstaked][factory][no_storage][ok]",
          "@time": "0.501"
        },
        {
          "@classname": "tests.single.bundle.test_storage_rules",
          "@name": "test_rule[[STO-000]unstaked][factory][storage_read][drop]",
          "@time": "0.521"
        },
        {
          "@classname": "tests.single.bundle.test_storage_rules",
          "@name": "test_rule[[STO-000]unstaked][factory][storage_write][drop]",
          "@time": "0.525"
        },
        {
          "@classname": "tests.single.bundle.test_storage_rules",
          "@name": "test_rule[[STO-000]unstaked][factory][reference_storage][drop]",
          "@time": "0.548"
        },
        {
          "@classname": "tests.single.bundle.test_storage_rules",
          "@name": "test_rule[[STO-032]unstaked][factory][reference_storage_struct][drop]",
          "@time": "0.554"
        },
        {
          "@classname": "tests.single.bundle.test_storage_rules",
          "@name": "test_rule[[STO-010]unstaked][factory][account_storage][ok]",
          "@time": "0.542"
        },
        {
          "@classname": "tests.single.bundle.test_storage_rules",
          "@name": "test_rule[[STO-021]unstaked][factory][account_reference_storage][drop]",
          "@time": "0.565"
        },
        {
          "@classname": "tests.single.bundle.test_storage_rules",
          "@name": "test_rule[[STO-021]unstaked][factory][account_reference_storage_struct][drop]",
          "@time": "0.575"
        },
        {
          "@classname": "tests.single.bundle.test_storage_rules",
          "@name": "test_rule[[STO-000]unstaked][factory][external_storage_read][drop]",
          "@time": "0.574"
        },
        {
          "@classname": "tests.single.bundle.test_storage_rules",
          "@name": "test_rule[[OP-042]unstaked][factory][EXTCODEx_CALLx_undeployed_sender][ok]",
          "@time": "0.312"
        },
        {
          "@classname": "tests.single.bundle.test_storage_rules",
          "@name": "test_rule[[OP-041]unstaked][factory][EXTCODESIZE_undeployed_contract][drop]",
          "@time": "0.555"
        },
        {
          "@classname": "tests.single.bundle.test_storage_rules",
          "@name": "test_rule[[OP-041]unstaked][factory][EXTCODEHASH_undeployed_contract][drop]",
          "@time": "0.454"
        },
        {
          "@classname": "tests.single.bundle.test_storage_rules",
          "@name": "test_rule[[OP-041]unstaked][factory][EXTCODECOPY_undeployed_contract][drop]",
          "@time": "0.464"
        },
        {
          "@classname": "tests.single.bundle.test_storage_rules",
          "@name": "test_rule[[OP-041]unstaked][factory][CALL_undeployed_contract][drop]",
          "@time": "0.418"
        },
        {
          "@classname": "tests.single.bundle.test_storage_rules",
          "@name": "test_rule[[OP-041]unstaked][factory][CALLCODE_undeployed_contract][drop]",
          "@time": "0.447"
        },
        {
          "@classname": "tests.single.bundle.test_storage_rules",
          "@name": "test_rule[[OP-041]unstaked][factory][DELEGATECALL_undeployed_contract][drop]",
          "@time": "0.438"
        },
        {
          "@classname": "tests.single.bundle.test_storage_rules",
          "@name": "test_rule[[OP-041]unstaked][factory][STATICCALL_undeployed_contract][drop]",
          "@time": "0.450"
        },
        {
          "@classname": "tests.single.bundle.test_storage_rules",
          "@name": "test_rule[[OP-020]unstaked][factory][out_of_gas][drop]",
          "@time": "0.703"
        },
        {
          "@classname": "tests.single.bundle.test_storage_rules",
          "@name": "test_rule[[OP-020]unstaked][factory][sstore_out_of_gas][drop]",
          "@time": "0.638"
        },
        {
          "@classname": "tests.single.bundle.test_storage_rules",
          "@name": "test_rule[[STO-000]staked][factory][no_storage][ok]",
          "@time": "0.524"
        },
        {
          "@classname": "tests.single.bundle.test_storage_rules",
          "@name": "test_rule[[STO-031]staked][factory][storage_read][ok]",
          "@time": "0.542"
        },
        {
          "@classname": "tests.single.bundle.test_storage_rules",
          "@name": "test_rule[[STO-031]staked][factory][storage_write][ok]",
          "@time": "0.546"
        },
        {
          "@classname": "tests.single.bundle.test_storage_rules",
          "@name": "test_rule[[STO-032]staked][factory][reference_storage][ok]",
          "@time": "0.573"
        },
        {
          "@classname": "tests.single.bundle.test_storage_rules",
          "@name": "test_rule[[STO-032]staked][factory][reference_storage_struct][ok]",
          "@time": "0.576"
        },
        {
          "@classname": "tests.single.bundle.test_storage_rules",
          "@name": "test_rule[[STO-010]staked][factory][account_storage][ok]",
          "@time": "0.566"
        },
        {
          "@classname": "tests.single.bundle.test_storage_rules",
          "@name": "test_rule[[STO-021]staked][factory][account_reference_storage][ok]",
          "@time": "0.586"
        },
        {
          "@classname": "tests.single.bundle.test_storage_rules",
          "@name": "test_rule[[STO-021]staked][factory][account_reference_storage_struct][ok]",
          "@time": "0.592"
        },
        {
          "@classname": "tests.single.bundle.test_storage_rules",
          "@name": "test_rule[[STO-033]staked][factory][external_storage_write][drop]",
          "@time": "0.608"
        },
        {
          "@classname": "tests.single.bundle.test_storage_rules",
          "@name": "test_rule[[STO-033]staked][factory][external_storage_read][ok]",
          "@time": "0.620"
        },
        {
          "@classname": "tests.single.bundle.test_storage_rules",
          "@name": "test_rule[[OP-020]staked][factory][out_of_gas][drop]",
          "@time": "0.717"
        },
        {
          "@classname": "tests.single.bundle.test_storage_rules",
          "@name": "test_rule[[OP-020]staked][factory][sstore_out_of_gas][drop]",
          "@time": "0.652"
        },
        {
          "@classname": "tests.single.bundle.test_storage_rules",
          "@name": "test_rule[[STO-000]unstaked][account][no_storage][ok]",
          "@time": "1.001"
        },
        {
          "@classname": "tests.single.bundle.test_storage_rules",
          "@name": "test_rule[[STO-010]unstaked][account][account_storage][ok]",
          "@time": "0.443"
        },
        {
          "@classname": "tests.single.bundle.test_storage_rules",
          "@name": "test_rule[[STO-021]unstaked][account][account_reference_storage][ok]",
          "@time": "0.456"
        },
        {
          "@classname": "tests.single.bundle.test_storage_rules",
          "@name": "test_rule[[STO-022]unstaked][account][account_reference_storage_init_code][drop]",
          "@time": "0.367"
        },
        {
          "@classname": "tests.single.bundle.test_storage_rules",
          "@name": "test_rule[[STO-022]unstaked][account][account_reference_storage_init_code][ok]",
          "@time": "1.803"
        },
        {
          "@classname": "tests.single.bundle.test_storage_rules",
          "@name": "test_rule[[STO-022]unstaked][paymaster][account_reference_storage_init_code][drop1]",
          "@time": "0.686"
        },
        {
          "@classname": "tests.single.bundle.test_storage_rules",
          "@name": "test_rule[[STO-021]unstaked][account][account_reference_storage_struct][ok]",
          "@time": "0.468"
        },
        {
          "@classname": "tests.single.bundle.test_storage_rules",
          "@name": "test_rule[[STO-000]unstaked][account][external_storage_read][drop]",
          "@time": "0.477"
        },
        {
          "@classname": "tests.single.bundle.test_storage_rules",
          "@name": "test_rule[[OP-020]unstaked][account][out_of_gas][drop]",
          "@time": "0.595"
        },
        {
          "@classname": "tests.single.bundle.test_storage_rules",
          "@name": "test_rule[[OP-020]unstaked][account][sstore_out_of_gas][drop]",
          "@time": "0.528"
        },
        {
          "@classname": "tests.single.bundle.test_storage_rules",
          "@name": "test_rule[[STO-000]staked][account][no_storage][ok]",
          "@time": "0.424"
        },
        {
          "@classname": "tests.single.bundle.test_storage_rules",
          "@name": "test_rule[[STO-010]staked][account][account_storage][ok]",
          "@time": "0.460"
        },
        {
          "@classname": "tests.single.bundle.test_storage_rules",
          "@name": "test_rule[[STO-021]staked][account][account_reference_storage][ok]",
          "@time": "0.479"
        },
        {
          "@classname": "tests.single.bundle.test_storage_rules",
          "@name": "test_rule[[STO-021]staked][account][account_reference_storage_struct][ok]",
          "@time": "0.485"
        },
        {
          "@classname": "tests.single.bundle.test_storage_rules",
          "@name": "test_rule[[OP-020]staked][account][out_of_gas][drop]",
          "@time": "0.625"
        },
        {
          "@classname": "tests.single.bundle.test_storage_rules",
          "@name": "test_rule[[OP-020]staked][account][sstore_out_of_gas][drop]",
          "@time": "0.554"
        },
        {
          "@classname": "tests.single.bundle.test_storage_rules",
          "@name": "test_rule[[STO-033]staked][account][external_storage_write][drop]",
          "@time": "0.610"
        },
        {
          "@classname": "tests.single.bundle.test_storage_rules",
          "@name": "test_rule[[STO-033]staked][account][external_storage_read][ok]",
          "@time": "0.495"
        },
        {
          "@classname": "tests.single.bundle.test_storage_rules",
          "@name": "test_rule[[OP-011]unstaked][account][entryPoint_call_balanceOf][drop]",
          "@time": "0.538"
        },
        {
          "@classname": "tests.single.bundle.test_storage_rules",
          "@name": "test_rule[[OP-061]unstaked][account][eth_value_transfer_forbidden][drop]",
          "@time": "0.503"
        },
        {
          "@classname": "tests.single.bundle.test_storage_rules",
          "@name": "test_rule[[OP-053]unstaked][account][eth_value_transfer_entryPoint][ok]",
          "@time": "0.537"
        },
        {
          "@classname": "tests.single.bundle.test_storage_rules",
          "@name": "test_rule[[OP-052]unstaked][account][eth_value_transfer_entryPoint_depositTo][ok]",
          "@time": "0.547"
        },
        {
          "@classname": "tests.single.bundle.test_storage_rules",
          "@name": "test_rule[[OP-041]unstaked][account][EXTCODESIZE_undeployed_contract][drop]",
          "@time": "0.351"
        },
        {
          "@classname": "tests.single.bundle.test_storage_rules",
          "@name": "test_rule[[OP-041]unstaked][account][EXTCODEHASH_undeployed_contract][drop]",
          "@time": "0.354"
        },
        {
          "@classname": "tests.single.bundle.test_storage_rules",
          "@name": "test_rule[[OP-041]unstaked][account][EXTCODECOPY_undeployed_contract][drop]",
          "@time": "0.361"
        },
        {
          "@classname": "tests.single.bundle.test_storage_rules",
          "@name": "test_rule[[OP-054]unstaked][account][EXTCODESIZE_entrypoint][drop]",
          "@time": "0.388"
        },
        {
          "@classname": "tests.single.bundle.test_storage_rules",
          "@name": "test_rule[[OP-054]unstaked][account][EXTCODEHASH_entrypoint][drop]",
          "@time": "0.390"
        },
        {
          "@classname": "tests.single.bundle.test_storage_rules",
          "@name": "test_rule[[OP-054]unstaked][account][EXTCODECOPY_entrypoint][drop]",
          "@time": "0.540"
        },
        {
          "@classname": "tests.single.bundle.test_storage_rules",
          "@name": "test_rule[[OP-041]unstaked][account][CALL_undeployed_contract][drop]",
          "@time": "0.312"
        },
        {
          "@classname": "tests.single.bundle.test_storage_rules",
          "@name": "test_rule[[OP-041]unstaked][account][CALLCODE_undeployed_contract][drop]",
          "@time": "0.329"
        },
        {
          "@classname": "tests.single.bundle.test_storage_rules",
          "@name": "test_rule[[OP-041]unstaked][account][DELEGATECALL_undeployed_contract][drop]",
          "@time": "0.338"
        },
        {
          "@classname": "tests.single.bundle.test_storage_rules",
          "@name": "test_rule[[OP-041]unstaked][account][STATICCALL_undeployed_contract][drop]",
          "@time": "0.346"
        },
        {
          "@classname": "tests.single.bundle.test_storage_rules",
          "@name": "test_rule[[OP-062]unstaked][account][CALL_undeployed_contract_allowed_precompile][ok]",
          "@time": "0.377"
        },
        {
          "@classname": "tests.single.opbanning.test_op_banning",
          "@name": "test_account_banned_opcode[GAS]",
          "@time": "0.207"
        },
        {
          "@classname": "tests.single.opbanning.test_op_banning",
          "@name": "test_account_banned_opcode[NUMBER]",
          "@time": "0.208"
        },
        {
          "@classname": "tests.single.opbanning.test_op_banning",
          "@name": "test_account_banned_opcode[TIMESTAMP]",
          "@time": "0.212"
        },
        {
          "@classname": "tests.single.opbanning.test_op_banning",
          "@name": "test_account_banned_opcode[COINBASE]",
          "@time": "0.228"
        },
        {
          "@classname": "tests.single.opbanning.test_op_banning",
          "@name": "test_account_banned_opcode[DIFFICULTY]",
          "@time": "0.231"
        },
        {
          "@classname": "tests.single.opbanning.test_op_banning",
          "@name": "test_account_banned_opcode[BASEFEE]",
          "@time": "0.237"
        },
        {
          "@classname": "tests.single.opbanning.test_op_banning",
          "@name": "test_account_banned_opcode[GASLIMIT]",
          "@time": "0.244"
        },
        {
          "@classname": "tests.single.opbanning.test_op_banning",
          "@name": "test_account_banned_opcode[GASPRICE]",
          "@time": "0.246"
        },
        {
          "@classname": "tests.single.opbanning.test_op_banning",
          "@name": "test_account_banned_opcode[SELFBALANCE]",
          "@time": "0.301"
        },
        {
          "@classname": "tests.single.opbanning.test_op_banning",
          "@name": "test_account_banned_opcode[BALANCE]",
          "@time": "0.256"
        },
        {
          "@classname": "tests.single.opbanning.test_op_banning",
          "@name": "test_account_banned_opcode[ORIGIN]",
          "@time": "0.262"
        },
        {
          "@classname": "tests.single.opbanning.test_op_banning",
          "@name": "test_account_banned_opcode[BLOCKHASH]",
          "@time": "0.264"
        },
        {
          "@classname": "tests.single.opbanning.test_op_banning",
          "@name": "test_account_banned_opcode[CREATE]",
          "@time": "0.287"
        },
        {
          "@classname": "tests.single.opbanning.test_op_banning",
          "@name": "test_account_banned_opcode[CREATE2]",
          "@time": "0.297"
        },
        {
          "@classname": "tests.single.opbanning.test_op_banning",
          "@name": "test_account_allowed_opcode_when_staked[BALANCE]",
          "@time": "0.273",
          "failure": {
            "@message": "AttributeError: expected result object, got:\nError(code=-32502, message='account uses banned opcode: BALANCE', data=None, id=318)",
            "#text": "tests/utils.py:186: in assert_ok\n    assert response.result\nE   AttributeError: 'Error' object has no attribute 'result'\n\nThe above exception was the direct cause of the following exception:\ntests/single/opbanning/test_op_banning.py:60: in test_account_allowed_opcode_when_staked\n    assert_ok(response)\ntests/utils.py:188: in assert_ok\n    raise AttributeError(f\"expected result object, got:\\n{response}\") from exc\nE   AttributeError: expected result object, got:\nE   Error(code=-32502, message='account uses banned opcode: BALANCE', data=None, id=318)"
          },
          "system-out": "--------------------------------- Captured Log ---------------------------------\n\n--------------------------------- Captured Out ---------------------------------",
          "system-err": "--------------------------------- Captured Err ---------------------------------"
        },
        {
          "@classname": "tests.single.opbanning.test_op_banning",
          "@name": "test_account_allowed_opcode_when_staked[SELFBALANCE]",
          "@time": "0.429",
          "failure": {
            "@message": "AttributeError: expected result object, got:\nError(code=-32502, message='account uses banned opcode: SELFBALANCE', data=None, id=320)",
            "#text": "tests/utils.py:186: in assert_ok\n    assert response.result\nE   AttributeError: 'Error' object has no attribute 'result'\n\nThe above exception was the direct cause of the following exception:\ntests/single/opbanning/test_op_banning.py:60: in test_account_allowed_opcode_when_staked\n    assert_ok(response)\ntests/utils.py:188: in assert_ok\n    raise AttributeError(f\"expected result object, got:\\n{response}\") from exc\nE   AttributeError: expected result object, got:\nE   Error(code=-32502, message='account uses banned opcode: SELFBALANCE', data=None, id=320)"
          },
          "system-out": "--------------------------------- Captured Log ---------------------------------\n\n--------------------------------- Captured Out ---------------------------------",
          "system-err": "--------------------------------- Captured Err ---------------------------------"
        },
        {
          "@classname": "tests.single.opbanning.test_op_banning",
          "@name": "test_account_allowed_opcode_sequence[GAS CALL]",
          "@time": "0.382"
        },
        {
          "@classname": "tests.single.opbanning.test_op_banning",
          "@name": "test_account_allowed_opcode_sequence[GAS DELEGATECALL]",
          "@time": "0.420"
        },
        {
          "@classname": "tests.single.opbanning.test_op_banning",
          "@name": "test_paymaster_banned_opcode[GAS]",
          "@time": "0.278"
        },
        {
          "@classname": "tests.single.opbanning.test_op_banning",
          "@name": "test_paymaster_banned_opcode[NUMBER]",
          "@time": "0.286"
        },
        {
          "@classname": "tests.single.opbanning.test_op_banning",
          "@name": "test_paymaster_banned_opcode[TIMESTAMP]",
          "@time": "0.290"
        },
        {
          "@classname": "tests.single.opbanning.test_op_banning",
          "@name": "test_paymaster_banned_opcode[COINBASE]",
          "@time": "0.301"
        },
        {
          "@classname": "tests.single.opbanning.test_op_banning",
          "@name": "test_paymaster_banned_opcode[DIFFICULTY]",
          "@time": "0.310"
        },
        {
          "@classname": "tests.single.opbanning.test_op_banning",
          "@name": "test_paymaster_banned_opcode[BASEFEE]",
          "@time": "0.306"
        },
        {
          "@classname": "tests.single.opbanning.test_op_banning",
          "@name": "test_paymaster_banned_opcode[GASLIMIT]",
          "@time": "0.320"
        },
        {
          "@classname": "tests.single.opbanning.test_op_banning",
          "@name": "test_paymaster_banned_opcode[GASPRICE]",
          "@time": "0.329"
        },
        {
          "@classname": "tests.single.opbanning.test_op_banning",
          "@name": "test_paymaster_banned_opcode[SELFBALANCE]",
          "@time": "0.381"
        },
        {
          "@classname": "tests.single.opbanning.test_op_banning",
          "@name": "test_paymaster_banned_opcode[BALANCE]",
          "@time": "0.333"
        },
        {
          "@classname": "tests.single.opbanning.test_op_banning",
          "@name": "test_paymaster_banned_opcode[ORIGIN]",
          "@time": "0.342"
        },
        {
          "@classname": "tests.single.opbanning.test_op_banning",
          "@name": "test_paymaster_banned_opcode[BLOCKHASH]",
          "@time": "0.343"
        },
        {
          "@classname": "tests.single.opbanning.test_op_banning",
          "@name": "test_paymaster_banned_opcode[CREATE]",
          "@time": "0.361"
        },
        {
          "@classname": "tests.single.opbanning.test_op_banning",
          "@name": "test_paymaster_banned_opcode[CREATE2]",
          "@time": "0.373"
        },
        {
          "@classname": "tests.single.opbanning.test_op_banning",
          "@name": "test_paymaster_allowed_opcode_when_staked[BALANCE]",
          "@time": "0.354",
          "failure": {
            "@message": "AttributeError: expected result object, got:\nError(code=-32502, message='paymaster uses banned opcode: BALANCE', data=None, id=354)",
            "#text": "tests/utils.py:186: in assert_ok\n    assert response.result\nE   AttributeError: 'Error' object has no attribute 'result'\n\nThe above exception was the direct cause of the following exception:\ntests/single/opbanning/test_op_banning.py:98: in test_paymaster_allowed_opcode_when_staked\n    assert_ok(response)\ntests/utils.py:188: in assert_ok\n    raise AttributeError(f\"expected result object, got:\\n{response}\") from exc\nE   AttributeError: expected result object, got:\nE   Error(code=-32502, message='paymaster uses banned opcode: BALANCE', data=None, id=354)"
          },
          "system-out": "--------------------------------- Captured Log ---------------------------------\n\n--------------------------------- Captured Out ---------------------------------",
          "system-err": "--------------------------------- Captured Err ---------------------------------"
        },
        {
          "@classname": "tests.single.opbanning.test_op_banning",
          "@name": "test_paymaster_allowed_opcode_when_staked[SELFBALANCE]",
          "@time": "0.404",
          "failure": {
            "@message": "AttributeError: expected result object, got:\nError(code=-32502, message='paymaster uses banned opcode: SELFBALANCE', data=None, id=356)",
            "#text": "tests/utils.py:186: in assert_ok\n    assert response.result\nE   AttributeError: 'Error' object has no attribute 'result'\n\nThe above exception was the direct cause of the following exception:\ntests/single/opbanning/test_op_banning.py:98: in test_paymaster_allowed_opcode_when_staked\n    assert_ok(response)\ntests/utils.py:188: in assert_ok\n    raise AttributeError(f\"expected result object, got:\\n{response}\") from exc\nE   AttributeError: expected result object, got:\nE   Error(code=-32502, message='paymaster uses banned opcode: SELFBALANCE', data=None, id=356)"
          },
          "system-out": "--------------------------------- Captured Log ---------------------------------\n\n--------------------------------- Captured Out ---------------------------------",
          "system-err": "--------------------------------- Captured Err ---------------------------------"
        },
        {
          "@classname": "tests.single.opbanning.test_op_banning",
          "@name": "test_factory_banned_opcode[GAS]",
          "@time": "0.327"
        },
        {
          "@classname": "tests.single.opbanning.test_op_banning",
          "@name": "test_factory_banned_opcode[NUMBER]",
          "@time": "0.328"
        },
        {
          "@classname": "tests.single.opbanning.test_op_banning",
          "@name": "test_factory_banned_opcode[TIMESTAMP]",
          "@time": "0.341"
        },
        {
          "@classname": "tests.single.opbanning.test_op_banning",
          "@name": "test_factory_banned_opcode[COINBASE]",
          "@time": "0.343"
        },
        {
          "@classname": "tests.single.opbanning.test_op_banning",
          "@name": "test_factory_banned_opcode[DIFFICULTY]",
          "@time": "0.350"
        },
        {
          "@classname": "tests.single.opbanning.test_op_banning",
          "@name": "test_factory_banned_opcode[BASEFEE]",
          "@time": "0.380"
        },
        {
          "@classname": "tests.single.opbanning.test_op_banning",
          "@name": "test_factory_banned_opcode[GASLIMIT]",
          "@time": "0.361"
        },
        {
          "@classname": "tests.single.opbanning.test_op_banning",
          "@name": "test_factory_banned_opcode[GASPRICE]",
          "@time": "0.370"
        },
        {
          "@classname": "tests.single.opbanning.test_op_banning",
          "@name": "test_factory_banned_opcode[SELFBALANCE]",
          "@time": "0.525"
        },
        {
          "@classname": "tests.single.opbanning.test_op_banning",
          "@name": "test_factory_banned_opcode[BALANCE]",
          "@time": "0.373"
        },
        {
          "@classname": "tests.single.opbanning.test_op_banning",
          "@name": "test_factory_banned_opcode[ORIGIN]",
          "@time": "0.386"
        },
        {
          "@classname": "tests.single.opbanning.test_op_banning",
          "@name": "test_factory_banned_opcode[BLOCKHASH]",
          "@time": "0.493"
        },
        {
          "@classname": "tests.single.opbanning.test_op_banning",
          "@name": "test_factory_banned_opcode[CREATE]",
          "@time": "0.406"
        },
        {
          "@classname": "tests.single.opbanning.test_op_banning",
          "@name": "test_factory_banned_opcode[CREATE2]",
          "@time": "0.412"
        },
        {
          "@classname": "tests.single.opbanning.test_op_banning",
          "@name": "test_factory_allowed_opcode_when_staked[BALANCE]",
          "@time": "0.394",
          "failure": {
            "@message": "AttributeError: expected result object, got:\nError(code=-32502, message='factory uses banned opcode: BALANCE', data=None, id=386)",
            "#text": "tests/utils.py:186: in assert_ok\n    assert response.result\nE   AttributeError: 'Error' object has no attribute 'result'\n\nThe above exception was the direct cause of the following exception:\ntests/single/opbanning/test_op_banning.py:138: in test_factory_allowed_opcode_when_staked\n    assert_ok(response)\ntests/utils.py:188: in assert_ok\n    raise AttributeError(f\"expected result object, got:\\n{response}\") from exc\nE   AttributeError: expected result object, got:\nE   Error(code=-32502, message='factory uses banned opcode: BALANCE', data=None, id=386)"
          },
          "system-out": "--------------------------------- Captured Log ---------------------------------\n\n--------------------------------- Captured Out ---------------------------------",
          "system-err": "--------------------------------- Captured Err ---------------------------------"
        },
        {
          "@classname": "tests.single.opbanning.test_op_banning",
          "@name": "test_factory_allowed_opcode_when_staked[SELFBALANCE]",
          "@time": "0.550",
          "failure": {
            "@message": "AttributeError: expected result object, got:\nError(code=-32502, message='factory uses banned opcode: SELFBALANCE', data=None, id=388)",
            "#text": "tests/utils.py:186: in assert_ok\n    assert response.result\nE   AttributeError: 'Error' object has no attribute 'result'\n\nThe above exception was the direct cause of the following exception:\ntests/single/opbanning/test_op_banning.py:138: in test_factory_allowed_opcode_when_staked\n    assert_ok(response)\ntests/utils.py:188: in assert_ok\n    raise AttributeError(f\"expected result object, got:\\n{response}\") from exc\nE   AttributeError: expected result object, got:\nE   Error(code=-32502, message='factory uses banned opcode: SELFBALANCE', data=None, id=388)"
          },
          "system-out": "--------------------------------- Captured Log ---------------------------------\n\n--------------------------------- Captured Out ---------------------------------",
          "system-err": "--------------------------------- Captured Err ---------------------------------"
        },
        {
          "@classname": "tests.single.reputation.test_erep",
          "@name": "test_paymaster_on_account_failure",
          "@time": "0.193",
          "failure": {
            "@message": "AttributeError: 'Error' object has no attribute 'result'",
            "#text": "tests/single/reputation/test_erep.py:64: in test_paymaster_on_account_failure\n    set_reputation(paymaster.address, ops_seen=5, ops_included=2)\ntests/utils.py:304: in set_reputation\n    assert res.result\nE   AttributeError: 'Error' object has no attribute 'result'"
          },
          "system-out": "--------------------------------- Captured Log ---------------------------------\n\n--------------------------------- Captured Out ---------------------------------",
          "system-err": "--------------------------------- Captured Err ---------------------------------"
        },
        {
          "@classname": "tests.single.reputation.test_erep",
          "@name": "test_staked_factory_on_account_failure",
          "@time": "1.106",
          "failure": {
            "@message": "AttributeError: expected result object, got:\nError(code=-32603, message='gRPC error: Send bundle now with error: (code: 3, message: execution reverted, data: Some(String(\"0x65c8fd4d0000000000000000000000000000000000000000000000000000000000000001000000000000000000000000000000000000000000000000000000000000006000000000000000000000000000000000000000000000000000000000000000a0000000000000000000000000000000000000000000000000000000000000000d4141323320726576657274656400000000000000000000000000000000000000000000000000000000000000000000000000000000000000000000000000006408c379a0000000000000000000000000000000000000000000000000000000000000002000000000000000000000000000000000000000000000000000000000000000114e6f2062756e646c6520666f7220796f7500000000000000000000000000000000000000000000000000000000000000000000000000000000000000\")))\\n\\nLocation:\\n    /app/crates/bundler/src/bundler.rs:123:29', data=None, id=398)",
            "#text": "tests/utils.py:186: in assert_ok\n    assert response.result\nE   AttributeError: 'Error' object has no attribute 'result'\n\nThe above exception was the direct cause of the following exception:\ntests/single/reputation/test_erep.py:112: in test_staked_factory_on_account_failure\n    send_bundle_now()\ntests/utils.py:217: in send_bundle_now\n    assert_ok(RPCRequest(method=\"debug_bundler_sendBundleNow\").send(url))\ntests/utils.py:188: in assert_ok\n    raise AttributeError(f\"expected result object, got:\\n{response}\") from exc\nE   AttributeError: expected result object, got:\nE   Error(code=-32603, message='gRPC error: Send bundle now with error: (code: 3, message: execution reverted, data: Some(String(\"0x65c8fd4d0000000000000000000000000000000000000000000000000000000000000001000000000000000000000000000000000000000000000000000000000000006000000000000000000000000000000000000000000000000000000000000000a0000000000000000000000000000000000000000000000000000000000000000d4141323320726576657274656400000000000000000000000000000000000000000000000000000000000000000000000000000000000000000000000000006408c379a0000000000000000000000000000000000000000000000000000000000000002000000000000000000000000000000000000000000000000000000000000000114e6f2062756e646c6520666f7220796f7500000000000000000000000000000000000000000000000000000000000000000000000000000000000000\")))\\n\\nLocation:\\n    /app/crates/bundler/src/bundler.rs:123:29', data=None, id=398)"
          },
          "system-out": "--------------------------------- Captured Log ---------------------------------\n\n--------------------------------- Captured Out ---------------------------------",
          "system-err": "--------------------------------- Captured Err ---------------------------------"
        },
        {
          "@classname": "tests.single.reputation.test_reputation",
          "@name": "test_staked_entity_reputation_threshold[with_factory]",
          "@time": "0.000",
          "skipped": {
            "@type": "pytest.skip",
            "@message": "skipped",
            "#text": "/home/runner/work/bundler-test-executor/bundler-test-executor/bundler-spec-tests/tests/single/reputation/test_reputation.py:60: skipped"
          },
          "system-out": "--------------------------------- Captured Log ---------------------------------\n\n--------------------------------- Captured Out ---------------------------------",
          "system-err": "--------------------------------- Captured Err ---------------------------------"
        },
        {
          "@classname": "tests.single.reputation.test_reputation",
          "@name": "test_staked_entity_reputation_threshold[without_factory]",
          "@time": "0.000",
          "skipped": {
            "@type": "pytest.skip",
            "@message": "skipped",
            "#text": "/home/runner/work/bundler-test-executor/bundler-test-executor/bundler-spec-tests/tests/single/reputation/test_reputation.py:60: skipped"
          },
          "system-out": "--------------------------------- Captured Log ---------------------------------\n\n--------------------------------- Captured Out ---------------------------------",
          "system-err": "--------------------------------- Captured Err ---------------------------------"
        },
        {
          "@classname": "tests.single.rpc.test_eth_chainId",
          "@name": "test_eth_chainId[]",
          "@time": "0.008"
        },
        {
          "@classname": "tests.single.rpc.test_eth_estimateUserOperationGas",
          "@name": "test_eth_estimateUserOperationGas[]",
          "@time": "0.175"
        },
        {
          "@classname": "tests.single.rpc.test_eth_estimateUserOperationGas",
          "@name": "test_eth_estimateUserOperationGas_execution_revert",
          "@time": "0.180",
          "failure": {
            "@message": "AttributeError: expected error object, got:\nOk(result={'preVerificationGas': '0xb413', 'verificationGasLimit': '0xeffe', 'callGasLimit': '0x2f44'}, id=404)",
            "#text": "tests/utils.py:193: in assert_rpc_error\n    assert response.code == code\nE   AttributeError: 'Ok' object has no attribute 'code'\n\nThe above exception was the direct cause of the following exception:\ntests/single/rpc/test_eth_estimateUserOperationGas.py:31: in test_eth_estimateUserOperationGas_execution_revert\n    assert_rpc_error(response, \"test fail\", RPCErrorCode.EXECUTION_REVERTED)\ntests/utils.py:198: in assert_rpc_error\n    raise AttributeError(f\"expected error object, got:\\n{response}\") from exc\nE   AttributeError: expected error object, got:\nE   Ok(result={'preVerificationGas': '0xb413', 'verificationGasLimit': '0xeffe', 'callGasLimit': '0x2f44'}, id=404)"
          },
          "system-out": "--------------------------------- Captured Log ---------------------------------\n\n--------------------------------- Captured Out ---------------------------------",
          "system-err": "--------------------------------- Captured Err ---------------------------------"
        },
        {
          "@classname": "tests.single.rpc.test_eth_estimateUserOperationGas",
          "@name": "test_eth_estimateUserOperationGas_simulation_revert",
          "@time": "0.026",
          "failure": {
            "@message": "assert -32603 == <RPCErrorCode.REJECTED_BY_EP_OR_ACCOUNT: -32500>\n +  where -32603 = Error(code=-32603, message='other error: FailedOpWithRevert(FailedOpWithRevert { op_index: 0, reason: \"AA23 reverted\",...00000000000000000000000000001a7465737457616c6c65743a2064656164207369676e6174757265000000000000) })', data=None, id=406).code",
            "#text": "tests/single/rpc/test_eth_estimateUserOperationGas.py:39: in test_eth_estimateUserOperationGas_simulation_revert\n    assert_rpc_error(response, \"dead signature\", RPCErrorCode.REJECTED_BY_EP_OR_ACCOUNT)\ntests/utils.py:193: in assert_rpc_error\n    assert response.code == code\nE   assert -32603 == <RPCErrorCode.REJECTED_BY_EP_OR_ACCOUNT: -32500>\nE    +  where -32603 = Error(code=-32603, message='other error: FailedOpWithRevert(FailedOpWithRevert { op_index: 0, reason: \"AA23 reverted\",...00000000000000000000000000001a7465737457616c6c65743a2064656164207369676e6174757265000000000000) })', data=None, id=406).code"
          },
          "system-out": "--------------------------------- Captured Log ---------------------------------\n\n--------------------------------- Captured Out ---------------------------------",
          "system-err": "--------------------------------- Captured Err ---------------------------------"
        },
        {
          "@classname": "tests.single.rpc.test_eth_getUserOperationByHash",
          "@name": "test_eth_getUserOperationByHash[]",
          "@time": "0.365",
          "failure": {
            "@message": "jsonschema.exceptions.ValidationError: None is not valid under any of the given schemas\n\nFailed validating 'oneOf' in schema['properties']['userOperation']['properties']['paymasterVerificationGasLimit']:\n    {'title': 'paymaster verification gas limit',\n     'oneOf': [{'type': 'string', 'pattern': '^0x([1-9a-f]+[0-9a-f]*|0)$'},\n               {'type': 'number'}],\n     'description': 'The amount of gas to allocate for the paymaster '\n                    'validation code'}\n\nOn instance['userOperation']['paymasterVerificationGasLimit']:\n    None",
            "#text": "tests/single/rpc/test_eth_getUserOperationByHash.py:23: in test_eth_getUserOperationByHash\n    validate(instance=response.result, schema=schema)\n.venv/lib/python3.10/site-packages/jsonschema/validators.py:1332: in validate\n    raise error\nE   jsonschema.exceptions.ValidationError: None is not valid under any of the given schemas\nE   \nE   Failed validating 'oneOf' in schema['properties']['userOperation']['properties']['paymasterVerificationGasLimit']:\nE       {'title': 'paymaster verification gas limit',\nE        'oneOf': [{'type': 'string', 'pattern': '^0x([1-9a-f]+[0-9a-f]*|0)$'},\nE                  {'type': 'number'}],\nE        'description': 'The amount of gas to allocate for the paymaster '\nE                       'validation code'}\nE   \nE   On instance['userOperation']['paymasterVerificationGasLimit']:\nE       None"
          },
          "system-out": "--------------------------------- Captured Log ---------------------------------\n\n--------------------------------- Captured Out ---------------------------------",
          "system-err": "--------------------------------- Captured Err ---------------------------------"
        },
        {
          "@classname": "tests.single.rpc.test_eth_getUserOperationByHash",
          "@name": "test_eth_getUserOperationByHash_error",
          "@time": "0.004"
        },
        {
          "@classname": "tests.single.rpc.test_eth_getUserOperationReceipt",
          "@name": "test_eth_getUserOperationReceipt[]",
          "@time": "0.381"
        },
        {
          "@classname": "tests.single.rpc.test_eth_getUserOperationReceipt",
          "@name": "test_eth_getUserOperationReceipt_error",
          "@time": "0.004"
        },
        {
          "@classname": "tests.single.rpc.test_eth_sendUserOperation",
          "@name": "test_eth_sendUserOperation[]",
          "@time": "0.348"
        },
        {
          "@classname": "tests.single.rpc.test_eth_sendUserOperation",
          "@name": "test_eth_sendUserOperation_revert",
          "@time": "0.038",
          "failure": {
            "@message": "AssertionError: assert -32603 == <RPCErrorCode.REJECTED_BY_EP_OR_ACCOUNT: -32500>\n +  where -32603 = Error(code=-32603, message='other error: 0, AA23 reverted, 0x08c379a00000000000000000000000000000000000000000000000000...000000000000000000000000000000001a7465737457616c6c65743a2064656164207369676e6174757265000000000000', data=None, id=423).code",
            "#text": "tests/single/rpc/test_eth_sendUserOperation.py:32: in test_eth_sendUserOperation_revert\n    assert_rpc_error(\ntests/utils.py:193: in assert_rpc_error\n    assert response.code == code\nE   AssertionError: assert -32603 == <RPCErrorCode.REJECTED_BY_EP_OR_ACCOUNT: -32500>\nE    +  where -32603 = Error(code=-32603, message='other error: 0, AA23 reverted, 0x08c379a00000000000000000000000000000000000000000000000000...000000000000000000000000000000001a7465737457616c6c65743a2064656164207369676e6174757265000000000000', data=None, id=423).code"
          },
          "system-out": "--------------------------------- Captured Log ---------------------------------\n\n--------------------------------- Captured Out ---------------------------------",
          "system-err": "--------------------------------- Captured Err ---------------------------------"
        },
        {
          "@classname": "tests.single.rpc.test_eth_sendUserOperation",
          "@name": "test_eth_sendUserOperation_invalid_signature",
          "@time": "0.027",
          "failure": {
            "@message": "AssertionError: assert -32503 == <RPCErrorCode.INVALID_SIGNATURE: -32507>\n +  where -32503 = Error(code=-32503, message='already expired', data=None, id=426).code",
            "#text": "tests/single/rpc/test_eth_sendUserOperation.py:39: in test_eth_sendUserOperation_invalid_signature\n    assert_rpc_error(\ntests/utils.py:193: in assert_rpc_error\n    assert response.code == code\nE   AssertionError: assert -32503 == <RPCErrorCode.INVALID_SIGNATURE: -32507>\nE    +  where -32503 = Error(code=-32503, message='already expired', data=None, id=426).code"
          },
          "system-out": "--------------------------------- Captured Log ---------------------------------\n\n--------------------------------- Captured Out ---------------------------------",
          "system-err": "--------------------------------- Captured Err ---------------------------------"
        },
        {
          "@classname": "tests.single.rpc.test_eth_supportedEntryPoints",
          "@name": "test_eth_supportedEntryPoints[]",
          "@time": "0.007"
        }
      ]
    }
  }
}
