<?xml version="1.0" encoding="utf-8"?><testsuites><testsuite name="skandha" errors="0" failures="13" skipped="12" tests="184" time="84.079" timestamp="2024-10-20T14:46:31.268789+00:00" hostname="fv-az1766-28"><testcase classname="tests.single.bundle.test_bundle" name="test_bundle_replace_op[only_priority_fee_bump]" time="0.373" /><testcase classname="tests.single.bundle.test_bundle" name="test_bundle_replace_op[only_max_fee_bump]" time="0.192" /><testcase classname="tests.single.bundle.test_bundle" name="test_bundle_replace_op[with_same_fee]" time="0.192" /><testcase classname="tests.single.bundle.test_bundle" name="test_bundle_replace_op[with_less_fee]" time="0.198" /><testcase classname="tests.single.bundle.test_bundle" name="test_bundle_replace_op[fee_bump_below_threshold]" time="0.191" /><testcase classname="tests.single.bundle.test_bundle" name="test_bundle_replace_op[fee_bump_at_threshold]" time="0.345" /><testcase classname="tests.single.bundle.test_bundle" name="test_bundle_replace_op[fee_bump_above_threshold]" time="0.323" /><testcase classname="tests.single.bundle.test_bundle" name="test_mempool_reputation_rules_all_entities[GREP-010-banned-entity-not-allowed-banned-sender]" time="0.000"><skipped type="pytest.skip" message="skipped">/home/runner/work/bundler-test-executor/bundler-test-executor/bundler-spec-tests/tests/single/bundle/test_bundle.py:122: skipped</skipped><system-out>--------------------------------- Captured Log ---------------------------------

--------------------------------- Captured Out ---------------------------------

</system-out><system-err>--------------------------------- Captured Err ---------------------------------

</system-err></testcase><testcase classname="tests.single.bundle.test_bundle" name="test_mempool_reputation_rules_all_entities[GREP-010-banned-entity-not-allowed-banned-paymaster]" time="0.000"><skipped type="pytest.skip" message="skipped">/home/runner/work/bundler-test-executor/bundler-test-executor/bundler-spec-tests/tests/single/bundle/test_bundle.py:122: skipped</skipped><system-out>--------------------------------- Captured Log ---------------------------------

--------------------------------- Captured Out ---------------------------------

</system-out><system-err>--------------------------------- Captured Err ---------------------------------

</system-err></testcase><testcase classname="tests.single.bundle.test_bundle" name="test_mempool_reputation_rules_all_entities[GREP-010-banned-entity-not-allowed-banned-factory]" time="0.000"><skipped type="pytest.skip" message="skipped">/home/runner/work/bundler-test-executor/bundler-test-executor/bundler-spec-tests/tests/single/bundle/test_bundle.py:122: skipped</skipped><system-out>--------------------------------- Captured Log ---------------------------------

--------------------------------- Captured Out ---------------------------------

</system-out><system-err>--------------------------------- Captured Err ---------------------------------

</system-err></testcase><testcase classname="tests.single.bundle.test_bundle" name="test_mempool_reputation_rules_all_entities[GREP-020-throttled-entity-allowed-limited-count-throttled-sender]" time="0.000"><skipped type="pytest.skip" message="skipped">/home/runner/work/bundler-test-executor/bundler-test-executor/bundler-spec-tests/tests/single/bundle/test_bundle.py:122: skipped</skipped><system-out>--------------------------------- Captured Log ---------------------------------

--------------------------------- Captured Out ---------------------------------

</system-out><system-err>--------------------------------- Captured Err ---------------------------------

</system-err></testcase><testcase classname="tests.single.bundle.test_bundle" name="test_mempool_reputation_rules_all_entities[GREP-020-throttled-entity-allowed-limited-count-throttled-paymaster]" time="0.000"><skipped type="pytest.skip" message="skipped">/home/runner/work/bundler-test-executor/bundler-test-executor/bundler-spec-tests/tests/single/bundle/test_bundle.py:122: skipped</skipped><system-out>--------------------------------- Captured Log ---------------------------------

--------------------------------- Captured Out ---------------------------------

</system-out><system-err>--------------------------------- Captured Err ---------------------------------

</system-err></testcase><testcase classname="tests.single.bundle.test_bundle" name="test_mempool_reputation_rules_all_entities[GREP-020-throttled-entity-allowed-limited-count-throttled-factory]" time="0.000"><skipped type="pytest.skip" message="skipped">/home/runner/work/bundler-test-executor/bundler-test-executor/bundler-spec-tests/tests/single/bundle/test_bundle.py:122: skipped</skipped><system-out>--------------------------------- Captured Log ---------------------------------

--------------------------------- Captured Out ---------------------------------

</system-out><system-err>--------------------------------- Captured Err ---------------------------------

</system-err></testcase><testcase classname="tests.single.bundle.test_bundle" name="test_mempool_reputation_rules_all_entities[UREP-010 UREP-020-unstaked-entity-allowed-function-unstaked-sender]" time="0.000"><skipped type="pytest.skip" message="skipped">/home/runner/work/bundler-test-executor/bundler-test-executor/bundler-spec-tests/tests/single/bundle/test_bundle.py:122: skipped</skipped><system-out>--------------------------------- Captured Log ---------------------------------

--------------------------------- Captured Out ---------------------------------

</system-out><system-err>--------------------------------- Captured Err ---------------------------------

</system-err></testcase><testcase classname="tests.single.bundle.test_bundle" name="test_mempool_reputation_rules_all_entities[UREP-010 UREP-020-unstaked-entity-allowed-function-unstaked-paymaster]" time="0.000"><skipped type="pytest.skip" message="skipped">/home/runner/work/bundler-test-executor/bundler-test-executor/bundler-spec-tests/tests/single/bundle/test_bundle.py:122: skipped</skipped><system-out>--------------------------------- Captured Log ---------------------------------

--------------------------------- Captured Out ---------------------------------

</system-out><system-err>--------------------------------- Captured Err ---------------------------------

</system-err></testcase><testcase classname="tests.single.bundle.test_bundle" name="test_mempool_reputation_rules_all_entities[UREP-010 UREP-020-unstaked-entity-allowed-function-unstaked-factory]" time="0.000"><skipped type="pytest.skip" message="skipped">/home/runner/work/bundler-test-executor/bundler-test-executor/bundler-spec-tests/tests/single/bundle/test_bundle.py:122: skipped</skipped><system-out>--------------------------------- Captured Log ---------------------------------

--------------------------------- Captured Out ---------------------------------

</system-out><system-err>--------------------------------- Captured Err ---------------------------------

</system-err></testcase><testcase classname="tests.single.bundle.test_bundle" name="test_max_allowed_ops_unstaked_sender" time="1.496" /><testcase classname="tests.single.bundle.test_bundle" name="test_max_allowed_ops_staked_sender" time="1.547" /><testcase classname="tests.single.bundle.test_bundle" name="test_ban_user_op_access_other_ops_sender_in_bundle" time="1.426" /><testcase classname="tests.single.bundle.test_bundle" name="test_ban_user_sender_double_role_in_bundle" time="0.798" /><testcase classname="tests.single.bundle.test_bundle" name="test_stake_check_in_bundler" time="0.904" /><testcase classname="tests.single.bundle.test_codehash" name="test_codehash_changed" time="0.334"><skipped type="pytest.skip" message="no self destruct. can't check code change..">/home/runner/work/bundler-test-executor/bundler-test-executor/bundler-spec-tests/tests/single/bundle/test_codehash.py:53: no self destruct. can't check code change..</skipped><system-out>--------------------------------- Captured Log ---------------------------------

--------------------------------- Captured Out ---------------------------------

</system-out><system-err>--------------------------------- Captured Err ---------------------------------

</system-err></testcase><testcase classname="tests.single.bundle.test_paymaster" name="test_paymaster_deposit" time="0.757"><failure message="AttributeError: expected error object, got:&#10;Ok(result='0x4ffe84a47b83802b23a15d8201cec4462bca1861153d5c8eb44486545cbcb5c2', id=98)">tests/utils.py:193: in assert_rpc_error
    assert response.code == code
E   AttributeError: 'Ok' object has no attribute 'code'

The above exception was the direct cause of the following exception:
tests/single/bundle/test_paymaster.py:47: in test_paymaster_deposit
    assert_rpc_error(res, "too low", RPCErrorCode.PAYMASTER_DEPOSIT_TOO_LOW)
tests/utils.py:198: in assert_rpc_error
    raise AttributeError(f"expected error object, got:\n{response}") from exc
E   AttributeError: expected error object, got:
E   Ok(result='0x4ffe84a47b83802b23a15d8201cec4462bca1861153d5c8eb44486545cbcb5c2', id=98)</failure><system-out>--------------------------------- Captured Log ---------------------------------

--------------------------------- Captured Out ---------------------------------

</system-out><system-err>--------------------------------- Captured Err ---------------------------------

</system-err></testcase><testcase classname="tests.single.bundle.test_storage_rules" name="test_rule[[STO-000]unstaked][paymaster][no_storage][ok]" time="0.484" /><testcase classname="tests.single.bundle.test_storage_rules" name="test_rule[[STO-031]unstaked][paymaster][storage_read][drop]" time="0.474" /><testcase classname="tests.single.bundle.test_storage_rules" name="test_rule[[STO-031]unstaked][paymaster][storage_write][drop]" time="0.479" /><testcase classname="tests.single.bundle.test_storage_rules" name="test_rule[[OP-070(STO-031)]unstaked][paymaster][transient_storage_tstore][drop]" time="0.565"><failure message="AttributeError: 'Ok' object has no attribute 'message'">tests/single/bundle/test_storage_rules.py:850: in test_rule
    case.assert_func(response)
tests/single/bundle/test_storage_rules.py:18: in assert_error
    assert_rpc_error(response, response.message, RPCErrorCode.BANNED_OPCODE)
E   AttributeError: 'Ok' object has no attribute 'message'</failure><system-out>--------------------------------- Captured Log ---------------------------------

--------------------------------- Captured Out ---------------------------------

</system-out><system-err>--------------------------------- Captured Err ---------------------------------

</system-err></testcase><testcase classname="tests.single.bundle.test_storage_rules" name="test_rule[[OP-070(STO-031)]unstaked][paymaster][transient_storage_tload][drop]" time="0.572"><failure message="AttributeError: 'Ok' object has no attribute 'message'">tests/single/bundle/test_storage_rules.py:850: in test_rule
    case.assert_func(response)
tests/single/bundle/test_storage_rules.py:18: in assert_error
    assert_rpc_error(response, response.message, RPCErrorCode.BANNED_OPCODE)
E   AttributeError: 'Ok' object has no attribute 'message'</failure><system-out>--------------------------------- Captured Log ---------------------------------

--------------------------------- Captured Out ---------------------------------

</system-out><system-err>--------------------------------- Captured Err ---------------------------------

</system-err></testcase><testcase classname="tests.single.bundle.test_storage_rules" name="test_rule[[STO-032]unstaked][paymaster][reference_storage][drop]" time="0.502" /><testcase classname="tests.single.bundle.test_storage_rules" name="test_rule[[STO-032]unstaked][paymaster][reference_storage_struct][drop]" time="0.504" /><testcase classname="tests.single.bundle.test_storage_rules" name="test_rule[[STO-010]unstaked][paymaster][account_storage][ok]" time="0.523" /><testcase classname="tests.single.bundle.test_storage_rules" name="test_rule[[OP-070(STO-010)]unstaked][paymaster][account_transient_storage][ok]" time="0.599" /><testcase classname="tests.single.bundle.test_storage_rules" name="test_rule[[STO-021]unstaked][paymaster][account_reference_storage][ok]" time="0.640" /><testcase classname="tests.single.bundle.test_storage_rules" name="test_rule[[STO-021]unstaked][paymaster][account_reference_storage_struct][ok]" time="0.542" /><testcase classname="tests.single.bundle.test_storage_rules" name="test_rule[[STO-022]unstaked][paymaster][account_reference_storage_init_code][drop0]" time="1.443" /><testcase classname="tests.single.bundle.test_storage_rules" name="test_rule[[EREP-050-regression]unstaked][paymaster][context][ok]" time="0.239"><failure message="AttributeError: expected result object, got:&#10;Error(code=-32502, message='unstaked paymaster must not return context', data={'paymaster': '0x49eFae536C4deE999F68056F5b642aF6eCaD210E'}, id=124)">tests/utils.py:186: in assert_ok
    assert response.result
E   AttributeError: 'Error' object has no attribute 'result'

The above exception was the direct cause of the following exception:
tests/single/bundle/test_storage_rules.py:850: in test_rule
    case.assert_func(response)
tests/utils.py:188: in assert_ok
    raise AttributeError(f"expected result object, got:\n{response}") from exc
E   AttributeError: expected result object, got:
E   Error(code=-32502, message='unstaked paymaster must not return context', data={'paymaster': '0x49eFae536C4deE999F68056F5b642aF6eCaD210E'}, id=124)</failure><system-out>--------------------------------- Captured Log ---------------------------------

--------------------------------- Captured Out ---------------------------------

</system-out><system-err>--------------------------------- Captured Err ---------------------------------

</system-err></testcase><testcase classname="tests.single.bundle.test_storage_rules" name="test_rule[[STO-032]unstaked][paymaster][external_storage_read][drop]" time="0.531" /><testcase classname="tests.single.bundle.test_storage_rules" name="test_rule[[OP-020]unstaked][paymaster][out_of_gas][drop]" time="0.681" /><testcase classname="tests.single.bundle.test_storage_rules" name="test_rule[[OP-020]unstaked][paymaster][sstore_out_of_gas][drop]" time="0.574" /><testcase classname="tests.single.bundle.test_storage_rules" name="test_rule[[STO-000]staked][paymaster][no_storage][ok]" time="0.502" /><testcase classname="tests.single.bundle.test_storage_rules" name="test_rule[[STO-031]staked][paymaster][storage_read][ok]" time="0.526" /><testcase classname="tests.single.bundle.test_storage_rules" name="test_rule[[STO-031]staked][paymaster][storage_write][ok]" time="0.530" /><testcase classname="tests.single.bundle.test_storage_rules" name="test_rule[[STO-032]staked][paymaster][reference_storage][ok]" time="0.543" /><testcase classname="tests.single.bundle.test_storage_rules" name="test_rule[[STO-032]staked][paymaster][reference_storage_struct][ok]" time="0.547" /><testcase classname="tests.single.bundle.test_storage_rules" name="test_rule[[STO-033]staked][paymaster][reference_storage_struct][ok]" time="0.645" /><testcase classname="tests.single.bundle.test_storage_rules" name="test_rule[[STO-010]staked][paymaster][account_storage][ok]" time="0.533" /><testcase classname="tests.single.bundle.test_storage_rules" name="test_rule[[STO-021]staked][paymaster][account_reference_storage][ok]" time="0.560" /><testcase classname="tests.single.bundle.test_storage_rules" name="test_rule[[STO-021]staked][paymaster][account_reference_storage_struct][ok]" time="0.561" /><testcase classname="tests.single.bundle.test_storage_rules" name="test_rule[[STO-022]staked][paymaster][account_reference_storage_init_code][ok]" time="0.765" /><testcase classname="tests.single.bundle.test_storage_rules" name="test_rule[[EREP-050-regression]staked][paymaster][context][ok]" time="0.277" /><testcase classname="tests.single.bundle.test_storage_rules" name="test_rule[[STO-033]staked][paymaster][external_storage_write][drop]" time="0.563" /><testcase classname="tests.single.bundle.test_storage_rules" name="test_rule[[STO-033]staked][paymaster][external_storage_read][ok]" time="0.575" /><testcase classname="tests.single.bundle.test_storage_rules" name="test_rule[[OP-020]staked][paymaster][out_of_gas][drop]" time="0.659" /><testcase classname="tests.single.bundle.test_storage_rules" name="test_rule[[OP-020]staked][paymaster][sstore_out_of_gas][drop]" time="0.604" /><testcase classname="tests.single.bundle.test_storage_rules" name="test_rule[[STO-000]unstaked][factory][no_storage][ok]" time="0.524" /><testcase classname="tests.single.bundle.test_storage_rules" name="test_rule[[STO-000]unstaked][factory][storage_read][drop]" time="0.515" /><testcase classname="tests.single.bundle.test_storage_rules" name="test_rule[[STO-000]unstaked][factory][storage_write][drop]" time="0.516" /><testcase classname="tests.single.bundle.test_storage_rules" name="test_rule[[STO-000]unstaked][factory][reference_storage][drop]" time="0.540" /><testcase classname="tests.single.bundle.test_storage_rules" name="test_rule[[STO-032]unstaked][factory][reference_storage_struct][drop]" time="0.658" /><testcase classname="tests.single.bundle.test_storage_rules" name="test_rule[[STO-010]unstaked][factory][account_storage][ok]" time="0.573" /><testcase classname="tests.single.bundle.test_storage_rules" name="test_rule[[STO-021]unstaked][factory][account_reference_storage][drop]" time="0.552" /><testcase classname="tests.single.bundle.test_storage_rules" name="test_rule[[STO-021]unstaked][factory][account_reference_storage_struct][drop]" time="0.574" /><testcase classname="tests.single.bundle.test_storage_rules" name="test_rule[[STO-000]unstaked][factory][external_storage_read][drop]" time="0.573" /><testcase classname="tests.single.bundle.test_storage_rules" name="test_rule[[OP-042]unstaked][factory][EXTCODEx_CALLx_undeployed_sender][ok]" time="0.349" /><testcase classname="tests.single.bundle.test_storage_rules" name="test_rule[[OP-041]unstaked][factory][EXTCODESIZE_undeployed_contract][drop]" time="0.450" /><testcase classname="tests.single.bundle.test_storage_rules" name="test_rule[[OP-041]unstaked][factory][EXTCODEHASH_undeployed_contract][drop]" time="0.454" /><testcase classname="tests.single.bundle.test_storage_rules" name="test_rule[[OP-041]unstaked][factory][EXTCODECOPY_undeployed_contract][drop]" time="0.472" /><testcase classname="tests.single.bundle.test_storage_rules" name="test_rule[[OP-041]unstaked][factory][CALL_undeployed_contract][drop]" time="0.422" /><testcase classname="tests.single.bundle.test_storage_rules" name="test_rule[[OP-041]unstaked][factory][CALLCODE_undeployed_contract][drop]" time="0.432" /><testcase classname="tests.single.bundle.test_storage_rules" name="test_rule[[OP-041]unstaked][factory][DELEGATECALL_undeployed_contract][drop]" time="0.441" /><testcase classname="tests.single.bundle.test_storage_rules" name="test_rule[[OP-041]unstaked][factory][STATICCALL_undeployed_contract][drop]" time="0.449" /><testcase classname="tests.single.bundle.test_storage_rules" name="test_rule[[OP-020]unstaked][factory][out_of_gas][drop]" time="0.685" /><testcase classname="tests.single.bundle.test_storage_rules" name="test_rule[[OP-020]unstaked][factory][sstore_out_of_gas][drop]" time="0.620" /><testcase classname="tests.single.bundle.test_storage_rules" name="test_rule[[STO-000]staked][factory][no_storage][ok]" time="0.550" /><testcase classname="tests.single.bundle.test_storage_rules" name="test_rule[[STO-031]staked][factory][storage_read][ok]" time="0.573" /><testcase classname="tests.single.bundle.test_storage_rules" name="test_rule[[STO-031]staked][factory][storage_write][ok]" time="0.570" /><testcase classname="tests.single.bundle.test_storage_rules" name="test_rule[[STO-032]staked][factory][reference_storage][ok]" time="0.701" /><testcase classname="tests.single.bundle.test_storage_rules" name="test_rule[[STO-032]staked][factory][reference_storage_struct][ok]" time="0.597" /><testcase classname="tests.single.bundle.test_storage_rules" name="test_rule[[STO-010]staked][factory][account_storage][ok]" time="0.683" /><testcase classname="tests.single.bundle.test_storage_rules" name="test_rule[[STO-021]staked][factory][account_reference_storage][ok]" time="0.633" /><testcase classname="tests.single.bundle.test_storage_rules" name="test_rule[[STO-021]staked][factory][account_reference_storage_struct][ok]" time="0.622" /><testcase classname="tests.single.bundle.test_storage_rules" name="test_rule[[STO-033]staked][factory][external_storage_write][drop]" time="0.608" /><testcase classname="tests.single.bundle.test_storage_rules" name="test_rule[[STO-033]staked][factory][external_storage_read][ok]" time="0.629" /><testcase classname="tests.single.bundle.test_storage_rules" name="test_rule[[OP-020]staked][factory][out_of_gas][drop]" time="0.712" /><testcase classname="tests.single.bundle.test_storage_rules" name="test_rule[[OP-020]staked][factory][sstore_out_of_gas][drop]" time="0.643" /><testcase classname="tests.single.bundle.test_storage_rules" name="test_rule[[STO-000]unstaked][account][no_storage][ok]" time="1.008" /><testcase classname="tests.single.bundle.test_storage_rules" name="test_rule[[STO-010]unstaked][account][account_storage][ok]" time="0.465" /><testcase classname="tests.single.bundle.test_storage_rules" name="test_rule[[STO-021]unstaked][account][account_reference_storage][ok]" time="0.477" /><testcase classname="tests.single.bundle.test_storage_rules" name="test_rule[[STO-022]unstaked][account][account_reference_storage_init_code][drop]" time="0.370" /><testcase classname="tests.single.bundle.test_storage_rules" name="test_rule[[STO-022]unstaked][account][account_reference_storage_init_code][ok]" time="1.797" /><testcase classname="tests.single.bundle.test_storage_rules" name="test_rule[[STO-022]unstaked][paymaster][account_reference_storage_init_code][drop1]" time="0.676" /><testcase classname="tests.single.bundle.test_storage_rules" name="test_rule[[STO-021]unstaked][account][account_reference_storage_struct][ok]" time="0.491" /><testcase classname="tests.single.bundle.test_storage_rules" name="test_rule[[STO-000]unstaked][account][external_storage_read][drop]" time="0.467" /><testcase classname="tests.single.bundle.test_storage_rules" name="test_rule[[OP-020]unstaked][account][out_of_gas][drop]" time="0.577" /><testcase classname="tests.single.bundle.test_storage_rules" name="test_rule[[OP-020]unstaked][account][sstore_out_of_gas][drop]" time="0.520" /><testcase classname="tests.single.bundle.test_storage_rules" name="test_rule[[STO-000]staked][account][no_storage][ok]" time="0.448" /><testcase classname="tests.single.bundle.test_storage_rules" name="test_rule[[STO-010]staked][account][account_storage][ok]" time="0.492" /><testcase classname="tests.single.bundle.test_storage_rules" name="test_rule[[STO-021]staked][account][account_reference_storage][ok]" time="0.505" /><testcase classname="tests.single.bundle.test_storage_rules" name="test_rule[[STO-021]staked][account][account_reference_storage_struct][ok]" time="0.515" /><testcase classname="tests.single.bundle.test_storage_rules" name="test_rule[[OP-020]staked][account][out_of_gas][drop]" time="0.611" /><testcase classname="tests.single.bundle.test_storage_rules" name="test_rule[[OP-020]staked][account][sstore_out_of_gas][drop]" time="0.649" /><testcase classname="tests.single.bundle.test_storage_rules" name="test_rule[[STO-033]staked][account][external_storage_write][drop]" time="0.502" /><testcase classname="tests.single.bundle.test_storage_rules" name="test_rule[[STO-033]staked][account][external_storage_read][ok]" time="0.513" /><testcase classname="tests.single.bundle.test_storage_rules" name="test_rule[[OP-011]unstaked][account][entryPoint_call_balanceOf][drop]" time="0.543" /><testcase classname="tests.single.bundle.test_storage_rules" name="test_rule[[OP-061]unstaked][account][eth_value_transfer_forbidden][drop]" time="0.502" /><testcase classname="tests.single.bundle.test_storage_rules" name="test_rule[[OP-053]unstaked][account][eth_value_transfer_entryPoint][ok]" time="0.664" /><testcase classname="tests.single.bundle.test_storage_rules" name="test_rule[[OP-052]unstaked][account][eth_value_transfer_entryPoint_depositTo][ok]" time="0.573" /><testcase classname="tests.single.bundle.test_storage_rules" name="test_rule[[OP-041]unstaked][account][EXTCODESIZE_undeployed_contract][drop]" time="0.350" /><testcase classname="tests.single.bundle.test_storage_rules" name="test_rule[[OP-041]unstaked][account][EXTCODEHASH_undeployed_contract][drop]" time="0.357" /><testcase classname="tests.single.bundle.test_storage_rules" name="test_rule[[OP-041]unstaked][account][EXTCODECOPY_undeployed_contract][drop]" time="0.360" /><testcase classname="tests.single.bundle.test_storage_rules" name="test_rule[[OP-054]unstaked][account][EXTCODESIZE_entrypoint][drop]" time="0.490" /><testcase classname="tests.single.bundle.test_storage_rules" name="test_rule[[OP-054]unstaked][account][EXTCODEHASH_entrypoint][drop]" time="0.393" /><testcase classname="tests.single.bundle.test_storage_rules" name="test_rule[[OP-054]unstaked][account][EXTCODECOPY_entrypoint][drop]" time="0.398" /><testcase classname="tests.single.bundle.test_storage_rules" name="test_rule[[OP-041]unstaked][account][CALL_undeployed_contract][drop]" time="0.317" /><testcase classname="tests.single.bundle.test_storage_rules" name="test_rule[[OP-041]unstaked][account][CALLCODE_undeployed_contract][drop]" time="0.440" /><testcase classname="tests.single.bundle.test_storage_rules" name="test_rule[[OP-041]unstaked][account][DELEGATECALL_undeployed_contract][drop]" time="0.345" /><testcase classname="tests.single.bundle.test_storage_rules" name="test_rule[[OP-041]unstaked][account][STATICCALL_undeployed_contract][drop]" time="0.351" /><testcase classname="tests.single.bundle.test_storage_rules" name="test_rule[[OP-062]unstaked][account][CALL_undeployed_contract_allowed_precompile][ok]" time="0.414" /><testcase classname="tests.single.opbanning.test_op_banning" name="test_account_banned_opcode[GAS]" time="0.209" /><testcase classname="tests.single.opbanning.test_op_banning" name="test_account_banned_opcode[NUMBER]" time="0.217" /><testcase classname="tests.single.opbanning.test_op_banning" name="test_account_banned_opcode[TIMESTAMP]" time="0.222" /><testcase classname="tests.single.opbanning.test_op_banning" name="test_account_banned_opcode[COINBASE]" time="0.232" /><testcase classname="tests.single.opbanning.test_op_banning" name="test_account_banned_opcode[DIFFICULTY]" time="0.237" /><testcase classname="tests.single.opbanning.test_op_banning" name="test_account_banned_opcode[BASEFEE]" time="0.241" /><testcase classname="tests.single.opbanning.test_op_banning" name="test_account_banned_opcode[GASLIMIT]" time="0.250" /><testcase classname="tests.single.opbanning.test_op_banning" name="test_account_banned_opcode[GASPRICE]" time="0.255" /><testcase classname="tests.single.opbanning.test_op_banning" name="test_account_banned_opcode[SELFBALANCE]" time="0.309" /><testcase classname="tests.single.opbanning.test_op_banning" name="test_account_banned_opcode[BALANCE]" time="0.361" /><testcase classname="tests.single.opbanning.test_op_banning" name="test_account_banned_opcode[ORIGIN]" time="0.368" /><testcase classname="tests.single.opbanning.test_op_banning" name="test_account_banned_opcode[BLOCKHASH]" time="0.377" /><testcase classname="tests.single.opbanning.test_op_banning" name="test_account_banned_opcode[CREATE]" time="0.292" /><testcase classname="tests.single.opbanning.test_op_banning" name="test_account_banned_opcode[CREATE2]" time="0.300" /><testcase classname="tests.single.opbanning.test_op_banning" name="test_account_allowed_opcode_when_staked[BALANCE]" time="0.283"><failure message="AttributeError: expected result object, got:&#10;Error(code=-32502, message='account uses banned opcode: BALANCE', data=None, id=318)">tests/utils.py:186: in assert_ok
    assert response.result
E   AttributeError: 'Error' object has no attribute 'result'

The above exception was the direct cause of the following exception:
tests/single/opbanning/test_op_banning.py:60: in test_account_allowed_opcode_when_staked
    assert_ok(response)
tests/utils.py:188: in assert_ok
    raise AttributeError(f"expected result object, got:\n{response}") from exc
E   AttributeError: expected result object, got:
E   Error(code=-32502, message='account uses banned opcode: BALANCE', data=None, id=318)</failure><system-out>--------------------------------- Captured Log ---------------------------------

--------------------------------- Captured Out ---------------------------------

</system-out><system-err>--------------------------------- Captured Err ---------------------------------

</system-err></testcase><testcase classname="tests.single.opbanning.test_op_banning" name="test_account_allowed_opcode_when_staked[SELFBALANCE]" time="0.331"><failure message="AttributeError: expected result object, got:&#10;Error(code=-32502, message='account uses banned opcode: SELFBALANCE', data=None, id=320)">tests/utils.py:186: in assert_ok
    assert response.result
E   AttributeError: 'Error' object has no attribute 'result'

The above exception was the direct cause of the following exception:
tests/single/opbanning/test_op_banning.py:60: in test_account_allowed_opcode_when_staked
    assert_ok(response)
tests/utils.py:188: in assert_ok
    raise AttributeError(f"expected result object, got:\n{response}") from exc
E   AttributeError: expected result object, got:
E   Error(code=-32502, message='account uses banned opcode: SELFBALANCE', data=None, id=320)</failure><system-out>--------------------------------- Captured Log ---------------------------------

--------------------------------- Captured Out ---------------------------------

</system-out><system-err>--------------------------------- Captured Err ---------------------------------

</system-err></testcase><testcase classname="tests.single.opbanning.test_op_banning" name="test_account_allowed_opcode_sequence[GAS CALL]" time="0.423" /><testcase classname="tests.single.opbanning.test_op_banning" name="test_account_allowed_opcode_sequence[GAS DELEGATECALL]" time="0.443" /><testcase classname="tests.single.opbanning.test_op_banning" name="test_paymaster_banned_opcode[GAS]" time="0.281" /><testcase classname="tests.single.opbanning.test_op_banning" name="test_paymaster_banned_opcode[NUMBER]" time="0.288" /><testcase classname="tests.single.opbanning.test_op_banning" name="test_paymaster_banned_opcode[TIMESTAMP]" time="0.303" /><testcase classname="tests.single.opbanning.test_op_banning" name="test_paymaster_banned_opcode[COINBASE]" time="0.303" /><testcase classname="tests.single.opbanning.test_op_banning" name="test_paymaster_banned_opcode[DIFFICULTY]" time="0.310" /><testcase classname="tests.single.opbanning.test_op_banning" name="test_paymaster_banned_opcode[BASEFEE]" time="0.317" /><testcase classname="tests.single.opbanning.test_op_banning" name="test_paymaster_banned_opcode[GASLIMIT]" time="0.326" /><testcase classname="tests.single.opbanning.test_op_banning" name="test_paymaster_banned_opcode[GASPRICE]" time="0.331" /><testcase classname="tests.single.opbanning.test_op_banning" name="test_paymaster_banned_opcode[SELFBALANCE]" time="0.379" /><testcase classname="tests.single.opbanning.test_op_banning" name="test_paymaster_banned_opcode[BALANCE]" time="0.340" /><testcase classname="tests.single.opbanning.test_op_banning" name="test_paymaster_banned_opcode[ORIGIN]" time="0.339" /><testcase classname="tests.single.opbanning.test_op_banning" name="test_paymaster_banned_opcode[BLOCKHASH]" time="0.353" /><testcase classname="tests.single.opbanning.test_op_banning" name="test_paymaster_banned_opcode[CREATE]" time="0.369" /><testcase classname="tests.single.opbanning.test_op_banning" name="test_paymaster_banned_opcode[CREATE2]" time="0.378" /><testcase classname="tests.single.opbanning.test_op_banning" name="test_paymaster_allowed_opcode_when_staked[BALANCE]" time="0.362"><failure message="AttributeError: expected result object, got:&#10;Error(code=-32502, message='paymaster uses banned opcode: BALANCE', data=None, id=354)">tests/utils.py:186: in assert_ok
    assert response.result
E   AttributeError: 'Error' object has no attribute 'result'

The above exception was the direct cause of the following exception:
tests/single/opbanning/test_op_banning.py:98: in test_paymaster_allowed_opcode_when_staked
    assert_ok(response)
tests/utils.py:188: in assert_ok
    raise AttributeError(f"expected result object, got:\n{response}") from exc
E   AttributeError: expected result object, got:
E   Error(code=-32502, message='paymaster uses banned opcode: BALANCE', data=None, id=354)</failure><system-out>--------------------------------- Captured Log ---------------------------------

--------------------------------- Captured Out ---------------------------------

</system-out><system-err>--------------------------------- Captured Err ---------------------------------

</system-err></testcase><testcase classname="tests.single.opbanning.test_op_banning" name="test_paymaster_allowed_opcode_when_staked[SELFBALANCE]" time="0.404"><failure message="AttributeError: expected result object, got:&#10;Error(code=-32502, message='paymaster uses banned opcode: SELFBALANCE', data=None, id=356)">tests/utils.py:186: in assert_ok
    assert response.result
E   AttributeError: 'Error' object has no attribute 'result'

The above exception was the direct cause of the following exception:
tests/single/opbanning/test_op_banning.py:98: in test_paymaster_allowed_opcode_when_staked
    assert_ok(response)
tests/utils.py:188: in assert_ok
    raise AttributeError(f"expected result object, got:\n{response}") from exc
E   AttributeError: expected result object, got:
E   Error(code=-32502, message='paymaster uses banned opcode: SELFBALANCE', data=None, id=356)</failure><system-out>--------------------------------- Captured Log ---------------------------------

--------------------------------- Captured Out ---------------------------------

</system-out><system-err>--------------------------------- Captured Err ---------------------------------

</system-err></testcase><testcase classname="tests.single.opbanning.test_op_banning" name="test_factory_banned_opcode[GAS]" time="0.330" /><testcase classname="tests.single.opbanning.test_op_banning" name="test_factory_banned_opcode[NUMBER]" time="0.339" /><testcase classname="tests.single.opbanning.test_op_banning" name="test_factory_banned_opcode[TIMESTAMP]" time="0.380" /><testcase classname="tests.single.opbanning.test_op_banning" name="test_factory_banned_opcode[COINBASE]" time="0.355" /><testcase classname="tests.single.opbanning.test_op_banning" name="test_factory_banned_opcode[DIFFICULTY]" time="0.462" /><testcase classname="tests.single.opbanning.test_op_banning" name="test_factory_banned_opcode[BASEFEE]" time="0.372" /><testcase classname="tests.single.opbanning.test_op_banning" name="test_factory_banned_opcode[GASLIMIT]" time="0.375" /><testcase classname="tests.single.opbanning.test_op_banning" name="test_factory_banned_opcode[GASPRICE]" time="0.383" /><testcase classname="tests.single.opbanning.test_op_banning" name="test_factory_banned_opcode[SELFBALANCE]" time="0.438" /><testcase classname="tests.single.opbanning.test_op_banning" name="test_factory_banned_opcode[BALANCE]" time="0.407" /><testcase classname="tests.single.opbanning.test_op_banning" name="test_factory_banned_opcode[ORIGIN]" time="0.396" /><testcase classname="tests.single.opbanning.test_op_banning" name="test_factory_banned_opcode[BLOCKHASH]" time="0.400" /><testcase classname="tests.single.opbanning.test_op_banning" name="test_factory_banned_opcode[CREATE]" time="0.428" /><testcase classname="tests.single.opbanning.test_op_banning" name="test_factory_banned_opcode[CREATE2]" time="0.432" /><testcase classname="tests.single.opbanning.test_op_banning" name="test_factory_allowed_opcode_when_staked[BALANCE]" time="0.404"><failure message="AttributeError: expected result object, got:&#10;Error(code=-32502, message='factory uses banned opcode: BALANCE', data=None, id=386)">tests/utils.py:186: in assert_ok
    assert response.result
E   AttributeError: 'Error' object has no attribute 'result'

The above exception was the direct cause of the following exception:
tests/single/opbanning/test_op_banning.py:138: in test_factory_allowed_opcode_when_staked
    assert_ok(response)
tests/utils.py:188: in assert_ok
    raise AttributeError(f"expected result object, got:\n{response}") from exc
E   AttributeError: expected result object, got:
E   Error(code=-32502, message='factory uses banned opcode: BALANCE', data=None, id=386)</failure><system-out>--------------------------------- Captured Log ---------------------------------

--------------------------------- Captured Out ---------------------------------

</system-out><system-err>--------------------------------- Captured Err ---------------------------------

</system-err></testcase><testcase classname="tests.single.opbanning.test_op_banning" name="test_factory_allowed_opcode_when_staked[SELFBALANCE]" time="0.460"><failure message="AttributeError: expected result object, got:&#10;Error(code=-32502, message='factory uses banned opcode: SELFBALANCE', data=None, id=388)">tests/utils.py:186: in assert_ok
    assert response.result
E   AttributeError: 'Error' object has no attribute 'result'

The above exception was the direct cause of the following exception:
tests/single/opbanning/test_op_banning.py:138: in test_factory_allowed_opcode_when_staked
    assert_ok(response)
tests/utils.py:188: in assert_ok
    raise AttributeError(f"expected result object, got:\n{response}") from exc
E   AttributeError: expected result object, got:
E   Error(code=-32502, message='factory uses banned opcode: SELFBALANCE', data=None, id=388)</failure><system-out>--------------------------------- Captured Log ---------------------------------

--------------------------------- Captured Out ---------------------------------

</system-out><system-err>--------------------------------- Captured Err ---------------------------------

</system-err></testcase><testcase classname="tests.single.reputation.test_erep" name="test_paymaster_on_account_failure" time="0.200"><failure message="AttributeError: expected result object, got:&#10;Error(code=-32601, message='Method debug_bundler_clearReputation is not supported', data=None, id=391)">tests/utils.py:186: in assert_ok
    assert response.result
E   AttributeError: 'Error' object has no attribute 'result'

The above exception was the direct cause of the following exception:
tests/single/reputation/test_erep.py:63: in test_paymaster_on_account_failure
    clear_reputation()
tests/utils.py:286: in clear_reputation
    assert_ok(RPCRequest(method="debug_bundler_clearReputation").send(url))
tests/utils.py:188: in assert_ok
    raise AttributeError(f"expected result object, got:\n{response}") from exc
E   AttributeError: expected result object, got:
E   Error(code=-32601, message='Method debug_bundler_clearReputation is not supported', data=None, id=391)</failure><system-out>--------------------------------- Captured Log ---------------------------------

--------------------------------- Captured Out ---------------------------------

</system-out><system-err>--------------------------------- Captured Err ---------------------------------

</system-err></testcase><testcase classname="tests.single.reputation.test_erep" name="test_staked_factory_on_account_failure" time="1.764"><failure message="AssertionError: assert 2 &gt;= 10000&#10; +  where 2 = Reputation(address='0x02c5a93213e364e5b93f9771f821af21bd199ca8', opsSeen=2, opsIncluded=0, status='0x0').opsSeen&#10; +    where Reputation(address='0x02c5a93213e364e5b93f9771f821af21bd199ca8', opsSeen=2, opsIncluded=0, status='0x0') = get_reputation('0x02C5a93213E364e5b93f9771F821af21Bd199cA8')&#10; +      where '0x02C5a93213E364e5b93f9771F821af21Bd199cA8' = &lt;web3._utils.datatypes.Contract object at 0x7f42e9f90c10&gt;.address">tests/single/reputation/test_erep.py:113: in test_staked_factory_on_account_failure
    assert get_reputation(factory.address).opsSeen &gt;= 10000
E   AssertionError: assert 2 &gt;= 10000
E    +  where 2 = Reputation(address='0x02c5a93213e364e5b93f9771f821af21bd199ca8', opsSeen=2, opsIncluded=0, status='0x0').opsSeen
E    +    where Reputation(address='0x02c5a93213e364e5b93f9771f821af21bd199ca8', opsSeen=2, opsIncluded=0, status='0x0') = get_reputation('0x02C5a93213E364e5b93f9771F821af21Bd199cA8')
E    +      where '0x02C5a93213E364e5b93f9771F821af21Bd199cA8' = &lt;web3._utils.datatypes.Contract object at 0x7f42e9f90c10&gt;.address</failure><system-out>--------------------------------- Captured Log ---------------------------------

--------------------------------- Captured Out ---------------------------------

</system-out><system-err>--------------------------------- Captured Err ---------------------------------

</system-err></testcase><testcase classname="tests.single.reputation.test_reputation" name="test_staked_entity_reputation_threshold[with_factory]" time="0.000"><skipped type="pytest.skip" message="skipped">/home/runner/work/bundler-test-executor/bundler-test-executor/bundler-spec-tests/tests/single/reputation/test_reputation.py:60: skipped</skipped><system-out>--------------------------------- Captured Log ---------------------------------

--------------------------------- Captured Out ---------------------------------

</system-out><system-err>--------------------------------- Captured Err ---------------------------------

</system-err></testcase><testcase classname="tests.single.reputation.test_reputation" name="test_staked_entity_reputation_threshold[without_factory]" time="0.000"><skipped type="pytest.skip" message="skipped">/home/runner/work/bundler-test-executor/bundler-test-executor/bundler-spec-tests/tests/single/reputation/test_reputation.py:60: skipped</skipped><system-out>--------------------------------- Captured Log ---------------------------------

--------------------------------- Captured Out ---------------------------------

</system-out><system-err>--------------------------------- Captured Err ---------------------------------

</system-err></testcase><testcase classname="tests.single.rpc.test_eth_chainId" name="test_eth_chainId[]" time="0.009" /><testcase classname="tests.single.rpc.test_eth_estimateUserOperationGas" name="test_eth_estimateUserOperationGas[]" time="0.045" /><testcase classname="tests.single.rpc.test_eth_estimateUserOperationGas" name="test_eth_estimateUserOperationGas_execution_revert" time="0.034" /><testcase classname="tests.single.rpc.test_eth_estimateUserOperationGas" name="test_eth_estimateUserOperationGas_simulation_revert" time="0.032" /><testcase classname="tests.single.rpc.test_eth_getUserOperationByHash" name="test_eth_getUserOperationByHash[]" time="0.822"><failure message="TypeError: string indices must be integers">tests/single/rpc/test_eth_getUserOperationByHash.py:13: in test_eth_getUserOperationByHash
    ).send()
tests/types.py:107: in send
    res = jsonrpcclient.responses.to_response(
.venv/lib/python3.10/site-packages/jsonrpcclient/responses.py:44: in to_response
    response["error"]["code"],
E   TypeError: string indices must be integers</failure><system-out>--------------------------------- Captured Log ---------------------------------

--------------------------------- Captured Out ---------------------------------

</system-out><system-err>--------------------------------- Captured Err ---------------------------------

</system-err></testcase><testcase classname="tests.single.rpc.test_eth_getUserOperationByHash" name="test_eth_getUserOperationByHash_error" time="0.004" /><testcase classname="tests.single.rpc.test_eth_getUserOperationReceipt" name="test_eth_getUserOperationReceipt[]" time="0.857" /><testcase classname="tests.single.rpc.test_eth_getUserOperationReceipt" name="test_eth_getUserOperationReceipt_error" time="0.005" /><testcase classname="tests.single.rpc.test_eth_sendUserOperation" name="test_eth_sendUserOperation[]" time="0.810" /><testcase classname="tests.single.rpc.test_eth_sendUserOperation" name="test_eth_sendUserOperation_revert" time="0.146" /><testcase classname="tests.single.rpc.test_eth_sendUserOperation" name="test_eth_sendUserOperation_invalid_signature" time="0.148" /><testcase classname="tests.single.rpc.test_eth_supportedEntryPoints" name="test_eth_supportedEntryPoints[]" time="0.008" /></testsuite></testsuites>