<?xml version="1.0" encoding="utf-8"?><testsuites><testsuite name="transeptor" errors="0" failures="14" skipped="12" tests="184" time="76.697" timestamp="2024-10-20T14:48:21.413739+00:00" hostname="fv-az1766-28"><testcase classname="tests.single.bundle.test_bundle" name="test_bundle_replace_op[only_priority_fee_bump]" time="0.438" /><testcase classname="tests.single.bundle.test_bundle" name="test_bundle_replace_op[only_max_fee_bump]" time="0.295" /><testcase classname="tests.single.bundle.test_bundle" name="test_bundle_replace_op[with_same_fee]" time="0.305" /><testcase classname="tests.single.bundle.test_bundle" name="test_bundle_replace_op[with_less_fee]" time="0.294" /><testcase classname="tests.single.bundle.test_bundle" name="test_bundle_replace_op[fee_bump_below_threshold]" time="0.294" /><testcase classname="tests.single.bundle.test_bundle" name="test_bundle_replace_op[fee_bump_at_threshold]" time="0.309" /><testcase classname="tests.single.bundle.test_bundle" name="test_bundle_replace_op[fee_bump_above_threshold]" time="0.292" /><testcase classname="tests.single.bundle.test_bundle" name="test_mempool_reputation_rules_all_entities[GREP-010-banned-entity-not-allowed-banned-sender]" time="0.000"><skipped type="pytest.skip" message="skipped">/home/runner/work/bundler-test-executor/bundler-test-executor/bundler-spec-tests/tests/single/bundle/test_bundle.py:122: skipped</skipped><system-out>--------------------------------- Captured Log ---------------------------------

--------------------------------- Captured Out ---------------------------------

</system-out><system-err>--------------------------------- Captured Err ---------------------------------

</system-err></testcase><testcase classname="tests.single.bundle.test_bundle" name="test_mempool_reputation_rules_all_entities[GREP-010-banned-entity-not-allowed-banned-paymaster]" time="0.000"><skipped type="pytest.skip" message="skipped">/home/runner/work/bundler-test-executor/bundler-test-executor/bundler-spec-tests/tests/single/bundle/test_bundle.py:122: skipped</skipped><system-out>--------------------------------- Captured Log ---------------------------------

--------------------------------- Captured Out ---------------------------------

</system-out><system-err>--------------------------------- Captured Err ---------------------------------

</system-err></testcase><testcase classname="tests.single.bundle.test_bundle" name="test_mempool_reputation_rules_all_entities[GREP-010-banned-entity-not-allowed-banned-factory]" time="0.000"><skipped type="pytest.skip" message="skipped">/home/runner/work/bundler-test-executor/bundler-test-executor/bundler-spec-tests/tests/single/bundle/test_bundle.py:122: skipped</skipped><system-out>--------------------------------- Captured Log ---------------------------------

--------------------------------- Captured Out ---------------------------------

</system-out><system-err>--------------------------------- Captured Err ---------------------------------

</system-err></testcase><testcase classname="tests.single.bundle.test_bundle" name="test_mempool_reputation_rules_all_entities[GREP-020-throttled-entity-allowed-limited-count-throttled-sender]" time="0.000"><skipped type="pytest.skip" message="skipped">/home/runner/work/bundler-test-executor/bundler-test-executor/bundler-spec-tests/tests/single/bundle/test_bundle.py:122: skipped</skipped><system-out>--------------------------------- Captured Log ---------------------------------

--------------------------------- Captured Out ---------------------------------

</system-out><system-err>--------------------------------- Captured Err ---------------------------------

</system-err></testcase><testcase classname="tests.single.bundle.test_bundle" name="test_mempool_reputation_rules_all_entities[GREP-020-throttled-entity-allowed-limited-count-throttled-paymaster]" time="0.000"><skipped type="pytest.skip" message="skipped">/home/runner/work/bundler-test-executor/bundler-test-executor/bundler-spec-tests/tests/single/bundle/test_bundle.py:122: skipped</skipped><system-out>--------------------------------- Captured Log ---------------------------------

--------------------------------- Captured Out ---------------------------------

</system-out><system-err>--------------------------------- Captured Err ---------------------------------

</system-err></testcase><testcase classname="tests.single.bundle.test_bundle" name="test_mempool_reputation_rules_all_entities[GREP-020-throttled-entity-allowed-limited-count-throttled-factory]" time="0.000"><skipped type="pytest.skip" message="skipped">/home/runner/work/bundler-test-executor/bundler-test-executor/bundler-spec-tests/tests/single/bundle/test_bundle.py:122: skipped</skipped><system-out>--------------------------------- Captured Log ---------------------------------

--------------------------------- Captured Out ---------------------------------

</system-out><system-err>--------------------------------- Captured Err ---------------------------------

</system-err></testcase><testcase classname="tests.single.bundle.test_bundle" name="test_mempool_reputation_rules_all_entities[UREP-010 UREP-020-unstaked-entity-allowed-function-unstaked-sender]" time="0.000"><skipped type="pytest.skip" message="skipped">/home/runner/work/bundler-test-executor/bundler-test-executor/bundler-spec-tests/tests/single/bundle/test_bundle.py:122: skipped</skipped><system-out>--------------------------------- Captured Log ---------------------------------

--------------------------------- Captured Out ---------------------------------

</system-out><system-err>--------------------------------- Captured Err ---------------------------------

</system-err></testcase><testcase classname="tests.single.bundle.test_bundle" name="test_mempool_reputation_rules_all_entities[UREP-010 UREP-020-unstaked-entity-allowed-function-unstaked-paymaster]" time="0.000"><skipped type="pytest.skip" message="skipped">/home/runner/work/bundler-test-executor/bundler-test-executor/bundler-spec-tests/tests/single/bundle/test_bundle.py:122: skipped</skipped><system-out>--------------------------------- Captured Log ---------------------------------

--------------------------------- Captured Out ---------------------------------

</system-out><system-err>--------------------------------- Captured Err ---------------------------------

</system-err></testcase><testcase classname="tests.single.bundle.test_bundle" name="test_mempool_reputation_rules_all_entities[UREP-010 UREP-020-unstaked-entity-allowed-function-unstaked-factory]" time="0.000"><skipped type="pytest.skip" message="skipped">/home/runner/work/bundler-test-executor/bundler-test-executor/bundler-spec-tests/tests/single/bundle/test_bundle.py:122: skipped</skipped><system-out>--------------------------------- Captured Log ---------------------------------

--------------------------------- Captured Out ---------------------------------

</system-out><system-err>--------------------------------- Captured Err ---------------------------------

</system-err></testcase><testcase classname="tests.single.bundle.test_bundle" name="test_max_allowed_ops_unstaked_sender" time="0.743"><failure message="AssertionError: assert [UserOperatio...asLimit=None)] == [UserOperatio...asLimit=None)]&#10;  &#10;  Left contains one more item: UserOperation(sender='0xc9E213d6Ef18aE83667067436e3E91992A713B4c', nonce='0x40000000000000000', factory=None, factoryD..., signature='0x', paymaster=None, paymasterData=None, paymasterVerificationGasLimit=None, paymasterPostOpGasLimit=None)&#10;  &#10;  Full diff:&#10;    [&#10;        UserOperation(&#10;            sender='0xc9E213d6Ef18aE83667067436e3E91992A713B4c',&#10;            nonce='0x0',&#10;            factory=None,&#10;            factoryData=None,&#10;            callData='0xa9e966b70000000000000000000000000000000000000000000000000000000000000001',&#10;            callGasLimit='0x493e0',&#10;            verificationGasLimit='0xf4240',&#10;            preVerificationGas='0x493e0',&#10;            maxFeePerGas='0xee6b2800',&#10;            maxPriorityFeePerGas='0xb2d05e00',&#10;            signature='0x',&#10;            paymaster=None,&#10;            paymasterData=None,&#10;            paymasterVerificationGasLimit=None,&#10;            paymasterPostOpGasLimit=None,&#10;        ),&#10;        UserOperation(&#10;            sender='0xc9E213d6Ef18aE83667067436e3E91992A713B4c',&#10;            nonce='0x10000000000000000',&#10;            factory=None,&#10;            factoryData=None,&#10;            callData='0xa9e966b70000000000000000000000000000000000000000000000000000000000000001',&#10;            callGasLimit='0x493e0',&#10;            verificationGasLimit='0xf4240',&#10;            preVerificationGas='0x493e0',&#10;            maxFeePerGas='0xee6b2800',&#10;            maxPriorityFeePerGas='0xb2d05e00',&#10;            signature='0x',&#10;            paymaster=None,&#10;            paymasterData=None,&#10;            paymasterVerificationGasLimit=None,&#10;            paymasterPostOpGasLimit=None,&#10;        ),&#10;        UserOperation(&#10;            sender='0xc9E213d6Ef18aE83667067436e3E91992A713B4c',&#10;            nonce='0x20000000000000000',&#10;            factory=None,&#10;            factoryData=None,&#10;            callData='0xa9e966b70000000000000000000000000000000000000000000000000000000000000001',&#10;            callGasLimit='0x493e0',&#10;            verificationGasLimit='0xf4240',&#10;            preVerificationGas='0x493e0',&#10;            maxFeePerGas='0xee6b2800',&#10;            maxPriorityFeePerGas='0xb2d05e00',&#10;            signature='0x',&#10;            paymaster=None,&#10;            paymasterData=None,&#10;            paymasterVerificationGasLimit=None,&#10;            paymasterPostOpGasLimit=None,&#10;        ),&#10;        UserOperation(&#10;            sender='0xc9E213d6Ef18aE83667067436e3E91992A713B4c',&#10;            nonce='0x30000000000000000',&#10;            factory=None,&#10;            factoryData=None,&#10;            callData='0xa9e966b70000000000000000000000000000000000000000000000000000000000000001',&#10;            callGasLimit='0x493e0',&#10;            verificationGasLimit='0xf4240',&#10;            preVerificationGas='0x493e0',&#10;            maxFeePerGas='0xee6b2800',&#10;            maxPriorityFeePerGas='0xb2d05e00',&#10;            signature='0x',&#10;            paymaster=None,&#10;            paymasterData=None,&#10;            paymasterVerificationGasLimit=None,&#10;            paymasterPostOpGasLimit=None,&#10;        ),&#10;  +     UserOperation(&#10;  +         sender='0xc9E213d6Ef18aE83667067436e3E91992A713B4c',&#10;  +         nonce='0x40000000000000000',&#10;  +         factory=None,&#10;  +         factoryData=None,&#10;  +         callData='0xa9e966b70000000000000000000000000000000000000000000000000000000000000001',&#10;  +         callGasLimit='0x493e0',&#10;  +         verificationGasLimit='0xf4240',&#10;  +         preVerificationGas='0x493e0',&#10;  +         maxFeePerGas='0xee6b2800',&#10;  +         maxPriorityFeePerGas='0xb2d05e00',&#10;  +         signature='0x',&#10;  +         paymaster=None,&#10;  +         paymasterData=None,&#10;  +         paymasterVerificationGasLimit=None,&#10;  +         paymasterPostOpGasLimit=None,&#10;  +     ),&#10;    ]">tests/single/bundle/test_bundle.py:259: in test_max_allowed_ops_unstaked_sender
    assert mempool == wallet_ops[:-1]
E   AssertionError: assert [UserOperatio...asLimit=None)] == [UserOperatio...asLimit=None)]
E     
E     Left contains one more item: UserOperation(sender='0xc9E213d6Ef18aE83667067436e3E91992A713B4c', nonce='0x40000000000000000', factory=None, factoryD..., signature='0x', paymaster=None, paymasterData=None, paymasterVerificationGasLimit=None, paymasterPostOpGasLimit=None)
E     
E     Full diff:
E       [
E           UserOperation(
E               sender='0xc9E213d6Ef18aE83667067436e3E91992A713B4c',
E               nonce='0x0',
E               factory=None,
E               factoryData=None,
E               callData='0xa9e966b70000000000000000000000000000000000000000000000000000000000000001',
E               callGasLimit='0x493e0',
E               verificationGasLimit='0xf4240',
E               preVerificationGas='0x493e0',
E               maxFeePerGas='0xee6b2800',
E               maxPriorityFeePerGas='0xb2d05e00',
E               signature='0x',
E               paymaster=None,
E               paymasterData=None,
E               paymasterVerificationGasLimit=None,
E               paymasterPostOpGasLimit=None,
E           ),
E           UserOperation(
E               sender='0xc9E213d6Ef18aE83667067436e3E91992A713B4c',
E               nonce='0x10000000000000000',
E               factory=None,
E               factoryData=None,
E               callData='0xa9e966b70000000000000000000000000000000000000000000000000000000000000001',
E               callGasLimit='0x493e0',
E               verificationGasLimit='0xf4240',
E               preVerificationGas='0x493e0',
E               maxFeePerGas='0xee6b2800',
E               maxPriorityFeePerGas='0xb2d05e00',
E               signature='0x',
E               paymaster=None,
E               paymasterData=None,
E               paymasterVerificationGasLimit=None,
E               paymasterPostOpGasLimit=None,
E           ),
E           UserOperation(
E               sender='0xc9E213d6Ef18aE83667067436e3E91992A713B4c',
E               nonce='0x20000000000000000',
E               factory=None,
E               factoryData=None,
E               callData='0xa9e966b70000000000000000000000000000000000000000000000000000000000000001',
E               callGasLimit='0x493e0',
E               verificationGasLimit='0xf4240',
E               preVerificationGas='0x493e0',
E               maxFeePerGas='0xee6b2800',
E               maxPriorityFeePerGas='0xb2d05e00',
E               signature='0x',
E               paymaster=None,
E               paymasterData=None,
E               paymasterVerificationGasLimit=None,
E               paymasterPostOpGasLimit=None,
E           ),
E           UserOperation(
E               sender='0xc9E213d6Ef18aE83667067436e3E91992A713B4c',
E               nonce='0x30000000000000000',
E               factory=None,
E               factoryData=None,
E               callData='0xa9e966b70000000000000000000000000000000000000000000000000000000000000001',
E               callGasLimit='0x493e0',
E               verificationGasLimit='0xf4240',
E               preVerificationGas='0x493e0',
E               maxFeePerGas='0xee6b2800',
E               maxPriorityFeePerGas='0xb2d05e00',
E               signature='0x',
E               paymaster=None,
E               paymasterData=None,
E               paymasterVerificationGasLimit=None,
E               paymasterPostOpGasLimit=None,
E           ),
E     +     UserOperation(
E     +         sender='0xc9E213d6Ef18aE83667067436e3E91992A713B4c',
E     +         nonce='0x40000000000000000',
E     +         factory=None,
E     +         factoryData=None,
E     +         callData='0xa9e966b70000000000000000000000000000000000000000000000000000000000000001',
E     +         callGasLimit='0x493e0',
E     +         verificationGasLimit='0xf4240',
E     +         preVerificationGas='0x493e0',
E     +         maxFeePerGas='0xee6b2800',
E     +         maxPriorityFeePerGas='0xb2d05e00',
E     +         signature='0x',
E     +         paymaster=None,
E     +         paymasterData=None,
E     +         paymasterVerificationGasLimit=None,
E     +         paymasterPostOpGasLimit=None,
E     +     ),
E       ]</failure><system-out>--------------------------------- Captured Log ---------------------------------

--------------------------------- Captured Out ---------------------------------

</system-out><system-err>--------------------------------- Captured Err ---------------------------------

</system-err></testcase><testcase classname="tests.single.bundle.test_bundle" name="test_max_allowed_ops_staked_sender" time="0.942" /><testcase classname="tests.single.bundle.test_bundle" name="test_ban_user_op_access_other_ops_sender_in_bundle" time="0.867" /><testcase classname="tests.single.bundle.test_bundle" name="test_ban_user_sender_double_role_in_bundle" time="0.720" /><testcase classname="tests.single.bundle.test_bundle" name="test_stake_check_in_bundler" time="0.735"><failure message="TypeError: 'NoneType' object is not subscriptable">tests/single/bundle/test_bundle.py:385: in test_stake_check_in_bundler
    assert response["stakeInfo"]["addr"].lower() == paymaster_contract.address.lower()
E   TypeError: 'NoneType' object is not subscriptable</failure><system-out>--------------------------------- Captured Log ---------------------------------

--------------------------------- Captured Out ---------------------------------

</system-out><system-err>--------------------------------- Captured Err ---------------------------------

</system-err></testcase><testcase classname="tests.single.bundle.test_codehash" name="test_codehash_changed" time="0.313"><skipped type="pytest.skip" message="no self destruct. can't check code change..">/home/runner/work/bundler-test-executor/bundler-test-executor/bundler-spec-tests/tests/single/bundle/test_codehash.py:53: no self destruct. can't check code change..</skipped><system-out>--------------------------------- Captured Log ---------------------------------

--------------------------------- Captured Out ---------------------------------

</system-out><system-err>--------------------------------- Captured Err ---------------------------------

</system-err></testcase><testcase classname="tests.single.bundle.test_paymaster" name="test_paymaster_deposit" time="0.667"><failure message="AttributeError: expected error object, got:&#10;Ok(result='0xeaf6fc30e427273341b590eb0d06e0973c268a76e98bb4a519e05a53fb822db7', id=95)">tests/utils.py:193: in assert_rpc_error
    assert response.code == code
E   AttributeError: 'Ok' object has no attribute 'code'

The above exception was the direct cause of the following exception:
tests/single/bundle/test_paymaster.py:47: in test_paymaster_deposit
    assert_rpc_error(res, "too low", RPCErrorCode.PAYMASTER_DEPOSIT_TOO_LOW)
tests/utils.py:198: in assert_rpc_error
    raise AttributeError(f"expected error object, got:\n{response}") from exc
E   AttributeError: expected error object, got:
E   Ok(result='0xeaf6fc30e427273341b590eb0d06e0973c268a76e98bb4a519e05a53fb822db7', id=95)</failure><system-out>--------------------------------- Captured Log ---------------------------------

--------------------------------- Captured Out ---------------------------------

</system-out><system-err>--------------------------------- Captured Err ---------------------------------

</system-err></testcase><testcase classname="tests.single.bundle.test_storage_rules" name="test_rule[[STO-000]unstaked][paymaster][no_storage][ok]" time="0.448" /><testcase classname="tests.single.bundle.test_storage_rules" name="test_rule[[STO-031]unstaked][paymaster][storage_read][drop]" time="0.451" /><testcase classname="tests.single.bundle.test_storage_rules" name="test_rule[[STO-031]unstaked][paymaster][storage_write][drop]" time="0.459" /><testcase classname="tests.single.bundle.test_storage_rules" name="test_rule[[OP-070(STO-031)]unstaked][paymaster][transient_storage_tstore][drop]" time="0.519"><failure message="AttributeError: 'Ok' object has no attribute 'message'">tests/single/bundle/test_storage_rules.py:850: in test_rule
    case.assert_func(response)
tests/single/bundle/test_storage_rules.py:18: in assert_error
    assert_rpc_error(response, response.message, RPCErrorCode.BANNED_OPCODE)
E   AttributeError: 'Ok' object has no attribute 'message'</failure><system-out>--------------------------------- Captured Log ---------------------------------

--------------------------------- Captured Out ---------------------------------

</system-out><system-err>--------------------------------- Captured Err ---------------------------------

</system-err></testcase><testcase classname="tests.single.bundle.test_storage_rules" name="test_rule[[OP-070(STO-031)]unstaked][paymaster][transient_storage_tload][drop]" time="0.528"><failure message="AttributeError: 'Ok' object has no attribute 'message'">tests/single/bundle/test_storage_rules.py:850: in test_rule
    case.assert_func(response)
tests/single/bundle/test_storage_rules.py:18: in assert_error
    assert_rpc_error(response, response.message, RPCErrorCode.BANNED_OPCODE)
E   AttributeError: 'Ok' object has no attribute 'message'</failure><system-out>--------------------------------- Captured Log ---------------------------------

--------------------------------- Captured Out ---------------------------------

</system-out><system-err>--------------------------------- Captured Err ---------------------------------

</system-err></testcase><testcase classname="tests.single.bundle.test_storage_rules" name="test_rule[[STO-032]unstaked][paymaster][reference_storage][drop]" time="0.481" /><testcase classname="tests.single.bundle.test_storage_rules" name="test_rule[[STO-032]unstaked][paymaster][reference_storage_struct][drop]" time="0.483" /><testcase classname="tests.single.bundle.test_storage_rules" name="test_rule[[STO-010]unstaked][paymaster][account_storage][ok]" time="0.481" /><testcase classname="tests.single.bundle.test_storage_rules" name="test_rule[[OP-070(STO-010)]unstaked][paymaster][account_transient_storage][ok]" time="0.533" /><testcase classname="tests.single.bundle.test_storage_rules" name="test_rule[[STO-021]unstaked][paymaster][account_reference_storage][ok]" time="0.517" /><testcase classname="tests.single.bundle.test_storage_rules" name="test_rule[[STO-021]unstaked][paymaster][account_reference_storage_struct][ok]" time="0.509" /><testcase classname="tests.single.bundle.test_storage_rules" name="test_rule[[STO-022]unstaked][paymaster][account_reference_storage_init_code][drop0]" time="1.435" /><testcase classname="tests.single.bundle.test_storage_rules" name="test_rule[[EREP-050-regression]unstaked][paymaster][context][ok]" time="0.235"><failure message="AttributeError: expected result object, got:&#10;Error(code=-32502, message='unstaked paymaster must not return context', data={'paymaster': '0x448B7c7698C29574eCc90455BC2b736A07f49d4D'}, id=121)">tests/utils.py:186: in assert_ok
    assert response.result
E   AttributeError: 'Error' object has no attribute 'result'

The above exception was the direct cause of the following exception:
tests/single/bundle/test_storage_rules.py:850: in test_rule
    case.assert_func(response)
tests/utils.py:188: in assert_ok
    raise AttributeError(f"expected result object, got:\n{response}") from exc
E   AttributeError: expected result object, got:
E   Error(code=-32502, message='unstaked paymaster must not return context', data={'paymaster': '0x448B7c7698C29574eCc90455BC2b736A07f49d4D'}, id=121)</failure><system-out>--------------------------------- Captured Log ---------------------------------

--------------------------------- Captured Out ---------------------------------

</system-out><system-err>--------------------------------- Captured Err ---------------------------------

</system-err></testcase><testcase classname="tests.single.bundle.test_storage_rules" name="test_rule[[STO-032]unstaked][paymaster][external_storage_read][drop]" time="0.523" /><testcase classname="tests.single.bundle.test_storage_rules" name="test_rule[[OP-020]unstaked][paymaster][out_of_gas][drop]" time="0.623" /><testcase classname="tests.single.bundle.test_storage_rules" name="test_rule[[OP-020]unstaked][paymaster][sstore_out_of_gas][drop]" time="0.565" /><testcase classname="tests.single.bundle.test_storage_rules" name="test_rule[[STO-000]staked][paymaster][no_storage][ok]" time="0.487" /><testcase classname="tests.single.bundle.test_storage_rules" name="test_rule[[STO-031]staked][paymaster][storage_read][ok]" time="0.489" /><testcase classname="tests.single.bundle.test_storage_rules" name="test_rule[[STO-031]staked][paymaster][storage_write][ok]" time="0.495" /><testcase classname="tests.single.bundle.test_storage_rules" name="test_rule[[STO-032]staked][paymaster][reference_storage][ok]" time="0.512" /><testcase classname="tests.single.bundle.test_storage_rules" name="test_rule[[STO-032]staked][paymaster][reference_storage_struct][ok]" time="0.514" /><testcase classname="tests.single.bundle.test_storage_rules" name="test_rule[[STO-033]staked][paymaster][reference_storage_struct][ok]" time="0.520" /><testcase classname="tests.single.bundle.test_storage_rules" name="test_rule[[STO-010]staked][paymaster][account_storage][ok]" time="0.605" /><testcase classname="tests.single.bundle.test_storage_rules" name="test_rule[[STO-021]staked][paymaster][account_reference_storage][ok]" time="0.526" /><testcase classname="tests.single.bundle.test_storage_rules" name="test_rule[[STO-021]staked][paymaster][account_reference_storage_struct][ok]" time="0.529" /><testcase classname="tests.single.bundle.test_storage_rules" name="test_rule[[STO-022]staked][paymaster][account_reference_storage_init_code][ok]" time="0.701" /><testcase classname="tests.single.bundle.test_storage_rules" name="test_rule[[EREP-050-regression]staked][paymaster][context][ok]" time="0.249" /><testcase classname="tests.single.bundle.test_storage_rules" name="test_rule[[STO-033]staked][paymaster][external_storage_write][drop]" time="0.559" /><testcase classname="tests.single.bundle.test_storage_rules" name="test_rule[[STO-033]staked][paymaster][external_storage_read][ok]" time="0.525" /><testcase classname="tests.single.bundle.test_storage_rules" name="test_rule[[OP-020]staked][paymaster][out_of_gas][drop]" time="0.642" /><testcase classname="tests.single.bundle.test_storage_rules" name="test_rule[[OP-020]staked][paymaster][sstore_out_of_gas][drop]" time="0.589" /><testcase classname="tests.single.bundle.test_storage_rules" name="test_rule[[STO-000]unstaked][factory][no_storage][ok]" time="0.494" /><testcase classname="tests.single.bundle.test_storage_rules" name="test_rule[[STO-000]unstaked][factory][storage_read][drop]" time="0.506" /><testcase classname="tests.single.bundle.test_storage_rules" name="test_rule[[STO-000]unstaked][factory][storage_write][drop]" time="0.514" /><testcase classname="tests.single.bundle.test_storage_rules" name="test_rule[[STO-000]unstaked][factory][reference_storage][drop]" time="0.525" /><testcase classname="tests.single.bundle.test_storage_rules" name="test_rule[[STO-032]unstaked][factory][reference_storage_struct][drop]" time="0.533" /><testcase classname="tests.single.bundle.test_storage_rules" name="test_rule[[STO-010]unstaked][factory][account_storage][ok]" time="0.537" /><testcase classname="tests.single.bundle.test_storage_rules" name="test_rule[[STO-021]unstaked][factory][account_reference_storage][drop]" time="0.537" /><testcase classname="tests.single.bundle.test_storage_rules" name="test_rule[[STO-021]unstaked][factory][account_reference_storage_struct][drop]" time="0.553" /><testcase classname="tests.single.bundle.test_storage_rules" name="test_rule[[STO-000]unstaked][factory][external_storage_read][drop]" time="0.549" /><testcase classname="tests.single.bundle.test_storage_rules" name="test_rule[[OP-042]unstaked][factory][EXTCODEx_CALLx_undeployed_sender][ok]" time="0.310" /><testcase classname="tests.single.bundle.test_storage_rules" name="test_rule[[OP-041]unstaked][factory][EXTCODESIZE_undeployed_contract][drop]" time="0.439" /><testcase classname="tests.single.bundle.test_storage_rules" name="test_rule[[OP-041]unstaked][factory][EXTCODEHASH_undeployed_contract][drop]" time="0.470" /><testcase classname="tests.single.bundle.test_storage_rules" name="test_rule[[OP-041]unstaked][factory][EXTCODECOPY_undeployed_contract][drop]" time="0.549" /><testcase classname="tests.single.bundle.test_storage_rules" name="test_rule[[OP-041]unstaked][factory][CALL_undeployed_contract][drop]" time="0.403" /><testcase classname="tests.single.bundle.test_storage_rules" name="test_rule[[OP-041]unstaked][factory][CALLCODE_undeployed_contract][drop]" time="0.419" /><testcase classname="tests.single.bundle.test_storage_rules" name="test_rule[[OP-041]unstaked][factory][DELEGATECALL_undeployed_contract][drop]" time="0.425" /><testcase classname="tests.single.bundle.test_storage_rules" name="test_rule[[OP-041]unstaked][factory][STATICCALL_undeployed_contract][drop]" time="0.432" /><testcase classname="tests.single.bundle.test_storage_rules" name="test_rule[[OP-020]unstaked][factory][out_of_gas][drop]" time="0.664" /><testcase classname="tests.single.bundle.test_storage_rules" name="test_rule[[OP-020]unstaked][factory][sstore_out_of_gas][drop]" time="0.619" /><testcase classname="tests.single.bundle.test_storage_rules" name="test_rule[[STO-000]staked][factory][no_storage][ok]" time="0.514" /><testcase classname="tests.single.bundle.test_storage_rules" name="test_rule[[STO-031]staked][factory][storage_read][ok]" time="0.531" /><testcase classname="tests.single.bundle.test_storage_rules" name="test_rule[[STO-031]staked][factory][storage_write][ok]" time="0.525" /><testcase classname="tests.single.bundle.test_storage_rules" name="test_rule[[STO-032]staked][factory][reference_storage][ok]" time="0.557" /><testcase classname="tests.single.bundle.test_storage_rules" name="test_rule[[STO-032]staked][factory][reference_storage_struct][ok]" time="0.562" /><testcase classname="tests.single.bundle.test_storage_rules" name="test_rule[[STO-010]staked][factory][account_storage][ok]" time="0.547" /><testcase classname="tests.single.bundle.test_storage_rules" name="test_rule[[STO-021]staked][factory][account_reference_storage][ok]" time="0.567" /><testcase classname="tests.single.bundle.test_storage_rules" name="test_rule[[STO-021]staked][factory][account_reference_storage_struct][ok]" time="0.580" /><testcase classname="tests.single.bundle.test_storage_rules" name="test_rule[[STO-033]staked][factory][external_storage_write][drop]" time="0.585" /><testcase classname="tests.single.bundle.test_storage_rules" name="test_rule[[STO-033]staked][factory][external_storage_read][ok]" time="0.576" /><testcase classname="tests.single.bundle.test_storage_rules" name="test_rule[[OP-020]staked][factory][out_of_gas][drop]" time="0.714" /><testcase classname="tests.single.bundle.test_storage_rules" name="test_rule[[OP-020]staked][factory][sstore_out_of_gas][drop]" time="0.624" /><testcase classname="tests.single.bundle.test_storage_rules" name="test_rule[[STO-000]unstaked][account][no_storage][ok]" time="0.983" /><testcase classname="tests.single.bundle.test_storage_rules" name="test_rule[[STO-010]unstaked][account][account_storage][ok]" time="0.438" /><testcase classname="tests.single.bundle.test_storage_rules" name="test_rule[[STO-021]unstaked][account][account_reference_storage][ok]" time="0.447" /><testcase classname="tests.single.bundle.test_storage_rules" name="test_rule[[STO-022]unstaked][account][account_reference_storage_init_code][drop]" time="0.459" /><testcase classname="tests.single.bundle.test_storage_rules" name="test_rule[[STO-022]unstaked][account][account_reference_storage_init_code][ok]" time="1.797" /><testcase classname="tests.single.bundle.test_storage_rules" name="test_rule[[STO-022]unstaked][paymaster][account_reference_storage_init_code][drop1]" time="0.656" /><testcase classname="tests.single.bundle.test_storage_rules" name="test_rule[[STO-021]unstaked][account][account_reference_storage_struct][ok]" time="0.449" /><testcase classname="tests.single.bundle.test_storage_rules" name="test_rule[[STO-000]unstaked][account][external_storage_read][drop]" time="0.451" /><testcase classname="tests.single.bundle.test_storage_rules" name="test_rule[[OP-020]unstaked][account][out_of_gas][drop]" time="0.564" /><testcase classname="tests.single.bundle.test_storage_rules" name="test_rule[[OP-020]unstaked][account][sstore_out_of_gas][drop]" time="0.508" /><testcase classname="tests.single.bundle.test_storage_rules" name="test_rule[[STO-000]staked][account][no_storage][ok]" time="0.411" /><testcase classname="tests.single.bundle.test_storage_rules" name="test_rule[[STO-010]staked][account][account_storage][ok]" time="0.446" /><testcase classname="tests.single.bundle.test_storage_rules" name="test_rule[[STO-021]staked][account][account_reference_storage][ok]" time="0.573" /><testcase classname="tests.single.bundle.test_storage_rules" name="test_rule[[STO-021]staked][account][account_reference_storage_struct][ok]" time="0.477" /><testcase classname="tests.single.bundle.test_storage_rules" name="test_rule[[OP-020]staked][account][out_of_gas][drop]" time="0.591" /><testcase classname="tests.single.bundle.test_storage_rules" name="test_rule[[OP-020]staked][account][sstore_out_of_gas][drop]" time="0.531" /><testcase classname="tests.single.bundle.test_storage_rules" name="test_rule[[STO-033]staked][account][external_storage_write][drop]" time="0.488" /><testcase classname="tests.single.bundle.test_storage_rules" name="test_rule[[STO-033]staked][account][external_storage_read][ok]" time="0.504" /><testcase classname="tests.single.bundle.test_storage_rules" name="test_rule[[OP-011]unstaked][account][entryPoint_call_balanceOf][drop]" time="0.502" /><testcase classname="tests.single.bundle.test_storage_rules" name="test_rule[[OP-061]unstaked][account][eth_value_transfer_forbidden][drop]" time="0.488" /><testcase classname="tests.single.bundle.test_storage_rules" name="test_rule[[OP-053]unstaked][account][eth_value_transfer_entryPoint][ok]" time="0.523" /><testcase classname="tests.single.bundle.test_storage_rules" name="test_rule[[OP-052]unstaked][account][eth_value_transfer_entryPoint_depositTo][ok]" time="0.535" /><testcase classname="tests.single.bundle.test_storage_rules" name="test_rule[[OP-041]unstaked][account][EXTCODESIZE_undeployed_contract][drop]" time="0.333" /><testcase classname="tests.single.bundle.test_storage_rules" name="test_rule[[OP-041]unstaked][account][EXTCODEHASH_undeployed_contract][drop]" time="0.446" /><testcase classname="tests.single.bundle.test_storage_rules" name="test_rule[[OP-041]unstaked][account][EXTCODECOPY_undeployed_contract][drop]" time="0.347" /><testcase classname="tests.single.bundle.test_storage_rules" name="test_rule[[OP-054]unstaked][account][EXTCODESIZE_entrypoint][drop]" time="0.371" /><testcase classname="tests.single.bundle.test_storage_rules" name="test_rule[[OP-054]unstaked][account][EXTCODEHASH_entrypoint][drop]" time="0.377" /><testcase classname="tests.single.bundle.test_storage_rules" name="test_rule[[OP-054]unstaked][account][EXTCODECOPY_entrypoint][drop]" time="0.383" /><testcase classname="tests.single.bundle.test_storage_rules" name="test_rule[[OP-041]unstaked][account][CALL_undeployed_contract][drop]" time="0.296" /><testcase classname="tests.single.bundle.test_storage_rules" name="test_rule[[OP-041]unstaked][account][CALLCODE_undeployed_contract][drop]" time="0.317" /><testcase classname="tests.single.bundle.test_storage_rules" name="test_rule[[OP-041]unstaked][account][DELEGATECALL_undeployed_contract][drop]" time="0.323" /><testcase classname="tests.single.bundle.test_storage_rules" name="test_rule[[OP-041]unstaked][account][STATICCALL_undeployed_contract][drop]" time="0.330" /><testcase classname="tests.single.bundle.test_storage_rules" name="test_rule[[OP-062]unstaked][account][CALL_undeployed_contract_allowed_precompile][ok]" time="0.484" /><testcase classname="tests.single.opbanning.test_op_banning" name="test_account_banned_opcode[GAS]" time="0.199" /><testcase classname="tests.single.opbanning.test_op_banning" name="test_account_banned_opcode[NUMBER]" time="0.202" /><testcase classname="tests.single.opbanning.test_op_banning" name="test_account_banned_opcode[TIMESTAMP]" time="0.210" /><testcase classname="tests.single.opbanning.test_op_banning" name="test_account_banned_opcode[COINBASE]" time="0.217" /><testcase classname="tests.single.opbanning.test_op_banning" name="test_account_banned_opcode[DIFFICULTY]" time="0.224" /><testcase classname="tests.single.opbanning.test_op_banning" name="test_account_banned_opcode[BASEFEE]" time="0.227" /><testcase classname="tests.single.opbanning.test_op_banning" name="test_account_banned_opcode[GASLIMIT]" time="0.233" /><testcase classname="tests.single.opbanning.test_op_banning" name="test_account_banned_opcode[GASPRICE]" time="0.238" /><testcase classname="tests.single.opbanning.test_op_banning" name="test_account_banned_opcode[SELFBALANCE]" time="0.293" /><testcase classname="tests.single.opbanning.test_op_banning" name="test_account_banned_opcode[BALANCE]" time="0.247" /><testcase classname="tests.single.opbanning.test_op_banning" name="test_account_banned_opcode[ORIGIN]" time="0.249" /><testcase classname="tests.single.opbanning.test_op_banning" name="test_account_banned_opcode[BLOCKHASH]" time="0.259" /><testcase classname="tests.single.opbanning.test_op_banning" name="test_account_banned_opcode[CREATE]" time="0.279" /><testcase classname="tests.single.opbanning.test_op_banning" name="test_account_banned_opcode[CREATE2]" time="0.283" /><testcase classname="tests.single.opbanning.test_op_banning" name="test_account_allowed_opcode_when_staked[BALANCE]" time="0.268"><failure message="AttributeError: expected result object, got:&#10;Error(code=-32502, message='account uses banned opcode: BALANCE', data=None, id=315)">tests/utils.py:186: in assert_ok
    assert response.result
E   AttributeError: 'Error' object has no attribute 'result'

The above exception was the direct cause of the following exception:
tests/single/opbanning/test_op_banning.py:60: in test_account_allowed_opcode_when_staked
    assert_ok(response)
tests/utils.py:188: in assert_ok
    raise AttributeError(f"expected result object, got:\n{response}") from exc
E   AttributeError: expected result object, got:
E   Error(code=-32502, message='account uses banned opcode: BALANCE', data=None, id=315)</failure><system-out>--------------------------------- Captured Log ---------------------------------

--------------------------------- Captured Out ---------------------------------

</system-out><system-err>--------------------------------- Captured Err ---------------------------------

</system-err></testcase><testcase classname="tests.single.opbanning.test_op_banning" name="test_account_allowed_opcode_when_staked[SELFBALANCE]" time="0.314"><failure message="AttributeError: expected result object, got:&#10;Error(code=-32502, message='account uses banned opcode: SELFBALANCE', data=None, id=317)">tests/utils.py:186: in assert_ok
    assert response.result
E   AttributeError: 'Error' object has no attribute 'result'

The above exception was the direct cause of the following exception:
tests/single/opbanning/test_op_banning.py:60: in test_account_allowed_opcode_when_staked
    assert_ok(response)
tests/utils.py:188: in assert_ok
    raise AttributeError(f"expected result object, got:\n{response}") from exc
E   AttributeError: expected result object, got:
E   Error(code=-32502, message='account uses banned opcode: SELFBALANCE', data=None, id=317)</failure><system-out>--------------------------------- Captured Log ---------------------------------

--------------------------------- Captured Out ---------------------------------

</system-out><system-err>--------------------------------- Captured Err ---------------------------------

</system-err></testcase><testcase classname="tests.single.opbanning.test_op_banning" name="test_account_allowed_opcode_sequence[GAS CALL]" time="0.376" /><testcase classname="tests.single.opbanning.test_op_banning" name="test_account_allowed_opcode_sequence[GAS DELEGATECALL]" time="0.379" /><testcase classname="tests.single.opbanning.test_op_banning" name="test_paymaster_banned_opcode[GAS]" time="0.266" /><testcase classname="tests.single.opbanning.test_op_banning" name="test_paymaster_banned_opcode[NUMBER]" time="0.276" /><testcase classname="tests.single.opbanning.test_op_banning" name="test_paymaster_banned_opcode[TIMESTAMP]" time="0.278" /><testcase classname="tests.single.opbanning.test_op_banning" name="test_paymaster_banned_opcode[COINBASE]" time="0.290" /><testcase classname="tests.single.opbanning.test_op_banning" name="test_paymaster_banned_opcode[DIFFICULTY]" time="0.298" /><testcase classname="tests.single.opbanning.test_op_banning" name="test_paymaster_banned_opcode[BASEFEE]" time="0.303" /><testcase classname="tests.single.opbanning.test_op_banning" name="test_paymaster_banned_opcode[GASLIMIT]" time="0.308" /><testcase classname="tests.single.opbanning.test_op_banning" name="test_paymaster_banned_opcode[GASPRICE]" time="0.307" /><testcase classname="tests.single.opbanning.test_op_banning" name="test_paymaster_banned_opcode[SELFBALANCE]" time="0.364" /><testcase classname="tests.single.opbanning.test_op_banning" name="test_paymaster_banned_opcode[BALANCE]" time="0.325" /><testcase classname="tests.single.opbanning.test_op_banning" name="test_paymaster_banned_opcode[ORIGIN]" time="0.323" /><testcase classname="tests.single.opbanning.test_op_banning" name="test_paymaster_banned_opcode[BLOCKHASH]" time="0.428" /><testcase classname="tests.single.opbanning.test_op_banning" name="test_paymaster_banned_opcode[CREATE]" time="0.349" /><testcase classname="tests.single.opbanning.test_op_banning" name="test_paymaster_banned_opcode[CREATE2]" time="0.355" /><testcase classname="tests.single.opbanning.test_op_banning" name="test_paymaster_allowed_opcode_when_staked[BALANCE]" time="0.445"><failure message="AttributeError: expected result object, got:&#10;Error(code=-32502, message='paymaster uses banned opcode: BALANCE', data=None, id=351)">tests/utils.py:186: in assert_ok
    assert response.result
E   AttributeError: 'Error' object has no attribute 'result'

The above exception was the direct cause of the following exception:
tests/single/opbanning/test_op_banning.py:98: in test_paymaster_allowed_opcode_when_staked
    assert_ok(response)
tests/utils.py:188: in assert_ok
    raise AttributeError(f"expected result object, got:\n{response}") from exc
E   AttributeError: expected result object, got:
E   Error(code=-32502, message='paymaster uses banned opcode: BALANCE', data=None, id=351)</failure><system-out>--------------------------------- Captured Log ---------------------------------

--------------------------------- Captured Out ---------------------------------

</system-out><system-err>--------------------------------- Captured Err ---------------------------------

</system-err></testcase><testcase classname="tests.single.opbanning.test_op_banning" name="test_paymaster_allowed_opcode_when_staked[SELFBALANCE]" time="0.386"><failure message="AttributeError: expected result object, got:&#10;Error(code=-32502, message='paymaster uses banned opcode: SELFBALANCE', data=None, id=353)">tests/utils.py:186: in assert_ok
    assert response.result
E   AttributeError: 'Error' object has no attribute 'result'

The above exception was the direct cause of the following exception:
tests/single/opbanning/test_op_banning.py:98: in test_paymaster_allowed_opcode_when_staked
    assert_ok(response)
tests/utils.py:188: in assert_ok
    raise AttributeError(f"expected result object, got:\n{response}") from exc
E   AttributeError: expected result object, got:
E   Error(code=-32502, message='paymaster uses banned opcode: SELFBALANCE', data=None, id=353)</failure><system-out>--------------------------------- Captured Log ---------------------------------

--------------------------------- Captured Out ---------------------------------

</system-out><system-err>--------------------------------- Captured Err ---------------------------------

</system-err></testcase><testcase classname="tests.single.opbanning.test_op_banning" name="test_factory_banned_opcode[GAS]" time="0.312" /><testcase classname="tests.single.opbanning.test_op_banning" name="test_factory_banned_opcode[NUMBER]" time="0.321" /><testcase classname="tests.single.opbanning.test_op_banning" name="test_factory_banned_opcode[TIMESTAMP]" time="0.322" /><testcase classname="tests.single.opbanning.test_op_banning" name="test_factory_banned_opcode[COINBASE]" time="0.359" /><testcase classname="tests.single.opbanning.test_op_banning" name="test_factory_banned_opcode[DIFFICULTY]" time="0.339" /><testcase classname="tests.single.opbanning.test_op_banning" name="test_factory_banned_opcode[BASEFEE]" time="0.342" /><testcase classname="tests.single.opbanning.test_op_banning" name="test_factory_banned_opcode[GASLIMIT]" time="0.351" /><testcase classname="tests.single.opbanning.test_op_banning" name="test_factory_banned_opcode[GASPRICE]" time="0.355" /><testcase classname="tests.single.opbanning.test_op_banning" name="test_factory_banned_opcode[SELFBALANCE]" time="0.517" /><testcase classname="tests.single.opbanning.test_op_banning" name="test_factory_banned_opcode[BALANCE]" time="0.363" /><testcase classname="tests.single.opbanning.test_op_banning" name="test_factory_banned_opcode[ORIGIN]" time="0.367" /><testcase classname="tests.single.opbanning.test_op_banning" name="test_factory_banned_opcode[BLOCKHASH]" time="0.478" /><testcase classname="tests.single.opbanning.test_op_banning" name="test_factory_banned_opcode[CREATE]" time="0.391" /><testcase classname="tests.single.opbanning.test_op_banning" name="test_factory_banned_opcode[CREATE2]" time="0.403" /><testcase classname="tests.single.opbanning.test_op_banning" name="test_factory_allowed_opcode_when_staked[BALANCE]" time="0.382"><failure message="AttributeError: expected result object, got:&#10;Error(code=-32502, message='factory uses banned opcode: BALANCE', data=None, id=383)">tests/utils.py:186: in assert_ok
    assert response.result
E   AttributeError: 'Error' object has no attribute 'result'

The above exception was the direct cause of the following exception:
tests/single/opbanning/test_op_banning.py:138: in test_factory_allowed_opcode_when_staked
    assert_ok(response)
tests/utils.py:188: in assert_ok
    raise AttributeError(f"expected result object, got:\n{response}") from exc
E   AttributeError: expected result object, got:
E   Error(code=-32502, message='factory uses banned opcode: BALANCE', data=None, id=383)</failure><system-out>--------------------------------- Captured Log ---------------------------------

--------------------------------- Captured Out ---------------------------------

</system-out><system-err>--------------------------------- Captured Err ---------------------------------

</system-err></testcase><testcase classname="tests.single.opbanning.test_op_banning" name="test_factory_allowed_opcode_when_staked[SELFBALANCE]" time="0.431"><failure message="AttributeError: expected result object, got:&#10;Error(code=-32502, message='factory uses banned opcode: SELFBALANCE', data=None, id=385)">tests/utils.py:186: in assert_ok
    assert response.result
E   AttributeError: 'Error' object has no attribute 'result'

The above exception was the direct cause of the following exception:
tests/single/opbanning/test_op_banning.py:138: in test_factory_allowed_opcode_when_staked
    assert_ok(response)
tests/utils.py:188: in assert_ok
    raise AttributeError(f"expected result object, got:\n{response}") from exc
E   AttributeError: expected result object, got:
E   Error(code=-32502, message='factory uses banned opcode: SELFBALANCE', data=None, id=385)</failure><system-out>--------------------------------- Captured Log ---------------------------------

--------------------------------- Captured Out ---------------------------------

</system-out><system-err>--------------------------------- Captured Err ---------------------------------

</system-err></testcase><testcase classname="tests.single.reputation.test_erep" name="test_paymaster_on_account_failure" time="0.555"><failure message="AssertionError: assert Reputation(ad... status='0x0') == Reputation(ad... status='0x0')&#10;  &#10;  Omitting 3 identical items, use -vv to show&#10;  Differing attributes:&#10;  ['opsSeen']&#10;  &#10;  Drill down into differing attribute opsSeen:&#10;    opsSeen: 6 != 5">tests/single/reputation/test_erep.py:82: in test_paymaster_on_account_failure
    assert post == pre
E   AssertionError: assert Reputation(ad... status='0x0') == Reputation(ad... status='0x0')
E     
E     Omitting 3 identical items, use -vv to show
E     Differing attributes:
E     ['opsSeen']
E     
E     Drill down into differing attribute opsSeen:
E       opsSeen: 6 != 5</failure><system-out>--------------------------------- Captured Log ---------------------------------

--------------------------------- Captured Out ---------------------------------

</system-out><system-err>--------------------------------- Captured Err ---------------------------------

</system-err></testcase><testcase classname="tests.single.reputation.test_erep" name="test_staked_factory_on_account_failure" time="1.116"><failure message="AssertionError: assert 2 &gt;= 10000&#10; +  where 2 = Reputation(address='0xf82317d44ff250dd966ee533a97835c018be7082', opsSeen=2, opsIncluded=0, status='0x0').opsSeen&#10; +    where Reputation(address='0xf82317d44ff250dd966ee533a97835c018be7082', opsSeen=2, opsIncluded=0, status='0x0') = get_reputation('0xf82317d44fF250dD966EE533a97835c018Be7082')&#10; +      where '0xf82317d44fF250dD966EE533a97835c018Be7082' = &lt;web3._utils.datatypes.Contract object at 0x7fb327ca3550&gt;.address">tests/single/reputation/test_erep.py:113: in test_staked_factory_on_account_failure
    assert get_reputation(factory.address).opsSeen &gt;= 10000
E   AssertionError: assert 2 &gt;= 10000
E    +  where 2 = Reputation(address='0xf82317d44ff250dd966ee533a97835c018be7082', opsSeen=2, opsIncluded=0, status='0x0').opsSeen
E    +    where Reputation(address='0xf82317d44ff250dd966ee533a97835c018be7082', opsSeen=2, opsIncluded=0, status='0x0') = get_reputation('0xf82317d44fF250dD966EE533a97835c018Be7082')
E    +      where '0xf82317d44fF250dD966EE533a97835c018Be7082' = &lt;web3._utils.datatypes.Contract object at 0x7fb327ca3550&gt;.address</failure><system-out>--------------------------------- Captured Log ---------------------------------

--------------------------------- Captured Out ---------------------------------

</system-out><system-err>--------------------------------- Captured Err ---------------------------------

</system-err></testcase><testcase classname="tests.single.reputation.test_reputation" name="test_staked_entity_reputation_threshold[with_factory]" time="0.000"><skipped type="pytest.skip" message="skipped">/home/runner/work/bundler-test-executor/bundler-test-executor/bundler-spec-tests/tests/single/reputation/test_reputation.py:60: skipped</skipped><system-out>--------------------------------- Captured Log ---------------------------------

--------------------------------- Captured Out ---------------------------------

</system-out><system-err>--------------------------------- Captured Err ---------------------------------

</system-err></testcase><testcase classname="tests.single.reputation.test_reputation" name="test_staked_entity_reputation_threshold[without_factory]" time="0.000"><skipped type="pytest.skip" message="skipped">/home/runner/work/bundler-test-executor/bundler-test-executor/bundler-spec-tests/tests/single/reputation/test_reputation.py:60: skipped</skipped><system-out>--------------------------------- Captured Log ---------------------------------

--------------------------------- Captured Out ---------------------------------

</system-out><system-err>--------------------------------- Captured Err ---------------------------------

</system-err></testcase><testcase classname="tests.single.rpc.test_eth_chainId" name="test_eth_chainId[]" time="0.010" /><testcase classname="tests.single.rpc.test_eth_estimateUserOperationGas" name="test_eth_estimateUserOperationGas[]" time="0.138" /><testcase classname="tests.single.rpc.test_eth_estimateUserOperationGas" name="test_eth_estimateUserOperationGas_execution_revert" time="0.031" /><testcase classname="tests.single.rpc.test_eth_estimateUserOperationGas" name="test_eth_estimateUserOperationGas_simulation_revert" time="0.035" /><testcase classname="tests.single.rpc.test_eth_getUserOperationByHash" name="test_eth_getUserOperationByHash[]" time="0.334" /><testcase classname="tests.single.rpc.test_eth_getUserOperationByHash" name="test_eth_getUserOperationByHash_error" time="0.005" /><testcase classname="tests.single.rpc.test_eth_getUserOperationReceipt" name="test_eth_getUserOperationReceipt[]" time="0.329" /><testcase classname="tests.single.rpc.test_eth_getUserOperationReceipt" name="test_eth_getUserOperationReceipt_error" time="0.005" /><testcase classname="tests.single.rpc.test_eth_sendUserOperation" name="test_eth_sendUserOperation[]" time="0.292" /><testcase classname="tests.single.rpc.test_eth_sendUserOperation" name="test_eth_sendUserOperation_revert" time="0.149" /><testcase classname="tests.single.rpc.test_eth_sendUserOperation" name="test_eth_sendUserOperation_invalid_signature" time="0.135" /><testcase classname="tests.single.rpc.test_eth_supportedEntryPoints" name="test_eth_supportedEntryPoints[]" time="0.007" /></testsuite></testsuites>