Running bundler /home/runner/work/bundler-test-executor/bundler-test-executor/bundlers/stackup/stackup.yml, name=stackup
============================= test session starts ==============================
platform linux -- Python 3.10.12, pytest-7.2.0, pluggy-1.0.0
rootdir: /home/runner/work/bundler-test-executor/bundler-test-executor/bundler-spec-tests
plugins: web3-5.31.1
collected 167 items

tests/bundle/test_bundle.py .......FFFFFFFFF..FFF                        [ 12%]
tests/bundle/test_codehash.py .                                          [ 13%]
tests/bundle/test_storage_rules.py .......F..F........F..FF.........FFFF [ 35%]
FFFF.........FF...FFF..FF....FF.FF..FFFFFFFFFF.                          [ 63%]
tests/opbanning/test_op_banning.py ..................................... [ 85%]
..........                                                               [ 91%]
tests/reputation/test_reputation.py FF                                   [ 92%]
tests/rpc/test_eth_chainId.py .                                          [ 93%]
tests/rpc/test_eth_estimateUserOperationGas.py F..                       [ 95%]
tests/rpc/test_eth_getUserOperationByHash.py ..                          [ 96%]
tests/rpc/test_eth_getUserOperationReceipt.py ..                         [ 97%]
tests/rpc/test_eth_sendUserOperation.py ...                              [ 99%]
tests/rpc/test_eth_supportedEntryPoints.py .                             [100%]

=================================== FAILURES ===================================
_ test_mempool_reputation_rules_all_entities[SREP-020-banned-entity-not-allowed-banned-sender] _
tests/bundle/test_bundle.py:148: in test_mempool_reputation_rules_all_entities
    set_reputation(
tests/utils.py:200: in set_reputation
    )
E   AttributeError: 'Error' object has no attribute 'result'
_ test_mempool_reputation_rules_all_entities[SREP-020-banned-entity-not-allowed-banned-paymaster] _
tests/bundle/test_bundle.py:154: in test_mempool_reputation_rules_all_entities
    set_reputation(
tests/utils.py:200: in set_reputation
    )
E   AttributeError: 'Error' object has no attribute 'result'
_ test_mempool_reputation_rules_all_entities[SREP-020-banned-entity-not-allowed-banned-factory] _
tests/bundle/test_bundle.py:160: in test_mempool_reputation_rules_all_entities
    set_reputation(
tests/utils.py:200: in set_reputation
    )
E   AttributeError: 'Error' object has no attribute 'result'
_ test_mempool_reputation_rules_all_entities[SREP-030-throttled-entity-allowed-a-little-throttled-sender] _
tests/bundle/test_bundle.py:148: in test_mempool_reputation_rules_all_entities
    set_reputation(
tests/utils.py:200: in set_reputation
    )
E   AttributeError: 'Error' object has no attribute 'result'
_ test_mempool_reputation_rules_all_entities[SREP-030-throttled-entity-allowed-a-little-throttled-paymaster] _
tests/bundle/test_bundle.py:154: in test_mempool_reputation_rules_all_entities
    set_reputation(
tests/utils.py:200: in set_reputation
    )
E   AttributeError: 'Error' object has no attribute 'result'
_ test_mempool_reputation_rules_all_entities[SREP-030-throttled-entity-allowed-a-little-throttled-factory] _
tests/bundle/test_bundle.py:160: in test_mempool_reputation_rules_all_entities
    set_reputation(
tests/utils.py:200: in set_reputation
    )
E   AttributeError: 'Error' object has no attribute 'result'
_ test_mempool_reputation_rules_all_entities[UREP-010 UREP-020-unstaked-entity-allowed-function-unstaked-sender] _
tests/bundle/test_bundle.py:148: in test_mempool_reputation_rules_all_entities
    set_reputation(
tests/utils.py:200: in set_reputation
    )
E   AttributeError: 'Error' object has no attribute 'result'
_ test_mempool_reputation_rules_all_entities[UREP-010 UREP-020-unstaked-entity-allowed-function-unstaked-paymaster] _
tests/bundle/test_bundle.py:154: in test_mempool_reputation_rules_all_entities
    set_reputation(
tests/utils.py:200: in set_reputation
    )
E   AttributeError: 'Error' object has no attribute 'result'
_ test_mempool_reputation_rules_all_entities[UREP-010 UREP-020-unstaked-entity-allowed-function-unstaked-factory] _
tests/bundle/test_bundle.py:160: in test_mempool_reputation_rules_all_entities
    set_reputation(
tests/utils.py:200: in set_reputation
    )
E   AttributeError: 'Error' object has no attribute 'result'
______________ test_ban_user_op_access_other_ops_sender_in_bundle ______________
tests/bundle/test_bundle.py:335: in test_ban_user_op_access_other_ops_sender_in_bundle
    assert response2.result is None
E   AttributeError: 'Error' object has no attribute 'result'
__________________ test_ban_user_sender_double_role_in_bundle __________________
tests/utils.py:115: in assert_rpc_error
    assert response.code == code
E   AttributeError: 'Ok' object has no attribute 'code'

The above exception was the direct cause of the following exception:
tests/bundle/test_bundle.py:359: in test_ban_user_sender_double_role_in_bundle
    assert_rpc_error(
tests/utils.py:118: in assert_rpc_error
    raise Exception(f"expected error object, got:\n{response}") from exc
E   Exception: expected error object, got:
E   Ok(result='0x8e7a00653fe334708da4ff8587eeb7180d83b04340e4156d4f20ffa2c51806f5', id=113)
_________________________ test_stake_check_in_bundler __________________________
tests/bundle/test_bundle.py:382: in test_stake_check_in_bundler
    response = get_stake_status(paymaster_contract.address, entrypoint_contract.address)
tests/utils.py:165: in get_stake_status
    .result
E   AttributeError: 'Error' object has no attribute 'result'
_ test_rule[[STO-022]unstaked][paymaster][account_reference_storage_init_code][drop0] _
tests/bundle/test_storage_rules.py:737: in test_rule
    case.assert_func(response)
tests/bundle/test_storage_rules.py:19: in assert_error
    assert_rpc_error(response, response.message, RPCErrorCode.BANNED_OPCODE)
tests/utils.py:115: in assert_rpc_error
    assert response.code == code
E   AssertionError: assert -32602 == <RPCErrorCode.BANNED_OPCODE: -32502>
E    +  where -32602 = Error(code=-32602, message='verificationGasLimit: exceeds maxVerificationGas of 1500000', data='verificationGasLimit: exceeds maxVerificationGas of 1500000', id=146).code
___________ test_rule[[OP-020]unstaked][paymaster][out_of_gas][drop] ___________
tests/bundle/test_storage_rules.py:737: in test_rule
    case.assert_func(response)
tests/bundle/test_storage_rules.py:19: in assert_error
    assert_rpc_error(response, response.message, RPCErrorCode.BANNED_OPCODE)
E   AttributeError: 'Ok' object has no attribute 'message'
_ test_rule[[STO-022]staked][paymaster][account_reference_storage_init_code][ok] _
tests/utils.py:108: in assert_ok
    assert response.result
E   AttributeError: 'Error' object has no attribute 'result'

The above exception was the direct cause of the following exception:
tests/bundle/test_storage_rules.py:737: in test_rule
    case.assert_func(response)
tests/utils.py:110: in assert_ok
    raise Exception(f"expected result object, got:\n{response}") from exc
E   Exception: expected result object, got:
E   Error(code=-32602, message='verificationGasLimit: exceeds maxVerificationGas of 1500000', data='verificationGasLimit: exceeds maxVerificationGas of 1500000', id=170)
____________ test_rule[[OP-020]staked][paymaster][out_of_gas][drop] ____________
tests/bundle/test_storage_rules.py:737: in test_rule
    case.assert_func(response)
tests/bundle/test_storage_rules.py:19: in assert_error
    assert_rpc_error(response, response.message, RPCErrorCode.BANNED_OPCODE)
E   AttributeError: 'Ok' object has no attribute 'message'
________ test_rule[[OP-020]staked][paymaster][sstore_out_of_gas][drop] _________
tests/bundle/test_storage_rules.py:737: in test_rule
    case.assert_func(response)
tests/bundle/test_storage_rules.py:19: in assert_error
    assert_rpc_error(response, response.message, RPCErrorCode.BANNED_OPCODE)
E   AttributeError: 'Ok' object has no attribute 'message'
_ test_rule[[OP-041]unstaked][factory][EXTCODESIZE_undeployed_contract][drop] __
tests/bundle/test_storage_rules.py:737: in test_rule
    case.assert_func(response)
tests/bundle/test_storage_rules.py:19: in assert_error
    assert_rpc_error(response, response.message, RPCErrorCode.BANNED_OPCODE)
E   AttributeError: 'Ok' object has no attribute 'message'
_ test_rule[[OP-041]unstaked][factory][EXTCODEHASH_undeployed_contract][drop] __
tests/bundle/test_storage_rules.py:737: in test_rule
    case.assert_func(response)
tests/bundle/test_storage_rules.py:19: in assert_error
    assert_rpc_error(response, response.message, RPCErrorCode.BANNED_OPCODE)
E   AttributeError: 'Ok' object has no attribute 'message'
_ test_rule[[OP-041]unstaked][factory][EXTCODECOPY_undeployed_contract][drop] __
tests/bundle/test_storage_rules.py:737: in test_rule
    case.assert_func(response)
tests/bundle/test_storage_rules.py:19: in assert_error
    assert_rpc_error(response, response.message, RPCErrorCode.BANNED_OPCODE)
E   AttributeError: 'Ok' object has no attribute 'message'
_____ test_rule[[OP-041]unstaked][factory][CALL_undeployed_contract][drop] _____
tests/bundle/test_storage_rules.py:737: in test_rule
    case.assert_func(response)
tests/bundle/test_storage_rules.py:19: in assert_error
    assert_rpc_error(response, response.message, RPCErrorCode.BANNED_OPCODE)
E   AttributeError: 'Ok' object has no attribute 'message'
___ test_rule[[OP-041]unstaked][factory][CALLCODE_undeployed_contract][drop] ___
tests/bundle/test_storage_rules.py:737: in test_rule
    case.assert_func(response)
tests/bundle/test_storage_rules.py:19: in assert_error
    assert_rpc_error(response, response.message, RPCErrorCode.BANNED_OPCODE)
E   AttributeError: 'Ok' object has no attribute 'message'
_ test_rule[[OP-041]unstaked][factory][DELEGATECALL_undeployed_contract][drop] _
tests/bundle/test_storage_rules.py:737: in test_rule
    case.assert_func(response)
tests/bundle/test_storage_rules.py:19: in assert_error
    assert_rpc_error(response, response.message, RPCErrorCode.BANNED_OPCODE)
E   AttributeError: 'Ok' object has no attribute 'message'
__ test_rule[[OP-041]unstaked][factory][STATICCALL_undeployed_contract][drop] __
tests/bundle/test_storage_rules.py:737: in test_rule
    case.assert_func(response)
tests/bundle/test_storage_rules.py:19: in assert_error
    assert_rpc_error(response, response.message, RPCErrorCode.BANNED_OPCODE)
E   AttributeError: 'Ok' object has no attribute 'message'
____________ test_rule[[OP-020]unstaked][factory][out_of_gas][drop] ____________
tests/bundle/test_storage_rules.py:737: in test_rule
    case.assert_func(response)
tests/bundle/test_storage_rules.py:19: in assert_error
    assert_rpc_error(response, response.message, RPCErrorCode.BANNED_OPCODE)
E   AttributeError: 'Ok' object has no attribute 'message'
_____________ test_rule[[OP-020]staked][factory][out_of_gas][drop] _____________
tests/bundle/test_storage_rules.py:737: in test_rule
    case.assert_func(response)
tests/bundle/test_storage_rules.py:19: in assert_error
    assert_rpc_error(response, response.message, RPCErrorCode.BANNED_OPCODE)
E   AttributeError: 'Ok' object has no attribute 'message'
_________ test_rule[[OP-020]staked][factory][sstore_out_of_gas][drop] __________
tests/bundle/test_storage_rules.py:737: in test_rule
    case.assert_func(response)
tests/bundle/test_storage_rules.py:19: in assert_error
    assert_rpc_error(response, response.message, RPCErrorCode.BANNED_OPCODE)
E   AttributeError: 'Ok' object has no attribute 'message'
_ test_rule[[STO-022]unstaked][account][account_reference_storage_init_code][drop] _
tests/bundle/test_storage_rules.py:737: in test_rule
    case.assert_func(response)
tests/bundle/test_storage_rules.py:19: in assert_error
    assert_rpc_error(response, response.message, RPCErrorCode.BANNED_OPCODE)
tests/utils.py:115: in assert_rpc_error
    assert response.code == code
E   AssertionError: assert -32602 == <RPCErrorCode.BANNED_OPCODE: -32502>
E    +  where -32602 = Error(code=-32602, message='verificationGasLimit: exceeds maxVerificationGas of 1500000', data='verificationGasLimit: exceeds maxVerificationGas of 1500000', id=242).code
_ test_rule[[STO-022]unstaked][account][account_reference_storage_init_code][ok] _
tests/utils.py:108: in assert_ok
    assert response.result
E   AttributeError: 'Error' object has no attribute 'result'

The above exception was the direct cause of the following exception:
tests/bundle/test_storage_rules.py:737: in test_rule
    case.assert_func(response)
tests/utils.py:110: in assert_ok
    raise Exception(f"expected result object, got:\n{response}") from exc
E   Exception: expected result object, got:
E   Error(code=-32602, message='verificationGasLimit: exceeds maxVerificationGas of 1500000', data='verificationGasLimit: exceeds maxVerificationGas of 1500000', id=244)
_ test_rule[[STO-022]unstaked][paymaster][account_reference_storage_init_code][drop1] _
tests/bundle/test_storage_rules.py:737: in test_rule
    case.assert_func(response)
tests/bundle/test_storage_rules.py:19: in assert_error
    assert_rpc_error(response, response.message, RPCErrorCode.BANNED_OPCODE)
tests/utils.py:115: in assert_rpc_error
    assert response.code == code
E   AssertionError: assert -32602 == <RPCErrorCode.BANNED_OPCODE: -32502>
E    +  where -32602 = Error(code=-32602, message='verificationGasLimit: exceeds maxVerificationGas of 1500000', data='verificationGasLimit: exceeds maxVerificationGas of 1500000', id=246).code
____________ test_rule[[OP-020]unstaked][account][out_of_gas][drop] ____________
tests/bundle/test_storage_rules.py:737: in test_rule
    case.assert_func(response)
tests/bundle/test_storage_rules.py:19: in assert_error
    assert_rpc_error(response, response.message, RPCErrorCode.BANNED_OPCODE)
E   AttributeError: 'Ok' object has no attribute 'message'
________ test_rule[[OP-020]unstaked][account][sstore_out_of_gas][drop] _________
tests/bundle/test_storage_rules.py:737: in test_rule
    case.assert_func(response)
tests/bundle/test_storage_rules.py:19: in assert_error
    assert_rpc_error(response, response.message, RPCErrorCode.BANNED_OPCODE)
E   AttributeError: 'Ok' object has no attribute 'message'
_____________ test_rule[[OP-020]staked][account][out_of_gas][drop] _____________
tests/bundle/test_storage_rules.py:737: in test_rule
    case.assert_func(response)
tests/bundle/test_storage_rules.py:19: in assert_error
    assert_rpc_error(response, response.message, RPCErrorCode.BANNED_OPCODE)
E   AttributeError: 'Ok' object has no attribute 'message'
_________ test_rule[[OP-020]staked][account][sstore_out_of_gas][drop] __________
tests/bundle/test_storage_rules.py:737: in test_rule
    case.assert_func(response)
tests/bundle/test_storage_rules.py:19: in assert_error
    assert_rpc_error(response, response.message, RPCErrorCode.BANNED_OPCODE)
E   AttributeError: 'Ok' object has no attribute 'message'
____ test_rule[[OP-011]unstaked][account][entryPoint_call_balanceOf][drop] _____
tests/bundle/test_storage_rules.py:737: in test_rule
    case.assert_func(response)
tests/bundle/test_storage_rules.py:19: in assert_error
    assert_rpc_error(response, response.message, RPCErrorCode.BANNED_OPCODE)
E   AttributeError: 'Ok' object has no attribute 'message'
___ test_rule[[OP-061]unstaked][account][eth_value_transfer_forbidden][drop] ___
tests/bundle/test_storage_rules.py:737: in test_rule
    case.assert_func(response)
tests/bundle/test_storage_rules.py:19: in assert_error
    assert_rpc_error(response, response.message, RPCErrorCode.BANNED_OPCODE)
E   AttributeError: 'Ok' object has no attribute 'message'
_ test_rule[[OP-041]unstaked][account][EXTCODESIZE_undeployed_contract][drop] __
tests/bundle/test_storage_rules.py:737: in test_rule
    case.assert_func(response)
tests/bundle/test_storage_rules.py:19: in assert_error
    assert_rpc_error(response, response.message, RPCErrorCode.BANNED_OPCODE)
E   AttributeError: 'Ok' object has no attribute 'message'
_ test_rule[[OP-041]unstaked][account][EXTCODEHASH_undeployed_contract][drop] __
tests/bundle/test_storage_rules.py:737: in test_rule
    case.assert_func(response)
tests/bundle/test_storage_rules.py:19: in assert_error
    assert_rpc_error(response, response.message, RPCErrorCode.BANNED_OPCODE)
E   AttributeError: 'Ok' object has no attribute 'message'
_ test_rule[[OP-041]unstaked][account][EXTCODECOPY_undeployed_contract][drop] __
tests/bundle/test_storage_rules.py:737: in test_rule
    case.assert_func(response)
tests/bundle/test_storage_rules.py:19: in assert_error
    assert_rpc_error(response, response.message, RPCErrorCode.BANNED_OPCODE)
E   AttributeError: 'Ok' object has no attribute 'message'
______ test_rule[[OP-054]unstaked][account][EXTCODESIZE_entrypoint][drop] ______
tests/bundle/test_storage_rules.py:737: in test_rule
    case.assert_func(response)
tests/bundle/test_storage_rules.py:19: in assert_error
    assert_rpc_error(response, response.message, RPCErrorCode.BANNED_OPCODE)
E   AttributeError: 'Ok' object has no attribute 'message'
______ test_rule[[OP-054]unstaked][account][EXTCODEHASH_entrypoint][drop] ______
tests/bundle/test_storage_rules.py:737: in test_rule
    case.assert_func(response)
tests/bundle/test_storage_rules.py:19: in assert_error
    assert_rpc_error(response, response.message, RPCErrorCode.BANNED_OPCODE)
E   AttributeError: 'Ok' object has no attribute 'message'
______ test_rule[[OP-054]unstaked][account][EXTCODECOPY_entrypoint][drop] ______
tests/bundle/test_storage_rules.py:737: in test_rule
    case.assert_func(response)
tests/bundle/test_storage_rules.py:19: in assert_error
    assert_rpc_error(response, response.message, RPCErrorCode.BANNED_OPCODE)
E   AttributeError: 'Ok' object has no attribute 'message'
_____ test_rule[[OP-041]unstaked][account][CALL_undeployed_contract][drop] _____
tests/bundle/test_storage_rules.py:737: in test_rule
    case.assert_func(response)
tests/bundle/test_storage_rules.py:19: in assert_error
    assert_rpc_error(response, response.message, RPCErrorCode.BANNED_OPCODE)
E   AttributeError: 'Ok' object has no attribute 'message'
___ test_rule[[OP-041]unstaked][account][CALLCODE_undeployed_contract][drop] ___
tests/bundle/test_storage_rules.py:737: in test_rule
    case.assert_func(response)
tests/bundle/test_storage_rules.py:19: in assert_error
    assert_rpc_error(response, response.message, RPCErrorCode.BANNED_OPCODE)
E   AttributeError: 'Ok' object has no attribute 'message'
_ test_rule[[OP-041]unstaked][account][DELEGATECALL_undeployed_contract][drop] _
tests/bundle/test_storage_rules.py:737: in test_rule
    case.assert_func(response)
tests/bundle/test_storage_rules.py:19: in assert_error
    assert_rpc_error(response, response.message, RPCErrorCode.BANNED_OPCODE)
E   AttributeError: 'Ok' object has no attribute 'message'
__ test_rule[[OP-041]unstaked][account][STATICCALL_undeployed_contract][drop] __
tests/bundle/test_storage_rules.py:737: in test_rule
    case.assert_func(response)
tests/bundle/test_storage_rules.py:19: in assert_error
    assert_rpc_error(response, response.message, RPCErrorCode.BANNED_OPCODE)
E   AttributeError: 'Ok' object has no attribute 'message'
____________ test_staked_entity_reputation_threshold[with_factory] _____________
tests/reputation/test_reputation.py:70: in test_staked_entity_reputation_threshold
    reputations = dump_reputation()
tests/utils.py:175: in dump_reputation
    .result
E   AttributeError: 'Error' object has no attribute 'result'
___________ test_staked_entity_reputation_threshold[without_factory] ___________
tests/reputation/test_reputation.py:70: in test_staked_entity_reputation_threshold
    reputations = dump_reputation()
tests/utils.py:175: in dump_reputation
    .result
E   AttributeError: 'Error' object has no attribute 'result'
_____________________ test_eth_estimateUserOperationGas[] ______________________
tests/rpc/test_eth_estimateUserOperationGas.py:20: in test_eth_estimateUserOperationGas
    validate(instance=response.result, schema=schema)
.venv/lib/python3.10/site-packages/jsonschema/validators.py:1121: in validate
    raise error
E   jsonschema.exceptions.ValidationError: 'verificationGasLimit' is a required property
E   
E   Failed validating 'required' in schema:
E       {'properties': {'callGasLimit': {'oneOf': [{'pattern': '^0x([1-9a-f]+[0-9a-f]*|0)$',
E                                                   'type': 'string'},
E                                                  {'type': 'number'}],
E                                        'title': 'callGasLimit'},
E                       'preVerificationGas': {'oneOf': [{'pattern': '^0x([1-9a-f]+[0-9a-f]*|0)$',
E                                                         'type': 'string'},
E                                                        {'type': 'number'}],
E                                              'title': 'preVerificationGas'},
E                       'verificationGasLimit': {'oneOf': [{'pattern': '^0x([1-9a-f]+[0-9a-f]*|0)$',
E                                                           'type': 'string'},
E                                                          {'type': 'number'}],
E                                                'title': 'verificationGasLimit'}},
E        'required': ['callGasLimit',
E                     'preVerificationGas',
E                     'verificationGasLimit'],
E        'title': 'UserOperation Gas parameters',
E        'type': 'object'}
E   
E   On instance:
E       {'callGasLimit': 44181,
E        'preVerificationGas': 42316,
E        'verificationGas': 337129}
=============================== warnings summary ===============================
tests/bundle/test_codehash.py::test_codehash_changed
  /home/runner/work/bundler-test-executor/bundler-test-executor/bundler-spec-tests/.venv/lib/python3.10/site-packages/web3/contract.py:1190: UserWarning: The log with transaction hash: HexBytes('0x3a96771ba5bc5debc1b97d10887657855bece6b577ffe4d74e5055e658c34bd6') and logIndex: 0 encountered the following error during processing: MismatchedABI(The event signature did not match the provided ABI). It has been discarded.
    warnings.warn(

tests/bundle/test_codehash.py::test_codehash_changed
  /home/runner/work/bundler-test-executor/bundler-test-executor/bundler-spec-tests/.venv/lib/python3.10/site-packages/web3/contract.py:1190: UserWarning: The log with transaction hash: HexBytes('0x5213c5ffb0fa923a47a1c2fae331be3cd917dc0d61bd00e511dbdb60715b7a31') and logIndex: 0 encountered the following error during processing: MismatchedABI(The event signature did not match the provided ABI). It has been discarded.
    warnings.warn(

tests/bundle/test_codehash.py::test_codehash_changed
  /home/runner/work/bundler-test-executor/bundler-test-executor/bundler-spec-tests/.venv/lib/python3.10/site-packages/web3/contract.py:1190: UserWarning: The log with transaction hash: HexBytes('0xfde1f2f34b68c1891b72377f4d8e4680dde47c84f5900089927e6fea59b9def0') and logIndex: 0 encountered the following error during processing: MismatchedABI(The event signature did not match the provided ABI). It has been discarded.
    warnings.warn(

tests/bundle/test_codehash.py::test_codehash_changed
  /home/runner/work/bundler-test-executor/bundler-test-executor/bundler-spec-tests/.venv/lib/python3.10/site-packages/web3/contract.py:1190: UserWarning: The log with transaction hash: HexBytes('0xefdb30a4b1650add884c4a843829fe0bc1374719303b2a562e74f03d19698b16') and logIndex: 0 encountered the following error during processing: MismatchedABI(The event signature did not match the provided ABI). It has been discarded.
    warnings.warn(

-- Docs: https://docs.pytest.org/en/stable/how-to/capture-warnings.html
==================================== PASSES ====================================
- generated xml file: /home/runner/work/bundler-test-executor/bundler-test-executor/build/out/stackup.xml -
=========================== short test summary info ============================
PASSED tests/bundle/test_bundle.py::test_bundle_replace_op[only_priority_fee_bump]
PASSED tests/bundle/test_bundle.py::test_bundle_replace_op[only_max_fee_bump]
PASSED tests/bundle/test_bundle.py::test_bundle_replace_op[with_same_fee]
PASSED tests/bundle/test_bundle.py::test_bundle_replace_op[with_less_fee]
PASSED tests/bundle/test_bundle.py::test_bundle_replace_op[fee_bump_below_threshold]
PASSED tests/bundle/test_bundle.py::test_bundle_replace_op[fee_bump_at_threshold]
PASSED tests/bundle/test_bundle.py::test_bundle_replace_op[fee_bump_above_threshold]
PASSED tests/bundle/test_bundle.py::test_max_allowed_ops_unstaked_sender
PASSED tests/bundle/test_bundle.py::test_max_allowed_ops_staked_sender
PASSED tests/bundle/test_codehash.py::test_codehash_changed
PASSED tests/bundle/test_storage_rules.py::test_rule[[STO-000]unstaked][paymaster][no_storage][ok]
PASSED tests/bundle/test_storage_rules.py::test_rule[[STO-031]unstaked][paymaster][storage][drop]
PASSED tests/bundle/test_storage_rules.py::test_rule[[STO-032]unstaked][paymaster][reference_storage][drop]
PASSED tests/bundle/test_storage_rules.py::test_rule[[STO-032]unstaked][paymaster][reference_storage_struct][drop]
PASSED tests/bundle/test_storage_rules.py::test_rule[[STO-010]unstaked][paymaster][account_storage][ok]
PASSED tests/bundle/test_storage_rules.py::test_rule[[STO-021]unstaked][paymaster][account_reference_storage][ok]
PASSED tests/bundle/test_storage_rules.py::test_rule[[STO-021]unstaked][paymaster][account_reference_storage_struct][ok]
PASSED tests/bundle/test_storage_rules.py::test_rule[[EREP-050]unstaked][paymaster][context][drop]
PASSED tests/bundle/test_storage_rules.py::test_rule[[STO-032]unstaked][paymaster][external_storage][drop]
PASSED tests/bundle/test_storage_rules.py::test_rule[[OP-020]unstaked][paymaster][sstore_out_of_gas][drop]
PASSED tests/bundle/test_storage_rules.py::test_rule[[STO-000]staked][paymaster][no_storage][ok]
PASSED tests/bundle/test_storage_rules.py::test_rule[[STO-031]staked][paymaster][storage][ok]
PASSED tests/bundle/test_storage_rules.py::test_rule[[STO-032]staked][paymaster][reference_storage][ok]
PASSED tests/bundle/test_storage_rules.py::test_rule[[STO-032]staked][paymaster][reference_storage_struct][ok]
PASSED tests/bundle/test_storage_rules.py::test_rule[[STO-010]staked][paymaster][account_storage][ok]
PASSED tests/bundle/test_storage_rules.py::test_rule[[STO-021]staked][paymaster][account_reference_storage][ok]
PASSED tests/bundle/test_storage_rules.py::test_rule[[STO-021]staked][paymaster][account_reference_storage_struct][ok]
PASSED tests/bundle/test_storage_rules.py::test_rule[[EREP-050]staked][paymaster][context][ok]
PASSED tests/bundle/test_storage_rules.py::test_rule[[STO-031]staked][paymaster][external_storage][drop]
PASSED tests/bundle/test_storage_rules.py::test_rule[[STO-000]unstaked][factory][no_storage][ok]
PASSED tests/bundle/test_storage_rules.py::test_rule[[STO-000]unstaked][factory][storage][drop]
PASSED tests/bundle/test_storage_rules.py::test_rule[[STO-000]unstaked][factory][reference_storage][drop]
PASSED tests/bundle/test_storage_rules.py::test_rule[[STO-032]unstaked][factory][reference_storage_struct][drop]
PASSED tests/bundle/test_storage_rules.py::test_rule[[STO-010]unstaked][factory][account_storage][ok]
PASSED tests/bundle/test_storage_rules.py::test_rule[[STO-021]unstaked][factory][account_reference_storage][drop]
PASSED tests/bundle/test_storage_rules.py::test_rule[[STO-021]unstaked][factory][account_reference_storage_struct][drop]
PASSED tests/bundle/test_storage_rules.py::test_rule[[STO-000]unstaked][factory][external_storage][drop]
PASSED tests/bundle/test_storage_rules.py::test_rule[[OP-042]unstaked][factory][EXTCODEx_CALLx_undeployed_sender][ok]
PASSED tests/bundle/test_storage_rules.py::test_rule[[OP-020]unstaked][factory][sstore_out_of_gas][drop]
PASSED tests/bundle/test_storage_rules.py::test_rule[[STO-000]staked][factory][no_storage][ok]
PASSED tests/bundle/test_storage_rules.py::test_rule[[STO-031]staked][factory][storage][ok]
PASSED tests/bundle/test_storage_rules.py::test_rule[[STO-032]staked][factory][reference_storage][ok]
PASSED tests/bundle/test_storage_rules.py::test_rule[[STO-032]staked][factory][reference_storage_struct][ok]
PASSED tests/bundle/test_storage_rules.py::test_rule[[STO-010]staked][factory][account_storage][ok]
PASSED tests/bundle/test_storage_rules.py::test_rule[[STO-021]staked][factory][account_reference_storage][ok]
PASSED tests/bundle/test_storage_rules.py::test_rule[[STO-021]staked][factory][account_reference_storage_struct][ok]
PASSED tests/bundle/test_storage_rules.py::test_rule[[STO-000]staked][factory][external_storage][drop]
PASSED tests/bundle/test_storage_rules.py::test_rule[[STO-000]unstaked][account][no_storage][ok]
PASSED tests/bundle/test_storage_rules.py::test_rule[[STO-010]unstaked][account][account_storage][ok]
PASSED tests/bundle/test_storage_rules.py::test_rule[[STO-021]unstaked][account][account_reference_storage][ok]
PASSED tests/bundle/test_storage_rules.py::test_rule[[STO-021]unstaked][account][account_reference_storage_struct][ok]
PASSED tests/bundle/test_storage_rules.py::test_rule[[STO-000]unstaked][account][external_storage][drop]
PASSED tests/bundle/test_storage_rules.py::test_rule[[STO-000]staked][account][no_storage][ok]
PASSED tests/bundle/test_storage_rules.py::test_rule[[STO-010]staked][account][account_storage][ok]
PASSED tests/bundle/test_storage_rules.py::test_rule[[STO-021]staked][account][account_reference_storage][ok]
PASSED tests/bundle/test_storage_rules.py::test_rule[[STO-021]staked][account][account_reference_storage_struct][ok]
PASSED tests/bundle/test_storage_rules.py::test_rule[[STO-000]staked][account][external_storage][drop]
PASSED tests/bundle/test_storage_rules.py::test_rule[[OP-053]unstaked][account][eth_value_transfer_entryPoint][ok]
PASSED tests/bundle/test_storage_rules.py::test_rule[[OP-052]unstaked][account][eth_value_transfer_entryPoint_depositTo][ok]
PASSED tests/bundle/test_storage_rules.py::test_rule[[OP-062]unstaked][account][CALL_undeployed_contract_allowed_precompile][ok]
PASSED tests/opbanning/test_op_banning.py::test_account_banned_opcode[GAS]
PASSED tests/opbanning/test_op_banning.py::test_account_banned_opcode[NUMBER]
PASSED tests/opbanning/test_op_banning.py::test_account_banned_opcode[TIMESTAMP]
PASSED tests/opbanning/test_op_banning.py::test_account_banned_opcode[COINBASE]
PASSED tests/opbanning/test_op_banning.py::test_account_banned_opcode[DIFFICULTY]
PASSED tests/opbanning/test_op_banning.py::test_account_banned_opcode[BASEFEE]
PASSED tests/opbanning/test_op_banning.py::test_account_banned_opcode[GASLIMIT]
PASSED tests/opbanning/test_op_banning.py::test_account_banned_opcode[GASPRICE]
PASSED tests/opbanning/test_op_banning.py::test_account_banned_opcode[SELFBALANCE]
PASSED tests/opbanning/test_op_banning.py::test_account_banned_opcode[BALANCE]
PASSED tests/opbanning/test_op_banning.py::test_account_banned_opcode[ORIGIN]
PASSED tests/opbanning/test_op_banning.py::test_account_banned_opcode[BLOCKHASH]
PASSED tests/opbanning/test_op_banning.py::test_account_banned_opcode[CREATE]
PASSED tests/opbanning/test_op_banning.py::test_account_banned_opcode[CREATE2]
PASSED tests/opbanning/test_op_banning.py::test_account_banned_opcode[SELFDESTRUCT]
PASSED tests/opbanning/test_op_banning.py::test_account_allowed_opcode_sequence[GAS CALL]
PASSED tests/opbanning/test_op_banning.py::test_account_allowed_opcode_sequence[GAS DELEGATECALL]
PASSED tests/opbanning/test_op_banning.py::test_paymaster_banned_opcode[GAS]
PASSED tests/opbanning/test_op_banning.py::test_paymaster_banned_opcode[NUMBER]
PASSED tests/opbanning/test_op_banning.py::test_paymaster_banned_opcode[TIMESTAMP]
PASSED tests/opbanning/test_op_banning.py::test_paymaster_banned_opcode[COINBASE]
PASSED tests/opbanning/test_op_banning.py::test_paymaster_banned_opcode[DIFFICULTY]
PASSED tests/opbanning/test_op_banning.py::test_paymaster_banned_opcode[BASEFEE]
PASSED tests/opbanning/test_op_banning.py::test_paymaster_banned_opcode[GASLIMIT]
PASSED tests/opbanning/test_op_banning.py::test_paymaster_banned_opcode[GASPRICE]
PASSED tests/opbanning/test_op_banning.py::test_paymaster_banned_opcode[SELFBALANCE]
PASSED tests/opbanning/test_op_banning.py::test_paymaster_banned_opcode[BALANCE]
PASSED tests/opbanning/test_op_banning.py::test_paymaster_banned_opcode[ORIGIN]
PASSED tests/opbanning/test_op_banning.py::test_paymaster_banned_opcode[BLOCKHASH]
PASSED tests/opbanning/test_op_banning.py::test_paymaster_banned_opcode[CREATE]
PASSED tests/opbanning/test_op_banning.py::test_paymaster_banned_opcode[CREATE2]
PASSED tests/opbanning/test_op_banning.py::test_paymaster_banned_opcode[SELFDESTRUCT]
PASSED tests/opbanning/test_op_banning.py::test_factory_banned_opcode[GAS]
PASSED tests/opbanning/test_op_banning.py::test_factory_banned_opcode[NUMBER]
PASSED tests/opbanning/test_op_banning.py::test_factory_banned_opcode[TIMESTAMP]
PASSED tests/opbanning/test_op_banning.py::test_factory_banned_opcode[COINBASE]
PASSED tests/opbanning/test_op_banning.py::test_factory_banned_opcode[DIFFICULTY]
PASSED tests/opbanning/test_op_banning.py::test_factory_banned_opcode[BASEFEE]
PASSED tests/opbanning/test_op_banning.py::test_factory_banned_opcode[GASLIMIT]
PASSED tests/opbanning/test_op_banning.py::test_factory_banned_opcode[GASPRICE]
PASSED tests/opbanning/test_op_banning.py::test_factory_banned_opcode[SELFBALANCE]
PASSED tests/opbanning/test_op_banning.py::test_factory_banned_opcode[BALANCE]
PASSED tests/opbanning/test_op_banning.py::test_factory_banned_opcode[ORIGIN]
PASSED tests/opbanning/test_op_banning.py::test_factory_banned_opcode[BLOCKHASH]
PASSED tests/opbanning/test_op_banning.py::test_factory_banned_opcode[CREATE]
PASSED tests/opbanning/test_op_banning.py::test_factory_banned_opcode[CREATE2]
PASSED tests/opbanning/test_op_banning.py::test_factory_banned_opcode[SELFDESTRUCT]
PASSED tests/rpc/test_eth_chainId.py::test_eth_chainId[]
PASSED tests/rpc/test_eth_estimateUserOperationGas.py::test_eth_estimateUserOperationGas_execution_revert
PASSED tests/rpc/test_eth_estimateUserOperationGas.py::test_eth_estimateUserOperationGas_simulation_revert
PASSED tests/rpc/test_eth_getUserOperationByHash.py::test_eth_getUserOperationByHash[]
PASSED tests/rpc/test_eth_getUserOperationByHash.py::test_eth_getUserOperationByHash_error
PASSED tests/rpc/test_eth_getUserOperationReceipt.py::test_eth_getUserOperationReceipt[]
PASSED tests/rpc/test_eth_getUserOperationReceipt.py::test_eth_getUserOperationReceipt_error
PASSED tests/rpc/test_eth_sendUserOperation.py::test_eth_sendUserOperation[]
PASSED tests/rpc/test_eth_sendUserOperation.py::test_eth_sendUserOperation_revert
PASSED tests/rpc/test_eth_sendUserOperation.py::test_eth_sendUserOperation_invalid_signature
PASSED tests/rpc/test_eth_supportedEntryPoints.py::test_eth_supportedEntryPoints[]
FAILED tests/bundle/test_bundle.py::test_mempool_reputation_rules_all_entities[SREP-020-banned-entity-not-allowed-banned-sender] - AttributeError: 'Error' object has no attribute 'result'
FAILED tests/bundle/test_bundle.py::test_mempool_reputation_rules_all_entities[SREP-020-banned-entity-not-allowed-banned-paymaster] - AttributeError: 'Error' object has no attribute 'result'
FAILED tests/bundle/test_bundle.py::test_mempool_reputation_rules_all_entities[SREP-020-banned-entity-not-allowed-banned-factory] - AttributeError: 'Error' object has no attribute 'result'
FAILED tests/bundle/test_bundle.py::test_mempool_reputation_rules_all_entities[SREP-030-throttled-entity-allowed-a-little-throttled-sender] - AttributeError: 'Error' object has no attribute 'result'
FAILED tests/bundle/test_bundle.py::test_mempool_reputation_rules_all_entities[SREP-030-throttled-entity-allowed-a-little-throttled-paymaster] - AttributeError: 'Error' object has no attribute 'result'
FAILED tests/bundle/test_bundle.py::test_mempool_reputation_rules_all_entities[SREP-030-throttled-entity-allowed-a-little-throttled-factory] - AttributeError: 'Error' object has no attribute 'result'
FAILED tests/bundle/test_bundle.py::test_mempool_reputation_rules_all_entities[UREP-010 UREP-020-unstaked-entity-allowed-function-unstaked-sender] - AttributeError: 'Error' object has no attribute 'result'
FAILED tests/bundle/test_bundle.py::test_mempool_reputation_rules_all_entities[UREP-010 UREP-020-unstaked-entity-allowed-function-unstaked-paymaster] - AttributeError: 'Error' object has no attribute 'result'
FAILED tests/bundle/test_bundle.py::test_mempool_reputation_rules_all_entities[UREP-010 UREP-020-unstaked-entity-allowed-function-unstaked-factory] - AttributeError: 'Error' object has no attribute 'result'
FAILED tests/bundle/test_bundle.py::test_ban_user_op_access_other_ops_sender_in_bundle - AttributeError: 'Error' object has no attribute 'result'
FAILED tests/bundle/test_bundle.py::test_ban_user_sender_double_role_in_bundle - Exception: expected error object, got:
Ok(result='0x8e7a00653fe334708da4ff8587eeb7180d83b04340e4156d4f20ffa2c51806f5', id=113)
FAILED tests/bundle/test_bundle.py::test_stake_check_in_bundler - AttributeError: 'Error' object has no attribute 'result'
FAILED tests/bundle/test_storage_rules.py::test_rule[[STO-022]unstaked][paymaster][account_reference_storage_init_code][drop0] - AssertionError: assert -32602 == <RPCErrorCode.BANNED_OPCODE: -32502>
 +  where -32602 = Error(code=-32602, message='verificationGasLimit: exceeds maxVerificationGas of 1500000', data='verificationGasLimit: exceeds maxVerificationGas of 1500000', id=146).code
FAILED tests/bundle/test_storage_rules.py::test_rule[[OP-020]unstaked][paymaster][out_of_gas][drop] - AttributeError: 'Ok' object has no attribute 'message'
FAILED tests/bundle/test_storage_rules.py::test_rule[[STO-022]staked][paymaster][account_reference_storage_init_code][ok] - Exception: expected result object, got:
Error(code=-32602, message='verificationGasLimit: exceeds maxVerificationGas of 1500000', data='verificationGasLimit: exceeds maxVerificationGas of 1500000', id=170)
FAILED tests/bundle/test_storage_rules.py::test_rule[[OP-020]staked][paymaster][out_of_gas][drop] - AttributeError: 'Ok' object has no attribute 'message'
FAILED tests/bundle/test_storage_rules.py::test_rule[[OP-020]staked][paymaster][sstore_out_of_gas][drop] - AttributeError: 'Ok' object has no attribute 'message'
FAILED tests/bundle/test_storage_rules.py::test_rule[[OP-041]unstaked][factory][EXTCODESIZE_undeployed_contract][drop] - AttributeError: 'Ok' object has no attribute 'message'
FAILED tests/bundle/test_storage_rules.py::test_rule[[OP-041]unstaked][factory][EXTCODEHASH_undeployed_contract][drop] - AttributeError: 'Ok' object has no attribute 'message'
FAILED tests/bundle/test_storage_rules.py::test_rule[[OP-041]unstaked][factory][EXTCODECOPY_undeployed_contract][drop] - AttributeError: 'Ok' object has no attribute 'message'
FAILED tests/bundle/test_storage_rules.py::test_rule[[OP-041]unstaked][factory][CALL_undeployed_contract][drop] - AttributeError: 'Ok' object has no attribute 'message'
FAILED tests/bundle/test_storage_rules.py::test_rule[[OP-041]unstaked][factory][CALLCODE_undeployed_contract][drop] - AttributeError: 'Ok' object has no attribute 'message'
FAILED tests/bundle/test_storage_rules.py::test_rule[[OP-041]unstaked][factory][DELEGATECALL_undeployed_contract][drop] - AttributeError: 'Ok' object has no attribute 'message'
FAILED tests/bundle/test_storage_rules.py::test_rule[[OP-041]unstaked][factory][STATICCALL_undeployed_contract][drop] - AttributeError: 'Ok' object has no attribute 'message'
FAILED tests/bundle/test_storage_rules.py::test_rule[[OP-020]unstaked][factory][out_of_gas][drop] - AttributeError: 'Ok' object has no attribute 'message'
FAILED tests/bundle/test_storage_rules.py::test_rule[[OP-020]staked][factory][out_of_gas][drop] - AttributeError: 'Ok' object has no attribute 'message'
FAILED tests/bundle/test_storage_rules.py::test_rule[[OP-020]staked][factory][sstore_out_of_gas][drop] - AttributeError: 'Ok' object has no attribute 'message'
FAILED tests/bundle/test_storage_rules.py::test_rule[[STO-022]unstaked][account][account_reference_storage_init_code][drop] - AssertionError: assert -32602 == <RPCErrorCode.BANNED_OPCODE: -32502>
 +  where -32602 = Error(code=-32602, message='verificationGasLimit: exceeds maxVerificationGas of 1500000', data='verificationGasLimit: exceeds maxVerificationGas of 1500000', id=242).code
FAILED tests/bundle/test_storage_rules.py::test_rule[[STO-022]unstaked][account][account_reference_storage_init_code][ok] - Exception: expected result object, got:
Error(code=-32602, message='verificationGasLimit: exceeds maxVerificationGas of 1500000', data='verificationGasLimit: exceeds maxVerificationGas of 1500000', id=244)
FAILED tests/bundle/test_storage_rules.py::test_rule[[STO-022]unstaked][paymaster][account_reference_storage_init_code][drop1] - AssertionError: assert -32602 == <RPCErrorCode.BANNED_OPCODE: -32502>
 +  where -32602 = Error(code=-32602, message='verificationGasLimit: exceeds maxVerificationGas of 1500000', data='verificationGasLimit: exceeds maxVerificationGas of 1500000', id=246).code
FAILED tests/bundle/test_storage_rules.py::test_rule[[OP-020]unstaked][account][out_of_gas][drop] - AttributeError: 'Ok' object has no attribute 'message'
FAILED tests/bundle/test_storage_rules.py::test_rule[[OP-020]unstaked][account][sstore_out_of_gas][drop] - AttributeError: 'Ok' object has no attribute 'message'
FAILED tests/bundle/test_storage_rules.py::test_rule[[OP-020]staked][account][out_of_gas][drop] - AttributeError: 'Ok' object has no attribute 'message'
FAILED tests/bundle/test_storage_rules.py::test_rule[[OP-020]staked][account][sstore_out_of_gas][drop] - AttributeError: 'Ok' object has no attribute 'message'
FAILED tests/bundle/test_storage_rules.py::test_rule[[OP-011]unstaked][account][entryPoint_call_balanceOf][drop] - AttributeError: 'Ok' object has no attribute 'message'
FAILED tests/bundle/test_storage_rules.py::test_rule[[OP-061]unstaked][account][eth_value_transfer_forbidden][drop] - AttributeError: 'Ok' object has no attribute 'message'
FAILED tests/bundle/test_storage_rules.py::test_rule[[OP-041]unstaked][account][EXTCODESIZE_undeployed_contract][drop] - AttributeError: 'Ok' object has no attribute 'message'
FAILED tests/bundle/test_storage_rules.py::test_rule[[OP-041]unstaked][account][EXTCODEHASH_undeployed_contract][drop] - AttributeError: 'Ok' object has no attribute 'message'
FAILED tests/bundle/test_storage_rules.py::test_rule[[OP-041]unstaked][account][EXTCODECOPY_undeployed_contract][drop] - AttributeError: 'Ok' object has no attribute 'message'
FAILED tests/bundle/test_storage_rules.py::test_rule[[OP-054]unstaked][account][EXTCODESIZE_entrypoint][drop] - AttributeError: 'Ok' object has no attribute 'message'
FAILED tests/bundle/test_storage_rules.py::test_rule[[OP-054]unstaked][account][EXTCODEHASH_entrypoint][drop] - AttributeError: 'Ok' object has no attribute 'message'
FAILED tests/bundle/test_storage_rules.py::test_rule[[OP-054]unstaked][account][EXTCODECOPY_entrypoint][drop] - AttributeError: 'Ok' object has no attribute 'message'
FAILED tests/bundle/test_storage_rules.py::test_rule[[OP-041]unstaked][account][CALL_undeployed_contract][drop] - AttributeError: 'Ok' object has no attribute 'message'
FAILED tests/bundle/test_storage_rules.py::test_rule[[OP-041]unstaked][account][CALLCODE_undeployed_contract][drop] - AttributeError: 'Ok' object has no attribute 'message'
FAILED tests/bundle/test_storage_rules.py::test_rule[[OP-041]unstaked][account][DELEGATECALL_undeployed_contract][drop] - AttributeError: 'Ok' object has no attribute 'message'
FAILED tests/bundle/test_storage_rules.py::test_rule[[OP-041]unstaked][account][STATICCALL_undeployed_contract][drop] - AttributeError: 'Ok' object has no attribute 'message'
FAILED tests/reputation/test_reputation.py::test_staked_entity_reputation_threshold[with_factory] - AttributeError: 'Error' object has no attribute 'result'
FAILED tests/reputation/test_reputation.py::test_staked_entity_reputation_threshold[without_factory] - AttributeError: 'Error' object has no attribute 'result'
FAILED tests/rpc/test_eth_estimateUserOperationGas.py::test_eth_estimateUserOperationGas[] - jsonschema.exceptions.ValidationError: 'verificationGasLimit' is a required property

Failed validating 'required' in schema:
    {'properties': {'callGasLimit': {'oneOf': [{'pattern': '^0x([1-9a-f]+[0-9a-f]*|0)$',
                                                'type': 'string'},
                                               {'type': 'number'}],
                                     'title': 'callGasLimit'},
                    'preVerificationGas': {'oneOf': [{'pattern': '^0x([1-9a-f]+[0-9a-f]*|0)$',
                                                      'type': 'string'},
                                                     {'type': 'number'}],
                                           'title': 'preVerificationGas'},
                    'verificationGasLimit': {'oneOf': [{'pattern': '^0x([1-9a-f]+[0-9a-f]*|0)$',
                                                        'type': 'string'},
                                                       {'type': 'number'}],
                                             'title': 'verificationGasLimit'}},
     'required': ['callGasLimit',
                  'preVerificationGas',
                  'verificationGasLimit'],
     'title': 'UserOperation Gas parameters',
     'type': 'object'}

On instance:
    {'callGasLimit': 44181,
     'preVerificationGas': 42316,
     'verificationGas': 337129}
================= 49 failed, 118 passed, 4 warnings in 30.55s ==================
