Running launcher /home/runner/work/bundler-test-executor/bundler-test-executor/launchers/voltaire-bundler-launcher.sh, name=Voltaire-Bundler
0.13: Pulling from sherifahmed990/voltaire-bundler
Digest: sha256:56a01f0ce7879b9f232440b896e41eecd406f22ea15be487ed5b77346c1e5fce
Status: Downloaded newer image for sherifahmed990/voltaire-bundler:0.13
Sending build context to Docker daemon  2.048kB
Step 1/2 : FROM ethereum/client-go:release-1.10
 ---> c16c2e0da325
Step 2/2 : ENTRYPOINT geth       --verbosity 1       --http.vhosts '*,localhost,host.docker.internal'       --http       --http.api personal,eth,net,web3,debug       --http.corsdomain '*'       --http.addr "0.0.0.0"       --nodiscover --maxpeers 0 --mine       --networkid 1337       --dev       --allow-insecure-unlock       --rpc.allow-unprotected-txs       --dev.gaslimit 20000000
 ---> Using cache
 ---> 0db279fc9141
Successfully built 0db279fc9141
Successfully tagged voltaire-bundler_geth-dev:latest
waiting for bundler to start
Timed-out waiting for http://localhost:3000/rpc
yarn run v1.22.19
$ ./scripts/hh-wrapper deploy --network localhost
Downloading compiler 0.8.15
Done in 1.63s.
============================= test session starts ==============================
platform linux -- Python 3.10.6, pytest-7.2.0, pluggy-1.0.0
rootdir: /home/runner/work/bundler-test-executor/bundler-test-executor/bundler-spec-tests
plugins: web3-5.31.1
collected 114 items / 1 skipped

tests/bundle/test_bundle.py FFFFFFFFE                                    [  7%]
tests/bundle/test_codehash.py E                                          [  8%]
tests/bundle/test_storage_rules.py EEEEEEEEEEEEEEEEEEEEEEEEEEEEEEEEEEEEE [ 41%]
EEEEEEEEEE                                                               [ 50%]
tests/opbanning/test_op_banning.py EEEEEEEEEEEEEEEEEEEEEEEEEEEEEEEEEEEEE [ 82%]
EEEEEEEE                                                                 [ 89%]
tests/rpc/test_eth_chainId.py .                                          [ 90%]
tests/rpc/test_eth_estimateUserOperationGas.py FFF                       [ 92%]
tests/rpc/test_eth_getUserOperationByHash.py F.                          [ 94%]
tests/rpc/test_eth_getUserOperationReceipt.py F.                         [ 96%]
tests/rpc/test_eth_sendUserOperation.py FFF                              [ 99%]
tests/rpc/test_eth_supportedEntryPoints.py .                             [100%]

==================================== ERRORS ====================================
____________ ERROR at setup of test_max_allowed_ops_staked_sender[] ____________
tests/conftest.py:66: in entrypoint_contract
    with open(entrypoint_path, encoding="utf-8") as file:
E   FileNotFoundError: [Errno 2] No such file or directory: '/home/runner/work/bundler-test-executor/bundler-test-executor/bundler-spec-tests/@account-abstraction/artifacts/contracts/core/EntryPoint.sol/EntryPoint.json'
__________________ ERROR at setup of test_codehash_changed[] ___________________
tests/conftest.py:66: in entrypoint_contract
    with open(entrypoint_path, encoding="utf-8") as file:
E   FileNotFoundError: [Errno 2] No such file or directory: '/home/runner/work/bundler-test-executor/bundler-test-executor/bundler-spec-tests/@account-abstraction/artifacts/contracts/core/EntryPoint.sol/EntryPoint.json'
_______ ERROR at setup of test_rule[unstaked][paymaster][no_storage][ok] _______
tests/conftest.py:66: in entrypoint_contract
    with open(entrypoint_path, encoding="utf-8") as file:
E   FileNotFoundError: [Errno 2] No such file or directory: '/home/runner/work/bundler-test-executor/bundler-test-executor/bundler-spec-tests/@account-abstraction/artifacts/contracts/core/EntryPoint.sol/EntryPoint.json'
_______ ERROR at setup of test_rule[unstaked][paymaster][storage][drop] ________
tests/conftest.py:66: in entrypoint_contract
    with open(entrypoint_path, encoding="utf-8") as file:
E   FileNotFoundError: [Errno 2] No such file or directory: '/home/runner/work/bundler-test-executor/bundler-test-executor/bundler-spec-tests/@account-abstraction/artifacts/contracts/core/EntryPoint.sol/EntryPoint.json'
__ ERROR at setup of test_rule[unstaked][paymaster][reference_storage][drop] ___
tests/conftest.py:66: in entrypoint_contract
    with open(entrypoint_path, encoding="utf-8") as file:
E   FileNotFoundError: [Errno 2] No such file or directory: '/home/runner/work/bundler-test-executor/bundler-test-executor/bundler-spec-tests/@account-abstraction/artifacts/contracts/core/EntryPoint.sol/EntryPoint.json'
_ ERROR at setup of test_rule[unstaked][paymaster][reference_storage_struct][drop] _
tests/conftest.py:66: in entrypoint_contract
    with open(entrypoint_path, encoding="utf-8") as file:
E   FileNotFoundError: [Errno 2] No such file or directory: '/home/runner/work/bundler-test-executor/bundler-test-executor/bundler-spec-tests/@account-abstraction/artifacts/contracts/core/EntryPoint.sol/EntryPoint.json'
____ ERROR at setup of test_rule[unstaked][paymaster][account_storage][ok] _____
tests/conftest.py:66: in entrypoint_contract
    with open(entrypoint_path, encoding="utf-8") as file:
E   FileNotFoundError: [Errno 2] No such file or directory: '/home/runner/work/bundler-test-executor/bundler-test-executor/bundler-spec-tests/@account-abstraction/artifacts/contracts/core/EntryPoint.sol/EntryPoint.json'
_ ERROR at setup of test_rule[unstaked][paymaster][account_reference_storage][ok] _
tests/conftest.py:66: in entrypoint_contract
    with open(entrypoint_path, encoding="utf-8") as file:
E   FileNotFoundError: [Errno 2] No such file or directory: '/home/runner/work/bundler-test-executor/bundler-test-executor/bundler-spec-tests/@account-abstraction/artifacts/contracts/core/EntryPoint.sol/EntryPoint.json'
_ ERROR at setup of test_rule[unstaked][paymaster][account_reference_storage_struct][ok] _
tests/conftest.py:66: in entrypoint_contract
    with open(entrypoint_path, encoding="utf-8") as file:
E   FileNotFoundError: [Errno 2] No such file or directory: '/home/runner/work/bundler-test-executor/bundler-test-executor/bundler-spec-tests/@account-abstraction/artifacts/contracts/core/EntryPoint.sol/EntryPoint.json'
_ ERROR at setup of test_rule[unstaked][paymaster][account_reference_storage_init_code][drop] _
tests/conftest.py:66: in entrypoint_contract
    with open(entrypoint_path, encoding="utf-8") as file:
E   FileNotFoundError: [Errno 2] No such file or directory: '/home/runner/work/bundler-test-executor/bundler-test-executor/bundler-spec-tests/@account-abstraction/artifacts/contracts/core/EntryPoint.sol/EntryPoint.json'
_______ ERROR at setup of test_rule[unstaked][paymaster][context][drop] ________
tests/conftest.py:66: in entrypoint_contract
    with open(entrypoint_path, encoding="utf-8") as file:
E   FileNotFoundError: [Errno 2] No such file or directory: '/home/runner/work/bundler-test-executor/bundler-test-executor/bundler-spec-tests/@account-abstraction/artifacts/contracts/core/EntryPoint.sol/EntryPoint.json'
___ ERROR at setup of test_rule[unstaked][paymaster][external_storage][drop] ___
tests/conftest.py:66: in entrypoint_contract
    with open(entrypoint_path, encoding="utf-8") as file:
E   FileNotFoundError: [Errno 2] No such file or directory: '/home/runner/work/bundler-test-executor/bundler-test-executor/bundler-spec-tests/@account-abstraction/artifacts/contracts/core/EntryPoint.sol/EntryPoint.json'
________ ERROR at setup of test_rule[staked][paymaster][no_storage][ok] ________
tests/conftest.py:66: in entrypoint_contract
    with open(entrypoint_path, encoding="utf-8") as file:
E   FileNotFoundError: [Errno 2] No such file or directory: '/home/runner/work/bundler-test-executor/bundler-test-executor/bundler-spec-tests/@account-abstraction/artifacts/contracts/core/EntryPoint.sol/EntryPoint.json'
_________ ERROR at setup of test_rule[staked][paymaster][storage][ok] __________
tests/conftest.py:66: in entrypoint_contract
    with open(entrypoint_path, encoding="utf-8") as file:
E   FileNotFoundError: [Errno 2] No such file or directory: '/home/runner/work/bundler-test-executor/bundler-test-executor/bundler-spec-tests/@account-abstraction/artifacts/contracts/core/EntryPoint.sol/EntryPoint.json'
____ ERROR at setup of test_rule[staked][paymaster][reference_storage][ok] _____
tests/conftest.py:66: in entrypoint_contract
    with open(entrypoint_path, encoding="utf-8") as file:
E   FileNotFoundError: [Errno 2] No such file or directory: '/home/runner/work/bundler-test-executor/bundler-test-executor/bundler-spec-tests/@account-abstraction/artifacts/contracts/core/EntryPoint.sol/EntryPoint.json'
_ ERROR at setup of test_rule[staked][paymaster][reference_storage_struct][ok] _
tests/conftest.py:66: in entrypoint_contract
    with open(entrypoint_path, encoding="utf-8") as file:
E   FileNotFoundError: [Errno 2] No such file or directory: '/home/runner/work/bundler-test-executor/bundler-test-executor/bundler-spec-tests/@account-abstraction/artifacts/contracts/core/EntryPoint.sol/EntryPoint.json'
_____ ERROR at setup of test_rule[staked][paymaster][account_storage][ok] ______
tests/conftest.py:66: in entrypoint_contract
    with open(entrypoint_path, encoding="utf-8") as file:
E   FileNotFoundError: [Errno 2] No such file or directory: '/home/runner/work/bundler-test-executor/bundler-test-executor/bundler-spec-tests/@account-abstraction/artifacts/contracts/core/EntryPoint.sol/EntryPoint.json'
_ ERROR at setup of test_rule[staked][paymaster][account_reference_storage][ok] _
tests/conftest.py:66: in entrypoint_contract
    with open(entrypoint_path, encoding="utf-8") as file:
E   FileNotFoundError: [Errno 2] No such file or directory: '/home/runner/work/bundler-test-executor/bundler-test-executor/bundler-spec-tests/@account-abstraction/artifacts/contracts/core/EntryPoint.sol/EntryPoint.json'
_ ERROR at setup of test_rule[staked][paymaster][account_reference_storage_struct][ok] _
tests/conftest.py:66: in entrypoint_contract
    with open(entrypoint_path, encoding="utf-8") as file:
E   FileNotFoundError: [Errno 2] No such file or directory: '/home/runner/work/bundler-test-executor/bundler-test-executor/bundler-spec-tests/@account-abstraction/artifacts/contracts/core/EntryPoint.sol/EntryPoint.json'
_ ERROR at setup of test_rule[staked][paymaster][account_reference_storage_init_code][ok] _
tests/conftest.py:66: in entrypoint_contract
    with open(entrypoint_path, encoding="utf-8") as file:
E   FileNotFoundError: [Errno 2] No such file or directory: '/home/runner/work/bundler-test-executor/bundler-test-executor/bundler-spec-tests/@account-abstraction/artifacts/contracts/core/EntryPoint.sol/EntryPoint.json'
_________ ERROR at setup of test_rule[staked][paymaster][context][ok] __________
tests/conftest.py:66: in entrypoint_contract
    with open(entrypoint_path, encoding="utf-8") as file:
E   FileNotFoundError: [Errno 2] No such file or directory: '/home/runner/work/bundler-test-executor/bundler-test-executor/bundler-spec-tests/@account-abstraction/artifacts/contracts/core/EntryPoint.sol/EntryPoint.json'
____ ERROR at setup of test_rule[staked][paymaster][external_storage][drop] ____
tests/conftest.py:66: in entrypoint_contract
    with open(entrypoint_path, encoding="utf-8") as file:
E   FileNotFoundError: [Errno 2] No such file or directory: '/home/runner/work/bundler-test-executor/bundler-test-executor/bundler-spec-tests/@account-abstraction/artifacts/contracts/core/EntryPoint.sol/EntryPoint.json'
________ ERROR at setup of test_rule[unstaked][factory][no_storage][ok] ________
tests/conftest.py:66: in entrypoint_contract
    with open(entrypoint_path, encoding="utf-8") as file:
E   FileNotFoundError: [Errno 2] No such file or directory: '/home/runner/work/bundler-test-executor/bundler-test-executor/bundler-spec-tests/@account-abstraction/artifacts/contracts/core/EntryPoint.sol/EntryPoint.json'
________ ERROR at setup of test_rule[unstaked][factory][storage][drop] _________
tests/conftest.py:66: in entrypoint_contract
    with open(entrypoint_path, encoding="utf-8") as file:
E   FileNotFoundError: [Errno 2] No such file or directory: '/home/runner/work/bundler-test-executor/bundler-test-executor/bundler-spec-tests/@account-abstraction/artifacts/contracts/core/EntryPoint.sol/EntryPoint.json'
___ ERROR at setup of test_rule[unstaked][factory][reference_storage][drop] ____
tests/conftest.py:66: in entrypoint_contract
    with open(entrypoint_path, encoding="utf-8") as file:
E   FileNotFoundError: [Errno 2] No such file or directory: '/home/runner/work/bundler-test-executor/bundler-test-executor/bundler-spec-tests/@account-abstraction/artifacts/contracts/core/EntryPoint.sol/EntryPoint.json'
_ ERROR at setup of test_rule[unstaked][factory][reference_storage_struct][drop] _
tests/conftest.py:66: in entrypoint_contract
    with open(entrypoint_path, encoding="utf-8") as file:
E   FileNotFoundError: [Errno 2] No such file or directory: '/home/runner/work/bundler-test-executor/bundler-test-executor/bundler-spec-tests/@account-abstraction/artifacts/contracts/core/EntryPoint.sol/EntryPoint.json'
_____ ERROR at setup of test_rule[unstaked][factory][account_storage][ok] ______
tests/conftest.py:66: in entrypoint_contract
    with open(entrypoint_path, encoding="utf-8") as file:
E   FileNotFoundError: [Errno 2] No such file or directory: '/home/runner/work/bundler-test-executor/bundler-test-executor/bundler-spec-tests/@account-abstraction/artifacts/contracts/core/EntryPoint.sol/EntryPoint.json'
_ ERROR at setup of test_rule[unstaked][factory][account_reference_storage][drop] _
tests/conftest.py:66: in entrypoint_contract
    with open(entrypoint_path, encoding="utf-8") as file:
E   FileNotFoundError: [Errno 2] No such file or directory: '/home/runner/work/bundler-test-executor/bundler-test-executor/bundler-spec-tests/@account-abstraction/artifacts/contracts/core/EntryPoint.sol/EntryPoint.json'
_ ERROR at setup of test_rule[unstaked][factory][account_reference_storage_struct][drop] _
tests/conftest.py:66: in entrypoint_contract
    with open(entrypoint_path, encoding="utf-8") as file:
E   FileNotFoundError: [Errno 2] No such file or directory: '/home/runner/work/bundler-test-executor/bundler-test-executor/bundler-spec-tests/@account-abstraction/artifacts/contracts/core/EntryPoint.sol/EntryPoint.json'
____ ERROR at setup of test_rule[unstaked][factory][external_storage][drop] ____
tests/conftest.py:66: in entrypoint_contract
    with open(entrypoint_path, encoding="utf-8") as file:
E   FileNotFoundError: [Errno 2] No such file or directory: '/home/runner/work/bundler-test-executor/bundler-test-executor/bundler-spec-tests/@account-abstraction/artifacts/contracts/core/EntryPoint.sol/EntryPoint.json'
_________ ERROR at setup of test_rule[staked][factory][no_storage][ok] _________
tests/conftest.py:66: in entrypoint_contract
    with open(entrypoint_path, encoding="utf-8") as file:
E   FileNotFoundError: [Errno 2] No such file or directory: '/home/runner/work/bundler-test-executor/bundler-test-executor/bundler-spec-tests/@account-abstraction/artifacts/contracts/core/EntryPoint.sol/EntryPoint.json'
__________ ERROR at setup of test_rule[staked][factory][storage][ok] ___________
tests/conftest.py:66: in entrypoint_contract
    with open(entrypoint_path, encoding="utf-8") as file:
E   FileNotFoundError: [Errno 2] No such file or directory: '/home/runner/work/bundler-test-executor/bundler-test-executor/bundler-spec-tests/@account-abstraction/artifacts/contracts/core/EntryPoint.sol/EntryPoint.json'
_____ ERROR at setup of test_rule[staked][factory][reference_storage][ok] ______
tests/conftest.py:66: in entrypoint_contract
    with open(entrypoint_path, encoding="utf-8") as file:
E   FileNotFoundError: [Errno 2] No such file or directory: '/home/runner/work/bundler-test-executor/bundler-test-executor/bundler-spec-tests/@account-abstraction/artifacts/contracts/core/EntryPoint.sol/EntryPoint.json'
__ ERROR at setup of test_rule[staked][factory][reference_storage_struct][ok] __
tests/conftest.py:66: in entrypoint_contract
    with open(entrypoint_path, encoding="utf-8") as file:
E   FileNotFoundError: [Errno 2] No such file or directory: '/home/runner/work/bundler-test-executor/bundler-test-executor/bundler-spec-tests/@account-abstraction/artifacts/contracts/core/EntryPoint.sol/EntryPoint.json'
______ ERROR at setup of test_rule[staked][factory][account_storage][ok] _______
tests/conftest.py:66: in entrypoint_contract
    with open(entrypoint_path, encoding="utf-8") as file:
E   FileNotFoundError: [Errno 2] No such file or directory: '/home/runner/work/bundler-test-executor/bundler-test-executor/bundler-spec-tests/@account-abstraction/artifacts/contracts/core/EntryPoint.sol/EntryPoint.json'
_ ERROR at setup of test_rule[staked][factory][account_reference_storage][ok] __
tests/conftest.py:66: in entrypoint_contract
    with open(entrypoint_path, encoding="utf-8") as file:
E   FileNotFoundError: [Errno 2] No such file or directory: '/home/runner/work/bundler-test-executor/bundler-test-executor/bundler-spec-tests/@account-abstraction/artifacts/contracts/core/EntryPoint.sol/EntryPoint.json'
_ ERROR at setup of test_rule[staked][factory][account_reference_storage_struct][ok] _
tests/conftest.py:66: in entrypoint_contract
    with open(entrypoint_path, encoding="utf-8") as file:
E   FileNotFoundError: [Errno 2] No such file or directory: '/home/runner/work/bundler-test-executor/bundler-test-executor/bundler-spec-tests/@account-abstraction/artifacts/contracts/core/EntryPoint.sol/EntryPoint.json'
_____ ERROR at setup of test_rule[staked][factory][external_storage][drop] _____
tests/conftest.py:66: in entrypoint_contract
    with open(entrypoint_path, encoding="utf-8") as file:
E   FileNotFoundError: [Errno 2] No such file or directory: '/home/runner/work/bundler-test-executor/bundler-test-executor/bundler-spec-tests/@account-abstraction/artifacts/contracts/core/EntryPoint.sol/EntryPoint.json'
________ ERROR at setup of test_rule[unstaked][account][no_storage][ok] ________
tests/conftest.py:66: in entrypoint_contract
    with open(entrypoint_path, encoding="utf-8") as file:
E   FileNotFoundError: [Errno 2] No such file or directory: '/home/runner/work/bundler-test-executor/bundler-test-executor/bundler-spec-tests/@account-abstraction/artifacts/contracts/core/EntryPoint.sol/EntryPoint.json'
_____ ERROR at setup of test_rule[unstaked][account][account_storage][ok] ______
tests/conftest.py:66: in entrypoint_contract
    with open(entrypoint_path, encoding="utf-8") as file:
E   FileNotFoundError: [Errno 2] No such file or directory: '/home/runner/work/bundler-test-executor/bundler-test-executor/bundler-spec-tests/@account-abstraction/artifacts/contracts/core/EntryPoint.sol/EntryPoint.json'
_ ERROR at setup of test_rule[unstaked][account][account_reference_storage][ok] _
tests/conftest.py:66: in entrypoint_contract
    with open(entrypoint_path, encoding="utf-8") as file:
E   FileNotFoundError: [Errno 2] No such file or directory: '/home/runner/work/bundler-test-executor/bundler-test-executor/bundler-spec-tests/@account-abstraction/artifacts/contracts/core/EntryPoint.sol/EntryPoint.json'
_ ERROR at setup of test_rule[unstaked][account][account_reference_storage_init_code][drop] _
tests/conftest.py:66: in entrypoint_contract
    with open(entrypoint_path, encoding="utf-8") as file:
E   FileNotFoundError: [Errno 2] No such file or directory: '/home/runner/work/bundler-test-executor/bundler-test-executor/bundler-spec-tests/@account-abstraction/artifacts/contracts/core/EntryPoint.sol/EntryPoint.json'
_ ERROR at setup of test_rule[unstaked][account][account_reference_storage_struct][ok] _
tests/conftest.py:66: in entrypoint_contract
    with open(entrypoint_path, encoding="utf-8") as file:
E   FileNotFoundError: [Errno 2] No such file or directory: '/home/runner/work/bundler-test-executor/bundler-test-executor/bundler-spec-tests/@account-abstraction/artifacts/contracts/core/EntryPoint.sol/EntryPoint.json'
____ ERROR at setup of test_rule[unstaked][account][external_storage][drop] ____
tests/conftest.py:66: in entrypoint_contract
    with open(entrypoint_path, encoding="utf-8") as file:
E   FileNotFoundError: [Errno 2] No such file or directory: '/home/runner/work/bundler-test-executor/bundler-test-executor/bundler-spec-tests/@account-abstraction/artifacts/contracts/core/EntryPoint.sol/EntryPoint.json'
_________ ERROR at setup of test_rule[staked][account][no_storage][ok] _________
tests/conftest.py:66: in entrypoint_contract
    with open(entrypoint_path, encoding="utf-8") as file:
E   FileNotFoundError: [Errno 2] No such file or directory: '/home/runner/work/bundler-test-executor/bundler-test-executor/bundler-spec-tests/@account-abstraction/artifacts/contracts/core/EntryPoint.sol/EntryPoint.json'
______ ERROR at setup of test_rule[staked][account][account_storage][ok] _______
tests/conftest.py:66: in entrypoint_contract
    with open(entrypoint_path, encoding="utf-8") as file:
E   FileNotFoundError: [Errno 2] No such file or directory: '/home/runner/work/bundler-test-executor/bundler-test-executor/bundler-spec-tests/@account-abstraction/artifacts/contracts/core/EntryPoint.sol/EntryPoint.json'
_ ERROR at setup of test_rule[staked][account][account_reference_storage][ok] __
tests/conftest.py:66: in entrypoint_contract
    with open(entrypoint_path, encoding="utf-8") as file:
E   FileNotFoundError: [Errno 2] No such file or directory: '/home/runner/work/bundler-test-executor/bundler-test-executor/bundler-spec-tests/@account-abstraction/artifacts/contracts/core/EntryPoint.sol/EntryPoint.json'
_ ERROR at setup of test_rule[staked][account][account_reference_storage_struct][ok] _
tests/conftest.py:66: in entrypoint_contract
    with open(entrypoint_path, encoding="utf-8") as file:
E   FileNotFoundError: [Errno 2] No such file or directory: '/home/runner/work/bundler-test-executor/bundler-test-executor/bundler-spec-tests/@account-abstraction/artifacts/contracts/core/EntryPoint.sol/EntryPoint.json'
_____ ERROR at setup of test_rule[staked][account][external_storage][drop] _____
tests/conftest.py:66: in entrypoint_contract
    with open(entrypoint_path, encoding="utf-8") as file:
E   FileNotFoundError: [Errno 2] No such file or directory: '/home/runner/work/bundler-test-executor/bundler-test-executor/bundler-spec-tests/@account-abstraction/artifacts/contracts/core/EntryPoint.sol/EntryPoint.json'
______________ ERROR at setup of test_account_banned_opcode[GAS] _______________
tests/conftest.py:66: in entrypoint_contract
    with open(entrypoint_path, encoding="utf-8") as file:
E   FileNotFoundError: [Errno 2] No such file or directory: '/home/runner/work/bundler-test-executor/bundler-test-executor/bundler-spec-tests/@account-abstraction/artifacts/contracts/core/EntryPoint.sol/EntryPoint.json'
_____________ ERROR at setup of test_account_banned_opcode[NUMBER] _____________
tests/conftest.py:66: in entrypoint_contract
    with open(entrypoint_path, encoding="utf-8") as file:
E   FileNotFoundError: [Errno 2] No such file or directory: '/home/runner/work/bundler-test-executor/bundler-test-executor/bundler-spec-tests/@account-abstraction/artifacts/contracts/core/EntryPoint.sol/EntryPoint.json'
___________ ERROR at setup of test_account_banned_opcode[TIMESTAMP] ____________
tests/conftest.py:66: in entrypoint_contract
    with open(entrypoint_path, encoding="utf-8") as file:
E   FileNotFoundError: [Errno 2] No such file or directory: '/home/runner/work/bundler-test-executor/bundler-test-executor/bundler-spec-tests/@account-abstraction/artifacts/contracts/core/EntryPoint.sol/EntryPoint.json'
____________ ERROR at setup of test_account_banned_opcode[COINBASE] ____________
tests/conftest.py:66: in entrypoint_contract
    with open(entrypoint_path, encoding="utf-8") as file:
E   FileNotFoundError: [Errno 2] No such file or directory: '/home/runner/work/bundler-test-executor/bundler-test-executor/bundler-spec-tests/@account-abstraction/artifacts/contracts/core/EntryPoint.sol/EntryPoint.json'
___________ ERROR at setup of test_account_banned_opcode[DIFFICULTY] ___________
tests/conftest.py:66: in entrypoint_contract
    with open(entrypoint_path, encoding="utf-8") as file:
E   FileNotFoundError: [Errno 2] No such file or directory: '/home/runner/work/bundler-test-executor/bundler-test-executor/bundler-spec-tests/@account-abstraction/artifacts/contracts/core/EntryPoint.sol/EntryPoint.json'
____________ ERROR at setup of test_account_banned_opcode[BASEFEE] _____________
tests/conftest.py:66: in entrypoint_contract
    with open(entrypoint_path, encoding="utf-8") as file:
E   FileNotFoundError: [Errno 2] No such file or directory: '/home/runner/work/bundler-test-executor/bundler-test-executor/bundler-spec-tests/@account-abstraction/artifacts/contracts/core/EntryPoint.sol/EntryPoint.json'
____________ ERROR at setup of test_account_banned_opcode[GASLIMIT] ____________
tests/conftest.py:66: in entrypoint_contract
    with open(entrypoint_path, encoding="utf-8") as file:
E   FileNotFoundError: [Errno 2] No such file or directory: '/home/runner/work/bundler-test-executor/bundler-test-executor/bundler-spec-tests/@account-abstraction/artifacts/contracts/core/EntryPoint.sol/EntryPoint.json'
____________ ERROR at setup of test_account_banned_opcode[GASPRICE] ____________
tests/conftest.py:66: in entrypoint_contract
    with open(entrypoint_path, encoding="utf-8") as file:
E   FileNotFoundError: [Errno 2] No such file or directory: '/home/runner/work/bundler-test-executor/bundler-test-executor/bundler-spec-tests/@account-abstraction/artifacts/contracts/core/EntryPoint.sol/EntryPoint.json'
__________ ERROR at setup of test_account_banned_opcode[SELFBALANCE] ___________
tests/conftest.py:66: in entrypoint_contract
    with open(entrypoint_path, encoding="utf-8") as file:
E   FileNotFoundError: [Errno 2] No such file or directory: '/home/runner/work/bundler-test-executor/bundler-test-executor/bundler-spec-tests/@account-abstraction/artifacts/contracts/core/EntryPoint.sol/EntryPoint.json'
____________ ERROR at setup of test_account_banned_opcode[BALANCE] _____________
tests/conftest.py:66: in entrypoint_contract
    with open(entrypoint_path, encoding="utf-8") as file:
E   FileNotFoundError: [Errno 2] No such file or directory: '/home/runner/work/bundler-test-executor/bundler-test-executor/bundler-spec-tests/@account-abstraction/artifacts/contracts/core/EntryPoint.sol/EntryPoint.json'
_____________ ERROR at setup of test_account_banned_opcode[ORIGIN] _____________
tests/conftest.py:66: in entrypoint_contract
    with open(entrypoint_path, encoding="utf-8") as file:
E   FileNotFoundError: [Errno 2] No such file or directory: '/home/runner/work/bundler-test-executor/bundler-test-executor/bundler-spec-tests/@account-abstraction/artifacts/contracts/core/EntryPoint.sol/EntryPoint.json'
___________ ERROR at setup of test_account_banned_opcode[BLOCKHASH] ____________
tests/conftest.py:66: in entrypoint_contract
    with open(entrypoint_path, encoding="utf-8") as file:
E   FileNotFoundError: [Errno 2] No such file or directory: '/home/runner/work/bundler-test-executor/bundler-test-executor/bundler-spec-tests/@account-abstraction/artifacts/contracts/core/EntryPoint.sol/EntryPoint.json'
_____________ ERROR at setup of test_account_banned_opcode[CREATE] _____________
tests/conftest.py:66: in entrypoint_contract
    with open(entrypoint_path, encoding="utf-8") as file:
E   FileNotFoundError: [Errno 2] No such file or directory: '/home/runner/work/bundler-test-executor/bundler-test-executor/bundler-spec-tests/@account-abstraction/artifacts/contracts/core/EntryPoint.sol/EntryPoint.json'
____________ ERROR at setup of test_account_banned_opcode[CREATE2] _____________
tests/conftest.py:66: in entrypoint_contract
    with open(entrypoint_path, encoding="utf-8") as file:
E   FileNotFoundError: [Errno 2] No such file or directory: '/home/runner/work/bundler-test-executor/bundler-test-executor/bundler-spec-tests/@account-abstraction/artifacts/contracts/core/EntryPoint.sol/EntryPoint.json'
__________ ERROR at setup of test_account_banned_opcode[SELFDESTRUCT] __________
tests/conftest.py:66: in entrypoint_contract
    with open(entrypoint_path, encoding="utf-8") as file:
E   FileNotFoundError: [Errno 2] No such file or directory: '/home/runner/work/bundler-test-executor/bundler-test-executor/bundler-spec-tests/@account-abstraction/artifacts/contracts/core/EntryPoint.sol/EntryPoint.json'
_____________ ERROR at setup of test_paymaster_banned_opcode[GAS] ______________
tests/conftest.py:66: in entrypoint_contract
    with open(entrypoint_path, encoding="utf-8") as file:
E   FileNotFoundError: [Errno 2] No such file or directory: '/home/runner/work/bundler-test-executor/bundler-test-executor/bundler-spec-tests/@account-abstraction/artifacts/contracts/core/EntryPoint.sol/EntryPoint.json'
____________ ERROR at setup of test_paymaster_banned_opcode[NUMBER] ____________
tests/conftest.py:66: in entrypoint_contract
    with open(entrypoint_path, encoding="utf-8") as file:
E   FileNotFoundError: [Errno 2] No such file or directory: '/home/runner/work/bundler-test-executor/bundler-test-executor/bundler-spec-tests/@account-abstraction/artifacts/contracts/core/EntryPoint.sol/EntryPoint.json'
__________ ERROR at setup of test_paymaster_banned_opcode[TIMESTAMP] ___________
tests/conftest.py:66: in entrypoint_contract
    with open(entrypoint_path, encoding="utf-8") as file:
E   FileNotFoundError: [Errno 2] No such file or directory: '/home/runner/work/bundler-test-executor/bundler-test-executor/bundler-spec-tests/@account-abstraction/artifacts/contracts/core/EntryPoint.sol/EntryPoint.json'
___________ ERROR at setup of test_paymaster_banned_opcode[COINBASE] ___________
tests/conftest.py:66: in entrypoint_contract
    with open(entrypoint_path, encoding="utf-8") as file:
E   FileNotFoundError: [Errno 2] No such file or directory: '/home/runner/work/bundler-test-executor/bundler-test-executor/bundler-spec-tests/@account-abstraction/artifacts/contracts/core/EntryPoint.sol/EntryPoint.json'
__________ ERROR at setup of test_paymaster_banned_opcode[DIFFICULTY] __________
tests/conftest.py:66: in entrypoint_contract
    with open(entrypoint_path, encoding="utf-8") as file:
E   FileNotFoundError: [Errno 2] No such file or directory: '/home/runner/work/bundler-test-executor/bundler-test-executor/bundler-spec-tests/@account-abstraction/artifacts/contracts/core/EntryPoint.sol/EntryPoint.json'
___________ ERROR at setup of test_paymaster_banned_opcode[BASEFEE] ____________
tests/conftest.py:66: in entrypoint_contract
    with open(entrypoint_path, encoding="utf-8") as file:
E   FileNotFoundError: [Errno 2] No such file or directory: '/home/runner/work/bundler-test-executor/bundler-test-executor/bundler-spec-tests/@account-abstraction/artifacts/contracts/core/EntryPoint.sol/EntryPoint.json'
___________ ERROR at setup of test_paymaster_banned_opcode[GASLIMIT] ___________
tests/conftest.py:66: in entrypoint_contract
    with open(entrypoint_path, encoding="utf-8") as file:
E   FileNotFoundError: [Errno 2] No such file or directory: '/home/runner/work/bundler-test-executor/bundler-test-executor/bundler-spec-tests/@account-abstraction/artifacts/contracts/core/EntryPoint.sol/EntryPoint.json'
___________ ERROR at setup of test_paymaster_banned_opcode[GASPRICE] ___________
tests/conftest.py:66: in entrypoint_contract
    with open(entrypoint_path, encoding="utf-8") as file:
E   FileNotFoundError: [Errno 2] No such file or directory: '/home/runner/work/bundler-test-executor/bundler-test-executor/bundler-spec-tests/@account-abstraction/artifacts/contracts/core/EntryPoint.sol/EntryPoint.json'
_________ ERROR at setup of test_paymaster_banned_opcode[SELFBALANCE] __________
tests/conftest.py:66: in entrypoint_contract
    with open(entrypoint_path, encoding="utf-8") as file:
E   FileNotFoundError: [Errno 2] No such file or directory: '/home/runner/work/bundler-test-executor/bundler-test-executor/bundler-spec-tests/@account-abstraction/artifacts/contracts/core/EntryPoint.sol/EntryPoint.json'
___________ ERROR at setup of test_paymaster_banned_opcode[BALANCE] ____________
tests/conftest.py:66: in entrypoint_contract
    with open(entrypoint_path, encoding="utf-8") as file:
E   FileNotFoundError: [Errno 2] No such file or directory: '/home/runner/work/bundler-test-executor/bundler-test-executor/bundler-spec-tests/@account-abstraction/artifacts/contracts/core/EntryPoint.sol/EntryPoint.json'
____________ ERROR at setup of test_paymaster_banned_opcode[ORIGIN] ____________
tests/conftest.py:66: in entrypoint_contract
    with open(entrypoint_path, encoding="utf-8") as file:
E   FileNotFoundError: [Errno 2] No such file or directory: '/home/runner/work/bundler-test-executor/bundler-test-executor/bundler-spec-tests/@account-abstraction/artifacts/contracts/core/EntryPoint.sol/EntryPoint.json'
__________ ERROR at setup of test_paymaster_banned_opcode[BLOCKHASH] ___________
tests/conftest.py:66: in entrypoint_contract
    with open(entrypoint_path, encoding="utf-8") as file:
E   FileNotFoundError: [Errno 2] No such file or directory: '/home/runner/work/bundler-test-executor/bundler-test-executor/bundler-spec-tests/@account-abstraction/artifacts/contracts/core/EntryPoint.sol/EntryPoint.json'
____________ ERROR at setup of test_paymaster_banned_opcode[CREATE] ____________
tests/conftest.py:66: in entrypoint_contract
    with open(entrypoint_path, encoding="utf-8") as file:
E   FileNotFoundError: [Errno 2] No such file or directory: '/home/runner/work/bundler-test-executor/bundler-test-executor/bundler-spec-tests/@account-abstraction/artifacts/contracts/core/EntryPoint.sol/EntryPoint.json'
___________ ERROR at setup of test_paymaster_banned_opcode[CREATE2] ____________
tests/conftest.py:66: in entrypoint_contract
    with open(entrypoint_path, encoding="utf-8") as file:
E   FileNotFoundError: [Errno 2] No such file or directory: '/home/runner/work/bundler-test-executor/bundler-test-executor/bundler-spec-tests/@account-abstraction/artifacts/contracts/core/EntryPoint.sol/EntryPoint.json'
_________ ERROR at setup of test_paymaster_banned_opcode[SELFDESTRUCT] _________
tests/conftest.py:66: in entrypoint_contract
    with open(entrypoint_path, encoding="utf-8") as file:
E   FileNotFoundError: [Errno 2] No such file or directory: '/home/runner/work/bundler-test-executor/bundler-test-executor/bundler-spec-tests/@account-abstraction/artifacts/contracts/core/EntryPoint.sol/EntryPoint.json'
______________ ERROR at setup of test_factory_banned_opcode[GAS] _______________
tests/conftest.py:66: in entrypoint_contract
    with open(entrypoint_path, encoding="utf-8") as file:
E   FileNotFoundError: [Errno 2] No such file or directory: '/home/runner/work/bundler-test-executor/bundler-test-executor/bundler-spec-tests/@account-abstraction/artifacts/contracts/core/EntryPoint.sol/EntryPoint.json'
_____________ ERROR at setup of test_factory_banned_opcode[NUMBER] _____________
tests/conftest.py:66: in entrypoint_contract
    with open(entrypoint_path, encoding="utf-8") as file:
E   FileNotFoundError: [Errno 2] No such file or directory: '/home/runner/work/bundler-test-executor/bundler-test-executor/bundler-spec-tests/@account-abstraction/artifacts/contracts/core/EntryPoint.sol/EntryPoint.json'
___________ ERROR at setup of test_factory_banned_opcode[TIMESTAMP] ____________
tests/conftest.py:66: in entrypoint_contract
    with open(entrypoint_path, encoding="utf-8") as file:
E   FileNotFoundError: [Errno 2] No such file or directory: '/home/runner/work/bundler-test-executor/bundler-test-executor/bundler-spec-tests/@account-abstraction/artifacts/contracts/core/EntryPoint.sol/EntryPoint.json'
____________ ERROR at setup of test_factory_banned_opcode[COINBASE] ____________
tests/conftest.py:66: in entrypoint_contract
    with open(entrypoint_path, encoding="utf-8") as file:
E   FileNotFoundError: [Errno 2] No such file or directory: '/home/runner/work/bundler-test-executor/bundler-test-executor/bundler-spec-tests/@account-abstraction/artifacts/contracts/core/EntryPoint.sol/EntryPoint.json'
___________ ERROR at setup of test_factory_banned_opcode[DIFFICULTY] ___________
tests/conftest.py:66: in entrypoint_contract
    with open(entrypoint_path, encoding="utf-8") as file:
E   FileNotFoundError: [Errno 2] No such file or directory: '/home/runner/work/bundler-test-executor/bundler-test-executor/bundler-spec-tests/@account-abstraction/artifacts/contracts/core/EntryPoint.sol/EntryPoint.json'
____________ ERROR at setup of test_factory_banned_opcode[BASEFEE] _____________
tests/conftest.py:66: in entrypoint_contract
    with open(entrypoint_path, encoding="utf-8") as file:
E   FileNotFoundError: [Errno 2] No such file or directory: '/home/runner/work/bundler-test-executor/bundler-test-executor/bundler-spec-tests/@account-abstraction/artifacts/contracts/core/EntryPoint.sol/EntryPoint.json'
____________ ERROR at setup of test_factory_banned_opcode[GASLIMIT] ____________
tests/conftest.py:66: in entrypoint_contract
    with open(entrypoint_path, encoding="utf-8") as file:
E   FileNotFoundError: [Errno 2] No such file or directory: '/home/runner/work/bundler-test-executor/bundler-test-executor/bundler-spec-tests/@account-abstraction/artifacts/contracts/core/EntryPoint.sol/EntryPoint.json'
____________ ERROR at setup of test_factory_banned_opcode[GASPRICE] ____________
tests/conftest.py:66: in entrypoint_contract
    with open(entrypoint_path, encoding="utf-8") as file:
E   FileNotFoundError: [Errno 2] No such file or directory: '/home/runner/work/bundler-test-executor/bundler-test-executor/bundler-spec-tests/@account-abstraction/artifacts/contracts/core/EntryPoint.sol/EntryPoint.json'
__________ ERROR at setup of test_factory_banned_opcode[SELFBALANCE] ___________
tests/conftest.py:66: in entrypoint_contract
    with open(entrypoint_path, encoding="utf-8") as file:
E   FileNotFoundError: [Errno 2] No such file or directory: '/home/runner/work/bundler-test-executor/bundler-test-executor/bundler-spec-tests/@account-abstraction/artifacts/contracts/core/EntryPoint.sol/EntryPoint.json'
____________ ERROR at setup of test_factory_banned_opcode[BALANCE] _____________
tests/conftest.py:66: in entrypoint_contract
    with open(entrypoint_path, encoding="utf-8") as file:
E   FileNotFoundError: [Errno 2] No such file or directory: '/home/runner/work/bundler-test-executor/bundler-test-executor/bundler-spec-tests/@account-abstraction/artifacts/contracts/core/EntryPoint.sol/EntryPoint.json'
_____________ ERROR at setup of test_factory_banned_opcode[ORIGIN] _____________
tests/conftest.py:66: in entrypoint_contract
    with open(entrypoint_path, encoding="utf-8") as file:
E   FileNotFoundError: [Errno 2] No such file or directory: '/home/runner/work/bundler-test-executor/bundler-test-executor/bundler-spec-tests/@account-abstraction/artifacts/contracts/core/EntryPoint.sol/EntryPoint.json'
___________ ERROR at setup of test_factory_banned_opcode[BLOCKHASH] ____________
tests/conftest.py:66: in entrypoint_contract
    with open(entrypoint_path, encoding="utf-8") as file:
E   FileNotFoundError: [Errno 2] No such file or directory: '/home/runner/work/bundler-test-executor/bundler-test-executor/bundler-spec-tests/@account-abstraction/artifacts/contracts/core/EntryPoint.sol/EntryPoint.json'
_____________ ERROR at setup of test_factory_banned_opcode[CREATE] _____________
tests/conftest.py:66: in entrypoint_contract
    with open(entrypoint_path, encoding="utf-8") as file:
E   FileNotFoundError: [Errno 2] No such file or directory: '/home/runner/work/bundler-test-executor/bundler-test-executor/bundler-spec-tests/@account-abstraction/artifacts/contracts/core/EntryPoint.sol/EntryPoint.json'
____________ ERROR at setup of test_factory_banned_opcode[CREATE2] _____________
tests/conftest.py:66: in entrypoint_contract
    with open(entrypoint_path, encoding="utf-8") as file:
E   FileNotFoundError: [Errno 2] No such file or directory: '/home/runner/work/bundler-test-executor/bundler-test-executor/bundler-spec-tests/@account-abstraction/artifacts/contracts/core/EntryPoint.sol/EntryPoint.json'
__________ ERROR at setup of test_factory_banned_opcode[SELFDESTRUCT] __________
tests/conftest.py:66: in entrypoint_contract
    with open(entrypoint_path, encoding="utf-8") as file:
E   FileNotFoundError: [Errno 2] No such file or directory: '/home/runner/work/bundler-test-executor/bundler-test-executor/bundler-spec-tests/@account-abstraction/artifacts/contracts/core/EntryPoint.sol/EntryPoint.json'
=================================== FAILURES ===================================
________________ test_bundle_replace_op[only_priority_fee_bump] ________________
tests/bundle/test_bundle.py:79: in test_bundle_replace_op
    assert new_op.send().result
E   AttributeError: 'Error' object has no attribute 'result'
__________________ test_bundle_replace_op[only_max_fee_bump] ___________________
tests/bundle/test_bundle.py:79: in test_bundle_replace_op
    assert new_op.send().result
E   AttributeError: 'Error' object has no attribute 'result'
____________________ test_bundle_replace_op[with_same_fee] _____________________
tests/bundle/test_bundle.py:79: in test_bundle_replace_op
    assert new_op.send().result
E   AttributeError: 'Error' object has no attribute 'result'
____________________ test_bundle_replace_op[with_less_fee] _____________________
tests/bundle/test_bundle.py:79: in test_bundle_replace_op
    assert new_op.send().result
E   AttributeError: 'Error' object has no attribute 'result'
_______________ test_bundle_replace_op[fee_bump_below_threshold] _______________
tests/bundle/test_bundle.py:79: in test_bundle_replace_op
    assert new_op.send().result
E   AttributeError: 'Error' object has no attribute 'result'
________________ test_bundle_replace_op[fee_bump_at_threshold] _________________
tests/bundle/test_bundle.py:79: in test_bundle_replace_op
    assert new_op.send().result
E   AttributeError: 'Error' object has no attribute 'result'
_______________ test_bundle_replace_op[fee_bump_above_threshold] _______________
tests/bundle/test_bundle.py:79: in test_bundle_replace_op
    assert new_op.send().result
E   AttributeError: 'Error' object has no attribute 'result'
____________________ test_max_allowed_ops_unstaked_sender[] ____________________
tests/bundle/test_bundle.py:97: in test_max_allowed_ops_unstaked_sender
    assert dump_mempool() == wallet_ops[: i + 1]
E   AssertionError: assert [] == [UserOperatio...gnature='0x')]
E     Right contains one more item: UserOperation(sender='0xd50Aa914aFf7b6990fca422D7afDc5F2289F478C', nonce='0x0', initCode='0x', callData='0xa9e966b7000...tionGas='0x493e0', maxFeePerGas='0x77359400', maxPriorityFeePerGas='0x3b9aca00', paymasterAndData='0x', signature='0x')
E     Full diff:
E       [
E     +  ,
E     -  UserOperation(sender='0xd50Aa914aFf7b6990fca422D7afDc5F2289F478C',
E     -                nonce='0x0',
E     -                initCode='0x',
E     -                callData='0xa9e966b70000000000000000000000000000000000000000000000000000000000000001',
E     -                callGasLimit='0x493e0',
E     -                verificationGasLimit='0xf4240',
E     -                preVerificationGas='0x493e0',
E     -                maxFeePerGas='0x77359400',
E     -                maxPriorityFeePerGas='0x3b9aca00',
E     -                paymasterAndData='0x',
E     -                signature='0x'),
E       ]
_____________________ test_eth_estimateUserOperationGas[] ______________________
tests/rpc/test_eth_estimateUserOperationGas.py:20: in test_eth_estimateUserOperationGas
    validate(instance=response.result, schema=schema)
E   AttributeError: 'Error' object has no attribute 'result'
______________ test_eth_estimateUserOperationGas_execution_revert ______________
tests/rpc/test_eth_estimateUserOperationGas.py:29: in test_eth_estimateUserOperationGas_execution_revert
    assert_rpc_error(response, "test fail", RPCErrorCode.EXECUTION_REVERTED)
tests/utils.py:103: in assert_rpc_error
    assert response.code == code
E   AssertionError: assert -32603 == <RPCErrorCode.EXECUTION_REVERTED: -32521>
E    +  where -32603 = Error(code=-32603, message='Internal error', data='0 bytes read on a total of 4 expected bytes', id=20).code
_____________ test_eth_estimateUserOperationGas_simulation_revert ______________
tests/rpc/test_eth_estimateUserOperationGas.py:37: in test_eth_estimateUserOperationGas_simulation_revert
    assert_rpc_error(response, "dead signature", RPCErrorCode.REJECTED_BY_EP_OR_ACCOUNT)
tests/utils.py:103: in assert_rpc_error
    assert response.code == code
E   AssertionError: assert -32603 == <RPCErrorCode.REJECTED_BY_EP_OR_ACCOUNT: -32500>
E    +  where -32603 = Error(code=-32603, message='Internal error', data='0 bytes read on a total of 4 expected bytes', id=21).code
______________________ test_eth_getUserOperationByHash[] _______________________
tests/rpc/test_eth_getUserOperationByHash.py:12: in test_eth_getUserOperationByHash
    params=[userop_hash(helper_contract, userop)],
tests/utils.py:96: in userop_hash
    .call()
.venv/lib/python3.10/site-packages/web3/contract.py:970: in call
    return call_contract_function(
.venv/lib/python3.10/site-packages/web3/contract.py:1525: in call_contract_function
    return_data = web3.eth.call(
.venv/lib/python3.10/site-packages/web3/module.py:57: in caller
    result = w3.manager.request_blocking(method_str,
.venv/lib/python3.10/site-packages/web3/manager.py:198: in request_blocking
    return self.formatted_response(response,
.venv/lib/python3.10/site-packages/web3/manager.py:170: in formatted_response
    apply_error_formatters(error_formatters, response)
.venv/lib/python3.10/site-packages/web3/manager.py:70: in apply_error_formatters
    formatted_resp = pipe(response, error_formatters)
cytoolz/functoolz.pyx:666: in cytoolz.functoolz.pipe
    ???
cytoolz/functoolz.pyx:641: in cytoolz.functoolz.c_pipe
    ???
.venv/lib/python3.10/site-packages/web3/_utils/method_formatters.py:580: in raise_solidity_error_on_revert
    raise ContractLogicError('execution reverted')
E   web3.exceptions.ContractLogicError: execution reverted
______________________ test_eth_getUserOperationReceipt[] ______________________
tests/rpc/test_eth_getUserOperationReceipt.py:13: in test_eth_getUserOperationReceipt
    params=[userop_hash(helper_contract, userop)],
tests/utils.py:96: in userop_hash
    .call()
.venv/lib/python3.10/site-packages/web3/contract.py:970: in call
    return call_contract_function(
.venv/lib/python3.10/site-packages/web3/contract.py:1525: in call_contract_function
    return_data = web3.eth.call(
.venv/lib/python3.10/site-packages/web3/module.py:57: in caller
    result = w3.manager.request_blocking(method_str,
.venv/lib/python3.10/site-packages/web3/manager.py:198: in request_blocking
    return self.formatted_response(response,
.venv/lib/python3.10/site-packages/web3/manager.py:170: in formatted_response
    apply_error_formatters(error_formatters, response)
.venv/lib/python3.10/site-packages/web3/manager.py:70: in apply_error_formatters
    formatted_resp = pipe(response, error_formatters)
cytoolz/functoolz.pyx:666: in cytoolz.functoolz.pipe
    ???
cytoolz/functoolz.pyx:641: in cytoolz.functoolz.c_pipe
    ???
.venv/lib/python3.10/site-packages/web3/_utils/method_formatters.py:580: in raise_solidity_error_on_revert
    raise ContractLogicError('execution reverted')
E   web3.exceptions.ContractLogicError: execution reverted
_________________________ test_eth_sendUserOperation[] _________________________
tests/rpc/test_eth_sendUserOperation.py:19: in test_eth_sendUserOperation
    assert response.result == userop_hash(helper_contract, userop)
E   AttributeError: 'Error' object has no attribute 'result'
______________________ test_eth_sendUserOperation_revert _______________________
tests/rpc/test_eth_sendUserOperation.py:32: in test_eth_sendUserOperation_revert
    assert_rpc_error(
tests/utils.py:103: in assert_rpc_error
    assert response.code == code
E   AssertionError: assert -32603 == <RPCErrorCode.REJECTED_BY_EP_OR_ACCOUNT: -32500>
E    +  where -32603 = Error(code=-32603, message='Internal error', data='0 bytes read on a total of 4 expected bytes', id=30).code
_________________ test_eth_sendUserOperation_invalid_signature _________________
tests/rpc/test_eth_sendUserOperation.py:37: in test_eth_sendUserOperation_invalid_signature
    assert_rpc_error(
tests/utils.py:103: in assert_rpc_error
    assert response.code == code
E   AssertionError: assert -32603 == <RPCErrorCode.INVALID_SIGNATURE: -32507>
E    +  where -32603 = Error(code=-32603, message='Internal error', data='0 bytes read on a total of 4 expected bytes', id=32).code
==================================== PASSES ====================================
- generated xml file: /home/runner/work/bundler-test-executor/bundler-test-executor/build/out/voltaire-bundler-launcher.xml -
=========================== short test summary info ============================
PASSED tests/rpc/test_eth_chainId.py::test_eth_chainId[]
PASSED tests/rpc/test_eth_getUserOperationByHash.py::test_eth_getUserOperationByHash_error
PASSED tests/rpc/test_eth_getUserOperationReceipt.py::test_eth_getUserOperationReceipt_error
PASSED tests/rpc/test_eth_supportedEntryPoints.py::test_eth_supportedEntryPoints[]
SKIPPED [1] tests/bundle/test_stake_rules.py:12: Skipped
ERROR tests/bundle/test_bundle.py::test_max_allowed_ops_staked_sender[] - FileNotFoundError: [Errno 2] No such file or directory: '/home/runner/work/bundler-test-executor/bundler-test-executor/bundler-spec-tests/@account-abstraction/artifacts/contracts/core/EntryPoint.sol/EntryPoint.json'
ERROR tests/bundle/test_codehash.py::test_codehash_changed[] - FileNotFoundError: [Errno 2] No such file or directory: '/home/runner/work/bundler-test-executor/bundler-test-executor/bundler-spec-tests/@account-abstraction/artifacts/contracts/core/EntryPoint.sol/EntryPoint.json'
ERROR tests/bundle/test_storage_rules.py::test_rule[unstaked][paymaster][no_storage][ok] - FileNotFoundError: [Errno 2] No such file or directory: '/home/runner/work/bundler-test-executor/bundler-test-executor/bundler-spec-tests/@account-abstraction/artifacts/contracts/core/EntryPoint.sol/EntryPoint.json'
ERROR tests/bundle/test_storage_rules.py::test_rule[unstaked][paymaster][storage][drop] - FileNotFoundError: [Errno 2] No such file or directory: '/home/runner/work/bundler-test-executor/bundler-test-executor/bundler-spec-tests/@account-abstraction/artifacts/contracts/core/EntryPoint.sol/EntryPoint.json'
ERROR tests/bundle/test_storage_rules.py::test_rule[unstaked][paymaster][reference_storage][drop] - FileNotFoundError: [Errno 2] No such file or directory: '/home/runner/work/bundler-test-executor/bundler-test-executor/bundler-spec-tests/@account-abstraction/artifacts/contracts/core/EntryPoint.sol/EntryPoint.json'
ERROR tests/bundle/test_storage_rules.py::test_rule[unstaked][paymaster][reference_storage_struct][drop] - FileNotFoundError: [Errno 2] No such file or directory: '/home/runner/work/bundler-test-executor/bundler-test-executor/bundler-spec-tests/@account-abstraction/artifacts/contracts/core/EntryPoint.sol/EntryPoint.json'
ERROR tests/bundle/test_storage_rules.py::test_rule[unstaked][paymaster][account_storage][ok] - FileNotFoundError: [Errno 2] No such file or directory: '/home/runner/work/bundler-test-executor/bundler-test-executor/bundler-spec-tests/@account-abstraction/artifacts/contracts/core/EntryPoint.sol/EntryPoint.json'
ERROR tests/bundle/test_storage_rules.py::test_rule[unstaked][paymaster][account_reference_storage][ok] - FileNotFoundError: [Errno 2] No such file or directory: '/home/runner/work/bundler-test-executor/bundler-test-executor/bundler-spec-tests/@account-abstraction/artifacts/contracts/core/EntryPoint.sol/EntryPoint.json'
ERROR tests/bundle/test_storage_rules.py::test_rule[unstaked][paymaster][account_reference_storage_struct][ok] - FileNotFoundError: [Errno 2] No such file or directory: '/home/runner/work/bundler-test-executor/bundler-test-executor/bundler-spec-tests/@account-abstraction/artifacts/contracts/core/EntryPoint.sol/EntryPoint.json'
ERROR tests/bundle/test_storage_rules.py::test_rule[unstaked][paymaster][account_reference_storage_init_code][drop] - FileNotFoundError: [Errno 2] No such file or directory: '/home/runner/work/bundler-test-executor/bundler-test-executor/bundler-spec-tests/@account-abstraction/artifacts/contracts/core/EntryPoint.sol/EntryPoint.json'
ERROR tests/bundle/test_storage_rules.py::test_rule[unstaked][paymaster][context][drop] - FileNotFoundError: [Errno 2] No such file or directory: '/home/runner/work/bundler-test-executor/bundler-test-executor/bundler-spec-tests/@account-abstraction/artifacts/contracts/core/EntryPoint.sol/EntryPoint.json'
ERROR tests/bundle/test_storage_rules.py::test_rule[unstaked][paymaster][external_storage][drop] - FileNotFoundError: [Errno 2] No such file or directory: '/home/runner/work/bundler-test-executor/bundler-test-executor/bundler-spec-tests/@account-abstraction/artifacts/contracts/core/EntryPoint.sol/EntryPoint.json'
ERROR tests/bundle/test_storage_rules.py::test_rule[staked][paymaster][no_storage][ok] - FileNotFoundError: [Errno 2] No such file or directory: '/home/runner/work/bundler-test-executor/bundler-test-executor/bundler-spec-tests/@account-abstraction/artifacts/contracts/core/EntryPoint.sol/EntryPoint.json'
ERROR tests/bundle/test_storage_rules.py::test_rule[staked][paymaster][storage][ok] - FileNotFoundError: [Errno 2] No such file or directory: '/home/runner/work/bundler-test-executor/bundler-test-executor/bundler-spec-tests/@account-abstraction/artifacts/contracts/core/EntryPoint.sol/EntryPoint.json'
ERROR tests/bundle/test_storage_rules.py::test_rule[staked][paymaster][reference_storage][ok] - FileNotFoundError: [Errno 2] No such file or directory: '/home/runner/work/bundler-test-executor/bundler-test-executor/bundler-spec-tests/@account-abstraction/artifacts/contracts/core/EntryPoint.sol/EntryPoint.json'
ERROR tests/bundle/test_storage_rules.py::test_rule[staked][paymaster][reference_storage_struct][ok] - FileNotFoundError: [Errno 2] No such file or directory: '/home/runner/work/bundler-test-executor/bundler-test-executor/bundler-spec-tests/@account-abstraction/artifacts/contracts/core/EntryPoint.sol/EntryPoint.json'
ERROR tests/bundle/test_storage_rules.py::test_rule[staked][paymaster][account_storage][ok] - FileNotFoundError: [Errno 2] No such file or directory: '/home/runner/work/bundler-test-executor/bundler-test-executor/bundler-spec-tests/@account-abstraction/artifacts/contracts/core/EntryPoint.sol/EntryPoint.json'
ERROR tests/bundle/test_storage_rules.py::test_rule[staked][paymaster][account_reference_storage][ok] - FileNotFoundError: [Errno 2] No such file or directory: '/home/runner/work/bundler-test-executor/bundler-test-executor/bundler-spec-tests/@account-abstraction/artifacts/contracts/core/EntryPoint.sol/EntryPoint.json'
ERROR tests/bundle/test_storage_rules.py::test_rule[staked][paymaster][account_reference_storage_struct][ok] - FileNotFoundError: [Errno 2] No such file or directory: '/home/runner/work/bundler-test-executor/bundler-test-executor/bundler-spec-tests/@account-abstraction/artifacts/contracts/core/EntryPoint.sol/EntryPoint.json'
ERROR tests/bundle/test_storage_rules.py::test_rule[staked][paymaster][account_reference_storage_init_code][ok] - FileNotFoundError: [Errno 2] No such file or directory: '/home/runner/work/bundler-test-executor/bundler-test-executor/bundler-spec-tests/@account-abstraction/artifacts/contracts/core/EntryPoint.sol/EntryPoint.json'
ERROR tests/bundle/test_storage_rules.py::test_rule[staked][paymaster][context][ok] - FileNotFoundError: [Errno 2] No such file or directory: '/home/runner/work/bundler-test-executor/bundler-test-executor/bundler-spec-tests/@account-abstraction/artifacts/contracts/core/EntryPoint.sol/EntryPoint.json'
ERROR tests/bundle/test_storage_rules.py::test_rule[staked][paymaster][external_storage][drop] - FileNotFoundError: [Errno 2] No such file or directory: '/home/runner/work/bundler-test-executor/bundler-test-executor/bundler-spec-tests/@account-abstraction/artifacts/contracts/core/EntryPoint.sol/EntryPoint.json'
ERROR tests/bundle/test_storage_rules.py::test_rule[unstaked][factory][no_storage][ok] - FileNotFoundError: [Errno 2] No such file or directory: '/home/runner/work/bundler-test-executor/bundler-test-executor/bundler-spec-tests/@account-abstraction/artifacts/contracts/core/EntryPoint.sol/EntryPoint.json'
ERROR tests/bundle/test_storage_rules.py::test_rule[unstaked][factory][storage][drop] - FileNotFoundError: [Errno 2] No such file or directory: '/home/runner/work/bundler-test-executor/bundler-test-executor/bundler-spec-tests/@account-abstraction/artifacts/contracts/core/EntryPoint.sol/EntryPoint.json'
ERROR tests/bundle/test_storage_rules.py::test_rule[unstaked][factory][reference_storage][drop] - FileNotFoundError: [Errno 2] No such file or directory: '/home/runner/work/bundler-test-executor/bundler-test-executor/bundler-spec-tests/@account-abstraction/artifacts/contracts/core/EntryPoint.sol/EntryPoint.json'
ERROR tests/bundle/test_storage_rules.py::test_rule[unstaked][factory][reference_storage_struct][drop] - FileNotFoundError: [Errno 2] No such file or directory: '/home/runner/work/bundler-test-executor/bundler-test-executor/bundler-spec-tests/@account-abstraction/artifacts/contracts/core/EntryPoint.sol/EntryPoint.json'
ERROR tests/bundle/test_storage_rules.py::test_rule[unstaked][factory][account_storage][ok] - FileNotFoundError: [Errno 2] No such file or directory: '/home/runner/work/bundler-test-executor/bundler-test-executor/bundler-spec-tests/@account-abstraction/artifacts/contracts/core/EntryPoint.sol/EntryPoint.json'
ERROR tests/bundle/test_storage_rules.py::test_rule[unstaked][factory][account_reference_storage][drop] - FileNotFoundError: [Errno 2] No such file or directory: '/home/runner/work/bundler-test-executor/bundler-test-executor/bundler-spec-tests/@account-abstraction/artifacts/contracts/core/EntryPoint.sol/EntryPoint.json'
ERROR tests/bundle/test_storage_rules.py::test_rule[unstaked][factory][account_reference_storage_struct][drop] - FileNotFoundError: [Errno 2] No such file or directory: '/home/runner/work/bundler-test-executor/bundler-test-executor/bundler-spec-tests/@account-abstraction/artifacts/contracts/core/EntryPoint.sol/EntryPoint.json'
ERROR tests/bundle/test_storage_rules.py::test_rule[unstaked][factory][external_storage][drop] - FileNotFoundError: [Errno 2] No such file or directory: '/home/runner/work/bundler-test-executor/bundler-test-executor/bundler-spec-tests/@account-abstraction/artifacts/contracts/core/EntryPoint.sol/EntryPoint.json'
ERROR tests/bundle/test_storage_rules.py::test_rule[staked][factory][no_storage][ok] - FileNotFoundError: [Errno 2] No such file or directory: '/home/runner/work/bundler-test-executor/bundler-test-executor/bundler-spec-tests/@account-abstraction/artifacts/contracts/core/EntryPoint.sol/EntryPoint.json'
ERROR tests/bundle/test_storage_rules.py::test_rule[staked][factory][storage][ok] - FileNotFoundError: [Errno 2] No such file or directory: '/home/runner/work/bundler-test-executor/bundler-test-executor/bundler-spec-tests/@account-abstraction/artifacts/contracts/core/EntryPoint.sol/EntryPoint.json'
ERROR tests/bundle/test_storage_rules.py::test_rule[staked][factory][reference_storage][ok] - FileNotFoundError: [Errno 2] No such file or directory: '/home/runner/work/bundler-test-executor/bundler-test-executor/bundler-spec-tests/@account-abstraction/artifacts/contracts/core/EntryPoint.sol/EntryPoint.json'
ERROR tests/bundle/test_storage_rules.py::test_rule[staked][factory][reference_storage_struct][ok] - FileNotFoundError: [Errno 2] No such file or directory: '/home/runner/work/bundler-test-executor/bundler-test-executor/bundler-spec-tests/@account-abstraction/artifacts/contracts/core/EntryPoint.sol/EntryPoint.json'
ERROR tests/bundle/test_storage_rules.py::test_rule[staked][factory][account_storage][ok] - FileNotFoundError: [Errno 2] No such file or directory: '/home/runner/work/bundler-test-executor/bundler-test-executor/bundler-spec-tests/@account-abstraction/artifacts/contracts/core/EntryPoint.sol/EntryPoint.json'
ERROR tests/bundle/test_storage_rules.py::test_rule[staked][factory][account_reference_storage][ok] - FileNotFoundError: [Errno 2] No such file or directory: '/home/runner/work/bundler-test-executor/bundler-test-executor/bundler-spec-tests/@account-abstraction/artifacts/contracts/core/EntryPoint.sol/EntryPoint.json'
ERROR tests/bundle/test_storage_rules.py::test_rule[staked][factory][account_reference_storage_struct][ok] - FileNotFoundError: [Errno 2] No such file or directory: '/home/runner/work/bundler-test-executor/bundler-test-executor/bundler-spec-tests/@account-abstraction/artifacts/contracts/core/EntryPoint.sol/EntryPoint.json'
ERROR tests/bundle/test_storage_rules.py::test_rule[staked][factory][external_storage][drop] - FileNotFoundError: [Errno 2] No such file or directory: '/home/runner/work/bundler-test-executor/bundler-test-executor/bundler-spec-tests/@account-abstraction/artifacts/contracts/core/EntryPoint.sol/EntryPoint.json'
ERROR tests/bundle/test_storage_rules.py::test_rule[unstaked][account][no_storage][ok] - FileNotFoundError: [Errno 2] No such file or directory: '/home/runner/work/bundler-test-executor/bundler-test-executor/bundler-spec-tests/@account-abstraction/artifacts/contracts/core/EntryPoint.sol/EntryPoint.json'
ERROR tests/bundle/test_storage_rules.py::test_rule[unstaked][account][account_storage][ok] - FileNotFoundError: [Errno 2] No such file or directory: '/home/runner/work/bundler-test-executor/bundler-test-executor/bundler-spec-tests/@account-abstraction/artifacts/contracts/core/EntryPoint.sol/EntryPoint.json'
ERROR tests/bundle/test_storage_rules.py::test_rule[unstaked][account][account_reference_storage][ok] - FileNotFoundError: [Errno 2] No such file or directory: '/home/runner/work/bundler-test-executor/bundler-test-executor/bundler-spec-tests/@account-abstraction/artifacts/contracts/core/EntryPoint.sol/EntryPoint.json'
ERROR tests/bundle/test_storage_rules.py::test_rule[unstaked][account][account_reference_storage_init_code][drop] - FileNotFoundError: [Errno 2] No such file or directory: '/home/runner/work/bundler-test-executor/bundler-test-executor/bundler-spec-tests/@account-abstraction/artifacts/contracts/core/EntryPoint.sol/EntryPoint.json'
ERROR tests/bundle/test_storage_rules.py::test_rule[unstaked][account][account_reference_storage_struct][ok] - FileNotFoundError: [Errno 2] No such file or directory: '/home/runner/work/bundler-test-executor/bundler-test-executor/bundler-spec-tests/@account-abstraction/artifacts/contracts/core/EntryPoint.sol/EntryPoint.json'
ERROR tests/bundle/test_storage_rules.py::test_rule[unstaked][account][external_storage][drop] - FileNotFoundError: [Errno 2] No such file or directory: '/home/runner/work/bundler-test-executor/bundler-test-executor/bundler-spec-tests/@account-abstraction/artifacts/contracts/core/EntryPoint.sol/EntryPoint.json'
ERROR tests/bundle/test_storage_rules.py::test_rule[staked][account][no_storage][ok] - FileNotFoundError: [Errno 2] No such file or directory: '/home/runner/work/bundler-test-executor/bundler-test-executor/bundler-spec-tests/@account-abstraction/artifacts/contracts/core/EntryPoint.sol/EntryPoint.json'
ERROR tests/bundle/test_storage_rules.py::test_rule[staked][account][account_storage][ok] - FileNotFoundError: [Errno 2] No such file or directory: '/home/runner/work/bundler-test-executor/bundler-test-executor/bundler-spec-tests/@account-abstraction/artifacts/contracts/core/EntryPoint.sol/EntryPoint.json'
ERROR tests/bundle/test_storage_rules.py::test_rule[staked][account][account_reference_storage][ok] - FileNotFoundError: [Errno 2] No such file or directory: '/home/runner/work/bundler-test-executor/bundler-test-executor/bundler-spec-tests/@account-abstraction/artifacts/contracts/core/EntryPoint.sol/EntryPoint.json'
ERROR tests/bundle/test_storage_rules.py::test_rule[staked][account][account_reference_storage_struct][ok] - FileNotFoundError: [Errno 2] No such file or directory: '/home/runner/work/bundler-test-executor/bundler-test-executor/bundler-spec-tests/@account-abstraction/artifacts/contracts/core/EntryPoint.sol/EntryPoint.json'
ERROR tests/bundle/test_storage_rules.py::test_rule[staked][account][external_storage][drop] - FileNotFoundError: [Errno 2] No such file or directory: '/home/runner/work/bundler-test-executor/bundler-test-executor/bundler-spec-tests/@account-abstraction/artifacts/contracts/core/EntryPoint.sol/EntryPoint.json'
ERROR tests/opbanning/test_op_banning.py::test_account_banned_opcode[GAS] - FileNotFoundError: [Errno 2] No such file or directory: '/home/runner/work/bundler-test-executor/bundler-test-executor/bundler-spec-tests/@account-abstraction/artifacts/contracts/core/EntryPoint.sol/EntryPoint.json'
ERROR tests/opbanning/test_op_banning.py::test_account_banned_opcode[NUMBER] - FileNotFoundError: [Errno 2] No such file or directory: '/home/runner/work/bundler-test-executor/bundler-test-executor/bundler-spec-tests/@account-abstraction/artifacts/contracts/core/EntryPoint.sol/EntryPoint.json'
ERROR tests/opbanning/test_op_banning.py::test_account_banned_opcode[TIMESTAMP] - FileNotFoundError: [Errno 2] No such file or directory: '/home/runner/work/bundler-test-executor/bundler-test-executor/bundler-spec-tests/@account-abstraction/artifacts/contracts/core/EntryPoint.sol/EntryPoint.json'
ERROR tests/opbanning/test_op_banning.py::test_account_banned_opcode[COINBASE] - FileNotFoundError: [Errno 2] No such file or directory: '/home/runner/work/bundler-test-executor/bundler-test-executor/bundler-spec-tests/@account-abstraction/artifacts/contracts/core/EntryPoint.sol/EntryPoint.json'
ERROR tests/opbanning/test_op_banning.py::test_account_banned_opcode[DIFFICULTY] - FileNotFoundError: [Errno 2] No such file or directory: '/home/runner/work/bundler-test-executor/bundler-test-executor/bundler-spec-tests/@account-abstraction/artifacts/contracts/core/EntryPoint.sol/EntryPoint.json'
ERROR tests/opbanning/test_op_banning.py::test_account_banned_opcode[BASEFEE] - FileNotFoundError: [Errno 2] No such file or directory: '/home/runner/work/bundler-test-executor/bundler-test-executor/bundler-spec-tests/@account-abstraction/artifacts/contracts/core/EntryPoint.sol/EntryPoint.json'
ERROR tests/opbanning/test_op_banning.py::test_account_banned_opcode[GASLIMIT] - FileNotFoundError: [Errno 2] No such file or directory: '/home/runner/work/bundler-test-executor/bundler-test-executor/bundler-spec-tests/@account-abstraction/artifacts/contracts/core/EntryPoint.sol/EntryPoint.json'
ERROR tests/opbanning/test_op_banning.py::test_account_banned_opcode[GASPRICE] - FileNotFoundError: [Errno 2] No such file or directory: '/home/runner/work/bundler-test-executor/bundler-test-executor/bundler-spec-tests/@account-abstraction/artifacts/contracts/core/EntryPoint.sol/EntryPoint.json'
ERROR tests/opbanning/test_op_banning.py::test_account_banned_opcode[SELFBALANCE] - FileNotFoundError: [Errno 2] No such file or directory: '/home/runner/work/bundler-test-executor/bundler-test-executor/bundler-spec-tests/@account-abstraction/artifacts/contracts/core/EntryPoint.sol/EntryPoint.json'
ERROR tests/opbanning/test_op_banning.py::test_account_banned_opcode[BALANCE] - FileNotFoundError: [Errno 2] No such file or directory: '/home/runner/work/bundler-test-executor/bundler-test-executor/bundler-spec-tests/@account-abstraction/artifacts/contracts/core/EntryPoint.sol/EntryPoint.json'
ERROR tests/opbanning/test_op_banning.py::test_account_banned_opcode[ORIGIN] - FileNotFoundError: [Errno 2] No such file or directory: '/home/runner/work/bundler-test-executor/bundler-test-executor/bundler-spec-tests/@account-abstraction/artifacts/contracts/core/EntryPoint.sol/EntryPoint.json'
ERROR tests/opbanning/test_op_banning.py::test_account_banned_opcode[BLOCKHASH] - FileNotFoundError: [Errno 2] No such file or directory: '/home/runner/work/bundler-test-executor/bundler-test-executor/bundler-spec-tests/@account-abstraction/artifacts/contracts/core/EntryPoint.sol/EntryPoint.json'
ERROR tests/opbanning/test_op_banning.py::test_account_banned_opcode[CREATE] - FileNotFoundError: [Errno 2] No such file or directory: '/home/runner/work/bundler-test-executor/bundler-test-executor/bundler-spec-tests/@account-abstraction/artifacts/contracts/core/EntryPoint.sol/EntryPoint.json'
ERROR tests/opbanning/test_op_banning.py::test_account_banned_opcode[CREATE2] - FileNotFoundError: [Errno 2] No such file or directory: '/home/runner/work/bundler-test-executor/bundler-test-executor/bundler-spec-tests/@account-abstraction/artifacts/contracts/core/EntryPoint.sol/EntryPoint.json'
ERROR tests/opbanning/test_op_banning.py::test_account_banned_opcode[SELFDESTRUCT] - FileNotFoundError: [Errno 2] No such file or directory: '/home/runner/work/bundler-test-executor/bundler-test-executor/bundler-spec-tests/@account-abstraction/artifacts/contracts/core/EntryPoint.sol/EntryPoint.json'
ERROR tests/opbanning/test_op_banning.py::test_paymaster_banned_opcode[GAS] - FileNotFoundError: [Errno 2] No such file or directory: '/home/runner/work/bundler-test-executor/bundler-test-executor/bundler-spec-tests/@account-abstraction/artifacts/contracts/core/EntryPoint.sol/EntryPoint.json'
ERROR tests/opbanning/test_op_banning.py::test_paymaster_banned_opcode[NUMBER] - FileNotFoundError: [Errno 2] No such file or directory: '/home/runner/work/bundler-test-executor/bundler-test-executor/bundler-spec-tests/@account-abstraction/artifacts/contracts/core/EntryPoint.sol/EntryPoint.json'
ERROR tests/opbanning/test_op_banning.py::test_paymaster_banned_opcode[TIMESTAMP] - FileNotFoundError: [Errno 2] No such file or directory: '/home/runner/work/bundler-test-executor/bundler-test-executor/bundler-spec-tests/@account-abstraction/artifacts/contracts/core/EntryPoint.sol/EntryPoint.json'
ERROR tests/opbanning/test_op_banning.py::test_paymaster_banned_opcode[COINBASE] - FileNotFoundError: [Errno 2] No such file or directory: '/home/runner/work/bundler-test-executor/bundler-test-executor/bundler-spec-tests/@account-abstraction/artifacts/contracts/core/EntryPoint.sol/EntryPoint.json'
ERROR tests/opbanning/test_op_banning.py::test_paymaster_banned_opcode[DIFFICULTY] - FileNotFoundError: [Errno 2] No such file or directory: '/home/runner/work/bundler-test-executor/bundler-test-executor/bundler-spec-tests/@account-abstraction/artifacts/contracts/core/EntryPoint.sol/EntryPoint.json'
ERROR tests/opbanning/test_op_banning.py::test_paymaster_banned_opcode[BASEFEE] - FileNotFoundError: [Errno 2] No such file or directory: '/home/runner/work/bundler-test-executor/bundler-test-executor/bundler-spec-tests/@account-abstraction/artifacts/contracts/core/EntryPoint.sol/EntryPoint.json'
ERROR tests/opbanning/test_op_banning.py::test_paymaster_banned_opcode[GASLIMIT] - FileNotFoundError: [Errno 2] No such file or directory: '/home/runner/work/bundler-test-executor/bundler-test-executor/bundler-spec-tests/@account-abstraction/artifacts/contracts/core/EntryPoint.sol/EntryPoint.json'
ERROR tests/opbanning/test_op_banning.py::test_paymaster_banned_opcode[GASPRICE] - FileNotFoundError: [Errno 2] No such file or directory: '/home/runner/work/bundler-test-executor/bundler-test-executor/bundler-spec-tests/@account-abstraction/artifacts/contracts/core/EntryPoint.sol/EntryPoint.json'
ERROR tests/opbanning/test_op_banning.py::test_paymaster_banned_opcode[SELFBALANCE] - FileNotFoundError: [Errno 2] No such file or directory: '/home/runner/work/bundler-test-executor/bundler-test-executor/bundler-spec-tests/@account-abstraction/artifacts/contracts/core/EntryPoint.sol/EntryPoint.json'
ERROR tests/opbanning/test_op_banning.py::test_paymaster_banned_opcode[BALANCE] - FileNotFoundError: [Errno 2] No such file or directory: '/home/runner/work/bundler-test-executor/bundler-test-executor/bundler-spec-tests/@account-abstraction/artifacts/contracts/core/EntryPoint.sol/EntryPoint.json'
ERROR tests/opbanning/test_op_banning.py::test_paymaster_banned_opcode[ORIGIN] - FileNotFoundError: [Errno 2] No such file or directory: '/home/runner/work/bundler-test-executor/bundler-test-executor/bundler-spec-tests/@account-abstraction/artifacts/contracts/core/EntryPoint.sol/EntryPoint.json'
ERROR tests/opbanning/test_op_banning.py::test_paymaster_banned_opcode[BLOCKHASH] - FileNotFoundError: [Errno 2] No such file or directory: '/home/runner/work/bundler-test-executor/bundler-test-executor/bundler-spec-tests/@account-abstraction/artifacts/contracts/core/EntryPoint.sol/EntryPoint.json'
ERROR tests/opbanning/test_op_banning.py::test_paymaster_banned_opcode[CREATE] - FileNotFoundError: [Errno 2] No such file or directory: '/home/runner/work/bundler-test-executor/bundler-test-executor/bundler-spec-tests/@account-abstraction/artifacts/contracts/core/EntryPoint.sol/EntryPoint.json'
ERROR tests/opbanning/test_op_banning.py::test_paymaster_banned_opcode[CREATE2] - FileNotFoundError: [Errno 2] No such file or directory: '/home/runner/work/bundler-test-executor/bundler-test-executor/bundler-spec-tests/@account-abstraction/artifacts/contracts/core/EntryPoint.sol/EntryPoint.json'
ERROR tests/opbanning/test_op_banning.py::test_paymaster_banned_opcode[SELFDESTRUCT] - FileNotFoundError: [Errno 2] No such file or directory: '/home/runner/work/bundler-test-executor/bundler-test-executor/bundler-spec-tests/@account-abstraction/artifacts/contracts/core/EntryPoint.sol/EntryPoint.json'
ERROR tests/opbanning/test_op_banning.py::test_factory_banned_opcode[GAS] - FileNotFoundError: [Errno 2] No such file or directory: '/home/runner/work/bundler-test-executor/bundler-test-executor/bundler-spec-tests/@account-abstraction/artifacts/contracts/core/EntryPoint.sol/EntryPoint.json'
ERROR tests/opbanning/test_op_banning.py::test_factory_banned_opcode[NUMBER] - FileNotFoundError: [Errno 2] No such file or directory: '/home/runner/work/bundler-test-executor/bundler-test-executor/bundler-spec-tests/@account-abstraction/artifacts/contracts/core/EntryPoint.sol/EntryPoint.json'
ERROR tests/opbanning/test_op_banning.py::test_factory_banned_opcode[TIMESTAMP] - FileNotFoundError: [Errno 2] No such file or directory: '/home/runner/work/bundler-test-executor/bundler-test-executor/bundler-spec-tests/@account-abstraction/artifacts/contracts/core/EntryPoint.sol/EntryPoint.json'
ERROR tests/opbanning/test_op_banning.py::test_factory_banned_opcode[COINBASE] - FileNotFoundError: [Errno 2] No such file or directory: '/home/runner/work/bundler-test-executor/bundler-test-executor/bundler-spec-tests/@account-abstraction/artifacts/contracts/core/EntryPoint.sol/EntryPoint.json'
ERROR tests/opbanning/test_op_banning.py::test_factory_banned_opcode[DIFFICULTY] - FileNotFoundError: [Errno 2] No such file or directory: '/home/runner/work/bundler-test-executor/bundler-test-executor/bundler-spec-tests/@account-abstraction/artifacts/contracts/core/EntryPoint.sol/EntryPoint.json'
ERROR tests/opbanning/test_op_banning.py::test_factory_banned_opcode[BASEFEE] - FileNotFoundError: [Errno 2] No such file or directory: '/home/runner/work/bundler-test-executor/bundler-test-executor/bundler-spec-tests/@account-abstraction/artifacts/contracts/core/EntryPoint.sol/EntryPoint.json'
ERROR tests/opbanning/test_op_banning.py::test_factory_banned_opcode[GASLIMIT] - FileNotFoundError: [Errno 2] No such file or directory: '/home/runner/work/bundler-test-executor/bundler-test-executor/bundler-spec-tests/@account-abstraction/artifacts/contracts/core/EntryPoint.sol/EntryPoint.json'
ERROR tests/opbanning/test_op_banning.py::test_factory_banned_opcode[GASPRICE] - FileNotFoundError: [Errno 2] No such file or directory: '/home/runner/work/bundler-test-executor/bundler-test-executor/bundler-spec-tests/@account-abstraction/artifacts/contracts/core/EntryPoint.sol/EntryPoint.json'
ERROR tests/opbanning/test_op_banning.py::test_factory_banned_opcode[SELFBALANCE] - FileNotFoundError: [Errno 2] No such file or directory: '/home/runner/work/bundler-test-executor/bundler-test-executor/bundler-spec-tests/@account-abstraction/artifacts/contracts/core/EntryPoint.sol/EntryPoint.json'
ERROR tests/opbanning/test_op_banning.py::test_factory_banned_opcode[BALANCE] - FileNotFoundError: [Errno 2] No such file or directory: '/home/runner/work/bundler-test-executor/bundler-test-executor/bundler-spec-tests/@account-abstraction/artifacts/contracts/core/EntryPoint.sol/EntryPoint.json'
ERROR tests/opbanning/test_op_banning.py::test_factory_banned_opcode[ORIGIN] - FileNotFoundError: [Errno 2] No such file or directory: '/home/runner/work/bundler-test-executor/bundler-test-executor/bundler-spec-tests/@account-abstraction/artifacts/contracts/core/EntryPoint.sol/EntryPoint.json'
ERROR tests/opbanning/test_op_banning.py::test_factory_banned_opcode[BLOCKHASH] - FileNotFoundError: [Errno 2] No such file or directory: '/home/runner/work/bundler-test-executor/bundler-test-executor/bundler-spec-tests/@account-abstraction/artifacts/contracts/core/EntryPoint.sol/EntryPoint.json'
ERROR tests/opbanning/test_op_banning.py::test_factory_banned_opcode[CREATE] - FileNotFoundError: [Errno 2] No such file or directory: '/home/runner/work/bundler-test-executor/bundler-test-executor/bundler-spec-tests/@account-abstraction/artifacts/contracts/core/EntryPoint.sol/EntryPoint.json'
ERROR tests/opbanning/test_op_banning.py::test_factory_banned_opcode[CREATE2] - FileNotFoundError: [Errno 2] No such file or directory: '/home/runner/work/bundler-test-executor/bundler-test-executor/bundler-spec-tests/@account-abstraction/artifacts/contracts/core/EntryPoint.sol/EntryPoint.json'
ERROR tests/opbanning/test_op_banning.py::test_factory_banned_opcode[SELFDESTRUCT] - FileNotFoundError: [Errno 2] No such file or directory: '/home/runner/work/bundler-test-executor/bundler-test-executor/bundler-spec-tests/@account-abstraction/artifacts/contracts/core/EntryPoint.sol/EntryPoint.json'
FAILED tests/bundle/test_bundle.py::test_bundle_replace_op[only_priority_fee_bump] - AttributeError: 'Error' object has no attribute 'result'
FAILED tests/bundle/test_bundle.py::test_bundle_replace_op[only_max_fee_bump] - AttributeError: 'Error' object has no attribute 'result'
FAILED tests/bundle/test_bundle.py::test_bundle_replace_op[with_same_fee] - AttributeError: 'Error' object has no attribute 'result'
FAILED tests/bundle/test_bundle.py::test_bundle_replace_op[with_less_fee] - AttributeError: 'Error' object has no attribute 'result'
FAILED tests/bundle/test_bundle.py::test_bundle_replace_op[fee_bump_below_threshold] - AttributeError: 'Error' object has no attribute 'result'
FAILED tests/bundle/test_bundle.py::test_bundle_replace_op[fee_bump_at_threshold] - AttributeError: 'Error' object has no attribute 'result'
FAILED tests/bundle/test_bundle.py::test_bundle_replace_op[fee_bump_above_threshold] - AttributeError: 'Error' object has no attribute 'result'
FAILED tests/bundle/test_bundle.py::test_max_allowed_ops_unstaked_sender[] - AssertionError: assert [] == [UserOperatio...gnature='0x')]
  Right contains one more item: UserOperation(sender='0xd50Aa914aFf7b6990fca422D7afDc5F2289F478C', nonce='0x0', initCode='0x', callData='0xa9e966b7000...tionGas='0x493e0', maxFeePerGas='0x77359400', maxPriorityFeePerGas='0x3b9aca00', paymasterAndData='0x', signature='0x')
  Full diff:
    [
  +  ,
  -  UserOperation(sender='0xd50Aa914aFf7b6990fca422D7afDc5F2289F478C',
  -                nonce='0x0',
  -                initCode='0x',
  -                callData='0xa9e966b70000000000000000000000000000000000000000000000000000000000000001',
  -                callGasLimit='0x493e0',
  -                verificationGasLimit='0xf4240',
  -                preVerificationGas='0x493e0',
  -                maxFeePerGas='0x77359400',
  -                maxPriorityFeePerGas='0x3b9aca00',
  -                paymasterAndData='0x',
  -                signature='0x'),
    ]
FAILED tests/rpc/test_eth_estimateUserOperationGas.py::test_eth_estimateUserOperationGas[] - AttributeError: 'Error' object has no attribute 'result'
FAILED tests/rpc/test_eth_estimateUserOperationGas.py::test_eth_estimateUserOperationGas_execution_revert - AssertionError: assert -32603 == <RPCErrorCode.EXECUTION_REVERTED: -32521>
 +  where -32603 = Error(code=-32603, message='Internal error', data='0 bytes read on a total of 4 expected bytes', id=20).code
FAILED tests/rpc/test_eth_estimateUserOperationGas.py::test_eth_estimateUserOperationGas_simulation_revert - AssertionError: assert -32603 == <RPCErrorCode.REJECTED_BY_EP_OR_ACCOUNT: -32500>
 +  where -32603 = Error(code=-32603, message='Internal error', data='0 bytes read on a total of 4 expected bytes', id=21).code
FAILED tests/rpc/test_eth_getUserOperationByHash.py::test_eth_getUserOperationByHash[] - web3.exceptions.ContractLogicError: execution reverted
FAILED tests/rpc/test_eth_getUserOperationReceipt.py::test_eth_getUserOperationReceipt[] - web3.exceptions.ContractLogicError: execution reverted
FAILED tests/rpc/test_eth_sendUserOperation.py::test_eth_sendUserOperation[] - AttributeError: 'Error' object has no attribute 'result'
FAILED tests/rpc/test_eth_sendUserOperation.py::test_eth_sendUserOperation_revert - AssertionError: assert -32603 == <RPCErrorCode.REJECTED_BY_EP_OR_ACCOUNT: -32500>
 +  where -32603 = Error(code=-32603, message='Internal error', data='0 bytes read on a total of 4 expected bytes', id=30).code
FAILED tests/rpc/test_eth_sendUserOperation.py::test_eth_sendUserOperation_invalid_signature - AssertionError: assert -32603 == <RPCErrorCode.INVALID_SIGNATURE: -32507>
 +  where -32603 = Error(code=-32603, message='Internal error', data='0 bytes read on a total of 4 expected bytes', id=32).code
============== 16 failed, 4 passed, 1 skipped, 94 errors in 3.08s ==============
