{
  "testsuites": {
    "testsuite": {
      "@name": "voltaire",
      "@errors": "0",
      "@failures": "56",
      "@skipped": "0",
      "@tests": "172",
      "@time": "40.750",
      "@timestamp": "2024-03-21T00:58:46.104871",
      "@hostname": "fv-az1153-571",
      "testcase": [
        {
          "@classname": "tests.single.bundle.test_bundle",
          "@name": "test_bundle_replace_op[only_priority_fee_bump]",
          "@time": "0.059",
          "failure": {
            "@message": "AttributeError: 'Error' object has no attribute 'result'",
            "#text": "tests/single/bundle/test_bundle.py:81: in test_bundle_replace_op\n    assert new_op.send().result\nE   AttributeError: 'Error' object has no attribute 'result'"
          },
          "system-out": "--------------------------------- Captured Log ---------------------------------\n\n--------------------------------- Captured Out ---------------------------------",
          "system-err": "--------------------------------- Captured Err ---------------------------------"
        },
        {
          "@classname": "tests.single.bundle.test_bundle",
          "@name": "test_bundle_replace_op[only_max_fee_bump]",
          "@time": "0.029",
          "failure": {
            "@message": "AttributeError: 'Error' object has no attribute 'result'",
            "#text": "tests/single/bundle/test_bundle.py:81: in test_bundle_replace_op\n    assert new_op.send().result\nE   AttributeError: 'Error' object has no attribute 'result'"
          },
          "system-out": "--------------------------------- Captured Log ---------------------------------\n\n--------------------------------- Captured Out ---------------------------------",
          "system-err": "--------------------------------- Captured Err ---------------------------------"
        },
        {
          "@classname": "tests.single.bundle.test_bundle",
          "@name": "test_bundle_replace_op[with_same_fee]",
          "@time": "0.027",
          "failure": {
            "@message": "AttributeError: 'Error' object has no attribute 'result'",
            "#text": "tests/single/bundle/test_bundle.py:81: in test_bundle_replace_op\n    assert new_op.send().result\nE   AttributeError: 'Error' object has no attribute 'result'"
          },
          "system-out": "--------------------------------- Captured Log ---------------------------------\n\n--------------------------------- Captured Out ---------------------------------",
          "system-err": "--------------------------------- Captured Err ---------------------------------"
        },
        {
          "@classname": "tests.single.bundle.test_bundle",
          "@name": "test_bundle_replace_op[with_less_fee]",
          "@time": "0.028",
          "failure": {
            "@message": "AttributeError: 'Error' object has no attribute 'result'",
            "#text": "tests/single/bundle/test_bundle.py:81: in test_bundle_replace_op\n    assert new_op.send().result\nE   AttributeError: 'Error' object has no attribute 'result'"
          },
          "system-out": "--------------------------------- Captured Log ---------------------------------\n\n--------------------------------- Captured Out ---------------------------------",
          "system-err": "--------------------------------- Captured Err ---------------------------------"
        },
        {
          "@classname": "tests.single.bundle.test_bundle",
          "@name": "test_bundle_replace_op[fee_bump_below_threshold]",
          "@time": "0.027",
          "failure": {
            "@message": "AttributeError: 'Error' object has no attribute 'result'",
            "#text": "tests/single/bundle/test_bundle.py:81: in test_bundle_replace_op\n    assert new_op.send().result\nE   AttributeError: 'Error' object has no attribute 'result'"
          },
          "system-out": "--------------------------------- Captured Log ---------------------------------\n\n--------------------------------- Captured Out ---------------------------------",
          "system-err": "--------------------------------- Captured Err ---------------------------------"
        },
        {
          "@classname": "tests.single.bundle.test_bundle",
          "@name": "test_bundle_replace_op[fee_bump_at_threshold]",
          "@time": "0.027",
          "failure": {
            "@message": "AttributeError: 'Error' object has no attribute 'result'",
            "#text": "tests/single/bundle/test_bundle.py:81: in test_bundle_replace_op\n    assert new_op.send().result\nE   AttributeError: 'Error' object has no attribute 'result'"
          },
          "system-out": "--------------------------------- Captured Log ---------------------------------\n\n--------------------------------- Captured Out ---------------------------------",
          "system-err": "--------------------------------- Captured Err ---------------------------------"
        },
        {
          "@classname": "tests.single.bundle.test_bundle",
          "@name": "test_bundle_replace_op[fee_bump_above_threshold]",
          "@time": "0.026",
          "failure": {
            "@message": "AttributeError: 'Error' object has no attribute 'result'",
            "#text": "tests/single/bundle/test_bundle.py:81: in test_bundle_replace_op\n    assert new_op.send().result\nE   AttributeError: 'Error' object has no attribute 'result'"
          },
          "system-out": "--------------------------------- Captured Log ---------------------------------\n\n--------------------------------- Captured Out ---------------------------------",
          "system-err": "--------------------------------- Captured Err ---------------------------------"
        },
        {
          "@classname": "tests.single.bundle.test_bundle",
          "@name": "test_mempool_reputation_rules_all_entities[SREP-020-banned-entity-not-allowed-banned-sender]",
          "@time": "0.474",
          "failure": {
            "@message": "AttributeError: 'Error' object has no attribute 'result'",
            "#text": "tests/single/bundle/test_bundle.py:148: in test_mempool_reputation_rules_all_entities\n    set_reputation(\ntests/utils.py:213: in set_reputation\n    )\nE   AttributeError: 'Error' object has no attribute 'result'"
          },
          "system-out": "--------------------------------- Captured Log ---------------------------------\n\n--------------------------------- Captured Out ---------------------------------",
          "system-err": "--------------------------------- Captured Err ---------------------------------"
        },
        {
          "@classname": "tests.single.bundle.test_bundle",
          "@name": "test_mempool_reputation_rules_all_entities[SREP-020-banned-entity-not-allowed-banned-paymaster]",
          "@time": "0.351",
          "failure": {
            "@message": "AttributeError: 'Error' object has no attribute 'result'",
            "#text": "tests/single/bundle/test_bundle.py:154: in test_mempool_reputation_rules_all_entities\n    set_reputation(\ntests/utils.py:213: in set_reputation\n    )\nE   AttributeError: 'Error' object has no attribute 'result'"
          },
          "system-out": "--------------------------------- Captured Log ---------------------------------\n\n--------------------------------- Captured Out ---------------------------------",
          "system-err": "--------------------------------- Captured Err ---------------------------------"
        },
        {
          "@classname": "tests.single.bundle.test_bundle",
          "@name": "test_mempool_reputation_rules_all_entities[SREP-020-banned-entity-not-allowed-banned-factory]",
          "@time": "0.352",
          "failure": {
            "@message": "AttributeError: 'Error' object has no attribute 'result'",
            "#text": "tests/single/bundle/test_bundle.py:160: in test_mempool_reputation_rules_all_entities\n    set_reputation(\ntests/utils.py:213: in set_reputation\n    )\nE   AttributeError: 'Error' object has no attribute 'result'"
          },
          "system-out": "--------------------------------- Captured Log ---------------------------------\n\n--------------------------------- Captured Out ---------------------------------",
          "system-err": "--------------------------------- Captured Err ---------------------------------"
        },
        {
          "@classname": "tests.single.bundle.test_bundle",
          "@name": "test_mempool_reputation_rules_all_entities[SREP-030-throttled-entity-allowed-a-little-throttled-sender]",
          "@time": "0.347",
          "failure": {
            "@message": "AttributeError: 'Error' object has no attribute 'result'",
            "#text": "tests/single/bundle/test_bundle.py:148: in test_mempool_reputation_rules_all_entities\n    set_reputation(\ntests/utils.py:213: in set_reputation\n    )\nE   AttributeError: 'Error' object has no attribute 'result'"
          },
          "system-out": "--------------------------------- Captured Log ---------------------------------\n\n--------------------------------- Captured Out ---------------------------------",
          "system-err": "--------------------------------- Captured Err ---------------------------------"
        },
        {
          "@classname": "tests.single.bundle.test_bundle",
          "@name": "test_mempool_reputation_rules_all_entities[SREP-030-throttled-entity-allowed-a-little-throttled-paymaster]",
          "@time": "0.352",
          "failure": {
            "@message": "AttributeError: 'Error' object has no attribute 'result'",
            "#text": "tests/single/bundle/test_bundle.py:154: in test_mempool_reputation_rules_all_entities\n    set_reputation(\ntests/utils.py:213: in set_reputation\n    )\nE   AttributeError: 'Error' object has no attribute 'result'"
          },
          "system-out": "--------------------------------- Captured Log ---------------------------------\n\n--------------------------------- Captured Out ---------------------------------",
          "system-err": "--------------------------------- Captured Err ---------------------------------"
        },
        {
          "@classname": "tests.single.bundle.test_bundle",
          "@name": "test_mempool_reputation_rules_all_entities[SREP-030-throttled-entity-allowed-a-little-throttled-factory]",
          "@time": "0.247",
          "failure": {
            "@message": "AttributeError: 'Error' object has no attribute 'result'",
            "#text": "tests/single/bundle/test_bundle.py:160: in test_mempool_reputation_rules_all_entities\n    set_reputation(\ntests/utils.py:213: in set_reputation\n    )\nE   AttributeError: 'Error' object has no attribute 'result'"
          },
          "system-out": "--------------------------------- Captured Log ---------------------------------\n\n--------------------------------- Captured Out ---------------------------------",
          "system-err": "--------------------------------- Captured Err ---------------------------------"
        },
        {
          "@classname": "tests.single.bundle.test_bundle",
          "@name": "test_mempool_reputation_rules_all_entities[UREP-010 UREP-020-unstaked-entity-allowed-function-unstaked-sender]",
          "@time": "0.376",
          "failure": {
            "@message": "AttributeError: 'Error' object has no attribute 'result'",
            "#text": "tests/single/bundle/test_bundle.py:148: in test_mempool_reputation_rules_all_entities\n    set_reputation(\ntests/utils.py:213: in set_reputation\n    )\nE   AttributeError: 'Error' object has no attribute 'result'"
          },
          "system-out": "--------------------------------- Captured Log ---------------------------------\n\n--------------------------------- Captured Out ---------------------------------",
          "system-err": "--------------------------------- Captured Err ---------------------------------"
        },
        {
          "@classname": "tests.single.bundle.test_bundle",
          "@name": "test_mempool_reputation_rules_all_entities[UREP-010 UREP-020-unstaked-entity-allowed-function-unstaked-paymaster]",
          "@time": "0.353",
          "failure": {
            "@message": "AttributeError: 'Error' object has no attribute 'result'",
            "#text": "tests/single/bundle/test_bundle.py:154: in test_mempool_reputation_rules_all_entities\n    set_reputation(\ntests/utils.py:213: in set_reputation\n    )\nE   AttributeError: 'Error' object has no attribute 'result'"
          },
          "system-out": "--------------------------------- Captured Log ---------------------------------\n\n--------------------------------- Captured Out ---------------------------------",
          "system-err": "--------------------------------- Captured Err ---------------------------------"
        },
        {
          "@classname": "tests.single.bundle.test_bundle",
          "@name": "test_mempool_reputation_rules_all_entities[UREP-010 UREP-020-unstaked-entity-allowed-function-unstaked-factory]",
          "@time": "0.349",
          "failure": {
            "@message": "AttributeError: 'Error' object has no attribute 'result'",
            "#text": "tests/single/bundle/test_bundle.py:160: in test_mempool_reputation_rules_all_entities\n    set_reputation(\ntests/utils.py:213: in set_reputation\n    )\nE   AttributeError: 'Error' object has no attribute 'result'"
          },
          "system-out": "--------------------------------- Captured Log ---------------------------------\n\n--------------------------------- Captured Out ---------------------------------",
          "system-err": "--------------------------------- Captured Err ---------------------------------"
        },
        {
          "@classname": "tests.single.bundle.test_bundle",
          "@name": "test_max_allowed_ops_unstaked_sender",
          "@time": "0.329"
        },
        {
          "@classname": "tests.single.bundle.test_bundle",
          "@name": "test_max_allowed_ops_staked_sender",
          "@time": "0.416"
        },
        {
          "@classname": "tests.single.bundle.test_bundle",
          "@name": "test_ban_user_op_access_other_ops_sender_in_bundle",
          "@time": "0.327",
          "failure": {
            "@message": "AssertionError: assert [] == [UserOperatio...gnature='0x')]\n  Right contains one more item: UserOperation(sender='0x01B4A5c16c776a420BbA6Ec024E56232dDE0fb37', nonce='0x0', initCode='0x', callData='0x', callGasL...tionGas='0x493e0', maxFeePerGas='0xee6b2800', maxPriorityFeePerGas='0xb2d05e00', paymasterAndData='0x', signature='0x')\n  Full diff:\n    [\n  +  ,\n  -  UserOperation(sender='0x01B4A5c16c776a420BbA6Ec024E56232dDE0fb37',\n  -                nonce='0x0',\n  -                initCode='0x',\n  -                callData='0x',\n  -                callGasLimit='0x493e0',\n  -                verificationGasLimit='0xf4240',\n  -                preVerificationGas='0x493e0',\n  -                maxFeePerGas='0xee6b2800',\n  -                maxPriorityFeePerGas='0xb2d05e00',\n  -                paymasterAndData='0x',\n  -                signature='0x'),\n    ]",
            "#text": "tests/single/bundle/test_bundle.py:319: in test_ban_user_op_access_other_ops_sender_in_bundle\n    assert dump_mempool() == [user_op2]\nE   AssertionError: assert [] == [UserOperatio...gnature='0x')]\nE     Right contains one more item: UserOperation(sender='0x01B4A5c16c776a420BbA6Ec024E56232dDE0fb37', nonce='0x0', initCode='0x', callData='0x', callGasL...tionGas='0x493e0', maxFeePerGas='0xee6b2800', maxPriorityFeePerGas='0xb2d05e00', paymasterAndData='0x', signature='0x')\nE     Full diff:\nE       [\nE     +  ,\nE     -  UserOperation(sender='0x01B4A5c16c776a420BbA6Ec024E56232dDE0fb37',\nE     -                nonce='0x0',\nE     -                initCode='0x',\nE     -                callData='0x',\nE     -                callGasLimit='0x493e0',\nE     -                verificationGasLimit='0xf4240',\nE     -                preVerificationGas='0x493e0',\nE     -                maxFeePerGas='0xee6b2800',\nE     -                maxPriorityFeePerGas='0xb2d05e00',\nE     -                paymasterAndData='0x',\nE     -                signature='0x'),\nE       ]"
          },
          "system-out": "--------------------------------- Captured Log ---------------------------------\n\n--------------------------------- Captured Out ---------------------------------",
          "system-err": "--------------------------------- Captured Err ---------------------------------"
        },
        {
          "@classname": "tests.single.bundle.test_bundle",
          "@name": "test_ban_user_sender_double_role_in_bundle",
          "@time": "0.196",
          "failure": {
            "@message": "Exception: expected error object, got:\nOk(result='0xcd8d2ac86fad6d9cbe9c2438484413a8605c848a30d2c9e97b790de48fd3e033', id=90)",
            "#text": "tests/utils.py:105: in assert_rpc_error\n    assert response.code == code\nE   AttributeError: 'Ok' object has no attribute 'code'\n\nThe above exception was the direct cause of the following exception:\ntests/single/bundle/test_bundle.py:359: in test_ban_user_sender_double_role_in_bundle\n    assert_rpc_error(\ntests/utils.py:110: in assert_rpc_error\n    raise Exception(f\"expected error object, got:\\n{response}\") from exc\nE   Exception: expected error object, got:\nE   Ok(result='0xcd8d2ac86fad6d9cbe9c2438484413a8605c848a30d2c9e97b790de48fd3e033', id=90)"
          },
          "system-out": "--------------------------------- Captured Log ---------------------------------\n\n--------------------------------- Captured Out ---------------------------------",
          "system-err": "--------------------------------- Captured Err ---------------------------------"
        },
        {
          "@classname": "tests.single.bundle.test_bundle",
          "@name": "test_stake_check_in_bundler",
          "@time": "0.146",
          "failure": {
            "@message": "AttributeError: 'Error' object has no attribute 'result'",
            "#text": "tests/single/bundle/test_bundle.py:382: in test_stake_check_in_bundler\n    response = get_stake_status(paymaster_contract.address, entrypoint_contract.address)\ntests/utils.py:178: in get_stake_status\n    .result\nE   AttributeError: 'Error' object has no attribute 'result'"
          },
          "system-out": "--------------------------------- Captured Log ---------------------------------\n\n--------------------------------- Captured Out ---------------------------------",
          "system-err": "--------------------------------- Captured Err ---------------------------------"
        },
        {
          "@classname": "tests.single.bundle.test_codehash",
          "@name": "test_codehash_changed",
          "@time": "0.448"
        },
        {
          "@classname": "tests.single.bundle.test_storage_rules",
          "@name": "test_rule[[STO-000]unstaked][paymaster][no_storage][ok]",
          "@time": "0.224"
        },
        {
          "@classname": "tests.single.bundle.test_storage_rules",
          "@name": "test_rule[[STO-031]unstaked][paymaster][storage][drop]",
          "@time": "0.219"
        },
        {
          "@classname": "tests.single.bundle.test_storage_rules",
          "@name": "test_rule[[STO-032]unstaked][paymaster][reference_storage][drop]",
          "@time": "0.220"
        },
        {
          "@classname": "tests.single.bundle.test_storage_rules",
          "@name": "test_rule[[STO-032]unstaked][paymaster][reference_storage_struct][drop]",
          "@time": "0.222"
        },
        {
          "@classname": "tests.single.bundle.test_storage_rules",
          "@name": "test_rule[[STO-010]unstaked][paymaster][account_storage][ok]",
          "@time": "0.225"
        },
        {
          "@classname": "tests.single.bundle.test_storage_rules",
          "@name": "test_rule[[STO-021]unstaked][paymaster][account_reference_storage][ok]",
          "@time": "0.229"
        },
        {
          "@classname": "tests.single.bundle.test_storage_rules",
          "@name": "test_rule[[STO-021]unstaked][paymaster][account_reference_storage_struct][ok]",
          "@time": "0.345"
        },
        {
          "@classname": "tests.single.bundle.test_storage_rules",
          "@name": "test_rule[[STO-022]unstaked][paymaster][account_reference_storage_init_code][drop0]",
          "@time": "0.429"
        },
        {
          "@classname": "tests.single.bundle.test_storage_rules",
          "@name": "test_rule[[EREP-050]unstaked][paymaster][context][drop]",
          "@time": "0.207"
        },
        {
          "@classname": "tests.single.bundle.test_storage_rules",
          "@name": "test_rule[[STO-032]unstaked][paymaster][external_storage_read][drop]",
          "@time": "0.223"
        },
        {
          "@classname": "tests.single.bundle.test_storage_rules",
          "@name": "test_rule[[OP-020]unstaked][paymaster][out_of_gas][drop]",
          "@time": "0.248",
          "failure": {
            "@message": "AttributeError: 'Ok' object has no attribute 'message'",
            "#text": "tests/single/bundle/test_storage_rules.py:772: in test_rule\n    case.assert_func(response)\ntests/single/bundle/test_storage_rules.py:22: in assert_error\n    assert_rpc_error(response, response.message, RPCErrorCode.BANNED_OPCODE)\nE   AttributeError: 'Ok' object has no attribute 'message'"
          },
          "system-out": "--------------------------------- Captured Log ---------------------------------\n\n--------------------------------- Captured Out ---------------------------------",
          "system-err": "--------------------------------- Captured Err ---------------------------------"
        },
        {
          "@classname": "tests.single.bundle.test_storage_rules",
          "@name": "test_rule[[OP-020]unstaked][paymaster][sstore_out_of_gas][drop]",
          "@time": "0.225"
        },
        {
          "@classname": "tests.single.bundle.test_storage_rules",
          "@name": "test_rule[[STO-000]staked][paymaster][no_storage][ok]",
          "@time": "0.267"
        },
        {
          "@classname": "tests.single.bundle.test_storage_rules",
          "@name": "test_rule[[STO-031]staked][paymaster][storage][ok]",
          "@time": "0.244"
        },
        {
          "@classname": "tests.single.bundle.test_storage_rules",
          "@name": "test_rule[[STO-032]staked][paymaster][reference_storage][ok]",
          "@time": "0.249"
        },
        {
          "@classname": "tests.single.bundle.test_storage_rules",
          "@name": "test_rule[[STO-032]staked][paymaster][reference_storage_struct][ok]",
          "@time": "0.254"
        },
        {
          "@classname": "tests.single.bundle.test_storage_rules",
          "@name": "test_rule[[STO-033]staked][paymaster][reference_storage_struct][ok]",
          "@time": "0.247"
        },
        {
          "@classname": "tests.single.bundle.test_storage_rules",
          "@name": "test_rule[[STO-010]staked][paymaster][account_storage][ok]",
          "@time": "0.248"
        },
        {
          "@classname": "tests.single.bundle.test_storage_rules",
          "@name": "test_rule[[STO-021]staked][paymaster][account_reference_storage][ok]",
          "@time": "0.252"
        },
        {
          "@classname": "tests.single.bundle.test_storage_rules",
          "@name": "test_rule[[STO-021]staked][paymaster][account_reference_storage_struct][ok]",
          "@time": "0.260"
        },
        {
          "@classname": "tests.single.bundle.test_storage_rules",
          "@name": "test_rule[[STO-022]staked][paymaster][account_reference_storage_init_code][ok]",
          "@time": "0.458"
        },
        {
          "@classname": "tests.single.bundle.test_storage_rules",
          "@name": "test_rule[[EREP-050]staked][paymaster][context][ok]",
          "@time": "0.232"
        },
        {
          "@classname": "tests.single.bundle.test_storage_rules",
          "@name": "test_rule[[STO-033]staked][paymaster][external_storage_write][drop]",
          "@time": "0.249"
        },
        {
          "@classname": "tests.single.bundle.test_storage_rules",
          "@name": "test_rule[[STO-033]staked][paymaster][external_storage_read][ok]",
          "@time": "0.244",
          "failure": {
            "@message": "Exception: expected result object, got:\nError(code=-32502, message='paymaster : 0xfd2c35060a50a871197408b2263972b5de2e77a1 banned access to slot aed3469875ad6750e818d667b5bd08036a9d5a353af5c0e81a03431a837a7b39 at contract : 0x1f910b2da43bb5518f13488b775de1bbe7c165e7', data=None, id=155)",
            "#text": "tests/utils.py:98: in assert_ok\n    assert response.result\nE   AttributeError: 'Error' object has no attribute 'result'\n\nThe above exception was the direct cause of the following exception:\ntests/single/bundle/test_storage_rules.py:772: in test_rule\n    case.assert_func(response)\ntests/utils.py:100: in assert_ok\n    raise Exception(f\"expected result object, got:\\n{response}\") from exc\nE   Exception: expected result object, got:\nE   Error(code=-32502, message='paymaster : 0xfd2c35060a50a871197408b2263972b5de2e77a1 banned access to slot aed3469875ad6750e818d667b5bd08036a9d5a353af5c0e81a03431a837a7b39 at contract : 0x1f910b2da43bb5518f13488b775de1bbe7c165e7', data=None, id=155)"
          },
          "system-out": "--------------------------------- Captured Log ---------------------------------\n\n--------------------------------- Captured Out ---------------------------------",
          "system-err": "--------------------------------- Captured Err ---------------------------------"
        },
        {
          "@classname": "tests.single.bundle.test_storage_rules",
          "@name": "test_rule[[OP-020]staked][paymaster][out_of_gas][drop]",
          "@time": "0.267",
          "failure": {
            "@message": "AttributeError: 'Ok' object has no attribute 'message'",
            "#text": "tests/single/bundle/test_storage_rules.py:772: in test_rule\n    case.assert_func(response)\ntests/single/bundle/test_storage_rules.py:22: in assert_error\n    assert_rpc_error(response, response.message, RPCErrorCode.BANNED_OPCODE)\nE   AttributeError: 'Ok' object has no attribute 'message'"
          },
          "system-out": "--------------------------------- Captured Log ---------------------------------\n\n--------------------------------- Captured Out ---------------------------------",
          "system-err": "--------------------------------- Captured Err ---------------------------------"
        },
        {
          "@classname": "tests.single.bundle.test_storage_rules",
          "@name": "test_rule[[OP-020]staked][paymaster][sstore_out_of_gas][drop]",
          "@time": "0.254",
          "failure": {
            "@message": "AttributeError: 'Ok' object has no attribute 'message'",
            "#text": "tests/single/bundle/test_storage_rules.py:772: in test_rule\n    case.assert_func(response)\ntests/single/bundle/test_storage_rules.py:22: in assert_error\n    assert_rpc_error(response, response.message, RPCErrorCode.BANNED_OPCODE)\nE   AttributeError: 'Ok' object has no attribute 'message'"
          },
          "system-out": "--------------------------------- Captured Log ---------------------------------\n\n--------------------------------- Captured Out ---------------------------------",
          "system-err": "--------------------------------- Captured Err ---------------------------------"
        },
        {
          "@classname": "tests.single.bundle.test_storage_rules",
          "@name": "test_rule[[STO-000]unstaked][factory][no_storage][ok]",
          "@time": "0.278"
        },
        {
          "@classname": "tests.single.bundle.test_storage_rules",
          "@name": "test_rule[[STO-000]unstaked][factory][storage][drop]",
          "@time": "0.274"
        },
        {
          "@classname": "tests.single.bundle.test_storage_rules",
          "@name": "test_rule[[STO-000]unstaked][factory][reference_storage][drop]",
          "@time": "0.277"
        },
        {
          "@classname": "tests.single.bundle.test_storage_rules",
          "@name": "test_rule[[STO-032]unstaked][factory][reference_storage_struct][drop]",
          "@time": "0.277"
        },
        {
          "@classname": "tests.single.bundle.test_storage_rules",
          "@name": "test_rule[[STO-010]unstaked][factory][account_storage][ok]",
          "@time": "0.281"
        },
        {
          "@classname": "tests.single.bundle.test_storage_rules",
          "@name": "test_rule[[STO-021]unstaked][factory][account_reference_storage][drop]",
          "@time": "0.279"
        },
        {
          "@classname": "tests.single.bundle.test_storage_rules",
          "@name": "test_rule[[STO-021]unstaked][factory][account_reference_storage_struct][drop]",
          "@time": "0.281"
        },
        {
          "@classname": "tests.single.bundle.test_storage_rules",
          "@name": "test_rule[[STO-000]unstaked][factory][external_storage_read][drop]",
          "@time": "0.280"
        },
        {
          "@classname": "tests.single.bundle.test_storage_rules",
          "@name": "test_rule[[OP-042]unstaked][factory][EXTCODEx_CALLx_undeployed_sender][ok]",
          "@time": "0.282"
        },
        {
          "@classname": "tests.single.bundle.test_storage_rules",
          "@name": "test_rule[[OP-041]unstaked][factory][EXTCODESIZE_undeployed_contract][drop]",
          "@time": "0.274",
          "failure": {
            "@message": "AttributeError: 'Ok' object has no attribute 'message'",
            "#text": "tests/single/bundle/test_storage_rules.py:772: in test_rule\n    case.assert_func(response)\ntests/single/bundle/test_storage_rules.py:22: in assert_error\n    assert_rpc_error(response, response.message, RPCErrorCode.BANNED_OPCODE)\nE   AttributeError: 'Ok' object has no attribute 'message'"
          },
          "system-out": "--------------------------------- Captured Log ---------------------------------\n\n--------------------------------- Captured Out ---------------------------------",
          "system-err": "--------------------------------- Captured Err ---------------------------------"
        },
        {
          "@classname": "tests.single.bundle.test_storage_rules",
          "@name": "test_rule[[OP-041]unstaked][factory][EXTCODEHASH_undeployed_contract][drop]",
          "@time": "0.276",
          "failure": {
            "@message": "AttributeError: 'Ok' object has no attribute 'message'",
            "#text": "tests/single/bundle/test_storage_rules.py:772: in test_rule\n    case.assert_func(response)\ntests/single/bundle/test_storage_rules.py:22: in assert_error\n    assert_rpc_error(response, response.message, RPCErrorCode.BANNED_OPCODE)\nE   AttributeError: 'Ok' object has no attribute 'message'"
          },
          "system-out": "--------------------------------- Captured Log ---------------------------------\n\n--------------------------------- Captured Out ---------------------------------",
          "system-err": "--------------------------------- Captured Err ---------------------------------"
        },
        {
          "@classname": "tests.single.bundle.test_storage_rules",
          "@name": "test_rule[[OP-041]unstaked][factory][EXTCODECOPY_undeployed_contract][drop]",
          "@time": "0.275",
          "failure": {
            "@message": "AttributeError: 'Ok' object has no attribute 'message'",
            "#text": "tests/single/bundle/test_storage_rules.py:772: in test_rule\n    case.assert_func(response)\ntests/single/bundle/test_storage_rules.py:22: in assert_error\n    assert_rpc_error(response, response.message, RPCErrorCode.BANNED_OPCODE)\nE   AttributeError: 'Ok' object has no attribute 'message'"
          },
          "system-out": "--------------------------------- Captured Log ---------------------------------\n\n--------------------------------- Captured Out ---------------------------------",
          "system-err": "--------------------------------- Captured Err ---------------------------------"
        },
        {
          "@classname": "tests.single.bundle.test_storage_rules",
          "@name": "test_rule[[OP-041]unstaked][factory][CALL_undeployed_contract][drop]",
          "@time": "0.274",
          "failure": {
            "@message": "AttributeError: 'Ok' object has no attribute 'message'",
            "#text": "tests/single/bundle/test_storage_rules.py:772: in test_rule\n    case.assert_func(response)\ntests/single/bundle/test_storage_rules.py:22: in assert_error\n    assert_rpc_error(response, response.message, RPCErrorCode.BANNED_OPCODE)\nE   AttributeError: 'Ok' object has no attribute 'message'"
          },
          "system-out": "--------------------------------- Captured Log ---------------------------------\n\n--------------------------------- Captured Out ---------------------------------",
          "system-err": "--------------------------------- Captured Err ---------------------------------"
        },
        {
          "@classname": "tests.single.bundle.test_storage_rules",
          "@name": "test_rule[[OP-041]unstaked][factory][CALLCODE_undeployed_contract][drop]",
          "@time": "0.274",
          "failure": {
            "@message": "AttributeError: 'Ok' object has no attribute 'message'",
            "#text": "tests/single/bundle/test_storage_rules.py:772: in test_rule\n    case.assert_func(response)\ntests/single/bundle/test_storage_rules.py:22: in assert_error\n    assert_rpc_error(response, response.message, RPCErrorCode.BANNED_OPCODE)\nE   AttributeError: 'Ok' object has no attribute 'message'"
          },
          "system-out": "--------------------------------- Captured Log ---------------------------------\n\n--------------------------------- Captured Out ---------------------------------",
          "system-err": "--------------------------------- Captured Err ---------------------------------"
        },
        {
          "@classname": "tests.single.bundle.test_storage_rules",
          "@name": "test_rule[[OP-041]unstaked][factory][DELEGATECALL_undeployed_contract][drop]",
          "@time": "0.275",
          "failure": {
            "@message": "AttributeError: 'Ok' object has no attribute 'message'",
            "#text": "tests/single/bundle/test_storage_rules.py:772: in test_rule\n    case.assert_func(response)\ntests/single/bundle/test_storage_rules.py:22: in assert_error\n    assert_rpc_error(response, response.message, RPCErrorCode.BANNED_OPCODE)\nE   AttributeError: 'Ok' object has no attribute 'message'"
          },
          "system-out": "--------------------------------- Captured Log ---------------------------------\n\n--------------------------------- Captured Out ---------------------------------",
          "system-err": "--------------------------------- Captured Err ---------------------------------"
        },
        {
          "@classname": "tests.single.bundle.test_storage_rules",
          "@name": "test_rule[[OP-041]unstaked][factory][STATICCALL_undeployed_contract][drop]",
          "@time": "0.274",
          "failure": {
            "@message": "AttributeError: 'Ok' object has no attribute 'message'",
            "#text": "tests/single/bundle/test_storage_rules.py:772: in test_rule\n    case.assert_func(response)\ntests/single/bundle/test_storage_rules.py:22: in assert_error\n    assert_rpc_error(response, response.message, RPCErrorCode.BANNED_OPCODE)\nE   AttributeError: 'Ok' object has no attribute 'message'"
          },
          "system-out": "--------------------------------- Captured Log ---------------------------------\n\n--------------------------------- Captured Out ---------------------------------",
          "system-err": "--------------------------------- Captured Err ---------------------------------"
        },
        {
          "@classname": "tests.single.bundle.test_storage_rules",
          "@name": "test_rule[[OP-020]unstaked][factory][out_of_gas][drop]",
          "@time": "0.303",
          "failure": {
            "@message": "AttributeError: 'Ok' object has no attribute 'message'",
            "#text": "tests/single/bundle/test_storage_rules.py:772: in test_rule\n    case.assert_func(response)\ntests/single/bundle/test_storage_rules.py:22: in assert_error\n    assert_rpc_error(response, response.message, RPCErrorCode.BANNED_OPCODE)\nE   AttributeError: 'Ok' object has no attribute 'message'"
          },
          "system-out": "--------------------------------- Captured Log ---------------------------------\n\n--------------------------------- Captured Out ---------------------------------",
          "system-err": "--------------------------------- Captured Err ---------------------------------"
        },
        {
          "@classname": "tests.single.bundle.test_storage_rules",
          "@name": "test_rule[[OP-020]unstaked][factory][sstore_out_of_gas][drop]",
          "@time": "0.280"
        },
        {
          "@classname": "tests.single.bundle.test_storage_rules",
          "@name": "test_rule[[STO-000]staked][factory][no_storage][ok]",
          "@time": "0.306"
        },
        {
          "@classname": "tests.single.bundle.test_storage_rules",
          "@name": "test_rule[[STO-031]staked][factory][storage][ok]",
          "@time": "0.302"
        },
        {
          "@classname": "tests.single.bundle.test_storage_rules",
          "@name": "test_rule[[STO-032]staked][factory][reference_storage][ok]",
          "@time": "0.307"
        },
        {
          "@classname": "tests.single.bundle.test_storage_rules",
          "@name": "test_rule[[STO-032]staked][factory][reference_storage_struct][ok]",
          "@time": "0.303"
        },
        {
          "@classname": "tests.single.bundle.test_storage_rules",
          "@name": "test_rule[[STO-010]staked][factory][account_storage][ok]",
          "@time": "0.300"
        },
        {
          "@classname": "tests.single.bundle.test_storage_rules",
          "@name": "test_rule[[STO-021]staked][factory][account_reference_storage][ok]",
          "@time": "0.306"
        },
        {
          "@classname": "tests.single.bundle.test_storage_rules",
          "@name": "test_rule[[STO-021]staked][factory][account_reference_storage_struct][ok]",
          "@time": "0.305"
        },
        {
          "@classname": "tests.single.bundle.test_storage_rules",
          "@name": "test_rule[[STO-033]staked][factory][external_storage_write][drop]",
          "@time": "0.407"
        },
        {
          "@classname": "tests.single.bundle.test_storage_rules",
          "@name": "test_rule[[STO-033]staked][factory][external_storage_read][ok]",
          "@time": "0.301",
          "failure": {
            "@message": "Exception: expected result object, got:\nError(code=-32502, message='factory : 0xfb579c1374cfa95846ca5648775499da63615538 banned access to slot aed3469875ad6750e818d667b5bd08036a9d5a353af5c0e81a03431a837a7b39 at contract : 0xe44e6036422bbb78f3dadf5d3eaf3ed432f679df', data=None, id=213)",
            "#text": "tests/utils.py:98: in assert_ok\n    assert response.result\nE   AttributeError: 'Error' object has no attribute 'result'\n\nThe above exception was the direct cause of the following exception:\ntests/single/bundle/test_storage_rules.py:772: in test_rule\n    case.assert_func(response)\ntests/utils.py:100: in assert_ok\n    raise Exception(f\"expected result object, got:\\n{response}\") from exc\nE   Exception: expected result object, got:\nE   Error(code=-32502, message='factory : 0xfb579c1374cfa95846ca5648775499da63615538 banned access to slot aed3469875ad6750e818d667b5bd08036a9d5a353af5c0e81a03431a837a7b39 at contract : 0xe44e6036422bbb78f3dadf5d3eaf3ed432f679df', data=None, id=213)"
          },
          "system-out": "--------------------------------- Captured Log ---------------------------------\n\n--------------------------------- Captured Out ---------------------------------",
          "system-err": "--------------------------------- Captured Err ---------------------------------"
        },
        {
          "@classname": "tests.single.bundle.test_storage_rules",
          "@name": "test_rule[[OP-020]staked][factory][out_of_gas][drop]",
          "@time": "0.322",
          "failure": {
            "@message": "AttributeError: 'Ok' object has no attribute 'message'",
            "#text": "tests/single/bundle/test_storage_rules.py:772: in test_rule\n    case.assert_func(response)\ntests/single/bundle/test_storage_rules.py:22: in assert_error\n    assert_rpc_error(response, response.message, RPCErrorCode.BANNED_OPCODE)\nE   AttributeError: 'Ok' object has no attribute 'message'"
          },
          "system-out": "--------------------------------- Captured Log ---------------------------------\n\n--------------------------------- Captured Out ---------------------------------",
          "system-err": "--------------------------------- Captured Err ---------------------------------"
        },
        {
          "@classname": "tests.single.bundle.test_storage_rules",
          "@name": "test_rule[[OP-020]staked][factory][sstore_out_of_gas][drop]",
          "@time": "0.308",
          "failure": {
            "@message": "AttributeError: 'Ok' object has no attribute 'message'",
            "#text": "tests/single/bundle/test_storage_rules.py:772: in test_rule\n    case.assert_func(response)\ntests/single/bundle/test_storage_rules.py:22: in assert_error\n    assert_rpc_error(response, response.message, RPCErrorCode.BANNED_OPCODE)\nE   AttributeError: 'Ok' object has no attribute 'message'"
          },
          "system-out": "--------------------------------- Captured Log ---------------------------------\n\n--------------------------------- Captured Out ---------------------------------",
          "system-err": "--------------------------------- Captured Err ---------------------------------"
        },
        {
          "@classname": "tests.single.bundle.test_storage_rules",
          "@name": "test_rule[[STO-000]unstaked][account][no_storage][ok]",
          "@time": "0.265"
        },
        {
          "@classname": "tests.single.bundle.test_storage_rules",
          "@name": "test_rule[[STO-010]unstaked][account][account_storage][ok]",
          "@time": "0.216"
        },
        {
          "@classname": "tests.single.bundle.test_storage_rules",
          "@name": "test_rule[[STO-021]unstaked][account][account_reference_storage][ok]",
          "@time": "0.224"
        },
        {
          "@classname": "tests.single.bundle.test_storage_rules",
          "@name": "test_rule[[STO-022]unstaked][account][account_reference_storage_init_code][drop]",
          "@time": "0.402"
        },
        {
          "@classname": "tests.single.bundle.test_storage_rules",
          "@name": "test_rule[[STO-022]unstaked][account][account_reference_storage_init_code][ok]",
          "@time": "0.457",
          "failure": {
            "@message": "Exception: expected result object, got:\nError(code=-32502, message='sender : 0x26EfBE7136839B0072ecD0B7ba70f2CFadAF3EF0 insuffient stake to access 3e49869ef7fac0225955d0e64bdeeadbdbaf8437d906683c355ab93c59384ee7 at contract : 0x8d582565532d95384ec7b011518bacb9d55feecd', data=None, id=227)",
            "#text": "tests/utils.py:98: in assert_ok\n    assert response.result\nE   AttributeError: 'Error' object has no attribute 'result'\n\nThe above exception was the direct cause of the following exception:\ntests/single/bundle/test_storage_rules.py:772: in test_rule\n    case.assert_func(response)\ntests/utils.py:100: in assert_ok\n    raise Exception(f\"expected result object, got:\\n{response}\") from exc\nE   Exception: expected result object, got:\nE   Error(code=-32502, message='sender : 0x26EfBE7136839B0072ecD0B7ba70f2CFadAF3EF0 insuffient stake to access 3e49869ef7fac0225955d0e64bdeeadbdbaf8437d906683c355ab93c59384ee7 at contract : 0x8d582565532d95384ec7b011518bacb9d55feecd', data=None, id=227)"
          },
          "system-out": "--------------------------------- Captured Log ---------------------------------\n\n--------------------------------- Captured Out ---------------------------------",
          "system-err": "--------------------------------- Captured Err ---------------------------------"
        },
        {
          "@classname": "tests.single.bundle.test_storage_rules",
          "@name": "test_rule[[STO-022]unstaked][paymaster][account_reference_storage_init_code][drop1]",
          "@time": "0.424"
        },
        {
          "@classname": "tests.single.bundle.test_storage_rules",
          "@name": "test_rule[[STO-021]unstaked][account][account_reference_storage_struct][ok]",
          "@time": "0.221"
        },
        {
          "@classname": "tests.single.bundle.test_storage_rules",
          "@name": "test_rule[[STO-000]unstaked][account][external_storage_read][drop]",
          "@time": "0.216"
        },
        {
          "@classname": "tests.single.bundle.test_storage_rules",
          "@name": "test_rule[[OP-020]unstaked][account][out_of_gas][drop]",
          "@time": "0.241",
          "failure": {
            "@message": "AttributeError: 'Ok' object has no attribute 'message'",
            "#text": "tests/single/bundle/test_storage_rules.py:772: in test_rule\n    case.assert_func(response)\ntests/single/bundle/test_storage_rules.py:22: in assert_error\n    assert_rpc_error(response, response.message, RPCErrorCode.BANNED_OPCODE)\nE   AttributeError: 'Ok' object has no attribute 'message'"
          },
          "system-out": "--------------------------------- Captured Log ---------------------------------\n\n--------------------------------- Captured Out ---------------------------------",
          "system-err": "--------------------------------- Captured Err ---------------------------------"
        },
        {
          "@classname": "tests.single.bundle.test_storage_rules",
          "@name": "test_rule[[OP-020]unstaked][account][sstore_out_of_gas][drop]",
          "@time": "0.224",
          "failure": {
            "@message": "AttributeError: 'Ok' object has no attribute 'message'",
            "#text": "tests/single/bundle/test_storage_rules.py:772: in test_rule\n    case.assert_func(response)\ntests/single/bundle/test_storage_rules.py:22: in assert_error\n    assert_rpc_error(response, response.message, RPCErrorCode.BANNED_OPCODE)\nE   AttributeError: 'Ok' object has no attribute 'message'"
          },
          "system-out": "--------------------------------- Captured Log ---------------------------------\n\n--------------------------------- Captured Out ---------------------------------",
          "system-err": "--------------------------------- Captured Err ---------------------------------"
        },
        {
          "@classname": "tests.single.bundle.test_storage_rules",
          "@name": "test_rule[[STO-000]staked][account][no_storage][ok]",
          "@time": "0.237"
        },
        {
          "@classname": "tests.single.bundle.test_storage_rules",
          "@name": "test_rule[[STO-010]staked][account][account_storage][ok]",
          "@time": "0.242"
        },
        {
          "@classname": "tests.single.bundle.test_storage_rules",
          "@name": "test_rule[[STO-021]staked][account][account_reference_storage][ok]",
          "@time": "0.245"
        },
        {
          "@classname": "tests.single.bundle.test_storage_rules",
          "@name": "test_rule[[STO-021]staked][account][account_reference_storage_struct][ok]",
          "@time": "0.242"
        },
        {
          "@classname": "tests.single.bundle.test_storage_rules",
          "@name": "test_rule[[OP-020]staked][account][out_of_gas][drop]",
          "@time": "0.261",
          "failure": {
            "@message": "AttributeError: 'Ok' object has no attribute 'message'",
            "#text": "tests/single/bundle/test_storage_rules.py:772: in test_rule\n    case.assert_func(response)\ntests/single/bundle/test_storage_rules.py:22: in assert_error\n    assert_rpc_error(response, response.message, RPCErrorCode.BANNED_OPCODE)\nE   AttributeError: 'Ok' object has no attribute 'message'"
          },
          "system-out": "--------------------------------- Captured Log ---------------------------------\n\n--------------------------------- Captured Out ---------------------------------",
          "system-err": "--------------------------------- Captured Err ---------------------------------"
        },
        {
          "@classname": "tests.single.bundle.test_storage_rules",
          "@name": "test_rule[[OP-020]staked][account][sstore_out_of_gas][drop]",
          "@time": "0.245",
          "failure": {
            "@message": "AttributeError: 'Ok' object has no attribute 'message'",
            "#text": "tests/single/bundle/test_storage_rules.py:772: in test_rule\n    case.assert_func(response)\ntests/single/bundle/test_storage_rules.py:22: in assert_error\n    assert_rpc_error(response, response.message, RPCErrorCode.BANNED_OPCODE)\nE   AttributeError: 'Ok' object has no attribute 'message'"
          },
          "system-out": "--------------------------------- Captured Log ---------------------------------\n\n--------------------------------- Captured Out ---------------------------------",
          "system-err": "--------------------------------- Captured Err ---------------------------------"
        },
        {
          "@classname": "tests.single.bundle.test_storage_rules",
          "@name": "test_rule[[STO-033]staked][account][external_storage_write][drop]",
          "@time": "0.267"
        },
        {
          "@classname": "tests.single.bundle.test_storage_rules",
          "@name": "test_rule[[STO-033]staked][account][external_storage_read][ok]",
          "@time": "0.237",
          "failure": {
            "@message": "Exception: expected result object, got:\nError(code=-32502, message='sender : 0xc1f0Bcc9D90BBa7101AAC8e0508b1665a2c64873 banned access to slot aed3469875ad6750e818d667b5bd08036a9d5a353af5c0e81a03431a837a7b39 at contract : 0xf0234a1cc95cb65ff9047c39fa00510949eb7214', data=None, id=253)",
            "#text": "tests/utils.py:98: in assert_ok\n    assert response.result\nE   AttributeError: 'Error' object has no attribute 'result'\n\nThe above exception was the direct cause of the following exception:\ntests/single/bundle/test_storage_rules.py:772: in test_rule\n    case.assert_func(response)\ntests/utils.py:100: in assert_ok\n    raise Exception(f\"expected result object, got:\\n{response}\") from exc\nE   Exception: expected result object, got:\nE   Error(code=-32502, message='sender : 0xc1f0Bcc9D90BBa7101AAC8e0508b1665a2c64873 banned access to slot aed3469875ad6750e818d667b5bd08036a9d5a353af5c0e81a03431a837a7b39 at contract : 0xf0234a1cc95cb65ff9047c39fa00510949eb7214', data=None, id=253)"
          },
          "system-out": "--------------------------------- Captured Log ---------------------------------\n\n--------------------------------- Captured Out ---------------------------------",
          "system-err": "--------------------------------- Captured Err ---------------------------------"
        },
        {
          "@classname": "tests.single.bundle.test_storage_rules",
          "@name": "test_rule[[OP-011]unstaked][account][entryPoint_call_balanceOf][drop]",
          "@time": "0.226",
          "failure": {
            "@message": "AttributeError: 'Ok' object has no attribute 'message'",
            "#text": "tests/single/bundle/test_storage_rules.py:772: in test_rule\n    case.assert_func(response)\ntests/single/bundle/test_storage_rules.py:22: in assert_error\n    assert_rpc_error(response, response.message, RPCErrorCode.BANNED_OPCODE)\nE   AttributeError: 'Ok' object has no attribute 'message'"
          },
          "system-out": "--------------------------------- Captured Log ---------------------------------\n\n--------------------------------- Captured Out ---------------------------------",
          "system-err": "--------------------------------- Captured Err ---------------------------------"
        },
        {
          "@classname": "tests.single.bundle.test_storage_rules",
          "@name": "test_rule[[OP-061]unstaked][account][eth_value_transfer_forbidden][drop]",
          "@time": "0.222",
          "failure": {
            "@message": "AttributeError: 'Ok' object has no attribute 'message'",
            "#text": "tests/single/bundle/test_storage_rules.py:772: in test_rule\n    case.assert_func(response)\ntests/single/bundle/test_storage_rules.py:22: in assert_error\n    assert_rpc_error(response, response.message, RPCErrorCode.BANNED_OPCODE)\nE   AttributeError: 'Ok' object has no attribute 'message'"
          },
          "system-out": "--------------------------------- Captured Log ---------------------------------\n\n--------------------------------- Captured Out ---------------------------------",
          "system-err": "--------------------------------- Captured Err ---------------------------------"
        },
        {
          "@classname": "tests.single.bundle.test_storage_rules",
          "@name": "test_rule[[OP-053]unstaked][account][eth_value_transfer_entryPoint][ok]",
          "@time": "0.229"
        },
        {
          "@classname": "tests.single.bundle.test_storage_rules",
          "@name": "test_rule[[OP-052]unstaked][account][eth_value_transfer_entryPoint_depositTo][ok]",
          "@time": "0.231"
        },
        {
          "@classname": "tests.single.bundle.test_storage_rules",
          "@name": "test_rule[[OP-041]unstaked][account][EXTCODESIZE_undeployed_contract][drop]",
          "@time": "0.215",
          "failure": {
            "@message": "AttributeError: 'Ok' object has no attribute 'message'",
            "#text": "tests/single/bundle/test_storage_rules.py:772: in test_rule\n    case.assert_func(response)\ntests/single/bundle/test_storage_rules.py:22: in assert_error\n    assert_rpc_error(response, response.message, RPCErrorCode.BANNED_OPCODE)\nE   AttributeError: 'Ok' object has no attribute 'message'"
          },
          "system-out": "--------------------------------- Captured Log ---------------------------------\n\n--------------------------------- Captured Out ---------------------------------",
          "system-err": "--------------------------------- Captured Err ---------------------------------"
        },
        {
          "@classname": "tests.single.bundle.test_storage_rules",
          "@name": "test_rule[[OP-041]unstaked][account][EXTCODEHASH_undeployed_contract][drop]",
          "@time": "0.213",
          "failure": {
            "@message": "AttributeError: 'Ok' object has no attribute 'message'",
            "#text": "tests/single/bundle/test_storage_rules.py:772: in test_rule\n    case.assert_func(response)\ntests/single/bundle/test_storage_rules.py:22: in assert_error\n    assert_rpc_error(response, response.message, RPCErrorCode.BANNED_OPCODE)\nE   AttributeError: 'Ok' object has no attribute 'message'"
          },
          "system-out": "--------------------------------- Captured Log ---------------------------------\n\n--------------------------------- Captured Out ---------------------------------",
          "system-err": "--------------------------------- Captured Err ---------------------------------"
        },
        {
          "@classname": "tests.single.bundle.test_storage_rules",
          "@name": "test_rule[[OP-041]unstaked][account][EXTCODECOPY_undeployed_contract][drop]",
          "@time": "0.215",
          "failure": {
            "@message": "AttributeError: 'Ok' object has no attribute 'message'",
            "#text": "tests/single/bundle/test_storage_rules.py:772: in test_rule\n    case.assert_func(response)\ntests/single/bundle/test_storage_rules.py:22: in assert_error\n    assert_rpc_error(response, response.message, RPCErrorCode.BANNED_OPCODE)\nE   AttributeError: 'Ok' object has no attribute 'message'"
          },
          "system-out": "--------------------------------- Captured Log ---------------------------------\n\n--------------------------------- Captured Out ---------------------------------",
          "system-err": "--------------------------------- Captured Err ---------------------------------"
        },
        {
          "@classname": "tests.single.bundle.test_storage_rules",
          "@name": "test_rule[[OP-054]unstaked][account][EXTCODESIZE_entrypoint][drop]",
          "@time": "0.215",
          "failure": {
            "@message": "AttributeError: 'Ok' object has no attribute 'message'",
            "#text": "tests/single/bundle/test_storage_rules.py:772: in test_rule\n    case.assert_func(response)\ntests/single/bundle/test_storage_rules.py:22: in assert_error\n    assert_rpc_error(response, response.message, RPCErrorCode.BANNED_OPCODE)\nE   AttributeError: 'Ok' object has no attribute 'message'"
          },
          "system-out": "--------------------------------- Captured Log ---------------------------------\n\n--------------------------------- Captured Out ---------------------------------",
          "system-err": "--------------------------------- Captured Err ---------------------------------"
        },
        {
          "@classname": "tests.single.bundle.test_storage_rules",
          "@name": "test_rule[[OP-054]unstaked][account][EXTCODEHASH_entrypoint][drop]",
          "@time": "0.220",
          "failure": {
            "@message": "AttributeError: 'Ok' object has no attribute 'message'",
            "#text": "tests/single/bundle/test_storage_rules.py:772: in test_rule\n    case.assert_func(response)\ntests/single/bundle/test_storage_rules.py:22: in assert_error\n    assert_rpc_error(response, response.message, RPCErrorCode.BANNED_OPCODE)\nE   AttributeError: 'Ok' object has no attribute 'message'"
          },
          "system-out": "--------------------------------- Captured Log ---------------------------------\n\n--------------------------------- Captured Out ---------------------------------",
          "system-err": "--------------------------------- Captured Err ---------------------------------"
        },
        {
          "@classname": "tests.single.bundle.test_storage_rules",
          "@name": "test_rule[[OP-054]unstaked][account][EXTCODECOPY_entrypoint][drop]",
          "@time": "0.218",
          "failure": {
            "@message": "AttributeError: 'Ok' object has no attribute 'message'",
            "#text": "tests/single/bundle/test_storage_rules.py:772: in test_rule\n    case.assert_func(response)\ntests/single/bundle/test_storage_rules.py:22: in assert_error\n    assert_rpc_error(response, response.message, RPCErrorCode.BANNED_OPCODE)\nE   AttributeError: 'Ok' object has no attribute 'message'"
          },
          "system-out": "--------------------------------- Captured Log ---------------------------------\n\n--------------------------------- Captured Out ---------------------------------",
          "system-err": "--------------------------------- Captured Err ---------------------------------"
        },
        {
          "@classname": "tests.single.bundle.test_storage_rules",
          "@name": "test_rule[[OP-041]unstaked][account][CALL_undeployed_contract][drop]",
          "@time": "0.232",
          "failure": {
            "@message": "AttributeError: 'Ok' object has no attribute 'message'",
            "#text": "tests/single/bundle/test_storage_rules.py:772: in test_rule\n    case.assert_func(response)\ntests/single/bundle/test_storage_rules.py:22: in assert_error\n    assert_rpc_error(response, response.message, RPCErrorCode.BANNED_OPCODE)\nE   AttributeError: 'Ok' object has no attribute 'message'"
          },
          "system-out": "--------------------------------- Captured Log ---------------------------------\n\n--------------------------------- Captured Out ---------------------------------",
          "system-err": "--------------------------------- Captured Err ---------------------------------"
        },
        {
          "@classname": "tests.single.bundle.test_storage_rules",
          "@name": "test_rule[[OP-041]unstaked][account][CALLCODE_undeployed_contract][drop]",
          "@time": "0.209",
          "failure": {
            "@message": "AttributeError: 'Ok' object has no attribute 'message'",
            "#text": "tests/single/bundle/test_storage_rules.py:772: in test_rule\n    case.assert_func(response)\ntests/single/bundle/test_storage_rules.py:22: in assert_error\n    assert_rpc_error(response, response.message, RPCErrorCode.BANNED_OPCODE)\nE   AttributeError: 'Ok' object has no attribute 'message'"
          },
          "system-out": "--------------------------------- Captured Log ---------------------------------\n\n--------------------------------- Captured Out ---------------------------------",
          "system-err": "--------------------------------- Captured Err ---------------------------------"
        },
        {
          "@classname": "tests.single.bundle.test_storage_rules",
          "@name": "test_rule[[OP-041]unstaked][account][DELEGATECALL_undeployed_contract][drop]",
          "@time": "0.214",
          "failure": {
            "@message": "AttributeError: 'Ok' object has no attribute 'message'",
            "#text": "tests/single/bundle/test_storage_rules.py:772: in test_rule\n    case.assert_func(response)\ntests/single/bundle/test_storage_rules.py:22: in assert_error\n    assert_rpc_error(response, response.message, RPCErrorCode.BANNED_OPCODE)\nE   AttributeError: 'Ok' object has no attribute 'message'"
          },
          "system-out": "--------------------------------- Captured Log ---------------------------------\n\n--------------------------------- Captured Out ---------------------------------",
          "system-err": "--------------------------------- Captured Err ---------------------------------"
        },
        {
          "@classname": "tests.single.bundle.test_storage_rules",
          "@name": "test_rule[[OP-041]unstaked][account][STATICCALL_undeployed_contract][drop]",
          "@time": "0.216",
          "failure": {
            "@message": "AttributeError: 'Ok' object has no attribute 'message'",
            "#text": "tests/single/bundle/test_storage_rules.py:772: in test_rule\n    case.assert_func(response)\ntests/single/bundle/test_storage_rules.py:22: in assert_error\n    assert_rpc_error(response, response.message, RPCErrorCode.BANNED_OPCODE)\nE   AttributeError: 'Ok' object has no attribute 'message'"
          },
          "system-out": "--------------------------------- Captured Log ---------------------------------\n\n--------------------------------- Captured Out ---------------------------------",
          "system-err": "--------------------------------- Captured Err ---------------------------------"
        },
        {
          "@classname": "tests.single.bundle.test_storage_rules",
          "@name": "test_rule[[OP-062]unstaked][account][CALL_undeployed_contract_allowed_precompile][ok]",
          "@time": "0.219"
        },
        {
          "@classname": "tests.single.bundle.test_storage_rules",
          "@name": "test_enough_verification_gas",
          "@time": "0.038",
          "failure": {
            "@message": "KeyError: 'verificationGasLimit'",
            "#text": "tests/single/bundle/test_storage_rules.py:799: in test_enough_verification_gas\n    verification_gas = response.result[\"verificationGasLimit\"]\nE   KeyError: 'verificationGasLimit'"
          },
          "system-out": "--------------------------------- Captured Log ---------------------------------\n\n--------------------------------- Captured Out ---------------------------------",
          "system-err": "--------------------------------- Captured Err ---------------------------------"
        },
        {
          "@classname": "tests.single.opbanning.test_op_banning",
          "@name": "test_account_banned_opcode[GAS]",
          "@time": "0.184"
        },
        {
          "@classname": "tests.single.opbanning.test_op_banning",
          "@name": "test_account_banned_opcode[NUMBER]",
          "@time": "0.182"
        },
        {
          "@classname": "tests.single.opbanning.test_op_banning",
          "@name": "test_account_banned_opcode[TIMESTAMP]",
          "@time": "0.185"
        },
        {
          "@classname": "tests.single.opbanning.test_op_banning",
          "@name": "test_account_banned_opcode[COINBASE]",
          "@time": "0.182"
        },
        {
          "@classname": "tests.single.opbanning.test_op_banning",
          "@name": "test_account_banned_opcode[DIFFICULTY]",
          "@time": "0.182"
        },
        {
          "@classname": "tests.single.opbanning.test_op_banning",
          "@name": "test_account_banned_opcode[BASEFEE]",
          "@time": "0.185"
        },
        {
          "@classname": "tests.single.opbanning.test_op_banning",
          "@name": "test_account_banned_opcode[GASLIMIT]",
          "@time": "0.185"
        },
        {
          "@classname": "tests.single.opbanning.test_op_banning",
          "@name": "test_account_banned_opcode[GASPRICE]",
          "@time": "0.186"
        },
        {
          "@classname": "tests.single.opbanning.test_op_banning",
          "@name": "test_account_banned_opcode[SELFBALANCE]",
          "@time": "0.184"
        },
        {
          "@classname": "tests.single.opbanning.test_op_banning",
          "@name": "test_account_banned_opcode[BALANCE]",
          "@time": "0.189"
        },
        {
          "@classname": "tests.single.opbanning.test_op_banning",
          "@name": "test_account_banned_opcode[ORIGIN]",
          "@time": "0.187"
        },
        {
          "@classname": "tests.single.opbanning.test_op_banning",
          "@name": "test_account_banned_opcode[BLOCKHASH]",
          "@time": "0.187"
        },
        {
          "@classname": "tests.single.opbanning.test_op_banning",
          "@name": "test_account_banned_opcode[CREATE]",
          "@time": "0.187"
        },
        {
          "@classname": "tests.single.opbanning.test_op_banning",
          "@name": "test_account_banned_opcode[CREATE2]",
          "@time": "0.188"
        },
        {
          "@classname": "tests.single.opbanning.test_op_banning",
          "@name": "test_account_banned_opcode[SELFDESTRUCT]",
          "@time": "0.192"
        },
        {
          "@classname": "tests.single.opbanning.test_op_banning",
          "@name": "test_account_allowed_opcode_sequence[GAS CALL]",
          "@time": "0.201"
        },
        {
          "@classname": "tests.single.opbanning.test_op_banning",
          "@name": "test_account_allowed_opcode_sequence[GAS DELEGATECALL]",
          "@time": "0.200"
        },
        {
          "@classname": "tests.single.opbanning.test_op_banning",
          "@name": "test_paymaster_banned_opcode[GAS]",
          "@time": "0.204"
        },
        {
          "@classname": "tests.single.opbanning.test_op_banning",
          "@name": "test_paymaster_banned_opcode[NUMBER]",
          "@time": "0.200"
        },
        {
          "@classname": "tests.single.opbanning.test_op_banning",
          "@name": "test_paymaster_banned_opcode[TIMESTAMP]",
          "@time": "0.206"
        },
        {
          "@classname": "tests.single.opbanning.test_op_banning",
          "@name": "test_paymaster_banned_opcode[COINBASE]",
          "@time": "0.234"
        },
        {
          "@classname": "tests.single.opbanning.test_op_banning",
          "@name": "test_paymaster_banned_opcode[DIFFICULTY]",
          "@time": "0.207"
        },
        {
          "@classname": "tests.single.opbanning.test_op_banning",
          "@name": "test_paymaster_banned_opcode[BASEFEE]",
          "@time": "0.204"
        },
        {
          "@classname": "tests.single.opbanning.test_op_banning",
          "@name": "test_paymaster_banned_opcode[GASLIMIT]",
          "@time": "0.206"
        },
        {
          "@classname": "tests.single.opbanning.test_op_banning",
          "@name": "test_paymaster_banned_opcode[GASPRICE]",
          "@time": "0.205"
        },
        {
          "@classname": "tests.single.opbanning.test_op_banning",
          "@name": "test_paymaster_banned_opcode[SELFBALANCE]",
          "@time": "0.207"
        },
        {
          "@classname": "tests.single.opbanning.test_op_banning",
          "@name": "test_paymaster_banned_opcode[BALANCE]",
          "@time": "0.205"
        },
        {
          "@classname": "tests.single.opbanning.test_op_banning",
          "@name": "test_paymaster_banned_opcode[ORIGIN]",
          "@time": "0.210"
        },
        {
          "@classname": "tests.single.opbanning.test_op_banning",
          "@name": "test_paymaster_banned_opcode[BLOCKHASH]",
          "@time": "0.204"
        },
        {
          "@classname": "tests.single.opbanning.test_op_banning",
          "@name": "test_paymaster_banned_opcode[CREATE]",
          "@time": "0.211"
        },
        {
          "@classname": "tests.single.opbanning.test_op_banning",
          "@name": "test_paymaster_banned_opcode[CREATE2]",
          "@time": "0.208"
        },
        {
          "@classname": "tests.single.opbanning.test_op_banning",
          "@name": "test_paymaster_banned_opcode[SELFDESTRUCT]",
          "@time": "0.208"
        },
        {
          "@classname": "tests.single.opbanning.test_op_banning",
          "@name": "test_factory_banned_opcode[GAS]",
          "@time": "0.262"
        },
        {
          "@classname": "tests.single.opbanning.test_op_banning",
          "@name": "test_factory_banned_opcode[NUMBER]",
          "@time": "0.259"
        },
        {
          "@classname": "tests.single.opbanning.test_op_banning",
          "@name": "test_factory_banned_opcode[TIMESTAMP]",
          "@time": "0.262"
        },
        {
          "@classname": "tests.single.opbanning.test_op_banning",
          "@name": "test_factory_banned_opcode[COINBASE]",
          "@time": "0.256"
        },
        {
          "@classname": "tests.single.opbanning.test_op_banning",
          "@name": "test_factory_banned_opcode[DIFFICULTY]",
          "@time": "0.259"
        },
        {
          "@classname": "tests.single.opbanning.test_op_banning",
          "@name": "test_factory_banned_opcode[BASEFEE]",
          "@time": "0.261"
        },
        {
          "@classname": "tests.single.opbanning.test_op_banning",
          "@name": "test_factory_banned_opcode[GASLIMIT]",
          "@time": "0.263"
        },
        {
          "@classname": "tests.single.opbanning.test_op_banning",
          "@name": "test_factory_banned_opcode[GASPRICE]",
          "@time": "0.260"
        },
        {
          "@classname": "tests.single.opbanning.test_op_banning",
          "@name": "test_factory_banned_opcode[SELFBALANCE]",
          "@time": "0.257"
        },
        {
          "@classname": "tests.single.opbanning.test_op_banning",
          "@name": "test_factory_banned_opcode[BALANCE]",
          "@time": "0.263"
        },
        {
          "@classname": "tests.single.opbanning.test_op_banning",
          "@name": "test_factory_banned_opcode[ORIGIN]",
          "@time": "0.263"
        },
        {
          "@classname": "tests.single.opbanning.test_op_banning",
          "@name": "test_factory_banned_opcode[BLOCKHASH]",
          "@time": "0.261"
        },
        {
          "@classname": "tests.single.opbanning.test_op_banning",
          "@name": "test_factory_banned_opcode[CREATE]",
          "@time": "0.268"
        },
        {
          "@classname": "tests.single.opbanning.test_op_banning",
          "@name": "test_factory_banned_opcode[CREATE2]",
          "@time": "0.267"
        },
        {
          "@classname": "tests.single.opbanning.test_op_banning",
          "@name": "test_factory_banned_opcode[SELFDESTRUCT]",
          "@time": "0.266"
        },
        {
          "@classname": "tests.single.reputation.test_reputation",
          "@name": "test_staked_entity_reputation_threshold[with_factory]",
          "@time": "0.328",
          "failure": {
            "@message": "AttributeError: 'str' object has no attribute 'address'",
            "#text": "tests/single/reputation/test_reputation.py:71: in test_staked_entity_reputation_threshold\n    ops_included = next(\ntests/single/reputation/test_reputation.py:72: in <genexpr>\n    (rep for rep in reputations if rep.address == paymaster_contract.address), {}\nE   AttributeError: 'str' object has no attribute 'address'"
          },
          "system-out": "--------------------------------- Captured Log ---------------------------------\n\n--------------------------------- Captured Out ---------------------------------",
          "system-err": "--------------------------------- Captured Err ---------------------------------"
        },
        {
          "@classname": "tests.single.reputation.test_reputation",
          "@name": "test_staked_entity_reputation_threshold[without_factory]",
          "@time": "0.167",
          "failure": {
            "@message": "AttributeError: 'str' object has no attribute 'address'",
            "#text": "tests/single/reputation/test_reputation.py:71: in test_staked_entity_reputation_threshold\n    ops_included = next(\ntests/single/reputation/test_reputation.py:72: in <genexpr>\n    (rep for rep in reputations if rep.address == paymaster_contract.address), {}\nE   AttributeError: 'str' object has no attribute 'address'"
          },
          "system-out": "--------------------------------- Captured Log ---------------------------------\n\n--------------------------------- Captured Out ---------------------------------",
          "system-err": "--------------------------------- Captured Err ---------------------------------"
        },
        {
          "@classname": "tests.single.rpc.test_eth_chainId",
          "@name": "test_eth_chainId[]",
          "@time": "0.008"
        },
        {
          "@classname": "tests.single.rpc.test_eth_estimateUserOperationGas",
          "@name": "test_eth_estimateUserOperationGas[]",
          "@time": "0.029",
          "failure": {
            "@message": "jsonschema.exceptions.ValidationError: 'verificationGasLimit' is a required property\n\nFailed validating 'required' in schema:\n    {'properties': {'callGasLimit': {'oneOf': [{'pattern': '^0x([1-9a-f]+[0-9a-f]*|0)$',\n                                                'type': 'string'},\n                                               {'type': 'number'}],\n                                     'title': 'callGasLimit'},\n                    'preVerificationGas': {'oneOf': [{'pattern': '^0x([1-9a-f]+[0-9a-f]*|0)$',\n                                                      'type': 'string'},\n                                                     {'type': 'number'}],\n                                           'title': 'preVerificationGas'},\n                    'verificationGasLimit': {'oneOf': [{'pattern': '^0x([1-9a-f]+[0-9a-f]*|0)$',\n                                                        'type': 'string'},\n                                                       {'type': 'number'}],\n                                             'title': 'verificationGasLimit'}},\n     'required': ['callGasLimit',\n                  'preVerificationGas',\n                  'verificationGasLimit'],\n     'title': 'UserOperation Gas parameters',\n     'type': 'object'}\n\nOn instance:\n    {'callGasLimit': '0xac8a',\n     'deadline': 281474976710655,\n     'preVerificationGas': 48220,\n     'verificationGas': 334374}",
            "#text": "tests/single/rpc/test_eth_estimateUserOperationGas.py:20: in test_eth_estimateUserOperationGas\n    validate(instance=response.result, schema=schema)\n.venv/lib/python3.10/site-packages/jsonschema/validators.py:1121: in validate\n    raise error\nE   jsonschema.exceptions.ValidationError: 'verificationGasLimit' is a required property\nE   \nE   Failed validating 'required' in schema:\nE       {'properties': {'callGasLimit': {'oneOf': [{'pattern': '^0x([1-9a-f]+[0-9a-f]*|0)$',\nE                                                   'type': 'string'},\nE                                                  {'type': 'number'}],\nE                                        'title': 'callGasLimit'},\nE                       'preVerificationGas': {'oneOf': [{'pattern': '^0x([1-9a-f]+[0-9a-f]*|0)$',\nE                                                         'type': 'string'},\nE                                                        {'type': 'number'}],\nE                                              'title': 'preVerificationGas'},\nE                       'verificationGasLimit': {'oneOf': [{'pattern': '^0x([1-9a-f]+[0-9a-f]*|0)$',\nE                                                           'type': 'string'},\nE                                                          {'type': 'number'}],\nE                                                'title': 'verificationGasLimit'}},\nE        'required': ['callGasLimit',\nE                     'preVerificationGas',\nE                     'verificationGasLimit'],\nE        'title': 'UserOperation Gas parameters',\nE        'type': 'object'}\nE   \nE   On instance:\nE       {'callGasLimit': '0xac8a',\nE        'deadline': 281474976710655,\nE        'preVerificationGas': 48220,\nE        'verificationGas': 334374}"
          },
          "system-out": "--------------------------------- Captured Log ---------------------------------\n\n--------------------------------- Captured Out ---------------------------------",
          "system-err": "--------------------------------- Captured Err ---------------------------------"
        },
        {
          "@classname": "tests.single.rpc.test_eth_estimateUserOperationGas",
          "@name": "test_eth_estimateUserOperationGas_execution_revert",
          "@time": "0.025"
        },
        {
          "@classname": "tests.single.rpc.test_eth_estimateUserOperationGas",
          "@name": "test_eth_estimateUserOperationGas_simulation_revert",
          "@time": "0.023"
        },
        {
          "@classname": "tests.single.rpc.test_eth_getUserOperationByHash",
          "@name": "test_eth_getUserOperationByHash[]",
          "@time": "0.138"
        },
        {
          "@classname": "tests.single.rpc.test_eth_getUserOperationByHash",
          "@name": "test_eth_getUserOperationByHash_error",
          "@time": "0.003"
        },
        {
          "@classname": "tests.single.rpc.test_eth_getUserOperationReceipt",
          "@name": "test_eth_getUserOperationReceipt[]",
          "@time": "0.150"
        },
        {
          "@classname": "tests.single.rpc.test_eth_getUserOperationReceipt",
          "@name": "test_eth_getUserOperationReceipt_error",
          "@time": "0.003"
        },
        {
          "@classname": "tests.single.rpc.test_eth_sendUserOperation",
          "@name": "test_eth_sendUserOperation[]",
          "@time": "0.155"
        },
        {
          "@classname": "tests.single.rpc.test_eth_sendUserOperation",
          "@name": "test_eth_sendUserOperation_revert",
          "@time": "0.036"
        },
        {
          "@classname": "tests.single.rpc.test_eth_sendUserOperation",
          "@name": "test_eth_sendUserOperation_invalid_signature",
          "@time": "0.025"
        },
        {
          "@classname": "tests.single.rpc.test_eth_supportedEntryPoints",
          "@name": "test_eth_supportedEntryPoints[]",
          "@time": "0.013"
        }
      ]
    }
  }
}
