Tue May 28 10:49:44 UTC 2024: starting bundler /home/runner/work/bundler-test-executor/bundler-test-executor/bundlers/rundler/rundler.yml, name=rundler
Tue May 28 10:50:04 UTC 2024: started bundler /home/runner/work/bundler-test-executor/bundler-test-executor/bundlers/rundler/rundler.yml, name=rundler
============================= test session starts ==============================
platform linux -- Python 3.10.12, pytest-7.2.0, pluggy-1.0.0
rootdir: /home/runner/work/bundler-test-executor/bundler-test-executor/bundler-spec-tests
plugins: web3-5.31.1
collected 171 items

tests/single/bundle/test_bundle.py .......FFFFFFFFF....F                 [ 12%]
tests/single/bundle/test_codehash.py F                                   [ 12%]
tests/single/bundle/test_storage_rules.py ........F..................... [ 30%]
..............................F...........................               [ 64%]
tests/single/opbanning/test_op_banning.py .............................. [ 81%]
.................                                                        [ 91%]
tests/single/reputation/test_reputation.py FF                            [ 92%]
tests/single/rpc/test_eth_chainId.py .                                   [ 93%]
tests/single/rpc/test_eth_estimateUserOperationGas.py ...                [ 95%]
tests/single/rpc/test_eth_getUserOperationByHash.py .F                   [ 96%]
tests/single/rpc/test_eth_getUserOperationReceipt.py .F                  [ 97%]
tests/single/rpc/test_eth_sendUserOperation.py ..F                       [ 99%]
tests/single/rpc/test_eth_supportedEntryPoints.py .                      [100%]

=================================== FAILURES ===================================
_ test_mempool_reputation_rules_all_entities[SREP-020-banned-entity-not-allowed-banned-sender] _
tests/single/bundle/test_bundle.py:141: in test_mempool_reputation_rules_all_entities
    set_reputation(
tests/utils.py:259: in set_reputation
    )
E   AttributeError: 'Error' object has no attribute 'result'
_ test_mempool_reputation_rules_all_entities[SREP-020-banned-entity-not-allowed-banned-paymaster] _
tests/single/bundle/test_bundle.py:147: in test_mempool_reputation_rules_all_entities
    set_reputation(
tests/utils.py:259: in set_reputation
    )
E   AttributeError: 'Error' object has no attribute 'result'
_ test_mempool_reputation_rules_all_entities[SREP-020-banned-entity-not-allowed-banned-factory] _
tests/single/bundle/test_bundle.py:153: in test_mempool_reputation_rules_all_entities
    set_reputation(
tests/utils.py:259: in set_reputation
    )
E   AttributeError: 'Error' object has no attribute 'result'
_ test_mempool_reputation_rules_all_entities[SREP-030-throttled-entity-allowed-a-little-throttled-sender] _
tests/single/bundle/test_bundle.py:141: in test_mempool_reputation_rules_all_entities
    set_reputation(
tests/utils.py:259: in set_reputation
    )
E   AttributeError: 'Error' object has no attribute 'result'
_ test_mempool_reputation_rules_all_entities[SREP-030-throttled-entity-allowed-a-little-throttled-paymaster] _
tests/single/bundle/test_bundle.py:147: in test_mempool_reputation_rules_all_entities
    set_reputation(
tests/utils.py:259: in set_reputation
    )
E   AttributeError: 'Error' object has no attribute 'result'
_ test_mempool_reputation_rules_all_entities[SREP-030-throttled-entity-allowed-a-little-throttled-factory] _
tests/single/bundle/test_bundle.py:153: in test_mempool_reputation_rules_all_entities
    set_reputation(
tests/utils.py:259: in set_reputation
    )
E   AttributeError: 'Error' object has no attribute 'result'
_ test_mempool_reputation_rules_all_entities[UREP-010 UREP-020-unstaked-entity-allowed-function-unstaked-sender] _
tests/single/bundle/test_bundle.py:141: in test_mempool_reputation_rules_all_entities
    set_reputation(
tests/utils.py:259: in set_reputation
    )
E   AttributeError: 'Error' object has no attribute 'result'
_ test_mempool_reputation_rules_all_entities[UREP-010 UREP-020-unstaked-entity-allowed-function-unstaked-paymaster] _
tests/single/bundle/test_bundle.py:147: in test_mempool_reputation_rules_all_entities
    set_reputation(
tests/utils.py:259: in set_reputation
    )
E   AttributeError: 'Error' object has no attribute 'result'
_ test_mempool_reputation_rules_all_entities[UREP-010 UREP-020-unstaked-entity-allowed-function-unstaked-factory] _
tests/single/bundle/test_bundle.py:153: in test_mempool_reputation_rules_all_entities
    set_reputation(
tests/utils.py:259: in set_reputation
    )
E   AttributeError: 'Error' object has no attribute 'result'
_________________________ test_stake_check_in_bundler __________________________
tests/single/bundle/test_bundle.py:379: in test_stake_check_in_bundler
    assert response["stakeInfo"]["addr"] == paymaster_contract.address
E   AssertionError: assert '0x346498b413...0ba19a1cd8856' == '0x346498b413...0ba19a1cD8856'
E     - 0x346498b4133E00518d0CC49AC5f0ba19a1cD8856
E     ?              ^       ^^  ^^          ^
E     + 0x346498b4133e00518d0cc49ac5f0ba19a1cd8856
E     ?              ^       ^^  ^^          ^
____________________________ test_codehash_changed _____________________________
tests/single/bundle/test_codehash.py:52: in test_codehash_changed
    account1, codehash1 = create_account(
tests/single/bundle/test_codehash.py:25: in create_account
    ).transact({"from": w3.eth.accounts[0], "value": 10**18})
.venv/lib/python3.10/site-packages/web3/contract.py:1010: in transact
    return transact_with_contract_function(
.venv/lib/python3.10/site-packages/web3/contract.py:1614: in transact_with_contract_function
    txn_hash = web3.eth.send_transaction(transact_transaction)
.venv/lib/python3.10/site-packages/web3/eth.py:828: in send_transaction
    return self._send_transaction(transaction)
.venv/lib/python3.10/site-packages/web3/module.py:57: in caller
    result = w3.manager.request_blocking(method_str,
.venv/lib/python3.10/site-packages/web3/manager.py:197: in request_blocking
    response = self._make_request(method, params)
.venv/lib/python3.10/site-packages/web3/manager.py:150: in _make_request
    return request_func(method, params)
.venv/lib/python3.10/site-packages/web3/middleware/formatting.py:94: in middleware
    response = make_request(method, params)
.venv/lib/python3.10/site-packages/web3/middleware/gas_price_strategy.py:89: in middleware
    return make_request(method, (transaction,))
.venv/lib/python3.10/site-packages/web3/middleware/formatting.py:94: in middleware
    response = make_request(method, params)
.venv/lib/python3.10/site-packages/web3/middleware/attrdict.py:33: in middleware
    response = make_request(method, params)
.venv/lib/python3.10/site-packages/web3/middleware/formatting.py:94: in middleware
    response = make_request(method, params)
.venv/lib/python3.10/site-packages/web3/middleware/formatting.py:94: in middleware
    response = make_request(method, params)
.venv/lib/python3.10/site-packages/web3/middleware/formatting.py:94: in middleware
    response = make_request(method, params)
.venv/lib/python3.10/site-packages/web3/middleware/buffered_gas_estimate.py:37: in middleware
    hex(get_buffered_gas_estimate(web3, transaction)),
.venv/lib/python3.10/site-packages/web3/_utils/transactions.py:134: in get_buffered_gas_estimate
    gas_estimate = web3.eth.estimate_gas(gas_estimate_transaction)
.venv/lib/python3.10/site-packages/web3/eth.py:868: in estimate_gas
    return self._estimate_gas(transaction, block_identifier)
.venv/lib/python3.10/site-packages/web3/module.py:57: in caller
    result = w3.manager.request_blocking(method_str,
.venv/lib/python3.10/site-packages/web3/manager.py:198: in request_blocking
    return self.formatted_response(response,
.venv/lib/python3.10/site-packages/web3/manager.py:170: in formatted_response
    apply_error_formatters(error_formatters, response)
.venv/lib/python3.10/site-packages/web3/manager.py:70: in apply_error_formatters
    formatted_resp = pipe(response, error_formatters)
cytoolz/functoolz.pyx:666: in cytoolz.functoolz.pipe
    ???
cytoolz/functoolz.pyx:641: in cytoolz.functoolz.c_pipe
    ???
.venv/lib/python3.10/site-packages/web3/_utils/method_formatters.py:580: in raise_solidity_error_on_revert
    raise ContractLogicError('execution reverted')
E   web3.exceptions.ContractLogicError: execution reverted
___________ test_rule[[EREP-050]unstaked][paymaster][context][drop] ____________
tests/single/bundle/test_storage_rules.py:774: in test_rule
    case.assert_func(response)
tests/single/bundle/test_storage_rules.py:19: in assert_error
    assert_rpc_error(response, response.message, RPCErrorCode.BANNED_OPCODE)
E   AttributeError: 'Ok' object has no attribute 'message'
_ test_rule[[STO-022]unstaked][paymaster][account_reference_storage_init_code][drop1] _
tests/single/bundle/test_storage_rules.py:774: in test_rule
    case.assert_func(response)
tests/single/bundle/test_storage_rules.py:19: in assert_error
    assert_rpc_error(response, response.message, RPCErrorCode.BANNED_OPCODE)
E   AttributeError: 'Ok' object has no attribute 'message'
____________ test_staked_entity_reputation_threshold[with_factory] _____________
tests/single/reputation/test_reputation.py:95: in test_staked_entity_reputation_threshold
    wallet_ops = [
tests/single/reputation/test_reputation.py:97: in <listcomp>
    sender=deposit_to_undeployed_sender(
E   TypeError: deposit_to_undeployed_sender() missing 1 required positional argument: 'factory_data'
___________ test_staked_entity_reputation_threshold[without_factory] ___________
tests/single/reputation/test_reputation.py:134: in test_staked_entity_reputation_threshold
    assert_reputation_status(
tests/single/reputation/test_reputation.py:49: in assert_reputation_status
    assert int(reputation.get("status", "-0x1"), 16) == status, (
E   ValueError: invalid literal for int() with base 16: 'ok'
____________________ test_eth_getUserOperationByHash_error _____________________
tests/single/rpc/test_eth_getUserOperationByHash.py:28: in test_eth_getUserOperationByHash_error
    assert_rpc_error(
tests/utils.py:155: in assert_rpc_error
    assert message.lower() in response.message.lower()
E   AssertionError: assert 'missing/invalid userophash' in 'invalid params'
E    +  where 'missing/invalid userophash' = <built-in method lower of str object at 0x7fae25956a60>()
E    +    where <built-in method lower of str object at 0x7fae25956a60> = 'Missing/invalid userOpHash'.lower
E    +  and   'invalid params' = <built-in method lower of str object at 0x7fae259e8930>()
E    +    where <built-in method lower of str object at 0x7fae259e8930> = 'Invalid params'.lower
E    +      where 'Invalid params' = Error(code=-32602, message='Invalid params', data='invalid length 0, expected a (both 0x-prefixed or not) hex string or byte array containing 32 bytes at line 1 column 2', id=498).message
____________________ test_eth_getUserOperationReceipt_error ____________________
tests/single/rpc/test_eth_getUserOperationReceipt.py:26: in test_eth_getUserOperationReceipt_error
    assert_rpc_error(
tests/utils.py:155: in assert_rpc_error
    assert message.lower() in response.message.lower()
E   AssertionError: assert 'missing/invalid userophash' in 'invalid params'
E    +  where 'missing/invalid userophash' = <built-in method lower of str object at 0x7fae25956e20>()
E    +    where <built-in method lower of str object at 0x7fae25956e20> = 'Missing/invalid userOpHash'.lower
E    +  and   'invalid params' = <built-in method lower of str object at 0x7fae24ed43f0>()
E    +    where <built-in method lower of str object at 0x7fae24ed43f0> = 'Invalid params'.lower
E    +      where 'Invalid params' = Error(code=-32602, message='Invalid params', data='invalid length 0, expected a (both 0x-prefixed or not) hex string or byte array containing 32 bytes at line 1 column 2', id=502).message
_________________ test_eth_sendUserOperation_invalid_signature _________________
tests/single/rpc/test_eth_sendUserOperation.py:38: in test_eth_sendUserOperation_invalid_signature
    assert_rpc_error(
tests/utils.py:155: in assert_rpc_error
    assert message.lower() in response.message.lower()
E   AssertionError: assert 'invalid userop signature or paymaster signature' in 'invalid account signature'
E    +  where 'invalid userop signature or paymaster signature' = <built-in method lower of str object at 0x7fae259900f0>()
E    +    where <built-in method lower of str object at 0x7fae259900f0> = 'Invalid UserOp signature or paymaster signature'.lower
E    +  and   'invalid account signature' = <built-in method lower of str object at 0x7fae2503d700>()
E    +    where <built-in method lower of str object at 0x7fae2503d700> = 'Invalid account signature'.lower
E    +      where 'Invalid account signature' = Error(code=-32507, message='Invalid account signature', data=None, id=507).message
=============================== warnings summary ===============================
tests/single/bundle/test_codehash.py::test_codehash_changed
  /home/runner/work/bundler-test-executor/bundler-test-executor/bundler-spec-tests/.venv/lib/python3.10/site-packages/web3/contract.py:1190: UserWarning: The log with transaction hash: HexBytes('0x76103bc040dfd6501804f8901318f329f7da767c3b31a6f66ff1bfc10698e1dd') and logIndex: 0 encountered the following error during processing: MismatchedABI(The event signature did not match the provided ABI). It has been discarded.
    warnings.warn(

-- Docs: https://docs.pytest.org/en/stable/how-to/capture-warnings.html
==================================== PASSES ====================================
_____________________ test_max_allowed_ops_unstaked_sender _____________________
----------------------------- Captured stdout call -----------------------------
pack_uints 0xf4240 0x493e0
pack_uints 0xb2d05e00 0xee6b2800
______________________ test_max_allowed_ops_staked_sender ______________________
----------------------------- Captured stdout call -----------------------------
pack_uints 0xf4240 0x493e0
pack_uints 0xb2d05e00 0xee6b2800
______________ test_ban_user_op_access_other_ops_sender_in_bundle ______________
----------------------------- Captured stdout call -----------------------------
pack_uints 0xf4240 0x493e0
pack_uints 0xb2d05e00 0xee6b2800
pack_uints 0xf4240 0x493e0
pack_uints 0xb2d05e00 0xee6b2800
______________________ test_eth_getUserOperationByHash[] _______________________
----------------------------- Captured stdout call -----------------------------
pack_uints 0xf4240 0x493e0
pack_uints 0xb2d05e00 0xee6b2800
pack_uints 0xf4240 0x493e0
pack_uints 0xb2d05e00 0xee6b2800
pack_uints 0xf4240 0x493e0
pack_uints 0xb2d05e00 0xee6b2800
______________________ test_eth_getUserOperationReceipt[] ______________________
----------------------------- Captured stdout call -----------------------------
pack_uints 0xf4240 0x493e0
pack_uints 0xb2d05e00 0xee6b2800
pack_uints 0xf4240 0x493e0
pack_uints 0xb2d05e00 0xee6b2800
_________________________ test_eth_sendUserOperation[] _________________________
----------------------------- Captured stdout call -----------------------------
pack_uints 0xf4240 0x493e0
pack_uints 0xb2d05e00 0xee6b2800
- generated xml file: /home/runner/work/bundler-test-executor/bundler-test-executor/build/out/rundler.xml -
=========================== short test summary info ============================
PASSED tests/single/bundle/test_bundle.py::test_bundle_replace_op[only_priority_fee_bump]
PASSED tests/single/bundle/test_bundle.py::test_bundle_replace_op[only_max_fee_bump]
PASSED tests/single/bundle/test_bundle.py::test_bundle_replace_op[with_same_fee]
PASSED tests/single/bundle/test_bundle.py::test_bundle_replace_op[with_less_fee]
PASSED tests/single/bundle/test_bundle.py::test_bundle_replace_op[fee_bump_below_threshold]
PASSED tests/single/bundle/test_bundle.py::test_bundle_replace_op[fee_bump_at_threshold]
PASSED tests/single/bundle/test_bundle.py::test_bundle_replace_op[fee_bump_above_threshold]
PASSED tests/single/bundle/test_bundle.py::test_max_allowed_ops_unstaked_sender
PASSED tests/single/bundle/test_bundle.py::test_max_allowed_ops_staked_sender
PASSED tests/single/bundle/test_bundle.py::test_ban_user_op_access_other_ops_sender_in_bundle
PASSED tests/single/bundle/test_bundle.py::test_ban_user_sender_double_role_in_bundle
PASSED tests/single/bundle/test_storage_rules.py::test_rule[[STO-000]unstaked][paymaster][no_storage][ok]
PASSED tests/single/bundle/test_storage_rules.py::test_rule[[STO-031]unstaked][paymaster][storage][drop]
PASSED tests/single/bundle/test_storage_rules.py::test_rule[[STO-032]unstaked][paymaster][reference_storage][drop]
PASSED tests/single/bundle/test_storage_rules.py::test_rule[[STO-032]unstaked][paymaster][reference_storage_struct][drop]
PASSED tests/single/bundle/test_storage_rules.py::test_rule[[STO-010]unstaked][paymaster][account_storage][ok]
PASSED tests/single/bundle/test_storage_rules.py::test_rule[[STO-021]unstaked][paymaster][account_reference_storage][ok]
PASSED tests/single/bundle/test_storage_rules.py::test_rule[[STO-021]unstaked][paymaster][account_reference_storage_struct][ok]
PASSED tests/single/bundle/test_storage_rules.py::test_rule[[STO-022]unstaked][paymaster][account_reference_storage_init_code][drop0]
PASSED tests/single/bundle/test_storage_rules.py::test_rule[[STO-032]unstaked][paymaster][external_storage_read][drop]
PASSED tests/single/bundle/test_storage_rules.py::test_rule[[OP-020]unstaked][paymaster][out_of_gas][drop]
PASSED tests/single/bundle/test_storage_rules.py::test_rule[[OP-020]unstaked][paymaster][sstore_out_of_gas][drop]
PASSED tests/single/bundle/test_storage_rules.py::test_rule[[STO-000]staked][paymaster][no_storage][ok]
PASSED tests/single/bundle/test_storage_rules.py::test_rule[[STO-031]staked][paymaster][storage][ok]
PASSED tests/single/bundle/test_storage_rules.py::test_rule[[STO-032]staked][paymaster][reference_storage][ok]
PASSED tests/single/bundle/test_storage_rules.py::test_rule[[STO-032]staked][paymaster][reference_storage_struct][ok]
PASSED tests/single/bundle/test_storage_rules.py::test_rule[[STO-033]staked][paymaster][reference_storage_struct][ok]
PASSED tests/single/bundle/test_storage_rules.py::test_rule[[STO-010]staked][paymaster][account_storage][ok]
PASSED tests/single/bundle/test_storage_rules.py::test_rule[[STO-021]staked][paymaster][account_reference_storage][ok]
PASSED tests/single/bundle/test_storage_rules.py::test_rule[[STO-021]staked][paymaster][account_reference_storage_struct][ok]
PASSED tests/single/bundle/test_storage_rules.py::test_rule[[STO-022]staked][paymaster][account_reference_storage_init_code][ok]
PASSED tests/single/bundle/test_storage_rules.py::test_rule[[EREP-050]staked][paymaster][context][ok]
PASSED tests/single/bundle/test_storage_rules.py::test_rule[[STO-033]staked][paymaster][external_storage_write][drop]
PASSED tests/single/bundle/test_storage_rules.py::test_rule[[STO-033]staked][paymaster][external_storage_read][ok]
PASSED tests/single/bundle/test_storage_rules.py::test_rule[[OP-020]staked][paymaster][out_of_gas][drop]
PASSED tests/single/bundle/test_storage_rules.py::test_rule[[OP-020]staked][paymaster][sstore_out_of_gas][drop]
PASSED tests/single/bundle/test_storage_rules.py::test_rule[[STO-000]unstaked][factory][no_storage][ok]
PASSED tests/single/bundle/test_storage_rules.py::test_rule[[STO-000]unstaked][factory][storage][drop]
PASSED tests/single/bundle/test_storage_rules.py::test_rule[[STO-000]unstaked][factory][reference_storage][drop]
PASSED tests/single/bundle/test_storage_rules.py::test_rule[[STO-032]unstaked][factory][reference_storage_struct][drop]
PASSED tests/single/bundle/test_storage_rules.py::test_rule[[STO-010]unstaked][factory][account_storage][ok]
PASSED tests/single/bundle/test_storage_rules.py::test_rule[[STO-021]unstaked][factory][account_reference_storage][drop]
PASSED tests/single/bundle/test_storage_rules.py::test_rule[[STO-021]unstaked][factory][account_reference_storage_struct][drop]
PASSED tests/single/bundle/test_storage_rules.py::test_rule[[STO-000]unstaked][factory][external_storage_read][drop]
PASSED tests/single/bundle/test_storage_rules.py::test_rule[[OP-042]unstaked][factory][EXTCODEx_CALLx_undeployed_sender][ok]
PASSED tests/single/bundle/test_storage_rules.py::test_rule[[OP-041]unstaked][factory][EXTCODESIZE_undeployed_contract][drop]
PASSED tests/single/bundle/test_storage_rules.py::test_rule[[OP-041]unstaked][factory][EXTCODEHASH_undeployed_contract][drop]
PASSED tests/single/bundle/test_storage_rules.py::test_rule[[OP-041]unstaked][factory][EXTCODECOPY_undeployed_contract][drop]
PASSED tests/single/bundle/test_storage_rules.py::test_rule[[OP-041]unstaked][factory][CALL_undeployed_contract][drop]
PASSED tests/single/bundle/test_storage_rules.py::test_rule[[OP-041]unstaked][factory][CALLCODE_undeployed_contract][drop]
PASSED tests/single/bundle/test_storage_rules.py::test_rule[[OP-041]unstaked][factory][DELEGATECALL_undeployed_contract][drop]
PASSED tests/single/bundle/test_storage_rules.py::test_rule[[OP-041]unstaked][factory][STATICCALL_undeployed_contract][drop]
PASSED tests/single/bundle/test_storage_rules.py::test_rule[[OP-020]unstaked][factory][out_of_gas][drop]
PASSED tests/single/bundle/test_storage_rules.py::test_rule[[OP-020]unstaked][factory][sstore_out_of_gas][drop]
PASSED tests/single/bundle/test_storage_rules.py::test_rule[[STO-000]staked][factory][no_storage][ok]
PASSED tests/single/bundle/test_storage_rules.py::test_rule[[STO-031]staked][factory][storage][ok]
PASSED tests/single/bundle/test_storage_rules.py::test_rule[[STO-032]staked][factory][reference_storage][ok]
PASSED tests/single/bundle/test_storage_rules.py::test_rule[[STO-032]staked][factory][reference_storage_struct][ok]
PASSED tests/single/bundle/test_storage_rules.py::test_rule[[STO-010]staked][factory][account_storage][ok]
PASSED tests/single/bundle/test_storage_rules.py::test_rule[[STO-021]staked][factory][account_reference_storage][ok]
PASSED tests/single/bundle/test_storage_rules.py::test_rule[[STO-021]staked][factory][account_reference_storage_struct][ok]
PASSED tests/single/bundle/test_storage_rules.py::test_rule[[STO-033]staked][factory][external_storage_write][drop]
PASSED tests/single/bundle/test_storage_rules.py::test_rule[[STO-033]staked][factory][external_storage_read][ok]
PASSED tests/single/bundle/test_storage_rules.py::test_rule[[OP-020]staked][factory][out_of_gas][drop]
PASSED tests/single/bundle/test_storage_rules.py::test_rule[[OP-020]staked][factory][sstore_out_of_gas][drop]
PASSED tests/single/bundle/test_storage_rules.py::test_rule[[STO-000]unstaked][account][no_storage][ok]
PASSED tests/single/bundle/test_storage_rules.py::test_rule[[STO-010]unstaked][account][account_storage][ok]
PASSED tests/single/bundle/test_storage_rules.py::test_rule[[STO-021]unstaked][account][account_reference_storage][ok]
PASSED tests/single/bundle/test_storage_rules.py::test_rule[[STO-022]unstaked][account][account_reference_storage_init_code][drop]
PASSED tests/single/bundle/test_storage_rules.py::test_rule[[STO-022]unstaked][account][account_reference_storage_init_code][ok]
PASSED tests/single/bundle/test_storage_rules.py::test_rule[[STO-021]unstaked][account][account_reference_storage_struct][ok]
PASSED tests/single/bundle/test_storage_rules.py::test_rule[[STO-000]unstaked][account][external_storage_read][drop]
PASSED tests/single/bundle/test_storage_rules.py::test_rule[[OP-020]unstaked][account][out_of_gas][drop]
PASSED tests/single/bundle/test_storage_rules.py::test_rule[[OP-020]unstaked][account][sstore_out_of_gas][drop]
PASSED tests/single/bundle/test_storage_rules.py::test_rule[[STO-000]staked][account][no_storage][ok]
PASSED tests/single/bundle/test_storage_rules.py::test_rule[[STO-010]staked][account][account_storage][ok]
PASSED tests/single/bundle/test_storage_rules.py::test_rule[[STO-021]staked][account][account_reference_storage][ok]
PASSED tests/single/bundle/test_storage_rules.py::test_rule[[STO-021]staked][account][account_reference_storage_struct][ok]
PASSED tests/single/bundle/test_storage_rules.py::test_rule[[OP-020]staked][account][out_of_gas][drop]
PASSED tests/single/bundle/test_storage_rules.py::test_rule[[OP-020]staked][account][sstore_out_of_gas][drop]
PASSED tests/single/bundle/test_storage_rules.py::test_rule[[STO-033]staked][account][external_storage_write][drop]
PASSED tests/single/bundle/test_storage_rules.py::test_rule[[STO-033]staked][account][external_storage_read][ok]
PASSED tests/single/bundle/test_storage_rules.py::test_rule[[OP-011]unstaked][account][entryPoint_call_balanceOf][drop]
PASSED tests/single/bundle/test_storage_rules.py::test_rule[[OP-061]unstaked][account][eth_value_transfer_forbidden][drop]
PASSED tests/single/bundle/test_storage_rules.py::test_rule[[OP-053]unstaked][account][eth_value_transfer_entryPoint][ok]
PASSED tests/single/bundle/test_storage_rules.py::test_rule[[OP-052]unstaked][account][eth_value_transfer_entryPoint_depositTo][ok]
PASSED tests/single/bundle/test_storage_rules.py::test_rule[[OP-041]unstaked][account][EXTCODESIZE_undeployed_contract][drop]
PASSED tests/single/bundle/test_storage_rules.py::test_rule[[OP-041]unstaked][account][EXTCODEHASH_undeployed_contract][drop]
PASSED tests/single/bundle/test_storage_rules.py::test_rule[[OP-041]unstaked][account][EXTCODECOPY_undeployed_contract][drop]
PASSED tests/single/bundle/test_storage_rules.py::test_rule[[OP-054]unstaked][account][EXTCODESIZE_entrypoint][drop]
PASSED tests/single/bundle/test_storage_rules.py::test_rule[[OP-054]unstaked][account][EXTCODEHASH_entrypoint][drop]
PASSED tests/single/bundle/test_storage_rules.py::test_rule[[OP-054]unstaked][account][EXTCODECOPY_entrypoint][drop]
PASSED tests/single/bundle/test_storage_rules.py::test_rule[[OP-041]unstaked][account][CALL_undeployed_contract][drop]
PASSED tests/single/bundle/test_storage_rules.py::test_rule[[OP-041]unstaked][account][CALLCODE_undeployed_contract][drop]
PASSED tests/single/bundle/test_storage_rules.py::test_rule[[OP-041]unstaked][account][DELEGATECALL_undeployed_contract][drop]
PASSED tests/single/bundle/test_storage_rules.py::test_rule[[OP-041]unstaked][account][STATICCALL_undeployed_contract][drop]
PASSED tests/single/bundle/test_storage_rules.py::test_rule[[OP-062]unstaked][account][CALL_undeployed_contract_allowed_precompile][ok]
PASSED tests/single/opbanning/test_op_banning.py::test_account_banned_opcode[GAS]
PASSED tests/single/opbanning/test_op_banning.py::test_account_banned_opcode[NUMBER]
PASSED tests/single/opbanning/test_op_banning.py::test_account_banned_opcode[TIMESTAMP]
PASSED tests/single/opbanning/test_op_banning.py::test_account_banned_opcode[COINBASE]
PASSED tests/single/opbanning/test_op_banning.py::test_account_banned_opcode[DIFFICULTY]
PASSED tests/single/opbanning/test_op_banning.py::test_account_banned_opcode[BASEFEE]
PASSED tests/single/opbanning/test_op_banning.py::test_account_banned_opcode[GASLIMIT]
PASSED tests/single/opbanning/test_op_banning.py::test_account_banned_opcode[GASPRICE]
PASSED tests/single/opbanning/test_op_banning.py::test_account_banned_opcode[SELFBALANCE]
PASSED tests/single/opbanning/test_op_banning.py::test_account_banned_opcode[BALANCE]
PASSED tests/single/opbanning/test_op_banning.py::test_account_banned_opcode[ORIGIN]
PASSED tests/single/opbanning/test_op_banning.py::test_account_banned_opcode[BLOCKHASH]
PASSED tests/single/opbanning/test_op_banning.py::test_account_banned_opcode[CREATE]
PASSED tests/single/opbanning/test_op_banning.py::test_account_banned_opcode[CREATE2]
PASSED tests/single/opbanning/test_op_banning.py::test_account_banned_opcode[SELFDESTRUCT]
PASSED tests/single/opbanning/test_op_banning.py::test_account_allowed_opcode_sequence[GAS CALL]
PASSED tests/single/opbanning/test_op_banning.py::test_account_allowed_opcode_sequence[GAS DELEGATECALL]
PASSED tests/single/opbanning/test_op_banning.py::test_paymaster_banned_opcode[GAS]
PASSED tests/single/opbanning/test_op_banning.py::test_paymaster_banned_opcode[NUMBER]
PASSED tests/single/opbanning/test_op_banning.py::test_paymaster_banned_opcode[TIMESTAMP]
PASSED tests/single/opbanning/test_op_banning.py::test_paymaster_banned_opcode[COINBASE]
PASSED tests/single/opbanning/test_op_banning.py::test_paymaster_banned_opcode[DIFFICULTY]
PASSED tests/single/opbanning/test_op_banning.py::test_paymaster_banned_opcode[BASEFEE]
PASSED tests/single/opbanning/test_op_banning.py::test_paymaster_banned_opcode[GASLIMIT]
PASSED tests/single/opbanning/test_op_banning.py::test_paymaster_banned_opcode[GASPRICE]
PASSED tests/single/opbanning/test_op_banning.py::test_paymaster_banned_opcode[SELFBALANCE]
PASSED tests/single/opbanning/test_op_banning.py::test_paymaster_banned_opcode[BALANCE]
PASSED tests/single/opbanning/test_op_banning.py::test_paymaster_banned_opcode[ORIGIN]
PASSED tests/single/opbanning/test_op_banning.py::test_paymaster_banned_opcode[BLOCKHASH]
PASSED tests/single/opbanning/test_op_banning.py::test_paymaster_banned_opcode[CREATE]
PASSED tests/single/opbanning/test_op_banning.py::test_paymaster_banned_opcode[CREATE2]
PASSED tests/single/opbanning/test_op_banning.py::test_paymaster_banned_opcode[SELFDESTRUCT]
PASSED tests/single/opbanning/test_op_banning.py::test_factory_banned_opcode[GAS]
PASSED tests/single/opbanning/test_op_banning.py::test_factory_banned_opcode[NUMBER]
PASSED tests/single/opbanning/test_op_banning.py::test_factory_banned_opcode[TIMESTAMP]
PASSED tests/single/opbanning/test_op_banning.py::test_factory_banned_opcode[COINBASE]
PASSED tests/single/opbanning/test_op_banning.py::test_factory_banned_opcode[DIFFICULTY]
PASSED tests/single/opbanning/test_op_banning.py::test_factory_banned_opcode[BASEFEE]
PASSED tests/single/opbanning/test_op_banning.py::test_factory_banned_opcode[GASLIMIT]
PASSED tests/single/opbanning/test_op_banning.py::test_factory_banned_opcode[GASPRICE]
PASSED tests/single/opbanning/test_op_banning.py::test_factory_banned_opcode[SELFBALANCE]
PASSED tests/single/opbanning/test_op_banning.py::test_factory_banned_opcode[BALANCE]
PASSED tests/single/opbanning/test_op_banning.py::test_factory_banned_opcode[ORIGIN]
PASSED tests/single/opbanning/test_op_banning.py::test_factory_banned_opcode[BLOCKHASH]
PASSED tests/single/opbanning/test_op_banning.py::test_factory_banned_opcode[CREATE]
PASSED tests/single/opbanning/test_op_banning.py::test_factory_banned_opcode[CREATE2]
PASSED tests/single/opbanning/test_op_banning.py::test_factory_banned_opcode[SELFDESTRUCT]
PASSED tests/single/rpc/test_eth_chainId.py::test_eth_chainId[]
PASSED tests/single/rpc/test_eth_estimateUserOperationGas.py::test_eth_estimateUserOperationGas[]
PASSED tests/single/rpc/test_eth_estimateUserOperationGas.py::test_eth_estimateUserOperationGas_execution_revert
PASSED tests/single/rpc/test_eth_estimateUserOperationGas.py::test_eth_estimateUserOperationGas_simulation_revert
PASSED tests/single/rpc/test_eth_getUserOperationByHash.py::test_eth_getUserOperationByHash[]
PASSED tests/single/rpc/test_eth_getUserOperationReceipt.py::test_eth_getUserOperationReceipt[]
PASSED tests/single/rpc/test_eth_sendUserOperation.py::test_eth_sendUserOperation[]
PASSED tests/single/rpc/test_eth_sendUserOperation.py::test_eth_sendUserOperation_revert
PASSED tests/single/rpc/test_eth_supportedEntryPoints.py::test_eth_supportedEntryPoints[]
FAILED tests/single/bundle/test_bundle.py::test_mempool_reputation_rules_all_entities[SREP-020-banned-entity-not-allowed-banned-sender] - AttributeError: 'Error' object has no attribute 'result'
FAILED tests/single/bundle/test_bundle.py::test_mempool_reputation_rules_all_entities[SREP-020-banned-entity-not-allowed-banned-paymaster] - AttributeError: 'Error' object has no attribute 'result'
FAILED tests/single/bundle/test_bundle.py::test_mempool_reputation_rules_all_entities[SREP-020-banned-entity-not-allowed-banned-factory] - AttributeError: 'Error' object has no attribute 'result'
FAILED tests/single/bundle/test_bundle.py::test_mempool_reputation_rules_all_entities[SREP-030-throttled-entity-allowed-a-little-throttled-sender] - AttributeError: 'Error' object has no attribute 'result'
FAILED tests/single/bundle/test_bundle.py::test_mempool_reputation_rules_all_entities[SREP-030-throttled-entity-allowed-a-little-throttled-paymaster] - AttributeError: 'Error' object has no attribute 'result'
FAILED tests/single/bundle/test_bundle.py::test_mempool_reputation_rules_all_entities[SREP-030-throttled-entity-allowed-a-little-throttled-factory] - AttributeError: 'Error' object has no attribute 'result'
FAILED tests/single/bundle/test_bundle.py::test_mempool_reputation_rules_all_entities[UREP-010 UREP-020-unstaked-entity-allowed-function-unstaked-sender] - AttributeError: 'Error' object has no attribute 'result'
FAILED tests/single/bundle/test_bundle.py::test_mempool_reputation_rules_all_entities[UREP-010 UREP-020-unstaked-entity-allowed-function-unstaked-paymaster] - AttributeError: 'Error' object has no attribute 'result'
FAILED tests/single/bundle/test_bundle.py::test_mempool_reputation_rules_all_entities[UREP-010 UREP-020-unstaked-entity-allowed-function-unstaked-factory] - AttributeError: 'Error' object has no attribute 'result'
FAILED tests/single/bundle/test_bundle.py::test_stake_check_in_bundler - AssertionError: assert '0x346498b413...0ba19a1cd8856' == '0x346498b413...0ba19a1cD8856'
  - 0x346498b4133E00518d0CC49AC5f0ba19a1cD8856
  ?              ^       ^^  ^^          ^
  + 0x346498b4133e00518d0cc49ac5f0ba19a1cd8856
  ?              ^       ^^  ^^          ^
FAILED tests/single/bundle/test_codehash.py::test_codehash_changed - web3.exceptions.ContractLogicError: execution reverted
FAILED tests/single/bundle/test_storage_rules.py::test_rule[[EREP-050]unstaked][paymaster][context][drop] - AttributeError: 'Ok' object has no attribute 'message'
FAILED tests/single/bundle/test_storage_rules.py::test_rule[[STO-022]unstaked][paymaster][account_reference_storage_init_code][drop1] - AttributeError: 'Ok' object has no attribute 'message'
FAILED tests/single/reputation/test_reputation.py::test_staked_entity_reputation_threshold[with_factory] - TypeError: deposit_to_undeployed_sender() missing 1 required positional argument: 'factory_data'
FAILED tests/single/reputation/test_reputation.py::test_staked_entity_reputation_threshold[without_factory] - ValueError: invalid literal for int() with base 16: 'ok'
FAILED tests/single/rpc/test_eth_getUserOperationByHash.py::test_eth_getUserOperationByHash_error - AssertionError: assert 'missing/invalid userophash' in 'invalid params'
 +  where 'missing/invalid userophash' = <built-in method lower of str object at 0x7fae25956a60>()
 +    where <built-in method lower of str object at 0x7fae25956a60> = 'Missing/invalid userOpHash'.lower
 +  and   'invalid params' = <built-in method lower of str object at 0x7fae259e8930>()
 +    where <built-in method lower of str object at 0x7fae259e8930> = 'Invalid params'.lower
 +      where 'Invalid params' = Error(code=-32602, message='Invalid params', data='invalid length 0, expected a (both 0x-prefixed or not) hex string or byte array containing 32 bytes at line 1 column 2', id=498).message
FAILED tests/single/rpc/test_eth_getUserOperationReceipt.py::test_eth_getUserOperationReceipt_error - AssertionError: assert 'missing/invalid userophash' in 'invalid params'
 +  where 'missing/invalid userophash' = <built-in method lower of str object at 0x7fae25956e20>()
 +    where <built-in method lower of str object at 0x7fae25956e20> = 'Missing/invalid userOpHash'.lower
 +  and   'invalid params' = <built-in method lower of str object at 0x7fae24ed43f0>()
 +    where <built-in method lower of str object at 0x7fae24ed43f0> = 'Invalid params'.lower
 +      where 'Invalid params' = Error(code=-32602, message='Invalid params', data='invalid length 0, expected a (both 0x-prefixed or not) hex string or byte array containing 32 bytes at line 1 column 2', id=502).message
FAILED tests/single/rpc/test_eth_sendUserOperation.py::test_eth_sendUserOperation_invalid_signature - AssertionError: assert 'invalid userop signature or paymaster signature' in 'invalid account signature'
 +  where 'invalid userop signature or paymaster signature' = <built-in method lower of str object at 0x7fae259900f0>()
 +    where <built-in method lower of str object at 0x7fae259900f0> = 'Invalid UserOp signature or paymaster signature'.lower
 +  and   'invalid account signature' = <built-in method lower of str object at 0x7fae2503d700>()
 +    where <built-in method lower of str object at 0x7fae2503d700> = 'Invalid account signature'.lower
 +      where 'Invalid account signature' = Error(code=-32507, message='Invalid account signature', data=None, id=507).message
============= 18 failed, 153 passed, 1 warning in 84.08s (0:01:24) =============
Tue May 28 10:51:30 UTC 2024: done bundler /home/runner/work/bundler-test-executor/bundler-test-executor/bundlers/rundler/rundler.yml, name=rundler
              Container                           Repository                Tag          Image Id       Size  
--------------------------------------------------------------------------------------------------------------
bundler-test-executor_bundler-waiter_1   ghcr.io/foundry-rs/foundry     latest         e80f0d3239a3   158.8 MB
bundler-test-executor_bundler_1          alchemyplatform/rundler        latest         87009786d16f   123.1 MB
bundler-test-executor_deployer_1         accountabstraction/deployer    0.7            addeb628e58d   173.8 MB
bundler-test-executor_funder_1           bundler-test-executor_funder   latest         dd97fdfeb5a5   162.5 MB
geth-1.14                                ethereum/client-go             release-1.14   2d4ba284aa2f   71.03 MB
