{
  "testsuites": {
    "testsuite": {
      "@name": "stackup",
      "@errors": "0",
      "@failures": "52",
      "@skipped": "0",
      "@tests": "171",
      "@time": "25.389",
      "@timestamp": "2023-12-05T16:44:45.086365",
      "@hostname": "fv-az1435-577",
      "testcase": [
        {
          "@classname": "tests.single.bundle.test_bundle",
          "@name": "test_bundle_replace_op[only_priority_fee_bump]",
          "@time": "0.100"
        },
        {
          "@classname": "tests.single.bundle.test_bundle",
          "@name": "test_bundle_replace_op[only_max_fee_bump]",
          "@time": "0.074"
        },
        {
          "@classname": "tests.single.bundle.test_bundle",
          "@name": "test_bundle_replace_op[with_same_fee]",
          "@time": "0.080"
        },
        {
          "@classname": "tests.single.bundle.test_bundle",
          "@name": "test_bundle_replace_op[with_less_fee]",
          "@time": "0.079"
        },
        {
          "@classname": "tests.single.bundle.test_bundle",
          "@name": "test_bundle_replace_op[fee_bump_below_threshold]",
          "@time": "0.077"
        },
        {
          "@classname": "tests.single.bundle.test_bundle",
          "@name": "test_bundle_replace_op[fee_bump_at_threshold]",
          "@time": "0.115"
        },
        {
          "@classname": "tests.single.bundle.test_bundle",
          "@name": "test_bundle_replace_op[fee_bump_above_threshold]",
          "@time": "0.115"
        },
        {
          "@classname": "tests.single.bundle.test_bundle",
          "@name": "test_mempool_reputation_rules_all_entities[SREP-020-banned-entity-not-allowed-banned-sender]",
          "@time": "0.283",
          "failure": {
            "@message": "AttributeError: 'Error' object has no attribute 'result'",
            "#text": "tests/single/bundle/test_bundle.py:148: in test_mempool_reputation_rules_all_entities\n    set_reputation(\ntests/utils.py:221: in set_reputation\n    )\nE   AttributeError: 'Error' object has no attribute 'result'"
          },
          "system-out": "--------------------------------- Captured Log ---------------------------------\n\n--------------------------------- Captured Out ---------------------------------",
          "system-err": "--------------------------------- Captured Err ---------------------------------"
        },
        {
          "@classname": "tests.single.bundle.test_bundle",
          "@name": "test_mempool_reputation_rules_all_entities[SREP-020-banned-entity-not-allowed-banned-paymaster]",
          "@time": "0.161",
          "failure": {
            "@message": "AttributeError: 'Error' object has no attribute 'result'",
            "#text": "tests/single/bundle/test_bundle.py:154: in test_mempool_reputation_rules_all_entities\n    set_reputation(\ntests/utils.py:221: in set_reputation\n    )\nE   AttributeError: 'Error' object has no attribute 'result'"
          },
          "system-out": "--------------------------------- Captured Log ---------------------------------\n\n--------------------------------- Captured Out ---------------------------------",
          "system-err": "--------------------------------- Captured Err ---------------------------------"
        },
        {
          "@classname": "tests.single.bundle.test_bundle",
          "@name": "test_mempool_reputation_rules_all_entities[SREP-020-banned-entity-not-allowed-banned-factory]",
          "@time": "0.160",
          "failure": {
            "@message": "AttributeError: 'Error' object has no attribute 'result'",
            "#text": "tests/single/bundle/test_bundle.py:160: in test_mempool_reputation_rules_all_entities\n    set_reputation(\ntests/utils.py:221: in set_reputation\n    )\nE   AttributeError: 'Error' object has no attribute 'result'"
          },
          "system-out": "--------------------------------- Captured Log ---------------------------------\n\n--------------------------------- Captured Out ---------------------------------",
          "system-err": "--------------------------------- Captured Err ---------------------------------"
        },
        {
          "@classname": "tests.single.bundle.test_bundle",
          "@name": "test_mempool_reputation_rules_all_entities[SREP-030-throttled-entity-allowed-a-little-throttled-sender]",
          "@time": "0.162",
          "failure": {
            "@message": "AttributeError: 'Error' object has no attribute 'result'",
            "#text": "tests/single/bundle/test_bundle.py:148: in test_mempool_reputation_rules_all_entities\n    set_reputation(\ntests/utils.py:221: in set_reputation\n    )\nE   AttributeError: 'Error' object has no attribute 'result'"
          },
          "system-out": "--------------------------------- Captured Log ---------------------------------\n\n--------------------------------- Captured Out ---------------------------------",
          "system-err": "--------------------------------- Captured Err ---------------------------------"
        },
        {
          "@classname": "tests.single.bundle.test_bundle",
          "@name": "test_mempool_reputation_rules_all_entities[SREP-030-throttled-entity-allowed-a-little-throttled-paymaster]",
          "@time": "0.163",
          "failure": {
            "@message": "AttributeError: 'Error' object has no attribute 'result'",
            "#text": "tests/single/bundle/test_bundle.py:154: in test_mempool_reputation_rules_all_entities\n    set_reputation(\ntests/utils.py:221: in set_reputation\n    )\nE   AttributeError: 'Error' object has no attribute 'result'"
          },
          "system-out": "--------------------------------- Captured Log ---------------------------------\n\n--------------------------------- Captured Out ---------------------------------",
          "system-err": "--------------------------------- Captured Err ---------------------------------"
        },
        {
          "@classname": "tests.single.bundle.test_bundle",
          "@name": "test_mempool_reputation_rules_all_entities[SREP-030-throttled-entity-allowed-a-little-throttled-factory]",
          "@time": "0.161",
          "failure": {
            "@message": "AttributeError: 'Error' object has no attribute 'result'",
            "#text": "tests/single/bundle/test_bundle.py:160: in test_mempool_reputation_rules_all_entities\n    set_reputation(\ntests/utils.py:221: in set_reputation\n    )\nE   AttributeError: 'Error' object has no attribute 'result'"
          },
          "system-out": "--------------------------------- Captured Log ---------------------------------\n\n--------------------------------- Captured Out ---------------------------------",
          "system-err": "--------------------------------- Captured Err ---------------------------------"
        },
        {
          "@classname": "tests.single.bundle.test_bundle",
          "@name": "test_mempool_reputation_rules_all_entities[UREP-010 UREP-020-unstaked-entity-allowed-function-unstaked-sender]",
          "@time": "0.185",
          "failure": {
            "@message": "AttributeError: 'Error' object has no attribute 'result'",
            "#text": "tests/single/bundle/test_bundle.py:148: in test_mempool_reputation_rules_all_entities\n    set_reputation(\ntests/utils.py:221: in set_reputation\n    )\nE   AttributeError: 'Error' object has no attribute 'result'"
          },
          "system-out": "--------------------------------- Captured Log ---------------------------------\n\n--------------------------------- Captured Out ---------------------------------",
          "system-err": "--------------------------------- Captured Err ---------------------------------"
        },
        {
          "@classname": "tests.single.bundle.test_bundle",
          "@name": "test_mempool_reputation_rules_all_entities[UREP-010 UREP-020-unstaked-entity-allowed-function-unstaked-paymaster]",
          "@time": "0.160",
          "failure": {
            "@message": "AttributeError: 'Error' object has no attribute 'result'",
            "#text": "tests/single/bundle/test_bundle.py:154: in test_mempool_reputation_rules_all_entities\n    set_reputation(\ntests/utils.py:221: in set_reputation\n    )\nE   AttributeError: 'Error' object has no attribute 'result'"
          },
          "system-out": "--------------------------------- Captured Log ---------------------------------\n\n--------------------------------- Captured Out ---------------------------------",
          "system-err": "--------------------------------- Captured Err ---------------------------------"
        },
        {
          "@classname": "tests.single.bundle.test_bundle",
          "@name": "test_mempool_reputation_rules_all_entities[UREP-010 UREP-020-unstaked-entity-allowed-function-unstaked-factory]",
          "@time": "0.160",
          "failure": {
            "@message": "AttributeError: 'Error' object has no attribute 'result'",
            "#text": "tests/single/bundle/test_bundle.py:160: in test_mempool_reputation_rules_all_entities\n    set_reputation(\ntests/utils.py:221: in set_reputation\n    )\nE   AttributeError: 'Error' object has no attribute 'result'"
          },
          "system-out": "--------------------------------- Captured Log ---------------------------------\n\n--------------------------------- Captured Out ---------------------------------",
          "system-err": "--------------------------------- Captured Err ---------------------------------"
        },
        {
          "@classname": "tests.single.bundle.test_bundle",
          "@name": "test_max_allowed_ops_unstaked_sender",
          "@time": "0.245"
        },
        {
          "@classname": "tests.single.bundle.test_bundle",
          "@name": "test_max_allowed_ops_staked_sender",
          "@time": "0.345"
        },
        {
          "@classname": "tests.single.bundle.test_bundle",
          "@name": "test_ban_user_op_access_other_ops_sender_in_bundle",
          "@time": "0.293",
          "failure": {
            "@message": "AttributeError: 'Error' object has no attribute 'result'",
            "#text": "tests/single/bundle/test_bundle.py:335: in test_ban_user_op_access_other_ops_sender_in_bundle\n    assert response2.result is None\nE   AttributeError: 'Error' object has no attribute 'result'"
          },
          "system-out": "--------------------------------- Captured Log ---------------------------------\n\n--------------------------------- Captured Out ---------------------------------",
          "system-err": "--------------------------------- Captured Err ---------------------------------"
        },
        {
          "@classname": "tests.single.bundle.test_bundle",
          "@name": "test_ban_user_sender_double_role_in_bundle",
          "@time": "0.199",
          "failure": {
            "@message": "Exception: expected error object, got:\nOk(result='0x5cc45786bd2a5c5e862e734396ebc7704e57c094f782469df50c264815357618', id=113)",
            "#text": "tests/utils.py:116: in assert_rpc_error\n    assert response.code == code\nE   AttributeError: 'Ok' object has no attribute 'code'\n\nThe above exception was the direct cause of the following exception:\ntests/single/bundle/test_bundle.py:359: in test_ban_user_sender_double_role_in_bundle\n    assert_rpc_error(\ntests/utils.py:119: in assert_rpc_error\n    raise Exception(f\"expected error object, got:\\n{response}\") from exc\nE   Exception: expected error object, got:\nE   Ok(result='0x5cc45786bd2a5c5e862e734396ebc7704e57c094f782469df50c264815357618', id=113)"
          },
          "system-out": "--------------------------------- Captured Log ---------------------------------\n\n--------------------------------- Captured Out ---------------------------------",
          "system-err": "--------------------------------- Captured Err ---------------------------------"
        },
        {
          "@classname": "tests.single.bundle.test_bundle",
          "@name": "test_stake_check_in_bundler",
          "@time": "0.050",
          "failure": {
            "@message": "AttributeError: 'Error' object has no attribute 'result'",
            "#text": "tests/single/bundle/test_bundle.py:382: in test_stake_check_in_bundler\n    response = get_stake_status(paymaster_contract.address, entrypoint_contract.address)\ntests/utils.py:186: in get_stake_status\n    .result\nE   AttributeError: 'Error' object has no attribute 'result'"
          },
          "system-out": "--------------------------------- Captured Log ---------------------------------\n\n--------------------------------- Captured Out ---------------------------------",
          "system-err": "--------------------------------- Captured Err ---------------------------------"
        },
        {
          "@classname": "tests.single.bundle.test_codehash",
          "@name": "test_codehash_changed",
          "@time": "0.392"
        },
        {
          "@classname": "tests.single.bundle.test_storage_rules",
          "@name": "test_rule[[STO-000]unstaked][paymaster][no_storage][ok]",
          "@time": "0.124"
        },
        {
          "@classname": "tests.single.bundle.test_storage_rules",
          "@name": "test_rule[[STO-031]unstaked][paymaster][storage][drop]",
          "@time": "0.123"
        },
        {
          "@classname": "tests.single.bundle.test_storage_rules",
          "@name": "test_rule[[STO-032]unstaked][paymaster][reference_storage][drop]",
          "@time": "0.130"
        },
        {
          "@classname": "tests.single.bundle.test_storage_rules",
          "@name": "test_rule[[STO-032]unstaked][paymaster][reference_storage_struct][drop]",
          "@time": "0.230"
        },
        {
          "@classname": "tests.single.bundle.test_storage_rules",
          "@name": "test_rule[[STO-010]unstaked][paymaster][account_storage][ok]",
          "@time": "0.130"
        },
        {
          "@classname": "tests.single.bundle.test_storage_rules",
          "@name": "test_rule[[STO-021]unstaked][paymaster][account_reference_storage][ok]",
          "@time": "0.128"
        },
        {
          "@classname": "tests.single.bundle.test_storage_rules",
          "@name": "test_rule[[STO-021]unstaked][paymaster][account_reference_storage_struct][ok]",
          "@time": "0.133"
        },
        {
          "@classname": "tests.single.bundle.test_storage_rules",
          "@name": "test_rule[[STO-022]unstaked][paymaster][account_reference_storage_init_code][drop0]",
          "@time": "0.146",
          "failure": {
            "@message": "AssertionError: assert -32602 == <RPCErrorCode.BANNED_OPCODE: -32502>\n +  where -32602 = Error(code=-32602, message='verificationGasLimit: exceeds maxVerificationGas of 1500000', data='verificationGasLimit: exceeds maxVerificationGas of 1500000', id=146).code",
            "#text": "tests/single/bundle/test_storage_rules.py:769: in test_rule\n    case.assert_func(response)\ntests/single/bundle/test_storage_rules.py:19: in assert_error\n    assert_rpc_error(response, response.message, RPCErrorCode.BANNED_OPCODE)\ntests/utils.py:116: in assert_rpc_error\n    assert response.code == code\nE   AssertionError: assert -32602 == <RPCErrorCode.BANNED_OPCODE: -32502>\nE    +  where -32602 = Error(code=-32602, message='verificationGasLimit: exceeds maxVerificationGas of 1500000', data='verificationGasLimit: exceeds maxVerificationGas of 1500000', id=146).code"
          },
          "system-out": "--------------------------------- Captured Log ---------------------------------\n\n--------------------------------- Captured Out ---------------------------------",
          "system-err": "--------------------------------- Captured Err ---------------------------------"
        },
        {
          "@classname": "tests.single.bundle.test_storage_rules",
          "@name": "test_rule[[EREP-050]unstaked][paymaster][context][drop]",
          "@time": "0.110"
        },
        {
          "@classname": "tests.single.bundle.test_storage_rules",
          "@name": "test_rule[[STO-032]unstaked][paymaster][external_storage_read][drop]",
          "@time": "0.131"
        },
        {
          "@classname": "tests.single.bundle.test_storage_rules",
          "@name": "test_rule[[OP-020]unstaked][paymaster][out_of_gas][drop]",
          "@time": "0.211",
          "failure": {
            "@message": "AttributeError: 'Ok' object has no attribute 'message'",
            "#text": "tests/single/bundle/test_storage_rules.py:769: in test_rule\n    case.assert_func(response)\ntests/single/bundle/test_storage_rules.py:19: in assert_error\n    assert_rpc_error(response, response.message, RPCErrorCode.BANNED_OPCODE)\nE   AttributeError: 'Ok' object has no attribute 'message'"
          },
          "system-out": "--------------------------------- Captured Log ---------------------------------\n\n--------------------------------- Captured Out ---------------------------------",
          "system-err": "--------------------------------- Captured Err ---------------------------------"
        },
        {
          "@classname": "tests.single.bundle.test_storage_rules",
          "@name": "test_rule[[OP-020]unstaked][paymaster][sstore_out_of_gas][drop]",
          "@time": "0.131"
        },
        {
          "@classname": "tests.single.bundle.test_storage_rules",
          "@name": "test_rule[[STO-000]staked][paymaster][no_storage][ok]",
          "@time": "0.152"
        },
        {
          "@classname": "tests.single.bundle.test_storage_rules",
          "@name": "test_rule[[STO-031]staked][paymaster][storage][ok]",
          "@time": "0.157"
        },
        {
          "@classname": "tests.single.bundle.test_storage_rules",
          "@name": "test_rule[[STO-032]staked][paymaster][reference_storage][ok]",
          "@time": "0.159"
        },
        {
          "@classname": "tests.single.bundle.test_storage_rules",
          "@name": "test_rule[[STO-032]staked][paymaster][reference_storage_struct][ok]",
          "@time": "0.155"
        },
        {
          "@classname": "tests.single.bundle.test_storage_rules",
          "@name": "test_rule[[STO-033]staked][paymaster][reference_storage_struct][ok]",
          "@time": "0.171"
        },
        {
          "@classname": "tests.single.bundle.test_storage_rules",
          "@name": "test_rule[[STO-010]staked][paymaster][account_storage][ok]",
          "@time": "0.157"
        },
        {
          "@classname": "tests.single.bundle.test_storage_rules",
          "@name": "test_rule[[STO-021]staked][paymaster][account_reference_storage][ok]",
          "@time": "0.154"
        },
        {
          "@classname": "tests.single.bundle.test_storage_rules",
          "@name": "test_rule[[STO-021]staked][paymaster][account_reference_storage_struct][ok]",
          "@time": "0.160"
        },
        {
          "@classname": "tests.single.bundle.test_storage_rules",
          "@name": "test_rule[[STO-022]staked][paymaster][account_reference_storage_init_code][ok]",
          "@time": "0.167",
          "failure": {
            "@message": "Exception: expected result object, got:\nError(code=-32602, message='verificationGasLimit: exceeds maxVerificationGas of 1500000', data='verificationGasLimit: exceeds maxVerificationGas of 1500000', id=172)",
            "#text": "tests/utils.py:109: in assert_ok\n    assert response.result\nE   AttributeError: 'Error' object has no attribute 'result'\n\nThe above exception was the direct cause of the following exception:\ntests/single/bundle/test_storage_rules.py:769: in test_rule\n    case.assert_func(response)\ntests/utils.py:111: in assert_ok\n    raise Exception(f\"expected result object, got:\\n{response}\") from exc\nE   Exception: expected result object, got:\nE   Error(code=-32602, message='verificationGasLimit: exceeds maxVerificationGas of 1500000', data='verificationGasLimit: exceeds maxVerificationGas of 1500000', id=172)"
          },
          "system-out": "--------------------------------- Captured Log ---------------------------------\n\n--------------------------------- Captured Out ---------------------------------",
          "system-err": "--------------------------------- Captured Err ---------------------------------"
        },
        {
          "@classname": "tests.single.bundle.test_storage_rules",
          "@name": "test_rule[[EREP-050]staked][paymaster][context][ok]",
          "@time": "0.138"
        },
        {
          "@classname": "tests.single.bundle.test_storage_rules",
          "@name": "test_rule[[STO-033]staked][paymaster][external_storage_write][drop]",
          "@time": "0.154"
        },
        {
          "@classname": "tests.single.bundle.test_storage_rules",
          "@name": "test_rule[[STO-033]staked][paymaster][external_storage_read][ok]",
          "@time": "0.156",
          "failure": {
            "@message": "Exception: expected result object, got:\nError(code=-32502, message='paymaster has forbidden read to 0x60FfCc0752fDB01482723F8eBca02E70B77f80d7 slot aed3469875ad6750e818d667b5bd08036a9d5a353af5c0e81a03431a837a7b39', data='paymaster has forbidden read to 0x60FfCc0752fDB01482723F8eBca02E70B77f80d7 slot aed3469875ad6750e818d667b5bd08036a9d5a353af5c0e81a03431a837a7b39', id=178)",
            "#text": "tests/utils.py:109: in assert_ok\n    assert response.result\nE   AttributeError: 'Error' object has no attribute 'result'\n\nThe above exception was the direct cause of the following exception:\ntests/single/bundle/test_storage_rules.py:769: in test_rule\n    case.assert_func(response)\ntests/utils.py:111: in assert_ok\n    raise Exception(f\"expected result object, got:\\n{response}\") from exc\nE   Exception: expected result object, got:\nE   Error(code=-32502, message='paymaster has forbidden read to 0x60FfCc0752fDB01482723F8eBca02E70B77f80d7 slot aed3469875ad6750e818d667b5bd08036a9d5a353af5c0e81a03431a837a7b39', data='paymaster has forbidden read to 0x60FfCc0752fDB01482723F8eBca02E70B77f80d7 slot aed3469875ad6750e818d667b5bd08036a9d5a353af5c0e81a03431a837a7b39', id=178)"
          },
          "system-out": "--------------------------------- Captured Log ---------------------------------\n\n--------------------------------- Captured Out ---------------------------------",
          "system-err": "--------------------------------- Captured Err ---------------------------------"
        },
        {
          "@classname": "tests.single.bundle.test_storage_rules",
          "@name": "test_rule[[OP-020]staked][paymaster][out_of_gas][drop]",
          "@time": "0.178",
          "failure": {
            "@message": "AttributeError: 'Ok' object has no attribute 'message'",
            "#text": "tests/single/bundle/test_storage_rules.py:769: in test_rule\n    case.assert_func(response)\ntests/single/bundle/test_storage_rules.py:19: in assert_error\n    assert_rpc_error(response, response.message, RPCErrorCode.BANNED_OPCODE)\nE   AttributeError: 'Ok' object has no attribute 'message'"
          },
          "system-out": "--------------------------------- Captured Log ---------------------------------\n\n--------------------------------- Captured Out ---------------------------------",
          "system-err": "--------------------------------- Captured Err ---------------------------------"
        },
        {
          "@classname": "tests.single.bundle.test_storage_rules",
          "@name": "test_rule[[OP-020]staked][paymaster][sstore_out_of_gas][drop]",
          "@time": "0.175",
          "failure": {
            "@message": "AttributeError: 'Ok' object has no attribute 'message'",
            "#text": "tests/single/bundle/test_storage_rules.py:769: in test_rule\n    case.assert_func(response)\ntests/single/bundle/test_storage_rules.py:19: in assert_error\n    assert_rpc_error(response, response.message, RPCErrorCode.BANNED_OPCODE)\nE   AttributeError: 'Ok' object has no attribute 'message'"
          },
          "system-out": "--------------------------------- Captured Log ---------------------------------\n\n--------------------------------- Captured Out ---------------------------------",
          "system-err": "--------------------------------- Captured Err ---------------------------------"
        },
        {
          "@classname": "tests.single.bundle.test_storage_rules",
          "@name": "test_rule[[STO-000]unstaked][factory][no_storage][ok]",
          "@time": "0.189"
        },
        {
          "@classname": "tests.single.bundle.test_storage_rules",
          "@name": "test_rule[[STO-000]unstaked][factory][storage][drop]",
          "@time": "0.183"
        },
        {
          "@classname": "tests.single.bundle.test_storage_rules",
          "@name": "test_rule[[STO-000]unstaked][factory][reference_storage][drop]",
          "@time": "0.191"
        },
        {
          "@classname": "tests.single.bundle.test_storage_rules",
          "@name": "test_rule[[STO-032]unstaked][factory][reference_storage_struct][drop]",
          "@time": "0.187"
        },
        {
          "@classname": "tests.single.bundle.test_storage_rules",
          "@name": "test_rule[[STO-010]unstaked][factory][account_storage][ok]",
          "@time": "0.192"
        },
        {
          "@classname": "tests.single.bundle.test_storage_rules",
          "@name": "test_rule[[STO-021]unstaked][factory][account_reference_storage][drop]",
          "@time": "0.295"
        },
        {
          "@classname": "tests.single.bundle.test_storage_rules",
          "@name": "test_rule[[STO-021]unstaked][factory][account_reference_storage_struct][drop]",
          "@time": "0.192"
        },
        {
          "@classname": "tests.single.bundle.test_storage_rules",
          "@name": "test_rule[[STO-000]unstaked][factory][external_storage_read][drop]",
          "@time": "0.192"
        },
        {
          "@classname": "tests.single.bundle.test_storage_rules",
          "@name": "test_rule[[OP-042]unstaked][factory][EXTCODEx_CALLx_undeployed_sender][ok]",
          "@time": "0.187"
        },
        {
          "@classname": "tests.single.bundle.test_storage_rules",
          "@name": "test_rule[[OP-041]unstaked][factory][EXTCODESIZE_undeployed_contract][drop]",
          "@time": "0.190",
          "failure": {
            "@message": "AttributeError: 'Ok' object has no attribute 'message'",
            "#text": "tests/single/bundle/test_storage_rules.py:769: in test_rule\n    case.assert_func(response)\ntests/single/bundle/test_storage_rules.py:19: in assert_error\n    assert_rpc_error(response, response.message, RPCErrorCode.BANNED_OPCODE)\nE   AttributeError: 'Ok' object has no attribute 'message'"
          },
          "system-out": "--------------------------------- Captured Log ---------------------------------\n\n--------------------------------- Captured Out ---------------------------------",
          "system-err": "--------------------------------- Captured Err ---------------------------------"
        },
        {
          "@classname": "tests.single.bundle.test_storage_rules",
          "@name": "test_rule[[OP-041]unstaked][factory][EXTCODEHASH_undeployed_contract][drop]",
          "@time": "0.189",
          "failure": {
            "@message": "AttributeError: 'Ok' object has no attribute 'message'",
            "#text": "tests/single/bundle/test_storage_rules.py:769: in test_rule\n    case.assert_func(response)\ntests/single/bundle/test_storage_rules.py:19: in assert_error\n    assert_rpc_error(response, response.message, RPCErrorCode.BANNED_OPCODE)\nE   AttributeError: 'Ok' object has no attribute 'message'"
          },
          "system-out": "--------------------------------- Captured Log ---------------------------------\n\n--------------------------------- Captured Out ---------------------------------",
          "system-err": "--------------------------------- Captured Err ---------------------------------"
        },
        {
          "@classname": "tests.single.bundle.test_storage_rules",
          "@name": "test_rule[[OP-041]unstaked][factory][EXTCODECOPY_undeployed_contract][drop]",
          "@time": "0.182",
          "failure": {
            "@message": "AttributeError: 'Ok' object has no attribute 'message'",
            "#text": "tests/single/bundle/test_storage_rules.py:769: in test_rule\n    case.assert_func(response)\ntests/single/bundle/test_storage_rules.py:19: in assert_error\n    assert_rpc_error(response, response.message, RPCErrorCode.BANNED_OPCODE)\nE   AttributeError: 'Ok' object has no attribute 'message'"
          },
          "system-out": "--------------------------------- Captured Log ---------------------------------\n\n--------------------------------- Captured Out ---------------------------------",
          "system-err": "--------------------------------- Captured Err ---------------------------------"
        },
        {
          "@classname": "tests.single.bundle.test_storage_rules",
          "@name": "test_rule[[OP-041]unstaked][factory][CALL_undeployed_contract][drop]",
          "@time": "0.183",
          "failure": {
            "@message": "AttributeError: 'Ok' object has no attribute 'message'",
            "#text": "tests/single/bundle/test_storage_rules.py:769: in test_rule\n    case.assert_func(response)\ntests/single/bundle/test_storage_rules.py:19: in assert_error\n    assert_rpc_error(response, response.message, RPCErrorCode.BANNED_OPCODE)\nE   AttributeError: 'Ok' object has no attribute 'message'"
          },
          "system-out": "--------------------------------- Captured Log ---------------------------------\n\n--------------------------------- Captured Out ---------------------------------",
          "system-err": "--------------------------------- Captured Err ---------------------------------"
        },
        {
          "@classname": "tests.single.bundle.test_storage_rules",
          "@name": "test_rule[[OP-041]unstaked][factory][CALLCODE_undeployed_contract][drop]",
          "@time": "0.177",
          "failure": {
            "@message": "AttributeError: 'Ok' object has no attribute 'message'",
            "#text": "tests/single/bundle/test_storage_rules.py:769: in test_rule\n    case.assert_func(response)\ntests/single/bundle/test_storage_rules.py:19: in assert_error\n    assert_rpc_error(response, response.message, RPCErrorCode.BANNED_OPCODE)\nE   AttributeError: 'Ok' object has no attribute 'message'"
          },
          "system-out": "--------------------------------- Captured Log ---------------------------------\n\n--------------------------------- Captured Out ---------------------------------",
          "system-err": "--------------------------------- Captured Err ---------------------------------"
        },
        {
          "@classname": "tests.single.bundle.test_storage_rules",
          "@name": "test_rule[[OP-041]unstaked][factory][DELEGATECALL_undeployed_contract][drop]",
          "@time": "0.217",
          "failure": {
            "@message": "AttributeError: 'Ok' object has no attribute 'message'",
            "#text": "tests/single/bundle/test_storage_rules.py:769: in test_rule\n    case.assert_func(response)\ntests/single/bundle/test_storage_rules.py:19: in assert_error\n    assert_rpc_error(response, response.message, RPCErrorCode.BANNED_OPCODE)\nE   AttributeError: 'Ok' object has no attribute 'message'"
          },
          "system-out": "--------------------------------- Captured Log ---------------------------------\n\n--------------------------------- Captured Out ---------------------------------",
          "system-err": "--------------------------------- Captured Err ---------------------------------"
        },
        {
          "@classname": "tests.single.bundle.test_storage_rules",
          "@name": "test_rule[[OP-041]unstaked][factory][STATICCALL_undeployed_contract][drop]",
          "@time": "0.187",
          "failure": {
            "@message": "AttributeError: 'Ok' object has no attribute 'message'",
            "#text": "tests/single/bundle/test_storage_rules.py:769: in test_rule\n    case.assert_func(response)\ntests/single/bundle/test_storage_rules.py:19: in assert_error\n    assert_rpc_error(response, response.message, RPCErrorCode.BANNED_OPCODE)\nE   AttributeError: 'Ok' object has no attribute 'message'"
          },
          "system-out": "--------------------------------- Captured Log ---------------------------------\n\n--------------------------------- Captured Out ---------------------------------",
          "system-err": "--------------------------------- Captured Err ---------------------------------"
        },
        {
          "@classname": "tests.single.bundle.test_storage_rules",
          "@name": "test_rule[[OP-020]unstaked][factory][out_of_gas][drop]",
          "@time": "0.221",
          "failure": {
            "@message": "AttributeError: 'Ok' object has no attribute 'message'",
            "#text": "tests/single/bundle/test_storage_rules.py:769: in test_rule\n    case.assert_func(response)\ntests/single/bundle/test_storage_rules.py:19: in assert_error\n    assert_rpc_error(response, response.message, RPCErrorCode.BANNED_OPCODE)\nE   AttributeError: 'Ok' object has no attribute 'message'"
          },
          "system-out": "--------------------------------- Captured Log ---------------------------------\n\n--------------------------------- Captured Out ---------------------------------",
          "system-err": "--------------------------------- Captured Err ---------------------------------"
        },
        {
          "@classname": "tests.single.bundle.test_storage_rules",
          "@name": "test_rule[[OP-020]unstaked][factory][sstore_out_of_gas][drop]",
          "@time": "0.195"
        },
        {
          "@classname": "tests.single.bundle.test_storage_rules",
          "@name": "test_rule[[STO-000]staked][factory][no_storage][ok]",
          "@time": "0.231"
        },
        {
          "@classname": "tests.single.bundle.test_storage_rules",
          "@name": "test_rule[[STO-031]staked][factory][storage][ok]",
          "@time": "0.218"
        },
        {
          "@classname": "tests.single.bundle.test_storage_rules",
          "@name": "test_rule[[STO-032]staked][factory][reference_storage][ok]",
          "@time": "0.221"
        },
        {
          "@classname": "tests.single.bundle.test_storage_rules",
          "@name": "test_rule[[STO-032]staked][factory][reference_storage_struct][ok]",
          "@time": "0.219"
        },
        {
          "@classname": "tests.single.bundle.test_storage_rules",
          "@name": "test_rule[[STO-010]staked][factory][account_storage][ok]",
          "@time": "0.211"
        },
        {
          "@classname": "tests.single.bundle.test_storage_rules",
          "@name": "test_rule[[STO-021]staked][factory][account_reference_storage][ok]",
          "@time": "0.220"
        },
        {
          "@classname": "tests.single.bundle.test_storage_rules",
          "@name": "test_rule[[STO-021]staked][factory][account_reference_storage_struct][ok]",
          "@time": "0.223"
        },
        {
          "@classname": "tests.single.bundle.test_storage_rules",
          "@name": "test_rule[[STO-033]staked][factory][external_storage_write][drop]",
          "@time": "0.222"
        },
        {
          "@classname": "tests.single.bundle.test_storage_rules",
          "@name": "test_rule[[STO-033]staked][factory][external_storage_read][ok]",
          "@time": "0.215",
          "failure": {
            "@message": "Exception: expected result object, got:\nError(code=-32502, message='factory has forbidden read to 0x36D91bC947cE0d1b98e301119B56bFb1539D2c65 slot aed3469875ad6750e818d667b5bd08036a9d5a353af5c0e81a03431a837a7b39', data='factory has forbidden read to 0x36D91bC947cE0d1b98e301119B56bFb1539D2c65 slot aed3469875ad6750e818d667b5bd08036a9d5a353af5c0e81a03431a837a7b39', id=236)",
            "#text": "tests/utils.py:109: in assert_ok\n    assert response.result\nE   AttributeError: 'Error' object has no attribute 'result'\n\nThe above exception was the direct cause of the following exception:\ntests/single/bundle/test_storage_rules.py:769: in test_rule\n    case.assert_func(response)\ntests/utils.py:111: in assert_ok\n    raise Exception(f\"expected result object, got:\\n{response}\") from exc\nE   Exception: expected result object, got:\nE   Error(code=-32502, message='factory has forbidden read to 0x36D91bC947cE0d1b98e301119B56bFb1539D2c65 slot aed3469875ad6750e818d667b5bd08036a9d5a353af5c0e81a03431a837a7b39', data='factory has forbidden read to 0x36D91bC947cE0d1b98e301119B56bFb1539D2c65 slot aed3469875ad6750e818d667b5bd08036a9d5a353af5c0e81a03431a837a7b39', id=236)"
          },
          "system-out": "--------------------------------- Captured Log ---------------------------------\n\n--------------------------------- Captured Out ---------------------------------",
          "system-err": "--------------------------------- Captured Err ---------------------------------"
        },
        {
          "@classname": "tests.single.bundle.test_storage_rules",
          "@name": "test_rule[[OP-020]staked][factory][out_of_gas][drop]",
          "@time": "0.241",
          "failure": {
            "@message": "AttributeError: 'Ok' object has no attribute 'message'",
            "#text": "tests/single/bundle/test_storage_rules.py:769: in test_rule\n    case.assert_func(response)\ntests/single/bundle/test_storage_rules.py:19: in assert_error\n    assert_rpc_error(response, response.message, RPCErrorCode.BANNED_OPCODE)\nE   AttributeError: 'Ok' object has no attribute 'message'"
          },
          "system-out": "--------------------------------- Captured Log ---------------------------------\n\n--------------------------------- Captured Out ---------------------------------",
          "system-err": "--------------------------------- Captured Err ---------------------------------"
        },
        {
          "@classname": "tests.single.bundle.test_storage_rules",
          "@name": "test_rule[[OP-020]staked][factory][sstore_out_of_gas][drop]",
          "@time": "0.225",
          "failure": {
            "@message": "AttributeError: 'Ok' object has no attribute 'message'",
            "#text": "tests/single/bundle/test_storage_rules.py:769: in test_rule\n    case.assert_func(response)\ntests/single/bundle/test_storage_rules.py:19: in assert_error\n    assert_rpc_error(response, response.message, RPCErrorCode.BANNED_OPCODE)\nE   AttributeError: 'Ok' object has no attribute 'message'"
          },
          "system-out": "--------------------------------- Captured Log ---------------------------------\n\n--------------------------------- Captured Out ---------------------------------",
          "system-err": "--------------------------------- Captured Err ---------------------------------"
        },
        {
          "@classname": "tests.single.bundle.test_storage_rules",
          "@name": "test_rule[[STO-000]unstaked][account][no_storage][ok]",
          "@time": "0.176"
        },
        {
          "@classname": "tests.single.bundle.test_storage_rules",
          "@name": "test_rule[[STO-010]unstaked][account][account_storage][ok]",
          "@time": "0.123"
        },
        {
          "@classname": "tests.single.bundle.test_storage_rules",
          "@name": "test_rule[[STO-021]unstaked][account][account_reference_storage][ok]",
          "@time": "0.127"
        },
        {
          "@classname": "tests.single.bundle.test_storage_rules",
          "@name": "test_rule[[STO-022]unstaked][account][account_reference_storage_init_code][drop]",
          "@time": "0.141",
          "failure": {
            "@message": "AssertionError: assert -32602 == <RPCErrorCode.BANNED_OPCODE: -32502>\n +  where -32602 = Error(code=-32602, message='verificationGasLimit: exceeds maxVerificationGas of 1500000', data='verificationGasLimit: exceeds maxVerificationGas of 1500000', id=248).code",
            "#text": "tests/single/bundle/test_storage_rules.py:769: in test_rule\n    case.assert_func(response)\ntests/single/bundle/test_storage_rules.py:19: in assert_error\n    assert_rpc_error(response, response.message, RPCErrorCode.BANNED_OPCODE)\ntests/utils.py:116: in assert_rpc_error\n    assert response.code == code\nE   AssertionError: assert -32602 == <RPCErrorCode.BANNED_OPCODE: -32502>\nE    +  where -32602 = Error(code=-32602, message='verificationGasLimit: exceeds maxVerificationGas of 1500000', data='verificationGasLimit: exceeds maxVerificationGas of 1500000', id=248).code"
          },
          "system-out": "--------------------------------- Captured Log ---------------------------------\n\n--------------------------------- Captured Out ---------------------------------",
          "system-err": "--------------------------------- Captured Err ---------------------------------"
        },
        {
          "@classname": "tests.single.bundle.test_storage_rules",
          "@name": "test_rule[[STO-022]unstaked][account][account_reference_storage_init_code][ok]",
          "@time": "0.209",
          "failure": {
            "@message": "Exception: expected result object, got:\nError(code=-32602, message='verificationGasLimit: exceeds maxVerificationGas of 1500000', data='verificationGasLimit: exceeds maxVerificationGas of 1500000', id=250)",
            "#text": "tests/utils.py:109: in assert_ok\n    assert response.result\nE   AttributeError: 'Error' object has no attribute 'result'\n\nThe above exception was the direct cause of the following exception:\ntests/single/bundle/test_storage_rules.py:769: in test_rule\n    case.assert_func(response)\ntests/utils.py:111: in assert_ok\n    raise Exception(f\"expected result object, got:\\n{response}\") from exc\nE   Exception: expected result object, got:\nE   Error(code=-32602, message='verificationGasLimit: exceeds maxVerificationGas of 1500000', data='verificationGasLimit: exceeds maxVerificationGas of 1500000', id=250)"
          },
          "system-out": "--------------------------------- Captured Log ---------------------------------\n\n--------------------------------- Captured Out ---------------------------------",
          "system-err": "--------------------------------- Captured Err ---------------------------------"
        },
        {
          "@classname": "tests.single.bundle.test_storage_rules",
          "@name": "test_rule[[STO-022]unstaked][paymaster][account_reference_storage_init_code][drop1]",
          "@time": "0.171",
          "failure": {
            "@message": "AssertionError: assert -32602 == <RPCErrorCode.BANNED_OPCODE: -32502>\n +  where -32602 = Error(code=-32602, message='verificationGasLimit: exceeds maxVerificationGas of 1500000', data='verificationGasLimit: exceeds maxVerificationGas of 1500000', id=252).code",
            "#text": "tests/single/bundle/test_storage_rules.py:769: in test_rule\n    case.assert_func(response)\ntests/single/bundle/test_storage_rules.py:19: in assert_error\n    assert_rpc_error(response, response.message, RPCErrorCode.BANNED_OPCODE)\ntests/utils.py:116: in assert_rpc_error\n    assert response.code == code\nE   AssertionError: assert -32602 == <RPCErrorCode.BANNED_OPCODE: -32502>\nE    +  where -32602 = Error(code=-32602, message='verificationGasLimit: exceeds maxVerificationGas of 1500000', data='verificationGasLimit: exceeds maxVerificationGas of 1500000', id=252).code"
          },
          "system-out": "--------------------------------- Captured Log ---------------------------------\n\n--------------------------------- Captured Out ---------------------------------",
          "system-err": "--------------------------------- Captured Err ---------------------------------"
        },
        {
          "@classname": "tests.single.bundle.test_storage_rules",
          "@name": "test_rule[[STO-021]unstaked][account][account_reference_storage_struct][ok]",
          "@time": "0.126"
        },
        {
          "@classname": "tests.single.bundle.test_storage_rules",
          "@name": "test_rule[[STO-000]unstaked][account][external_storage_read][drop]",
          "@time": "0.119"
        },
        {
          "@classname": "tests.single.bundle.test_storage_rules",
          "@name": "test_rule[[OP-020]unstaked][account][out_of_gas][drop]",
          "@time": "0.172",
          "failure": {
            "@message": "AttributeError: 'Ok' object has no attribute 'message'",
            "#text": "tests/single/bundle/test_storage_rules.py:769: in test_rule\n    case.assert_func(response)\ntests/single/bundle/test_storage_rules.py:19: in assert_error\n    assert_rpc_error(response, response.message, RPCErrorCode.BANNED_OPCODE)\nE   AttributeError: 'Ok' object has no attribute 'message'"
          },
          "system-out": "--------------------------------- Captured Log ---------------------------------\n\n--------------------------------- Captured Out ---------------------------------",
          "system-err": "--------------------------------- Captured Err ---------------------------------"
        },
        {
          "@classname": "tests.single.bundle.test_storage_rules",
          "@name": "test_rule[[OP-020]unstaked][account][sstore_out_of_gas][drop]",
          "@time": "0.127",
          "failure": {
            "@message": "AttributeError: 'Ok' object has no attribute 'message'",
            "#text": "tests/single/bundle/test_storage_rules.py:769: in test_rule\n    case.assert_func(response)\ntests/single/bundle/test_storage_rules.py:19: in assert_error\n    assert_rpc_error(response, response.message, RPCErrorCode.BANNED_OPCODE)\nE   AttributeError: 'Ok' object has no attribute 'message'"
          },
          "system-out": "--------------------------------- Captured Log ---------------------------------\n\n--------------------------------- Captured Out ---------------------------------",
          "system-err": "--------------------------------- Captured Err ---------------------------------"
        },
        {
          "@classname": "tests.single.bundle.test_storage_rules",
          "@name": "test_rule[[STO-000]staked][account][no_storage][ok]",
          "@time": "0.149"
        },
        {
          "@classname": "tests.single.bundle.test_storage_rules",
          "@name": "test_rule[[STO-010]staked][account][account_storage][ok]",
          "@time": "0.155"
        },
        {
          "@classname": "tests.single.bundle.test_storage_rules",
          "@name": "test_rule[[STO-021]staked][account][account_reference_storage][ok]",
          "@time": "0.150"
        },
        {
          "@classname": "tests.single.bundle.test_storage_rules",
          "@name": "test_rule[[STO-021]staked][account][account_reference_storage_struct][ok]",
          "@time": "0.147"
        },
        {
          "@classname": "tests.single.bundle.test_storage_rules",
          "@name": "test_rule[[OP-020]staked][account][out_of_gas][drop]",
          "@time": "0.171",
          "failure": {
            "@message": "AttributeError: 'Ok' object has no attribute 'message'",
            "#text": "tests/single/bundle/test_storage_rules.py:769: in test_rule\n    case.assert_func(response)\ntests/single/bundle/test_storage_rules.py:19: in assert_error\n    assert_rpc_error(response, response.message, RPCErrorCode.BANNED_OPCODE)\nE   AttributeError: 'Ok' object has no attribute 'message'"
          },
          "system-out": "--------------------------------- Captured Log ---------------------------------\n\n--------------------------------- Captured Out ---------------------------------",
          "system-err": "--------------------------------- Captured Err ---------------------------------"
        },
        {
          "@classname": "tests.single.bundle.test_storage_rules",
          "@name": "test_rule[[OP-020]staked][account][sstore_out_of_gas][drop]",
          "@time": "0.162",
          "failure": {
            "@message": "AttributeError: 'Ok' object has no attribute 'message'",
            "#text": "tests/single/bundle/test_storage_rules.py:769: in test_rule\n    case.assert_func(response)\ntests/single/bundle/test_storage_rules.py:19: in assert_error\n    assert_rpc_error(response, response.message, RPCErrorCode.BANNED_OPCODE)\nE   AttributeError: 'Ok' object has no attribute 'message'"
          },
          "system-out": "--------------------------------- Captured Log ---------------------------------\n\n--------------------------------- Captured Out ---------------------------------",
          "system-err": "--------------------------------- Captured Err ---------------------------------"
        },
        {
          "@classname": "tests.single.bundle.test_storage_rules",
          "@name": "test_rule[[STO-033]staked][account][external_storage_write][drop]",
          "@time": "0.149"
        },
        {
          "@classname": "tests.single.bundle.test_storage_rules",
          "@name": "test_rule[[STO-033]staked][account][external_storage_read][ok]",
          "@time": "0.143",
          "failure": {
            "@message": "Exception: expected result object, got:\nError(code=-32502, message='account has forbidden read to 0xa6b9E49608a71C68E1e34D5f2b397dFCA93A44BF slot aed3469875ad6750e818d667b5bd08036a9d5a353af5c0e81a03431a837a7b39', data='account has forbidden read to 0xa6b9E49608a71C68E1e34D5f2b397dFCA93A44BF slot aed3469875ad6750e818d667b5bd08036a9d5a353af5c0e81a03431a837a7b39', id=276)",
            "#text": "tests/utils.py:109: in assert_ok\n    assert response.result\nE   AttributeError: 'Error' object has no attribute 'result'\n\nThe above exception was the direct cause of the following exception:\ntests/single/bundle/test_storage_rules.py:769: in test_rule\n    case.assert_func(response)\ntests/utils.py:111: in assert_ok\n    raise Exception(f\"expected result object, got:\\n{response}\") from exc\nE   Exception: expected result object, got:\nE   Error(code=-32502, message='account has forbidden read to 0xa6b9E49608a71C68E1e34D5f2b397dFCA93A44BF slot aed3469875ad6750e818d667b5bd08036a9d5a353af5c0e81a03431a837a7b39', data='account has forbidden read to 0xa6b9E49608a71C68E1e34D5f2b397dFCA93A44BF slot aed3469875ad6750e818d667b5bd08036a9d5a353af5c0e81a03431a837a7b39', id=276)"
          },
          "system-out": "--------------------------------- Captured Log ---------------------------------\n\n--------------------------------- Captured Out ---------------------------------",
          "system-err": "--------------------------------- Captured Err ---------------------------------"
        },
        {
          "@classname": "tests.single.bundle.test_storage_rules",
          "@name": "test_rule[[OP-011]unstaked][account][entryPoint_call_balanceOf][drop]",
          "@time": "0.130",
          "failure": {
            "@message": "AttributeError: 'Ok' object has no attribute 'message'",
            "#text": "tests/single/bundle/test_storage_rules.py:769: in test_rule\n    case.assert_func(response)\ntests/single/bundle/test_storage_rules.py:19: in assert_error\n    assert_rpc_error(response, response.message, RPCErrorCode.BANNED_OPCODE)\nE   AttributeError: 'Ok' object has no attribute 'message'"
          },
          "system-out": "--------------------------------- Captured Log ---------------------------------\n\n--------------------------------- Captured Out ---------------------------------",
          "system-err": "--------------------------------- Captured Err ---------------------------------"
        },
        {
          "@classname": "tests.single.bundle.test_storage_rules",
          "@name": "test_rule[[OP-061]unstaked][account][eth_value_transfer_forbidden][drop]",
          "@time": "0.121",
          "failure": {
            "@message": "AttributeError: 'Ok' object has no attribute 'message'",
            "#text": "tests/single/bundle/test_storage_rules.py:769: in test_rule\n    case.assert_func(response)\ntests/single/bundle/test_storage_rules.py:19: in assert_error\n    assert_rpc_error(response, response.message, RPCErrorCode.BANNED_OPCODE)\nE   AttributeError: 'Ok' object has no attribute 'message'"
          },
          "system-out": "--------------------------------- Captured Log ---------------------------------\n\n--------------------------------- Captured Out ---------------------------------",
          "system-err": "--------------------------------- Captured Err ---------------------------------"
        },
        {
          "@classname": "tests.single.bundle.test_storage_rules",
          "@name": "test_rule[[OP-053]unstaked][account][eth_value_transfer_entryPoint][ok]",
          "@time": "0.140"
        },
        {
          "@classname": "tests.single.bundle.test_storage_rules",
          "@name": "test_rule[[OP-052]unstaked][account][eth_value_transfer_entryPoint_depositTo][ok]",
          "@time": "0.135"
        },
        {
          "@classname": "tests.single.bundle.test_storage_rules",
          "@name": "test_rule[[OP-041]unstaked][account][EXTCODESIZE_undeployed_contract][drop]",
          "@time": "0.121",
          "failure": {
            "@message": "AttributeError: 'Ok' object has no attribute 'message'",
            "#text": "tests/single/bundle/test_storage_rules.py:769: in test_rule\n    case.assert_func(response)\ntests/single/bundle/test_storage_rules.py:19: in assert_error\n    assert_rpc_error(response, response.message, RPCErrorCode.BANNED_OPCODE)\nE   AttributeError: 'Ok' object has no attribute 'message'"
          },
          "system-out": "--------------------------------- Captured Log ---------------------------------\n\n--------------------------------- Captured Out ---------------------------------",
          "system-err": "--------------------------------- Captured Err ---------------------------------"
        },
        {
          "@classname": "tests.single.bundle.test_storage_rules",
          "@name": "test_rule[[OP-041]unstaked][account][EXTCODEHASH_undeployed_contract][drop]",
          "@time": "0.119",
          "failure": {
            "@message": "AttributeError: 'Ok' object has no attribute 'message'",
            "#text": "tests/single/bundle/test_storage_rules.py:769: in test_rule\n    case.assert_func(response)\ntests/single/bundle/test_storage_rules.py:19: in assert_error\n    assert_rpc_error(response, response.message, RPCErrorCode.BANNED_OPCODE)\nE   AttributeError: 'Ok' object has no attribute 'message'"
          },
          "system-out": "--------------------------------- Captured Log ---------------------------------\n\n--------------------------------- Captured Out ---------------------------------",
          "system-err": "--------------------------------- Captured Err ---------------------------------"
        },
        {
          "@classname": "tests.single.bundle.test_storage_rules",
          "@name": "test_rule[[OP-041]unstaked][account][EXTCODECOPY_undeployed_contract][drop]",
          "@time": "0.120",
          "failure": {
            "@message": "AttributeError: 'Ok' object has no attribute 'message'",
            "#text": "tests/single/bundle/test_storage_rules.py:769: in test_rule\n    case.assert_func(response)\ntests/single/bundle/test_storage_rules.py:19: in assert_error\n    assert_rpc_error(response, response.message, RPCErrorCode.BANNED_OPCODE)\nE   AttributeError: 'Ok' object has no attribute 'message'"
          },
          "system-out": "--------------------------------- Captured Log ---------------------------------\n\n--------------------------------- Captured Out ---------------------------------",
          "system-err": "--------------------------------- Captured Err ---------------------------------"
        },
        {
          "@classname": "tests.single.bundle.test_storage_rules",
          "@name": "test_rule[[OP-054]unstaked][account][EXTCODESIZE_entrypoint][drop]",
          "@time": "0.131",
          "failure": {
            "@message": "AttributeError: 'Ok' object has no attribute 'message'",
            "#text": "tests/single/bundle/test_storage_rules.py:769: in test_rule\n    case.assert_func(response)\ntests/single/bundle/test_storage_rules.py:19: in assert_error\n    assert_rpc_error(response, response.message, RPCErrorCode.BANNED_OPCODE)\nE   AttributeError: 'Ok' object has no attribute 'message'"
          },
          "system-out": "--------------------------------- Captured Log ---------------------------------\n\n--------------------------------- Captured Out ---------------------------------",
          "system-err": "--------------------------------- Captured Err ---------------------------------"
        },
        {
          "@classname": "tests.single.bundle.test_storage_rules",
          "@name": "test_rule[[OP-054]unstaked][account][EXTCODEHASH_entrypoint][drop]",
          "@time": "0.118",
          "failure": {
            "@message": "AttributeError: 'Ok' object has no attribute 'message'",
            "#text": "tests/single/bundle/test_storage_rules.py:769: in test_rule\n    case.assert_func(response)\ntests/single/bundle/test_storage_rules.py:19: in assert_error\n    assert_rpc_error(response, response.message, RPCErrorCode.BANNED_OPCODE)\nE   AttributeError: 'Ok' object has no attribute 'message'"
          },
          "system-out": "--------------------------------- Captured Log ---------------------------------\n\n--------------------------------- Captured Out ---------------------------------",
          "system-err": "--------------------------------- Captured Err ---------------------------------"
        },
        {
          "@classname": "tests.single.bundle.test_storage_rules",
          "@name": "test_rule[[OP-054]unstaked][account][EXTCODECOPY_entrypoint][drop]",
          "@time": "0.122",
          "failure": {
            "@message": "AttributeError: 'Ok' object has no attribute 'message'",
            "#text": "tests/single/bundle/test_storage_rules.py:769: in test_rule\n    case.assert_func(response)\ntests/single/bundle/test_storage_rules.py:19: in assert_error\n    assert_rpc_error(response, response.message, RPCErrorCode.BANNED_OPCODE)\nE   AttributeError: 'Ok' object has no attribute 'message'"
          },
          "system-out": "--------------------------------- Captured Log ---------------------------------\n\n--------------------------------- Captured Out ---------------------------------",
          "system-err": "--------------------------------- Captured Err ---------------------------------"
        },
        {
          "@classname": "tests.single.bundle.test_storage_rules",
          "@name": "test_rule[[OP-041]unstaked][account][CALL_undeployed_contract][drop]",
          "@time": "0.113",
          "failure": {
            "@message": "AttributeError: 'Ok' object has no attribute 'message'",
            "#text": "tests/single/bundle/test_storage_rules.py:769: in test_rule\n    case.assert_func(response)\ntests/single/bundle/test_storage_rules.py:19: in assert_error\n    assert_rpc_error(response, response.message, RPCErrorCode.BANNED_OPCODE)\nE   AttributeError: 'Ok' object has no attribute 'message'"
          },
          "system-out": "--------------------------------- Captured Log ---------------------------------\n\n--------------------------------- Captured Out ---------------------------------",
          "system-err": "--------------------------------- Captured Err ---------------------------------"
        },
        {
          "@classname": "tests.single.bundle.test_storage_rules",
          "@name": "test_rule[[OP-041]unstaked][account][CALLCODE_undeployed_contract][drop]",
          "@time": "0.114",
          "failure": {
            "@message": "AttributeError: 'Ok' object has no attribute 'message'",
            "#text": "tests/single/bundle/test_storage_rules.py:769: in test_rule\n    case.assert_func(response)\ntests/single/bundle/test_storage_rules.py:19: in assert_error\n    assert_rpc_error(response, response.message, RPCErrorCode.BANNED_OPCODE)\nE   AttributeError: 'Ok' object has no attribute 'message'"
          },
          "system-out": "--------------------------------- Captured Log ---------------------------------\n\n--------------------------------- Captured Out ---------------------------------",
          "system-err": "--------------------------------- Captured Err ---------------------------------"
        },
        {
          "@classname": "tests.single.bundle.test_storage_rules",
          "@name": "test_rule[[OP-041]unstaked][account][DELEGATECALL_undeployed_contract][drop]",
          "@time": "0.113",
          "failure": {
            "@message": "AttributeError: 'Ok' object has no attribute 'message'",
            "#text": "tests/single/bundle/test_storage_rules.py:769: in test_rule\n    case.assert_func(response)\ntests/single/bundle/test_storage_rules.py:19: in assert_error\n    assert_rpc_error(response, response.message, RPCErrorCode.BANNED_OPCODE)\nE   AttributeError: 'Ok' object has no attribute 'message'"
          },
          "system-out": "--------------------------------- Captured Log ---------------------------------\n\n--------------------------------- Captured Out ---------------------------------",
          "system-err": "--------------------------------- Captured Err ---------------------------------"
        },
        {
          "@classname": "tests.single.bundle.test_storage_rules",
          "@name": "test_rule[[OP-041]unstaked][account][STATICCALL_undeployed_contract][drop]",
          "@time": "0.118",
          "failure": {
            "@message": "AttributeError: 'Ok' object has no attribute 'message'",
            "#text": "tests/single/bundle/test_storage_rules.py:769: in test_rule\n    case.assert_func(response)\ntests/single/bundle/test_storage_rules.py:19: in assert_error\n    assert_rpc_error(response, response.message, RPCErrorCode.BANNED_OPCODE)\nE   AttributeError: 'Ok' object has no attribute 'message'"
          },
          "system-out": "--------------------------------- Captured Log ---------------------------------\n\n--------------------------------- Captured Out ---------------------------------",
          "system-err": "--------------------------------- Captured Err ---------------------------------"
        },
        {
          "@classname": "tests.single.bundle.test_storage_rules",
          "@name": "test_rule[[OP-062]unstaked][account][CALL_undeployed_contract_allowed_precompile][ok]",
          "@time": "0.122"
        },
        {
          "@classname": "tests.single.opbanning.test_op_banning",
          "@name": "test_account_banned_opcode[GAS]",
          "@time": "0.077"
        },
        {
          "@classname": "tests.single.opbanning.test_op_banning",
          "@name": "test_account_banned_opcode[NUMBER]",
          "@time": "0.081"
        },
        {
          "@classname": "tests.single.opbanning.test_op_banning",
          "@name": "test_account_banned_opcode[TIMESTAMP]",
          "@time": "0.078"
        },
        {
          "@classname": "tests.single.opbanning.test_op_banning",
          "@name": "test_account_banned_opcode[COINBASE]",
          "@time": "0.083"
        },
        {
          "@classname": "tests.single.opbanning.test_op_banning",
          "@name": "test_account_banned_opcode[DIFFICULTY]",
          "@time": "0.081"
        },
        {
          "@classname": "tests.single.opbanning.test_op_banning",
          "@name": "test_account_banned_opcode[BASEFEE]",
          "@time": "0.079"
        },
        {
          "@classname": "tests.single.opbanning.test_op_banning",
          "@name": "test_account_banned_opcode[GASLIMIT]",
          "@time": "0.085"
        },
        {
          "@classname": "tests.single.opbanning.test_op_banning",
          "@name": "test_account_banned_opcode[GASPRICE]",
          "@time": "0.081"
        },
        {
          "@classname": "tests.single.opbanning.test_op_banning",
          "@name": "test_account_banned_opcode[SELFBALANCE]",
          "@time": "0.088"
        },
        {
          "@classname": "tests.single.opbanning.test_op_banning",
          "@name": "test_account_banned_opcode[BALANCE]",
          "@time": "0.088"
        },
        {
          "@classname": "tests.single.opbanning.test_op_banning",
          "@name": "test_account_banned_opcode[ORIGIN]",
          "@time": "0.089"
        },
        {
          "@classname": "tests.single.opbanning.test_op_banning",
          "@name": "test_account_banned_opcode[BLOCKHASH]",
          "@time": "0.087"
        },
        {
          "@classname": "tests.single.opbanning.test_op_banning",
          "@name": "test_account_banned_opcode[CREATE]",
          "@time": "0.165"
        },
        {
          "@classname": "tests.single.opbanning.test_op_banning",
          "@name": "test_account_banned_opcode[CREATE2]",
          "@time": "0.094"
        },
        {
          "@classname": "tests.single.opbanning.test_op_banning",
          "@name": "test_account_banned_opcode[SELFDESTRUCT]",
          "@time": "0.085"
        },
        {
          "@classname": "tests.single.opbanning.test_op_banning",
          "@name": "test_account_allowed_opcode_sequence[GAS CALL]",
          "@time": "0.096"
        },
        {
          "@classname": "tests.single.opbanning.test_op_banning",
          "@name": "test_account_allowed_opcode_sequence[GAS DELEGATECALL]",
          "@time": "0.111"
        },
        {
          "@classname": "tests.single.opbanning.test_op_banning",
          "@name": "test_paymaster_banned_opcode[GAS]",
          "@time": "0.107"
        },
        {
          "@classname": "tests.single.opbanning.test_op_banning",
          "@name": "test_paymaster_banned_opcode[NUMBER]",
          "@time": "0.133"
        },
        {
          "@classname": "tests.single.opbanning.test_op_banning",
          "@name": "test_paymaster_banned_opcode[TIMESTAMP]",
          "@time": "0.103"
        },
        {
          "@classname": "tests.single.opbanning.test_op_banning",
          "@name": "test_paymaster_banned_opcode[COINBASE]",
          "@time": "0.104"
        },
        {
          "@classname": "tests.single.opbanning.test_op_banning",
          "@name": "test_paymaster_banned_opcode[DIFFICULTY]",
          "@time": "0.102"
        },
        {
          "@classname": "tests.single.opbanning.test_op_banning",
          "@name": "test_paymaster_banned_opcode[BASEFEE]",
          "@time": "0.105"
        },
        {
          "@classname": "tests.single.opbanning.test_op_banning",
          "@name": "test_paymaster_banned_opcode[GASLIMIT]",
          "@time": "0.101"
        },
        {
          "@classname": "tests.single.opbanning.test_op_banning",
          "@name": "test_paymaster_banned_opcode[GASPRICE]",
          "@time": "0.107"
        },
        {
          "@classname": "tests.single.opbanning.test_op_banning",
          "@name": "test_paymaster_banned_opcode[SELFBALANCE]",
          "@time": "0.104"
        },
        {
          "@classname": "tests.single.opbanning.test_op_banning",
          "@name": "test_paymaster_banned_opcode[BALANCE]",
          "@time": "0.104"
        },
        {
          "@classname": "tests.single.opbanning.test_op_banning",
          "@name": "test_paymaster_banned_opcode[ORIGIN]",
          "@time": "0.112"
        },
        {
          "@classname": "tests.single.opbanning.test_op_banning",
          "@name": "test_paymaster_banned_opcode[BLOCKHASH]",
          "@time": "0.105"
        },
        {
          "@classname": "tests.single.opbanning.test_op_banning",
          "@name": "test_paymaster_banned_opcode[CREATE]",
          "@time": "0.109"
        },
        {
          "@classname": "tests.single.opbanning.test_op_banning",
          "@name": "test_paymaster_banned_opcode[CREATE2]",
          "@time": "0.106"
        },
        {
          "@classname": "tests.single.opbanning.test_op_banning",
          "@name": "test_paymaster_banned_opcode[SELFDESTRUCT]",
          "@time": "0.108"
        },
        {
          "@classname": "tests.single.opbanning.test_op_banning",
          "@name": "test_factory_banned_opcode[GAS]",
          "@time": "0.163"
        },
        {
          "@classname": "tests.single.opbanning.test_op_banning",
          "@name": "test_factory_banned_opcode[NUMBER]",
          "@time": "0.159"
        },
        {
          "@classname": "tests.single.opbanning.test_op_banning",
          "@name": "test_factory_banned_opcode[TIMESTAMP]",
          "@time": "0.164"
        },
        {
          "@classname": "tests.single.opbanning.test_op_banning",
          "@name": "test_factory_banned_opcode[COINBASE]",
          "@time": "0.166"
        },
        {
          "@classname": "tests.single.opbanning.test_op_banning",
          "@name": "test_factory_banned_opcode[DIFFICULTY]",
          "@time": "0.166"
        },
        {
          "@classname": "tests.single.opbanning.test_op_banning",
          "@name": "test_factory_banned_opcode[BASEFEE]",
          "@time": "0.162"
        },
        {
          "@classname": "tests.single.opbanning.test_op_banning",
          "@name": "test_factory_banned_opcode[GASLIMIT]",
          "@time": "0.164"
        },
        {
          "@classname": "tests.single.opbanning.test_op_banning",
          "@name": "test_factory_banned_opcode[GASPRICE]",
          "@time": "0.165"
        },
        {
          "@classname": "tests.single.opbanning.test_op_banning",
          "@name": "test_factory_banned_opcode[SELFBALANCE]",
          "@time": "0.165"
        },
        {
          "@classname": "tests.single.opbanning.test_op_banning",
          "@name": "test_factory_banned_opcode[BALANCE]",
          "@time": "0.167"
        },
        {
          "@classname": "tests.single.opbanning.test_op_banning",
          "@name": "test_factory_banned_opcode[ORIGIN]",
          "@time": "0.161"
        },
        {
          "@classname": "tests.single.opbanning.test_op_banning",
          "@name": "test_factory_banned_opcode[BLOCKHASH]",
          "@time": "0.164"
        },
        {
          "@classname": "tests.single.opbanning.test_op_banning",
          "@name": "test_factory_banned_opcode[CREATE]",
          "@time": "0.171"
        },
        {
          "@classname": "tests.single.opbanning.test_op_banning",
          "@name": "test_factory_banned_opcode[CREATE2]",
          "@time": "0.174"
        },
        {
          "@classname": "tests.single.opbanning.test_op_banning",
          "@name": "test_factory_banned_opcode[SELFDESTRUCT]",
          "@time": "0.170"
        },
        {
          "@classname": "tests.single.reputation.test_reputation",
          "@name": "test_staked_entity_reputation_threshold[with_factory]",
          "@time": "0.141",
          "failure": {
            "@message": "AttributeError: 'Error' object has no attribute 'result'",
            "#text": "tests/single/reputation/test_reputation.py:70: in test_staked_entity_reputation_threshold\n    reputations = dump_reputation()\ntests/utils.py:196: in dump_reputation\n    .result\nE   AttributeError: 'Error' object has no attribute 'result'"
          },
          "system-out": "--------------------------------- Captured Log ---------------------------------\n\n--------------------------------- Captured Out ---------------------------------",
          "system-err": "--------------------------------- Captured Err ---------------------------------"
        },
        {
          "@classname": "tests.single.reputation.test_reputation",
          "@name": "test_staked_entity_reputation_threshold[without_factory]",
          "@time": "0.074",
          "failure": {
            "@message": "AttributeError: 'Error' object has no attribute 'result'",
            "#text": "tests/single/reputation/test_reputation.py:70: in test_staked_entity_reputation_threshold\n    reputations = dump_reputation()\ntests/utils.py:196: in dump_reputation\n    .result\nE   AttributeError: 'Error' object has no attribute 'result'"
          },
          "system-out": "--------------------------------- Captured Log ---------------------------------\n\n--------------------------------- Captured Out ---------------------------------",
          "system-err": "--------------------------------- Captured Err ---------------------------------"
        },
        {
          "@classname": "tests.single.rpc.test_eth_chainId",
          "@name": "test_eth_chainId[]",
          "@time": "0.007"
        },
        {
          "@classname": "tests.single.rpc.test_eth_estimateUserOperationGas",
          "@name": "test_eth_estimateUserOperationGas[]",
          "@time": "0.069",
          "failure": {
            "@message": "jsonschema.exceptions.ValidationError: 'verificationGasLimit' is a required property\n\nFailed validating 'required' in schema:\n    {'properties': {'callGasLimit': {'oneOf': [{'pattern': '^0x([1-9a-f]+[0-9a-f]*|0)$',\n                                                'type': 'string'},\n                                               {'type': 'number'}],\n                                     'title': 'callGasLimit'},\n                    'preVerificationGas': {'oneOf': [{'pattern': '^0x([1-9a-f]+[0-9a-f]*|0)$',\n                                                      'type': 'string'},\n                                                     {'type': 'number'}],\n                                           'title': 'preVerificationGas'},\n                    'verificationGasLimit': {'oneOf': [{'pattern': '^0x([1-9a-f]+[0-9a-f]*|0)$',\n                                                        'type': 'string'},\n                                                       {'type': 'number'}],\n                                             'title': 'verificationGasLimit'}},\n     'required': ['callGasLimit',\n                  'preVerificationGas',\n                  'verificationGasLimit'],\n     'title': 'UserOperation Gas parameters',\n     'type': 'object'}\n\nOn instance:\n    {'callGasLimit': 44181,\n     'preVerificationGas': 42316,\n     'verificationGas': 337129}",
            "#text": "tests/single/rpc/test_eth_estimateUserOperationGas.py:20: in test_eth_estimateUserOperationGas\n    validate(instance=response.result, schema=schema)\n.venv/lib/python3.10/site-packages/jsonschema/validators.py:1121: in validate\n    raise error\nE   jsonschema.exceptions.ValidationError: 'verificationGasLimit' is a required property\nE   \nE   Failed validating 'required' in schema:\nE       {'properties': {'callGasLimit': {'oneOf': [{'pattern': '^0x([1-9a-f]+[0-9a-f]*|0)$',\nE                                                   'type': 'string'},\nE                                                  {'type': 'number'}],\nE                                        'title': 'callGasLimit'},\nE                       'preVerificationGas': {'oneOf': [{'pattern': '^0x([1-9a-f]+[0-9a-f]*|0)$',\nE                                                         'type': 'string'},\nE                                                        {'type': 'number'}],\nE                                              'title': 'preVerificationGas'},\nE                       'verificationGasLimit': {'oneOf': [{'pattern': '^0x([1-9a-f]+[0-9a-f]*|0)$',\nE                                                           'type': 'string'},\nE                                                          {'type': 'number'}],\nE                                                'title': 'verificationGasLimit'}},\nE        'required': ['callGasLimit',\nE                     'preVerificationGas',\nE                     'verificationGasLimit'],\nE        'title': 'UserOperation Gas parameters',\nE        'type': 'object'}\nE   \nE   On instance:\nE       {'callGasLimit': 44181,\nE        'preVerificationGas': 42316,\nE        'verificationGas': 337129}"
          },
          "system-out": "--------------------------------- Captured Log ---------------------------------\n\n--------------------------------- Captured Out ---------------------------------",
          "system-err": "--------------------------------- Captured Err ---------------------------------"
        },
        {
          "@classname": "tests.single.rpc.test_eth_estimateUserOperationGas",
          "@name": "test_eth_estimateUserOperationGas_execution_revert",
          "@time": "0.067"
        },
        {
          "@classname": "tests.single.rpc.test_eth_estimateUserOperationGas",
          "@name": "test_eth_estimateUserOperationGas_simulation_revert",
          "@time": "0.038"
        },
        {
          "@classname": "tests.single.rpc.test_eth_getUserOperationByHash",
          "@name": "test_eth_getUserOperationByHash[]",
          "@time": "0.113"
        },
        {
          "@classname": "tests.single.rpc.test_eth_getUserOperationByHash",
          "@name": "test_eth_getUserOperationByHash_error",
          "@time": "0.007"
        },
        {
          "@classname": "tests.single.rpc.test_eth_getUserOperationReceipt",
          "@name": "test_eth_getUserOperationReceipt[]",
          "@time": "0.118"
        },
        {
          "@classname": "tests.single.rpc.test_eth_getUserOperationReceipt",
          "@name": "test_eth_getUserOperationReceipt_error",
          "@time": "0.007"
        },
        {
          "@classname": "tests.single.rpc.test_eth_sendUserOperation",
          "@name": "test_eth_sendUserOperation[]",
          "@time": "0.092"
        },
        {
          "@classname": "tests.single.rpc.test_eth_sendUserOperation",
          "@name": "test_eth_sendUserOperation_revert",
          "@time": "0.055"
        },
        {
          "@classname": "tests.single.rpc.test_eth_sendUserOperation",
          "@name": "test_eth_sendUserOperation_invalid_signature",
          "@time": "0.052"
        },
        {
          "@classname": "tests.single.rpc.test_eth_supportedEntryPoints",
          "@name": "test_eth_supportedEntryPoints[]",
          "@time": "0.012"
        }
      ]
    }
  }
}
