{
  "testsuites": {
    "testsuite": {
      "@name": "okbund",
      "@errors": "0",
      "@failures": "60",
      "@skipped": "13",
      "@tests": "486",
      "@time": "263.947",
      "@timestamp": "2025-05-18T15:06:26.491900+00:00",
      "@hostname": "pkrvmf6wy0o8zjz",
      "testcase": [
        {
          "@classname": "",
          "@name": "tests.single.gas.test_pre_verification_gas_calculation",
          "@time": "0.000",
          "skipped": {
            "@message": "collection skipped",
            "#text": "('/home/runner/work/bundler-test-executor/bundler-test-executor/bundler-spec-tests/tests/single/gas/test_pre_verification_gas_calculation.py', 15, 'Skipped: Slow and requires fixing')"
          }
        },
        {
          "@classname": "tests.single.bundle.test_bundle",
          "@name": "test_bundle_replace_op[only_priority_fee_bump]",
          "@time": "0.703"
        },
        {
          "@classname": "tests.single.bundle.test_bundle",
          "@name": "test_bundle_replace_op[only_max_fee_bump]",
          "@time": "0.413"
        },
        {
          "@classname": "tests.single.bundle.test_bundle",
          "@name": "test_bundle_replace_op[with_same_fee]",
          "@time": "0.304"
        },
        {
          "@classname": "tests.single.bundle.test_bundle",
          "@name": "test_bundle_replace_op[with_less_fee]",
          "@time": "0.345"
        },
        {
          "@classname": "tests.single.bundle.test_bundle",
          "@name": "test_bundle_replace_op[fee_bump_below_threshold]",
          "@time": "0.346"
        },
        {
          "@classname": "tests.single.bundle.test_bundle",
          "@name": "test_bundle_replace_op[fee_bump_at_threshold]",
          "@time": "0.340"
        },
        {
          "@classname": "tests.single.bundle.test_bundle",
          "@name": "test_bundle_replace_op[fee_bump_above_threshold]",
          "@time": "0.334"
        },
        {
          "@classname": "tests.single.bundle.test_bundle",
          "@name": "test_mempool_reputation_rules_all_entities[GREP-010-banned-entity-not-allowed-banned-sender]",
          "@time": "0.000",
          "skipped": {
            "@type": "pytest.skip",
            "@message": "skipped",
            "#text": "/home/runner/work/bundler-test-executor/bundler-test-executor/bundler-spec-tests/tests/single/bundle/test_bundle.py:123: skipped"
          },
          "system-out": "--------------------------------- Captured Log ---------------------------------\n\n--------------------------------- Captured Out ---------------------------------",
          "system-err": "--------------------------------- Captured Err ---------------------------------"
        },
        {
          "@classname": "tests.single.bundle.test_bundle",
          "@name": "test_mempool_reputation_rules_all_entities[GREP-010-banned-entity-not-allowed-banned-paymaster]",
          "@time": "0.000",
          "skipped": {
            "@type": "pytest.skip",
            "@message": "skipped",
            "#text": "/home/runner/work/bundler-test-executor/bundler-test-executor/bundler-spec-tests/tests/single/bundle/test_bundle.py:123: skipped"
          },
          "system-out": "--------------------------------- Captured Log ---------------------------------\n\n--------------------------------- Captured Out ---------------------------------",
          "system-err": "--------------------------------- Captured Err ---------------------------------"
        },
        {
          "@classname": "tests.single.bundle.test_bundle",
          "@name": "test_mempool_reputation_rules_all_entities[GREP-010-banned-entity-not-allowed-banned-factory]",
          "@time": "0.000",
          "skipped": {
            "@type": "pytest.skip",
            "@message": "skipped",
            "#text": "/home/runner/work/bundler-test-executor/bundler-test-executor/bundler-spec-tests/tests/single/bundle/test_bundle.py:123: skipped"
          },
          "system-out": "--------------------------------- Captured Log ---------------------------------\n\n--------------------------------- Captured Out ---------------------------------",
          "system-err": "--------------------------------- Captured Err ---------------------------------"
        },
        {
          "@classname": "tests.single.bundle.test_bundle",
          "@name": "test_mempool_reputation_rules_all_entities[GREP-020-throttled-entity-allowed-limited-count-throttled-sender]",
          "@time": "0.000",
          "skipped": {
            "@type": "pytest.skip",
            "@message": "skipped",
            "#text": "/home/runner/work/bundler-test-executor/bundler-test-executor/bundler-spec-tests/tests/single/bundle/test_bundle.py:123: skipped"
          },
          "system-out": "--------------------------------- Captured Log ---------------------------------\n\n--------------------------------- Captured Out ---------------------------------",
          "system-err": "--------------------------------- Captured Err ---------------------------------"
        },
        {
          "@classname": "tests.single.bundle.test_bundle",
          "@name": "test_mempool_reputation_rules_all_entities[GREP-020-throttled-entity-allowed-limited-count-throttled-paymaster]",
          "@time": "0.000",
          "skipped": {
            "@type": "pytest.skip",
            "@message": "skipped",
            "#text": "/home/runner/work/bundler-test-executor/bundler-test-executor/bundler-spec-tests/tests/single/bundle/test_bundle.py:123: skipped"
          },
          "system-out": "--------------------------------- Captured Log ---------------------------------\n\n--------------------------------- Captured Out ---------------------------------",
          "system-err": "--------------------------------- Captured Err ---------------------------------"
        },
        {
          "@classname": "tests.single.bundle.test_bundle",
          "@name": "test_mempool_reputation_rules_all_entities[GREP-020-throttled-entity-allowed-limited-count-throttled-factory]",
          "@time": "0.000",
          "skipped": {
            "@type": "pytest.skip",
            "@message": "skipped",
            "#text": "/home/runner/work/bundler-test-executor/bundler-test-executor/bundler-spec-tests/tests/single/bundle/test_bundle.py:123: skipped"
          },
          "system-out": "--------------------------------- Captured Log ---------------------------------\n\n--------------------------------- Captured Out ---------------------------------",
          "system-err": "--------------------------------- Captured Err ---------------------------------"
        },
        {
          "@classname": "tests.single.bundle.test_bundle",
          "@name": "test_mempool_reputation_rules_all_entities[UREP-010 UREP-020-unstaked-entity-allowed-function-unstaked-sender]",
          "@time": "0.000",
          "skipped": {
            "@type": "pytest.skip",
            "@message": "skipped",
            "#text": "/home/runner/work/bundler-test-executor/bundler-test-executor/bundler-spec-tests/tests/single/bundle/test_bundle.py:123: skipped"
          },
          "system-out": "--------------------------------- Captured Log ---------------------------------\n\n--------------------------------- Captured Out ---------------------------------",
          "system-err": "--------------------------------- Captured Err ---------------------------------"
        },
        {
          "@classname": "tests.single.bundle.test_bundle",
          "@name": "test_mempool_reputation_rules_all_entities[UREP-010 UREP-020-unstaked-entity-allowed-function-unstaked-paymaster]",
          "@time": "0.000",
          "skipped": {
            "@type": "pytest.skip",
            "@message": "skipped",
            "#text": "/home/runner/work/bundler-test-executor/bundler-test-executor/bundler-spec-tests/tests/single/bundle/test_bundle.py:123: skipped"
          },
          "system-out": "--------------------------------- Captured Log ---------------------------------\n\n--------------------------------- Captured Out ---------------------------------",
          "system-err": "--------------------------------- Captured Err ---------------------------------"
        },
        {
          "@classname": "tests.single.bundle.test_bundle",
          "@name": "test_mempool_reputation_rules_all_entities[UREP-010 UREP-020-unstaked-entity-allowed-function-unstaked-factory]",
          "@time": "0.000",
          "skipped": {
            "@type": "pytest.skip",
            "@message": "skipped",
            "#text": "/home/runner/work/bundler-test-executor/bundler-test-executor/bundler-spec-tests/tests/single/bundle/test_bundle.py:123: skipped"
          },
          "system-out": "--------------------------------- Captured Log ---------------------------------\n\n--------------------------------- Captured Out ---------------------------------",
          "system-err": "--------------------------------- Captured Err ---------------------------------"
        },
        {
          "@classname": "tests.single.bundle.test_bundle",
          "@name": "test_max_allowed_ops_unstaked_sender",
          "@time": "0.836",
          "failure": {
            "@message": "AttributeError: expected result object, got:\nError(code=0, message='-32000::invalid block range params', data=None, id=54)",
            "#text": "tests/utils.py:199: in assert_ok\n    assert response.result\nE   AttributeError: 'Error' object has no attribute 'result'\n\nThe above exception was the direct cause of the following exception:\ntests/single/bundle/test_bundle.py:261: in test_max_allowed_ops_unstaked_sender\n    send_bundle_now()\ntests/utils.py:230: in send_bundle_now\n    assert_ok(RPCRequest(method=\"debug_bundler_sendBundleNow\").send(url))\ntests/utils.py:201: in assert_ok\n    raise AttributeError(f\"expected result object, got:\\n{response}\") from exc\nE   AttributeError: expected result object, got:\nE   Error(code=0, message='-32000::invalid block range params', data=None, id=54)"
          },
          "system-out": "--------------------------------- Captured Log ---------------------------------\n\n--------------------------------- Captured Out ---------------------------------",
          "system-err": "--------------------------------- Captured Err ---------------------------------"
        },
        {
          "@classname": "tests.single.bundle.test_bundle",
          "@name": "test_max_allowed_ops_staked_sender",
          "@time": "2.143"
        },
        {
          "@classname": "tests.single.bundle.test_bundle",
          "@name": "test_ban_user_op_access_other_ops_sender_in_bundle",
          "@time": "1.849"
        },
        {
          "@classname": "tests.single.bundle.test_bundle",
          "@name": "test_ban_user_sender_double_role_in_bundle",
          "@time": "0.721"
        },
        {
          "@classname": "tests.single.bundle.test_bundle",
          "@name": "test_stake_check_in_bundler",
          "@time": "0.547"
        },
        {
          "@classname": "tests.single.bundle.test_codehash",
          "@name": "test_codehash_changed",
          "@time": "0.278",
          "skipped": {
            "@type": "pytest.skip",
            "@message": "no self destruct. can't check code change..",
            "#text": "/home/runner/work/bundler-test-executor/bundler-test-executor/bundler-spec-tests/tests/single/bundle/test_codehash.py:54: no self destruct. can't check code change.."
          },
          "system-out": "--------------------------------- Captured Log ---------------------------------\n\n--------------------------------- Captured Out ---------------------------------",
          "system-err": "--------------------------------- Captured Err ---------------------------------"
        },
        {
          "@classname": "tests.single.bundle.test_paymaster",
          "@name": "test_paymaster_deposit",
          "@time": "0.757",
          "failure": {
            "@message": "AttributeError: expected error object, got:\nOk(result='0x93a787fc91b70e3b4af718db7417768173459a3e800537188f66037d2b8fccfc', id=97)",
            "#text": "tests/utils.py:206: in assert_rpc_error\n    assert response.code == code\nE   AttributeError: 'Ok' object has no attribute 'code'\n\nThe above exception was the direct cause of the following exception:\ntests/single/bundle/test_paymaster.py:48: in test_paymaster_deposit\n    assert_rpc_error(res, \"too low\", RPCErrorCode.PAYMASTER_DEPOSIT_TOO_LOW)\ntests/utils.py:211: in assert_rpc_error\n    raise AttributeError(f\"expected error object, got:\\n{response}\") from exc\nE   AttributeError: expected error object, got:\nE   Ok(result='0x93a787fc91b70e3b4af718db7417768173459a3e800537188f66037d2b8fccfc', id=97)"
          },
          "system-out": "--------------------------------- Captured Log ---------------------------------\n\n--------------------------------- Captured Out ---------------------------------",
          "system-err": "--------------------------------- Captured Err ---------------------------------"
        },
        {
          "@classname": "tests.single.bundle.test_storage_rules",
          "@name": "test_rule[[STO-000]unstaked][paymaster][no_storage][ok-]",
          "@time": "0.417"
        },
        {
          "@classname": "tests.single.bundle.test_storage_rules",
          "@name": "test_rule[[STO-000]unstaked][paymaster][no_storage][ok-CALL:>]",
          "@time": "0.763"
        },
        {
          "@classname": "tests.single.bundle.test_storage_rules",
          "@name": "test_rule[[STO-000]unstaked][paymaster][no_storage][ok-DELEGATECALL:>]",
          "@time": "0.701"
        },
        {
          "@classname": "tests.single.bundle.test_storage_rules",
          "@name": "test_rule[[STO-031]unstaked][paymaster][storage_read][drop-]",
          "@time": "0.401"
        },
        {
          "@classname": "tests.single.bundle.test_storage_rules",
          "@name": "test_rule[[STO-031]unstaked][paymaster][storage_read][drop-CALL:>]",
          "@time": "0.636"
        },
        {
          "@classname": "tests.single.bundle.test_storage_rules",
          "@name": "test_rule[[STO-031]unstaked][paymaster][storage_read][drop-DELEGATECALL:>]",
          "@time": "0.728"
        },
        {
          "@classname": "tests.single.bundle.test_storage_rules",
          "@name": "test_rule[[STO-031]unstaked][paymaster][storage_write][drop-]",
          "@time": "0.443"
        },
        {
          "@classname": "tests.single.bundle.test_storage_rules",
          "@name": "test_rule[[STO-031]unstaked][paymaster][storage_write][drop-CALL:>]",
          "@time": "0.637"
        },
        {
          "@classname": "tests.single.bundle.test_storage_rules",
          "@name": "test_rule[[STO-031]unstaked][paymaster][storage_write][drop-DELEGATECALL:>]",
          "@time": "0.843"
        },
        {
          "@classname": "tests.single.bundle.test_storage_rules",
          "@name": "test_rule[[OP-070(STO-031)]unstaked][paymaster][transient_storage_tstore][drop-]",
          "@time": "0.532",
          "failure": {
            "@message": "AttributeError: 'Ok' object has no attribute 'message'",
            "#text": "tests/single/bundle/test_storage_rules.py:864: in test_rule\n    case.assert_func(response)\ntests/single/bundle/test_storage_rules.py:21: in assert_error\n    assert_rpc_error(response, response.message, RPCErrorCode.BANNED_OPCODE)\nE   AttributeError: 'Ok' object has no attribute 'message'"
          },
          "system-out": "--------------------------------- Captured Log ---------------------------------\n\n--------------------------------- Captured Out ---------------------------------",
          "system-err": "--------------------------------- Captured Err ---------------------------------"
        },
        {
          "@classname": "tests.single.bundle.test_storage_rules",
          "@name": "test_rule[[OP-070(STO-031)]unstaked][paymaster][transient_storage_tstore][drop-CALL:>]",
          "@time": "0.835",
          "failure": {
            "@message": "AttributeError: 'Ok' object has no attribute 'message'",
            "#text": "tests/single/bundle/test_storage_rules.py:864: in test_rule\n    case.assert_func(response)\ntests/single/bundle/test_storage_rules.py:21: in assert_error\n    assert_rpc_error(response, response.message, RPCErrorCode.BANNED_OPCODE)\nE   AttributeError: 'Ok' object has no attribute 'message'"
          },
          "system-out": "--------------------------------- Captured Log ---------------------------------\n\n--------------------------------- Captured Out ---------------------------------",
          "system-err": "--------------------------------- Captured Err ---------------------------------"
        },
        {
          "@classname": "tests.single.bundle.test_storage_rules",
          "@name": "test_rule[[OP-070(STO-031)]unstaked][paymaster][transient_storage_tstore][drop-DELEGATECALL:>]",
          "@time": "0.973",
          "failure": {
            "@message": "AttributeError: 'Ok' object has no attribute 'message'",
            "#text": "tests/single/bundle/test_storage_rules.py:864: in test_rule\n    case.assert_func(response)\ntests/single/bundle/test_storage_rules.py:21: in assert_error\n    assert_rpc_error(response, response.message, RPCErrorCode.BANNED_OPCODE)\nE   AttributeError: 'Ok' object has no attribute 'message'"
          },
          "system-out": "--------------------------------- Captured Log ---------------------------------\n\n--------------------------------- Captured Out ---------------------------------",
          "system-err": "--------------------------------- Captured Err ---------------------------------"
        },
        {
          "@classname": "tests.single.bundle.test_storage_rules",
          "@name": "test_rule[[OP-070(STO-031)]unstaked][paymaster][transient_storage_tload][drop-]",
          "@time": "0.536",
          "failure": {
            "@message": "AttributeError: 'Ok' object has no attribute 'message'",
            "#text": "tests/single/bundle/test_storage_rules.py:864: in test_rule\n    case.assert_func(response)\ntests/single/bundle/test_storage_rules.py:21: in assert_error\n    assert_rpc_error(response, response.message, RPCErrorCode.BANNED_OPCODE)\nE   AttributeError: 'Ok' object has no attribute 'message'"
          },
          "system-out": "--------------------------------- Captured Log ---------------------------------\n\n--------------------------------- Captured Out ---------------------------------",
          "system-err": "--------------------------------- Captured Err ---------------------------------"
        },
        {
          "@classname": "tests.single.bundle.test_storage_rules",
          "@name": "test_rule[[OP-070(STO-031)]unstaked][paymaster][transient_storage_tload][drop-CALL:>]",
          "@time": "0.791",
          "failure": {
            "@message": "AttributeError: 'Ok' object has no attribute 'message'",
            "#text": "tests/single/bundle/test_storage_rules.py:864: in test_rule\n    case.assert_func(response)\ntests/single/bundle/test_storage_rules.py:21: in assert_error\n    assert_rpc_error(response, response.message, RPCErrorCode.BANNED_OPCODE)\nE   AttributeError: 'Ok' object has no attribute 'message'"
          },
          "system-out": "--------------------------------- Captured Log ---------------------------------\n\n--------------------------------- Captured Out ---------------------------------",
          "system-err": "--------------------------------- Captured Err ---------------------------------"
        },
        {
          "@classname": "tests.single.bundle.test_storage_rules",
          "@name": "test_rule[[OP-070(STO-031)]unstaked][paymaster][transient_storage_tload][drop-DELEGATECALL:>]",
          "@time": "0.897",
          "failure": {
            "@message": "AttributeError: 'Ok' object has no attribute 'message'",
            "#text": "tests/single/bundle/test_storage_rules.py:864: in test_rule\n    case.assert_func(response)\ntests/single/bundle/test_storage_rules.py:21: in assert_error\n    assert_rpc_error(response, response.message, RPCErrorCode.BANNED_OPCODE)\nE   AttributeError: 'Ok' object has no attribute 'message'"
          },
          "system-out": "--------------------------------- Captured Log ---------------------------------\n\n--------------------------------- Captured Out ---------------------------------",
          "system-err": "--------------------------------- Captured Err ---------------------------------"
        },
        {
          "@classname": "tests.single.bundle.test_storage_rules",
          "@name": "test_rule[[STO-032]unstaked][paymaster][paymaster_reference_storage][drop-]",
          "@time": "0.612"
        },
        {
          "@classname": "tests.single.bundle.test_storage_rules",
          "@name": "test_rule[[STO-032]unstaked][paymaster][paymaster_reference_storage][drop-CALL:>]",
          "@time": "0.801"
        },
        {
          "@classname": "tests.single.bundle.test_storage_rules",
          "@name": "test_rule[[STO-032]unstaked][paymaster][paymaster_reference_storage][drop-DELEGATECALL:>]",
          "@time": "0.910"
        },
        {
          "@classname": "tests.single.bundle.test_storage_rules",
          "@name": "test_rule[[STO-032]unstaked][paymaster][paymaster_reference_storage_struct][drop-]",
          "@time": "0.631"
        },
        {
          "@classname": "tests.single.bundle.test_storage_rules",
          "@name": "test_rule[[STO-032]unstaked][paymaster][paymaster_reference_storage_struct][drop-CALL:>]",
          "@time": "0.903"
        },
        {
          "@classname": "tests.single.bundle.test_storage_rules",
          "@name": "test_rule[[STO-032]unstaked][paymaster][paymaster_reference_storage_struct][drop-DELEGATECALL:>]",
          "@time": "1.156"
        },
        {
          "@classname": "tests.single.bundle.test_storage_rules",
          "@name": "test_rule[[STO-010]unstaked][paymaster][account_storage][ok-]",
          "@time": "0.482"
        },
        {
          "@classname": "tests.single.bundle.test_storage_rules",
          "@name": "test_rule[[STO-010]unstaked][paymaster][account_storage][ok-CALL:>]",
          "@time": "0.680"
        },
        {
          "@classname": "tests.single.bundle.test_storage_rules",
          "@name": "test_rule[[STO-010]unstaked][paymaster][account_storage][ok-DELEGATECALL:>]",
          "@time": "0.797"
        },
        {
          "@classname": "tests.single.bundle.test_storage_rules",
          "@name": "test_rule[[OP-070(STO-010)]unstaked][paymaster][account_transient_storage][ok-]",
          "@time": "0.660"
        },
        {
          "@classname": "tests.single.bundle.test_storage_rules",
          "@name": "test_rule[[OP-070(STO-010)]unstaked][paymaster][account_transient_storage][ok-CALL:>]",
          "@time": "0.885"
        },
        {
          "@classname": "tests.single.bundle.test_storage_rules",
          "@name": "test_rule[[OP-070(STO-010)]unstaked][paymaster][account_transient_storage][ok-DELEGATECALL:>]",
          "@time": "1.030"
        },
        {
          "@classname": "tests.single.bundle.test_storage_rules",
          "@name": "test_rule[[STO-021]unstaked][paymaster][account_reference_storage][ok-]",
          "@time": "0.578"
        },
        {
          "@classname": "tests.single.bundle.test_storage_rules",
          "@name": "test_rule[[STO-021]unstaked][paymaster][account_reference_storage][ok-CALL:>]",
          "@time": "0.797"
        },
        {
          "@classname": "tests.single.bundle.test_storage_rules",
          "@name": "test_rule[[STO-021]unstaked][paymaster][account_reference_storage][ok-DELEGATECALL:>]",
          "@time": "0.880"
        },
        {
          "@classname": "tests.single.bundle.test_storage_rules",
          "@name": "test_rule[[STO-021]unstaked][paymaster][account_reference_storage_struct][ok-]",
          "@time": "0.606"
        },
        {
          "@classname": "tests.single.bundle.test_storage_rules",
          "@name": "test_rule[[STO-021]unstaked][paymaster][account_reference_storage_struct][ok-CALL:>]",
          "@time": "0.912"
        },
        {
          "@classname": "tests.single.bundle.test_storage_rules",
          "@name": "test_rule[[STO-021]unstaked][paymaster][account_reference_storage_struct][ok-DELEGATECALL:>]",
          "@time": "0.972"
        },
        {
          "@classname": "tests.single.bundle.test_storage_rules",
          "@name": "test_rule[[STO-022]unstaked][paymaster][account_reference_storage_init_code][drop-]",
          "@time": "1.248"
        },
        {
          "@classname": "tests.single.bundle.test_storage_rules",
          "@name": "test_rule[[STO-022]unstaked][paymaster][account_reference_storage_init_code][drop-CALL:>]",
          "@time": "1.041"
        },
        {
          "@classname": "tests.single.bundle.test_storage_rules",
          "@name": "test_rule[[STO-022]unstaked][paymaster][account_reference_storage_init_code][drop-DELEGATECALL:>]",
          "@time": "1.213"
        },
        {
          "@classname": "tests.single.bundle.test_storage_rules",
          "@name": "test_rule[[EREP-050]unstaked][paymaster][context][drop-]",
          "@time": "0.385"
        },
        {
          "@classname": "tests.single.bundle.test_storage_rules",
          "@name": "test_rule[[EREP-050]unstaked][paymaster][context][drop-CALL:>]",
          "@time": "0.370"
        },
        {
          "@classname": "tests.single.bundle.test_storage_rules",
          "@name": "test_rule[[EREP-050]unstaked][paymaster][context][drop-DELEGATECALL:>]",
          "@time": "0.448"
        },
        {
          "@classname": "tests.single.bundle.test_storage_rules",
          "@name": "test_rule[[STO-032]unstaked][paymaster][external_storage_read][drop-]",
          "@time": "0.497"
        },
        {
          "@classname": "tests.single.bundle.test_storage_rules",
          "@name": "test_rule[[STO-032]unstaked][paymaster][external_storage_read][drop-CALL:>]",
          "@time": "0.858"
        },
        {
          "@classname": "tests.single.bundle.test_storage_rules",
          "@name": "test_rule[[STO-032]unstaked][paymaster][external_storage_read][drop-DELEGATECALL:>]",
          "@time": "0.882"
        },
        {
          "@classname": "tests.single.bundle.test_storage_rules",
          "@name": "test_rule[[OP-020]unstaked][paymaster][out_of_gas][drop-]",
          "@time": "0.590"
        },
        {
          "@classname": "tests.single.bundle.test_storage_rules",
          "@name": "test_rule[[OP-020]unstaked][paymaster][out_of_gas][drop-CALL:>]",
          "@time": "0.813"
        },
        {
          "@classname": "tests.single.bundle.test_storage_rules",
          "@name": "test_rule[[OP-020]unstaked][paymaster][out_of_gas][drop-DELEGATECALL:>]",
          "@time": "0.834"
        },
        {
          "@classname": "tests.single.bundle.test_storage_rules",
          "@name": "test_rule[[OP-020]unstaked][paymaster][sstore_out_of_gas][drop-]",
          "@time": "0.479"
        },
        {
          "@classname": "tests.single.bundle.test_storage_rules",
          "@name": "test_rule[[OP-020]unstaked][paymaster][sstore_out_of_gas][drop-CALL:>]",
          "@time": "0.721"
        },
        {
          "@classname": "tests.single.bundle.test_storage_rules",
          "@name": "test_rule[[OP-020]unstaked][paymaster][sstore_out_of_gas][drop-DELEGATECALL:>]",
          "@time": "0.901"
        },
        {
          "@classname": "tests.single.bundle.test_storage_rules",
          "@name": "test_rule[[STO-000]staked][paymaster][no_storage][ok-]",
          "@time": "0.403"
        },
        {
          "@classname": "tests.single.bundle.test_storage_rules",
          "@name": "test_rule[[STO-000]staked][paymaster][no_storage][ok-CALL:>]",
          "@time": "0.763"
        },
        {
          "@classname": "tests.single.bundle.test_storage_rules",
          "@name": "test_rule[[STO-000]staked][paymaster][no_storage][ok-DELEGATECALL:>]",
          "@time": "0.819"
        },
        {
          "@classname": "tests.single.bundle.test_storage_rules",
          "@name": "test_rule[[STO-031]staked][paymaster][storage_read][ok-]",
          "@time": "0.417"
        },
        {
          "@classname": "tests.single.bundle.test_storage_rules",
          "@name": "test_rule[[STO-031]staked][paymaster][storage_read][ok-CALL:>]",
          "@time": "0.753"
        },
        {
          "@classname": "tests.single.bundle.test_storage_rules",
          "@name": "test_rule[[STO-031]staked][paymaster][storage_read][ok-DELEGATECALL:>]",
          "@time": "0.827"
        },
        {
          "@classname": "tests.single.bundle.test_storage_rules",
          "@name": "test_rule[[STO-031]staked][paymaster][storage_write][ok-]",
          "@time": "0.538"
        },
        {
          "@classname": "tests.single.bundle.test_storage_rules",
          "@name": "test_rule[[STO-031]staked][paymaster][storage_write][ok-CALL:>]",
          "@time": "0.750"
        },
        {
          "@classname": "tests.single.bundle.test_storage_rules",
          "@name": "test_rule[[STO-031]staked][paymaster][storage_write][ok-DELEGATECALL:>]",
          "@time": "0.832"
        },
        {
          "@classname": "tests.single.bundle.test_storage_rules",
          "@name": "test_rule[[STO-032]staked][paymaster][paymaster_reference_storage][ok-]",
          "@time": "0.603"
        },
        {
          "@classname": "tests.single.bundle.test_storage_rules",
          "@name": "test_rule[[STO-032]staked][paymaster][paymaster_reference_storage][ok-CALL:>]",
          "@time": "0.926"
        },
        {
          "@classname": "tests.single.bundle.test_storage_rules",
          "@name": "test_rule[[STO-032]staked][paymaster][paymaster_reference_storage][ok-DELEGATECALL:>]",
          "@time": "1.013"
        },
        {
          "@classname": "tests.single.bundle.test_storage_rules",
          "@name": "test_rule[[STO-032]staked][paymaster][paymaster_reference_storage_struct][ok-]",
          "@time": "0.773"
        },
        {
          "@classname": "tests.single.bundle.test_storage_rules",
          "@name": "test_rule[[STO-032]staked][paymaster][paymaster_reference_storage_struct][ok-CALL:>]",
          "@time": "1.022"
        },
        {
          "@classname": "tests.single.bundle.test_storage_rules",
          "@name": "test_rule[[STO-032]staked][paymaster][paymaster_reference_storage_struct][ok-DELEGATECALL:>]",
          "@time": "1.037"
        },
        {
          "@classname": "tests.single.bundle.test_storage_rules",
          "@name": "test_rule[[STO-033]staked][paymaster][paymaster_reference_storage_struct][ok-]",
          "@time": "0.661"
        },
        {
          "@classname": "tests.single.bundle.test_storage_rules",
          "@name": "test_rule[[STO-033]staked][paymaster][paymaster_reference_storage_struct][ok-CALL:>]",
          "@time": "0.922"
        },
        {
          "@classname": "tests.single.bundle.test_storage_rules",
          "@name": "test_rule[[STO-033]staked][paymaster][paymaster_reference_storage_struct][ok-DELEGATECALL:>]",
          "@time": "1.097"
        },
        {
          "@classname": "tests.single.bundle.test_storage_rules",
          "@name": "test_rule[[STO-010]staked][paymaster][account_storage][ok-]",
          "@time": "0.462"
        },
        {
          "@classname": "tests.single.bundle.test_storage_rules",
          "@name": "test_rule[[STO-010]staked][paymaster][account_storage][ok-CALL:>]",
          "@time": "0.710"
        },
        {
          "@classname": "tests.single.bundle.test_storage_rules",
          "@name": "test_rule[[STO-010]staked][paymaster][account_storage][ok-DELEGATECALL:>]",
          "@time": "0.789"
        },
        {
          "@classname": "tests.single.bundle.test_storage_rules",
          "@name": "test_rule[[STO-021]staked][paymaster][account_reference_storage][ok-]",
          "@time": "0.592"
        },
        {
          "@classname": "tests.single.bundle.test_storage_rules",
          "@name": "test_rule[[STO-021]staked][paymaster][account_reference_storage][ok-CALL:>]",
          "@time": "0.867"
        },
        {
          "@classname": "tests.single.bundle.test_storage_rules",
          "@name": "test_rule[[STO-021]staked][paymaster][account_reference_storage][ok-DELEGATECALL:>]",
          "@time": "0.917"
        },
        {
          "@classname": "tests.single.bundle.test_storage_rules",
          "@name": "test_rule[[STO-021]staked][paymaster][account_reference_storage_struct][ok-]",
          "@time": "0.720"
        },
        {
          "@classname": "tests.single.bundle.test_storage_rules",
          "@name": "test_rule[[STO-021]staked][paymaster][account_reference_storage_struct][ok-CALL:>]",
          "@time": "0.989"
        },
        {
          "@classname": "tests.single.bundle.test_storage_rules",
          "@name": "test_rule[[STO-021]staked][paymaster][account_reference_storage_struct][ok-DELEGATECALL:>]",
          "@time": "0.972"
        },
        {
          "@classname": "tests.single.bundle.test_storage_rules",
          "@name": "test_rule[[STO-022]staked][paymaster][account_reference_storage_init_code][ok-]",
          "@time": "0.771"
        },
        {
          "@classname": "tests.single.bundle.test_storage_rules",
          "@name": "test_rule[[STO-022]staked][paymaster][account_reference_storage_init_code][ok-CALL:>]",
          "@time": "1.067"
        },
        {
          "@classname": "tests.single.bundle.test_storage_rules",
          "@name": "test_rule[[STO-022]staked][paymaster][account_reference_storage_init_code][ok-DELEGATECALL:>]",
          "@time": "1.236"
        },
        {
          "@classname": "tests.single.bundle.test_storage_rules",
          "@name": "test_rule[[EREP-050]staked][paymaster][context][ok-]",
          "@time": "0.370"
        },
        {
          "@classname": "tests.single.bundle.test_storage_rules",
          "@name": "test_rule[[EREP-050]staked][paymaster][context][ok-CALL:>]",
          "@time": "0.394"
        },
        {
          "@classname": "tests.single.bundle.test_storage_rules",
          "@name": "test_rule[[EREP-050]staked][paymaster][context][ok-DELEGATECALL:>]",
          "@time": "0.322"
        },
        {
          "@classname": "tests.single.bundle.test_storage_rules",
          "@name": "test_rule[[STO-033]staked][paymaster][external_storage_write][drop-]",
          "@time": "0.532"
        },
        {
          "@classname": "tests.single.bundle.test_storage_rules",
          "@name": "test_rule[[STO-033]staked][paymaster][external_storage_write][drop-CALL:>]",
          "@time": "0.798"
        },
        {
          "@classname": "tests.single.bundle.test_storage_rules",
          "@name": "test_rule[[STO-033]staked][paymaster][external_storage_write][drop-DELEGATECALL:>]",
          "@time": "0.893"
        },
        {
          "@classname": "tests.single.bundle.test_storage_rules",
          "@name": "test_rule[[STO-033]staked][paymaster][external_storage_read][ok-]",
          "@time": "0.519"
        },
        {
          "@classname": "tests.single.bundle.test_storage_rules",
          "@name": "test_rule[[STO-033]staked][paymaster][external_storage_read][ok-CALL:>]",
          "@time": "0.869"
        },
        {
          "@classname": "tests.single.bundle.test_storage_rules",
          "@name": "test_rule[[STO-033]staked][paymaster][external_storage_read][ok-DELEGATECALL:>]",
          "@time": "0.854"
        },
        {
          "@classname": "tests.single.bundle.test_storage_rules",
          "@name": "test_rule[[OP-020]staked][paymaster][out_of_gas][drop-]",
          "@time": "0.506"
        },
        {
          "@classname": "tests.single.bundle.test_storage_rules",
          "@name": "test_rule[[OP-020]staked][paymaster][out_of_gas][drop-CALL:>]",
          "@time": "0.728"
        },
        {
          "@classname": "tests.single.bundle.test_storage_rules",
          "@name": "test_rule[[OP-020]staked][paymaster][out_of_gas][drop-DELEGATECALL:>]",
          "@time": "0.937"
        },
        {
          "@classname": "tests.single.bundle.test_storage_rules",
          "@name": "test_rule[[OP-020]staked][paymaster][sstore_out_of_gas][drop-]",
          "@time": "0.513"
        },
        {
          "@classname": "tests.single.bundle.test_storage_rules",
          "@name": "test_rule[[OP-020]staked][paymaster][sstore_out_of_gas][drop-CALL:>]",
          "@time": "0.844"
        },
        {
          "@classname": "tests.single.bundle.test_storage_rules",
          "@name": "test_rule[[OP-020]staked][paymaster][sstore_out_of_gas][drop-DELEGATECALL:>]",
          "@time": "0.905"
        },
        {
          "@classname": "tests.single.bundle.test_storage_rules",
          "@name": "test_rule[[STO-000]unstaked][factory][no_storage][ok-]",
          "@time": "0.434"
        },
        {
          "@classname": "tests.single.bundle.test_storage_rules",
          "@name": "test_rule[[STO-000]unstaked][factory][no_storage][ok-CALL:>]",
          "@time": "0.475"
        },
        {
          "@classname": "tests.single.bundle.test_storage_rules",
          "@name": "test_rule[[STO-000]unstaked][factory][no_storage][ok-DELEGATECALL:>]",
          "@time": "0.609"
        },
        {
          "@classname": "tests.single.bundle.test_storage_rules",
          "@name": "test_rule[[STO-000]unstaked][factory][storage_read][drop-]",
          "@time": "0.327"
        },
        {
          "@classname": "tests.single.bundle.test_storage_rules",
          "@name": "test_rule[[STO-000]unstaked][factory][storage_read][drop-CALL:>]",
          "@time": "0.600"
        },
        {
          "@classname": "tests.single.bundle.test_storage_rules",
          "@name": "test_rule[[STO-000]unstaked][factory][storage_read][drop-DELEGATECALL:>]",
          "@time": "0.620"
        },
        {
          "@classname": "tests.single.bundle.test_storage_rules",
          "@name": "test_rule[[STO-000]unstaked][factory][storage_write][drop-]",
          "@time": "0.327"
        },
        {
          "@classname": "tests.single.bundle.test_storage_rules",
          "@name": "test_rule[[STO-000]unstaked][factory][storage_write][drop-CALL:>]",
          "@time": "0.605"
        },
        {
          "@classname": "tests.single.bundle.test_storage_rules",
          "@name": "test_rule[[STO-000]unstaked][factory][storage_write][drop-DELEGATECALL:>]",
          "@time": "0.626"
        },
        {
          "@classname": "tests.single.bundle.test_storage_rules",
          "@name": "test_rule[[STO-000]unstaked][factory][factory_reference_storage][drop-]",
          "@time": "0.451"
        },
        {
          "@classname": "tests.single.bundle.test_storage_rules",
          "@name": "test_rule[[STO-000]unstaked][factory][factory_reference_storage][drop-CALL:>]",
          "@time": "0.661"
        },
        {
          "@classname": "tests.single.bundle.test_storage_rules",
          "@name": "test_rule[[STO-000]unstaked][factory][factory_reference_storage][drop-DELEGATECALL:>]",
          "@time": "0.754"
        },
        {
          "@classname": "tests.single.bundle.test_storage_rules",
          "@name": "test_rule[[STO-032]unstaked][factory][factory_reference_storage_struct][drop-]",
          "@time": "0.350"
        },
        {
          "@classname": "tests.single.bundle.test_storage_rules",
          "@name": "test_rule[[STO-032]unstaked][factory][factory_reference_storage_struct][drop-CALL:>]",
          "@time": "0.705"
        },
        {
          "@classname": "tests.single.bundle.test_storage_rules",
          "@name": "test_rule[[STO-032]unstaked][factory][factory_reference_storage_struct][drop-DELEGATECALL:>]",
          "@time": "0.768"
        },
        {
          "@classname": "tests.single.bundle.test_storage_rules",
          "@name": "test_rule[[STO-010]unstaked][factory][account_storage][ok-]",
          "@time": "0.433"
        },
        {
          "@classname": "tests.single.bundle.test_storage_rules",
          "@name": "test_rule[[STO-010]unstaked][factory][account_storage][ok-CALL:>]",
          "@time": "0.616"
        },
        {
          "@classname": "tests.single.bundle.test_storage_rules",
          "@name": "test_rule[[STO-010]unstaked][factory][account_storage][ok-DELEGATECALL:>]",
          "@time": "0.526"
        },
        {
          "@classname": "tests.single.bundle.test_storage_rules",
          "@name": "test_rule[[STO-021]unstaked][factory][account_reference_storage][drop-]",
          "@time": "0.437"
        },
        {
          "@classname": "tests.single.bundle.test_storage_rules",
          "@name": "test_rule[[STO-021]unstaked][factory][account_reference_storage][drop-CALL:>]",
          "@time": "0.647"
        },
        {
          "@classname": "tests.single.bundle.test_storage_rules",
          "@name": "test_rule[[STO-021]unstaked][factory][account_reference_storage][drop-DELEGATECALL:>]",
          "@time": "0.591"
        },
        {
          "@classname": "tests.single.bundle.test_storage_rules",
          "@name": "test_rule[[STO-021]unstaked][factory][account_reference_storage_struct][drop-]",
          "@time": "0.340"
        },
        {
          "@classname": "tests.single.bundle.test_storage_rules",
          "@name": "test_rule[[STO-021]unstaked][factory][account_reference_storage_struct][drop-CALL:>]",
          "@time": "0.698"
        },
        {
          "@classname": "tests.single.bundle.test_storage_rules",
          "@name": "test_rule[[STO-021]unstaked][factory][account_reference_storage_struct][drop-DELEGATECALL:>]",
          "@time": "0.759"
        },
        {
          "@classname": "tests.single.bundle.test_storage_rules",
          "@name": "test_rule[[STO-000]unstaked][factory][external_storage_read][drop-]",
          "@time": "0.351"
        },
        {
          "@classname": "tests.single.bundle.test_storage_rules",
          "@name": "test_rule[[STO-000]unstaked][factory][external_storage_read][drop-CALL:>]",
          "@time": "0.542"
        },
        {
          "@classname": "tests.single.bundle.test_storage_rules",
          "@name": "test_rule[[STO-000]unstaked][factory][external_storage_read][drop-DELEGATECALL:>]",
          "@time": "0.687"
        },
        {
          "@classname": "tests.single.bundle.test_storage_rules",
          "@name": "test_rule[[OP-042]unstaked][factory][EXTCODEx_CALLx_undeployed_sender][ok-]",
          "@time": "0.460"
        },
        {
          "@classname": "tests.single.bundle.test_storage_rules",
          "@name": "test_rule[[OP-042]unstaked][factory][EXTCODEx_CALLx_undeployed_sender][ok-CALL:>]",
          "@time": "0.477"
        },
        {
          "@classname": "tests.single.bundle.test_storage_rules",
          "@name": "test_rule[[OP-042]unstaked][factory][EXTCODEx_CALLx_undeployed_sender][ok-DELEGATECALL:>]",
          "@time": "0.669"
        },
        {
          "@classname": "tests.single.bundle.test_storage_rules",
          "@name": "test_rule[[OP-041]unstaked][factory][EXTCODESIZE_undeployed_contract][drop-]",
          "@time": "0.302"
        },
        {
          "@classname": "tests.single.bundle.test_storage_rules",
          "@name": "test_rule[[OP-041]unstaked][factory][EXTCODESIZE_undeployed_contract][drop-CALL:>]",
          "@time": "0.661"
        },
        {
          "@classname": "tests.single.bundle.test_storage_rules",
          "@name": "test_rule[[OP-041]unstaked][factory][EXTCODESIZE_undeployed_contract][drop-DELEGATECALL:>]",
          "@time": "0.722"
        },
        {
          "@classname": "tests.single.bundle.test_storage_rules",
          "@name": "test_rule[[OP-041]unstaked][factory][EXTCODEHASH_undeployed_contract][drop-]",
          "@time": "0.437"
        },
        {
          "@classname": "tests.single.bundle.test_storage_rules",
          "@name": "test_rule[[OP-041]unstaked][factory][EXTCODEHASH_undeployed_contract][drop-CALL:>]",
          "@time": "0.657"
        },
        {
          "@classname": "tests.single.bundle.test_storage_rules",
          "@name": "test_rule[[OP-041]unstaked][factory][EXTCODEHASH_undeployed_contract][drop-DELEGATECALL:>]",
          "@time": "0.724"
        },
        {
          "@classname": "tests.single.bundle.test_storage_rules",
          "@name": "test_rule[[OP-041]unstaked][factory][EXTCODECOPY_undeployed_contract][drop-]",
          "@time": "0.307"
        },
        {
          "@classname": "tests.single.bundle.test_storage_rules",
          "@name": "test_rule[[OP-041]unstaked][factory][EXTCODECOPY_undeployed_contract][drop-CALL:>]",
          "@time": "0.557"
        },
        {
          "@classname": "tests.single.bundle.test_storage_rules",
          "@name": "test_rule[[OP-041]unstaked][factory][EXTCODECOPY_undeployed_contract][drop-DELEGATECALL:>]",
          "@time": "0.632"
        },
        {
          "@classname": "tests.single.bundle.test_storage_rules",
          "@name": "test_rule[[OP-041]unstaked][factory][CALL_undeployed_contract][drop-]",
          "@time": "0.295"
        },
        {
          "@classname": "tests.single.bundle.test_storage_rules",
          "@name": "test_rule[[OP-041]unstaked][factory][CALL_undeployed_contract][drop-CALL:>]",
          "@time": "0.608"
        },
        {
          "@classname": "tests.single.bundle.test_storage_rules",
          "@name": "test_rule[[OP-041]unstaked][factory][CALL_undeployed_contract][drop-DELEGATECALL:>]",
          "@time": "0.662"
        },
        {
          "@classname": "tests.single.bundle.test_storage_rules",
          "@name": "test_rule[[OP-041]unstaked][factory][CALLCODE_undeployed_contract][drop-]",
          "@time": "0.304"
        },
        {
          "@classname": "tests.single.bundle.test_storage_rules",
          "@name": "test_rule[[OP-041]unstaked][factory][CALLCODE_undeployed_contract][drop-CALL:>]",
          "@time": "0.523"
        },
        {
          "@classname": "tests.single.bundle.test_storage_rules",
          "@name": "test_rule[[OP-041]unstaked][factory][CALLCODE_undeployed_contract][drop-DELEGATECALL:>]",
          "@time": "0.697"
        },
        {
          "@classname": "tests.single.bundle.test_storage_rules",
          "@name": "test_rule[[OP-041]unstaked][factory][DELEGATECALL_undeployed_contract][drop-]",
          "@time": "0.304"
        },
        {
          "@classname": "tests.single.bundle.test_storage_rules",
          "@name": "test_rule[[OP-041]unstaked][factory][DELEGATECALL_undeployed_contract][drop-CALL:>]",
          "@time": "0.653"
        },
        {
          "@classname": "tests.single.bundle.test_storage_rules",
          "@name": "test_rule[[OP-041]unstaked][factory][DELEGATECALL_undeployed_contract][drop-DELEGATECALL:>]",
          "@time": "0.734"
        },
        {
          "@classname": "tests.single.bundle.test_storage_rules",
          "@name": "test_rule[[OP-041]unstaked][factory][STATICCALL_undeployed_contract][drop-]",
          "@time": "0.305"
        },
        {
          "@classname": "tests.single.bundle.test_storage_rules",
          "@name": "test_rule[[OP-041]unstaked][factory][STATICCALL_undeployed_contract][drop-CALL:>]",
          "@time": "0.597"
        },
        {
          "@classname": "tests.single.bundle.test_storage_rules",
          "@name": "test_rule[[OP-041]unstaked][factory][STATICCALL_undeployed_contract][drop-DELEGATECALL:>]",
          "@time": "0.718"
        },
        {
          "@classname": "tests.single.bundle.test_storage_rules",
          "@name": "test_rule[[OP-020]unstaked][factory][out_of_gas][drop-]",
          "@time": "0.533"
        },
        {
          "@classname": "tests.single.bundle.test_storage_rules",
          "@name": "test_rule[[OP-020]unstaked][factory][out_of_gas][drop-CALL:>]",
          "@time": "0.710"
        },
        {
          "@classname": "tests.single.bundle.test_storage_rules",
          "@name": "test_rule[[OP-020]unstaked][factory][out_of_gas][drop-DELEGATECALL:>]",
          "@time": "0.733"
        },
        {
          "@classname": "tests.single.bundle.test_storage_rules",
          "@name": "test_rule[[OP-020]unstaked][factory][sstore_out_of_gas][drop-]",
          "@time": "0.361"
        },
        {
          "@classname": "tests.single.bundle.test_storage_rules",
          "@name": "test_rule[[OP-020]unstaked][factory][sstore_out_of_gas][drop-CALL:>]",
          "@time": "0.545"
        },
        {
          "@classname": "tests.single.bundle.test_storage_rules",
          "@name": "test_rule[[OP-020]unstaked][factory][sstore_out_of_gas][drop-DELEGATECALL:>]",
          "@time": "0.572"
        },
        {
          "@classname": "tests.single.bundle.test_storage_rules",
          "@name": "test_rule[[STO-000]staked][factory][no_storage][ok-]",
          "@time": "0.363"
        },
        {
          "@classname": "tests.single.bundle.test_storage_rules",
          "@name": "test_rule[[STO-000]staked][factory][no_storage][ok-CALL:>]",
          "@time": "0.615"
        },
        {
          "@classname": "tests.single.bundle.test_storage_rules",
          "@name": "test_rule[[STO-000]staked][factory][no_storage][ok-DELEGATECALL:>]",
          "@time": "0.531"
        },
        {
          "@classname": "tests.single.bundle.test_storage_rules",
          "@name": "test_rule[[STO-031]staked][factory][storage_read][ok-]",
          "@time": "0.339"
        },
        {
          "@classname": "tests.single.bundle.test_storage_rules",
          "@name": "test_rule[[STO-031]staked][factory][storage_read][ok-CALL:>]",
          "@time": "0.617"
        },
        {
          "@classname": "tests.single.bundle.test_storage_rules",
          "@name": "test_rule[[STO-031]staked][factory][storage_read][ok-DELEGATECALL:>]",
          "@time": "0.539"
        },
        {
          "@classname": "tests.single.bundle.test_storage_rules",
          "@name": "test_rule[[STO-031]staked][factory][storage_write][ok-]",
          "@time": "0.450"
        },
        {
          "@classname": "tests.single.bundle.test_storage_rules",
          "@name": "test_rule[[STO-031]staked][factory][storage_write][ok-CALL:>]",
          "@time": "0.627"
        },
        {
          "@classname": "tests.single.bundle.test_storage_rules",
          "@name": "test_rule[[STO-031]staked][factory][storage_write][ok-DELEGATECALL:>]",
          "@time": "0.654"
        },
        {
          "@classname": "tests.single.bundle.test_storage_rules",
          "@name": "test_rule[[STO-032]staked][factory][factory_reference_storage][ok-]",
          "@time": "0.414"
        },
        {
          "@classname": "tests.single.bundle.test_storage_rules",
          "@name": "test_rule[[STO-032]staked][factory][factory_reference_storage][ok-CALL:>]",
          "@time": "0.582"
        },
        {
          "@classname": "tests.single.bundle.test_storage_rules",
          "@name": "test_rule[[STO-032]staked][factory][factory_reference_storage][ok-DELEGATECALL:>]",
          "@time": "0.745"
        },
        {
          "@classname": "tests.single.bundle.test_storage_rules",
          "@name": "test_rule[[STO-032]staked][factory][factory_reference_storage_struct][ok-]",
          "@time": "0.475"
        },
        {
          "@classname": "tests.single.bundle.test_storage_rules",
          "@name": "test_rule[[STO-032]staked][factory][factory_reference_storage_struct][ok-CALL:>]",
          "@time": "0.733"
        },
        {
          "@classname": "tests.single.bundle.test_storage_rules",
          "@name": "test_rule[[STO-032]staked][factory][factory_reference_storage_struct][ok-DELEGATECALL:>]",
          "@time": "0.795"
        },
        {
          "@classname": "tests.single.bundle.test_storage_rules",
          "@name": "test_rule[[STO-010]staked][factory][account_storage][ok-]",
          "@time": "0.473"
        },
        {
          "@classname": "tests.single.bundle.test_storage_rules",
          "@name": "test_rule[[STO-010]staked][factory][account_storage][ok-CALL:>]",
          "@time": "0.542"
        },
        {
          "@classname": "tests.single.bundle.test_storage_rules",
          "@name": "test_rule[[STO-010]staked][factory][account_storage][ok-DELEGATECALL:>]",
          "@time": "0.688"
        },
        {
          "@classname": "tests.single.bundle.test_storage_rules",
          "@name": "test_rule[[STO-021]staked][factory][account_reference_storage][ok-]",
          "@time": "0.355"
        },
        {
          "@classname": "tests.single.bundle.test_storage_rules",
          "@name": "test_rule[[STO-021]staked][factory][account_reference_storage][ok-CALL:>]",
          "@time": "0.566"
        },
        {
          "@classname": "tests.single.bundle.test_storage_rules",
          "@name": "test_rule[[STO-021]staked][factory][account_reference_storage][ok-DELEGATECALL:>]",
          "@time": "0.728"
        },
        {
          "@classname": "tests.single.bundle.test_storage_rules",
          "@name": "test_rule[[STO-021]staked][factory][account_reference_storage_struct][ok-]",
          "@time": "0.482"
        },
        {
          "@classname": "tests.single.bundle.test_storage_rules",
          "@name": "test_rule[[STO-021]staked][factory][account_reference_storage_struct][ok-CALL:>]",
          "@time": "0.828"
        },
        {
          "@classname": "tests.single.bundle.test_storage_rules",
          "@name": "test_rule[[STO-021]staked][factory][account_reference_storage_struct][ok-DELEGATECALL:>]",
          "@time": "0.676"
        },
        {
          "@classname": "tests.single.bundle.test_storage_rules",
          "@name": "test_rule[[STO-033]staked][factory][external_storage_write][drop-]",
          "@time": "0.422"
        },
        {
          "@classname": "tests.single.bundle.test_storage_rules",
          "@name": "test_rule[[STO-033]staked][factory][external_storage_write][drop-CALL:>]",
          "@time": "0.571"
        },
        {
          "@classname": "tests.single.bundle.test_storage_rules",
          "@name": "test_rule[[STO-033]staked][factory][external_storage_write][drop-DELEGATECALL:>]",
          "@time": "0.728"
        },
        {
          "@classname": "tests.single.bundle.test_storage_rules",
          "@name": "test_rule[[STO-033]staked][factory][external_storage_read][ok-]",
          "@time": "0.367"
        },
        {
          "@classname": "tests.single.bundle.test_storage_rules",
          "@name": "test_rule[[STO-033]staked][factory][external_storage_read][ok-CALL:>]",
          "@time": "0.666"
        },
        {
          "@classname": "tests.single.bundle.test_storage_rules",
          "@name": "test_rule[[STO-033]staked][factory][external_storage_read][ok-DELEGATECALL:>]",
          "@time": "0.709"
        },
        {
          "@classname": "tests.single.bundle.test_storage_rules",
          "@name": "test_rule[[OP-020]staked][factory][out_of_gas][drop-]",
          "@time": "0.460"
        },
        {
          "@classname": "tests.single.bundle.test_storage_rules",
          "@name": "test_rule[[OP-020]staked][factory][out_of_gas][drop-CALL:>]",
          "@time": "0.764"
        },
        {
          "@classname": "tests.single.bundle.test_storage_rules",
          "@name": "test_rule[[OP-020]staked][factory][out_of_gas][drop-DELEGATECALL:>]",
          "@time": "0.738"
        },
        {
          "@classname": "tests.single.bundle.test_storage_rules",
          "@name": "test_rule[[OP-020]staked][factory][sstore_out_of_gas][drop-]",
          "@time": "0.480"
        },
        {
          "@classname": "tests.single.bundle.test_storage_rules",
          "@name": "test_rule[[OP-020]staked][factory][sstore_out_of_gas][drop-CALL:>]",
          "@time": "0.659"
        },
        {
          "@classname": "tests.single.bundle.test_storage_rules",
          "@name": "test_rule[[OP-020]staked][factory][sstore_out_of_gas][drop-DELEGATECALL:>]",
          "@time": "0.691"
        },
        {
          "@classname": "tests.single.bundle.test_storage_rules",
          "@name": "test_rule[[STO-000]unstaked][account][no_storage][ok-]",
          "@time": "0.746"
        },
        {
          "@classname": "tests.single.bundle.test_storage_rules",
          "@name": "test_rule[[STO-000]unstaked][account][no_storage][ok-CALL:>]",
          "@time": "0.578"
        },
        {
          "@classname": "tests.single.bundle.test_storage_rules",
          "@name": "test_rule[[STO-000]unstaked][account][no_storage][ok-DELEGATECALL:>]",
          "@time": "0.471"
        },
        {
          "@classname": "tests.single.bundle.test_storage_rules",
          "@name": "test_rule[[STO-010]unstaked][account][account_storage][ok-]",
          "@time": "0.397"
        },
        {
          "@classname": "tests.single.bundle.test_storage_rules",
          "@name": "test_rule[[STO-010]unstaked][account][account_storage][ok-CALL:>]",
          "@time": "0.601"
        },
        {
          "@classname": "tests.single.bundle.test_storage_rules",
          "@name": "test_rule[[STO-010]unstaked][account][account_storage][ok-DELEGATECALL:>]",
          "@time": "0.602"
        },
        {
          "@classname": "tests.single.bundle.test_storage_rules",
          "@name": "test_rule[[STO-021]unstaked][account][account_reference_storage][ok-]",
          "@time": "0.305"
        },
        {
          "@classname": "tests.single.bundle.test_storage_rules",
          "@name": "test_rule[[STO-021]unstaked][account][account_reference_storage][ok-CALL:>]",
          "@time": "0.523"
        },
        {
          "@classname": "tests.single.bundle.test_storage_rules",
          "@name": "test_rule[[STO-021]unstaked][account][account_reference_storage][ok-DELEGATECALL:>]",
          "@time": "0.624"
        },
        {
          "@classname": "tests.single.bundle.test_storage_rules",
          "@name": "test_rule[[STO-022]unstaked][account][account_reference_storage_init_code][drop-]",
          "@time": "0.401"
        },
        {
          "@classname": "tests.single.bundle.test_storage_rules",
          "@name": "test_rule[[STO-022]unstaked][account][account_reference_storage_init_code][drop-CALL:>]",
          "@time": "0.320"
        },
        {
          "@classname": "tests.single.bundle.test_storage_rules",
          "@name": "test_rule[[STO-022]unstaked][account][account_reference_storage_init_code][drop-DELEGATECALL:>]",
          "@time": "0.302"
        },
        {
          "@classname": "tests.single.bundle.test_storage_rules",
          "@name": "test_rule[[STO-022]unstaked][account][account_reference_storage_init_code][ok-]",
          "@time": "1.154",
          "failure": {
            "@message": "AttributeError: expected result object, got:\nError(code=-32502, message='factory uses banned opcode: CREATE', data=None, id=495)",
            "#text": "tests/utils.py:199: in assert_ok\n    assert response.result\nE   AttributeError: 'Error' object has no attribute 'result'\n\nThe above exception was the direct cause of the following exception:\ntests/single/bundle/test_storage_rules.py:864: in test_rule\n    case.assert_func(response)\ntests/utils.py:201: in assert_ok\n    raise AttributeError(f\"expected result object, got:\\n{response}\") from exc\nE   AttributeError: expected result object, got:\nE   Error(code=-32502, message='factory uses banned opcode: CREATE', data=None, id=495)"
          },
          "system-out": "--------------------------------- Captured Log ---------------------------------\n\n--------------------------------- Captured Out ---------------------------------",
          "system-err": "--------------------------------- Captured Err ---------------------------------"
        },
        {
          "@classname": "tests.single.bundle.test_storage_rules",
          "@name": "test_rule[[STO-022]unstaked][account][account_reference_storage_init_code][ok-CALL:>]",
          "@time": "0.788",
          "failure": {
            "@message": "AttributeError: expected result object, got:\nError(code=-32502, message='factory uses banned opcode: CREATE', data=None, id=497)",
            "#text": "tests/utils.py:199: in assert_ok\n    assert response.result\nE   AttributeError: 'Error' object has no attribute 'result'\n\nThe above exception was the direct cause of the following exception:\ntests/single/bundle/test_storage_rules.py:864: in test_rule\n    case.assert_func(response)\ntests/utils.py:201: in assert_ok\n    raise AttributeError(f\"expected result object, got:\\n{response}\") from exc\nE   AttributeError: expected result object, got:\nE   Error(code=-32502, message='factory uses banned opcode: CREATE', data=None, id=497)"
          },
          "system-out": "--------------------------------- Captured Log ---------------------------------\n\n--------------------------------- Captured Out ---------------------------------\nCALL:> funding test_rules_target 0x2F98e665770dFaa597214825CCABc5E45679AC5f",
          "system-err": "--------------------------------- Captured Err ---------------------------------"
        },
        {
          "@classname": "tests.single.bundle.test_storage_rules",
          "@name": "test_rule[[STO-022]unstaked][account][account_reference_storage_init_code][ok-DELEGATECALL:>]",
          "@time": "0.767",
          "failure": {
            "@message": "AttributeError: expected result object, got:\nError(code=-32502, message='factory uses banned opcode: CREATE', data=None, id=499)",
            "#text": "tests/utils.py:199: in assert_ok\n    assert response.result\nE   AttributeError: 'Error' object has no attribute 'result'\n\nThe above exception was the direct cause of the following exception:\ntests/single/bundle/test_storage_rules.py:864: in test_rule\n    case.assert_func(response)\ntests/utils.py:201: in assert_ok\n    raise AttributeError(f\"expected result object, got:\\n{response}\") from exc\nE   AttributeError: expected result object, got:\nE   Error(code=-32502, message='factory uses banned opcode: CREATE', data=None, id=499)"
          },
          "system-out": "--------------------------------- Captured Log ---------------------------------\n\n--------------------------------- Captured Out ---------------------------------",
          "system-err": "--------------------------------- Captured Err ---------------------------------"
        },
        {
          "@classname": "tests.single.bundle.test_storage_rules",
          "@name": "test_rule[[STO-022]unstaked][paymaster][account_reference_storage_init_code][ok-]",
          "@time": "0.885",
          "failure": {
            "@message": "AttributeError: expected result object, got:\nError(code=-32502, message='factory uses banned opcode: CREATE', data=None, id=501)",
            "#text": "tests/utils.py:199: in assert_ok\n    assert response.result\nE   AttributeError: 'Error' object has no attribute 'result'\n\nThe above exception was the direct cause of the following exception:\ntests/single/bundle/test_storage_rules.py:864: in test_rule\n    case.assert_func(response)\ntests/utils.py:201: in assert_ok\n    raise AttributeError(f\"expected result object, got:\\n{response}\") from exc\nE   AttributeError: expected result object, got:\nE   Error(code=-32502, message='factory uses banned opcode: CREATE', data=None, id=501)"
          },
          "system-out": "--------------------------------- Captured Log ---------------------------------\n\n--------------------------------- Captured Out ---------------------------------",
          "system-err": "--------------------------------- Captured Err ---------------------------------"
        },
        {
          "@classname": "tests.single.bundle.test_storage_rules",
          "@name": "test_rule[[STO-022]unstaked][paymaster][account_reference_storage_init_code][ok-CALL:>]",
          "@time": "1.178",
          "failure": {
            "@message": "AttributeError: expected result object, got:\nError(code=-32502, message='factory uses banned opcode: CREATE', data=None, id=503)",
            "#text": "tests/utils.py:199: in assert_ok\n    assert response.result\nE   AttributeError: 'Error' object has no attribute 'result'\n\nThe above exception was the direct cause of the following exception:\ntests/single/bundle/test_storage_rules.py:864: in test_rule\n    case.assert_func(response)\ntests/utils.py:201: in assert_ok\n    raise AttributeError(f\"expected result object, got:\\n{response}\") from exc\nE   AttributeError: expected result object, got:\nE   Error(code=-32502, message='factory uses banned opcode: CREATE', data=None, id=503)"
          },
          "system-out": "--------------------------------- Captured Log ---------------------------------\n\n--------------------------------- Captured Out ---------------------------------",
          "system-err": "--------------------------------- Captured Err ---------------------------------"
        },
        {
          "@classname": "tests.single.bundle.test_storage_rules",
          "@name": "test_rule[[STO-022]unstaked][paymaster][account_reference_storage_init_code][ok-DELEGATECALL:>]",
          "@time": "1.272",
          "failure": {
            "@message": "AttributeError: expected result object, got:\nError(code=-32502, message='factory uses banned opcode: CREATE', data=None, id=505)",
            "#text": "tests/utils.py:199: in assert_ok\n    assert response.result\nE   AttributeError: 'Error' object has no attribute 'result'\n\nThe above exception was the direct cause of the following exception:\ntests/single/bundle/test_storage_rules.py:864: in test_rule\n    case.assert_func(response)\ntests/utils.py:201: in assert_ok\n    raise AttributeError(f\"expected result object, got:\\n{response}\") from exc\nE   AttributeError: expected result object, got:\nE   Error(code=-32502, message='factory uses banned opcode: CREATE', data=None, id=505)"
          },
          "system-out": "--------------------------------- Captured Log ---------------------------------\n\n--------------------------------- Captured Out ---------------------------------",
          "system-err": "--------------------------------- Captured Err ---------------------------------"
        },
        {
          "@classname": "tests.single.bundle.test_storage_rules",
          "@name": "test_rule[[STO-021]unstaked][account][account_reference_storage_struct][ok-]",
          "@time": "0.306"
        },
        {
          "@classname": "tests.single.bundle.test_storage_rules",
          "@name": "test_rule[[STO-021]unstaked][account][account_reference_storage_struct][ok-CALL:>]",
          "@time": "0.548"
        },
        {
          "@classname": "tests.single.bundle.test_storage_rules",
          "@name": "test_rule[[STO-021]unstaked][account][account_reference_storage_struct][ok-DELEGATECALL:>]",
          "@time": "0.597"
        },
        {
          "@classname": "tests.single.bundle.test_storage_rules",
          "@name": "test_rule[[STO-000]unstaked][account][external_storage_read][drop-]",
          "@time": "0.339"
        },
        {
          "@classname": "tests.single.bundle.test_storage_rules",
          "@name": "test_rule[[STO-000]unstaked][account][external_storage_read][drop-CALL:>]",
          "@time": "0.637"
        },
        {
          "@classname": "tests.single.bundle.test_storage_rules",
          "@name": "test_rule[[STO-000]unstaked][account][external_storage_read][drop-DELEGATECALL:>]",
          "@time": "0.617"
        },
        {
          "@classname": "tests.single.bundle.test_storage_rules",
          "@name": "test_rule[[OP-020]unstaked][account][out_of_gas][drop-]",
          "@time": "0.500"
        },
        {
          "@classname": "tests.single.bundle.test_storage_rules",
          "@name": "test_rule[[OP-020]unstaked][account][out_of_gas][drop-CALL:>]",
          "@time": "0.687"
        },
        {
          "@classname": "tests.single.bundle.test_storage_rules",
          "@name": "test_rule[[OP-020]unstaked][account][out_of_gas][drop-DELEGATECALL:>]",
          "@time": "0.689"
        },
        {
          "@classname": "tests.single.bundle.test_storage_rules",
          "@name": "test_rule[[OP-020]unstaked][account][sstore_out_of_gas][drop-]",
          "@time": "0.316"
        },
        {
          "@classname": "tests.single.bundle.test_storage_rules",
          "@name": "test_rule[[OP-020]unstaked][account][sstore_out_of_gas][drop-CALL:>]",
          "@time": "0.531"
        },
        {
          "@classname": "tests.single.bundle.test_storage_rules",
          "@name": "test_rule[[OP-020]unstaked][account][sstore_out_of_gas][drop-DELEGATECALL:>]",
          "@time": "0.561"
        },
        {
          "@classname": "tests.single.bundle.test_storage_rules",
          "@name": "test_rule[[STO-000]staked][account][no_storage][ok-]",
          "@time": "0.411"
        },
        {
          "@classname": "tests.single.bundle.test_storage_rules",
          "@name": "test_rule[[STO-000]staked][account][no_storage][ok-CALL:>]",
          "@time": "0.538"
        },
        {
          "@classname": "tests.single.bundle.test_storage_rules",
          "@name": "test_rule[[STO-000]staked][account][no_storage][ok-DELEGATECALL:>]",
          "@time": "0.602"
        },
        {
          "@classname": "tests.single.bundle.test_storage_rules",
          "@name": "test_rule[[STO-010]staked][account][account_storage][ok-]",
          "@time": "0.316"
        },
        {
          "@classname": "tests.single.bundle.test_storage_rules",
          "@name": "test_rule[[STO-010]staked][account][account_storage][ok-CALL:>]",
          "@time": "0.626"
        },
        {
          "@classname": "tests.single.bundle.test_storage_rules",
          "@name": "test_rule[[STO-010]staked][account][account_storage][ok-DELEGATECALL:>]",
          "@time": "0.645"
        },
        {
          "@classname": "tests.single.bundle.test_storage_rules",
          "@name": "test_rule[[STO-021]staked][account][account_reference_storage][ok-]",
          "@time": "0.426"
        },
        {
          "@classname": "tests.single.bundle.test_storage_rules",
          "@name": "test_rule[[STO-021]staked][account][account_reference_storage][ok-CALL:>]",
          "@time": "0.552"
        },
        {
          "@classname": "tests.single.bundle.test_storage_rules",
          "@name": "test_rule[[STO-021]staked][account][account_reference_storage][ok-DELEGATECALL:>]",
          "@time": "0.646"
        },
        {
          "@classname": "tests.single.bundle.test_storage_rules",
          "@name": "test_rule[[STO-021]staked][account][account_reference_storage_struct][ok-]",
          "@time": "0.431"
        },
        {
          "@classname": "tests.single.bundle.test_storage_rules",
          "@name": "test_rule[[STO-021]staked][account][account_reference_storage_struct][ok-CALL:>]",
          "@time": "0.568"
        },
        {
          "@classname": "tests.single.bundle.test_storage_rules",
          "@name": "test_rule[[STO-021]staked][account][account_reference_storage_struct][ok-DELEGATECALL:>]",
          "@time": "0.561"
        },
        {
          "@classname": "tests.single.bundle.test_storage_rules",
          "@name": "test_rule[[OP-020]staked][account][out_of_gas][drop-]",
          "@time": "0.426"
        },
        {
          "@classname": "tests.single.bundle.test_storage_rules",
          "@name": "test_rule[[OP-020]staked][account][out_of_gas][drop-CALL:>]",
          "@time": "0.619"
        },
        {
          "@classname": "tests.single.bundle.test_storage_rules",
          "@name": "test_rule[[OP-020]staked][account][out_of_gas][drop-DELEGATECALL:>]",
          "@time": "0.719"
        },
        {
          "@classname": "tests.single.bundle.test_storage_rules",
          "@name": "test_rule[[OP-020]staked][account][sstore_out_of_gas][drop-]",
          "@time": "0.351"
        },
        {
          "@classname": "tests.single.bundle.test_storage_rules",
          "@name": "test_rule[[OP-020]staked][account][sstore_out_of_gas][drop-CALL:>]",
          "@time": "0.686"
        },
        {
          "@classname": "tests.single.bundle.test_storage_rules",
          "@name": "test_rule[[OP-020]staked][account][sstore_out_of_gas][drop-DELEGATECALL:>]",
          "@time": "0.653"
        },
        {
          "@classname": "tests.single.bundle.test_storage_rules",
          "@name": "test_rule[[STO-033]staked][account][external_storage_write][drop-]",
          "@time": "0.444"
        },
        {
          "@classname": "tests.single.bundle.test_storage_rules",
          "@name": "test_rule[[STO-033]staked][account][external_storage_write][drop-CALL:>]",
          "@time": "0.655"
        },
        {
          "@classname": "tests.single.bundle.test_storage_rules",
          "@name": "test_rule[[STO-033]staked][account][external_storage_write][drop-DELEGATECALL:>]",
          "@time": "0.567"
        },
        {
          "@classname": "tests.single.bundle.test_storage_rules",
          "@name": "test_rule[[STO-033]staked][account][external_storage_read][ok-]",
          "@time": "0.433"
        },
        {
          "@classname": "tests.single.bundle.test_storage_rules",
          "@name": "test_rule[[STO-033]staked][account][external_storage_read][ok-CALL:>]",
          "@time": "0.553"
        },
        {
          "@classname": "tests.single.bundle.test_storage_rules",
          "@name": "test_rule[[STO-033]staked][account][external_storage_read][ok-DELEGATECALL:>]",
          "@time": "0.546"
        },
        {
          "@classname": "tests.single.bundle.test_storage_rules",
          "@name": "test_rule[[OP-011]unstaked][account][entryPoint_call_balanceOf][drop-]",
          "@time": "0.430"
        },
        {
          "@classname": "tests.single.bundle.test_storage_rules",
          "@name": "test_rule[[OP-011]unstaked][account][entryPoint_call_balanceOf][drop-CALL:>]",
          "@time": "0.552"
        },
        {
          "@classname": "tests.single.bundle.test_storage_rules",
          "@name": "test_rule[[OP-011]unstaked][account][entryPoint_call_balanceOf][drop-DELEGATECALL:>]",
          "@time": "0.641"
        },
        {
          "@classname": "tests.single.bundle.test_storage_rules",
          "@name": "test_rule[[OP-061]unstaked][account][eth_value_transfer_forbidden][drop-]",
          "@time": "0.319"
        },
        {
          "@classname": "tests.single.bundle.test_storage_rules",
          "@name": "test_rule[[OP-061]unstaked][account][eth_value_transfer_forbidden][drop-CALL:>]",
          "@time": "0.654"
        },
        {
          "@classname": "tests.single.bundle.test_storage_rules",
          "@name": "test_rule[[OP-061]unstaked][account][eth_value_transfer_forbidden][drop-DELEGATECALL:>]",
          "@time": "0.651"
        },
        {
          "@classname": "tests.single.bundle.test_storage_rules",
          "@name": "test_rule[[OP-053]unstaked][account][eth_value_transfer_entryPoint][ok-]",
          "@time": "0.334"
        },
        {
          "@classname": "tests.single.bundle.test_storage_rules",
          "@name": "test_rule[[OP-053]unstaked][account][eth_value_transfer_entryPoint][ok-CALL:>]",
          "@time": "0.565"
        },
        {
          "@classname": "tests.single.bundle.test_storage_rules",
          "@name": "test_rule[[OP-053]unstaked][account][eth_value_transfer_entryPoint][ok-DELEGATECALL:>]",
          "@time": "0.585"
        },
        {
          "@classname": "tests.single.bundle.test_storage_rules",
          "@name": "test_rule[[OP-052]unstaked][account][eth_value_transfer_entryPoint_depositTo][ok-]",
          "@time": "0.446"
        },
        {
          "@classname": "tests.single.bundle.test_storage_rules",
          "@name": "test_rule[[OP-052]unstaked][account][eth_value_transfer_entryPoint_depositTo][ok-CALL:>]",
          "@time": "0.701"
        },
        {
          "@classname": "tests.single.bundle.test_storage_rules",
          "@name": "test_rule[[OP-052]unstaked][account][eth_value_transfer_entryPoint_depositTo][ok-DELEGATECALL:>]",
          "@time": "0.703"
        },
        {
          "@classname": "tests.single.bundle.test_storage_rules",
          "@name": "test_rule[[OP-041]unstaked][account][EXTCODESIZE_undeployed_contract][drop-]",
          "@time": "0.369"
        },
        {
          "@classname": "tests.single.bundle.test_storage_rules",
          "@name": "test_rule[[OP-041]unstaked][account][EXTCODESIZE_undeployed_contract][drop-CALL:>]",
          "@time": "0.613"
        },
        {
          "@classname": "tests.single.bundle.test_storage_rules",
          "@name": "test_rule[[OP-041]unstaked][account][EXTCODESIZE_undeployed_contract][drop-DELEGATECALL:>]",
          "@time": "0.608"
        },
        {
          "@classname": "tests.single.bundle.test_storage_rules",
          "@name": "test_rule[[OP-041]unstaked][account][EXTCODEHASH_undeployed_contract][drop-]",
          "@time": "0.377"
        },
        {
          "@classname": "tests.single.bundle.test_storage_rules",
          "@name": "test_rule[[OP-041]unstaked][account][EXTCODEHASH_undeployed_contract][drop-CALL:>]",
          "@time": "0.518"
        },
        {
          "@classname": "tests.single.bundle.test_storage_rules",
          "@name": "test_rule[[OP-041]unstaked][account][EXTCODEHASH_undeployed_contract][drop-DELEGATECALL:>]",
          "@time": "0.616"
        },
        {
          "@classname": "tests.single.bundle.test_storage_rules",
          "@name": "test_rule[[OP-041]unstaked][account][EXTCODECOPY_undeployed_contract][drop-]",
          "@time": "0.413"
        },
        {
          "@classname": "tests.single.bundle.test_storage_rules",
          "@name": "test_rule[[OP-041]unstaked][account][EXTCODECOPY_undeployed_contract][drop-CALL:>]",
          "@time": "0.622"
        },
        {
          "@classname": "tests.single.bundle.test_storage_rules",
          "@name": "test_rule[[OP-041]unstaked][account][EXTCODECOPY_undeployed_contract][drop-DELEGATECALL:>]",
          "@time": "0.623"
        },
        {
          "@classname": "tests.single.bundle.test_storage_rules",
          "@name": "test_rule[[OP-054]unstaked][account][EXTCODESIZE_entrypoint][drop-]",
          "@time": "0.296"
        },
        {
          "@classname": "tests.single.bundle.test_storage_rules",
          "@name": "test_rule[[OP-054]unstaked][account][EXTCODESIZE_entrypoint][drop-CALL:>]",
          "@time": "0.509"
        },
        {
          "@classname": "tests.single.bundle.test_storage_rules",
          "@name": "test_rule[[OP-054]unstaked][account][EXTCODESIZE_entrypoint][drop-DELEGATECALL:>]",
          "@time": "0.602"
        },
        {
          "@classname": "tests.single.bundle.test_storage_rules",
          "@name": "test_rule[[OP-054]unstaked][account][EXTCODEHASH_entrypoint][drop-]",
          "@time": "0.383"
        },
        {
          "@classname": "tests.single.bundle.test_storage_rules",
          "@name": "test_rule[[OP-054]unstaked][account][EXTCODEHASH_entrypoint][drop-CALL:>]",
          "@time": "0.501"
        },
        {
          "@classname": "tests.single.bundle.test_storage_rules",
          "@name": "test_rule[[OP-054]unstaked][account][EXTCODEHASH_entrypoint][drop-DELEGATECALL:>]",
          "@time": "0.502"
        },
        {
          "@classname": "tests.single.bundle.test_storage_rules",
          "@name": "test_rule[[OP-054]unstaked][account][EXTCODECOPY_entrypoint][drop-]",
          "@time": "0.389"
        },
        {
          "@classname": "tests.single.bundle.test_storage_rules",
          "@name": "test_rule[[OP-054]unstaked][account][EXTCODECOPY_entrypoint][drop-CALL:>]",
          "@time": "0.510"
        },
        {
          "@classname": "tests.single.bundle.test_storage_rules",
          "@name": "test_rule[[OP-054]unstaked][account][EXTCODECOPY_entrypoint][drop-DELEGATECALL:>]",
          "@time": "0.611"
        },
        {
          "@classname": "tests.single.bundle.test_storage_rules",
          "@name": "test_rule[[OP-041]unstaked][account][CALL_undeployed_contract][drop-]",
          "@time": "0.259"
        },
        {
          "@classname": "tests.single.bundle.test_storage_rules",
          "@name": "test_rule[[OP-041]unstaked][account][CALL_undeployed_contract][drop-CALL:>]",
          "@time": "0.595"
        },
        {
          "@classname": "tests.single.bundle.test_storage_rules",
          "@name": "test_rule[[OP-041]unstaked][account][CALL_undeployed_contract][drop-DELEGATECALL:>]",
          "@time": "0.591"
        },
        {
          "@classname": "tests.single.bundle.test_storage_rules",
          "@name": "test_rule[[OP-041]unstaked][account][CALLCODE_undeployed_contract][drop-]",
          "@time": "0.264"
        },
        {
          "@classname": "tests.single.bundle.test_storage_rules",
          "@name": "test_rule[[OP-041]unstaked][account][CALLCODE_undeployed_contract][drop-CALL:>]",
          "@time": "0.596"
        },
        {
          "@classname": "tests.single.bundle.test_storage_rules",
          "@name": "test_rule[[OP-041]unstaked][account][CALLCODE_undeployed_contract][drop-DELEGATECALL:>]",
          "@time": "0.498"
        },
        {
          "@classname": "tests.single.bundle.test_storage_rules",
          "@name": "test_rule[[OP-041]unstaked][account][DELEGATECALL_undeployed_contract][drop-]",
          "@time": "0.269"
        },
        {
          "@classname": "tests.single.bundle.test_storage_rules",
          "@name": "test_rule[[OP-041]unstaked][account][DELEGATECALL_undeployed_contract][drop-CALL:>]",
          "@time": "0.617"
        },
        {
          "@classname": "tests.single.bundle.test_storage_rules",
          "@name": "test_rule[[OP-041]unstaked][account][DELEGATECALL_undeployed_contract][drop-DELEGATECALL:>]",
          "@time": "0.620"
        },
        {
          "@classname": "tests.single.bundle.test_storage_rules",
          "@name": "test_rule[[OP-041]unstaked][account][STATICCALL_undeployed_contract][drop-]",
          "@time": "0.269"
        },
        {
          "@classname": "tests.single.bundle.test_storage_rules",
          "@name": "test_rule[[OP-041]unstaked][account][STATICCALL_undeployed_contract][drop-CALL:>]",
          "@time": "0.503"
        },
        {
          "@classname": "tests.single.bundle.test_storage_rules",
          "@name": "test_rule[[OP-041]unstaked][account][STATICCALL_undeployed_contract][drop-DELEGATECALL:>]",
          "@time": "0.504"
        },
        {
          "@classname": "tests.single.bundle.test_storage_rules",
          "@name": "test_rule[[OP-062]unstaked][account][CALL_undeployed_contract_allowed_precompile][ok-]",
          "@time": "0.381"
        },
        {
          "@classname": "tests.single.bundle.test_storage_rules",
          "@name": "test_rule[[OP-062]unstaked][account][CALL_undeployed_contract_allowed_precompile][ok-CALL:>]",
          "@time": "0.657"
        },
        {
          "@classname": "tests.single.bundle.test_storage_rules",
          "@name": "test_rule[[OP-062]unstaked][account][CALL_undeployed_contract_allowed_precompile][ok-DELEGATECALL:>]",
          "@time": "0.566"
        },
        {
          "@classname": "tests.single.eip7702.test_eip7702_tuple_userop",
          "@name": "test_send_eip_7702_tx",
          "@time": "0.080",
          "failure": {
            "@message": "AttributeError: expected result object, got:\nError(code=-32500, message='FailedOp(0,AA20 account not deployed)', data=None, id=669)",
            "#text": "tests/utils.py:199: in assert_ok\n    assert response.result\nE   AttributeError: 'Error' object has no attribute 'result'\n\nThe above exception was the direct cause of the following exception:\ntests/single/eip7702/test_eip7702_tuple_userop.py:36: in test_send_eip_7702_tx\n    assert_ok(response)\ntests/utils.py:201: in assert_ok\n    raise AttributeError(f\"expected result object, got:\\n{response}\") from exc\nE   AttributeError: expected result object, got:\nE   Error(code=-32500, message='FailedOp(0,AA20 account not deployed)', data=None, id=669)"
          },
          "system-out": "--------------------------------- Captured Log ---------------------------------\n\n--------------------------------- Captured Out ---------------------------------",
          "system-err": "--------------------------------- Captured Err ---------------------------------"
        },
        {
          "@classname": "tests.single.eip7702.test_eip7702_tuple_userop",
          "@name": "test_send_eip_7702_tx_with_initcode",
          "@time": "0.077",
          "failure": {
            "@message": "AttributeError: expected result object, got:\nError(code=-32500, message='FailedOp(0,AA13 initCode failed or OOG)', data=None, id=671)",
            "#text": "tests/utils.py:199: in assert_ok\n    assert response.result\nE   AttributeError: 'Error' object has no attribute 'result'\n\nThe above exception was the direct cause of the following exception:\ntests/single/eip7702/test_eip7702_tuple_userop.py:85: in test_send_eip_7702_tx_with_initcode\n    assert_ok(response)\ntests/utils.py:201: in assert_ok\n    raise AttributeError(f\"expected result object, got:\\n{response}\") from exc\nE   AttributeError: expected result object, got:\nE   Error(code=-32500, message='FailedOp(0,AA13 initCode failed or OOG)', data=None, id=671)"
          },
          "system-out": "--------------------------------- Captured Log ---------------------------------\n\n--------------------------------- Captured Out ---------------------------------",
          "system-err": "--------------------------------- Captured Err ---------------------------------"
        },
        {
          "@classname": "tests.single.eip7702.test_eip7702_tuple_userop",
          "@name": "test_send_eip_7702_tx_with_flag_no_initcode",
          "@time": "0.070",
          "failure": {
            "@message": "AttributeError: expected result object, got:\nError(code=-32602, message='got factory but missing factoryData', data=None, id=673)",
            "#text": "tests/utils.py:199: in assert_ok\n    assert response.result\nE   AttributeError: 'Error' object has no attribute 'result'\n\nThe above exception was the direct cause of the following exception:\ntests/single/eip7702/test_eip7702_tuple_userop.py:127: in test_send_eip_7702_tx_with_flag_no_initcode\n    assert_ok(response)\ntests/utils.py:201: in assert_ok\n    raise AttributeError(f\"expected result object, got:\\n{response}\") from exc\nE   AttributeError: expected result object, got:\nE   Error(code=-32602, message='got factory but missing factoryData', data=None, id=673)"
          },
          "system-out": "--------------------------------- Captured Log ---------------------------------\n\n--------------------------------- Captured Out ---------------------------------",
          "system-err": "--------------------------------- Captured Err ---------------------------------"
        },
        {
          "@classname": "tests.single.eip7702.test_eip7702_tuple_userop",
          "@name": "test_send_post_eip_7702_tx[0]",
          "@time": "0.072",
          "failure": {
            "@message": "AttributeError: expected result object, got:\nError(code=-32500, message='FailedOp(0,AA20 account not deployed)', data=None, id=675)",
            "#text": "tests/utils.py:199: in assert_ok\n    assert response.result\nE   AttributeError: 'Error' object has no attribute 'result'\n\nThe above exception was the direct cause of the following exception:\ntests/single/eip7702/test_eip7702_tuple_userop.py:156: in test_send_post_eip_7702_tx\n    assert_ok(response)\ntests/utils.py:201: in assert_ok\n    raise AttributeError(f\"expected result object, got:\\n{response}\") from exc\nE   AttributeError: expected result object, got:\nE   Error(code=-32500, message='FailedOp(0,AA20 account not deployed)', data=None, id=675)"
          },
          "system-out": "--------------------------------- Captured Log ---------------------------------\n\n--------------------------------- Captured Out ---------------------------------",
          "system-err": "--------------------------------- Captured Err ---------------------------------"
        },
        {
          "@classname": "tests.single.eip7702.test_eip7702_tuple_userop",
          "@name": "test_send_post_eip_7702_tx[1337]",
          "@time": "0.071",
          "failure": {
            "@message": "AttributeError: expected result object, got:\nError(code=-32500, message='FailedOp(0,AA20 account not deployed)', data=None, id=677)",
            "#text": "tests/utils.py:199: in assert_ok\n    assert response.result\nE   AttributeError: 'Error' object has no attribute 'result'\n\nThe above exception was the direct cause of the following exception:\ntests/single/eip7702/test_eip7702_tuple_userop.py:156: in test_send_post_eip_7702_tx\n    assert_ok(response)\ntests/utils.py:201: in assert_ok\n    raise AttributeError(f\"expected result object, got:\\n{response}\") from exc\nE   AttributeError: expected result object, got:\nE   Error(code=-32500, message='FailedOp(0,AA20 account not deployed)', data=None, id=677)"
          },
          "system-out": "--------------------------------- Captured Log ---------------------------------\n\n--------------------------------- Captured Out ---------------------------------",
          "system-err": "--------------------------------- Captured Err ---------------------------------"
        },
        {
          "@classname": "tests.single.eip7702.test_eip7702_tuple_userop",
          "@name": "test_send_bad_eip_7702_drop_userop",
          "@time": "0.089"
        },
        {
          "@classname": "tests.single.eip7702.test_eip7702_tuple_userop",
          "@name": "test_send_nonsender_eip_7702_drop_userop",
          "@time": "0.174",
          "failure": {
            "@message": "AttributeError: expected error object, got:\nOk(result='0x8772c645dface3beb60e689b8f943ab64e0f13ea8df8f245d2baf38e89877462', id=681)",
            "#text": "tests/utils.py:206: in assert_rpc_error\n    assert response.code == code\nE   AttributeError: 'Ok' object has no attribute 'code'\n\nThe above exception was the direct cause of the following exception:\ntests/single/eip7702/test_eip7702_tuple_userop.py:223: in test_send_nonsender_eip_7702_drop_userop\n    assert_rpc_error(userop.send(), \"sender\", RPCErrorCode.INVALID_FIELDS)\ntests/utils.py:211: in assert_rpc_error\n    raise AttributeError(f\"expected error object, got:\\n{response}\") from exc\nE   AttributeError: expected error object, got:\nE   Ok(result='0x8772c645dface3beb60e689b8f943ab64e0f13ea8df8f245d2baf38e89877462', id=681)"
          },
          "system-out": "--------------------------------- Captured Log ---------------------------------\n\n--------------------------------- Captured Out ---------------------------------",
          "system-err": "--------------------------------- Captured Err ---------------------------------"
        },
        {
          "@classname": "tests.single.eip7702.test_eip7702_tuple_userop",
          "@name": "test_send_wrongchain_eip_7702_drop_userop",
          "@time": "0.072",
          "failure": {
            "@message": "AttributeError: expected result object, got:\nError(code=-32500, message='FailedOp(0,AA20 account not deployed)', data=None, id=683)",
            "#text": "tests/utils.py:199: in assert_ok\n    assert response.result\nE   AttributeError: 'Error' object has no attribute 'result'\n\nThe above exception was the direct cause of the following exception:\ntests/single/eip7702/test_eip7702_tuple_userop.py:244: in test_send_wrongchain_eip_7702_drop_userop\n    assert_ok(userop.send())\ntests/utils.py:201: in assert_ok\n    raise AttributeError(f\"expected result object, got:\\n{response}\") from exc\nE   AttributeError: expected result object, got:\nE   Error(code=-32500, message='FailedOp(0,AA20 account not deployed)', data=None, id=683)"
          },
          "system-out": "--------------------------------- Captured Log ---------------------------------\n\n--------------------------------- Captured Out ---------------------------------",
          "system-err": "--------------------------------- Captured Err ---------------------------------"
        },
        {
          "@classname": "tests.single.gas.test_eip_7623",
          "@name": "test_normal_calldata",
          "@time": "0.155",
          "failure": {
            "@message": "AttributeError: expected result object, got:\nError(code=-32602, message='preVerificationGas too low: expected at least 45364', data=None, id=685)",
            "#text": "tests/utils.py:199: in assert_ok\n    assert response.result\nE   AttributeError: 'Error' object has no attribute 'result'\n\nThe above exception was the direct cause of the following exception:\ntests/single/gas/test_eip_7623.py:35: in test_normal_calldata\n    assert_ok(op.send())\ntests/utils.py:201: in assert_ok\n    raise AttributeError(f\"expected result object, got:\\n{response}\") from exc\nE   AttributeError: expected result object, got:\nE   Error(code=-32602, message='preVerificationGas too low: expected at least 45364', data=None, id=685)"
          },
          "system-out": "--------------------------------- Captured Log ---------------------------------\n\n--------------------------------- Captured Out ---------------------------------",
          "system-err": "--------------------------------- Captured Err ---------------------------------"
        },
        {
          "@classname": "tests.single.gas.test_eip_7623",
          "@name": "test_huge_calldata_failed",
          "@time": "0.150"
        },
        {
          "@classname": "tests.single.gas.test_eip_7623",
          "@name": "test_huge_calldata_with_callgas",
          "@time": "0.178"
        },
        {
          "@classname": "tests.single.gas.test_eip_7623",
          "@name": "test_estimate_huge_calldata",
          "@time": "0.235"
        },
        {
          "@classname": "tests.single.opbanning.test_create",
          "@name": "test_account_no_factory[CREATE]",
          "@time": "0.341"
        },
        {
          "@classname": "tests.single.opbanning.test_create",
          "@name": "test_account_no_factory[CREATE2]",
          "@time": "0.238"
        },
        {
          "@classname": "tests.single.opbanning.test_create",
          "@name": "test_paymaster_banned_create[CREATE]",
          "@time": "0.403"
        },
        {
          "@classname": "tests.single.opbanning.test_create",
          "@name": "test_paymaster_banned_create[CREATE2]",
          "@time": "0.411"
        },
        {
          "@classname": "tests.single.opbanning.test_create",
          "@name": "test_account_create2_once",
          "@time": "0.394"
        },
        {
          "@classname": "tests.single.opbanning.test_create",
          "@name": "test_account_create_with_factory[factory=unstaked,op=CREATE,expect=ok,rule=OP-032]",
          "@time": "0.426",
          "failure": {
            "@message": "AttributeError: expected result object, got:\nError(code=-32502, message='factory uses banned opcode: CREATE', data=None, id=704)",
            "#text": "tests/utils.py:199: in assert_ok\n    assert response.result\nE   AttributeError: 'Error' object has no attribute 'result'\n\nThe above exception was the direct cause of the following exception:\ntests/single/opbanning/test_create.py:136: in test_account_create_with_factory\n    assert_ok(response)\ntests/utils.py:201: in assert_ok\n    raise AttributeError(f\"expected result object, got:\\n{response}\") from exc\nE   AttributeError: expected result object, got:\nE   Error(code=-32502, message='factory uses banned opcode: CREATE', data=None, id=704)"
          },
          "system-out": "--------------------------------- Captured Log ---------------------------------\n\n--------------------------------- Captured Out ---------------------------------",
          "system-err": "--------------------------------- Captured Err ---------------------------------"
        },
        {
          "@classname": "tests.single.opbanning.test_create",
          "@name": "test_account_create_with_factory[factory=unstaked,op=CREATE2,expect=err,rule=OP-032]",
          "@time": "0.394",
          "failure": {
            "@message": "AssertionError: assert 'account uses banned opcode: create2' in 'factory uses banned opcode: create'\n +  where 'account uses banned opcode: create2' = <built-in method lower of str object at 0x7f36cfbd8750>()\n +    where <built-in method lower of str object at 0x7f36cfbd8750> = 'account uses banned opcode: CREATE2'.lower\n +  and   'factory uses banned opcode: create' = <built-in method lower of str object at 0x7f36cfbda850>()\n +    where <built-in method lower of str object at 0x7f36cfbda850> = 'factory uses banned opcode: CREATE'.lower\n +      where 'factory uses banned opcode: CREATE' = Error(code=-32502, message='factory uses banned opcode: CREATE', data=None, id=706).message",
            "#text": "tests/single/opbanning/test_create.py:138: in test_account_create_with_factory\n    assert_rpc_error(\ntests/utils.py:207: in assert_rpc_error\n    assert message.lower() in response.message.lower()\nE   AssertionError: assert 'account uses banned opcode: create2' in 'factory uses banned opcode: create'\nE    +  where 'account uses banned opcode: create2' = <built-in method lower of str object at 0x7f36cfbd8750>()\nE    +    where <built-in method lower of str object at 0x7f36cfbd8750> = 'account uses banned opcode: CREATE2'.lower\nE    +  and   'factory uses banned opcode: create' = <built-in method lower of str object at 0x7f36cfbda850>()\nE    +    where <built-in method lower of str object at 0x7f36cfbda850> = 'factory uses banned opcode: CREATE'.lower\nE    +      where 'factory uses banned opcode: CREATE' = Error(code=-32502, message='factory uses banned opcode: CREATE', data=None, id=706).message"
          },
          "system-out": "--------------------------------- Captured Log ---------------------------------\n\n--------------------------------- Captured Out ---------------------------------",
          "system-err": "--------------------------------- Captured Err ---------------------------------"
        },
        {
          "@classname": "tests.single.opbanning.test_create",
          "@name": "test_account_create_with_factory[factory=staked,op=CREATE,expect=ok,rule=EREP-060]",
          "@time": "0.414",
          "failure": {
            "@message": "AttributeError: expected result object, got:\nError(code=-32502, message='factory uses banned opcode: CREATE', data=None, id=708)",
            "#text": "tests/utils.py:199: in assert_ok\n    assert response.result\nE   AttributeError: 'Error' object has no attribute 'result'\n\nThe above exception was the direct cause of the following exception:\ntests/single/opbanning/test_create.py:136: in test_account_create_with_factory\n    assert_ok(response)\ntests/utils.py:201: in assert_ok\n    raise AttributeError(f\"expected result object, got:\\n{response}\") from exc\nE   AttributeError: expected result object, got:\nE   Error(code=-32502, message='factory uses banned opcode: CREATE', data=None, id=708)"
          },
          "system-out": "--------------------------------- Captured Log ---------------------------------\n\n--------------------------------- Captured Out ---------------------------------",
          "system-err": "--------------------------------- Captured Err ---------------------------------"
        },
        {
          "@classname": "tests.single.opbanning.test_create",
          "@name": "test_account_create_with_factory[factory=staked,op=nested-CREATE,expect=err,rule=EREP-060]",
          "@time": "0.348",
          "failure": {
            "@message": "AssertionError: assert 'account uses banned opcode: create' in 'factory uses banned opcode: create'\n +  where 'account uses banned opcode: create' = <built-in method lower of str object at 0x7f36cfbdb330>()\n +    where <built-in method lower of str object at 0x7f36cfbdb330> = 'account uses banned opcode: CREATE'.lower\n +  and   'factory uses banned opcode: create' = <built-in method lower of str object at 0x7f36cfab6a90>()\n +    where <built-in method lower of str object at 0x7f36cfab6a90> = 'factory uses banned opcode: CREATE'.lower\n +      where 'factory uses banned opcode: CREATE' = Error(code=-32502, message='factory uses banned opcode: CREATE', data=None, id=710).message",
            "#text": "tests/single/opbanning/test_create.py:138: in test_account_create_with_factory\n    assert_rpc_error(\ntests/utils.py:207: in assert_rpc_error\n    assert message.lower() in response.message.lower()\nE   AssertionError: assert 'account uses banned opcode: create' in 'factory uses banned opcode: create'\nE    +  where 'account uses banned opcode: create' = <built-in method lower of str object at 0x7f36cfbdb330>()\nE    +    where <built-in method lower of str object at 0x7f36cfbdb330> = 'account uses banned opcode: CREATE'.lower\nE    +  and   'factory uses banned opcode: create' = <built-in method lower of str object at 0x7f36cfab6a90>()\nE    +    where <built-in method lower of str object at 0x7f36cfab6a90> = 'factory uses banned opcode: CREATE'.lower\nE    +      where 'factory uses banned opcode: CREATE' = Error(code=-32502, message='factory uses banned opcode: CREATE', data=None, id=710).message"
          },
          "system-out": "--------------------------------- Captured Log ---------------------------------\n\n--------------------------------- Captured Out ---------------------------------",
          "system-err": "--------------------------------- Captured Err ---------------------------------"
        },
        {
          "@classname": "tests.single.opbanning.test_create",
          "@name": "test_account_create_with_factory[factory=staked,op=nested-CREATE2,expect=err,rule=EREP-060]",
          "@time": "0.318",
          "failure": {
            "@message": "AssertionError: assert 'account uses banned opcode: create2' in 'factory uses banned opcode: create'\n +  where 'account uses banned opcode: create2' = <built-in method lower of str object at 0x7f36cfbdb570>()\n +    where <built-in method lower of str object at 0x7f36cfbdb570> = 'account uses banned opcode: CREATE2'.lower\n +  and   'factory uses banned opcode: create' = <built-in method lower of str object at 0x7f36cfab6b50>()\n +    where <built-in method lower of str object at 0x7f36cfab6b50> = 'factory uses banned opcode: CREATE'.lower\n +      where 'factory uses banned opcode: CREATE' = Error(code=-32502, message='factory uses banned opcode: CREATE', data=None, id=712).message",
            "#text": "tests/single/opbanning/test_create.py:138: in test_account_create_with_factory\n    assert_rpc_error(\ntests/utils.py:207: in assert_rpc_error\n    assert message.lower() in response.message.lower()\nE   AssertionError: assert 'account uses banned opcode: create2' in 'factory uses banned opcode: create'\nE    +  where 'account uses banned opcode: create2' = <built-in method lower of str object at 0x7f36cfbdb570>()\nE    +    where <built-in method lower of str object at 0x7f36cfbdb570> = 'account uses banned opcode: CREATE2'.lower\nE    +  and   'factory uses banned opcode: create' = <built-in method lower of str object at 0x7f36cfab6b50>()\nE    +    where <built-in method lower of str object at 0x7f36cfab6b50> = 'factory uses banned opcode: CREATE'.lower\nE    +      where 'factory uses banned opcode: CREATE' = Error(code=-32502, message='factory uses banned opcode: CREATE', data=None, id=712).message"
          },
          "system-out": "--------------------------------- Captured Log ---------------------------------\n\n--------------------------------- Captured Out ---------------------------------",
          "system-err": "--------------------------------- Captured Err ---------------------------------"
        },
        {
          "@classname": "tests.single.opbanning.test_create",
          "@name": "test_account_create_with_factory[factory=staked,op=CREATE2,expect=ok,rule=EREP-060]",
          "@time": "0.355",
          "failure": {
            "@message": "AttributeError: expected result object, got:\nError(code=-32502, message='factory uses banned opcode: CREATE', data=None, id=714)",
            "#text": "tests/utils.py:199: in assert_ok\n    assert response.result\nE   AttributeError: 'Error' object has no attribute 'result'\n\nThe above exception was the direct cause of the following exception:\ntests/single/opbanning/test_create.py:136: in test_account_create_with_factory\n    assert_ok(response)\ntests/utils.py:201: in assert_ok\n    raise AttributeError(f\"expected result object, got:\\n{response}\") from exc\nE   AttributeError: expected result object, got:\nE   Error(code=-32502, message='factory uses banned opcode: CREATE', data=None, id=714)"
          },
          "system-out": "--------------------------------- Captured Log ---------------------------------\n\n--------------------------------- Captured Out ---------------------------------",
          "system-err": "--------------------------------- Captured Err ---------------------------------"
        },
        {
          "@classname": "tests.single.opbanning.test_op_banning",
          "@name": "test_account_banned_opcode[GAS-]",
          "@time": "0.317"
        },
        {
          "@classname": "tests.single.opbanning.test_op_banning",
          "@name": "test_account_banned_opcode[GAS-CALL:>]",
          "@time": "0.453"
        },
        {
          "@classname": "tests.single.opbanning.test_op_banning",
          "@name": "test_account_banned_opcode[GAS-DELEGATECALL:>]",
          "@time": "0.382"
        },
        {
          "@classname": "tests.single.opbanning.test_op_banning",
          "@name": "test_account_banned_opcode[NUMBER-]",
          "@time": "0.315"
        },
        {
          "@classname": "tests.single.opbanning.test_op_banning",
          "@name": "test_account_banned_opcode[NUMBER-CALL:>]",
          "@time": "0.365"
        },
        {
          "@classname": "tests.single.opbanning.test_op_banning",
          "@name": "test_account_banned_opcode[NUMBER-DELEGATECALL:>]",
          "@time": "0.491"
        },
        {
          "@classname": "tests.single.opbanning.test_op_banning",
          "@name": "test_account_banned_opcode[TIMESTAMP-]",
          "@time": "0.213"
        },
        {
          "@classname": "tests.single.opbanning.test_op_banning",
          "@name": "test_account_banned_opcode[TIMESTAMP-CALL:>]",
          "@time": "0.377"
        },
        {
          "@classname": "tests.single.opbanning.test_op_banning",
          "@name": "test_account_banned_opcode[TIMESTAMP-DELEGATECALL:>]",
          "@time": "0.403"
        },
        {
          "@classname": "tests.single.opbanning.test_op_banning",
          "@name": "test_account_banned_opcode[COINBASE-]",
          "@time": "0.319"
        },
        {
          "@classname": "tests.single.opbanning.test_op_banning",
          "@name": "test_account_banned_opcode[COINBASE-CALL:>]",
          "@time": "0.484"
        },
        {
          "@classname": "tests.single.opbanning.test_op_banning",
          "@name": "test_account_banned_opcode[COINBASE-DELEGATECALL:>]",
          "@time": "0.397"
        },
        {
          "@classname": "tests.single.opbanning.test_op_banning",
          "@name": "test_account_banned_opcode[DIFFICULTY-]",
          "@time": "0.260"
        },
        {
          "@classname": "tests.single.opbanning.test_op_banning",
          "@name": "test_account_banned_opcode[DIFFICULTY-CALL:>]",
          "@time": "0.485"
        },
        {
          "@classname": "tests.single.opbanning.test_op_banning",
          "@name": "test_account_banned_opcode[DIFFICULTY-DELEGATECALL:>]",
          "@time": "0.408"
        },
        {
          "@classname": "tests.single.opbanning.test_op_banning",
          "@name": "test_account_banned_opcode[BASEFEE-]",
          "@time": "0.323"
        },
        {
          "@classname": "tests.single.opbanning.test_op_banning",
          "@name": "test_account_banned_opcode[BASEFEE-CALL:>]",
          "@time": "0.378"
        },
        {
          "@classname": "tests.single.opbanning.test_op_banning",
          "@name": "test_account_banned_opcode[BASEFEE-DELEGATECALL:>]",
          "@time": "0.497"
        },
        {
          "@classname": "tests.single.opbanning.test_op_banning",
          "@name": "test_account_banned_opcode[GASLIMIT-]",
          "@time": "0.219"
        },
        {
          "@classname": "tests.single.opbanning.test_op_banning",
          "@name": "test_account_banned_opcode[GASLIMIT-CALL:>]",
          "@time": "0.425"
        },
        {
          "@classname": "tests.single.opbanning.test_op_banning",
          "@name": "test_account_banned_opcode[GASLIMIT-DELEGATECALL:>]",
          "@time": "0.509"
        },
        {
          "@classname": "tests.single.opbanning.test_op_banning",
          "@name": "test_account_banned_opcode[GASPRICE-]",
          "@time": "0.328"
        },
        {
          "@classname": "tests.single.opbanning.test_op_banning",
          "@name": "test_account_banned_opcode[GASPRICE-CALL:>]",
          "@time": "0.390"
        },
        {
          "@classname": "tests.single.opbanning.test_op_banning",
          "@name": "test_account_banned_opcode[GASPRICE-DELEGATECALL:>]",
          "@time": "0.403"
        },
        {
          "@classname": "tests.single.opbanning.test_op_banning",
          "@name": "test_account_banned_opcode[SELFBALANCE-]",
          "@time": "0.373"
        },
        {
          "@classname": "tests.single.opbanning.test_op_banning",
          "@name": "test_account_banned_opcode[SELFBALANCE-CALL:>]",
          "@time": "0.517"
        },
        {
          "@classname": "tests.single.opbanning.test_op_banning",
          "@name": "test_account_banned_opcode[SELFBALANCE-DELEGATECALL:>]",
          "@time": "0.549"
        },
        {
          "@classname": "tests.single.opbanning.test_op_banning",
          "@name": "test_account_banned_opcode[BALANCE-]",
          "@time": "0.325"
        },
        {
          "@classname": "tests.single.opbanning.test_op_banning",
          "@name": "test_account_banned_opcode[BALANCE-CALL:>]",
          "@time": "0.487"
        },
        {
          "@classname": "tests.single.opbanning.test_op_banning",
          "@name": "test_account_banned_opcode[BALANCE-DELEGATECALL:>]",
          "@time": "0.506"
        },
        {
          "@classname": "tests.single.opbanning.test_op_banning",
          "@name": "test_account_banned_opcode[ORIGIN-]",
          "@time": "0.326"
        },
        {
          "@classname": "tests.single.opbanning.test_op_banning",
          "@name": "test_account_banned_opcode[ORIGIN-CALL:>]",
          "@time": "0.478"
        },
        {
          "@classname": "tests.single.opbanning.test_op_banning",
          "@name": "test_account_banned_opcode[ORIGIN-DELEGATECALL:>]",
          "@time": "0.400"
        },
        {
          "@classname": "tests.single.opbanning.test_op_banning",
          "@name": "test_account_banned_opcode[BLOCKHASH-]",
          "@time": "0.222"
        },
        {
          "@classname": "tests.single.opbanning.test_op_banning",
          "@name": "test_account_banned_opcode[BLOCKHASH-CALL:>]",
          "@time": "0.490"
        },
        {
          "@classname": "tests.single.opbanning.test_op_banning",
          "@name": "test_account_banned_opcode[BLOCKHASH-DELEGATECALL:>]",
          "@time": "0.520"
        },
        {
          "@classname": "tests.single.opbanning.test_op_banning",
          "@name": "test_account_banned_opcode[CREATE-]",
          "@time": "0.241"
        },
        {
          "@classname": "tests.single.opbanning.test_op_banning",
          "@name": "test_account_banned_opcode[CREATE-CALL:>]",
          "@time": "0.495"
        },
        {
          "@classname": "tests.single.opbanning.test_op_banning",
          "@name": "test_account_banned_opcode[CREATE-DELEGATECALL:>]",
          "@time": "0.421"
        },
        {
          "@classname": "tests.single.opbanning.test_op_banning",
          "@name": "test_account_banned_opcode[CREATE2-]",
          "@time": "0.248"
        },
        {
          "@classname": "tests.single.opbanning.test_op_banning",
          "@name": "test_account_banned_opcode[CREATE2-CALL:>]",
          "@time": "0.404"
        },
        {
          "@classname": "tests.single.opbanning.test_op_banning",
          "@name": "test_account_banned_opcode[CREATE2-DELEGATECALL:>]",
          "@time": "0.514"
        },
        {
          "@classname": "tests.single.opbanning.test_op_banning",
          "@name": "test_account_banned_opcode[SELFDESTRUCT-]",
          "@time": "0.346"
        },
        {
          "@classname": "tests.single.opbanning.test_op_banning",
          "@name": "test_account_banned_opcode[SELFDESTRUCT-CALL:>]",
          "@time": "0.411"
        },
        {
          "@classname": "tests.single.opbanning.test_op_banning",
          "@name": "test_account_banned_opcode[SELFDESTRUCT-DELEGATECALL:>]",
          "@time": "0.436"
        },
        {
          "@classname": "tests.single.opbanning.test_op_banning",
          "@name": "test_account_banned_opcode[BLOBHASH-]",
          "@time": "0.339",
          "failure": {
            "@message": "AttributeError: expected error object, got:\nOk(result='0x0a2f550f3b614324b9590546f4af19b5740dc4a1265af15fc3b84c0e63f4b238', id=806)",
            "#text": "tests/utils.py:206: in assert_rpc_error\n    assert response.code == code\nE   AttributeError: 'Ok' object has no attribute 'code'\n\nThe above exception was the direct cause of the following exception:\ntests/single/opbanning/test_op_banning.py:55: in test_account_banned_opcode\n    assert_rpc_error(\ntests/utils.py:211: in assert_rpc_error\n    raise AttributeError(f\"expected error object, got:\\n{response}\") from exc\nE   AttributeError: expected error object, got:\nE   Ok(result='0x0a2f550f3b614324b9590546f4af19b5740dc4a1265af15fc3b84c0e63f4b238', id=806)"
          },
          "system-out": "--------------------------------- Captured Log ---------------------------------\n\n--------------------------------- Captured Out ---------------------------------",
          "system-err": "--------------------------------- Captured Err ---------------------------------"
        },
        {
          "@classname": "tests.single.opbanning.test_op_banning",
          "@name": "test_account_banned_opcode[BLOBHASH-CALL:>]",
          "@time": "0.401",
          "failure": {
            "@message": "AttributeError: expected error object, got:\nOk(result='0xce47d929e98961022c83a486c4ca7e9a09d97c01bd44c3e4a2becae0955d9640', id=808)",
            "#text": "tests/utils.py:206: in assert_rpc_error\n    assert response.code == code\nE   AttributeError: 'Ok' object has no attribute 'code'\n\nThe above exception was the direct cause of the following exception:\ntests/single/opbanning/test_op_banning.py:55: in test_account_banned_opcode\n    assert_rpc_error(\ntests/utils.py:211: in assert_rpc_error\n    raise AttributeError(f\"expected error object, got:\\n{response}\") from exc\nE   AttributeError: expected error object, got:\nE   Ok(result='0xce47d929e98961022c83a486c4ca7e9a09d97c01bd44c3e4a2becae0955d9640', id=808)"
          },
          "system-out": "--------------------------------- Captured Log ---------------------------------\n\n--------------------------------- Captured Out ---------------------------------",
          "system-err": "--------------------------------- Captured Err ---------------------------------"
        },
        {
          "@classname": "tests.single.opbanning.test_op_banning",
          "@name": "test_account_banned_opcode[BLOBHASH-DELEGATECALL:>]",
          "@time": "0.418",
          "failure": {
            "@message": "AttributeError: expected error object, got:\nOk(result='0xb1face019e872ccea4dc35f784314f27f7133139311291a5e60ad6b8907e60e4', id=810)",
            "#text": "tests/utils.py:206: in assert_rpc_error\n    assert response.code == code\nE   AttributeError: 'Ok' object has no attribute 'code'\n\nThe above exception was the direct cause of the following exception:\ntests/single/opbanning/test_op_banning.py:55: in test_account_banned_opcode\n    assert_rpc_error(\ntests/utils.py:211: in assert_rpc_error\n    raise AttributeError(f\"expected error object, got:\\n{response}\") from exc\nE   AttributeError: expected error object, got:\nE   Ok(result='0xb1face019e872ccea4dc35f784314f27f7133139311291a5e60ad6b8907e60e4', id=810)"
          },
          "system-out": "--------------------------------- Captured Log ---------------------------------\n\n--------------------------------- Captured Out ---------------------------------",
          "system-err": "--------------------------------- Captured Err ---------------------------------"
        },
        {
          "@classname": "tests.single.opbanning.test_op_banning",
          "@name": "test_account_banned_opcode[BLOBBASEFEE-]",
          "@time": "0.341",
          "failure": {
            "@message": "AttributeError: expected error object, got:\nOk(result='0xb90d4f2f00a2cbe17a309215788ea08e864cc66abc2deaa6578d9a197fe39713', id=812)",
            "#text": "tests/utils.py:206: in assert_rpc_error\n    assert response.code == code\nE   AttributeError: 'Ok' object has no attribute 'code'\n\nThe above exception was the direct cause of the following exception:\ntests/single/opbanning/test_op_banning.py:55: in test_account_banned_opcode\n    assert_rpc_error(\ntests/utils.py:211: in assert_rpc_error\n    raise AttributeError(f\"expected error object, got:\\n{response}\") from exc\nE   AttributeError: expected error object, got:\nE   Ok(result='0xb90d4f2f00a2cbe17a309215788ea08e864cc66abc2deaa6578d9a197fe39713', id=812)"
          },
          "system-out": "--------------------------------- Captured Log ---------------------------------\n\n--------------------------------- Captured Out ---------------------------------",
          "system-err": "--------------------------------- Captured Err ---------------------------------"
        },
        {
          "@classname": "tests.single.opbanning.test_op_banning",
          "@name": "test_account_banned_opcode[BLOBBASEFEE-CALL:>]",
          "@time": "0.501",
          "failure": {
            "@message": "AttributeError: expected error object, got:\nOk(result='0x3bd7594f88645cdd0c6db8979ad9d0a75775064e512a1523c9e3017e2af7bcc9', id=814)",
            "#text": "tests/utils.py:206: in assert_rpc_error\n    assert response.code == code\nE   AttributeError: 'Ok' object has no attribute 'code'\n\nThe above exception was the direct cause of the following exception:\ntests/single/opbanning/test_op_banning.py:55: in test_account_banned_opcode\n    assert_rpc_error(\ntests/utils.py:211: in assert_rpc_error\n    raise AttributeError(f\"expected error object, got:\\n{response}\") from exc\nE   AttributeError: expected error object, got:\nE   Ok(result='0x3bd7594f88645cdd0c6db8979ad9d0a75775064e512a1523c9e3017e2af7bcc9', id=814)"
          },
          "system-out": "--------------------------------- Captured Log ---------------------------------\n\n--------------------------------- Captured Out ---------------------------------",
          "system-err": "--------------------------------- Captured Err ---------------------------------"
        },
        {
          "@classname": "tests.single.opbanning.test_op_banning",
          "@name": "test_account_banned_opcode[BLOBBASEFEE-DELEGATECALL:>]",
          "@time": "0.525",
          "failure": {
            "@message": "AttributeError: expected error object, got:\nOk(result='0x3e028acdae309d8dd7a89f97025afa8601c0aec2c0663cf244f3046b1f242996', id=816)",
            "#text": "tests/utils.py:206: in assert_rpc_error\n    assert response.code == code\nE   AttributeError: 'Ok' object has no attribute 'code'\n\nThe above exception was the direct cause of the following exception:\ntests/single/opbanning/test_op_banning.py:55: in test_account_banned_opcode\n    assert_rpc_error(\ntests/utils.py:211: in assert_rpc_error\n    raise AttributeError(f\"expected error object, got:\\n{response}\") from exc\nE   AttributeError: expected error object, got:\nE   Ok(result='0x3e028acdae309d8dd7a89f97025afa8601c0aec2c0663cf244f3046b1f242996', id=816)"
          },
          "system-out": "--------------------------------- Captured Log ---------------------------------\n\n--------------------------------- Captured Out ---------------------------------",
          "system-err": "--------------------------------- Captured Err ---------------------------------"
        },
        {
          "@classname": "tests.single.opbanning.test_op_banning",
          "@name": "test_account_allowed_opcode_when_staked[BALANCE-]",
          "@time": "0.247",
          "failure": {
            "@message": "AttributeError: expected result object, got:\nError(code=-32502, message='account uses banned opcode: BALANCE', data=None, id=818)",
            "#text": "tests/utils.py:199: in assert_ok\n    assert response.result\nE   AttributeError: 'Error' object has no attribute 'result'\n\nThe above exception was the direct cause of the following exception:\ntests/single/opbanning/test_op_banning.py:69: in test_account_allowed_opcode_when_staked\n    assert_ok(response)\ntests/utils.py:201: in assert_ok\n    raise AttributeError(f\"expected result object, got:\\n{response}\") from exc\nE   AttributeError: expected result object, got:\nE   Error(code=-32502, message='account uses banned opcode: BALANCE', data=None, id=818)"
          },
          "system-out": "--------------------------------- Captured Log ---------------------------------\n\n--------------------------------- Captured Out ---------------------------------",
          "system-err": "--------------------------------- Captured Err ---------------------------------"
        },
        {
          "@classname": "tests.single.opbanning.test_op_banning",
          "@name": "test_account_allowed_opcode_when_staked[BALANCE-CALL:>]",
          "@time": "0.458",
          "failure": {
            "@message": "AttributeError: expected result object, got:\nError(code=-32502, message='account uses banned opcode: BALANCE', data=None, id=820)",
            "#text": "tests/utils.py:199: in assert_ok\n    assert response.result\nE   AttributeError: 'Error' object has no attribute 'result'\n\nThe above exception was the direct cause of the following exception:\ntests/single/opbanning/test_op_banning.py:69: in test_account_allowed_opcode_when_staked\n    assert_ok(response)\ntests/utils.py:201: in assert_ok\n    raise AttributeError(f\"expected result object, got:\\n{response}\") from exc\nE   AttributeError: expected result object, got:\nE   Error(code=-32502, message='account uses banned opcode: BALANCE', data=None, id=820)"
          },
          "system-out": "--------------------------------- Captured Log ---------------------------------\n\n--------------------------------- Captured Out ---------------------------------",
          "system-err": "--------------------------------- Captured Err ---------------------------------"
        },
        {
          "@classname": "tests.single.opbanning.test_op_banning",
          "@name": "test_account_allowed_opcode_when_staked[BALANCE-DELEGATECALL:>]",
          "@time": "0.431",
          "failure": {
            "@message": "AttributeError: expected result object, got:\nError(code=-32502, message='account uses banned opcode: BALANCE', data=None, id=822)",
            "#text": "tests/utils.py:199: in assert_ok\n    assert response.result\nE   AttributeError: 'Error' object has no attribute 'result'\n\nThe above exception was the direct cause of the following exception:\ntests/single/opbanning/test_op_banning.py:69: in test_account_allowed_opcode_when_staked\n    assert_ok(response)\ntests/utils.py:201: in assert_ok\n    raise AttributeError(f\"expected result object, got:\\n{response}\") from exc\nE   AttributeError: expected result object, got:\nE   Error(code=-32502, message='account uses banned opcode: BALANCE', data=None, id=822)"
          },
          "system-out": "--------------------------------- Captured Log ---------------------------------\n\n--------------------------------- Captured Out ---------------------------------",
          "system-err": "--------------------------------- Captured Err ---------------------------------"
        },
        {
          "@classname": "tests.single.opbanning.test_op_banning",
          "@name": "test_account_allowed_opcode_when_staked[SELFBALANCE-]",
          "@time": "0.366",
          "failure": {
            "@message": "AttributeError: expected result object, got:\nError(code=-32502, message='account uses banned opcode: SELFBALANCE', data=None, id=824)",
            "#text": "tests/utils.py:199: in assert_ok\n    assert response.result\nE   AttributeError: 'Error' object has no attribute 'result'\n\nThe above exception was the direct cause of the following exception:\ntests/single/opbanning/test_op_banning.py:69: in test_account_allowed_opcode_when_staked\n    assert_ok(response)\ntests/utils.py:201: in assert_ok\n    raise AttributeError(f\"expected result object, got:\\n{response}\") from exc\nE   AttributeError: expected result object, got:\nE   Error(code=-32502, message='account uses banned opcode: SELFBALANCE', data=None, id=824)"
          },
          "system-out": "--------------------------------- Captured Log ---------------------------------\n\n--------------------------------- Captured Out ---------------------------------",
          "system-err": "--------------------------------- Captured Err ---------------------------------"
        },
        {
          "@classname": "tests.single.opbanning.test_op_banning",
          "@name": "test_account_allowed_opcode_when_staked[SELFBALANCE-CALL:>]",
          "@time": "0.585",
          "failure": {
            "@message": "AttributeError: expected result object, got:\nError(code=-32502, message='account uses banned opcode: SELFBALANCE', data=None, id=826)",
            "#text": "tests/utils.py:199: in assert_ok\n    assert response.result\nE   AttributeError: 'Error' object has no attribute 'result'\n\nThe above exception was the direct cause of the following exception:\ntests/single/opbanning/test_op_banning.py:69: in test_account_allowed_opcode_when_staked\n    assert_ok(response)\ntests/utils.py:201: in assert_ok\n    raise AttributeError(f\"expected result object, got:\\n{response}\") from exc\nE   AttributeError: expected result object, got:\nE   Error(code=-32502, message='account uses banned opcode: SELFBALANCE', data=None, id=826)"
          },
          "system-out": "--------------------------------- Captured Log ---------------------------------\n\n--------------------------------- Captured Out ---------------------------------",
          "system-err": "--------------------------------- Captured Err ---------------------------------"
        },
        {
          "@classname": "tests.single.opbanning.test_op_banning",
          "@name": "test_account_allowed_opcode_when_staked[SELFBALANCE-DELEGATECALL:>]",
          "@time": "0.559",
          "failure": {
            "@message": "AttributeError: expected result object, got:\nError(code=-32502, message='account uses banned opcode: SELFBALANCE', data=None, id=828)",
            "#text": "tests/utils.py:199: in assert_ok\n    assert response.result\nE   AttributeError: 'Error' object has no attribute 'result'\n\nThe above exception was the direct cause of the following exception:\ntests/single/opbanning/test_op_banning.py:69: in test_account_allowed_opcode_when_staked\n    assert_ok(response)\ntests/utils.py:201: in assert_ok\n    raise AttributeError(f\"expected result object, got:\\n{response}\") from exc\nE   AttributeError: expected result object, got:\nE   Error(code=-32502, message='account uses banned opcode: SELFBALANCE', data=None, id=828)"
          },
          "system-out": "--------------------------------- Captured Log ---------------------------------\n\n--------------------------------- Captured Out ---------------------------------",
          "system-err": "--------------------------------- Captured Err ---------------------------------"
        },
        {
          "@classname": "tests.single.opbanning.test_op_banning",
          "@name": "test_account_allowed_opcode_sequence[GAS CALL-]",
          "@time": "0.370"
        },
        {
          "@classname": "tests.single.opbanning.test_op_banning",
          "@name": "test_account_allowed_opcode_sequence[GAS CALL-CALL:>]",
          "@time": "0.428"
        },
        {
          "@classname": "tests.single.opbanning.test_op_banning",
          "@name": "test_account_allowed_opcode_sequence[GAS CALL-DELEGATECALL:>]",
          "@time": "0.551"
        },
        {
          "@classname": "tests.single.opbanning.test_op_banning",
          "@name": "test_account_allowed_opcode_sequence[GAS DELEGATECALL-]",
          "@time": "0.266"
        },
        {
          "@classname": "tests.single.opbanning.test_op_banning",
          "@name": "test_account_allowed_opcode_sequence[GAS DELEGATECALL-CALL:>]",
          "@time": "0.553"
        },
        {
          "@classname": "tests.single.opbanning.test_op_banning",
          "@name": "test_account_allowed_opcode_sequence[GAS DELEGATECALL-DELEGATECALL:>]",
          "@time": "0.476"
        },
        {
          "@classname": "tests.single.opbanning.test_op_banning",
          "@name": "test_paymaster_banned_opcode[GAS-]",
          "@time": "0.369"
        },
        {
          "@classname": "tests.single.opbanning.test_op_banning",
          "@name": "test_paymaster_banned_opcode[GAS-CALL:>]",
          "@time": "0.540"
        },
        {
          "@classname": "tests.single.opbanning.test_op_banning",
          "@name": "test_paymaster_banned_opcode[GAS-DELEGATECALL:>]",
          "@time": "0.534"
        },
        {
          "@classname": "tests.single.opbanning.test_op_banning",
          "@name": "test_paymaster_banned_opcode[NUMBER-]",
          "@time": "0.373"
        },
        {
          "@classname": "tests.single.opbanning.test_op_banning",
          "@name": "test_paymaster_banned_opcode[NUMBER-CALL:>]",
          "@time": "0.585"
        },
        {
          "@classname": "tests.single.opbanning.test_op_banning",
          "@name": "test_paymaster_banned_opcode[NUMBER-DELEGATECALL:>]",
          "@time": "0.672"
        },
        {
          "@classname": "tests.single.opbanning.test_op_banning",
          "@name": "test_paymaster_banned_opcode[TIMESTAMP-]",
          "@time": "0.301"
        },
        {
          "@classname": "tests.single.opbanning.test_op_banning",
          "@name": "test_paymaster_banned_opcode[TIMESTAMP-CALL:>]",
          "@time": "0.619"
        },
        {
          "@classname": "tests.single.opbanning.test_op_banning",
          "@name": "test_paymaster_banned_opcode[TIMESTAMP-DELEGATECALL:>]",
          "@time": "0.718"
        },
        {
          "@classname": "tests.single.opbanning.test_op_banning",
          "@name": "test_paymaster_banned_opcode[COINBASE-]",
          "@time": "0.391"
        },
        {
          "@classname": "tests.single.opbanning.test_op_banning",
          "@name": "test_paymaster_banned_opcode[COINBASE-CALL:>]",
          "@time": "0.618"
        },
        {
          "@classname": "tests.single.opbanning.test_op_banning",
          "@name": "test_paymaster_banned_opcode[COINBASE-DELEGATECALL:>]",
          "@time": "0.696"
        },
        {
          "@classname": "tests.single.opbanning.test_op_banning",
          "@name": "test_paymaster_banned_opcode[DIFFICULTY-]",
          "@time": "0.441"
        },
        {
          "@classname": "tests.single.opbanning.test_op_banning",
          "@name": "test_paymaster_banned_opcode[DIFFICULTY-CALL:>]",
          "@time": "0.641"
        },
        {
          "@classname": "tests.single.opbanning.test_op_banning",
          "@name": "test_paymaster_banned_opcode[DIFFICULTY-DELEGATECALL:>]",
          "@time": "0.720"
        },
        {
          "@classname": "tests.single.opbanning.test_op_banning",
          "@name": "test_paymaster_banned_opcode[BASEFEE-]",
          "@time": "0.394"
        },
        {
          "@classname": "tests.single.opbanning.test_op_banning",
          "@name": "test_paymaster_banned_opcode[BASEFEE-CALL:>]",
          "@time": "0.598"
        },
        {
          "@classname": "tests.single.opbanning.test_op_banning",
          "@name": "test_paymaster_banned_opcode[BASEFEE-DELEGATECALL:>]",
          "@time": "0.696"
        },
        {
          "@classname": "tests.single.opbanning.test_op_banning",
          "@name": "test_paymaster_banned_opcode[GASLIMIT-]",
          "@time": "0.405"
        },
        {
          "@classname": "tests.single.opbanning.test_op_banning",
          "@name": "test_paymaster_banned_opcode[GASLIMIT-CALL:>]",
          "@time": "0.614"
        },
        {
          "@classname": "tests.single.opbanning.test_op_banning",
          "@name": "test_paymaster_banned_opcode[GASLIMIT-DELEGATECALL:>]",
          "@time": "0.711"
        },
        {
          "@classname": "tests.single.opbanning.test_op_banning",
          "@name": "test_paymaster_banned_opcode[GASPRICE-]",
          "@time": "0.404"
        },
        {
          "@classname": "tests.single.opbanning.test_op_banning",
          "@name": "test_paymaster_banned_opcode[GASPRICE-CALL:>]",
          "@time": "0.623"
        },
        {
          "@classname": "tests.single.opbanning.test_op_banning",
          "@name": "test_paymaster_banned_opcode[GASPRICE-DELEGATECALL:>]",
          "@time": "0.749"
        },
        {
          "@classname": "tests.single.opbanning.test_op_banning",
          "@name": "test_paymaster_banned_opcode[SELFBALANCE-]",
          "@time": "0.461"
        },
        {
          "@classname": "tests.single.opbanning.test_op_banning",
          "@name": "test_paymaster_banned_opcode[SELFBALANCE-CALL:>]",
          "@time": "0.688"
        },
        {
          "@classname": "tests.single.opbanning.test_op_banning",
          "@name": "test_paymaster_banned_opcode[SELFBALANCE-DELEGATECALL:>]",
          "@time": "0.759"
        },
        {
          "@classname": "tests.single.opbanning.test_op_banning",
          "@name": "test_paymaster_banned_opcode[BALANCE-]",
          "@time": "0.395"
        },
        {
          "@classname": "tests.single.opbanning.test_op_banning",
          "@name": "test_paymaster_banned_opcode[BALANCE-CALL:>]",
          "@time": "0.605"
        },
        {
          "@classname": "tests.single.opbanning.test_op_banning",
          "@name": "test_paymaster_banned_opcode[BALANCE-DELEGATECALL:>]",
          "@time": "0.710"
        },
        {
          "@classname": "tests.single.opbanning.test_op_banning",
          "@name": "test_paymaster_banned_opcode[ORIGIN-]",
          "@time": "0.386"
        },
        {
          "@classname": "tests.single.opbanning.test_op_banning",
          "@name": "test_paymaster_banned_opcode[ORIGIN-CALL:>]",
          "@time": "0.586"
        },
        {
          "@classname": "tests.single.opbanning.test_op_banning",
          "@name": "test_paymaster_banned_opcode[ORIGIN-DELEGATECALL:>]",
          "@time": "0.691"
        },
        {
          "@classname": "tests.single.opbanning.test_op_banning",
          "@name": "test_paymaster_banned_opcode[BLOCKHASH-]",
          "@time": "0.317"
        },
        {
          "@classname": "tests.single.opbanning.test_op_banning",
          "@name": "test_paymaster_banned_opcode[BLOCKHASH-CALL:>]",
          "@time": "0.639"
        },
        {
          "@classname": "tests.single.opbanning.test_op_banning",
          "@name": "test_paymaster_banned_opcode[BLOCKHASH-DELEGATECALL:>]",
          "@time": "0.727"
        },
        {
          "@classname": "tests.single.opbanning.test_op_banning",
          "@name": "test_paymaster_banned_opcode[CREATE-]",
          "@time": "0.407"
        },
        {
          "@classname": "tests.single.opbanning.test_op_banning",
          "@name": "test_paymaster_banned_opcode[CREATE-CALL:>]",
          "@time": "0.636"
        },
        {
          "@classname": "tests.single.opbanning.test_op_banning",
          "@name": "test_paymaster_banned_opcode[CREATE-DELEGATECALL:>]",
          "@time": "0.704"
        },
        {
          "@classname": "tests.single.opbanning.test_op_banning",
          "@name": "test_paymaster_banned_opcode[CREATE2-]",
          "@time": "0.420"
        },
        {
          "@classname": "tests.single.opbanning.test_op_banning",
          "@name": "test_paymaster_banned_opcode[CREATE2-CALL:>]",
          "@time": "0.626"
        },
        {
          "@classname": "tests.single.opbanning.test_op_banning",
          "@name": "test_paymaster_banned_opcode[CREATE2-DELEGATECALL:>]",
          "@time": "0.713"
        },
        {
          "@classname": "tests.single.opbanning.test_op_banning",
          "@name": "test_paymaster_banned_opcode[SELFDESTRUCT-]",
          "@time": "0.455"
        },
        {
          "@classname": "tests.single.opbanning.test_op_banning",
          "@name": "test_paymaster_banned_opcode[SELFDESTRUCT-CALL:>]",
          "@time": "0.680"
        },
        {
          "@classname": "tests.single.opbanning.test_op_banning",
          "@name": "test_paymaster_banned_opcode[SELFDESTRUCT-DELEGATECALL:>]",
          "@time": "0.781"
        },
        {
          "@classname": "tests.single.opbanning.test_op_banning",
          "@name": "test_paymaster_banned_opcode[BLOBHASH-]",
          "@time": "0.422",
          "failure": {
            "@message": "AttributeError: expected error object, got:\nOk(result='0x9678c00e22be42109111c349723fb2f2c30fd8feffc9f4e0e035e733962c05e0', id=932)",
            "#text": "tests/utils.py:206: in assert_rpc_error\n    assert response.code == code\nE   AttributeError: 'Ok' object has no attribute 'code'\n\nThe above exception was the direct cause of the following exception:\ntests/single/opbanning/test_op_banning.py:96: in test_paymaster_banned_opcode\n    assert_rpc_error(\ntests/utils.py:211: in assert_rpc_error\n    raise AttributeError(f\"expected error object, got:\\n{response}\") from exc\nE   AttributeError: expected error object, got:\nE   Ok(result='0x9678c00e22be42109111c349723fb2f2c30fd8feffc9f4e0e035e733962c05e0', id=932)"
          },
          "system-out": "--------------------------------- Captured Log ---------------------------------\n\n--------------------------------- Captured Out ---------------------------------",
          "system-err": "--------------------------------- Captured Err ---------------------------------"
        },
        {
          "@classname": "tests.single.opbanning.test_op_banning",
          "@name": "test_paymaster_banned_opcode[BLOBHASH-CALL:>]",
          "@time": "0.643",
          "failure": {
            "@message": "AttributeError: expected error object, got:\nOk(result='0x81a8b0be872d21c18057218971b6c9fc39b5816f89394aa8816080212ee40e9c', id=934)",
            "#text": "tests/utils.py:206: in assert_rpc_error\n    assert response.code == code\nE   AttributeError: 'Ok' object has no attribute 'code'\n\nThe above exception was the direct cause of the following exception:\ntests/single/opbanning/test_op_banning.py:96: in test_paymaster_banned_opcode\n    assert_rpc_error(\ntests/utils.py:211: in assert_rpc_error\n    raise AttributeError(f\"expected error object, got:\\n{response}\") from exc\nE   AttributeError: expected error object, got:\nE   Ok(result='0x81a8b0be872d21c18057218971b6c9fc39b5816f89394aa8816080212ee40e9c', id=934)"
          },
          "system-out": "--------------------------------- Captured Log ---------------------------------\n\n--------------------------------- Captured Out ---------------------------------",
          "system-err": "--------------------------------- Captured Err ---------------------------------"
        },
        {
          "@classname": "tests.single.opbanning.test_op_banning",
          "@name": "test_paymaster_banned_opcode[BLOBHASH-DELEGATECALL:>]",
          "@time": "0.736",
          "failure": {
            "@message": "AttributeError: expected error object, got:\nOk(result='0xafde5f91f453bd4b897707378916617e5c47d8bcbdf0e1a09c1aae27d1687be5', id=936)",
            "#text": "tests/utils.py:206: in assert_rpc_error\n    assert response.code == code\nE   AttributeError: 'Ok' object has no attribute 'code'\n\nThe above exception was the direct cause of the following exception:\ntests/single/opbanning/test_op_banning.py:96: in test_paymaster_banned_opcode\n    assert_rpc_error(\ntests/utils.py:211: in assert_rpc_error\n    raise AttributeError(f\"expected error object, got:\\n{response}\") from exc\nE   AttributeError: expected error object, got:\nE   Ok(result='0xafde5f91f453bd4b897707378916617e5c47d8bcbdf0e1a09c1aae27d1687be5', id=936)"
          },
          "system-out": "--------------------------------- Captured Log ---------------------------------\n\n--------------------------------- Captured Out ---------------------------------",
          "system-err": "--------------------------------- Captured Err ---------------------------------"
        },
        {
          "@classname": "tests.single.opbanning.test_op_banning",
          "@name": "test_paymaster_banned_opcode[BLOBBASEFEE-]",
          "@time": "0.448",
          "failure": {
            "@message": "AttributeError: expected error object, got:\nOk(result='0x1e8ea431f7727f288249114939ba6382c40128b36023cb6085bbfcf123a6f343', id=938)",
            "#text": "tests/utils.py:206: in assert_rpc_error\n    assert response.code == code\nE   AttributeError: 'Ok' object has no attribute 'code'\n\nThe above exception was the direct cause of the following exception:\ntests/single/opbanning/test_op_banning.py:96: in test_paymaster_banned_opcode\n    assert_rpc_error(\ntests/utils.py:211: in assert_rpc_error\n    raise AttributeError(f\"expected error object, got:\\n{response}\") from exc\nE   AttributeError: expected error object, got:\nE   Ok(result='0x1e8ea431f7727f288249114939ba6382c40128b36023cb6085bbfcf123a6f343', id=938)"
          },
          "system-out": "--------------------------------- Captured Log ---------------------------------\n\n--------------------------------- Captured Out ---------------------------------",
          "system-err": "--------------------------------- Captured Err ---------------------------------"
        },
        {
          "@classname": "tests.single.opbanning.test_op_banning",
          "@name": "test_paymaster_banned_opcode[BLOBBASEFEE-CALL:>]",
          "@time": "0.716",
          "failure": {
            "@message": "AttributeError: expected error object, got:\nOk(result='0xc662aad8a53d1d6aef82c82c18e9e7229f130a25789abb58072827e9a43e5f0a', id=940)",
            "#text": "tests/utils.py:206: in assert_rpc_error\n    assert response.code == code\nE   AttributeError: 'Ok' object has no attribute 'code'\n\nThe above exception was the direct cause of the following exception:\ntests/single/opbanning/test_op_banning.py:96: in test_paymaster_banned_opcode\n    assert_rpc_error(\ntests/utils.py:211: in assert_rpc_error\n    raise AttributeError(f\"expected error object, got:\\n{response}\") from exc\nE   AttributeError: expected error object, got:\nE   Ok(result='0xc662aad8a53d1d6aef82c82c18e9e7229f130a25789abb58072827e9a43e5f0a', id=940)"
          },
          "system-out": "--------------------------------- Captured Log ---------------------------------\n\n--------------------------------- Captured Out ---------------------------------",
          "system-err": "--------------------------------- Captured Err ---------------------------------"
        },
        {
          "@classname": "tests.single.opbanning.test_op_banning",
          "@name": "test_paymaster_banned_opcode[BLOBBASEFEE-DELEGATECALL:>]",
          "@time": "0.763",
          "failure": {
            "@message": "AttributeError: expected error object, got:\nOk(result='0xf699a98488d40a00657a12eb256b687661bef12fc8f5ecff3359585e278330f2', id=942)",
            "#text": "tests/utils.py:206: in assert_rpc_error\n    assert response.code == code\nE   AttributeError: 'Ok' object has no attribute 'code'\n\nThe above exception was the direct cause of the following exception:\ntests/single/opbanning/test_op_banning.py:96: in test_paymaster_banned_opcode\n    assert_rpc_error(\ntests/utils.py:211: in assert_rpc_error\n    raise AttributeError(f\"expected error object, got:\\n{response}\") from exc\nE   AttributeError: expected error object, got:\nE   Ok(result='0xf699a98488d40a00657a12eb256b687661bef12fc8f5ecff3359585e278330f2', id=942)"
          },
          "system-out": "--------------------------------- Captured Log ---------------------------------\n\n--------------------------------- Captured Out ---------------------------------",
          "system-err": "--------------------------------- Captured Err ---------------------------------"
        },
        {
          "@classname": "tests.single.opbanning.test_op_banning",
          "@name": "test_paymaster_allowed_opcode_when_staked[BALANCE]",
          "@time": "0.418",
          "failure": {
            "@message": "AttributeError: expected result object, got:\nError(code=-32502, message='paymaster uses banned opcode: BALANCE', data=None, id=944)",
            "#text": "tests/utils.py:199: in assert_ok\n    assert response.result\nE   AttributeError: 'Error' object has no attribute 'result'\n\nThe above exception was the direct cause of the following exception:\ntests/single/opbanning/test_op_banning.py:113: in test_paymaster_allowed_opcode_when_staked\n    assert_ok(response)\ntests/utils.py:201: in assert_ok\n    raise AttributeError(f\"expected result object, got:\\n{response}\") from exc\nE   AttributeError: expected result object, got:\nE   Error(code=-32502, message='paymaster uses banned opcode: BALANCE', data=None, id=944)"
          },
          "system-out": "--------------------------------- Captured Log ---------------------------------\n\n--------------------------------- Captured Out ---------------------------------",
          "system-err": "--------------------------------- Captured Err ---------------------------------"
        },
        {
          "@classname": "tests.single.opbanning.test_op_banning",
          "@name": "test_paymaster_allowed_opcode_when_staked[SELFBALANCE]",
          "@time": "0.472",
          "failure": {
            "@message": "AttributeError: expected result object, got:\nError(code=-32502, message='paymaster uses banned opcode: SELFBALANCE', data=None, id=946)",
            "#text": "tests/utils.py:199: in assert_ok\n    assert response.result\nE   AttributeError: 'Error' object has no attribute 'result'\n\nThe above exception was the direct cause of the following exception:\ntests/single/opbanning/test_op_banning.py:113: in test_paymaster_allowed_opcode_when_staked\n    assert_ok(response)\ntests/utils.py:201: in assert_ok\n    raise AttributeError(f\"expected result object, got:\\n{response}\") from exc\nE   AttributeError: expected result object, got:\nE   Error(code=-32502, message='paymaster uses banned opcode: SELFBALANCE', data=None, id=946)"
          },
          "system-out": "--------------------------------- Captured Log ---------------------------------\n\n--------------------------------- Captured Out ---------------------------------",
          "system-err": "--------------------------------- Captured Err ---------------------------------"
        },
        {
          "@classname": "tests.single.opbanning.test_op_banning",
          "@name": "test_factory_banned_opcode[GAS]",
          "@time": "0.388"
        },
        {
          "@classname": "tests.single.opbanning.test_op_banning",
          "@name": "test_factory_banned_opcode[NUMBER]",
          "@time": "0.362"
        },
        {
          "@classname": "tests.single.opbanning.test_op_banning",
          "@name": "test_factory_banned_opcode[TIMESTAMP]",
          "@time": "0.363"
        },
        {
          "@classname": "tests.single.opbanning.test_op_banning",
          "@name": "test_factory_banned_opcode[COINBASE]",
          "@time": "0.373"
        },
        {
          "@classname": "tests.single.opbanning.test_op_banning",
          "@name": "test_factory_banned_opcode[DIFFICULTY]",
          "@time": "0.265"
        },
        {
          "@classname": "tests.single.opbanning.test_op_banning",
          "@name": "test_factory_banned_opcode[BASEFEE]",
          "@time": "0.374"
        },
        {
          "@classname": "tests.single.opbanning.test_op_banning",
          "@name": "test_factory_banned_opcode[GASLIMIT]",
          "@time": "0.371"
        },
        {
          "@classname": "tests.single.opbanning.test_op_banning",
          "@name": "test_factory_banned_opcode[GASPRICE]",
          "@time": "0.372"
        },
        {
          "@classname": "tests.single.opbanning.test_op_banning",
          "@name": "test_factory_banned_opcode[SELFBALANCE]",
          "@time": "0.390"
        },
        {
          "@classname": "tests.single.opbanning.test_op_banning",
          "@name": "test_factory_banned_opcode[BALANCE]",
          "@time": "0.374"
        },
        {
          "@classname": "tests.single.opbanning.test_op_banning",
          "@name": "test_factory_banned_opcode[ORIGIN]",
          "@time": "0.371"
        },
        {
          "@classname": "tests.single.opbanning.test_op_banning",
          "@name": "test_factory_banned_opcode[BLOCKHASH]",
          "@time": "0.375"
        },
        {
          "@classname": "tests.single.opbanning.test_op_banning",
          "@name": "test_factory_banned_opcode[CREATE]",
          "@time": "0.386"
        },
        {
          "@classname": "tests.single.opbanning.test_op_banning",
          "@name": "test_factory_banned_opcode[CREATE2]",
          "@time": "0.390"
        },
        {
          "@classname": "tests.single.opbanning.test_op_banning",
          "@name": "test_factory_banned_opcode[SELFDESTRUCT]",
          "@time": "0.288"
        },
        {
          "@classname": "tests.single.opbanning.test_op_banning",
          "@name": "test_factory_banned_opcode[BLOBHASH]",
          "@time": "0.387",
          "failure": {
            "@message": "AttributeError: expected error object, got:\nOk(result='0x63c180e73df6e4e4b4c986d682d2965e8217c5cbdb4fb7e5b70f945638e3031a', id=978)",
            "#text": "tests/utils.py:206: in assert_rpc_error\n    assert response.code == code\nE   AttributeError: 'Ok' object has no attribute 'code'\n\nThe above exception was the direct cause of the following exception:\ntests/single/opbanning/test_op_banning.py:127: in test_factory_banned_opcode\n    assert_rpc_error(\ntests/utils.py:211: in assert_rpc_error\n    raise AttributeError(f\"expected error object, got:\\n{response}\") from exc\nE   AttributeError: expected error object, got:\nE   Ok(result='0x63c180e73df6e4e4b4c986d682d2965e8217c5cbdb4fb7e5b70f945638e3031a', id=978)"
          },
          "system-out": "--------------------------------- Captured Log ---------------------------------\n\n--------------------------------- Captured Out ---------------------------------",
          "system-err": "--------------------------------- Captured Err ---------------------------------"
        },
        {
          "@classname": "tests.single.opbanning.test_op_banning",
          "@name": "test_factory_banned_opcode[BLOBBASEFEE]",
          "@time": "0.391",
          "failure": {
            "@message": "AttributeError: expected error object, got:\nOk(result='0x7d6b56f231b4c66837cdf13cf54a029470ce18ea01fbc7ba6e2b4a5a16aeeb0a', id=980)",
            "#text": "tests/utils.py:206: in assert_rpc_error\n    assert response.code == code\nE   AttributeError: 'Ok' object has no attribute 'code'\n\nThe above exception was the direct cause of the following exception:\ntests/single/opbanning/test_op_banning.py:127: in test_factory_banned_opcode\n    assert_rpc_error(\ntests/utils.py:211: in assert_rpc_error\n    raise AttributeError(f\"expected error object, got:\\n{response}\") from exc\nE   AttributeError: expected error object, got:\nE   Ok(result='0x7d6b56f231b4c66837cdf13cf54a029470ce18ea01fbc7ba6e2b4a5a16aeeb0a', id=980)"
          },
          "system-out": "--------------------------------- Captured Log ---------------------------------\n\n--------------------------------- Captured Out ---------------------------------",
          "system-err": "--------------------------------- Captured Err ---------------------------------"
        },
        {
          "@classname": "tests.single.opbanning.test_op_banning",
          "@name": "test_factory_allowed_opcode_when_staked[BALANCE]",
          "@time": "0.398",
          "failure": {
            "@message": "AttributeError: expected result object, got:\nError(code=-32502, message='factory uses banned opcode: BALANCE', data=None, id=982)",
            "#text": "tests/utils.py:199: in assert_ok\n    assert response.result\nE   AttributeError: 'Error' object has no attribute 'result'\n\nThe above exception was the direct cause of the following exception:\ntests/single/opbanning/test_op_banning.py:153: in test_factory_allowed_opcode_when_staked\n    assert_ok(response)\ntests/utils.py:201: in assert_ok\n    raise AttributeError(f\"expected result object, got:\\n{response}\") from exc\nE   AttributeError: expected result object, got:\nE   Error(code=-32502, message='factory uses banned opcode: BALANCE', data=None, id=982)"
          },
          "system-out": "--------------------------------- Captured Log ---------------------------------\n\n--------------------------------- Captured Out ---------------------------------",
          "system-err": "--------------------------------- Captured Err ---------------------------------"
        },
        {
          "@classname": "tests.single.opbanning.test_op_banning",
          "@name": "test_factory_allowed_opcode_when_staked[SELFBALANCE]",
          "@time": "0.421",
          "failure": {
            "@message": "AttributeError: expected result object, got:\nError(code=-32502, message='factory uses banned opcode: SELFBALANCE', data=None, id=984)",
            "#text": "tests/utils.py:199: in assert_ok\n    assert response.result\nE   AttributeError: 'Error' object has no attribute 'result'\n\nThe above exception was the direct cause of the following exception:\ntests/single/opbanning/test_op_banning.py:153: in test_factory_allowed_opcode_when_staked\n    assert_ok(response)\ntests/utils.py:201: in assert_ok\n    raise AttributeError(f\"expected result object, got:\\n{response}\") from exc\nE   AttributeError: expected result object, got:\nE   Error(code=-32502, message='factory uses banned opcode: SELFBALANCE', data=None, id=984)"
          },
          "system-out": "--------------------------------- Captured Log ---------------------------------\n\n--------------------------------- Captured Out ---------------------------------",
          "system-err": "--------------------------------- Captured Err ---------------------------------"
        },
        {
          "@classname": "tests.single.reputation.test_erep",
          "@name": "test_paymaster_on_account_failure",
          "@time": "0.256",
          "failure": {
            "@message": "AttributeError: 'Error' object has no attribute 'result'",
            "#text": "tests/single/reputation/test_erep.py:71: in test_paymaster_on_account_failure\n    set_reputation(paymaster.address, ops_seen=5, ops_included=2)\ntests/utils.py:321: in set_reputation\n    assert res.result\nE   AttributeError: 'Error' object has no attribute 'result'"
          },
          "system-out": "--------------------------------- Captured Log ---------------------------------\n\n--------------------------------- Captured Out ---------------------------------",
          "system-err": "--------------------------------- Captured Err ---------------------------------"
        },
        {
          "@classname": "tests.single.reputation.test_erep",
          "@name": "test_staked_factory_on_account_failure",
          "@time": "1.900",
          "failure": {
            "@message": "AssertionError: assert 2 >= 10000\n +  where 2 = Reputation(address='0xbdc288f673c4d5ce45919476e93e9d9b5b0169e3', opsSeen=2, opsIncluded=0, status=0).opsSeen\n +    where Reputation(address='0xbdc288f673c4d5ce45919476e93e9d9b5b0169e3', opsSeen=2, opsIncluded=0, status=0) = get_reputation('0xBdc288F673C4d5Ce45919476E93e9D9b5B0169E3')\n +      where '0xBdc288F673C4d5Ce45919476E93e9D9b5B0169E3' = <web3._utils.datatypes.Contract object at 0x7f36cfe889d0>.address",
            "#text": "tests/single/reputation/test_erep.py:120: in test_staked_factory_on_account_failure\n    assert get_reputation(factory.address).opsSeen >= 10000\nE   AssertionError: assert 2 >= 10000\nE    +  where 2 = Reputation(address='0xbdc288f673c4d5ce45919476e93e9d9b5b0169e3', opsSeen=2, opsIncluded=0, status=0).opsSeen\nE    +    where Reputation(address='0xbdc288f673c4d5ce45919476e93e9d9b5b0169e3', opsSeen=2, opsIncluded=0, status=0) = get_reputation('0xBdc288F673C4d5Ce45919476E93e9D9b5B0169E3')\nE    +      where '0xBdc288F673C4d5Ce45919476E93e9D9b5B0169E3' = <web3._utils.datatypes.Contract object at 0x7f36cfe889d0>.address"
          },
          "system-out": "--------------------------------- Captured Log ---------------------------------\n\n--------------------------------- Captured Out ---------------------------------",
          "system-err": "--------------------------------- Captured Err ---------------------------------"
        },
        {
          "@classname": "tests.single.reputation.test_erep",
          "@name": "test_account_on_entity_failure[staked]",
          "@time": "0.521",
          "failure": {
            "@message": "AttributeError: expected result object, got:\nError(code=0, message='-32000::invalid block range params', data=None, id=1002)",
            "#text": "tests/utils.py:199: in assert_ok\n    assert response.result\nE   AttributeError: 'Error' object has no attribute 'result'\n\nThe above exception was the direct cause of the following exception:\ntests/single/reputation/test_erep.py:170: in test_account_on_entity_failure\n    send_bundle_now()\ntests/utils.py:230: in send_bundle_now\n    assert_ok(RPCRequest(method=\"debug_bundler_sendBundleNow\").send(url))\ntests/utils.py:201: in assert_ok\n    raise AttributeError(f\"expected result object, got:\\n{response}\") from exc\nE   AttributeError: expected result object, got:\nE   Error(code=0, message='-32000::invalid block range params', data=None, id=1002)"
          },
          "system-out": "--------------------------------- Captured Log ---------------------------------\n\n--------------------------------- Captured Out ---------------------------------\nstaking account <web3._utils.datatypes.Contract object at 0x7f36cf93a4d0>",
          "system-err": "--------------------------------- Captured Err ---------------------------------"
        },
        {
          "@classname": "tests.single.reputation.test_erep",
          "@name": "test_account_on_entity_failure[unstaked]",
          "@time": "0.449",
          "failure": {
            "@message": "AttributeError: expected result object, got:\nError(code=0, message='-32000::invalid block range params', data=None, id=1009)",
            "#text": "tests/utils.py:199: in assert_ok\n    assert response.result\nE   AttributeError: 'Error' object has no attribute 'result'\n\nThe above exception was the direct cause of the following exception:\ntests/single/reputation/test_erep.py:170: in test_account_on_entity_failure\n    send_bundle_now()\ntests/utils.py:230: in send_bundle_now\n    assert_ok(RPCRequest(method=\"debug_bundler_sendBundleNow\").send(url))\ntests/utils.py:201: in assert_ok\n    raise AttributeError(f\"expected result object, got:\\n{response}\") from exc\nE   AttributeError: expected result object, got:\nE   Error(code=0, message='-32000::invalid block range params', data=None, id=1009)"
          },
          "system-out": "--------------------------------- Captured Log ---------------------------------\n\n--------------------------------- Captured Out ---------------------------------\nunstaked account <web3._utils.datatypes.Contract object at 0x7f36cfe8a350>",
          "system-err": "--------------------------------- Captured Err ---------------------------------"
        },
        {
          "@classname": "tests.single.reputation.test_replace",
          "@name": "test_replace_paymaster",
          "@time": "0.605",
          "failure": {
            "@message": "AssertionError: replace with unmodified userop\nassert 2 == 1\n +  where 2 = pm_opsSeen('0x416dB7dee57595fD8cD1b06346A6f34869e890d8')\n +    where '0x416dB7dee57595fD8cD1b06346A6f34869e890d8' = <web3._utils.datatypes.Contract object at 0x7f36cfea81c0>.address",
            "#text": "tests/single/reputation/test_replace.py:37: in test_replace_paymaster\n    assert pm_opsSeen(pm1.address) == 1, \"replace with unmodified userop\"\nE   AssertionError: replace with unmodified userop\nE   assert 2 == 1\nE    +  where 2 = pm_opsSeen('0x416dB7dee57595fD8cD1b06346A6f34869e890d8')\nE    +    where '0x416dB7dee57595fD8cD1b06346A6f34869e890d8' = <web3._utils.datatypes.Contract object at 0x7f36cfea81c0>.address"
          },
          "system-out": "--------------------------------- Captured Log ---------------------------------\n\n--------------------------------- Captured Out ---------------------------------",
          "system-err": "--------------------------------- Captured Err ---------------------------------"
        },
        {
          "@classname": "tests.single.reputation.test_reputation",
          "@name": "test_staked_entity_reputation_threshold[with_factory]",
          "@time": "0.000",
          "skipped": {
            "@type": "pytest.skip",
            "@message": "skipped",
            "#text": "/home/runner/work/bundler-test-executor/bundler-test-executor/bundler-spec-tests/tests/single/reputation/test_reputation.py:61: skipped"
          },
          "system-out": "--------------------------------- Captured Log ---------------------------------\n\n--------------------------------- Captured Out ---------------------------------",
          "system-err": "--------------------------------- Captured Err ---------------------------------"
        },
        {
          "@classname": "tests.single.reputation.test_reputation",
          "@name": "test_staked_entity_reputation_threshold[without_factory]",
          "@time": "0.000",
          "skipped": {
            "@type": "pytest.skip",
            "@message": "skipped",
            "#text": "/home/runner/work/bundler-test-executor/bundler-test-executor/bundler-spec-tests/tests/single/reputation/test_reputation.py:61: skipped"
          },
          "system-out": "--------------------------------- Captured Log ---------------------------------\n\n--------------------------------- Captured Out ---------------------------------",
          "system-err": "--------------------------------- Captured Err ---------------------------------"
        },
        {
          "@classname": "tests.single.rpc.test_eth_chainId",
          "@name": "test_eth_chainId[]",
          "@time": "0.009"
        },
        {
          "@classname": "tests.single.rpc.test_eth_estimateUserOperationGas",
          "@name": "test_eth_estimateUserOperationGas[]",
          "@time": "0.036"
        },
        {
          "@classname": "tests.single.rpc.test_eth_estimateUserOperationGas",
          "@name": "test_eth_estimateUserOperationGas_execution_revert",
          "@time": "0.032"
        },
        {
          "@classname": "tests.single.rpc.test_eth_estimateUserOperationGas",
          "@name": "test_eth_estimateUserOperationGas_simulation_revert",
          "@time": "0.029"
        },
        {
          "@classname": "tests.single.rpc.test_eth_getUserOperationByHash",
          "@name": "test_eth_getUserOperationByHash[]",
          "@time": "1.270",
          "failure": {
            "@message": "AttributeError: 'Error' object has no attribute 'result'",
            "#text": "tests/single/rpc/test_eth_getUserOperationByHash.py:17: in test_eth_getUserOperationByHash\n    ) == userop_hash(helper_contract, userop), \"user operation mismatch\"\nE   AttributeError: 'Error' object has no attribute 'result'"
          },
          "system-out": "--------------------------------- Captured Log ---------------------------------\n\n--------------------------------- Captured Out ---------------------------------",
          "system-err": "--------------------------------- Captured Err ---------------------------------"
        },
        {
          "@classname": "tests.single.rpc.test_eth_getUserOperationByHash",
          "@name": "test_eth_getUserOperationByHash_error",
          "@time": "0.005"
        },
        {
          "@classname": "tests.single.rpc.test_eth_getUserOperationReceipt",
          "@name": "test_eth_getUserOperationReceipt[]",
          "@time": "1.299"
        },
        {
          "@classname": "tests.single.rpc.test_eth_getUserOperationReceipt",
          "@name": "test_eth_getUserOperationReceipt_error",
          "@time": "0.005"
        },
        {
          "@classname": "tests.single.rpc.test_eth_sendUserOperation",
          "@name": "test_eth_sendUserOperation[]",
          "@time": "1.268",
          "failure": {
            "@message": "AssertionError: assert '0x2be000d293...f0295bd2e8777' == '0x4a30ab6ca1...3bb50992ef4c8'\n  \n  - 0x4a30ab6ca19eefc1655075357c0daf7a8b58bfcad7eefc9376a3bb50992ef4c8\n  + 0x2be000d2933b7208be302d80e83ac08f05f56e3ce47f014b9d2f0295bd2e8777",
            "#text": "tests/single/rpc/test_eth_sendUserOperation.py:19: in test_eth_sendUserOperation\n    assert response.result == userop_hash(helper_contract, userop)\nE   AssertionError: assert '0x2be000d293...f0295bd2e8777' == '0x4a30ab6ca1...3bb50992ef4c8'\nE     \nE     - 0x4a30ab6ca19eefc1655075357c0daf7a8b58bfcad7eefc9376a3bb50992ef4c8\nE     + 0x2be000d2933b7208be302d80e83ac08f05f56e3ce47f014b9d2f0295bd2e8777"
          },
          "system-out": "--------------------------------- Captured Log ---------------------------------\n\n--------------------------------- Captured Out ---------------------------------",
          "system-err": "--------------------------------- Captured Err ---------------------------------"
        },
        {
          "@classname": "tests.single.rpc.test_eth_sendUserOperation",
          "@name": "test_eth_sendUserOperation_revert",
          "@time": "0.040",
          "failure": {
            "@message": "AttributeError: expected result object, got:\nError(code=0, message='-32000::invalid block range params', data=None, id=1043)",
            "#text": "tests/utils.py:199: in assert_ok\n    assert response.result\nE   AttributeError: 'Error' object has no attribute 'result'\n\nThe above exception was the direct cause of the following exception:\ntests/single/rpc/test_eth_sendUserOperation.py:29: in test_eth_sendUserOperation_revert\n    send_bundle_now()\ntests/utils.py:230: in send_bundle_now\n    assert_ok(RPCRequest(method=\"debug_bundler_sendBundleNow\").send(url))\ntests/utils.py:201: in assert_ok\n    raise AttributeError(f\"expected result object, got:\\n{response}\") from exc\nE   AttributeError: expected result object, got:\nE   Error(code=0, message='-32000::invalid block range params', data=None, id=1043)"
          },
          "system-out": "--------------------------------- Captured Log ---------------------------------\n\n--------------------------------- Captured Out ---------------------------------",
          "system-err": "--------------------------------- Captured Err ---------------------------------"
        },
        {
          "@classname": "tests.single.rpc.test_eth_sendUserOperation",
          "@name": "test_eth_sendUserOperation_invalid_signature",
          "@time": "0.028"
        },
        {
          "@classname": "tests.single.rpc.test_eth_supportedEntryPoints",
          "@name": "test_eth_supportedEntryPoints[]",
          "@time": "0.009"
        }
      ]
    }
  }
}
