Sun May 18 15:24:00 UTC 2025: starting bundler /home/runner/work/bundler-test-executor/bundler-test-executor/bundlers/transeptor/transeptor.yml, name=transeptor
Sun May 18 15:24:10 UTC 2025: started bundler /home/runner/work/bundler-test-executor/bundler-test-executor/bundlers/transeptor/transeptor.yml, name=transeptor
============================= test session starts ==============================
platform linux -- Python 3.10.16, pytest-8.3.1, pluggy-1.5.0
rootdir: /home/runner/work/bundler-test-executor/bundler-test-executor/bundler-spec-tests
configfile: pyproject.toml
collected 485 items / 1 skipped

tests/single/bundle/test_bundle.py .......sssssssss.....                 [  4%]
tests/single/bundle/test_codehash.py s                                   [  4%]
tests/single/bundle/test_paymaster.py .                                  [  4%]
tests/single/bundle/test_storage_rules.py .............................. [ 10%]
......FFF............................................................... [ 25%]
........................................................................ [ 40%]
........................FFFFFF.......................................... [ 55%]
.......................................                                  [ 63%]
tests/single/eip7702/test_eip7702_tuple_userop.py FFFFF.FF               [ 65%]
tests/single/gas/test_eip_7623.py F...                                   [ 65%]
tests/single/opbanning/test_create.py .....FFFFFF                        [ 68%]
tests/single/opbanning/test_op_banning.py .............................. [ 74%]
...............FFFFFF................................................... [ 89%]
......FFFFFF.................FF..                                        [ 96%]
tests/single/reputation/test_erep.py F.FF                                [ 96%]
tests/single/reputation/test_replace.py F                                [ 97%]
tests/single/reputation/test_reputation.py ss                            [ 97%]
tests/single/rpc/test_eth_chainId.py .                                   [ 97%]
tests/single/rpc/test_eth_estimateUserOperationGas.py ...                [ 98%]
tests/single/rpc/test_eth_getUserOperationByHash.py F.                   [ 98%]
tests/single/rpc/test_eth_getUserOperationReceipt.py ..                  [ 99%]
tests/single/rpc/test_eth_sendUserOperation.py ...                       [ 99%]
tests/single/rpc/test_eth_supportedEntryPoints.py .                      [100%]

=================================== FAILURES ===================================
___________ test_rule[[EREP-050]unstaked][paymaster][context][drop-] ___________
tests/single/bundle/test_storage_rules.py:864: in test_rule
    case.assert_func(response)
tests/single/bundle/test_storage_rules.py:21: in assert_error
    assert_rpc_error(response, response.message, RPCErrorCode.BANNED_OPCODE)
E   AttributeError: 'Ok' object has no attribute 'message'
________ test_rule[[EREP-050]unstaked][paymaster][context][drop-CALL:>] ________
tests/single/bundle/test_storage_rules.py:864: in test_rule
    case.assert_func(response)
tests/single/bundle/test_storage_rules.py:21: in assert_error
    assert_rpc_error(response, response.message, RPCErrorCode.BANNED_OPCODE)
E   AttributeError: 'Ok' object has no attribute 'message'
____ test_rule[[EREP-050]unstaked][paymaster][context][drop-DELEGATECALL:>] ____
tests/single/bundle/test_storage_rules.py:864: in test_rule
    case.assert_func(response)
tests/single/bundle/test_storage_rules.py:21: in assert_error
    assert_rpc_error(response, response.message, RPCErrorCode.BANNED_OPCODE)
E   AttributeError: 'Ok' object has no attribute 'message'
_ test_rule[[STO-022]unstaked][account][account_reference_storage_init_code][ok-] _
tests/utils.py:199: in assert_ok
    assert response.result
E   AttributeError: 'Error' object has no attribute 'result'

The above exception was the direct cause of the following exception:
tests/single/bundle/test_storage_rules.py:864: in test_rule
    case.assert_func(response)
tests/utils.py:201: in assert_ok
    raise AttributeError(f"expected result object, got:\n{response}") from exc
E   AttributeError: expected result object, got:
E   Error(code=-32502, message='factory uses banned opcode: CREATE', data=None, id=496)
_ test_rule[[STO-022]unstaked][account][account_reference_storage_init_code][ok-CALL:>] _
tests/utils.py:199: in assert_ok
    assert response.result
E   AttributeError: 'Error' object has no attribute 'result'

The above exception was the direct cause of the following exception:
tests/single/bundle/test_storage_rules.py:864: in test_rule
    case.assert_func(response)
tests/utils.py:201: in assert_ok
    raise AttributeError(f"expected result object, got:\n{response}") from exc
E   AttributeError: expected result object, got:
E   Error(code=-32502, message='factory uses banned opcode: CREATE', data=None, id=498)
----------------------------- Captured stdout call -----------------------------
CALL:> funding test_rules_target 0x81D7Db19ff2B3945616999e35B9FfDeA4DA03488
_ test_rule[[STO-022]unstaked][account][account_reference_storage_init_code][ok-DELEGATECALL:>] _
tests/utils.py:199: in assert_ok
    assert response.result
E   AttributeError: 'Error' object has no attribute 'result'

The above exception was the direct cause of the following exception:
tests/single/bundle/test_storage_rules.py:864: in test_rule
    case.assert_func(response)
tests/utils.py:201: in assert_ok
    raise AttributeError(f"expected result object, got:\n{response}") from exc
E   AttributeError: expected result object, got:
E   Error(code=-32502, message='factory uses banned opcode: CREATE', data=None, id=500)
_ test_rule[[STO-022]unstaked][paymaster][account_reference_storage_init_code][ok-] _
tests/utils.py:199: in assert_ok
    assert response.result
E   AttributeError: 'Error' object has no attribute 'result'

The above exception was the direct cause of the following exception:
tests/single/bundle/test_storage_rules.py:864: in test_rule
    case.assert_func(response)
tests/utils.py:201: in assert_ok
    raise AttributeError(f"expected result object, got:\n{response}") from exc
E   AttributeError: expected result object, got:
E   Error(code=-32502, message='factory uses banned opcode: CREATE', data=None, id=502)
_ test_rule[[STO-022]unstaked][paymaster][account_reference_storage_init_code][ok-CALL:>] _
tests/utils.py:199: in assert_ok
    assert response.result
E   AttributeError: 'Error' object has no attribute 'result'

The above exception was the direct cause of the following exception:
tests/single/bundle/test_storage_rules.py:864: in test_rule
    case.assert_func(response)
tests/utils.py:201: in assert_ok
    raise AttributeError(f"expected result object, got:\n{response}") from exc
E   AttributeError: expected result object, got:
E   Error(code=-32502, message='factory uses banned opcode: CREATE', data=None, id=504)
_ test_rule[[STO-022]unstaked][paymaster][account_reference_storage_init_code][ok-DELEGATECALL:>] _
tests/utils.py:199: in assert_ok
    assert response.result
E   AttributeError: 'Error' object has no attribute 'result'

The above exception was the direct cause of the following exception:
tests/single/bundle/test_storage_rules.py:864: in test_rule
    case.assert_func(response)
tests/utils.py:201: in assert_ok
    raise AttributeError(f"expected result object, got:\n{response}") from exc
E   AttributeError: expected result object, got:
E   Error(code=-32502, message='factory uses banned opcode: CREATE', data=None, id=506)
____________________________ test_send_eip_7702_tx _____________________________
tests/utils.py:199: in assert_ok
    assert response.result
E   AttributeError: 'Error' object has no attribute 'result'

The above exception was the direct cause of the following exception:
tests/single/eip7702/test_eip7702_tuple_userop.py:36: in test_send_eip_7702_tx
    assert_ok(response)
tests/utils.py:201: in assert_ok
    raise AttributeError(f"expected result object, got:\n{response}") from exc
E   AttributeError: expected result object, got:
E   Error(code=-32500, message='FailedOp(0,"AA20 account not deployed")', data=None, id=670)
_____________________ test_send_eip_7702_tx_with_initcode ______________________
tests/utils.py:199: in assert_ok
    assert response.result
E   AttributeError: 'Error' object has no attribute 'result'

The above exception was the direct cause of the following exception:
tests/single/eip7702/test_eip7702_tuple_userop.py:85: in test_send_eip_7702_tx_with_initcode
    assert_ok(response)
tests/utils.py:201: in assert_ok
    raise AttributeError(f"expected result object, got:\n{response}") from exc
E   AttributeError: expected result object, got:
E   Error(code=-32602, message='invalid factory', data=None, id=672)
_________________ test_send_eip_7702_tx_with_flag_no_initcode __________________
tests/utils.py:199: in assert_ok
    assert response.result
E   AttributeError: 'Error' object has no attribute 'result'

The above exception was the direct cause of the following exception:
tests/single/eip7702/test_eip7702_tuple_userop.py:127: in test_send_eip_7702_tx_with_flag_no_initcode
    assert_ok(response)
tests/utils.py:201: in assert_ok
    raise AttributeError(f"expected result object, got:\n{response}") from exc
E   AttributeError: expected result object, got:
E   Error(code=-32602, message='invalid factory', data=None, id=674)
________________________ test_send_post_eip_7702_tx[0] _________________________
tests/utils.py:199: in assert_ok
    assert response.result
E   AttributeError: 'Error' object has no attribute 'result'

The above exception was the direct cause of the following exception:
tests/single/eip7702/test_eip7702_tuple_userop.py:156: in test_send_post_eip_7702_tx
    assert_ok(response)
tests/utils.py:201: in assert_ok
    raise AttributeError(f"expected result object, got:\n{response}") from exc
E   AttributeError: expected result object, got:
E   Error(code=-32500, message='FailedOp(0,"AA20 account not deployed")', data=None, id=676)
_______________________ test_send_post_eip_7702_tx[1337] _______________________
tests/utils.py:199: in assert_ok
    assert response.result
E   AttributeError: 'Error' object has no attribute 'result'

The above exception was the direct cause of the following exception:
tests/single/eip7702/test_eip7702_tuple_userop.py:156: in test_send_post_eip_7702_tx
    assert_ok(response)
tests/utils.py:201: in assert_ok
    raise AttributeError(f"expected result object, got:\n{response}") from exc
E   AttributeError: expected result object, got:
E   Error(code=-32500, message='FailedOp(0,"AA20 account not deployed")', data=None, id=678)
___________________ test_send_nonsender_eip_7702_drop_userop ___________________
tests/utils.py:206: in assert_rpc_error
    assert response.code == code
E   AttributeError: 'Ok' object has no attribute 'code'

The above exception was the direct cause of the following exception:
tests/single/eip7702/test_eip7702_tuple_userop.py:223: in test_send_nonsender_eip_7702_drop_userop
    assert_rpc_error(userop.send(), "sender", RPCErrorCode.INVALID_FIELDS)
tests/utils.py:211: in assert_rpc_error
    raise AttributeError(f"expected error object, got:\n{response}") from exc
E   AttributeError: expected error object, got:
E   Ok(result='0x89b62edc1fc205a52466cbcb2f097ba9bdbac672778bd20b3d7f88d06cb71791', id=682)
__________________ test_send_wrongchain_eip_7702_drop_userop ___________________
tests/utils.py:199: in assert_ok
    assert response.result
E   AttributeError: 'Error' object has no attribute 'result'

The above exception was the direct cause of the following exception:
tests/single/eip7702/test_eip7702_tuple_userop.py:244: in test_send_wrongchain_eip_7702_drop_userop
    assert_ok(userop.send())
tests/utils.py:201: in assert_ok
    raise AttributeError(f"expected result object, got:\n{response}") from exc
E   AttributeError: expected result object, got:
E   Error(code=-32500, message='FailedOp(0,"AA20 account not deployed")', data=None, id=684)
_____________________________ test_normal_calldata _____________________________
tests/utils.py:199: in assert_ok
    assert response.result
E   AttributeError: 'Error' object has no attribute 'result'

The above exception was the direct cause of the following exception:
tests/single/gas/test_eip_7623.py:35: in test_normal_calldata
    assert_ok(op.send())
tests/utils.py:201: in assert_ok
    raise AttributeError(f"expected result object, got:\n{response}") from exc
E   AttributeError: expected result object, got:
E   Error(code=-32602, message='preVerificationGas too low: expected at least 51392, provided only 42000)', data=None, id=686)
_ test_account_create_with_factory[factory=unstaked,op=CREATE,expect=ok,rule=OP-032] _
tests/utils.py:199: in assert_ok
    assert response.result
E   AttributeError: 'Error' object has no attribute 'result'

The above exception was the direct cause of the following exception:
tests/single/opbanning/test_create.py:136: in test_account_create_with_factory
    assert_ok(response)
tests/utils.py:201: in assert_ok
    raise AttributeError(f"expected result object, got:\n{response}") from exc
E   AttributeError: expected result object, got:
E   Error(code=-32502, message='factory uses banned opcode: CREATE', data=None, id=705)
_ test_account_create_with_factory[factory=unstaked,op=CREATE2,expect=err,rule=OP-032] _
tests/single/opbanning/test_create.py:138: in test_account_create_with_factory
    assert_rpc_error(
tests/utils.py:207: in assert_rpc_error
    assert message.lower() in response.message.lower()
E   AssertionError: assert 'account uses banned opcode: create2' in 'factory uses banned opcode: create'
E    +  where 'account uses banned opcode: create2' = <built-in method lower of str object at 0x7f4b02476b50>()
E    +    where <built-in method lower of str object at 0x7f4b02476b50> = 'account uses banned opcode: CREATE2'.lower
E    +  and   'factory uses banned opcode: create' = <built-in method lower of str object at 0x7f4b02476df0>()
E    +    where <built-in method lower of str object at 0x7f4b02476df0> = 'factory uses banned opcode: CREATE'.lower
E    +      where 'factory uses banned opcode: CREATE' = Error(code=-32502, message='factory uses banned opcode: CREATE', data=None, id=707).message
_ test_account_create_with_factory[factory=staked,op=CREATE,expect=ok,rule=EREP-060] _
tests/utils.py:199: in assert_ok
    assert response.result
E   AttributeError: 'Error' object has no attribute 'result'

The above exception was the direct cause of the following exception:
tests/single/opbanning/test_create.py:136: in test_account_create_with_factory
    assert_ok(response)
tests/utils.py:201: in assert_ok
    raise AttributeError(f"expected result object, got:\n{response}") from exc
E   AttributeError: expected result object, got:
E   Error(code=-32502, message='factory uses banned opcode: CREATE', data=None, id=709)
_ test_account_create_with_factory[factory=staked,op=nested-CREATE,expect=err,rule=EREP-060] _
tests/single/opbanning/test_create.py:138: in test_account_create_with_factory
    assert_rpc_error(
tests/utils.py:207: in assert_rpc_error
    assert message.lower() in response.message.lower()
E   AssertionError: assert 'account uses banned opcode: create' in 'factory uses banned opcode: create'
E    +  where 'account uses banned opcode: create' = <built-in method lower of str object at 0x7f4b02476d90>()
E    +    where <built-in method lower of str object at 0x7f4b02476d90> = 'account uses banned opcode: CREATE'.lower
E    +  and   'factory uses banned opcode: create' = <built-in method lower of str object at 0x7f4b02477b10>()
E    +    where <built-in method lower of str object at 0x7f4b02477b10> = 'factory uses banned opcode: CREATE'.lower
E    +      where 'factory uses banned opcode: CREATE' = Error(code=-32502, message='factory uses banned opcode: CREATE', data=None, id=711).message
_ test_account_create_with_factory[factory=staked,op=nested-CREATE2,expect=err,rule=EREP-060] _
tests/single/opbanning/test_create.py:138: in test_account_create_with_factory
    assert_rpc_error(
tests/utils.py:207: in assert_rpc_error
    assert message.lower() in response.message.lower()
E   AssertionError: assert 'account uses banned opcode: create2' in 'factory uses banned opcode: create'
E    +  where 'account uses banned opcode: create2' = <built-in method lower of str object at 0x7f4b02477b10>()
E    +    where <built-in method lower of str object at 0x7f4b02477b10> = 'account uses banned opcode: CREATE2'.lower
E    +  and   'factory uses banned opcode: create' = <built-in method lower of str object at 0x7f4b02477210>()
E    +    where <built-in method lower of str object at 0x7f4b02477210> = 'factory uses banned opcode: CREATE'.lower
E    +      where 'factory uses banned opcode: CREATE' = Error(code=-32502, message='factory uses banned opcode: CREATE', data=None, id=713).message
_ test_account_create_with_factory[factory=staked,op=CREATE2,expect=ok,rule=EREP-060] _
tests/utils.py:199: in assert_ok
    assert response.result
E   AttributeError: 'Error' object has no attribute 'result'

The above exception was the direct cause of the following exception:
tests/single/opbanning/test_create.py:136: in test_account_create_with_factory
    assert_ok(response)
tests/utils.py:201: in assert_ok
    raise AttributeError(f"expected result object, got:\n{response}") from exc
E   AttributeError: expected result object, got:
E   Error(code=-32502, message='factory uses banned opcode: CREATE', data=None, id=715)
____________________ test_account_banned_opcode[BLOBHASH-] _____________________
tests/utils.py:206: in assert_rpc_error
    assert response.code == code
E   AttributeError: 'Ok' object has no attribute 'code'

The above exception was the direct cause of the following exception:
tests/single/opbanning/test_op_banning.py:55: in test_account_banned_opcode
    assert_rpc_error(
tests/utils.py:211: in assert_rpc_error
    raise AttributeError(f"expected error object, got:\n{response}") from exc
E   AttributeError: expected error object, got:
E   Ok(result='0x1197cc49945755867ba58d8b0fe7aa3014d0aec693fef1e2217d4c91443712ac', id=807)
_________________ test_account_banned_opcode[BLOBHASH-CALL:>] __________________
tests/utils.py:206: in assert_rpc_error
    assert response.code == code
E   AttributeError: 'Ok' object has no attribute 'code'

The above exception was the direct cause of the following exception:
tests/single/opbanning/test_op_banning.py:55: in test_account_banned_opcode
    assert_rpc_error(
tests/utils.py:211: in assert_rpc_error
    raise AttributeError(f"expected error object, got:\n{response}") from exc
E   AttributeError: expected error object, got:
E   Ok(result='0xd69d55c7243f28acc46153fc56014d1174ce92e493b5da72df859473f340d527', id=809)
_____________ test_account_banned_opcode[BLOBHASH-DELEGATECALL:>] ______________
tests/utils.py:206: in assert_rpc_error
    assert response.code == code
E   AttributeError: 'Ok' object has no attribute 'code'

The above exception was the direct cause of the following exception:
tests/single/opbanning/test_op_banning.py:55: in test_account_banned_opcode
    assert_rpc_error(
tests/utils.py:211: in assert_rpc_error
    raise AttributeError(f"expected error object, got:\n{response}") from exc
E   AttributeError: expected error object, got:
E   Ok(result='0x68e86502bd91ca96b5c1bd6b764fac6435465d52b473ce7432c9a32d40b930ff', id=811)
___________________ test_account_banned_opcode[BLOBBASEFEE-] ___________________
tests/utils.py:206: in assert_rpc_error
    assert response.code == code
E   AttributeError: 'Ok' object has no attribute 'code'

The above exception was the direct cause of the following exception:
tests/single/opbanning/test_op_banning.py:55: in test_account_banned_opcode
    assert_rpc_error(
tests/utils.py:211: in assert_rpc_error
    raise AttributeError(f"expected error object, got:\n{response}") from exc
E   AttributeError: expected error object, got:
E   Ok(result='0x27644124c158ddd9a76aeab7a944d3367b5f456015711b02b2e4abdb8f4b2e62', id=813)
________________ test_account_banned_opcode[BLOBBASEFEE-CALL:>] ________________
tests/utils.py:206: in assert_rpc_error
    assert response.code == code
E   AttributeError: 'Ok' object has no attribute 'code'

The above exception was the direct cause of the following exception:
tests/single/opbanning/test_op_banning.py:55: in test_account_banned_opcode
    assert_rpc_error(
tests/utils.py:211: in assert_rpc_error
    raise AttributeError(f"expected error object, got:\n{response}") from exc
E   AttributeError: expected error object, got:
E   Ok(result='0x0dbc5d397d753189d17cc6c96ccbc5608039caf633c9a0611078fae2b3435abc', id=815)
____________ test_account_banned_opcode[BLOBBASEFEE-DELEGATECALL:>] ____________
tests/utils.py:206: in assert_rpc_error
    assert response.code == code
E   AttributeError: 'Ok' object has no attribute 'code'

The above exception was the direct cause of the following exception:
tests/single/opbanning/test_op_banning.py:55: in test_account_banned_opcode
    assert_rpc_error(
tests/utils.py:211: in assert_rpc_error
    raise AttributeError(f"expected error object, got:\n{response}") from exc
E   AttributeError: expected error object, got:
E   Ok(result='0xbb40ecb9d32b1045d15f4bb91826a3bcdf8d94441df2ddba77a1d909b75eeedb', id=817)
___________________ test_paymaster_banned_opcode[BLOBHASH-] ____________________
tests/utils.py:206: in assert_rpc_error
    assert response.code == code
E   AttributeError: 'Ok' object has no attribute 'code'

The above exception was the direct cause of the following exception:
tests/single/opbanning/test_op_banning.py:96: in test_paymaster_banned_opcode
    assert_rpc_error(
tests/utils.py:211: in assert_rpc_error
    raise AttributeError(f"expected error object, got:\n{response}") from exc
E   AttributeError: expected error object, got:
E   Ok(result='0xdb3dfdfb9c913667240c209675a5b5e9c5c40c420fc05247b5d3345bd5cb4ae4', id=933)
________________ test_paymaster_banned_opcode[BLOBHASH-CALL:>] _________________
tests/utils.py:206: in assert_rpc_error
    assert response.code == code
E   AttributeError: 'Ok' object has no attribute 'code'

The above exception was the direct cause of the following exception:
tests/single/opbanning/test_op_banning.py:96: in test_paymaster_banned_opcode
    assert_rpc_error(
tests/utils.py:211: in assert_rpc_error
    raise AttributeError(f"expected error object, got:\n{response}") from exc
E   AttributeError: expected error object, got:
E   Ok(result='0x5a7a759f11e8bdb17f006662e452936bc7dd0db2eac4b065bc3f3c672de6a6df', id=935)
____________ test_paymaster_banned_opcode[BLOBHASH-DELEGATECALL:>] _____________
tests/utils.py:206: in assert_rpc_error
    assert response.code == code
E   AttributeError: 'Ok' object has no attribute 'code'

The above exception was the direct cause of the following exception:
tests/single/opbanning/test_op_banning.py:96: in test_paymaster_banned_opcode
    assert_rpc_error(
tests/utils.py:211: in assert_rpc_error
    raise AttributeError(f"expected error object, got:\n{response}") from exc
E   AttributeError: expected error object, got:
E   Ok(result='0x4c60076395cc108539e515168ec3dd6fb0eede6259b7e51983c9ea6aac69878b', id=937)
__________________ test_paymaster_banned_opcode[BLOBBASEFEE-] __________________
tests/utils.py:206: in assert_rpc_error
    assert response.code == code
E   AttributeError: 'Ok' object has no attribute 'code'

The above exception was the direct cause of the following exception:
tests/single/opbanning/test_op_banning.py:96: in test_paymaster_banned_opcode
    assert_rpc_error(
tests/utils.py:211: in assert_rpc_error
    raise AttributeError(f"expected error object, got:\n{response}") from exc
E   AttributeError: expected error object, got:
E   Ok(result='0x62f5d4cdf62b77b7c75e95679039768bec5407cbfaa1e3c7a081159e68544c5c', id=939)
_______________ test_paymaster_banned_opcode[BLOBBASEFEE-CALL:>] _______________
tests/utils.py:206: in assert_rpc_error
    assert response.code == code
E   AttributeError: 'Ok' object has no attribute 'code'

The above exception was the direct cause of the following exception:
tests/single/opbanning/test_op_banning.py:96: in test_paymaster_banned_opcode
    assert_rpc_error(
tests/utils.py:211: in assert_rpc_error
    raise AttributeError(f"expected error object, got:\n{response}") from exc
E   AttributeError: expected error object, got:
E   Ok(result='0xb876cc46f51067793d440547fa3166d4242256875e07b94fd851729085e1b258', id=941)
___________ test_paymaster_banned_opcode[BLOBBASEFEE-DELEGATECALL:>] ___________
tests/utils.py:206: in assert_rpc_error
    assert response.code == code
E   AttributeError: 'Ok' object has no attribute 'code'

The above exception was the direct cause of the following exception:
tests/single/opbanning/test_op_banning.py:96: in test_paymaster_banned_opcode
    assert_rpc_error(
tests/utils.py:211: in assert_rpc_error
    raise AttributeError(f"expected error object, got:\n{response}") from exc
E   AttributeError: expected error object, got:
E   Ok(result='0x8e8ead79f81317ecd04a726e5ead169ae4096608f69f092b070431afa5ce3b78', id=943)
_____________________ test_factory_banned_opcode[BLOBHASH] _____________________
tests/utils.py:206: in assert_rpc_error
    assert response.code == code
E   AttributeError: 'Ok' object has no attribute 'code'

The above exception was the direct cause of the following exception:
tests/single/opbanning/test_op_banning.py:127: in test_factory_banned_opcode
    assert_rpc_error(
tests/utils.py:211: in assert_rpc_error
    raise AttributeError(f"expected error object, got:\n{response}") from exc
E   AttributeError: expected error object, got:
E   Ok(result='0x8478a4e78247da723fadc3c0918a8c15424c9b397039606e683969af87764a4f', id=979)
___________________ test_factory_banned_opcode[BLOBBASEFEE] ____________________
tests/utils.py:206: in assert_rpc_error
    assert response.code == code
E   AttributeError: 'Ok' object has no attribute 'code'

The above exception was the direct cause of the following exception:
tests/single/opbanning/test_op_banning.py:127: in test_factory_banned_opcode
    assert_rpc_error(
tests/utils.py:211: in assert_rpc_error
    raise AttributeError(f"expected error object, got:\n{response}") from exc
E   AttributeError: expected error object, got:
E   Ok(result='0x06760f26fa2d4bfcb8140e29686b981501e24d92816cb73468ec2ca5f9484143', id=981)
______________________ test_paymaster_on_account_failure _______________________
tests/single/reputation/test_erep.py:89: in test_paymaster_on_account_failure
    assert post == pre
E   AssertionError: assert Reputation(ad...d=2, status=0) == Reputation(ad...d=2, status=0)
E     
E     Omitting 3 identical items, use -vv to show
E     Differing attributes:
E     ['opsSeen']
E     
E     Drill down into differing attribute opsSeen:
E       opsSeen: 6 != 5
____________________ test_account_on_entity_failure[staked] ____________________
tests/single/reputation/test_erep.py:151: in test_account_on_entity_failure
    assert get_reputations([sender.address, paymaster.address]) == [
E   AssertionError: valid userop. both staked account and paymaster have opsSeen increment
E   assert [Reputation(a...=0, status=0)] == [Reputation(a...=0, status=0)]
E     
E     At index 0 diff: Reputation(address='0x3e5301d608bd2791dca7c08f7907cd4a5881e332', opsSeen=0, opsIncluded=0, status=0) != Reputation(address='0x3e5301d608bd2791dca7c08f7907cd4a5881e332', opsSeen=1, opsIncluded=0, status=0)
E     
E     Full diff:
E       [
E           Reputation(
E               address='0x3e5301d608bd2791dca7c08f7907cd4a5881e332',
E     -         opsSeen=1,
E     ?                 ^
E     +         opsSeen=0,
E     ?                 ^
E               opsIncluded=0,
E               status=0,
E           ),
E           Reputation(
E               address='0x711ddd13c5248662d1aa9d552e403c11caae4d24',
E     -         opsSeen=1,
E     ?                 ^
E     +         opsSeen=0,
E     ?                 ^
E               opsIncluded=0,
E               status=0,
E           ),
E       ]
----------------------------- Captured stdout call -----------------------------
staking account <web3._utils.datatypes.Contract object at 0x7f4b02312260>
___________________ test_account_on_entity_failure[unstaked] ___________________
tests/single/reputation/test_erep.py:156: in test_account_on_entity_failure
    assert get_reputations([sender.address, paymaster.address]) == [
E   AssertionError: valid userop. staked paymaster should have opsSeen increment
E   assert [Reputation(a...=0, status=0)] == [Reputation(a...=0, status=0)]
E     
E     At index 1 diff: Reputation(address='0x70856b0e3337e834311cea1468138f1ef09003ac', opsSeen=0, opsIncluded=0, status=0) != Reputation(address='0x70856b0e3337e834311cea1468138f1ef09003ac', opsSeen=1, opsIncluded=0, status=0)
E     
E     Full diff:
E       [
E           Reputation(
E               address='0x52360afd33c12c1eedc15e6b9a10924e8206a99b',
E               opsSeen=0,
E               opsIncluded=0,
E               status=0,
E           ),
E           Reputation(
E               address='0x70856b0e3337e834311cea1468138f1ef09003ac',
E     -         opsSeen=1,
E     ?                 ^
E     +         opsSeen=0,
E     ?                 ^
E               opsIncluded=0,
E               status=0,
E           ),
E       ]
----------------------------- Captured stdout call -----------------------------
unstaked account <web3._utils.datatypes.Contract object at 0x7f4b024cb730>
____________________________ test_replace_paymaster ____________________________
tests/single/reputation/test_replace.py:31: in test_replace_paymaster
    assert pm_opsSeen(pm1.address) == 1
E   AssertionError: assert 0 == 1
E    +  where 0 = pm_opsSeen('0x64366AD5AF8518380B1A1057438fEfb1aD4be485')
E    +    where '0x64366AD5AF8518380B1A1057438fEfb1aD4be485' = <web3._utils.datatypes.Contract object at 0x7f4b028ef9d0>.address
______________________ test_eth_getUserOperationByHash[] _______________________
tests/single/rpc/test_eth_getUserOperationByHash.py:17: in test_eth_getUserOperationByHash
    ) == userop_hash(helper_contract, userop), "user operation mismatch"
E   AttributeError: 'Error' object has no attribute 'result'
=============================== warnings summary ===============================
tests/single/bundle/test_codehash.py::test_codehash_changed
  /home/runner/work/bundler-test-executor/bundler-test-executor/bundler-spec-tests/.venv/lib/python3.10/site-packages/eth_utils/functional.py:47: UserWarning: The log with transaction hash: HexBytes('0xe324d9a268f0a0a6c450856ed8c277a2b6251cd2f851e359373fc91b0b983d21') and logIndex: 0 encountered the following error during processing: MismatchedABI(The event signature did not match the provided ABI). It has been discarded.
    return callback(fn(*args, **kwargs))

-- Docs: https://docs.pytest.org/en/stable/how-to/capture-warnings.html
==================================== PASSES ====================================
_________ test_rule[[STO-000]unstaked][account][no_storage][ok-CALL:>] _________
----------------------------- Captured stdout call -----------------------------
CALL:> funding test_rules_target 0xc4222747Fc2cCbDf5b9cC417a9D76dB5Cec8c0D7
______ test_rule[[STO-010]unstaked][account][account_storage][ok-CALL:>] _______
----------------------------- Captured stdout call -----------------------------
CALL:> funding test_rules_target 0x8b36D18Dc2C3D39B8A7eD83De9A9EC701FD7AAEB
_ test_rule[[STO-021]unstaked][account][account_reference_storage][ok-CALL:>] __
----------------------------- Captured stdout call -----------------------------
CALL:> funding test_rules_target 0x9D845be4DB18a905e864921093E98a97ed7E3bFC
_ test_rule[[STO-022]unstaked][account][account_reference_storage_init_code][drop-CALL:>] _
----------------------------- Captured stdout call -----------------------------
CALL:> funding test_rules_target 0xe4bAEc6cb1663dDB2E1aecE6E66b2d984ea4aA50
_ test_rule[[STO-021]unstaked][account][account_reference_storage_struct][ok-CALL:>] _
----------------------------- Captured stdout call -----------------------------
CALL:> funding test_rules_target 0xf62635155a1e7628AEa6Fe9d1D4B7582D0Fa7E4b
__ test_rule[[STO-000]unstaked][account][external_storage_read][drop-CALL:>] ___
----------------------------- Captured stdout call -----------------------------
CALL:> funding test_rules_target 0x5E7a89Ba18e8AE71ef6B418811abb68e6D48a547
________ test_rule[[OP-020]unstaked][account][out_of_gas][drop-CALL:>] _________
----------------------------- Captured stdout call -----------------------------
CALL:> funding test_rules_target 0xDFB087A5fA1D0eD2b108224C546d6BD865CCe4c0
_____ test_rule[[OP-020]unstaked][account][sstore_out_of_gas][drop-CALL:>] _____
----------------------------- Captured stdout call -----------------------------
CALL:> funding test_rules_target 0xBf9a8B5ADD485b8a94A0a68CF11Bfd18f8B524A1
__________ test_rule[[STO-000]staked][account][no_storage][ok-CALL:>] __________
----------------------------- Captured stdout call -----------------------------
CALL:> funding test_rules_target 0xe0a97ad13DC2Def80549fA7461Da367A94Ab0B2b
_______ test_rule[[STO-010]staked][account][account_storage][ok-CALL:>] ________
----------------------------- Captured stdout call -----------------------------
CALL:> funding test_rules_target 0x5765095338AfE51f7E9b98F24BeA2e54a01f95F1
__ test_rule[[STO-021]staked][account][account_reference_storage][ok-CALL:>] ___
----------------------------- Captured stdout call -----------------------------
CALL:> funding test_rules_target 0x3B4E899a24d12Ea59DDCb47c615a911c5D1fBCf2
_ test_rule[[STO-021]staked][account][account_reference_storage_struct][ok-CALL:>] _
----------------------------- Captured stdout call -----------------------------
CALL:> funding test_rules_target 0x99e1FF6cF220Fb6d09387d13b786893f2E0BD683
_________ test_rule[[OP-020]staked][account][out_of_gas][drop-CALL:>] __________
----------------------------- Captured stdout call -----------------------------
CALL:> funding test_rules_target 0x9894652F908b0b1D31e401f34BD53116532CC64f
______ test_rule[[OP-020]staked][account][sstore_out_of_gas][drop-CALL:>] ______
----------------------------- Captured stdout call -----------------------------
CALL:> funding test_rules_target 0x2B2C3f38eef307a38D50aF601f07507E12a3f754
___ test_rule[[STO-033]staked][account][external_storage_write][drop-CALL:>] ___
----------------------------- Captured stdout call -----------------------------
CALL:> funding test_rules_target 0x106e662B2c7F1F0Aa214aC6d0378AD8562Bd4D4E
____ test_rule[[STO-033]staked][account][external_storage_read][ok-CALL:>] _____
----------------------------- Captured stdout call -----------------------------
CALL:> funding test_rules_target 0x170F3E089dAf863Bf1F08Dc458E20a0517170939
_ test_rule[[OP-011]unstaked][account][entryPoint_call_balanceOf][drop-CALL:>] _
----------------------------- Captured stdout call -----------------------------
CALL:> funding test_rules_target 0x5F215C1982abE89A3Aa0776f40Fb3F5758fc343E
_ test_rule[[OP-061]unstaked][account][eth_value_transfer_forbidden][drop-CALL:>] _
----------------------------- Captured stdout call -----------------------------
CALL:> funding test_rules_target 0x5e13D01108CC072d2d1B617d4b354E025A9abB40
_ test_rule[[OP-053]unstaked][account][eth_value_transfer_entryPoint][ok-CALL:>] _
----------------------------- Captured stdout call -----------------------------
CALL:> funding test_rules_target 0xdc0319f4d105cAa34143dE27EDCcCF0a2180Fd1A
_ test_rule[[OP-052]unstaked][account][eth_value_transfer_entryPoint_depositTo][ok-CALL:>] _
----------------------------- Captured stdout call -----------------------------
CALL:> funding test_rules_target 0x6a89CF0DcA669d3EA28dd8B84016b673e22C7C5e
_ test_rule[[OP-041]unstaked][account][EXTCODESIZE_undeployed_contract][drop-CALL:>] _
----------------------------- Captured stdout call -----------------------------
CALL:> funding test_rules_target 0x2c486F7967B5f48A3E99dF5E607A2dBA4699F783
_ test_rule[[OP-041]unstaked][account][EXTCODEHASH_undeployed_contract][drop-CALL:>] _
----------------------------- Captured stdout call -----------------------------
CALL:> funding test_rules_target 0x1B82F60A042D08cF1E75Cb3ba32aF3C79DB11ff7
_ test_rule[[OP-041]unstaked][account][EXTCODECOPY_undeployed_contract][drop-CALL:>] _
----------------------------- Captured stdout call -----------------------------
CALL:> funding test_rules_target 0xa3A9Ecc571636C1133e34725b43f01B3203dA703
__ test_rule[[OP-054]unstaked][account][EXTCODESIZE_entrypoint][drop-CALL:>] ___
----------------------------- Captured stdout call -----------------------------
CALL:> funding test_rules_target 0x3Bb737664bcE88C3D31396Eb5e34D506eB8BF4ac
__ test_rule[[OP-054]unstaked][account][EXTCODEHASH_entrypoint][drop-CALL:>] ___
----------------------------- Captured stdout call -----------------------------
CALL:> funding test_rules_target 0xFE6e656C8635bdd219C313D4d5197d899d18EBf5
__ test_rule[[OP-054]unstaked][account][EXTCODECOPY_entrypoint][drop-CALL:>] ___
----------------------------- Captured stdout call -----------------------------
CALL:> funding test_rules_target 0x68D3631826D3660985C694B82D3d7AbD5609618c
_ test_rule[[OP-041]unstaked][account][CALL_undeployed_contract][drop-CALL:>] __
----------------------------- Captured stdout call -----------------------------
CALL:> funding test_rules_target 0x44616cE337081990cbc19570A26b61467142ef5e
_ test_rule[[OP-041]unstaked][account][CALLCODE_undeployed_contract][drop-CALL:>] _
----------------------------- Captured stdout call -----------------------------
CALL:> funding test_rules_target 0x38Af9dD1E91fC35D780fD7D4b6cCB4332db018A1
_ test_rule[[OP-041]unstaked][account][DELEGATECALL_undeployed_contract][drop-CALL:>] _
----------------------------- Captured stdout call -----------------------------
CALL:> funding test_rules_target 0x96224340E493D817E94Ee8d6A6208e8b0c1b8b66
_ test_rule[[OP-041]unstaked][account][STATICCALL_undeployed_contract][drop-CALL:>] _
----------------------------- Captured stdout call -----------------------------
CALL:> funding test_rules_target 0xa62e053B9847Ed1550830f10ebE737c1442aFCe0
_ test_rule[[OP-062]unstaked][account][CALL_undeployed_contract_allowed_precompile][ok-CALL:>] _
----------------------------- Captured stdout call -----------------------------
CALL:> funding test_rules_target 0x4C592C827Eb3D6E9F1F8CAf48efF779400A197bc
_________________________ test_estimate_huge_calldata __________________________
----------------------------- Captured stdout call -----------------------------
Ok(result={'preVerificationGas': '0x10c64', 'verificationGasLimit': '0x13470', 'callGasLimit': '0x1c9c380', 'validAfter': '0x0', 'validUntil': '0xffffffffffff'}, id=692)
- generated xml file: /home/runner/work/bundler-test-executor/bundler-test-executor/build/out/transeptor.xml -
=========================== short test summary info ============================
PASSED tests/single/bundle/test_bundle.py::test_bundle_replace_op[only_priority_fee_bump]
PASSED tests/single/bundle/test_bundle.py::test_bundle_replace_op[only_max_fee_bump]
PASSED tests/single/bundle/test_bundle.py::test_bundle_replace_op[with_same_fee]
PASSED tests/single/bundle/test_bundle.py::test_bundle_replace_op[with_less_fee]
PASSED tests/single/bundle/test_bundle.py::test_bundle_replace_op[fee_bump_below_threshold]
PASSED tests/single/bundle/test_bundle.py::test_bundle_replace_op[fee_bump_at_threshold]
PASSED tests/single/bundle/test_bundle.py::test_bundle_replace_op[fee_bump_above_threshold]
PASSED tests/single/bundle/test_bundle.py::test_max_allowed_ops_unstaked_sender
PASSED tests/single/bundle/test_bundle.py::test_max_allowed_ops_staked_sender
PASSED tests/single/bundle/test_bundle.py::test_ban_user_op_access_other_ops_sender_in_bundle
PASSED tests/single/bundle/test_bundle.py::test_ban_user_sender_double_role_in_bundle
PASSED tests/single/bundle/test_bundle.py::test_stake_check_in_bundler
PASSED tests/single/bundle/test_paymaster.py::test_paymaster_deposit
PASSED tests/single/bundle/test_storage_rules.py::test_rule[[STO-000]unstaked][paymaster][no_storage][ok-]
PASSED tests/single/bundle/test_storage_rules.py::test_rule[[STO-000]unstaked][paymaster][no_storage][ok-CALL:>]
PASSED tests/single/bundle/test_storage_rules.py::test_rule[[STO-000]unstaked][paymaster][no_storage][ok-DELEGATECALL:>]
PASSED tests/single/bundle/test_storage_rules.py::test_rule[[STO-031]unstaked][paymaster][storage_read][drop-]
PASSED tests/single/bundle/test_storage_rules.py::test_rule[[STO-031]unstaked][paymaster][storage_read][drop-CALL:>]
PASSED tests/single/bundle/test_storage_rules.py::test_rule[[STO-031]unstaked][paymaster][storage_read][drop-DELEGATECALL:>]
PASSED tests/single/bundle/test_storage_rules.py::test_rule[[STO-031]unstaked][paymaster][storage_write][drop-]
PASSED tests/single/bundle/test_storage_rules.py::test_rule[[STO-031]unstaked][paymaster][storage_write][drop-CALL:>]
PASSED tests/single/bundle/test_storage_rules.py::test_rule[[STO-031]unstaked][paymaster][storage_write][drop-DELEGATECALL:>]
PASSED tests/single/bundle/test_storage_rules.py::test_rule[[OP-070(STO-031)]unstaked][paymaster][transient_storage_tstore][drop-]
PASSED tests/single/bundle/test_storage_rules.py::test_rule[[OP-070(STO-031)]unstaked][paymaster][transient_storage_tstore][drop-CALL:>]
PASSED tests/single/bundle/test_storage_rules.py::test_rule[[OP-070(STO-031)]unstaked][paymaster][transient_storage_tstore][drop-DELEGATECALL:>]
PASSED tests/single/bundle/test_storage_rules.py::test_rule[[OP-070(STO-031)]unstaked][paymaster][transient_storage_tload][drop-]
PASSED tests/single/bundle/test_storage_rules.py::test_rule[[OP-070(STO-031)]unstaked][paymaster][transient_storage_tload][drop-CALL:>]
PASSED tests/single/bundle/test_storage_rules.py::test_rule[[OP-070(STO-031)]unstaked][paymaster][transient_storage_tload][drop-DELEGATECALL:>]
PASSED tests/single/bundle/test_storage_rules.py::test_rule[[STO-032]unstaked][paymaster][paymaster_reference_storage][drop-]
PASSED tests/single/bundle/test_storage_rules.py::test_rule[[STO-032]unstaked][paymaster][paymaster_reference_storage][drop-CALL:>]
PASSED tests/single/bundle/test_storage_rules.py::test_rule[[STO-032]unstaked][paymaster][paymaster_reference_storage][drop-DELEGATECALL:>]
PASSED tests/single/bundle/test_storage_rules.py::test_rule[[STO-032]unstaked][paymaster][paymaster_reference_storage_struct][drop-]
PASSED tests/single/bundle/test_storage_rules.py::test_rule[[STO-032]unstaked][paymaster][paymaster_reference_storage_struct][drop-CALL:>]
PASSED tests/single/bundle/test_storage_rules.py::test_rule[[STO-032]unstaked][paymaster][paymaster_reference_storage_struct][drop-DELEGATECALL:>]
PASSED tests/single/bundle/test_storage_rules.py::test_rule[[STO-010]unstaked][paymaster][account_storage][ok-]
PASSED tests/single/bundle/test_storage_rules.py::test_rule[[STO-010]unstaked][paymaster][account_storage][ok-CALL:>]
PASSED tests/single/bundle/test_storage_rules.py::test_rule[[STO-010]unstaked][paymaster][account_storage][ok-DELEGATECALL:>]
PASSED tests/single/bundle/test_storage_rules.py::test_rule[[OP-070(STO-010)]unstaked][paymaster][account_transient_storage][ok-]
PASSED tests/single/bundle/test_storage_rules.py::test_rule[[OP-070(STO-010)]unstaked][paymaster][account_transient_storage][ok-CALL:>]
PASSED tests/single/bundle/test_storage_rules.py::test_rule[[OP-070(STO-010)]unstaked][paymaster][account_transient_storage][ok-DELEGATECALL:>]
PASSED tests/single/bundle/test_storage_rules.py::test_rule[[STO-021]unstaked][paymaster][account_reference_storage][ok-]
PASSED tests/single/bundle/test_storage_rules.py::test_rule[[STO-021]unstaked][paymaster][account_reference_storage][ok-CALL:>]
PASSED tests/single/bundle/test_storage_rules.py::test_rule[[STO-021]unstaked][paymaster][account_reference_storage][ok-DELEGATECALL:>]
PASSED tests/single/bundle/test_storage_rules.py::test_rule[[STO-021]unstaked][paymaster][account_reference_storage_struct][ok-]
PASSED tests/single/bundle/test_storage_rules.py::test_rule[[STO-021]unstaked][paymaster][account_reference_storage_struct][ok-CALL:>]
PASSED tests/single/bundle/test_storage_rules.py::test_rule[[STO-021]unstaked][paymaster][account_reference_storage_struct][ok-DELEGATECALL:>]
PASSED tests/single/bundle/test_storage_rules.py::test_rule[[STO-022]unstaked][paymaster][account_reference_storage_init_code][drop-]
PASSED tests/single/bundle/test_storage_rules.py::test_rule[[STO-022]unstaked][paymaster][account_reference_storage_init_code][drop-CALL:>]
PASSED tests/single/bundle/test_storage_rules.py::test_rule[[STO-022]unstaked][paymaster][account_reference_storage_init_code][drop-DELEGATECALL:>]
PASSED tests/single/bundle/test_storage_rules.py::test_rule[[STO-032]unstaked][paymaster][external_storage_read][drop-]
PASSED tests/single/bundle/test_storage_rules.py::test_rule[[STO-032]unstaked][paymaster][external_storage_read][drop-CALL:>]
PASSED tests/single/bundle/test_storage_rules.py::test_rule[[STO-032]unstaked][paymaster][external_storage_read][drop-DELEGATECALL:>]
PASSED tests/single/bundle/test_storage_rules.py::test_rule[[OP-020]unstaked][paymaster][out_of_gas][drop-]
PASSED tests/single/bundle/test_storage_rules.py::test_rule[[OP-020]unstaked][paymaster][out_of_gas][drop-CALL:>]
PASSED tests/single/bundle/test_storage_rules.py::test_rule[[OP-020]unstaked][paymaster][out_of_gas][drop-DELEGATECALL:>]
PASSED tests/single/bundle/test_storage_rules.py::test_rule[[OP-020]unstaked][paymaster][sstore_out_of_gas][drop-]
PASSED tests/single/bundle/test_storage_rules.py::test_rule[[OP-020]unstaked][paymaster][sstore_out_of_gas][drop-CALL:>]
PASSED tests/single/bundle/test_storage_rules.py::test_rule[[OP-020]unstaked][paymaster][sstore_out_of_gas][drop-DELEGATECALL:>]
PASSED tests/single/bundle/test_storage_rules.py::test_rule[[STO-000]staked][paymaster][no_storage][ok-]
PASSED tests/single/bundle/test_storage_rules.py::test_rule[[STO-000]staked][paymaster][no_storage][ok-CALL:>]
PASSED tests/single/bundle/test_storage_rules.py::test_rule[[STO-000]staked][paymaster][no_storage][ok-DELEGATECALL:>]
PASSED tests/single/bundle/test_storage_rules.py::test_rule[[STO-031]staked][paymaster][storage_read][ok-]
PASSED tests/single/bundle/test_storage_rules.py::test_rule[[STO-031]staked][paymaster][storage_read][ok-CALL:>]
PASSED tests/single/bundle/test_storage_rules.py::test_rule[[STO-031]staked][paymaster][storage_read][ok-DELEGATECALL:>]
PASSED tests/single/bundle/test_storage_rules.py::test_rule[[STO-031]staked][paymaster][storage_write][ok-]
PASSED tests/single/bundle/test_storage_rules.py::test_rule[[STO-031]staked][paymaster][storage_write][ok-CALL:>]
PASSED tests/single/bundle/test_storage_rules.py::test_rule[[STO-031]staked][paymaster][storage_write][ok-DELEGATECALL:>]
PASSED tests/single/bundle/test_storage_rules.py::test_rule[[STO-032]staked][paymaster][paymaster_reference_storage][ok-]
PASSED tests/single/bundle/test_storage_rules.py::test_rule[[STO-032]staked][paymaster][paymaster_reference_storage][ok-CALL:>]
PASSED tests/single/bundle/test_storage_rules.py::test_rule[[STO-032]staked][paymaster][paymaster_reference_storage][ok-DELEGATECALL:>]
PASSED tests/single/bundle/test_storage_rules.py::test_rule[[STO-032]staked][paymaster][paymaster_reference_storage_struct][ok-]
PASSED tests/single/bundle/test_storage_rules.py::test_rule[[STO-032]staked][paymaster][paymaster_reference_storage_struct][ok-CALL:>]
PASSED tests/single/bundle/test_storage_rules.py::test_rule[[STO-032]staked][paymaster][paymaster_reference_storage_struct][ok-DELEGATECALL:>]
PASSED tests/single/bundle/test_storage_rules.py::test_rule[[STO-033]staked][paymaster][paymaster_reference_storage_struct][ok-]
PASSED tests/single/bundle/test_storage_rules.py::test_rule[[STO-033]staked][paymaster][paymaster_reference_storage_struct][ok-CALL:>]
PASSED tests/single/bundle/test_storage_rules.py::test_rule[[STO-033]staked][paymaster][paymaster_reference_storage_struct][ok-DELEGATECALL:>]
PASSED tests/single/bundle/test_storage_rules.py::test_rule[[STO-010]staked][paymaster][account_storage][ok-]
PASSED tests/single/bundle/test_storage_rules.py::test_rule[[STO-010]staked][paymaster][account_storage][ok-CALL:>]
PASSED tests/single/bundle/test_storage_rules.py::test_rule[[STO-010]staked][paymaster][account_storage][ok-DELEGATECALL:>]
PASSED tests/single/bundle/test_storage_rules.py::test_rule[[STO-021]staked][paymaster][account_reference_storage][ok-]
PASSED tests/single/bundle/test_storage_rules.py::test_rule[[STO-021]staked][paymaster][account_reference_storage][ok-CALL:>]
PASSED tests/single/bundle/test_storage_rules.py::test_rule[[STO-021]staked][paymaster][account_reference_storage][ok-DELEGATECALL:>]
PASSED tests/single/bundle/test_storage_rules.py::test_rule[[STO-021]staked][paymaster][account_reference_storage_struct][ok-]
PASSED tests/single/bundle/test_storage_rules.py::test_rule[[STO-021]staked][paymaster][account_reference_storage_struct][ok-CALL:>]
PASSED tests/single/bundle/test_storage_rules.py::test_rule[[STO-021]staked][paymaster][account_reference_storage_struct][ok-DELEGATECALL:>]
PASSED tests/single/bundle/test_storage_rules.py::test_rule[[STO-022]staked][paymaster][account_reference_storage_init_code][ok-]
PASSED tests/single/bundle/test_storage_rules.py::test_rule[[STO-022]staked][paymaster][account_reference_storage_init_code][ok-CALL:>]
PASSED tests/single/bundle/test_storage_rules.py::test_rule[[STO-022]staked][paymaster][account_reference_storage_init_code][ok-DELEGATECALL:>]
PASSED tests/single/bundle/test_storage_rules.py::test_rule[[EREP-050]staked][paymaster][context][ok-]
PASSED tests/single/bundle/test_storage_rules.py::test_rule[[EREP-050]staked][paymaster][context][ok-CALL:>]
PASSED tests/single/bundle/test_storage_rules.py::test_rule[[EREP-050]staked][paymaster][context][ok-DELEGATECALL:>]
PASSED tests/single/bundle/test_storage_rules.py::test_rule[[STO-033]staked][paymaster][external_storage_write][drop-]
PASSED tests/single/bundle/test_storage_rules.py::test_rule[[STO-033]staked][paymaster][external_storage_write][drop-CALL:>]
PASSED tests/single/bundle/test_storage_rules.py::test_rule[[STO-033]staked][paymaster][external_storage_write][drop-DELEGATECALL:>]
PASSED tests/single/bundle/test_storage_rules.py::test_rule[[STO-033]staked][paymaster][external_storage_read][ok-]
PASSED tests/single/bundle/test_storage_rules.py::test_rule[[STO-033]staked][paymaster][external_storage_read][ok-CALL:>]
PASSED tests/single/bundle/test_storage_rules.py::test_rule[[STO-033]staked][paymaster][external_storage_read][ok-DELEGATECALL:>]
PASSED tests/single/bundle/test_storage_rules.py::test_rule[[OP-020]staked][paymaster][out_of_gas][drop-]
PASSED tests/single/bundle/test_storage_rules.py::test_rule[[OP-020]staked][paymaster][out_of_gas][drop-CALL:>]
PASSED tests/single/bundle/test_storage_rules.py::test_rule[[OP-020]staked][paymaster][out_of_gas][drop-DELEGATECALL:>]
PASSED tests/single/bundle/test_storage_rules.py::test_rule[[OP-020]staked][paymaster][sstore_out_of_gas][drop-]
PASSED tests/single/bundle/test_storage_rules.py::test_rule[[OP-020]staked][paymaster][sstore_out_of_gas][drop-CALL:>]
PASSED tests/single/bundle/test_storage_rules.py::test_rule[[OP-020]staked][paymaster][sstore_out_of_gas][drop-DELEGATECALL:>]
PASSED tests/single/bundle/test_storage_rules.py::test_rule[[STO-000]unstaked][factory][no_storage][ok-]
PASSED tests/single/bundle/test_storage_rules.py::test_rule[[STO-000]unstaked][factory][no_storage][ok-CALL:>]
PASSED tests/single/bundle/test_storage_rules.py::test_rule[[STO-000]unstaked][factory][no_storage][ok-DELEGATECALL:>]
PASSED tests/single/bundle/test_storage_rules.py::test_rule[[STO-000]unstaked][factory][storage_read][drop-]
PASSED tests/single/bundle/test_storage_rules.py::test_rule[[STO-000]unstaked][factory][storage_read][drop-CALL:>]
PASSED tests/single/bundle/test_storage_rules.py::test_rule[[STO-000]unstaked][factory][storage_read][drop-DELEGATECALL:>]
PASSED tests/single/bundle/test_storage_rules.py::test_rule[[STO-000]unstaked][factory][storage_write][drop-]
PASSED tests/single/bundle/test_storage_rules.py::test_rule[[STO-000]unstaked][factory][storage_write][drop-CALL:>]
PASSED tests/single/bundle/test_storage_rules.py::test_rule[[STO-000]unstaked][factory][storage_write][drop-DELEGATECALL:>]
PASSED tests/single/bundle/test_storage_rules.py::test_rule[[STO-000]unstaked][factory][factory_reference_storage][drop-]
PASSED tests/single/bundle/test_storage_rules.py::test_rule[[STO-000]unstaked][factory][factory_reference_storage][drop-CALL:>]
PASSED tests/single/bundle/test_storage_rules.py::test_rule[[STO-000]unstaked][factory][factory_reference_storage][drop-DELEGATECALL:>]
PASSED tests/single/bundle/test_storage_rules.py::test_rule[[STO-032]unstaked][factory][factory_reference_storage_struct][drop-]
PASSED tests/single/bundle/test_storage_rules.py::test_rule[[STO-032]unstaked][factory][factory_reference_storage_struct][drop-CALL:>]
PASSED tests/single/bundle/test_storage_rules.py::test_rule[[STO-032]unstaked][factory][factory_reference_storage_struct][drop-DELEGATECALL:>]
PASSED tests/single/bundle/test_storage_rules.py::test_rule[[STO-010]unstaked][factory][account_storage][ok-]
PASSED tests/single/bundle/test_storage_rules.py::test_rule[[STO-010]unstaked][factory][account_storage][ok-CALL:>]
PASSED tests/single/bundle/test_storage_rules.py::test_rule[[STO-010]unstaked][factory][account_storage][ok-DELEGATECALL:>]
PASSED tests/single/bundle/test_storage_rules.py::test_rule[[STO-021]unstaked][factory][account_reference_storage][drop-]
PASSED tests/single/bundle/test_storage_rules.py::test_rule[[STO-021]unstaked][factory][account_reference_storage][drop-CALL:>]
PASSED tests/single/bundle/test_storage_rules.py::test_rule[[STO-021]unstaked][factory][account_reference_storage][drop-DELEGATECALL:>]
PASSED tests/single/bundle/test_storage_rules.py::test_rule[[STO-021]unstaked][factory][account_reference_storage_struct][drop-]
PASSED tests/single/bundle/test_storage_rules.py::test_rule[[STO-021]unstaked][factory][account_reference_storage_struct][drop-CALL:>]
PASSED tests/single/bundle/test_storage_rules.py::test_rule[[STO-021]unstaked][factory][account_reference_storage_struct][drop-DELEGATECALL:>]
PASSED tests/single/bundle/test_storage_rules.py::test_rule[[STO-000]unstaked][factory][external_storage_read][drop-]
PASSED tests/single/bundle/test_storage_rules.py::test_rule[[STO-000]unstaked][factory][external_storage_read][drop-CALL:>]
PASSED tests/single/bundle/test_storage_rules.py::test_rule[[STO-000]unstaked][factory][external_storage_read][drop-DELEGATECALL:>]
PASSED tests/single/bundle/test_storage_rules.py::test_rule[[OP-042]unstaked][factory][EXTCODEx_CALLx_undeployed_sender][ok-]
PASSED tests/single/bundle/test_storage_rules.py::test_rule[[OP-042]unstaked][factory][EXTCODEx_CALLx_undeployed_sender][ok-CALL:>]
PASSED tests/single/bundle/test_storage_rules.py::test_rule[[OP-042]unstaked][factory][EXTCODEx_CALLx_undeployed_sender][ok-DELEGATECALL:>]
PASSED tests/single/bundle/test_storage_rules.py::test_rule[[OP-041]unstaked][factory][EXTCODESIZE_undeployed_contract][drop-]
PASSED tests/single/bundle/test_storage_rules.py::test_rule[[OP-041]unstaked][factory][EXTCODESIZE_undeployed_contract][drop-CALL:>]
PASSED tests/single/bundle/test_storage_rules.py::test_rule[[OP-041]unstaked][factory][EXTCODESIZE_undeployed_contract][drop-DELEGATECALL:>]
PASSED tests/single/bundle/test_storage_rules.py::test_rule[[OP-041]unstaked][factory][EXTCODEHASH_undeployed_contract][drop-]
PASSED tests/single/bundle/test_storage_rules.py::test_rule[[OP-041]unstaked][factory][EXTCODEHASH_undeployed_contract][drop-CALL:>]
PASSED tests/single/bundle/test_storage_rules.py::test_rule[[OP-041]unstaked][factory][EXTCODEHASH_undeployed_contract][drop-DELEGATECALL:>]
PASSED tests/single/bundle/test_storage_rules.py::test_rule[[OP-041]unstaked][factory][EXTCODECOPY_undeployed_contract][drop-]
PASSED tests/single/bundle/test_storage_rules.py::test_rule[[OP-041]unstaked][factory][EXTCODECOPY_undeployed_contract][drop-CALL:>]
PASSED tests/single/bundle/test_storage_rules.py::test_rule[[OP-041]unstaked][factory][EXTCODECOPY_undeployed_contract][drop-DELEGATECALL:>]
PASSED tests/single/bundle/test_storage_rules.py::test_rule[[OP-041]unstaked][factory][CALL_undeployed_contract][drop-]
PASSED tests/single/bundle/test_storage_rules.py::test_rule[[OP-041]unstaked][factory][CALL_undeployed_contract][drop-CALL:>]
PASSED tests/single/bundle/test_storage_rules.py::test_rule[[OP-041]unstaked][factory][CALL_undeployed_contract][drop-DELEGATECALL:>]
PASSED tests/single/bundle/test_storage_rules.py::test_rule[[OP-041]unstaked][factory][CALLCODE_undeployed_contract][drop-]
PASSED tests/single/bundle/test_storage_rules.py::test_rule[[OP-041]unstaked][factory][CALLCODE_undeployed_contract][drop-CALL:>]
PASSED tests/single/bundle/test_storage_rules.py::test_rule[[OP-041]unstaked][factory][CALLCODE_undeployed_contract][drop-DELEGATECALL:>]
PASSED tests/single/bundle/test_storage_rules.py::test_rule[[OP-041]unstaked][factory][DELEGATECALL_undeployed_contract][drop-]
PASSED tests/single/bundle/test_storage_rules.py::test_rule[[OP-041]unstaked][factory][DELEGATECALL_undeployed_contract][drop-CALL:>]
PASSED tests/single/bundle/test_storage_rules.py::test_rule[[OP-041]unstaked][factory][DELEGATECALL_undeployed_contract][drop-DELEGATECALL:>]
PASSED tests/single/bundle/test_storage_rules.py::test_rule[[OP-041]unstaked][factory][STATICCALL_undeployed_contract][drop-]
PASSED tests/single/bundle/test_storage_rules.py::test_rule[[OP-041]unstaked][factory][STATICCALL_undeployed_contract][drop-CALL:>]
PASSED tests/single/bundle/test_storage_rules.py::test_rule[[OP-041]unstaked][factory][STATICCALL_undeployed_contract][drop-DELEGATECALL:>]
PASSED tests/single/bundle/test_storage_rules.py::test_rule[[OP-020]unstaked][factory][out_of_gas][drop-]
PASSED tests/single/bundle/test_storage_rules.py::test_rule[[OP-020]unstaked][factory][out_of_gas][drop-CALL:>]
PASSED tests/single/bundle/test_storage_rules.py::test_rule[[OP-020]unstaked][factory][out_of_gas][drop-DELEGATECALL:>]
PASSED tests/single/bundle/test_storage_rules.py::test_rule[[OP-020]unstaked][factory][sstore_out_of_gas][drop-]
PASSED tests/single/bundle/test_storage_rules.py::test_rule[[OP-020]unstaked][factory][sstore_out_of_gas][drop-CALL:>]
PASSED tests/single/bundle/test_storage_rules.py::test_rule[[OP-020]unstaked][factory][sstore_out_of_gas][drop-DELEGATECALL:>]
PASSED tests/single/bundle/test_storage_rules.py::test_rule[[STO-000]staked][factory][no_storage][ok-]
PASSED tests/single/bundle/test_storage_rules.py::test_rule[[STO-000]staked][factory][no_storage][ok-CALL:>]
PASSED tests/single/bundle/test_storage_rules.py::test_rule[[STO-000]staked][factory][no_storage][ok-DELEGATECALL:>]
PASSED tests/single/bundle/test_storage_rules.py::test_rule[[STO-031]staked][factory][storage_read][ok-]
PASSED tests/single/bundle/test_storage_rules.py::test_rule[[STO-031]staked][factory][storage_read][ok-CALL:>]
PASSED tests/single/bundle/test_storage_rules.py::test_rule[[STO-031]staked][factory][storage_read][ok-DELEGATECALL:>]
PASSED tests/single/bundle/test_storage_rules.py::test_rule[[STO-031]staked][factory][storage_write][ok-]
PASSED tests/single/bundle/test_storage_rules.py::test_rule[[STO-031]staked][factory][storage_write][ok-CALL:>]
PASSED tests/single/bundle/test_storage_rules.py::test_rule[[STO-031]staked][factory][storage_write][ok-DELEGATECALL:>]
PASSED tests/single/bundle/test_storage_rules.py::test_rule[[STO-032]staked][factory][factory_reference_storage][ok-]
PASSED tests/single/bundle/test_storage_rules.py::test_rule[[STO-032]staked][factory][factory_reference_storage][ok-CALL:>]
PASSED tests/single/bundle/test_storage_rules.py::test_rule[[STO-032]staked][factory][factory_reference_storage][ok-DELEGATECALL:>]
PASSED tests/single/bundle/test_storage_rules.py::test_rule[[STO-032]staked][factory][factory_reference_storage_struct][ok-]
PASSED tests/single/bundle/test_storage_rules.py::test_rule[[STO-032]staked][factory][factory_reference_storage_struct][ok-CALL:>]
PASSED tests/single/bundle/test_storage_rules.py::test_rule[[STO-032]staked][factory][factory_reference_storage_struct][ok-DELEGATECALL:>]
PASSED tests/single/bundle/test_storage_rules.py::test_rule[[STO-010]staked][factory][account_storage][ok-]
PASSED tests/single/bundle/test_storage_rules.py::test_rule[[STO-010]staked][factory][account_storage][ok-CALL:>]
PASSED tests/single/bundle/test_storage_rules.py::test_rule[[STO-010]staked][factory][account_storage][ok-DELEGATECALL:>]
PASSED tests/single/bundle/test_storage_rules.py::test_rule[[STO-021]staked][factory][account_reference_storage][ok-]
PASSED tests/single/bundle/test_storage_rules.py::test_rule[[STO-021]staked][factory][account_reference_storage][ok-CALL:>]
PASSED tests/single/bundle/test_storage_rules.py::test_rule[[STO-021]staked][factory][account_reference_storage][ok-DELEGATECALL:>]
PASSED tests/single/bundle/test_storage_rules.py::test_rule[[STO-021]staked][factory][account_reference_storage_struct][ok-]
PASSED tests/single/bundle/test_storage_rules.py::test_rule[[STO-021]staked][factory][account_reference_storage_struct][ok-CALL:>]
PASSED tests/single/bundle/test_storage_rules.py::test_rule[[STO-021]staked][factory][account_reference_storage_struct][ok-DELEGATECALL:>]
PASSED tests/single/bundle/test_storage_rules.py::test_rule[[STO-033]staked][factory][external_storage_write][drop-]
PASSED tests/single/bundle/test_storage_rules.py::test_rule[[STO-033]staked][factory][external_storage_write][drop-CALL:>]
PASSED tests/single/bundle/test_storage_rules.py::test_rule[[STO-033]staked][factory][external_storage_write][drop-DELEGATECALL:>]
PASSED tests/single/bundle/test_storage_rules.py::test_rule[[STO-033]staked][factory][external_storage_read][ok-]
PASSED tests/single/bundle/test_storage_rules.py::test_rule[[STO-033]staked][factory][external_storage_read][ok-CALL:>]
PASSED tests/single/bundle/test_storage_rules.py::test_rule[[STO-033]staked][factory][external_storage_read][ok-DELEGATECALL:>]
PASSED tests/single/bundle/test_storage_rules.py::test_rule[[OP-020]staked][factory][out_of_gas][drop-]
PASSED tests/single/bundle/test_storage_rules.py::test_rule[[OP-020]staked][factory][out_of_gas][drop-CALL:>]
PASSED tests/single/bundle/test_storage_rules.py::test_rule[[OP-020]staked][factory][out_of_gas][drop-DELEGATECALL:>]
PASSED tests/single/bundle/test_storage_rules.py::test_rule[[OP-020]staked][factory][sstore_out_of_gas][drop-]
PASSED tests/single/bundle/test_storage_rules.py::test_rule[[OP-020]staked][factory][sstore_out_of_gas][drop-CALL:>]
PASSED tests/single/bundle/test_storage_rules.py::test_rule[[OP-020]staked][factory][sstore_out_of_gas][drop-DELEGATECALL:>]
PASSED tests/single/bundle/test_storage_rules.py::test_rule[[STO-000]unstaked][account][no_storage][ok-]
PASSED tests/single/bundle/test_storage_rules.py::test_rule[[STO-000]unstaked][account][no_storage][ok-CALL:>]
PASSED tests/single/bundle/test_storage_rules.py::test_rule[[STO-000]unstaked][account][no_storage][ok-DELEGATECALL:>]
PASSED tests/single/bundle/test_storage_rules.py::test_rule[[STO-010]unstaked][account][account_storage][ok-]
PASSED tests/single/bundle/test_storage_rules.py::test_rule[[STO-010]unstaked][account][account_storage][ok-CALL:>]
PASSED tests/single/bundle/test_storage_rules.py::test_rule[[STO-010]unstaked][account][account_storage][ok-DELEGATECALL:>]
PASSED tests/single/bundle/test_storage_rules.py::test_rule[[STO-021]unstaked][account][account_reference_storage][ok-]
PASSED tests/single/bundle/test_storage_rules.py::test_rule[[STO-021]unstaked][account][account_reference_storage][ok-CALL:>]
PASSED tests/single/bundle/test_storage_rules.py::test_rule[[STO-021]unstaked][account][account_reference_storage][ok-DELEGATECALL:>]
PASSED tests/single/bundle/test_storage_rules.py::test_rule[[STO-022]unstaked][account][account_reference_storage_init_code][drop-]
PASSED tests/single/bundle/test_storage_rules.py::test_rule[[STO-022]unstaked][account][account_reference_storage_init_code][drop-CALL:>]
PASSED tests/single/bundle/test_storage_rules.py::test_rule[[STO-022]unstaked][account][account_reference_storage_init_code][drop-DELEGATECALL:>]
PASSED tests/single/bundle/test_storage_rules.py::test_rule[[STO-021]unstaked][account][account_reference_storage_struct][ok-]
PASSED tests/single/bundle/test_storage_rules.py::test_rule[[STO-021]unstaked][account][account_reference_storage_struct][ok-CALL:>]
PASSED tests/single/bundle/test_storage_rules.py::test_rule[[STO-021]unstaked][account][account_reference_storage_struct][ok-DELEGATECALL:>]
PASSED tests/single/bundle/test_storage_rules.py::test_rule[[STO-000]unstaked][account][external_storage_read][drop-]
PASSED tests/single/bundle/test_storage_rules.py::test_rule[[STO-000]unstaked][account][external_storage_read][drop-CALL:>]
PASSED tests/single/bundle/test_storage_rules.py::test_rule[[STO-000]unstaked][account][external_storage_read][drop-DELEGATECALL:>]
PASSED tests/single/bundle/test_storage_rules.py::test_rule[[OP-020]unstaked][account][out_of_gas][drop-]
PASSED tests/single/bundle/test_storage_rules.py::test_rule[[OP-020]unstaked][account][out_of_gas][drop-CALL:>]
PASSED tests/single/bundle/test_storage_rules.py::test_rule[[OP-020]unstaked][account][out_of_gas][drop-DELEGATECALL:>]
PASSED tests/single/bundle/test_storage_rules.py::test_rule[[OP-020]unstaked][account][sstore_out_of_gas][drop-]
PASSED tests/single/bundle/test_storage_rules.py::test_rule[[OP-020]unstaked][account][sstore_out_of_gas][drop-CALL:>]
PASSED tests/single/bundle/test_storage_rules.py::test_rule[[OP-020]unstaked][account][sstore_out_of_gas][drop-DELEGATECALL:>]
PASSED tests/single/bundle/test_storage_rules.py::test_rule[[STO-000]staked][account][no_storage][ok-]
PASSED tests/single/bundle/test_storage_rules.py::test_rule[[STO-000]staked][account][no_storage][ok-CALL:>]
PASSED tests/single/bundle/test_storage_rules.py::test_rule[[STO-000]staked][account][no_storage][ok-DELEGATECALL:>]
PASSED tests/single/bundle/test_storage_rules.py::test_rule[[STO-010]staked][account][account_storage][ok-]
PASSED tests/single/bundle/test_storage_rules.py::test_rule[[STO-010]staked][account][account_storage][ok-CALL:>]
PASSED tests/single/bundle/test_storage_rules.py::test_rule[[STO-010]staked][account][account_storage][ok-DELEGATECALL:>]
PASSED tests/single/bundle/test_storage_rules.py::test_rule[[STO-021]staked][account][account_reference_storage][ok-]
PASSED tests/single/bundle/test_storage_rules.py::test_rule[[STO-021]staked][account][account_reference_storage][ok-CALL:>]
PASSED tests/single/bundle/test_storage_rules.py::test_rule[[STO-021]staked][account][account_reference_storage][ok-DELEGATECALL:>]
PASSED tests/single/bundle/test_storage_rules.py::test_rule[[STO-021]staked][account][account_reference_storage_struct][ok-]
PASSED tests/single/bundle/test_storage_rules.py::test_rule[[STO-021]staked][account][account_reference_storage_struct][ok-CALL:>]
PASSED tests/single/bundle/test_storage_rules.py::test_rule[[STO-021]staked][account][account_reference_storage_struct][ok-DELEGATECALL:>]
PASSED tests/single/bundle/test_storage_rules.py::test_rule[[OP-020]staked][account][out_of_gas][drop-]
PASSED tests/single/bundle/test_storage_rules.py::test_rule[[OP-020]staked][account][out_of_gas][drop-CALL:>]
PASSED tests/single/bundle/test_storage_rules.py::test_rule[[OP-020]staked][account][out_of_gas][drop-DELEGATECALL:>]
PASSED tests/single/bundle/test_storage_rules.py::test_rule[[OP-020]staked][account][sstore_out_of_gas][drop-]
PASSED tests/single/bundle/test_storage_rules.py::test_rule[[OP-020]staked][account][sstore_out_of_gas][drop-CALL:>]
PASSED tests/single/bundle/test_storage_rules.py::test_rule[[OP-020]staked][account][sstore_out_of_gas][drop-DELEGATECALL:>]
PASSED tests/single/bundle/test_storage_rules.py::test_rule[[STO-033]staked][account][external_storage_write][drop-]
PASSED tests/single/bundle/test_storage_rules.py::test_rule[[STO-033]staked][account][external_storage_write][drop-CALL:>]
PASSED tests/single/bundle/test_storage_rules.py::test_rule[[STO-033]staked][account][external_storage_write][drop-DELEGATECALL:>]
PASSED tests/single/bundle/test_storage_rules.py::test_rule[[STO-033]staked][account][external_storage_read][ok-]
PASSED tests/single/bundle/test_storage_rules.py::test_rule[[STO-033]staked][account][external_storage_read][ok-CALL:>]
PASSED tests/single/bundle/test_storage_rules.py::test_rule[[STO-033]staked][account][external_storage_read][ok-DELEGATECALL:>]
PASSED tests/single/bundle/test_storage_rules.py::test_rule[[OP-011]unstaked][account][entryPoint_call_balanceOf][drop-]
PASSED tests/single/bundle/test_storage_rules.py::test_rule[[OP-011]unstaked][account][entryPoint_call_balanceOf][drop-CALL:>]
PASSED tests/single/bundle/test_storage_rules.py::test_rule[[OP-011]unstaked][account][entryPoint_call_balanceOf][drop-DELEGATECALL:>]
PASSED tests/single/bundle/test_storage_rules.py::test_rule[[OP-061]unstaked][account][eth_value_transfer_forbidden][drop-]
PASSED tests/single/bundle/test_storage_rules.py::test_rule[[OP-061]unstaked][account][eth_value_transfer_forbidden][drop-CALL:>]
PASSED tests/single/bundle/test_storage_rules.py::test_rule[[OP-061]unstaked][account][eth_value_transfer_forbidden][drop-DELEGATECALL:>]
PASSED tests/single/bundle/test_storage_rules.py::test_rule[[OP-053]unstaked][account][eth_value_transfer_entryPoint][ok-]
PASSED tests/single/bundle/test_storage_rules.py::test_rule[[OP-053]unstaked][account][eth_value_transfer_entryPoint][ok-CALL:>]
PASSED tests/single/bundle/test_storage_rules.py::test_rule[[OP-053]unstaked][account][eth_value_transfer_entryPoint][ok-DELEGATECALL:>]
PASSED tests/single/bundle/test_storage_rules.py::test_rule[[OP-052]unstaked][account][eth_value_transfer_entryPoint_depositTo][ok-]
PASSED tests/single/bundle/test_storage_rules.py::test_rule[[OP-052]unstaked][account][eth_value_transfer_entryPoint_depositTo][ok-CALL:>]
PASSED tests/single/bundle/test_storage_rules.py::test_rule[[OP-052]unstaked][account][eth_value_transfer_entryPoint_depositTo][ok-DELEGATECALL:>]
PASSED tests/single/bundle/test_storage_rules.py::test_rule[[OP-041]unstaked][account][EXTCODESIZE_undeployed_contract][drop-]
PASSED tests/single/bundle/test_storage_rules.py::test_rule[[OP-041]unstaked][account][EXTCODESIZE_undeployed_contract][drop-CALL:>]
PASSED tests/single/bundle/test_storage_rules.py::test_rule[[OP-041]unstaked][account][EXTCODESIZE_undeployed_contract][drop-DELEGATECALL:>]
PASSED tests/single/bundle/test_storage_rules.py::test_rule[[OP-041]unstaked][account][EXTCODEHASH_undeployed_contract][drop-]
PASSED tests/single/bundle/test_storage_rules.py::test_rule[[OP-041]unstaked][account][EXTCODEHASH_undeployed_contract][drop-CALL:>]
PASSED tests/single/bundle/test_storage_rules.py::test_rule[[OP-041]unstaked][account][EXTCODEHASH_undeployed_contract][drop-DELEGATECALL:>]
PASSED tests/single/bundle/test_storage_rules.py::test_rule[[OP-041]unstaked][account][EXTCODECOPY_undeployed_contract][drop-]
PASSED tests/single/bundle/test_storage_rules.py::test_rule[[OP-041]unstaked][account][EXTCODECOPY_undeployed_contract][drop-CALL:>]
PASSED tests/single/bundle/test_storage_rules.py::test_rule[[OP-041]unstaked][account][EXTCODECOPY_undeployed_contract][drop-DELEGATECALL:>]
PASSED tests/single/bundle/test_storage_rules.py::test_rule[[OP-054]unstaked][account][EXTCODESIZE_entrypoint][drop-]
PASSED tests/single/bundle/test_storage_rules.py::test_rule[[OP-054]unstaked][account][EXTCODESIZE_entrypoint][drop-CALL:>]
PASSED tests/single/bundle/test_storage_rules.py::test_rule[[OP-054]unstaked][account][EXTCODESIZE_entrypoint][drop-DELEGATECALL:>]
PASSED tests/single/bundle/test_storage_rules.py::test_rule[[OP-054]unstaked][account][EXTCODEHASH_entrypoint][drop-]
PASSED tests/single/bundle/test_storage_rules.py::test_rule[[OP-054]unstaked][account][EXTCODEHASH_entrypoint][drop-CALL:>]
PASSED tests/single/bundle/test_storage_rules.py::test_rule[[OP-054]unstaked][account][EXTCODEHASH_entrypoint][drop-DELEGATECALL:>]
PASSED tests/single/bundle/test_storage_rules.py::test_rule[[OP-054]unstaked][account][EXTCODECOPY_entrypoint][drop-]
PASSED tests/single/bundle/test_storage_rules.py::test_rule[[OP-054]unstaked][account][EXTCODECOPY_entrypoint][drop-CALL:>]
PASSED tests/single/bundle/test_storage_rules.py::test_rule[[OP-054]unstaked][account][EXTCODECOPY_entrypoint][drop-DELEGATECALL:>]
PASSED tests/single/bundle/test_storage_rules.py::test_rule[[OP-041]unstaked][account][CALL_undeployed_contract][drop-]
PASSED tests/single/bundle/test_storage_rules.py::test_rule[[OP-041]unstaked][account][CALL_undeployed_contract][drop-CALL:>]
PASSED tests/single/bundle/test_storage_rules.py::test_rule[[OP-041]unstaked][account][CALL_undeployed_contract][drop-DELEGATECALL:>]
PASSED tests/single/bundle/test_storage_rules.py::test_rule[[OP-041]unstaked][account][CALLCODE_undeployed_contract][drop-]
PASSED tests/single/bundle/test_storage_rules.py::test_rule[[OP-041]unstaked][account][CALLCODE_undeployed_contract][drop-CALL:>]
PASSED tests/single/bundle/test_storage_rules.py::test_rule[[OP-041]unstaked][account][CALLCODE_undeployed_contract][drop-DELEGATECALL:>]
PASSED tests/single/bundle/test_storage_rules.py::test_rule[[OP-041]unstaked][account][DELEGATECALL_undeployed_contract][drop-]
PASSED tests/single/bundle/test_storage_rules.py::test_rule[[OP-041]unstaked][account][DELEGATECALL_undeployed_contract][drop-CALL:>]
PASSED tests/single/bundle/test_storage_rules.py::test_rule[[OP-041]unstaked][account][DELEGATECALL_undeployed_contract][drop-DELEGATECALL:>]
PASSED tests/single/bundle/test_storage_rules.py::test_rule[[OP-041]unstaked][account][STATICCALL_undeployed_contract][drop-]
PASSED tests/single/bundle/test_storage_rules.py::test_rule[[OP-041]unstaked][account][STATICCALL_undeployed_contract][drop-CALL:>]
PASSED tests/single/bundle/test_storage_rules.py::test_rule[[OP-041]unstaked][account][STATICCALL_undeployed_contract][drop-DELEGATECALL:>]
PASSED tests/single/bundle/test_storage_rules.py::test_rule[[OP-062]unstaked][account][CALL_undeployed_contract_allowed_precompile][ok-]
PASSED tests/single/bundle/test_storage_rules.py::test_rule[[OP-062]unstaked][account][CALL_undeployed_contract_allowed_precompile][ok-CALL:>]
PASSED tests/single/bundle/test_storage_rules.py::test_rule[[OP-062]unstaked][account][CALL_undeployed_contract_allowed_precompile][ok-DELEGATECALL:>]
PASSED tests/single/eip7702/test_eip7702_tuple_userop.py::test_send_bad_eip_7702_drop_userop
PASSED tests/single/gas/test_eip_7623.py::test_huge_calldata_failed
PASSED tests/single/gas/test_eip_7623.py::test_huge_calldata_with_callgas
PASSED tests/single/gas/test_eip_7623.py::test_estimate_huge_calldata
PASSED tests/single/opbanning/test_create.py::test_account_no_factory[CREATE]
PASSED tests/single/opbanning/test_create.py::test_account_no_factory[CREATE2]
PASSED tests/single/opbanning/test_create.py::test_paymaster_banned_create[CREATE]
PASSED tests/single/opbanning/test_create.py::test_paymaster_banned_create[CREATE2]
PASSED tests/single/opbanning/test_create.py::test_account_create2_once
PASSED tests/single/opbanning/test_op_banning.py::test_account_banned_opcode[GAS-]
PASSED tests/single/opbanning/test_op_banning.py::test_account_banned_opcode[GAS-CALL:>]
PASSED tests/single/opbanning/test_op_banning.py::test_account_banned_opcode[GAS-DELEGATECALL:>]
PASSED tests/single/opbanning/test_op_banning.py::test_account_banned_opcode[NUMBER-]
PASSED tests/single/opbanning/test_op_banning.py::test_account_banned_opcode[NUMBER-CALL:>]
PASSED tests/single/opbanning/test_op_banning.py::test_account_banned_opcode[NUMBER-DELEGATECALL:>]
PASSED tests/single/opbanning/test_op_banning.py::test_account_banned_opcode[TIMESTAMP-]
PASSED tests/single/opbanning/test_op_banning.py::test_account_banned_opcode[TIMESTAMP-CALL:>]
PASSED tests/single/opbanning/test_op_banning.py::test_account_banned_opcode[TIMESTAMP-DELEGATECALL:>]
PASSED tests/single/opbanning/test_op_banning.py::test_account_banned_opcode[COINBASE-]
PASSED tests/single/opbanning/test_op_banning.py::test_account_banned_opcode[COINBASE-CALL:>]
PASSED tests/single/opbanning/test_op_banning.py::test_account_banned_opcode[COINBASE-DELEGATECALL:>]
PASSED tests/single/opbanning/test_op_banning.py::test_account_banned_opcode[DIFFICULTY-]
PASSED tests/single/opbanning/test_op_banning.py::test_account_banned_opcode[DIFFICULTY-CALL:>]
PASSED tests/single/opbanning/test_op_banning.py::test_account_banned_opcode[DIFFICULTY-DELEGATECALL:>]
PASSED tests/single/opbanning/test_op_banning.py::test_account_banned_opcode[BASEFEE-]
PASSED tests/single/opbanning/test_op_banning.py::test_account_banned_opcode[BASEFEE-CALL:>]
PASSED tests/single/opbanning/test_op_banning.py::test_account_banned_opcode[BASEFEE-DELEGATECALL:>]
PASSED tests/single/opbanning/test_op_banning.py::test_account_banned_opcode[GASLIMIT-]
PASSED tests/single/opbanning/test_op_banning.py::test_account_banned_opcode[GASLIMIT-CALL:>]
PASSED tests/single/opbanning/test_op_banning.py::test_account_banned_opcode[GASLIMIT-DELEGATECALL:>]
PASSED tests/single/opbanning/test_op_banning.py::test_account_banned_opcode[GASPRICE-]
PASSED tests/single/opbanning/test_op_banning.py::test_account_banned_opcode[GASPRICE-CALL:>]
PASSED tests/single/opbanning/test_op_banning.py::test_account_banned_opcode[GASPRICE-DELEGATECALL:>]
PASSED tests/single/opbanning/test_op_banning.py::test_account_banned_opcode[SELFBALANCE-]
PASSED tests/single/opbanning/test_op_banning.py::test_account_banned_opcode[SELFBALANCE-CALL:>]
PASSED tests/single/opbanning/test_op_banning.py::test_account_banned_opcode[SELFBALANCE-DELEGATECALL:>]
PASSED tests/single/opbanning/test_op_banning.py::test_account_banned_opcode[BALANCE-]
PASSED tests/single/opbanning/test_op_banning.py::test_account_banned_opcode[BALANCE-CALL:>]
PASSED tests/single/opbanning/test_op_banning.py::test_account_banned_opcode[BALANCE-DELEGATECALL:>]
PASSED tests/single/opbanning/test_op_banning.py::test_account_banned_opcode[ORIGIN-]
PASSED tests/single/opbanning/test_op_banning.py::test_account_banned_opcode[ORIGIN-CALL:>]
PASSED tests/single/opbanning/test_op_banning.py::test_account_banned_opcode[ORIGIN-DELEGATECALL:>]
PASSED tests/single/opbanning/test_op_banning.py::test_account_banned_opcode[BLOCKHASH-]
PASSED tests/single/opbanning/test_op_banning.py::test_account_banned_opcode[BLOCKHASH-CALL:>]
PASSED tests/single/opbanning/test_op_banning.py::test_account_banned_opcode[BLOCKHASH-DELEGATECALL:>]
PASSED tests/single/opbanning/test_op_banning.py::test_account_banned_opcode[CREATE-]
PASSED tests/single/opbanning/test_op_banning.py::test_account_banned_opcode[CREATE-CALL:>]
PASSED tests/single/opbanning/test_op_banning.py::test_account_banned_opcode[CREATE-DELEGATECALL:>]
PASSED tests/single/opbanning/test_op_banning.py::test_account_banned_opcode[CREATE2-]
PASSED tests/single/opbanning/test_op_banning.py::test_account_banned_opcode[CREATE2-CALL:>]
PASSED tests/single/opbanning/test_op_banning.py::test_account_banned_opcode[CREATE2-DELEGATECALL:>]
PASSED tests/single/opbanning/test_op_banning.py::test_account_banned_opcode[SELFDESTRUCT-]
PASSED tests/single/opbanning/test_op_banning.py::test_account_banned_opcode[SELFDESTRUCT-CALL:>]
PASSED tests/single/opbanning/test_op_banning.py::test_account_banned_opcode[SELFDESTRUCT-DELEGATECALL:>]
PASSED tests/single/opbanning/test_op_banning.py::test_account_allowed_opcode_when_staked[BALANCE-]
PASSED tests/single/opbanning/test_op_banning.py::test_account_allowed_opcode_when_staked[BALANCE-CALL:>]
PASSED tests/single/opbanning/test_op_banning.py::test_account_allowed_opcode_when_staked[BALANCE-DELEGATECALL:>]
PASSED tests/single/opbanning/test_op_banning.py::test_account_allowed_opcode_when_staked[SELFBALANCE-]
PASSED tests/single/opbanning/test_op_banning.py::test_account_allowed_opcode_when_staked[SELFBALANCE-CALL:>]
PASSED tests/single/opbanning/test_op_banning.py::test_account_allowed_opcode_when_staked[SELFBALANCE-DELEGATECALL:>]
PASSED tests/single/opbanning/test_op_banning.py::test_account_allowed_opcode_sequence[GAS CALL-]
PASSED tests/single/opbanning/test_op_banning.py::test_account_allowed_opcode_sequence[GAS CALL-CALL:>]
PASSED tests/single/opbanning/test_op_banning.py::test_account_allowed_opcode_sequence[GAS CALL-DELEGATECALL:>]
PASSED tests/single/opbanning/test_op_banning.py::test_account_allowed_opcode_sequence[GAS DELEGATECALL-]
PASSED tests/single/opbanning/test_op_banning.py::test_account_allowed_opcode_sequence[GAS DELEGATECALL-CALL:>]
PASSED tests/single/opbanning/test_op_banning.py::test_account_allowed_opcode_sequence[GAS DELEGATECALL-DELEGATECALL:>]
PASSED tests/single/opbanning/test_op_banning.py::test_paymaster_banned_opcode[GAS-]
PASSED tests/single/opbanning/test_op_banning.py::test_paymaster_banned_opcode[GAS-CALL:>]
PASSED tests/single/opbanning/test_op_banning.py::test_paymaster_banned_opcode[GAS-DELEGATECALL:>]
PASSED tests/single/opbanning/test_op_banning.py::test_paymaster_banned_opcode[NUMBER-]
PASSED tests/single/opbanning/test_op_banning.py::test_paymaster_banned_opcode[NUMBER-CALL:>]
PASSED tests/single/opbanning/test_op_banning.py::test_paymaster_banned_opcode[NUMBER-DELEGATECALL:>]
PASSED tests/single/opbanning/test_op_banning.py::test_paymaster_banned_opcode[TIMESTAMP-]
PASSED tests/single/opbanning/test_op_banning.py::test_paymaster_banned_opcode[TIMESTAMP-CALL:>]
PASSED tests/single/opbanning/test_op_banning.py::test_paymaster_banned_opcode[TIMESTAMP-DELEGATECALL:>]
PASSED tests/single/opbanning/test_op_banning.py::test_paymaster_banned_opcode[COINBASE-]
PASSED tests/single/opbanning/test_op_banning.py::test_paymaster_banned_opcode[COINBASE-CALL:>]
PASSED tests/single/opbanning/test_op_banning.py::test_paymaster_banned_opcode[COINBASE-DELEGATECALL:>]
PASSED tests/single/opbanning/test_op_banning.py::test_paymaster_banned_opcode[DIFFICULTY-]
PASSED tests/single/opbanning/test_op_banning.py::test_paymaster_banned_opcode[DIFFICULTY-CALL:>]
PASSED tests/single/opbanning/test_op_banning.py::test_paymaster_banned_opcode[DIFFICULTY-DELEGATECALL:>]
PASSED tests/single/opbanning/test_op_banning.py::test_paymaster_banned_opcode[BASEFEE-]
PASSED tests/single/opbanning/test_op_banning.py::test_paymaster_banned_opcode[BASEFEE-CALL:>]
PASSED tests/single/opbanning/test_op_banning.py::test_paymaster_banned_opcode[BASEFEE-DELEGATECALL:>]
PASSED tests/single/opbanning/test_op_banning.py::test_paymaster_banned_opcode[GASLIMIT-]
PASSED tests/single/opbanning/test_op_banning.py::test_paymaster_banned_opcode[GASLIMIT-CALL:>]
PASSED tests/single/opbanning/test_op_banning.py::test_paymaster_banned_opcode[GASLIMIT-DELEGATECALL:>]
PASSED tests/single/opbanning/test_op_banning.py::test_paymaster_banned_opcode[GASPRICE-]
PASSED tests/single/opbanning/test_op_banning.py::test_paymaster_banned_opcode[GASPRICE-CALL:>]
PASSED tests/single/opbanning/test_op_banning.py::test_paymaster_banned_opcode[GASPRICE-DELEGATECALL:>]
PASSED tests/single/opbanning/test_op_banning.py::test_paymaster_banned_opcode[SELFBALANCE-]
PASSED tests/single/opbanning/test_op_banning.py::test_paymaster_banned_opcode[SELFBALANCE-CALL:>]
PASSED tests/single/opbanning/test_op_banning.py::test_paymaster_banned_opcode[SELFBALANCE-DELEGATECALL:>]
PASSED tests/single/opbanning/test_op_banning.py::test_paymaster_banned_opcode[BALANCE-]
PASSED tests/single/opbanning/test_op_banning.py::test_paymaster_banned_opcode[BALANCE-CALL:>]
PASSED tests/single/opbanning/test_op_banning.py::test_paymaster_banned_opcode[BALANCE-DELEGATECALL:>]
PASSED tests/single/opbanning/test_op_banning.py::test_paymaster_banned_opcode[ORIGIN-]
PASSED tests/single/opbanning/test_op_banning.py::test_paymaster_banned_opcode[ORIGIN-CALL:>]
PASSED tests/single/opbanning/test_op_banning.py::test_paymaster_banned_opcode[ORIGIN-DELEGATECALL:>]
PASSED tests/single/opbanning/test_op_banning.py::test_paymaster_banned_opcode[BLOCKHASH-]
PASSED tests/single/opbanning/test_op_banning.py::test_paymaster_banned_opcode[BLOCKHASH-CALL:>]
PASSED tests/single/opbanning/test_op_banning.py::test_paymaster_banned_opcode[BLOCKHASH-DELEGATECALL:>]
PASSED tests/single/opbanning/test_op_banning.py::test_paymaster_banned_opcode[CREATE-]
PASSED tests/single/opbanning/test_op_banning.py::test_paymaster_banned_opcode[CREATE-CALL:>]
PASSED tests/single/opbanning/test_op_banning.py::test_paymaster_banned_opcode[CREATE-DELEGATECALL:>]
PASSED tests/single/opbanning/test_op_banning.py::test_paymaster_banned_opcode[CREATE2-]
PASSED tests/single/opbanning/test_op_banning.py::test_paymaster_banned_opcode[CREATE2-CALL:>]
PASSED tests/single/opbanning/test_op_banning.py::test_paymaster_banned_opcode[CREATE2-DELEGATECALL:>]
PASSED tests/single/opbanning/test_op_banning.py::test_paymaster_banned_opcode[SELFDESTRUCT-]
PASSED tests/single/opbanning/test_op_banning.py::test_paymaster_banned_opcode[SELFDESTRUCT-CALL:>]
PASSED tests/single/opbanning/test_op_banning.py::test_paymaster_banned_opcode[SELFDESTRUCT-DELEGATECALL:>]
PASSED tests/single/opbanning/test_op_banning.py::test_paymaster_allowed_opcode_when_staked[BALANCE]
PASSED tests/single/opbanning/test_op_banning.py::test_paymaster_allowed_opcode_when_staked[SELFBALANCE]
PASSED tests/single/opbanning/test_op_banning.py::test_factory_banned_opcode[GAS]
PASSED tests/single/opbanning/test_op_banning.py::test_factory_banned_opcode[NUMBER]
PASSED tests/single/opbanning/test_op_banning.py::test_factory_banned_opcode[TIMESTAMP]
PASSED tests/single/opbanning/test_op_banning.py::test_factory_banned_opcode[COINBASE]
PASSED tests/single/opbanning/test_op_banning.py::test_factory_banned_opcode[DIFFICULTY]
PASSED tests/single/opbanning/test_op_banning.py::test_factory_banned_opcode[BASEFEE]
PASSED tests/single/opbanning/test_op_banning.py::test_factory_banned_opcode[GASLIMIT]
PASSED tests/single/opbanning/test_op_banning.py::test_factory_banned_opcode[GASPRICE]
PASSED tests/single/opbanning/test_op_banning.py::test_factory_banned_opcode[SELFBALANCE]
PASSED tests/single/opbanning/test_op_banning.py::test_factory_banned_opcode[BALANCE]
PASSED tests/single/opbanning/test_op_banning.py::test_factory_banned_opcode[ORIGIN]
PASSED tests/single/opbanning/test_op_banning.py::test_factory_banned_opcode[BLOCKHASH]
PASSED tests/single/opbanning/test_op_banning.py::test_factory_banned_opcode[CREATE]
PASSED tests/single/opbanning/test_op_banning.py::test_factory_banned_opcode[CREATE2]
PASSED tests/single/opbanning/test_op_banning.py::test_factory_banned_opcode[SELFDESTRUCT]
PASSED tests/single/opbanning/test_op_banning.py::test_factory_allowed_opcode_when_staked[BALANCE]
PASSED tests/single/opbanning/test_op_banning.py::test_factory_allowed_opcode_when_staked[SELFBALANCE]
PASSED tests/single/reputation/test_erep.py::test_staked_factory_on_account_failure
PASSED tests/single/rpc/test_eth_chainId.py::test_eth_chainId[]
PASSED tests/single/rpc/test_eth_estimateUserOperationGas.py::test_eth_estimateUserOperationGas[]
PASSED tests/single/rpc/test_eth_estimateUserOperationGas.py::test_eth_estimateUserOperationGas_execution_revert
PASSED tests/single/rpc/test_eth_estimateUserOperationGas.py::test_eth_estimateUserOperationGas_simulation_revert
PASSED tests/single/rpc/test_eth_getUserOperationByHash.py::test_eth_getUserOperationByHash_error
PASSED tests/single/rpc/test_eth_getUserOperationReceipt.py::test_eth_getUserOperationReceipt[]
PASSED tests/single/rpc/test_eth_getUserOperationReceipt.py::test_eth_getUserOperationReceipt_error
PASSED tests/single/rpc/test_eth_sendUserOperation.py::test_eth_sendUserOperation[]
PASSED tests/single/rpc/test_eth_sendUserOperation.py::test_eth_sendUserOperation_revert
PASSED tests/single/rpc/test_eth_sendUserOperation.py::test_eth_sendUserOperation_invalid_signature
PASSED tests/single/rpc/test_eth_supportedEntryPoints.py::test_eth_supportedEntryPoints[]
SKIPPED [1] tests/single/gas/test_pre_verification_gas_calculation.py:15: Slow and requires fixing
SKIPPED [9] tests/single/bundle/test_bundle.py:123: skipped
SKIPPED [1] tests/single/bundle/test_codehash.py:54: no self destruct. can't check code change..
SKIPPED [2] tests/single/reputation/test_reputation.py:61: skipped
FAILED tests/single/bundle/test_storage_rules.py::test_rule[[EREP-050]unstaked][paymaster][context][drop-] - AttributeError: 'Ok' object has no attribute 'message'
FAILED tests/single/bundle/test_storage_rules.py::test_rule[[EREP-050]unstaked][paymaster][context][drop-CALL:>] - AttributeError: 'Ok' object has no attribute 'message'
FAILED tests/single/bundle/test_storage_rules.py::test_rule[[EREP-050]unstaked][paymaster][context][drop-DELEGATECALL:>] - AttributeError: 'Ok' object has no attribute 'message'
FAILED tests/single/bundle/test_storage_rules.py::test_rule[[STO-022]unstaked][account][account_reference_storage_init_code][ok-] - AttributeError: expected result object, got:
Error(code=-32502, message='factory uses banned opcode: CREATE', data=None, id=496)
FAILED tests/single/bundle/test_storage_rules.py::test_rule[[STO-022]unstaked][account][account_reference_storage_init_code][ok-CALL:>] - AttributeError: expected result object, got:
Error(code=-32502, message='factory uses banned opcode: CREATE', data=None, id=498)
FAILED tests/single/bundle/test_storage_rules.py::test_rule[[STO-022]unstaked][account][account_reference_storage_init_code][ok-DELEGATECALL:>] - AttributeError: expected result object, got:
Error(code=-32502, message='factory uses banned opcode: CREATE', data=None, id=500)
FAILED tests/single/bundle/test_storage_rules.py::test_rule[[STO-022]unstaked][paymaster][account_reference_storage_init_code][ok-] - AttributeError: expected result object, got:
Error(code=-32502, message='factory uses banned opcode: CREATE', data=None, id=502)
FAILED tests/single/bundle/test_storage_rules.py::test_rule[[STO-022]unstaked][paymaster][account_reference_storage_init_code][ok-CALL:>] - AttributeError: expected result object, got:
Error(code=-32502, message='factory uses banned opcode: CREATE', data=None, id=504)
FAILED tests/single/bundle/test_storage_rules.py::test_rule[[STO-022]unstaked][paymaster][account_reference_storage_init_code][ok-DELEGATECALL:>] - AttributeError: expected result object, got:
Error(code=-32502, message='factory uses banned opcode: CREATE', data=None, id=506)
FAILED tests/single/eip7702/test_eip7702_tuple_userop.py::test_send_eip_7702_tx - AttributeError: expected result object, got:
Error(code=-32500, message='FailedOp(0,"AA20 account not deployed")', data=None, id=670)
FAILED tests/single/eip7702/test_eip7702_tuple_userop.py::test_send_eip_7702_tx_with_initcode - AttributeError: expected result object, got:
Error(code=-32602, message='invalid factory', data=None, id=672)
FAILED tests/single/eip7702/test_eip7702_tuple_userop.py::test_send_eip_7702_tx_with_flag_no_initcode - AttributeError: expected result object, got:
Error(code=-32602, message='invalid factory', data=None, id=674)
FAILED tests/single/eip7702/test_eip7702_tuple_userop.py::test_send_post_eip_7702_tx[0] - AttributeError: expected result object, got:
Error(code=-32500, message='FailedOp(0,"AA20 account not deployed")', data=None, id=676)
FAILED tests/single/eip7702/test_eip7702_tuple_userop.py::test_send_post_eip_7702_tx[1337] - AttributeError: expected result object, got:
Error(code=-32500, message='FailedOp(0,"AA20 account not deployed")', data=None, id=678)
FAILED tests/single/eip7702/test_eip7702_tuple_userop.py::test_send_nonsender_eip_7702_drop_userop - AttributeError: expected error object, got:
Ok(result='0x89b62edc1fc205a52466cbcb2f097ba9bdbac672778bd20b3d7f88d06cb71791', id=682)
FAILED tests/single/eip7702/test_eip7702_tuple_userop.py::test_send_wrongchain_eip_7702_drop_userop - AttributeError: expected result object, got:
Error(code=-32500, message='FailedOp(0,"AA20 account not deployed")', data=None, id=684)
FAILED tests/single/gas/test_eip_7623.py::test_normal_calldata - AttributeError: expected result object, got:
Error(code=-32602, message='preVerificationGas too low: expected at least 51392, provided only 42000)', data=None, id=686)
FAILED tests/single/opbanning/test_create.py::test_account_create_with_factory[factory=unstaked,op=CREATE,expect=ok,rule=OP-032] - AttributeError: expected result object, got:
Error(code=-32502, message='factory uses banned opcode: CREATE', data=None, id=705)
FAILED tests/single/opbanning/test_create.py::test_account_create_with_factory[factory=unstaked,op=CREATE2,expect=err,rule=OP-032] - AssertionError: assert 'account uses banned opcode: create2' in 'factory uses banned opcode: create'
 +  where 'account uses banned opcode: create2' = <built-in method lower of str object at 0x7f4b02476b50>()
 +    where <built-in method lower of str object at 0x7f4b02476b50> = 'account uses banned opcode: CREATE2'.lower
 +  and   'factory uses banned opcode: create' = <built-in method lower of str object at 0x7f4b02476df0>()
 +    where <built-in method lower of str object at 0x7f4b02476df0> = 'factory uses banned opcode: CREATE'.lower
 +      where 'factory uses banned opcode: CREATE' = Error(code=-32502, message='factory uses banned opcode: CREATE', data=None, id=707).message
FAILED tests/single/opbanning/test_create.py::test_account_create_with_factory[factory=staked,op=CREATE,expect=ok,rule=EREP-060] - AttributeError: expected result object, got:
Error(code=-32502, message='factory uses banned opcode: CREATE', data=None, id=709)
FAILED tests/single/opbanning/test_create.py::test_account_create_with_factory[factory=staked,op=nested-CREATE,expect=err,rule=EREP-060] - AssertionError: assert 'account uses banned opcode: create' in 'factory uses banned opcode: create'
 +  where 'account uses banned opcode: create' = <built-in method lower of str object at 0x7f4b02476d90>()
 +    where <built-in method lower of str object at 0x7f4b02476d90> = 'account uses banned opcode: CREATE'.lower
 +  and   'factory uses banned opcode: create' = <built-in method lower of str object at 0x7f4b02477b10>()
 +    where <built-in method lower of str object at 0x7f4b02477b10> = 'factory uses banned opcode: CREATE'.lower
 +      where 'factory uses banned opcode: CREATE' = Error(code=-32502, message='factory uses banned opcode: CREATE', data=None, id=711).message
FAILED tests/single/opbanning/test_create.py::test_account_create_with_factory[factory=staked,op=nested-CREATE2,expect=err,rule=EREP-060] - AssertionError: assert 'account uses banned opcode: create2' in 'factory uses banned opcode: create'
 +  where 'account uses banned opcode: create2' = <built-in method lower of str object at 0x7f4b02477b10>()
 +    where <built-in method lower of str object at 0x7f4b02477b10> = 'account uses banned opcode: CREATE2'.lower
 +  and   'factory uses banned opcode: create' = <built-in method lower of str object at 0x7f4b02477210>()
 +    where <built-in method lower of str object at 0x7f4b02477210> = 'factory uses banned opcode: CREATE'.lower
 +      where 'factory uses banned opcode: CREATE' = Error(code=-32502, message='factory uses banned opcode: CREATE', data=None, id=713).message
FAILED tests/single/opbanning/test_create.py::test_account_create_with_factory[factory=staked,op=CREATE2,expect=ok,rule=EREP-060] - AttributeError: expected result object, got:
Error(code=-32502, message='factory uses banned opcode: CREATE', data=None, id=715)
FAILED tests/single/opbanning/test_op_banning.py::test_account_banned_opcode[BLOBHASH-] - AttributeError: expected error object, got:
Ok(result='0x1197cc49945755867ba58d8b0fe7aa3014d0aec693fef1e2217d4c91443712ac', id=807)
FAILED tests/single/opbanning/test_op_banning.py::test_account_banned_opcode[BLOBHASH-CALL:>] - AttributeError: expected error object, got:
Ok(result='0xd69d55c7243f28acc46153fc56014d1174ce92e493b5da72df859473f340d527', id=809)
FAILED tests/single/opbanning/test_op_banning.py::test_account_banned_opcode[BLOBHASH-DELEGATECALL:>] - AttributeError: expected error object, got:
Ok(result='0x68e86502bd91ca96b5c1bd6b764fac6435465d52b473ce7432c9a32d40b930ff', id=811)
FAILED tests/single/opbanning/test_op_banning.py::test_account_banned_opcode[BLOBBASEFEE-] - AttributeError: expected error object, got:
Ok(result='0x27644124c158ddd9a76aeab7a944d3367b5f456015711b02b2e4abdb8f4b2e62', id=813)
FAILED tests/single/opbanning/test_op_banning.py::test_account_banned_opcode[BLOBBASEFEE-CALL:>] - AttributeError: expected error object, got:
Ok(result='0x0dbc5d397d753189d17cc6c96ccbc5608039caf633c9a0611078fae2b3435abc', id=815)
FAILED tests/single/opbanning/test_op_banning.py::test_account_banned_opcode[BLOBBASEFEE-DELEGATECALL:>] - AttributeError: expected error object, got:
Ok(result='0xbb40ecb9d32b1045d15f4bb91826a3bcdf8d94441df2ddba77a1d909b75eeedb', id=817)
FAILED tests/single/opbanning/test_op_banning.py::test_paymaster_banned_opcode[BLOBHASH-] - AttributeError: expected error object, got:
Ok(result='0xdb3dfdfb9c913667240c209675a5b5e9c5c40c420fc05247b5d3345bd5cb4ae4', id=933)
FAILED tests/single/opbanning/test_op_banning.py::test_paymaster_banned_opcode[BLOBHASH-CALL:>] - AttributeError: expected error object, got:
Ok(result='0x5a7a759f11e8bdb17f006662e452936bc7dd0db2eac4b065bc3f3c672de6a6df', id=935)
FAILED tests/single/opbanning/test_op_banning.py::test_paymaster_banned_opcode[BLOBHASH-DELEGATECALL:>] - AttributeError: expected error object, got:
Ok(result='0x4c60076395cc108539e515168ec3dd6fb0eede6259b7e51983c9ea6aac69878b', id=937)
FAILED tests/single/opbanning/test_op_banning.py::test_paymaster_banned_opcode[BLOBBASEFEE-] - AttributeError: expected error object, got:
Ok(result='0x62f5d4cdf62b77b7c75e95679039768bec5407cbfaa1e3c7a081159e68544c5c', id=939)
FAILED tests/single/opbanning/test_op_banning.py::test_paymaster_banned_opcode[BLOBBASEFEE-CALL:>] - AttributeError: expected error object, got:
Ok(result='0xb876cc46f51067793d440547fa3166d4242256875e07b94fd851729085e1b258', id=941)
FAILED tests/single/opbanning/test_op_banning.py::test_paymaster_banned_opcode[BLOBBASEFEE-DELEGATECALL:>] - AttributeError: expected error object, got:
Ok(result='0x8e8ead79f81317ecd04a726e5ead169ae4096608f69f092b070431afa5ce3b78', id=943)
FAILED tests/single/opbanning/test_op_banning.py::test_factory_banned_opcode[BLOBHASH] - AttributeError: expected error object, got:
Ok(result='0x8478a4e78247da723fadc3c0918a8c15424c9b397039606e683969af87764a4f', id=979)
FAILED tests/single/opbanning/test_op_banning.py::test_factory_banned_opcode[BLOBBASEFEE] - AttributeError: expected error object, got:
Ok(result='0x06760f26fa2d4bfcb8140e29686b981501e24d92816cb73468ec2ca5f9484143', id=981)
FAILED tests/single/reputation/test_erep.py::test_paymaster_on_account_failure - AssertionError: assert Reputation(ad...d=2, status=0) == Reputation(ad...d=2, status=0)
  
  Omitting 3 identical items, use -vv to show
  Differing attributes:
  ['opsSeen']
  
  Drill down into differing attribute opsSeen:
    opsSeen: 6 != 5
FAILED tests/single/reputation/test_erep.py::test_account_on_entity_failure[staked] - AssertionError: valid userop. both staked account and paymaster have opsSeen increment
assert [Reputation(a...=0, status=0)] == [Reputation(a...=0, status=0)]
  
  At index 0 diff: Reputation(address='0x3e5301d608bd2791dca7c08f7907cd4a5881e332', opsSeen=0, opsIncluded=0, status=0) != Reputation(address='0x3e5301d608bd2791dca7c08f7907cd4a5881e332', opsSeen=1, opsIncluded=0, status=0)
  
  Full diff:
    [
        Reputation(
            address='0x3e5301d608bd2791dca7c08f7907cd4a5881e332',
  -         opsSeen=1,
  ?                 ^
  +         opsSeen=0,
  ?                 ^
            opsIncluded=0,
            status=0,
        ),
        Reputation(
            address='0x711ddd13c5248662d1aa9d552e403c11caae4d24',
  -         opsSeen=1,
  ?                 ^
  +         opsSeen=0,
  ?                 ^
            opsIncluded=0,
            status=0,
        ),
    ]
FAILED tests/single/reputation/test_erep.py::test_account_on_entity_failure[unstaked] - AssertionError: valid userop. staked paymaster should have opsSeen increment
assert [Reputation(a...=0, status=0)] == [Reputation(a...=0, status=0)]
  
  At index 1 diff: Reputation(address='0x70856b0e3337e834311cea1468138f1ef09003ac', opsSeen=0, opsIncluded=0, status=0) != Reputation(address='0x70856b0e3337e834311cea1468138f1ef09003ac', opsSeen=1, opsIncluded=0, status=0)
  
  Full diff:
    [
        Reputation(
            address='0x52360afd33c12c1eedc15e6b9a10924e8206a99b',
            opsSeen=0,
            opsIncluded=0,
            status=0,
        ),
        Reputation(
            address='0x70856b0e3337e834311cea1468138f1ef09003ac',
  -         opsSeen=1,
  ?                 ^
  +         opsSeen=0,
  ?                 ^
            opsIncluded=0,
            status=0,
        ),
    ]
FAILED tests/single/reputation/test_replace.py::test_replace_paymaster - AssertionError: assert 0 == 1
 +  where 0 = pm_opsSeen('0x64366AD5AF8518380B1A1057438fEfb1aD4be485')
 +    where '0x64366AD5AF8518380B1A1057438fEfb1aD4be485' = <web3._utils.datatypes.Contract object at 0x7f4b028ef9d0>.address
FAILED tests/single/rpc/test_eth_getUserOperationByHash.py::test_eth_getUserOperationByHash[] - AttributeError: 'Error' object has no attribute 'result'
====== 42 failed, 431 passed, 13 skipped, 1 warning in 264.57s (0:04:24) =======
Sun May 18 15:28:36 UTC 2025: done bundler /home/runner/work/bundler-test-executor/bundler-test-executor/bundlers/transeptor/transeptor.yml, name=transeptor
CONTAINER                                REPOSITORY                                    TAG                 IMAGE ID            SIZE
bundler-test-executor-bundler-1          transeptorlabs/bundler                        latest              0ff2b8933141        210MB
bundler-test-executor-bundler-waiter-1   ghcr.io/foundry-rs/foundry                    v1.0.0              480a101e6485        368MB
bundler-test-executor-deployer-1         accountabstraction/deployer                   0.8                 dbad71b34f74        229MB
bundler-test-executor-funder-1           bundler-test-executor-funder                  latest              21dbe9fa50a7        211MB
geth-1.15                                accountabstraction/geth-with-erc7562-tracer   latest              1adae6b728da        53.5MB
