<?xml version="1.0" encoding="utf-8"?><testsuites><testsuite name="okbund" errors="0" failures="60" skipped="13" tests="486" time="273.626" timestamp="2025-06-03T07:30:37.696512+00:00" hostname="pkrvmf6wy0o8zjz"><testcase classname="" name="tests.single.gas.test_pre_verification_gas_calculation" time="0.000"><skipped message="collection skipped">('/home/runner/work/bundler-test-executor/bundler-test-executor/bundler-spec-tests/tests/single/gas/test_pre_verification_gas_calculation.py', 15, 'Skipped: Slow and requires fixing')</skipped></testcase><testcase classname="tests.single.bundle.test_bundle" name="test_bundle_replace_op[only_priority_fee_bump]" time="0.688" /><testcase classname="tests.single.bundle.test_bundle" name="test_bundle_replace_op[only_max_fee_bump]" time="0.419" /><testcase classname="tests.single.bundle.test_bundle" name="test_bundle_replace_op[with_same_fee]" time="0.344" /><testcase classname="tests.single.bundle.test_bundle" name="test_bundle_replace_op[with_less_fee]" time="0.298" /><testcase classname="tests.single.bundle.test_bundle" name="test_bundle_replace_op[fee_bump_below_threshold]" time="0.342" /><testcase classname="tests.single.bundle.test_bundle" name="test_bundle_replace_op[fee_bump_at_threshold]" time="0.338" /><testcase classname="tests.single.bundle.test_bundle" name="test_bundle_replace_op[fee_bump_above_threshold]" time="0.375" /><testcase classname="tests.single.bundle.test_bundle" name="test_mempool_reputation_rules_all_entities[GREP-010-banned-entity-not-allowed-banned-sender]" time="0.000"><skipped type="pytest.skip" message="skipped">/home/runner/work/bundler-test-executor/bundler-test-executor/bundler-spec-tests/tests/single/bundle/test_bundle.py:123: skipped</skipped><system-out>--------------------------------- Captured Log ---------------------------------

--------------------------------- Captured Out ---------------------------------

</system-out><system-err>--------------------------------- Captured Err ---------------------------------

</system-err></testcase><testcase classname="tests.single.bundle.test_bundle" name="test_mempool_reputation_rules_all_entities[GREP-010-banned-entity-not-allowed-banned-paymaster]" time="0.000"><skipped type="pytest.skip" message="skipped">/home/runner/work/bundler-test-executor/bundler-test-executor/bundler-spec-tests/tests/single/bundle/test_bundle.py:123: skipped</skipped><system-out>--------------------------------- Captured Log ---------------------------------

--------------------------------- Captured Out ---------------------------------

</system-out><system-err>--------------------------------- Captured Err ---------------------------------

</system-err></testcase><testcase classname="tests.single.bundle.test_bundle" name="test_mempool_reputation_rules_all_entities[GREP-010-banned-entity-not-allowed-banned-factory]" time="0.000"><skipped type="pytest.skip" message="skipped">/home/runner/work/bundler-test-executor/bundler-test-executor/bundler-spec-tests/tests/single/bundle/test_bundle.py:123: skipped</skipped><system-out>--------------------------------- Captured Log ---------------------------------

--------------------------------- Captured Out ---------------------------------

</system-out><system-err>--------------------------------- Captured Err ---------------------------------

</system-err></testcase><testcase classname="tests.single.bundle.test_bundle" name="test_mempool_reputation_rules_all_entities[GREP-020-throttled-entity-allowed-limited-count-throttled-sender]" time="0.000"><skipped type="pytest.skip" message="skipped">/home/runner/work/bundler-test-executor/bundler-test-executor/bundler-spec-tests/tests/single/bundle/test_bundle.py:123: skipped</skipped><system-out>--------------------------------- Captured Log ---------------------------------

--------------------------------- Captured Out ---------------------------------

</system-out><system-err>--------------------------------- Captured Err ---------------------------------

</system-err></testcase><testcase classname="tests.single.bundle.test_bundle" name="test_mempool_reputation_rules_all_entities[GREP-020-throttled-entity-allowed-limited-count-throttled-paymaster]" time="0.000"><skipped type="pytest.skip" message="skipped">/home/runner/work/bundler-test-executor/bundler-test-executor/bundler-spec-tests/tests/single/bundle/test_bundle.py:123: skipped</skipped><system-out>--------------------------------- Captured Log ---------------------------------

--------------------------------- Captured Out ---------------------------------

</system-out><system-err>--------------------------------- Captured Err ---------------------------------

</system-err></testcase><testcase classname="tests.single.bundle.test_bundle" name="test_mempool_reputation_rules_all_entities[GREP-020-throttled-entity-allowed-limited-count-throttled-factory]" time="0.000"><skipped type="pytest.skip" message="skipped">/home/runner/work/bundler-test-executor/bundler-test-executor/bundler-spec-tests/tests/single/bundle/test_bundle.py:123: skipped</skipped><system-out>--------------------------------- Captured Log ---------------------------------

--------------------------------- Captured Out ---------------------------------

</system-out><system-err>--------------------------------- Captured Err ---------------------------------

</system-err></testcase><testcase classname="tests.single.bundle.test_bundle" name="test_mempool_reputation_rules_all_entities[UREP-010 UREP-020-unstaked-entity-allowed-function-unstaked-sender]" time="0.000"><skipped type="pytest.skip" message="skipped">/home/runner/work/bundler-test-executor/bundler-test-executor/bundler-spec-tests/tests/single/bundle/test_bundle.py:123: skipped</skipped><system-out>--------------------------------- Captured Log ---------------------------------

--------------------------------- Captured Out ---------------------------------

</system-out><system-err>--------------------------------- Captured Err ---------------------------------

</system-err></testcase><testcase classname="tests.single.bundle.test_bundle" name="test_mempool_reputation_rules_all_entities[UREP-010 UREP-020-unstaked-entity-allowed-function-unstaked-paymaster]" time="0.000"><skipped type="pytest.skip" message="skipped">/home/runner/work/bundler-test-executor/bundler-test-executor/bundler-spec-tests/tests/single/bundle/test_bundle.py:123: skipped</skipped><system-out>--------------------------------- Captured Log ---------------------------------

--------------------------------- Captured Out ---------------------------------

</system-out><system-err>--------------------------------- Captured Err ---------------------------------

</system-err></testcase><testcase classname="tests.single.bundle.test_bundle" name="test_mempool_reputation_rules_all_entities[UREP-010 UREP-020-unstaked-entity-allowed-function-unstaked-factory]" time="0.000"><skipped type="pytest.skip" message="skipped">/home/runner/work/bundler-test-executor/bundler-test-executor/bundler-spec-tests/tests/single/bundle/test_bundle.py:123: skipped</skipped><system-out>--------------------------------- Captured Log ---------------------------------

--------------------------------- Captured Out ---------------------------------

</system-out><system-err>--------------------------------- Captured Err ---------------------------------

</system-err></testcase><testcase classname="tests.single.bundle.test_bundle" name="test_max_allowed_ops_unstaked_sender" time="0.824"><failure message="AttributeError: expected result object, got:&#10;Error(code=0, message='-32000::invalid block range params', data=None, id=54)">tests/utils.py:199: in assert_ok
    assert response.result
E   AttributeError: 'Error' object has no attribute 'result'

The above exception was the direct cause of the following exception:
tests/single/bundle/test_bundle.py:261: in test_max_allowed_ops_unstaked_sender
    send_bundle_now()
tests/utils.py:230: in send_bundle_now
    assert_ok(RPCRequest(method="debug_bundler_sendBundleNow").send(url))
tests/utils.py:201: in assert_ok
    raise AttributeError(f"expected result object, got:\n{response}") from exc
E   AttributeError: expected result object, got:
E   Error(code=0, message='-32000::invalid block range params', data=None, id=54)</failure><system-out>--------------------------------- Captured Log ---------------------------------

--------------------------------- Captured Out ---------------------------------

</system-out><system-err>--------------------------------- Captured Err ---------------------------------

</system-err></testcase><testcase classname="tests.single.bundle.test_bundle" name="test_max_allowed_ops_staked_sender" time="2.007" /><testcase classname="tests.single.bundle.test_bundle" name="test_ban_user_op_access_other_ops_sender_in_bundle" time="1.763" /><testcase classname="tests.single.bundle.test_bundle" name="test_ban_user_sender_double_role_in_bundle" time="0.687" /><testcase classname="tests.single.bundle.test_bundle" name="test_stake_check_in_bundler" time="0.551" /><testcase classname="tests.single.bundle.test_codehash" name="test_codehash_changed" time="0.281"><skipped type="pytest.skip" message="no self destruct. can't check code change..">/home/runner/work/bundler-test-executor/bundler-test-executor/bundler-spec-tests/tests/single/bundle/test_codehash.py:54: no self destruct. can't check code change..</skipped><system-out>--------------------------------- Captured Log ---------------------------------

--------------------------------- Captured Out ---------------------------------

</system-out><system-err>--------------------------------- Captured Err ---------------------------------

</system-err></testcase><testcase classname="tests.single.bundle.test_paymaster" name="test_paymaster_deposit" time="0.714"><failure message="AttributeError: expected error object, got:&#10;Ok(result='0xbac0f81c277e190ad51c7095e9aa8595ee082ed47082118a016f5e993b90a94e', id=97)">tests/utils.py:206: in assert_rpc_error
    assert response.code == code
E   AttributeError: 'Ok' object has no attribute 'code'

The above exception was the direct cause of the following exception:
tests/single/bundle/test_paymaster.py:48: in test_paymaster_deposit
    assert_rpc_error(res, "too low", RPCErrorCode.PAYMASTER_DEPOSIT_TOO_LOW)
tests/utils.py:211: in assert_rpc_error
    raise AttributeError(f"expected error object, got:\n{response}") from exc
E   AttributeError: expected error object, got:
E   Ok(result='0xbac0f81c277e190ad51c7095e9aa8595ee082ed47082118a016f5e993b90a94e', id=97)</failure><system-out>--------------------------------- Captured Log ---------------------------------

--------------------------------- Captured Out ---------------------------------

</system-out><system-err>--------------------------------- Captured Err ---------------------------------

</system-err></testcase><testcase classname="tests.single.bundle.test_storage_rules" name="test_rule[[STO-000]unstaked][paymaster][no_storage][ok-]" time="0.385" /><testcase classname="tests.single.bundle.test_storage_rules" name="test_rule[[STO-000]unstaked][paymaster][no_storage][ok-CALL:&gt;]" time="0.624" /><testcase classname="tests.single.bundle.test_storage_rules" name="test_rule[[STO-000]unstaked][paymaster][no_storage][ok-DELEGATECALL:&gt;]" time="0.714" /><testcase classname="tests.single.bundle.test_storage_rules" name="test_rule[[STO-031]unstaked][paymaster][storage_read][drop-]" time="0.454" /><testcase classname="tests.single.bundle.test_storage_rules" name="test_rule[[STO-031]unstaked][paymaster][storage_read][drop-CALL:&gt;]" time="0.640" /><testcase classname="tests.single.bundle.test_storage_rules" name="test_rule[[STO-031]unstaked][paymaster][storage_read][drop-DELEGATECALL:&gt;]" time="0.732" /><testcase classname="tests.single.bundle.test_storage_rules" name="test_rule[[STO-031]unstaked][paymaster][storage_write][drop-]" time="0.447" /><testcase classname="tests.single.bundle.test_storage_rules" name="test_rule[[STO-031]unstaked][paymaster][storage_write][drop-CALL:&gt;]" time="0.651" /><testcase classname="tests.single.bundle.test_storage_rules" name="test_rule[[STO-031]unstaked][paymaster][storage_write][drop-DELEGATECALL:&gt;]" time="0.758" /><testcase classname="tests.single.bundle.test_storage_rules" name="test_rule[[OP-070(STO-031)]unstaked][paymaster][transient_storage_tstore][drop-]" time="0.554"><failure message="AttributeError: 'Ok' object has no attribute 'message'">tests/single/bundle/test_storage_rules.py:864: in test_rule
    case.assert_func(response)
tests/single/bundle/test_storage_rules.py:21: in assert_error
    assert_rpc_error(response, response.message, RPCErrorCode.BANNED_OPCODE)
E   AttributeError: 'Ok' object has no attribute 'message'</failure><system-out>--------------------------------- Captured Log ---------------------------------

--------------------------------- Captured Out ---------------------------------

</system-out><system-err>--------------------------------- Captured Err ---------------------------------

</system-err></testcase><testcase classname="tests.single.bundle.test_storage_rules" name="test_rule[[OP-070(STO-031)]unstaked][paymaster][transient_storage_tstore][drop-CALL:&gt;]" time="0.912"><failure message="AttributeError: 'Ok' object has no attribute 'message'">tests/single/bundle/test_storage_rules.py:864: in test_rule
    case.assert_func(response)
tests/single/bundle/test_storage_rules.py:21: in assert_error
    assert_rpc_error(response, response.message, RPCErrorCode.BANNED_OPCODE)
E   AttributeError: 'Ok' object has no attribute 'message'</failure><system-out>--------------------------------- Captured Log ---------------------------------

--------------------------------- Captured Out ---------------------------------

</system-out><system-err>--------------------------------- Captured Err ---------------------------------

</system-err></testcase><testcase classname="tests.single.bundle.test_storage_rules" name="test_rule[[OP-070(STO-031)]unstaked][paymaster][transient_storage_tstore][drop-DELEGATECALL:&gt;]" time="0.925"><failure message="AttributeError: 'Ok' object has no attribute 'message'">tests/single/bundle/test_storage_rules.py:864: in test_rule
    case.assert_func(response)
tests/single/bundle/test_storage_rules.py:21: in assert_error
    assert_rpc_error(response, response.message, RPCErrorCode.BANNED_OPCODE)
E   AttributeError: 'Ok' object has no attribute 'message'</failure><system-out>--------------------------------- Captured Log ---------------------------------

--------------------------------- Captured Out ---------------------------------

</system-out><system-err>--------------------------------- Captured Err ---------------------------------

</system-err></testcase><testcase classname="tests.single.bundle.test_storage_rules" name="test_rule[[OP-070(STO-031)]unstaked][paymaster][transient_storage_tload][drop-]" time="0.690"><failure message="AttributeError: 'Ok' object has no attribute 'message'">tests/single/bundle/test_storage_rules.py:864: in test_rule
    case.assert_func(response)
tests/single/bundle/test_storage_rules.py:21: in assert_error
    assert_rpc_error(response, response.message, RPCErrorCode.BANNED_OPCODE)
E   AttributeError: 'Ok' object has no attribute 'message'</failure><system-out>--------------------------------- Captured Log ---------------------------------

--------------------------------- Captured Out ---------------------------------

</system-out><system-err>--------------------------------- Captured Err ---------------------------------

</system-err></testcase><testcase classname="tests.single.bundle.test_storage_rules" name="test_rule[[OP-070(STO-031)]unstaked][paymaster][transient_storage_tload][drop-CALL:&gt;]" time="0.824"><failure message="AttributeError: 'Ok' object has no attribute 'message'">tests/single/bundle/test_storage_rules.py:864: in test_rule
    case.assert_func(response)
tests/single/bundle/test_storage_rules.py:21: in assert_error
    assert_rpc_error(response, response.message, RPCErrorCode.BANNED_OPCODE)
E   AttributeError: 'Ok' object has no attribute 'message'</failure><system-out>--------------------------------- Captured Log ---------------------------------

--------------------------------- Captured Out ---------------------------------

</system-out><system-err>--------------------------------- Captured Err ---------------------------------

</system-err></testcase><testcase classname="tests.single.bundle.test_storage_rules" name="test_rule[[OP-070(STO-031)]unstaked][paymaster][transient_storage_tload][drop-DELEGATECALL:&gt;]" time="0.909"><failure message="AttributeError: 'Ok' object has no attribute 'message'">tests/single/bundle/test_storage_rules.py:864: in test_rule
    case.assert_func(response)
tests/single/bundle/test_storage_rules.py:21: in assert_error
    assert_rpc_error(response, response.message, RPCErrorCode.BANNED_OPCODE)
E   AttributeError: 'Ok' object has no attribute 'message'</failure><system-out>--------------------------------- Captured Log ---------------------------------

--------------------------------- Captured Out ---------------------------------

</system-out><system-err>--------------------------------- Captured Err ---------------------------------

</system-err></testcase><testcase classname="tests.single.bundle.test_storage_rules" name="test_rule[[STO-032]unstaked][paymaster][paymaster_reference_storage][drop-]" time="0.573" /><testcase classname="tests.single.bundle.test_storage_rules" name="test_rule[[STO-032]unstaked][paymaster][paymaster_reference_storage][drop-CALL:&gt;]" time="0.846" /><testcase classname="tests.single.bundle.test_storage_rules" name="test_rule[[STO-032]unstaked][paymaster][paymaster_reference_storage][drop-DELEGATECALL:&gt;]" time="0.935" /><testcase classname="tests.single.bundle.test_storage_rules" name="test_rule[[STO-032]unstaked][paymaster][paymaster_reference_storage_struct][drop-]" time="0.738" /><testcase classname="tests.single.bundle.test_storage_rules" name="test_rule[[STO-032]unstaked][paymaster][paymaster_reference_storage_struct][drop-CALL:&gt;]" time="1.018" /><testcase classname="tests.single.bundle.test_storage_rules" name="test_rule[[STO-032]unstaked][paymaster][paymaster_reference_storage_struct][drop-DELEGATECALL:&gt;]" time="1.044" /><testcase classname="tests.single.bundle.test_storage_rules" name="test_rule[[STO-010]unstaked][paymaster][account_storage][ok-]" time="0.450" /><testcase classname="tests.single.bundle.test_storage_rules" name="test_rule[[STO-010]unstaked][paymaster][account_storage][ok-CALL:&gt;]" time="0.694" /><testcase classname="tests.single.bundle.test_storage_rules" name="test_rule[[STO-010]unstaked][paymaster][account_storage][ok-DELEGATECALL:&gt;]" time="0.790" /><testcase classname="tests.single.bundle.test_storage_rules" name="test_rule[[OP-070(STO-010)]unstaked][paymaster][account_transient_storage][ok-]" time="0.680" /><testcase classname="tests.single.bundle.test_storage_rules" name="test_rule[[OP-070(STO-010)]unstaked][paymaster][account_transient_storage][ok-CALL:&gt;]" time="0.918" /><testcase classname="tests.single.bundle.test_storage_rules" name="test_rule[[OP-070(STO-010)]unstaked][paymaster][account_transient_storage][ok-DELEGATECALL:&gt;]" time="1.034" /><testcase classname="tests.single.bundle.test_storage_rules" name="test_rule[[STO-021]unstaked][paymaster][account_reference_storage][ok-]" time="0.689" /><testcase classname="tests.single.bundle.test_storage_rules" name="test_rule[[STO-021]unstaked][paymaster][account_reference_storage][ok-CALL:&gt;]" time="0.854" /><testcase classname="tests.single.bundle.test_storage_rules" name="test_rule[[STO-021]unstaked][paymaster][account_reference_storage][ok-DELEGATECALL:&gt;]" time="0.912" /><testcase classname="tests.single.bundle.test_storage_rules" name="test_rule[[STO-021]unstaked][paymaster][account_reference_storage_struct][ok-]" time="0.614" /><testcase classname="tests.single.bundle.test_storage_rules" name="test_rule[[STO-021]unstaked][paymaster][account_reference_storage_struct][ok-CALL:&gt;]" time="0.941" /><testcase classname="tests.single.bundle.test_storage_rules" name="test_rule[[STO-021]unstaked][paymaster][account_reference_storage_struct][ok-DELEGATECALL:&gt;]" time="0.974" /><testcase classname="tests.single.bundle.test_storage_rules" name="test_rule[[STO-022]unstaked][paymaster][account_reference_storage_init_code][drop-]" time="1.167" /><testcase classname="tests.single.bundle.test_storage_rules" name="test_rule[[STO-022]unstaked][paymaster][account_reference_storage_init_code][drop-CALL:&gt;]" time="1.077" /><testcase classname="tests.single.bundle.test_storage_rules" name="test_rule[[STO-022]unstaked][paymaster][account_reference_storage_init_code][drop-DELEGATECALL:&gt;]" time="1.162" /><testcase classname="tests.single.bundle.test_storage_rules" name="test_rule[[EREP-050]unstaked][paymaster][context][drop-]" time="0.353" /><testcase classname="tests.single.bundle.test_storage_rules" name="test_rule[[EREP-050]unstaked][paymaster][context][drop-CALL:&gt;]" time="0.277" /><testcase classname="tests.single.bundle.test_storage_rules" name="test_rule[[EREP-050]unstaked][paymaster][context][drop-DELEGATECALL:&gt;]" time="0.455" /><testcase classname="tests.single.bundle.test_storage_rules" name="test_rule[[STO-032]unstaked][paymaster][external_storage_read][drop-]" time="0.508" /><testcase classname="tests.single.bundle.test_storage_rules" name="test_rule[[STO-032]unstaked][paymaster][external_storage_read][drop-CALL:&gt;]" time="0.766" /><testcase classname="tests.single.bundle.test_storage_rules" name="test_rule[[STO-032]unstaked][paymaster][external_storage_read][drop-DELEGATECALL:&gt;]" time="0.955" /><testcase classname="tests.single.bundle.test_storage_rules" name="test_rule[[OP-020]unstaked][paymaster][out_of_gas][drop-]" time="0.499" /><testcase classname="tests.single.bundle.test_storage_rules" name="test_rule[[OP-020]unstaked][paymaster][out_of_gas][drop-CALL:&gt;]" time="0.729" /><testcase classname="tests.single.bundle.test_storage_rules" name="test_rule[[OP-020]unstaked][paymaster][out_of_gas][drop-DELEGATECALL:&gt;]" time="0.821" /><testcase classname="tests.single.bundle.test_storage_rules" name="test_rule[[OP-020]unstaked][paymaster][sstore_out_of_gas][drop-]" time="0.621" /><testcase classname="tests.single.bundle.test_storage_rules" name="test_rule[[OP-020]unstaked][paymaster][sstore_out_of_gas][drop-CALL:&gt;]" time="0.788" /><testcase classname="tests.single.bundle.test_storage_rules" name="test_rule[[OP-020]unstaked][paymaster][sstore_out_of_gas][drop-DELEGATECALL:&gt;]" time="0.809" /><testcase classname="tests.single.bundle.test_storage_rules" name="test_rule[[STO-000]staked][paymaster][no_storage][ok-]" time="0.515" /><testcase classname="tests.single.bundle.test_storage_rules" name="test_rule[[STO-000]staked][paymaster][no_storage][ok-CALL:&gt;]" time="0.633" /><testcase classname="tests.single.bundle.test_storage_rules" name="test_rule[[STO-000]staked][paymaster][no_storage][ok-DELEGATECALL:&gt;]" time="0.719" /><testcase classname="tests.single.bundle.test_storage_rules" name="test_rule[[STO-031]staked][paymaster][storage_read][ok-]" time="0.522" /><testcase classname="tests.single.bundle.test_storage_rules" name="test_rule[[STO-031]staked][paymaster][storage_read][ok-CALL:&gt;]" time="0.744" /><testcase classname="tests.single.bundle.test_storage_rules" name="test_rule[[STO-031]staked][paymaster][storage_read][ok-DELEGATECALL:&gt;]" time="0.726" /><testcase classname="tests.single.bundle.test_storage_rules" name="test_rule[[STO-031]staked][paymaster][storage_write][ok-]" time="0.532" /><testcase classname="tests.single.bundle.test_storage_rules" name="test_rule[[STO-031]staked][paymaster][storage_write][ok-CALL:&gt;]" time="0.661" /><testcase classname="tests.single.bundle.test_storage_rules" name="test_rule[[STO-031]staked][paymaster][storage_write][ok-DELEGATECALL:&gt;]" time="0.838" /><testcase classname="tests.single.bundle.test_storage_rules" name="test_rule[[STO-032]staked][paymaster][paymaster_reference_storage][ok-]" time="0.685" /><testcase classname="tests.single.bundle.test_storage_rules" name="test_rule[[STO-032]staked][paymaster][paymaster_reference_storage][ok-CALL:&gt;]" time="0.942" /><testcase classname="tests.single.bundle.test_storage_rules" name="test_rule[[STO-032]staked][paymaster][paymaster_reference_storage][ok-DELEGATECALL:&gt;]" time="0.916" /><testcase classname="tests.single.bundle.test_storage_rules" name="test_rule[[STO-032]staked][paymaster][paymaster_reference_storage_struct][ok-]" time="0.737" /><testcase classname="tests.single.bundle.test_storage_rules" name="test_rule[[STO-032]staked][paymaster][paymaster_reference_storage_struct][ok-CALL:&gt;]" time="1.015" /><testcase classname="tests.single.bundle.test_storage_rules" name="test_rule[[STO-032]staked][paymaster][paymaster_reference_storage_struct][ok-DELEGATECALL:&gt;]" time="1.154" /><testcase classname="tests.single.bundle.test_storage_rules" name="test_rule[[STO-033]staked][paymaster][paymaster_reference_storage_struct][ok-]" time="0.667" /><testcase classname="tests.single.bundle.test_storage_rules" name="test_rule[[STO-033]staked][paymaster][paymaster_reference_storage_struct][ok-CALL:&gt;]" time="1.085" /><testcase classname="tests.single.bundle.test_storage_rules" name="test_rule[[STO-033]staked][paymaster][paymaster_reference_storage_struct][ok-DELEGATECALL:&gt;]" time="1.128" /><testcase classname="tests.single.bundle.test_storage_rules" name="test_rule[[STO-010]staked][paymaster][account_storage][ok-]" time="0.559" /><testcase classname="tests.single.bundle.test_storage_rules" name="test_rule[[STO-010]staked][paymaster][account_storage][ok-CALL:&gt;]" time="0.824" /><testcase classname="tests.single.bundle.test_storage_rules" name="test_rule[[STO-010]staked][paymaster][account_storage][ok-DELEGATECALL:&gt;]" time="0.787" /><testcase classname="tests.single.bundle.test_storage_rules" name="test_rule[[STO-021]staked][paymaster][account_reference_storage][ok-]" time="0.654" /><testcase classname="tests.single.bundle.test_storage_rules" name="test_rule[[STO-021]staked][paymaster][account_reference_storage][ok-CALL:&gt;]" time="0.943" /><testcase classname="tests.single.bundle.test_storage_rules" name="test_rule[[STO-021]staked][paymaster][account_reference_storage][ok-DELEGATECALL:&gt;]" time="1.013" /><testcase classname="tests.single.bundle.test_storage_rules" name="test_rule[[STO-021]staked][paymaster][account_reference_storage_struct][ok-]" time="0.721" /><testcase classname="tests.single.bundle.test_storage_rules" name="test_rule[[STO-021]staked][paymaster][account_reference_storage_struct][ok-CALL:&gt;]" time="1.003" /><testcase classname="tests.single.bundle.test_storage_rules" name="test_rule[[STO-021]staked][paymaster][account_reference_storage_struct][ok-DELEGATECALL:&gt;]" time="1.089" /><testcase classname="tests.single.bundle.test_storage_rules" name="test_rule[[STO-022]staked][paymaster][account_reference_storage_init_code][ok-]" time="0.870" /><testcase classname="tests.single.bundle.test_storage_rules" name="test_rule[[STO-022]staked][paymaster][account_reference_storage_init_code][ok-CALL:&gt;]" time="1.179" /><testcase classname="tests.single.bundle.test_storage_rules" name="test_rule[[STO-022]staked][paymaster][account_reference_storage_init_code][ok-DELEGATECALL:&gt;]" time="1.242" /><testcase classname="tests.single.bundle.test_storage_rules" name="test_rule[[EREP-050]staked][paymaster][context][ok-]" time="0.264" /><testcase classname="tests.single.bundle.test_storage_rules" name="test_rule[[EREP-050]staked][paymaster][context][ok-CALL:&gt;]" time="0.386" /><testcase classname="tests.single.bundle.test_storage_rules" name="test_rule[[EREP-050]staked][paymaster][context][ok-DELEGATECALL:&gt;]" time="0.425" /><testcase classname="tests.single.bundle.test_storage_rules" name="test_rule[[STO-033]staked][paymaster][external_storage_write][drop-]" time="0.638" /><testcase classname="tests.single.bundle.test_storage_rules" name="test_rule[[STO-033]staked][paymaster][external_storage_write][drop-CALL:&gt;]" time="0.895" /><testcase classname="tests.single.bundle.test_storage_rules" name="test_rule[[STO-033]staked][paymaster][external_storage_write][drop-DELEGATECALL:&gt;]" time="0.990" /><testcase classname="tests.single.bundle.test_storage_rules" name="test_rule[[STO-033]staked][paymaster][external_storage_read][ok-]" time="0.633" /><testcase classname="tests.single.bundle.test_storage_rules" name="test_rule[[STO-033]staked][paymaster][external_storage_read][ok-CALL:&gt;]" time="0.876" /><testcase classname="tests.single.bundle.test_storage_rules" name="test_rule[[STO-033]staked][paymaster][external_storage_read][ok-DELEGATECALL:&gt;]" time="0.939" /><testcase classname="tests.single.bundle.test_storage_rules" name="test_rule[[OP-020]staked][paymaster][out_of_gas][drop-]" time="0.703" /><testcase classname="tests.single.bundle.test_storage_rules" name="test_rule[[OP-020]staked][paymaster][out_of_gas][drop-CALL:&gt;]" time="0.728" /><testcase classname="tests.single.bundle.test_storage_rules" name="test_rule[[OP-020]staked][paymaster][out_of_gas][drop-DELEGATECALL:&gt;]" time="0.936" /><testcase classname="tests.single.bundle.test_storage_rules" name="test_rule[[OP-020]staked][paymaster][sstore_out_of_gas][drop-]" time="0.497" /><testcase classname="tests.single.bundle.test_storage_rules" name="test_rule[[OP-020]staked][paymaster][sstore_out_of_gas][drop-CALL:&gt;]" time="0.850" /><testcase classname="tests.single.bundle.test_storage_rules" name="test_rule[[OP-020]staked][paymaster][sstore_out_of_gas][drop-DELEGATECALL:&gt;]" time="0.930" /><testcase classname="tests.single.bundle.test_storage_rules" name="test_rule[[STO-000]unstaked][factory][no_storage][ok-]" time="0.320" /><testcase classname="tests.single.bundle.test_storage_rules" name="test_rule[[STO-000]unstaked][factory][no_storage][ok-CALL:&gt;]" time="0.493" /><testcase classname="tests.single.bundle.test_storage_rules" name="test_rule[[STO-000]unstaked][factory][no_storage][ok-DELEGATECALL:&gt;]" time="0.607" /><testcase classname="tests.single.bundle.test_storage_rules" name="test_rule[[STO-000]unstaked][factory][storage_read][drop-]" time="0.421" /><testcase classname="tests.single.bundle.test_storage_rules" name="test_rule[[STO-000]unstaked][factory][storage_read][drop-CALL:&gt;]" time="0.598" /><testcase classname="tests.single.bundle.test_storage_rules" name="test_rule[[STO-000]unstaked][factory][storage_read][drop-DELEGATECALL:&gt;]" time="0.627" /><testcase classname="tests.single.bundle.test_storage_rules" name="test_rule[[STO-000]unstaked][factory][storage_write][drop-]" time="0.322" /><testcase classname="tests.single.bundle.test_storage_rules" name="test_rule[[STO-000]unstaked][factory][storage_write][drop-CALL:&gt;]" time="0.605" /><testcase classname="tests.single.bundle.test_storage_rules" name="test_rule[[STO-000]unstaked][factory][storage_write][drop-DELEGATECALL:&gt;]" time="0.522" /><testcase classname="tests.single.bundle.test_storage_rules" name="test_rule[[STO-000]unstaked][factory][factory_reference_storage][drop-]" time="0.448" /><testcase classname="tests.single.bundle.test_storage_rules" name="test_rule[[STO-000]unstaked][factory][factory_reference_storage][drop-CALL:&gt;]" time="0.661" /><testcase classname="tests.single.bundle.test_storage_rules" name="test_rule[[STO-000]unstaked][factory][factory_reference_storage][drop-DELEGATECALL:&gt;]" time="0.719" /><testcase classname="tests.single.bundle.test_storage_rules" name="test_rule[[STO-032]unstaked][factory][factory_reference_storage_struct][drop-]" time="0.454" /><testcase classname="tests.single.bundle.test_storage_rules" name="test_rule[[STO-032]unstaked][factory][factory_reference_storage_struct][drop-CALL:&gt;]" time="0.612" /><testcase classname="tests.single.bundle.test_storage_rules" name="test_rule[[STO-032]unstaked][factory][factory_reference_storage_struct][drop-DELEGATECALL:&gt;]" time="0.764" /><testcase classname="tests.single.bundle.test_storage_rules" name="test_rule[[STO-010]unstaked][factory][account_storage][ok-]" time="0.339" /><testcase classname="tests.single.bundle.test_storage_rules" name="test_rule[[STO-010]unstaked][factory][account_storage][ok-CALL:&gt;]" time="0.525" /><testcase classname="tests.single.bundle.test_storage_rules" name="test_rule[[STO-010]unstaked][factory][account_storage][ok-DELEGATECALL:&gt;]" time="0.644" /><testcase classname="tests.single.bundle.test_storage_rules" name="test_rule[[STO-021]unstaked][factory][account_reference_storage][drop-]" time="0.334" /><testcase classname="tests.single.bundle.test_storage_rules" name="test_rule[[STO-021]unstaked][factory][account_reference_storage][drop-CALL:&gt;]" time="0.647" /><testcase classname="tests.single.bundle.test_storage_rules" name="test_rule[[STO-021]unstaked][factory][account_reference_storage][drop-DELEGATECALL:&gt;]" time="0.603" /><testcase classname="tests.single.bundle.test_storage_rules" name="test_rule[[STO-021]unstaked][factory][account_reference_storage_struct][drop-]" time="0.439" /><testcase classname="tests.single.bundle.test_storage_rules" name="test_rule[[STO-021]unstaked][factory][account_reference_storage_struct][drop-CALL:&gt;]" time="0.693" /><testcase classname="tests.single.bundle.test_storage_rules" name="test_rule[[STO-021]unstaked][factory][account_reference_storage_struct][drop-DELEGATECALL:&gt;]" time="0.780" /><testcase classname="tests.single.bundle.test_storage_rules" name="test_rule[[STO-000]unstaked][factory][external_storage_read][drop-]" time="0.442" /><testcase classname="tests.single.bundle.test_storage_rules" name="test_rule[[STO-000]unstaked][factory][external_storage_read][drop-CALL:&gt;]" time="0.639" /><testcase classname="tests.single.bundle.test_storage_rules" name="test_rule[[STO-000]unstaked][factory][external_storage_read][drop-DELEGATECALL:&gt;]" time="0.688" /><testcase classname="tests.single.bundle.test_storage_rules" name="test_rule[[OP-042]unstaked][factory][EXTCODEx_CALLx_undeployed_sender][ok-]" time="0.455" /><testcase classname="tests.single.bundle.test_storage_rules" name="test_rule[[OP-042]unstaked][factory][EXTCODEx_CALLx_undeployed_sender][ok-CALL:&gt;]" time="0.595" /><testcase classname="tests.single.bundle.test_storage_rules" name="test_rule[[OP-042]unstaked][factory][EXTCODEx_CALLx_undeployed_sender][ok-DELEGATECALL:&gt;]" time="0.623" /><testcase classname="tests.single.bundle.test_storage_rules" name="test_rule[[OP-041]unstaked][factory][EXTCODESIZE_undeployed_contract][drop-]" time="0.298" /><testcase classname="tests.single.bundle.test_storage_rules" name="test_rule[[OP-041]unstaked][factory][EXTCODESIZE_undeployed_contract][drop-CALL:&gt;]" time="0.669" /><testcase classname="tests.single.bundle.test_storage_rules" name="test_rule[[OP-041]unstaked][factory][EXTCODESIZE_undeployed_contract][drop-DELEGATECALL:&gt;]" time="0.720" /><testcase classname="tests.single.bundle.test_storage_rules" name="test_rule[[OP-041]unstaked][factory][EXTCODEHASH_undeployed_contract][drop-]" time="0.402" /><testcase classname="tests.single.bundle.test_storage_rules" name="test_rule[[OP-041]unstaked][factory][EXTCODEHASH_undeployed_contract][drop-CALL:&gt;]" time="0.694" /><testcase classname="tests.single.bundle.test_storage_rules" name="test_rule[[OP-041]unstaked][factory][EXTCODEHASH_undeployed_contract][drop-DELEGATECALL:&gt;]" time="0.723" /><testcase classname="tests.single.bundle.test_storage_rules" name="test_rule[[OP-041]unstaked][factory][EXTCODECOPY_undeployed_contract][drop-]" time="0.413" /><testcase classname="tests.single.bundle.test_storage_rules" name="test_rule[[OP-041]unstaked][factory][EXTCODECOPY_undeployed_contract][drop-CALL:&gt;]" time="0.656" /><testcase classname="tests.single.bundle.test_storage_rules" name="test_rule[[OP-041]unstaked][factory][EXTCODECOPY_undeployed_contract][drop-DELEGATECALL:&gt;]" time="0.745" /><testcase classname="tests.single.bundle.test_storage_rules" name="test_rule[[OP-041]unstaked][factory][CALL_undeployed_contract][drop-]" time="0.401" /><testcase classname="tests.single.bundle.test_storage_rules" name="test_rule[[OP-041]unstaked][factory][CALL_undeployed_contract][drop-CALL:&gt;]" time="0.609" /><testcase classname="tests.single.bundle.test_storage_rules" name="test_rule[[OP-041]unstaked][factory][CALL_undeployed_contract][drop-DELEGATECALL:&gt;]" time="0.687" /><testcase classname="tests.single.bundle.test_storage_rules" name="test_rule[[OP-041]unstaked][factory][CALLCODE_undeployed_contract][drop-]" time="0.400" /><testcase classname="tests.single.bundle.test_storage_rules" name="test_rule[[OP-041]unstaked][factory][CALLCODE_undeployed_contract][drop-CALL:&gt;]" time="0.540" /><testcase classname="tests.single.bundle.test_storage_rules" name="test_rule[[OP-041]unstaked][factory][CALLCODE_undeployed_contract][drop-DELEGATECALL:&gt;]" time="0.596" /><testcase classname="tests.single.bundle.test_storage_rules" name="test_rule[[OP-041]unstaked][factory][DELEGATECALL_undeployed_contract][drop-]" time="0.411" /><testcase classname="tests.single.bundle.test_storage_rules" name="test_rule[[OP-041]unstaked][factory][DELEGATECALL_undeployed_contract][drop-CALL:&gt;]" time="0.562" /><testcase classname="tests.single.bundle.test_storage_rules" name="test_rule[[OP-041]unstaked][factory][DELEGATECALL_undeployed_contract][drop-DELEGATECALL:&gt;]" time="0.734" /><testcase classname="tests.single.bundle.test_storage_rules" name="test_rule[[OP-041]unstaked][factory][STATICCALL_undeployed_contract][drop-]" time="0.411" /><testcase classname="tests.single.bundle.test_storage_rules" name="test_rule[[OP-041]unstaked][factory][STATICCALL_undeployed_contract][drop-CALL:&gt;]" time="0.554" /><testcase classname="tests.single.bundle.test_storage_rules" name="test_rule[[OP-041]unstaked][factory][STATICCALL_undeployed_contract][drop-DELEGATECALL:&gt;]" time="0.609" /><testcase classname="tests.single.bundle.test_storage_rules" name="test_rule[[OP-020]unstaked][factory][out_of_gas][drop-]" time="0.544" /><testcase classname="tests.single.bundle.test_storage_rules" name="test_rule[[OP-020]unstaked][factory][out_of_gas][drop-CALL:&gt;]" time="0.701" /><testcase classname="tests.single.bundle.test_storage_rules" name="test_rule[[OP-020]unstaked][factory][out_of_gas][drop-DELEGATECALL:&gt;]" time="0.717" /><testcase classname="tests.single.bundle.test_storage_rules" name="test_rule[[OP-020]unstaked][factory][sstore_out_of_gas][drop-]" time="0.503" /><testcase classname="tests.single.bundle.test_storage_rules" name="test_rule[[OP-020]unstaked][factory][sstore_out_of_gas][drop-CALL:&gt;]" time="0.653" /><testcase classname="tests.single.bundle.test_storage_rules" name="test_rule[[OP-020]unstaked][factory][sstore_out_of_gas][drop-DELEGATECALL:&gt;]" time="0.674" /><testcase classname="tests.single.bundle.test_storage_rules" name="test_rule[[STO-000]staked][factory][no_storage][ok-]" time="0.443" /><testcase classname="tests.single.bundle.test_storage_rules" name="test_rule[[STO-000]staked][factory][no_storage][ok-CALL:&gt;]" time="0.503" /><testcase classname="tests.single.bundle.test_storage_rules" name="test_rule[[STO-000]staked][factory][no_storage][ok-DELEGATECALL:&gt;]" time="0.629" /><testcase classname="tests.single.bundle.test_storage_rules" name="test_rule[[STO-031]staked][factory][storage_read][ok-]" time="0.444" /><testcase classname="tests.single.bundle.test_storage_rules" name="test_rule[[STO-031]staked][factory][storage_read][ok-CALL:&gt;]" time="0.729" /><testcase classname="tests.single.bundle.test_storage_rules" name="test_rule[[STO-031]staked][factory][storage_read][ok-DELEGATECALL:&gt;]" time="0.644" /><testcase classname="tests.single.bundle.test_storage_rules" name="test_rule[[STO-031]staked][factory][storage_write][ok-]" time="0.451" /><testcase classname="tests.single.bundle.test_storage_rules" name="test_rule[[STO-031]staked][factory][storage_write][ok-CALL:&gt;]" time="0.622" /><testcase classname="tests.single.bundle.test_storage_rules" name="test_rule[[STO-031]staked][factory][storage_write][ok-DELEGATECALL:&gt;]" time="0.645" /><testcase classname="tests.single.bundle.test_storage_rules" name="test_rule[[STO-032]staked][factory][factory_reference_storage][ok-]" time="0.471" /><testcase classname="tests.single.bundle.test_storage_rules" name="test_rule[[STO-032]staked][factory][factory_reference_storage][ok-CALL:&gt;]" time="0.686" /><testcase classname="tests.single.bundle.test_storage_rules" name="test_rule[[STO-032]staked][factory][factory_reference_storage][ok-DELEGATECALL:&gt;]" time="0.746" /><testcase classname="tests.single.bundle.test_storage_rules" name="test_rule[[STO-032]staked][factory][factory_reference_storage_struct][ok-]" time="0.479" /><testcase classname="tests.single.bundle.test_storage_rules" name="test_rule[[STO-032]staked][factory][factory_reference_storage_struct][ok-CALL:&gt;]" time="0.621" /><testcase classname="tests.single.bundle.test_storage_rules" name="test_rule[[STO-032]staked][factory][factory_reference_storage_struct][ok-DELEGATECALL:&gt;]" time="0.801" /><testcase classname="tests.single.bundle.test_storage_rules" name="test_rule[[STO-010]staked][factory][account_storage][ok-]" time="0.478" /><testcase classname="tests.single.bundle.test_storage_rules" name="test_rule[[STO-010]staked][factory][account_storage][ok-CALL:&gt;]" time="0.539" /><testcase classname="tests.single.bundle.test_storage_rules" name="test_rule[[STO-010]staked][factory][account_storage][ok-DELEGATECALL:&gt;]" time="0.661" /><testcase classname="tests.single.bundle.test_storage_rules" name="test_rule[[STO-021]staked][factory][account_reference_storage][ok-]" time="0.467" /><testcase classname="tests.single.bundle.test_storage_rules" name="test_rule[[STO-021]staked][factory][account_reference_storage][ok-CALL:&gt;]" time="0.676" /><testcase classname="tests.single.bundle.test_storage_rules" name="test_rule[[STO-021]staked][factory][account_reference_storage][ok-DELEGATECALL:&gt;]" time="0.737" /><testcase classname="tests.single.bundle.test_storage_rules" name="test_rule[[STO-021]staked][factory][account_reference_storage_struct][ok-]" time="0.402" /><testcase classname="tests.single.bundle.test_storage_rules" name="test_rule[[STO-021]staked][factory][account_reference_storage_struct][ok-CALL:&gt;]" time="0.725" /><testcase classname="tests.single.bundle.test_storage_rules" name="test_rule[[STO-021]staked][factory][account_reference_storage_struct][ok-DELEGATECALL:&gt;]" time="0.698" /><testcase classname="tests.single.bundle.test_storage_rules" name="test_rule[[STO-033]staked][factory][external_storage_write][drop-]" time="0.478" /><testcase classname="tests.single.bundle.test_storage_rules" name="test_rule[[STO-033]staked][factory][external_storage_write][drop-CALL:&gt;]" time="0.772" /><testcase classname="tests.single.bundle.test_storage_rules" name="test_rule[[STO-033]staked][factory][external_storage_write][drop-DELEGATECALL:&gt;]" time="0.727" /><testcase classname="tests.single.bundle.test_storage_rules" name="test_rule[[STO-033]staked][factory][external_storage_read][ok-]" time="0.472" /><testcase classname="tests.single.bundle.test_storage_rules" name="test_rule[[STO-033]staked][factory][external_storage_read][ok-CALL:&gt;]" time="0.583" /><testcase classname="tests.single.bundle.test_storage_rules" name="test_rule[[STO-033]staked][factory][external_storage_read][ok-DELEGATECALL:&gt;]" time="0.716" /><testcase classname="tests.single.bundle.test_storage_rules" name="test_rule[[OP-020]staked][factory][out_of_gas][drop-]" time="0.602" /><testcase classname="tests.single.bundle.test_storage_rules" name="test_rule[[OP-020]staked][factory][out_of_gas][drop-CALL:&gt;]" time="0.733" /><testcase classname="tests.single.bundle.test_storage_rules" name="test_rule[[OP-020]staked][factory][out_of_gas][drop-DELEGATECALL:&gt;]" time="0.758" /><testcase classname="tests.single.bundle.test_storage_rules" name="test_rule[[OP-020]staked][factory][sstore_out_of_gas][drop-]" time="0.481" /><testcase classname="tests.single.bundle.test_storage_rules" name="test_rule[[OP-020]staked][factory][sstore_out_of_gas][drop-CALL:&gt;]" time="0.715" /><testcase classname="tests.single.bundle.test_storage_rules" name="test_rule[[OP-020]staked][factory][sstore_out_of_gas][drop-DELEGATECALL:&gt;]" time="0.704" /><testcase classname="tests.single.bundle.test_storage_rules" name="test_rule[[STO-000]unstaked][account][no_storage][ok-]" time="0.757" /><testcase classname="tests.single.bundle.test_storage_rules" name="test_rule[[STO-000]unstaked][account][no_storage][ok-CALL:&gt;]" time="0.587" /><testcase classname="tests.single.bundle.test_storage_rules" name="test_rule[[STO-000]unstaked][account][no_storage][ok-DELEGATECALL:&gt;]" time="0.617" /><testcase classname="tests.single.bundle.test_storage_rules" name="test_rule[[STO-010]unstaked][account][account_storage][ok-]" time="0.301" /><testcase classname="tests.single.bundle.test_storage_rules" name="test_rule[[STO-010]unstaked][account][account_storage][ok-CALL:&gt;]" time="0.604" /><testcase classname="tests.single.bundle.test_storage_rules" name="test_rule[[STO-010]unstaked][account][account_storage][ok-DELEGATECALL:&gt;]" time="0.598" /><testcase classname="tests.single.bundle.test_storage_rules" name="test_rule[[STO-021]unstaked][account][account_reference_storage][ok-]" time="0.407" /><testcase classname="tests.single.bundle.test_storage_rules" name="test_rule[[STO-021]unstaked][account][account_reference_storage][ok-CALL:&gt;]" time="0.636" /><testcase classname="tests.single.bundle.test_storage_rules" name="test_rule[[STO-021]unstaked][account][account_reference_storage][ok-DELEGATECALL:&gt;]" time="0.638" /><testcase classname="tests.single.bundle.test_storage_rules" name="test_rule[[STO-022]unstaked][account][account_reference_storage_init_code][drop-]" time="0.511" /><testcase classname="tests.single.bundle.test_storage_rules" name="test_rule[[STO-022]unstaked][account][account_reference_storage_init_code][drop-CALL:&gt;]" time="0.530" /><testcase classname="tests.single.bundle.test_storage_rules" name="test_rule[[STO-022]unstaked][account][account_reference_storage_init_code][drop-DELEGATECALL:&gt;]" time="0.646" /><testcase classname="tests.single.bundle.test_storage_rules" name="test_rule[[STO-022]unstaked][account][account_reference_storage_init_code][ok-]" time="1.030"><failure message="AttributeError: expected result object, got:&#10;Error(code=-32502, message='factory uses banned opcode: CREATE', data=None, id=495)">tests/utils.py:199: in assert_ok
    assert response.result
E   AttributeError: 'Error' object has no attribute 'result'

The above exception was the direct cause of the following exception:
tests/single/bundle/test_storage_rules.py:864: in test_rule
    case.assert_func(response)
tests/utils.py:201: in assert_ok
    raise AttributeError(f"expected result object, got:\n{response}") from exc
E   AttributeError: expected result object, got:
E   Error(code=-32502, message='factory uses banned opcode: CREATE', data=None, id=495)</failure><system-out>--------------------------------- Captured Log ---------------------------------

--------------------------------- Captured Out ---------------------------------

</system-out><system-err>--------------------------------- Captured Err ---------------------------------

</system-err></testcase><testcase classname="tests.single.bundle.test_storage_rules" name="test_rule[[STO-022]unstaked][account][account_reference_storage_init_code][ok-CALL:&gt;]" time="0.795"><failure message="AttributeError: expected result object, got:&#10;Error(code=-32502, message='factory uses banned opcode: CREATE', data=None, id=497)">tests/utils.py:199: in assert_ok
    assert response.result
E   AttributeError: 'Error' object has no attribute 'result'

The above exception was the direct cause of the following exception:
tests/single/bundle/test_storage_rules.py:864: in test_rule
    case.assert_func(response)
tests/utils.py:201: in assert_ok
    raise AttributeError(f"expected result object, got:\n{response}") from exc
E   AttributeError: expected result object, got:
E   Error(code=-32502, message='factory uses banned opcode: CREATE', data=None, id=497)</failure><system-out>--------------------------------- Captured Log ---------------------------------

--------------------------------- Captured Out ---------------------------------
CALL:&gt; funding test_rules_target 0x2d4D456253c389139bE7dAD9a197Da73829EcA2e

</system-out><system-err>--------------------------------- Captured Err ---------------------------------

</system-err></testcase><testcase classname="tests.single.bundle.test_storage_rules" name="test_rule[[STO-022]unstaked][account][account_reference_storage_init_code][ok-DELEGATECALL:&gt;]" time="0.878"><failure message="AttributeError: expected result object, got:&#10;Error(code=-32502, message='factory uses banned opcode: CREATE', data=None, id=499)">tests/utils.py:199: in assert_ok
    assert response.result
E   AttributeError: 'Error' object has no attribute 'result'

The above exception was the direct cause of the following exception:
tests/single/bundle/test_storage_rules.py:864: in test_rule
    case.assert_func(response)
tests/utils.py:201: in assert_ok
    raise AttributeError(f"expected result object, got:\n{response}") from exc
E   AttributeError: expected result object, got:
E   Error(code=-32502, message='factory uses banned opcode: CREATE', data=None, id=499)</failure><system-out>--------------------------------- Captured Log ---------------------------------

--------------------------------- Captured Out ---------------------------------

</system-out><system-err>--------------------------------- Captured Err ---------------------------------

</system-err></testcase><testcase classname="tests.single.bundle.test_storage_rules" name="test_rule[[STO-022]unstaked][paymaster][account_reference_storage_init_code][ok-]" time="0.995"><failure message="AttributeError: expected result object, got:&#10;Error(code=-32502, message='factory uses banned opcode: CREATE', data=None, id=501)">tests/utils.py:199: in assert_ok
    assert response.result
E   AttributeError: 'Error' object has no attribute 'result'

The above exception was the direct cause of the following exception:
tests/single/bundle/test_storage_rules.py:864: in test_rule
    case.assert_func(response)
tests/utils.py:201: in assert_ok
    raise AttributeError(f"expected result object, got:\n{response}") from exc
E   AttributeError: expected result object, got:
E   Error(code=-32502, message='factory uses banned opcode: CREATE', data=None, id=501)</failure><system-out>--------------------------------- Captured Log ---------------------------------

--------------------------------- Captured Out ---------------------------------

</system-out><system-err>--------------------------------- Captured Err ---------------------------------

</system-err></testcase><testcase classname="tests.single.bundle.test_storage_rules" name="test_rule[[STO-022]unstaked][paymaster][account_reference_storage_init_code][ok-CALL:&gt;]" time="1.203"><failure message="AttributeError: expected result object, got:&#10;Error(code=-32502, message='factory uses banned opcode: CREATE', data=None, id=503)">tests/utils.py:199: in assert_ok
    assert response.result
E   AttributeError: 'Error' object has no attribute 'result'

The above exception was the direct cause of the following exception:
tests/single/bundle/test_storage_rules.py:864: in test_rule
    case.assert_func(response)
tests/utils.py:201: in assert_ok
    raise AttributeError(f"expected result object, got:\n{response}") from exc
E   AttributeError: expected result object, got:
E   Error(code=-32502, message='factory uses banned opcode: CREATE', data=None, id=503)</failure><system-out>--------------------------------- Captured Log ---------------------------------

--------------------------------- Captured Out ---------------------------------

</system-out><system-err>--------------------------------- Captured Err ---------------------------------

</system-err></testcase><testcase classname="tests.single.bundle.test_storage_rules" name="test_rule[[STO-022]unstaked][paymaster][account_reference_storage_init_code][ok-DELEGATECALL:&gt;]" time="1.256"><failure message="AttributeError: expected result object, got:&#10;Error(code=-32502, message='factory uses banned opcode: CREATE', data=None, id=505)">tests/utils.py:199: in assert_ok
    assert response.result
E   AttributeError: 'Error' object has no attribute 'result'

The above exception was the direct cause of the following exception:
tests/single/bundle/test_storage_rules.py:864: in test_rule
    case.assert_func(response)
tests/utils.py:201: in assert_ok
    raise AttributeError(f"expected result object, got:\n{response}") from exc
E   AttributeError: expected result object, got:
E   Error(code=-32502, message='factory uses banned opcode: CREATE', data=None, id=505)</failure><system-out>--------------------------------- Captured Log ---------------------------------

--------------------------------- Captured Out ---------------------------------

</system-out><system-err>--------------------------------- Captured Err ---------------------------------

</system-err></testcase><testcase classname="tests.single.bundle.test_storage_rules" name="test_rule[[STO-021]unstaked][account][account_reference_storage_struct][ok-]" time="0.410" /><testcase classname="tests.single.bundle.test_storage_rules" name="test_rule[[STO-021]unstaked][account][account_reference_storage_struct][ok-CALL:&gt;]" time="0.563" /><testcase classname="tests.single.bundle.test_storage_rules" name="test_rule[[STO-021]unstaked][account][account_reference_storage_struct][ok-DELEGATECALL:&gt;]" time="0.580" /><testcase classname="tests.single.bundle.test_storage_rules" name="test_rule[[STO-000]unstaked][account][external_storage_read][drop-]" time="0.354" /><testcase classname="tests.single.bundle.test_storage_rules" name="test_rule[[STO-000]unstaked][account][external_storage_read][drop-CALL:&gt;]" time="0.640" /><testcase classname="tests.single.bundle.test_storage_rules" name="test_rule[[STO-000]unstaked][account][external_storage_read][drop-DELEGATECALL:&gt;]" time="0.540" /><testcase classname="tests.single.bundle.test_storage_rules" name="test_rule[[OP-020]unstaked][account][out_of_gas][drop-]" time="0.421" /><testcase classname="tests.single.bundle.test_storage_rules" name="test_rule[[OP-020]unstaked][account][out_of_gas][drop-CALL:&gt;]" time="0.637" /><testcase classname="tests.single.bundle.test_storage_rules" name="test_rule[[OP-020]unstaked][account][out_of_gas][drop-DELEGATECALL:&gt;]" time="0.612" /><testcase classname="tests.single.bundle.test_storage_rules" name="test_rule[[OP-020]unstaked][account][sstore_out_of_gas][drop-]" time="0.438" /><testcase classname="tests.single.bundle.test_storage_rules" name="test_rule[[OP-020]unstaked][account][sstore_out_of_gas][drop-CALL:&gt;]" time="0.643" /><testcase classname="tests.single.bundle.test_storage_rules" name="test_rule[[OP-020]unstaked][account][sstore_out_of_gas][drop-DELEGATECALL:&gt;]" time="0.689" /><testcase classname="tests.single.bundle.test_storage_rules" name="test_rule[[STO-000]staked][account][no_storage][ok-]" time="0.417" /><testcase classname="tests.single.bundle.test_storage_rules" name="test_rule[[STO-000]staked][account][no_storage][ok-CALL:&gt;]" time="0.615" /><testcase classname="tests.single.bundle.test_storage_rules" name="test_rule[[STO-000]staked][account][no_storage][ok-DELEGATECALL:&gt;]" time="0.613" /><testcase classname="tests.single.bundle.test_storage_rules" name="test_rule[[STO-010]staked][account][account_storage][ok-]" time="0.317" /><testcase classname="tests.single.bundle.test_storage_rules" name="test_rule[[STO-010]staked][account][account_storage][ok-CALL:&gt;]" time="0.629" /><testcase classname="tests.single.bundle.test_storage_rules" name="test_rule[[STO-010]staked][account][account_storage][ok-DELEGATECALL:&gt;]" time="0.626" /><testcase classname="tests.single.bundle.test_storage_rules" name="test_rule[[STO-021]staked][account][account_reference_storage][ok-]" time="0.424" /><testcase classname="tests.single.bundle.test_storage_rules" name="test_rule[[STO-021]staked][account][account_reference_storage][ok-CALL:&gt;]" time="0.675" /><testcase classname="tests.single.bundle.test_storage_rules" name="test_rule[[STO-021]staked][account][account_reference_storage][ok-DELEGATECALL:&gt;]" time="0.550" /><testcase classname="tests.single.bundle.test_storage_rules" name="test_rule[[STO-021]staked][account][account_reference_storage_struct][ok-]" time="0.430" /><testcase classname="tests.single.bundle.test_storage_rules" name="test_rule[[STO-021]staked][account][account_reference_storage_struct][ok-CALL:&gt;]" time="0.678" /><testcase classname="tests.single.bundle.test_storage_rules" name="test_rule[[STO-021]staked][account][account_reference_storage_struct][ok-DELEGATECALL:&gt;]" time="0.668" /><testcase classname="tests.single.bundle.test_storage_rules" name="test_rule[[OP-020]staked][account][out_of_gas][drop-]" time="0.536" /><testcase classname="tests.single.bundle.test_storage_rules" name="test_rule[[OP-020]staked][account][out_of_gas][drop-CALL:&gt;]" time="0.728" /><testcase classname="tests.single.bundle.test_storage_rules" name="test_rule[[OP-020]staked][account][out_of_gas][drop-DELEGATECALL:&gt;]" time="0.721" /><testcase classname="tests.single.bundle.test_storage_rules" name="test_rule[[OP-020]staked][account][sstore_out_of_gas][drop-]" time="0.356" /><testcase classname="tests.single.bundle.test_storage_rules" name="test_rule[[OP-020]staked][account][sstore_out_of_gas][drop-CALL:&gt;]" time="0.652" /><testcase classname="tests.single.bundle.test_storage_rules" name="test_rule[[OP-020]staked][account][sstore_out_of_gas][drop-DELEGATECALL:&gt;]" time="0.680" /><testcase classname="tests.single.bundle.test_storage_rules" name="test_rule[[STO-033]staked][account][external_storage_write][drop-]" time="0.451" /><testcase classname="tests.single.bundle.test_storage_rules" name="test_rule[[STO-033]staked][account][external_storage_write][drop-CALL:&gt;]" time="0.663" /><testcase classname="tests.single.bundle.test_storage_rules" name="test_rule[[STO-033]staked][account][external_storage_write][drop-DELEGATECALL:&gt;]" time="0.702" /><testcase classname="tests.single.bundle.test_storage_rules" name="test_rule[[STO-033]staked][account][external_storage_read][ok-]" time="0.433" /><testcase classname="tests.single.bundle.test_storage_rules" name="test_rule[[STO-033]staked][account][external_storage_read][ok-CALL:&gt;]" time="0.650" /><testcase classname="tests.single.bundle.test_storage_rules" name="test_rule[[STO-033]staked][account][external_storage_read][ok-DELEGATECALL:&gt;]" time="0.644" /><testcase classname="tests.single.bundle.test_storage_rules" name="test_rule[[OP-011]unstaked][account][entryPoint_call_balanceOf][drop-]" time="0.334" /><testcase classname="tests.single.bundle.test_storage_rules" name="test_rule[[OP-011]unstaked][account][entryPoint_call_balanceOf][drop-CALL:&gt;]" time="0.668" /><testcase classname="tests.single.bundle.test_storage_rules" name="test_rule[[OP-011]unstaked][account][entryPoint_call_balanceOf][drop-DELEGATECALL:&gt;]" time="0.652" /><testcase classname="tests.single.bundle.test_storage_rules" name="test_rule[[OP-061]unstaked][account][eth_value_transfer_forbidden][drop-]" time="0.420" /><testcase classname="tests.single.bundle.test_storage_rules" name="test_rule[[OP-061]unstaked][account][eth_value_transfer_forbidden][drop-CALL:&gt;]" time="0.658" /><testcase classname="tests.single.bundle.test_storage_rules" name="test_rule[[OP-061]unstaked][account][eth_value_transfer_forbidden][drop-DELEGATECALL:&gt;]" time="0.669" /><testcase classname="tests.single.bundle.test_storage_rules" name="test_rule[[OP-053]unstaked][account][eth_value_transfer_entryPoint][ok-]" time="0.447" /><testcase classname="tests.single.bundle.test_storage_rules" name="test_rule[[OP-053]unstaked][account][eth_value_transfer_entryPoint][ok-CALL:&gt;]" time="0.596" /><testcase classname="tests.single.bundle.test_storage_rules" name="test_rule[[OP-053]unstaked][account][eth_value_transfer_entryPoint][ok-DELEGATECALL:&gt;]" time="0.698" /><testcase classname="tests.single.bundle.test_storage_rules" name="test_rule[[OP-052]unstaked][account][eth_value_transfer_entryPoint_depositTo][ok-]" time="0.356" /><testcase classname="tests.single.bundle.test_storage_rules" name="test_rule[[OP-052]unstaked][account][eth_value_transfer_entryPoint_depositTo][ok-CALL:&gt;]" time="0.717" /><testcase classname="tests.single.bundle.test_storage_rules" name="test_rule[[OP-052]unstaked][account][eth_value_transfer_entryPoint_depositTo][ok-DELEGATECALL:&gt;]" time="0.602" /><testcase classname="tests.single.bundle.test_storage_rules" name="test_rule[[OP-041]unstaked][account][EXTCODESIZE_undeployed_contract][drop-]" time="0.375" /><testcase classname="tests.single.bundle.test_storage_rules" name="test_rule[[OP-041]unstaked][account][EXTCODESIZE_undeployed_contract][drop-CALL:&gt;]" time="0.516" /><testcase classname="tests.single.bundle.test_storage_rules" name="test_rule[[OP-041]unstaked][account][EXTCODESIZE_undeployed_contract][drop-DELEGATECALL:&gt;]" time="0.624" /><testcase classname="tests.single.bundle.test_storage_rules" name="test_rule[[OP-041]unstaked][account][EXTCODEHASH_undeployed_contract][drop-]" time="0.381" /><testcase classname="tests.single.bundle.test_storage_rules" name="test_rule[[OP-041]unstaked][account][EXTCODEHASH_undeployed_contract][drop-CALL:&gt;]" time="0.634" /><testcase classname="tests.single.bundle.test_storage_rules" name="test_rule[[OP-041]unstaked][account][EXTCODEHASH_undeployed_contract][drop-DELEGATECALL:&gt;]" time="0.621" /><testcase classname="tests.single.bundle.test_storage_rules" name="test_rule[[OP-041]unstaked][account][EXTCODECOPY_undeployed_contract][drop-]" time="0.382" /><testcase classname="tests.single.bundle.test_storage_rules" name="test_rule[[OP-041]unstaked][account][EXTCODECOPY_undeployed_contract][drop-CALL:&gt;]" time="0.628" /><testcase classname="tests.single.bundle.test_storage_rules" name="test_rule[[OP-041]unstaked][account][EXTCODECOPY_undeployed_contract][drop-DELEGATECALL:&gt;]" time="0.634" /><testcase classname="tests.single.bundle.test_storage_rules" name="test_rule[[OP-054]unstaked][account][EXTCODESIZE_entrypoint][drop-]" time="0.306" /><testcase classname="tests.single.bundle.test_storage_rules" name="test_rule[[OP-054]unstaked][account][EXTCODESIZE_entrypoint][drop-CALL:&gt;]" time="0.618" /><testcase classname="tests.single.bundle.test_storage_rules" name="test_rule[[OP-054]unstaked][account][EXTCODESIZE_entrypoint][drop-DELEGATECALL:&gt;]" time="0.605" /><testcase classname="tests.single.bundle.test_storage_rules" name="test_rule[[OP-054]unstaked][account][EXTCODEHASH_entrypoint][drop-]" time="0.391" /><testcase classname="tests.single.bundle.test_storage_rules" name="test_rule[[OP-054]unstaked][account][EXTCODEHASH_entrypoint][drop-CALL:&gt;]" time="0.625" /><testcase classname="tests.single.bundle.test_storage_rules" name="test_rule[[OP-054]unstaked][account][EXTCODEHASH_entrypoint][drop-DELEGATECALL:&gt;]" time="0.617" /><testcase classname="tests.single.bundle.test_storage_rules" name="test_rule[[OP-054]unstaked][account][EXTCODECOPY_entrypoint][drop-]" time="0.390" /><testcase classname="tests.single.bundle.test_storage_rules" name="test_rule[[OP-054]unstaked][account][EXTCODECOPY_entrypoint][drop-CALL:&gt;]" time="0.607" /><testcase classname="tests.single.bundle.test_storage_rules" name="test_rule[[OP-054]unstaked][account][EXTCODECOPY_entrypoint][drop-DELEGATECALL:&gt;]" time="0.602" /><testcase classname="tests.single.bundle.test_storage_rules" name="test_rule[[OP-041]unstaked][account][CALL_undeployed_contract][drop-]" time="0.370" /><testcase classname="tests.single.bundle.test_storage_rules" name="test_rule[[OP-041]unstaked][account][CALL_undeployed_contract][drop-CALL:&gt;]" time="0.623" /><testcase classname="tests.single.bundle.test_storage_rules" name="test_rule[[OP-041]unstaked][account][CALL_undeployed_contract][drop-DELEGATECALL:&gt;]" time="0.599" /><testcase classname="tests.single.bundle.test_storage_rules" name="test_rule[[OP-041]unstaked][account][CALLCODE_undeployed_contract][drop-]" time="0.374" /><testcase classname="tests.single.bundle.test_storage_rules" name="test_rule[[OP-041]unstaked][account][CALLCODE_undeployed_contract][drop-CALL:&gt;]" time="0.600" /><testcase classname="tests.single.bundle.test_storage_rules" name="test_rule[[OP-041]unstaked][account][CALLCODE_undeployed_contract][drop-DELEGATECALL:&gt;]" time="0.599" /><testcase classname="tests.single.bundle.test_storage_rules" name="test_rule[[OP-041]unstaked][account][DELEGATECALL_undeployed_contract][drop-]" time="0.369" /><testcase classname="tests.single.bundle.test_storage_rules" name="test_rule[[OP-041]unstaked][account][DELEGATECALL_undeployed_contract][drop-CALL:&gt;]" time="0.604" /><testcase classname="tests.single.bundle.test_storage_rules" name="test_rule[[OP-041]unstaked][account][DELEGATECALL_undeployed_contract][drop-DELEGATECALL:&gt;]" time="0.614" /><testcase classname="tests.single.bundle.test_storage_rules" name="test_rule[[OP-041]unstaked][account][STATICCALL_undeployed_contract][drop-]" time="0.262" /><testcase classname="tests.single.bundle.test_storage_rules" name="test_rule[[OP-041]unstaked][account][STATICCALL_undeployed_contract][drop-CALL:&gt;]" time="0.617" /><testcase classname="tests.single.bundle.test_storage_rules" name="test_rule[[OP-041]unstaked][account][STATICCALL_undeployed_contract][drop-DELEGATECALL:&gt;]" time="0.505" /><testcase classname="tests.single.bundle.test_storage_rules" name="test_rule[[OP-062]unstaked][account][CALL_undeployed_contract_allowed_precompile][ok-]" time="0.383" /><testcase classname="tests.single.bundle.test_storage_rules" name="test_rule[[OP-062]unstaked][account][CALL_undeployed_contract_allowed_precompile][ok-CALL:&gt;]" time="0.666" /><testcase classname="tests.single.bundle.test_storage_rules" name="test_rule[[OP-062]unstaked][account][CALL_undeployed_contract_allowed_precompile][ok-DELEGATECALL:&gt;]" time="0.696" /><testcase classname="tests.single.eip7702.test_eip7702_tuple_userop" name="test_send_eip_7702_tx" time="0.080"><failure message="AttributeError: expected result object, got:&#10;Error(code=-32500, message='FailedOp(0,AA20 account not deployed)', data=None, id=669)">tests/utils.py:199: in assert_ok
    assert response.result
E   AttributeError: 'Error' object has no attribute 'result'

The above exception was the direct cause of the following exception:
tests/single/eip7702/test_eip7702_tuple_userop.py:36: in test_send_eip_7702_tx
    assert_ok(response)
tests/utils.py:201: in assert_ok
    raise AttributeError(f"expected result object, got:\n{response}") from exc
E   AttributeError: expected result object, got:
E   Error(code=-32500, message='FailedOp(0,AA20 account not deployed)', data=None, id=669)</failure><system-out>--------------------------------- Captured Log ---------------------------------

--------------------------------- Captured Out ---------------------------------

</system-out><system-err>--------------------------------- Captured Err ---------------------------------

</system-err></testcase><testcase classname="tests.single.eip7702.test_eip7702_tuple_userop" name="test_send_eip_7702_tx_with_initcode" time="0.097"><failure message="AttributeError: expected result object, got:&#10;Error(code=-32500, message='FailedOp(0,AA13 initCode failed or OOG)', data=None, id=671)">tests/utils.py:199: in assert_ok
    assert response.result
E   AttributeError: 'Error' object has no attribute 'result'

The above exception was the direct cause of the following exception:
tests/single/eip7702/test_eip7702_tuple_userop.py:85: in test_send_eip_7702_tx_with_initcode
    assert_ok(response)
tests/utils.py:201: in assert_ok
    raise AttributeError(f"expected result object, got:\n{response}") from exc
E   AttributeError: expected result object, got:
E   Error(code=-32500, message='FailedOp(0,AA13 initCode failed or OOG)', data=None, id=671)</failure><system-out>--------------------------------- Captured Log ---------------------------------

--------------------------------- Captured Out ---------------------------------

</system-out><system-err>--------------------------------- Captured Err ---------------------------------

</system-err></testcase><testcase classname="tests.single.eip7702.test_eip7702_tuple_userop" name="test_send_eip_7702_tx_with_flag_no_initcode" time="0.068"><failure message="AttributeError: expected result object, got:&#10;Error(code=-32602, message='got factory but missing factoryData', data=None, id=673)">tests/utils.py:199: in assert_ok
    assert response.result
E   AttributeError: 'Error' object has no attribute 'result'

The above exception was the direct cause of the following exception:
tests/single/eip7702/test_eip7702_tuple_userop.py:127: in test_send_eip_7702_tx_with_flag_no_initcode
    assert_ok(response)
tests/utils.py:201: in assert_ok
    raise AttributeError(f"expected result object, got:\n{response}") from exc
E   AttributeError: expected result object, got:
E   Error(code=-32602, message='got factory but missing factoryData', data=None, id=673)</failure><system-out>--------------------------------- Captured Log ---------------------------------

--------------------------------- Captured Out ---------------------------------

</system-out><system-err>--------------------------------- Captured Err ---------------------------------

</system-err></testcase><testcase classname="tests.single.eip7702.test_eip7702_tuple_userop" name="test_send_post_eip_7702_tx[0]" time="0.070"><failure message="AttributeError: expected result object, got:&#10;Error(code=-32500, message='FailedOp(0,AA20 account not deployed)', data=None, id=675)">tests/utils.py:199: in assert_ok
    assert response.result
E   AttributeError: 'Error' object has no attribute 'result'

The above exception was the direct cause of the following exception:
tests/single/eip7702/test_eip7702_tuple_userop.py:156: in test_send_post_eip_7702_tx
    assert_ok(response)
tests/utils.py:201: in assert_ok
    raise AttributeError(f"expected result object, got:\n{response}") from exc
E   AttributeError: expected result object, got:
E   Error(code=-32500, message='FailedOp(0,AA20 account not deployed)', data=None, id=675)</failure><system-out>--------------------------------- Captured Log ---------------------------------

--------------------------------- Captured Out ---------------------------------

</system-out><system-err>--------------------------------- Captured Err ---------------------------------

</system-err></testcase><testcase classname="tests.single.eip7702.test_eip7702_tuple_userop" name="test_send_post_eip_7702_tx[1337]" time="0.069"><failure message="AttributeError: expected result object, got:&#10;Error(code=-32500, message='FailedOp(0,AA20 account not deployed)', data=None, id=677)">tests/utils.py:199: in assert_ok
    assert response.result
E   AttributeError: 'Error' object has no attribute 'result'

The above exception was the direct cause of the following exception:
tests/single/eip7702/test_eip7702_tuple_userop.py:156: in test_send_post_eip_7702_tx
    assert_ok(response)
tests/utils.py:201: in assert_ok
    raise AttributeError(f"expected result object, got:\n{response}") from exc
E   AttributeError: expected result object, got:
E   Error(code=-32500, message='FailedOp(0,AA20 account not deployed)', data=None, id=677)</failure><system-out>--------------------------------- Captured Log ---------------------------------

--------------------------------- Captured Out ---------------------------------

</system-out><system-err>--------------------------------- Captured Err ---------------------------------

</system-err></testcase><testcase classname="tests.single.eip7702.test_eip7702_tuple_userop" name="test_send_bad_eip_7702_drop_userop" time="0.070" /><testcase classname="tests.single.eip7702.test_eip7702_tuple_userop" name="test_send_nonsender_eip_7702_drop_userop" time="0.161"><failure message="AttributeError: expected error object, got:&#10;Ok(result='0x6f55bda9734e4683cb840f26717ad8429dc871b95c311a8a036cb06736a2453f', id=681)">tests/utils.py:206: in assert_rpc_error
    assert response.code == code
E   AttributeError: 'Ok' object has no attribute 'code'

The above exception was the direct cause of the following exception:
tests/single/eip7702/test_eip7702_tuple_userop.py:223: in test_send_nonsender_eip_7702_drop_userop
    assert_rpc_error(userop.send(), "sender", RPCErrorCode.INVALID_FIELDS)
tests/utils.py:211: in assert_rpc_error
    raise AttributeError(f"expected error object, got:\n{response}") from exc
E   AttributeError: expected error object, got:
E   Ok(result='0x6f55bda9734e4683cb840f26717ad8429dc871b95c311a8a036cb06736a2453f', id=681)</failure><system-out>--------------------------------- Captured Log ---------------------------------

--------------------------------- Captured Out ---------------------------------

</system-out><system-err>--------------------------------- Captured Err ---------------------------------

</system-err></testcase><testcase classname="tests.single.eip7702.test_eip7702_tuple_userop" name="test_send_wrongchain_eip_7702_drop_userop" time="0.070"><failure message="AttributeError: expected result object, got:&#10;Error(code=-32500, message='FailedOp(0,AA20 account not deployed)', data=None, id=683)">tests/utils.py:199: in assert_ok
    assert response.result
E   AttributeError: 'Error' object has no attribute 'result'

The above exception was the direct cause of the following exception:
tests/single/eip7702/test_eip7702_tuple_userop.py:244: in test_send_wrongchain_eip_7702_drop_userop
    assert_ok(userop.send())
tests/utils.py:201: in assert_ok
    raise AttributeError(f"expected result object, got:\n{response}") from exc
E   AttributeError: expected result object, got:
E   Error(code=-32500, message='FailedOp(0,AA20 account not deployed)', data=None, id=683)</failure><system-out>--------------------------------- Captured Log ---------------------------------

--------------------------------- Captured Out ---------------------------------

</system-out><system-err>--------------------------------- Captured Err ---------------------------------

</system-err></testcase><testcase classname="tests.single.gas.test_eip_7623" name="test_normal_calldata" time="0.146"><failure message="AttributeError: expected result object, got:&#10;Error(code=-32602, message='preVerificationGas too low: expected at least 45364', data=None, id=685)">tests/utils.py:199: in assert_ok
    assert response.result
E   AttributeError: 'Error' object has no attribute 'result'

The above exception was the direct cause of the following exception:
tests/single/gas/test_eip_7623.py:35: in test_normal_calldata
    assert_ok(op.send())
tests/utils.py:201: in assert_ok
    raise AttributeError(f"expected result object, got:\n{response}") from exc
E   AttributeError: expected result object, got:
E   Error(code=-32602, message='preVerificationGas too low: expected at least 45364', data=None, id=685)</failure><system-out>--------------------------------- Captured Log ---------------------------------

--------------------------------- Captured Out ---------------------------------

</system-out><system-err>--------------------------------- Captured Err ---------------------------------

</system-err></testcase><testcase classname="tests.single.gas.test_eip_7623" name="test_huge_calldata_failed" time="0.141" /><testcase classname="tests.single.gas.test_eip_7623" name="test_huge_calldata_with_callgas" time="0.168" /><testcase classname="tests.single.gas.test_eip_7623" name="test_estimate_huge_calldata" time="0.232" /><testcase classname="tests.single.opbanning.test_create" name="test_account_no_factory[CREATE]" time="0.338" /><testcase classname="tests.single.opbanning.test_create" name="test_account_no_factory[CREATE2]" time="0.342" /><testcase classname="tests.single.opbanning.test_create" name="test_paymaster_banned_create[CREATE]" time="0.397" /><testcase classname="tests.single.opbanning.test_create" name="test_paymaster_banned_create[CREATE2]" time="0.410" /><testcase classname="tests.single.opbanning.test_create" name="test_account_create2_once" time="0.390" /><testcase classname="tests.single.opbanning.test_create" name="test_account_create_with_factory[factory=unstaked,op=CREATE,expect=ok,rule=OP-032]" time="0.423"><failure message="AttributeError: expected result object, got:&#10;Error(code=-32502, message='factory uses banned opcode: CREATE', data=None, id=704)">tests/utils.py:199: in assert_ok
    assert response.result
E   AttributeError: 'Error' object has no attribute 'result'

The above exception was the direct cause of the following exception:
tests/single/opbanning/test_create.py:136: in test_account_create_with_factory
    assert_ok(response)
tests/utils.py:201: in assert_ok
    raise AttributeError(f"expected result object, got:\n{response}") from exc
E   AttributeError: expected result object, got:
E   Error(code=-32502, message='factory uses banned opcode: CREATE', data=None, id=704)</failure><system-out>--------------------------------- Captured Log ---------------------------------

--------------------------------- Captured Out ---------------------------------

</system-out><system-err>--------------------------------- Captured Err ---------------------------------

</system-err></testcase><testcase classname="tests.single.opbanning.test_create" name="test_account_create_with_factory[factory=unstaked,op=CREATE2,expect=err,rule=OP-032]" time="0.394"><failure message="AssertionError: assert 'account uses banned opcode: create2' in 'factory uses banned opcode: create'&#10; +  where 'account uses banned opcode: create2' = &lt;built-in method lower of str object at 0x7fcb0352b030&gt;()&#10; +    where &lt;built-in method lower of str object at 0x7fcb0352b030&gt; = 'account uses banned opcode: CREATE2'.lower&#10; +  and   'factory uses banned opcode: create' = &lt;built-in method lower of str object at 0x7fcb03528030&gt;()&#10; +    where &lt;built-in method lower of str object at 0x7fcb03528030&gt; = 'factory uses banned opcode: CREATE'.lower&#10; +      where 'factory uses banned opcode: CREATE' = Error(code=-32502, message='factory uses banned opcode: CREATE', data=None, id=706).message">tests/single/opbanning/test_create.py:138: in test_account_create_with_factory
    assert_rpc_error(
tests/utils.py:207: in assert_rpc_error
    assert message.lower() in response.message.lower()
E   AssertionError: assert 'account uses banned opcode: create2' in 'factory uses banned opcode: create'
E    +  where 'account uses banned opcode: create2' = &lt;built-in method lower of str object at 0x7fcb0352b030&gt;()
E    +    where &lt;built-in method lower of str object at 0x7fcb0352b030&gt; = 'account uses banned opcode: CREATE2'.lower
E    +  and   'factory uses banned opcode: create' = &lt;built-in method lower of str object at 0x7fcb03528030&gt;()
E    +    where &lt;built-in method lower of str object at 0x7fcb03528030&gt; = 'factory uses banned opcode: CREATE'.lower
E    +      where 'factory uses banned opcode: CREATE' = Error(code=-32502, message='factory uses banned opcode: CREATE', data=None, id=706).message</failure><system-out>--------------------------------- Captured Log ---------------------------------

--------------------------------- Captured Out ---------------------------------

</system-out><system-err>--------------------------------- Captured Err ---------------------------------

</system-err></testcase><testcase classname="tests.single.opbanning.test_create" name="test_account_create_with_factory[factory=staked,op=CREATE,expect=ok,rule=EREP-060]" time="0.412"><failure message="AttributeError: expected result object, got:&#10;Error(code=-32502, message='factory uses banned opcode: CREATE', data=None, id=708)">tests/utils.py:199: in assert_ok
    assert response.result
E   AttributeError: 'Error' object has no attribute 'result'

The above exception was the direct cause of the following exception:
tests/single/opbanning/test_create.py:136: in test_account_create_with_factory
    assert_ok(response)
tests/utils.py:201: in assert_ok
    raise AttributeError(f"expected result object, got:\n{response}") from exc
E   AttributeError: expected result object, got:
E   Error(code=-32502, message='factory uses banned opcode: CREATE', data=None, id=708)</failure><system-out>--------------------------------- Captured Log ---------------------------------

--------------------------------- Captured Out ---------------------------------

</system-out><system-err>--------------------------------- Captured Err ---------------------------------

</system-err></testcase><testcase classname="tests.single.opbanning.test_create" name="test_account_create_with_factory[factory=staked,op=nested-CREATE,expect=err,rule=EREP-060]" time="0.413"><failure message="AssertionError: assert 'account uses banned opcode: create' in 'factory uses banned opcode: create'&#10; +  where 'account uses banned opcode: create' = &lt;built-in method lower of str object at 0x7fcb03528990&gt;()&#10; +    where &lt;built-in method lower of str object at 0x7fcb03528990&gt; = 'account uses banned opcode: CREATE'.lower&#10; +  and   'factory uses banned opcode: create' = &lt;built-in method lower of str object at 0x7fcb034b5d10&gt;()&#10; +    where &lt;built-in method lower of str object at 0x7fcb034b5d10&gt; = 'factory uses banned opcode: CREATE'.lower&#10; +      where 'factory uses banned opcode: CREATE' = Error(code=-32502, message='factory uses banned opcode: CREATE', data=None, id=710).message">tests/single/opbanning/test_create.py:138: in test_account_create_with_factory
    assert_rpc_error(
tests/utils.py:207: in assert_rpc_error
    assert message.lower() in response.message.lower()
E   AssertionError: assert 'account uses banned opcode: create' in 'factory uses banned opcode: create'
E    +  where 'account uses banned opcode: create' = &lt;built-in method lower of str object at 0x7fcb03528990&gt;()
E    +    where &lt;built-in method lower of str object at 0x7fcb03528990&gt; = 'account uses banned opcode: CREATE'.lower
E    +  and   'factory uses banned opcode: create' = &lt;built-in method lower of str object at 0x7fcb034b5d10&gt;()
E    +    where &lt;built-in method lower of str object at 0x7fcb034b5d10&gt; = 'factory uses banned opcode: CREATE'.lower
E    +      where 'factory uses banned opcode: CREATE' = Error(code=-32502, message='factory uses banned opcode: CREATE', data=None, id=710).message</failure><system-out>--------------------------------- Captured Log ---------------------------------

--------------------------------- Captured Out ---------------------------------

</system-out><system-err>--------------------------------- Captured Err ---------------------------------

</system-err></testcase><testcase classname="tests.single.opbanning.test_create" name="test_account_create_with_factory[factory=staked,op=nested-CREATE2,expect=err,rule=EREP-060]" time="0.317"><failure message="AssertionError: assert 'account uses banned opcode: create2' in 'factory uses banned opcode: create'&#10; +  where 'account uses banned opcode: create2' = &lt;built-in method lower of str object at 0x7fcb035287b0&gt;()&#10; +    where &lt;built-in method lower of str object at 0x7fcb035287b0&gt; = 'account uses banned opcode: CREATE2'.lower&#10; +  and   'factory uses banned opcode: create' = &lt;built-in method lower of str object at 0x7fcb034b6790&gt;()&#10; +    where &lt;built-in method lower of str object at 0x7fcb034b6790&gt; = 'factory uses banned opcode: CREATE'.lower&#10; +      where 'factory uses banned opcode: CREATE' = Error(code=-32502, message='factory uses banned opcode: CREATE', data=None, id=712).message">tests/single/opbanning/test_create.py:138: in test_account_create_with_factory
    assert_rpc_error(
tests/utils.py:207: in assert_rpc_error
    assert message.lower() in response.message.lower()
E   AssertionError: assert 'account uses banned opcode: create2' in 'factory uses banned opcode: create'
E    +  where 'account uses banned opcode: create2' = &lt;built-in method lower of str object at 0x7fcb035287b0&gt;()
E    +    where &lt;built-in method lower of str object at 0x7fcb035287b0&gt; = 'account uses banned opcode: CREATE2'.lower
E    +  and   'factory uses banned opcode: create' = &lt;built-in method lower of str object at 0x7fcb034b6790&gt;()
E    +    where &lt;built-in method lower of str object at 0x7fcb034b6790&gt; = 'factory uses banned opcode: CREATE'.lower
E    +      where 'factory uses banned opcode: CREATE' = Error(code=-32502, message='factory uses banned opcode: CREATE', data=None, id=712).message</failure><system-out>--------------------------------- Captured Log ---------------------------------

--------------------------------- Captured Out ---------------------------------

</system-out><system-err>--------------------------------- Captured Err ---------------------------------

</system-err></testcase><testcase classname="tests.single.opbanning.test_create" name="test_account_create_with_factory[factory=staked,op=CREATE2,expect=ok,rule=EREP-060]" time="0.412"><failure message="AttributeError: expected result object, got:&#10;Error(code=-32502, message='factory uses banned opcode: CREATE', data=None, id=714)">tests/utils.py:199: in assert_ok
    assert response.result
E   AttributeError: 'Error' object has no attribute 'result'

The above exception was the direct cause of the following exception:
tests/single/opbanning/test_create.py:136: in test_account_create_with_factory
    assert_ok(response)
tests/utils.py:201: in assert_ok
    raise AttributeError(f"expected result object, got:\n{response}") from exc
E   AttributeError: expected result object, got:
E   Error(code=-32502, message='factory uses banned opcode: CREATE', data=None, id=714)</failure><system-out>--------------------------------- Captured Log ---------------------------------

--------------------------------- Captured Out ---------------------------------

</system-out><system-err>--------------------------------- Captured Err ---------------------------------

</system-err></testcase><testcase classname="tests.single.opbanning.test_op_banning" name="test_account_banned_opcode[GAS-]" time="0.320" /><testcase classname="tests.single.opbanning.test_op_banning" name="test_account_banned_opcode[GAS-CALL:&gt;]" time="0.470" /><testcase classname="tests.single.opbanning.test_op_banning" name="test_account_banned_opcode[GAS-DELEGATECALL:&gt;]" time="0.485" /><testcase classname="tests.single.opbanning.test_op_banning" name="test_account_banned_opcode[NUMBER-]" time="0.312" /><testcase classname="tests.single.opbanning.test_op_banning" name="test_account_banned_opcode[NUMBER-CALL:&gt;]" time="0.503" /><testcase classname="tests.single.opbanning.test_op_banning" name="test_account_banned_opcode[NUMBER-DELEGATECALL:&gt;]" time="0.489" /><testcase classname="tests.single.opbanning.test_op_banning" name="test_account_banned_opcode[TIMESTAMP-]" time="0.312" /><testcase classname="tests.single.opbanning.test_op_banning" name="test_account_banned_opcode[TIMESTAMP-CALL:&gt;]" time="0.482" /><testcase classname="tests.single.opbanning.test_op_banning" name="test_account_banned_opcode[TIMESTAMP-DELEGATECALL:&gt;]" time="0.504" /><testcase classname="tests.single.opbanning.test_op_banning" name="test_account_banned_opcode[COINBASE-]" time="0.315" /><testcase classname="tests.single.opbanning.test_op_banning" name="test_account_banned_opcode[COINBASE-CALL:&gt;]" time="0.478" /><testcase classname="tests.single.opbanning.test_op_banning" name="test_account_banned_opcode[COINBASE-DELEGATECALL:&gt;]" time="0.506" /><testcase classname="tests.single.opbanning.test_op_banning" name="test_account_banned_opcode[DIFFICULTY-]" time="0.256" /><testcase classname="tests.single.opbanning.test_op_banning" name="test_account_banned_opcode[DIFFICULTY-CALL:&gt;]" time="0.485" /><testcase classname="tests.single.opbanning.test_op_banning" name="test_account_banned_opcode[DIFFICULTY-DELEGATECALL:&gt;]" time="0.412" /><testcase classname="tests.single.opbanning.test_op_banning" name="test_account_banned_opcode[BASEFEE-]" time="0.318" /><testcase classname="tests.single.opbanning.test_op_banning" name="test_account_banned_opcode[BASEFEE-CALL:&gt;]" time="0.480" /><testcase classname="tests.single.opbanning.test_op_banning" name="test_account_banned_opcode[BASEFEE-DELEGATECALL:&gt;]" time="0.504" /><testcase classname="tests.single.opbanning.test_op_banning" name="test_account_banned_opcode[GASLIMIT-]" time="0.320" /><testcase classname="tests.single.opbanning.test_op_banning" name="test_account_banned_opcode[GASLIMIT-CALL:&gt;]" time="0.476" /><testcase classname="tests.single.opbanning.test_op_banning" name="test_account_banned_opcode[GASLIMIT-DELEGATECALL:&gt;]" time="0.503" /><testcase classname="tests.single.opbanning.test_op_banning" name="test_account_banned_opcode[GASPRICE-]" time="0.328" /><testcase classname="tests.single.opbanning.test_op_banning" name="test_account_banned_opcode[GASPRICE-CALL:&gt;]" time="0.491" /><testcase classname="tests.single.opbanning.test_op_banning" name="test_account_banned_opcode[GASPRICE-DELEGATECALL:&gt;]" time="0.534" /><testcase classname="tests.single.opbanning.test_op_banning" name="test_account_banned_opcode[SELFBALANCE-]" time="0.348" /><testcase classname="tests.single.opbanning.test_op_banning" name="test_account_banned_opcode[SELFBALANCE-CALL:&gt;]" time="0.520" /><testcase classname="tests.single.opbanning.test_op_banning" name="test_account_banned_opcode[SELFBALANCE-DELEGATECALL:&gt;]" time="0.538" /><testcase classname="tests.single.opbanning.test_op_banning" name="test_account_banned_opcode[BALANCE-]" time="0.328" /><testcase classname="tests.single.opbanning.test_op_banning" name="test_account_banned_opcode[BALANCE-CALL:&gt;]" time="0.487" /><testcase classname="tests.single.opbanning.test_op_banning" name="test_account_banned_opcode[BALANCE-DELEGATECALL:&gt;]" time="0.510" /><testcase classname="tests.single.opbanning.test_op_banning" name="test_account_banned_opcode[ORIGIN-]" time="0.322" /><testcase classname="tests.single.opbanning.test_op_banning" name="test_account_banned_opcode[ORIGIN-CALL:&gt;]" time="0.386" /><testcase classname="tests.single.opbanning.test_op_banning" name="test_account_banned_opcode[ORIGIN-DELEGATECALL:&gt;]" time="0.497" /><testcase classname="tests.single.opbanning.test_op_banning" name="test_account_banned_opcode[BLOCKHASH-]" time="0.327" /><testcase classname="tests.single.opbanning.test_op_banning" name="test_account_banned_opcode[BLOCKHASH-CALL:&gt;]" time="0.393" /><testcase classname="tests.single.opbanning.test_op_banning" name="test_account_banned_opcode[BLOCKHASH-DELEGATECALL:&gt;]" time="0.519" /><testcase classname="tests.single.opbanning.test_op_banning" name="test_account_banned_opcode[CREATE-]" time="0.336" /><testcase classname="tests.single.opbanning.test_op_banning" name="test_account_banned_opcode[CREATE-CALL:&gt;]" time="0.498" /><testcase classname="tests.single.opbanning.test_op_banning" name="test_account_banned_opcode[CREATE-DELEGATECALL:&gt;]" time="0.505" /><testcase classname="tests.single.opbanning.test_op_banning" name="test_account_banned_opcode[CREATE2-]" time="0.337" /><testcase classname="tests.single.opbanning.test_op_banning" name="test_account_banned_opcode[CREATE2-CALL:&gt;]" time="0.503" /><testcase classname="tests.single.opbanning.test_op_banning" name="test_account_banned_opcode[CREATE2-DELEGATECALL:&gt;]" time="0.424" /><testcase classname="tests.single.opbanning.test_op_banning" name="test_account_banned_opcode[SELFDESTRUCT-]" time="0.339" /><testcase classname="tests.single.opbanning.test_op_banning" name="test_account_banned_opcode[SELFDESTRUCT-CALL:&gt;]" time="0.513" /><testcase classname="tests.single.opbanning.test_op_banning" name="test_account_banned_opcode[SELFDESTRUCT-DELEGATECALL:&gt;]" time="0.535" /><testcase classname="tests.single.opbanning.test_op_banning" name="test_account_banned_opcode[BLOBHASH-]" time="0.238"><failure message="AttributeError: expected error object, got:&#10;Ok(result='0x86f67b7c927d4b017edd9e295524925bc450e4a1e2a505475d08a82585b535ed', id=806)">tests/utils.py:206: in assert_rpc_error
    assert response.code == code
E   AttributeError: 'Ok' object has no attribute 'code'

The above exception was the direct cause of the following exception:
tests/single/opbanning/test_op_banning.py:55: in test_account_banned_opcode
    assert_rpc_error(
tests/utils.py:211: in assert_rpc_error
    raise AttributeError(f"expected error object, got:\n{response}") from exc
E   AttributeError: expected error object, got:
E   Ok(result='0x86f67b7c927d4b017edd9e295524925bc450e4a1e2a505475d08a82585b535ed', id=806)</failure><system-out>--------------------------------- Captured Log ---------------------------------

--------------------------------- Captured Out ---------------------------------

</system-out><system-err>--------------------------------- Captured Err ---------------------------------

</system-err></testcase><testcase classname="tests.single.opbanning.test_op_banning" name="test_account_banned_opcode[BLOBHASH-CALL:&gt;]" time="0.505"><failure message="AttributeError: expected error object, got:&#10;Ok(result='0x0f7ec3b2348135c5d7ca0d53c2e49eb1f6c3597ae1848fb5f9a30521a738c42b', id=808)">tests/utils.py:206: in assert_rpc_error
    assert response.code == code
E   AttributeError: 'Ok' object has no attribute 'code'

The above exception was the direct cause of the following exception:
tests/single/opbanning/test_op_banning.py:55: in test_account_banned_opcode
    assert_rpc_error(
tests/utils.py:211: in assert_rpc_error
    raise AttributeError(f"expected error object, got:\n{response}") from exc
E   AttributeError: expected error object, got:
E   Ok(result='0x0f7ec3b2348135c5d7ca0d53c2e49eb1f6c3597ae1848fb5f9a30521a738c42b', id=808)</failure><system-out>--------------------------------- Captured Log ---------------------------------

--------------------------------- Captured Out ---------------------------------

</system-out><system-err>--------------------------------- Captured Err ---------------------------------

</system-err></testcase><testcase classname="tests.single.opbanning.test_op_banning" name="test_account_banned_opcode[BLOBHASH-DELEGATECALL:&gt;]" time="0.513"><failure message="AttributeError: expected error object, got:&#10;Ok(result='0x6ad98ac8d13d4b851e3f75f5622e2bcdbb9e496bef44e2eb54018b039e228566', id=810)">tests/utils.py:206: in assert_rpc_error
    assert response.code == code
E   AttributeError: 'Ok' object has no attribute 'code'

The above exception was the direct cause of the following exception:
tests/single/opbanning/test_op_banning.py:55: in test_account_banned_opcode
    assert_rpc_error(
tests/utils.py:211: in assert_rpc_error
    raise AttributeError(f"expected error object, got:\n{response}") from exc
E   AttributeError: expected error object, got:
E   Ok(result='0x6ad98ac8d13d4b851e3f75f5622e2bcdbb9e496bef44e2eb54018b039e228566', id=810)</failure><system-out>--------------------------------- Captured Log ---------------------------------

--------------------------------- Captured Out ---------------------------------

</system-out><system-err>--------------------------------- Captured Err ---------------------------------

</system-err></testcase><testcase classname="tests.single.opbanning.test_op_banning" name="test_account_banned_opcode[BLOBBASEFEE-]" time="0.340"><failure message="AttributeError: expected error object, got:&#10;Ok(result='0xc91b672c1cadea40e097fe4d69e2e3df360dcef6244066ca33bdb615341a0859', id=812)">tests/utils.py:206: in assert_rpc_error
    assert response.code == code
E   AttributeError: 'Ok' object has no attribute 'code'

The above exception was the direct cause of the following exception:
tests/single/opbanning/test_op_banning.py:55: in test_account_banned_opcode
    assert_rpc_error(
tests/utils.py:211: in assert_rpc_error
    raise AttributeError(f"expected error object, got:\n{response}") from exc
E   AttributeError: expected error object, got:
E   Ok(result='0xc91b672c1cadea40e097fe4d69e2e3df360dcef6244066ca33bdb615341a0859', id=812)</failure><system-out>--------------------------------- Captured Log ---------------------------------

--------------------------------- Captured Out ---------------------------------

</system-out><system-err>--------------------------------- Captured Err ---------------------------------

</system-err></testcase><testcase classname="tests.single.opbanning.test_op_banning" name="test_account_banned_opcode[BLOBBASEFEE-CALL:&gt;]" time="0.503"><failure message="AttributeError: expected error object, got:&#10;Ok(result='0x7df51d5676345a262c988e1ce15a2b182cf9550cd1150146be5812cc677d56ca', id=814)">tests/utils.py:206: in assert_rpc_error
    assert response.code == code
E   AttributeError: 'Ok' object has no attribute 'code'

The above exception was the direct cause of the following exception:
tests/single/opbanning/test_op_banning.py:55: in test_account_banned_opcode
    assert_rpc_error(
tests/utils.py:211: in assert_rpc_error
    raise AttributeError(f"expected error object, got:\n{response}") from exc
E   AttributeError: expected error object, got:
E   Ok(result='0x7df51d5676345a262c988e1ce15a2b182cf9550cd1150146be5812cc677d56ca', id=814)</failure><system-out>--------------------------------- Captured Log ---------------------------------

--------------------------------- Captured Out ---------------------------------

</system-out><system-err>--------------------------------- Captured Err ---------------------------------

</system-err></testcase><testcase classname="tests.single.opbanning.test_op_banning" name="test_account_banned_opcode[BLOBBASEFEE-DELEGATECALL:&gt;]" time="0.428"><failure message="AttributeError: expected error object, got:&#10;Ok(result='0xf32764e22ba08b1b2b492494f1f04646473087e2c12c937ad7f925bb3012f7f0', id=816)">tests/utils.py:206: in assert_rpc_error
    assert response.code == code
E   AttributeError: 'Ok' object has no attribute 'code'

The above exception was the direct cause of the following exception:
tests/single/opbanning/test_op_banning.py:55: in test_account_banned_opcode
    assert_rpc_error(
tests/utils.py:211: in assert_rpc_error
    raise AttributeError(f"expected error object, got:\n{response}") from exc
E   AttributeError: expected error object, got:
E   Ok(result='0xf32764e22ba08b1b2b492494f1f04646473087e2c12c937ad7f925bb3012f7f0', id=816)</failure><system-out>--------------------------------- Captured Log ---------------------------------

--------------------------------- Captured Out ---------------------------------

</system-out><system-err>--------------------------------- Captured Err ---------------------------------

</system-err></testcase><testcase classname="tests.single.opbanning.test_op_banning" name="test_account_allowed_opcode_when_staked[BALANCE-]" time="0.270"><failure message="AttributeError: expected result object, got:&#10;Error(code=-32502, message='account uses banned opcode: BALANCE', data=None, id=818)">tests/utils.py:199: in assert_ok
    assert response.result
E   AttributeError: 'Error' object has no attribute 'result'

The above exception was the direct cause of the following exception:
tests/single/opbanning/test_op_banning.py:69: in test_account_allowed_opcode_when_staked
    assert_ok(response)
tests/utils.py:201: in assert_ok
    raise AttributeError(f"expected result object, got:\n{response}") from exc
E   AttributeError: expected result object, got:
E   Error(code=-32502, message='account uses banned opcode: BALANCE', data=None, id=818)</failure><system-out>--------------------------------- Captured Log ---------------------------------

--------------------------------- Captured Out ---------------------------------

</system-out><system-err>--------------------------------- Captured Err ---------------------------------

</system-err></testcase><testcase classname="tests.single.opbanning.test_op_banning" name="test_account_allowed_opcode_when_staked[BALANCE-CALL:&gt;]" time="0.410"><failure message="AttributeError: expected result object, got:&#10;Error(code=-32502, message='account uses banned opcode: BALANCE', data=None, id=820)">tests/utils.py:199: in assert_ok
    assert response.result
E   AttributeError: 'Error' object has no attribute 'result'

The above exception was the direct cause of the following exception:
tests/single/opbanning/test_op_banning.py:69: in test_account_allowed_opcode_when_staked
    assert_ok(response)
tests/utils.py:201: in assert_ok
    raise AttributeError(f"expected result object, got:\n{response}") from exc
E   AttributeError: expected result object, got:
E   Error(code=-32502, message='account uses banned opcode: BALANCE', data=None, id=820)</failure><system-out>--------------------------------- Captured Log ---------------------------------

--------------------------------- Captured Out ---------------------------------

</system-out><system-err>--------------------------------- Captured Err ---------------------------------

</system-err></testcase><testcase classname="tests.single.opbanning.test_op_banning" name="test_account_allowed_opcode_when_staked[BALANCE-DELEGATECALL:&gt;]" time="0.531"><failure message="AttributeError: expected result object, got:&#10;Error(code=-32502, message='account uses banned opcode: BALANCE', data=None, id=822)">tests/utils.py:199: in assert_ok
    assert response.result
E   AttributeError: 'Error' object has no attribute 'result'

The above exception was the direct cause of the following exception:
tests/single/opbanning/test_op_banning.py:69: in test_account_allowed_opcode_when_staked
    assert_ok(response)
tests/utils.py:201: in assert_ok
    raise AttributeError(f"expected result object, got:\n{response}") from exc
E   AttributeError: expected result object, got:
E   Error(code=-32502, message='account uses banned opcode: BALANCE', data=None, id=822)</failure><system-out>--------------------------------- Captured Log ---------------------------------

--------------------------------- Captured Out ---------------------------------

</system-out><system-err>--------------------------------- Captured Err ---------------------------------

</system-err></testcase><testcase classname="tests.single.opbanning.test_op_banning" name="test_account_allowed_opcode_when_staked[SELFBALANCE-]" time="0.372"><failure message="AttributeError: expected result object, got:&#10;Error(code=-32502, message='account uses banned opcode: SELFBALANCE', data=None, id=824)">tests/utils.py:199: in assert_ok
    assert response.result
E   AttributeError: 'Error' object has no attribute 'result'

The above exception was the direct cause of the following exception:
tests/single/opbanning/test_op_banning.py:69: in test_account_allowed_opcode_when_staked
    assert_ok(response)
tests/utils.py:201: in assert_ok
    raise AttributeError(f"expected result object, got:\n{response}") from exc
E   AttributeError: expected result object, got:
E   Error(code=-32502, message='account uses banned opcode: SELFBALANCE', data=None, id=824)</failure><system-out>--------------------------------- Captured Log ---------------------------------

--------------------------------- Captured Out ---------------------------------

</system-out><system-err>--------------------------------- Captured Err ---------------------------------

</system-err></testcase><testcase classname="tests.single.opbanning.test_op_banning" name="test_account_allowed_opcode_when_staked[SELFBALANCE-CALL:&gt;]" time="0.543"><failure message="AttributeError: expected result object, got:&#10;Error(code=-32502, message='account uses banned opcode: SELFBALANCE', data=None, id=826)">tests/utils.py:199: in assert_ok
    assert response.result
E   AttributeError: 'Error' object has no attribute 'result'

The above exception was the direct cause of the following exception:
tests/single/opbanning/test_op_banning.py:69: in test_account_allowed_opcode_when_staked
    assert_ok(response)
tests/utils.py:201: in assert_ok
    raise AttributeError(f"expected result object, got:\n{response}") from exc
E   AttributeError: expected result object, got:
E   Error(code=-32502, message='account uses banned opcode: SELFBALANCE', data=None, id=826)</failure><system-out>--------------------------------- Captured Log ---------------------------------

--------------------------------- Captured Out ---------------------------------

</system-out><system-err>--------------------------------- Captured Err ---------------------------------

</system-err></testcase><testcase classname="tests.single.opbanning.test_op_banning" name="test_account_allowed_opcode_when_staked[SELFBALANCE-DELEGATECALL:&gt;]" time="0.557"><failure message="AttributeError: expected result object, got:&#10;Error(code=-32502, message='account uses banned opcode: SELFBALANCE', data=None, id=828)">tests/utils.py:199: in assert_ok
    assert response.result
E   AttributeError: 'Error' object has no attribute 'result'

The above exception was the direct cause of the following exception:
tests/single/opbanning/test_op_banning.py:69: in test_account_allowed_opcode_when_staked
    assert_ok(response)
tests/utils.py:201: in assert_ok
    raise AttributeError(f"expected result object, got:\n{response}") from exc
E   AttributeError: expected result object, got:
E   Error(code=-32502, message='account uses banned opcode: SELFBALANCE', data=None, id=828)</failure><system-out>--------------------------------- Captured Log ---------------------------------

--------------------------------- Captured Out ---------------------------------

</system-out><system-err>--------------------------------- Captured Err ---------------------------------

</system-err></testcase><testcase classname="tests.single.opbanning.test_op_banning" name="test_account_allowed_opcode_sequence[GAS CALL-]" time="0.372" /><testcase classname="tests.single.opbanning.test_op_banning" name="test_account_allowed_opcode_sequence[GAS CALL-CALL:&gt;]" time="0.526" /><testcase classname="tests.single.opbanning.test_op_banning" name="test_account_allowed_opcode_sequence[GAS CALL-DELEGATECALL:&gt;]" time="0.557" /><testcase classname="tests.single.opbanning.test_op_banning" name="test_account_allowed_opcode_sequence[GAS DELEGATECALL-]" time="0.377" /><testcase classname="tests.single.opbanning.test_op_banning" name="test_account_allowed_opcode_sequence[GAS DELEGATECALL-CALL:&gt;]" time="0.565" /><testcase classname="tests.single.opbanning.test_op_banning" name="test_account_allowed_opcode_sequence[GAS DELEGATECALL-DELEGATECALL:&gt;]" time="0.581" /><testcase classname="tests.single.opbanning.test_op_banning" name="test_paymaster_banned_opcode[GAS-]" time="0.377" /><testcase classname="tests.single.opbanning.test_op_banning" name="test_paymaster_banned_opcode[GAS-CALL:&gt;]" time="0.547" /><testcase classname="tests.single.opbanning.test_op_banning" name="test_paymaster_banned_opcode[GAS-DELEGATECALL:&gt;]" time="0.642" /><testcase classname="tests.single.opbanning.test_op_banning" name="test_paymaster_banned_opcode[NUMBER-]" time="0.380" /><testcase classname="tests.single.opbanning.test_op_banning" name="test_paymaster_banned_opcode[NUMBER-CALL:&gt;]" time="0.490" /><testcase classname="tests.single.opbanning.test_op_banning" name="test_paymaster_banned_opcode[NUMBER-DELEGATECALL:&gt;]" time="0.680" /><testcase classname="tests.single.opbanning.test_op_banning" name="test_paymaster_banned_opcode[TIMESTAMP-]" time="0.405" /><testcase classname="tests.single.opbanning.test_op_banning" name="test_paymaster_banned_opcode[TIMESTAMP-CALL:&gt;]" time="0.629" /><testcase classname="tests.single.opbanning.test_op_banning" name="test_paymaster_banned_opcode[TIMESTAMP-DELEGATECALL:&gt;]" time="0.717" /><testcase classname="tests.single.opbanning.test_op_banning" name="test_paymaster_banned_opcode[COINBASE-]" time="0.402" /><testcase classname="tests.single.opbanning.test_op_banning" name="test_paymaster_banned_opcode[COINBASE-CALL:&gt;]" time="0.617" /><testcase classname="tests.single.opbanning.test_op_banning" name="test_paymaster_banned_opcode[COINBASE-DELEGATECALL:&gt;]" time="0.731" /><testcase classname="tests.single.opbanning.test_op_banning" name="test_paymaster_banned_opcode[DIFFICULTY-]" time="0.419" /><testcase classname="tests.single.opbanning.test_op_banning" name="test_paymaster_banned_opcode[DIFFICULTY-CALL:&gt;]" time="0.642" /><testcase classname="tests.single.opbanning.test_op_banning" name="test_paymaster_banned_opcode[DIFFICULTY-DELEGATECALL:&gt;]" time="0.735" /><testcase classname="tests.single.opbanning.test_op_banning" name="test_paymaster_banned_opcode[BASEFEE-]" time="0.395" /><testcase classname="tests.single.opbanning.test_op_banning" name="test_paymaster_banned_opcode[BASEFEE-CALL:&gt;]" time="0.599" /><testcase classname="tests.single.opbanning.test_op_banning" name="test_paymaster_banned_opcode[BASEFEE-DELEGATECALL:&gt;]" time="0.699" /><testcase classname="tests.single.opbanning.test_op_banning" name="test_paymaster_banned_opcode[GASLIMIT-]" time="0.399" /><testcase classname="tests.single.opbanning.test_op_banning" name="test_paymaster_banned_opcode[GASLIMIT-CALL:&gt;]" time="0.623" /><testcase classname="tests.single.opbanning.test_op_banning" name="test_paymaster_banned_opcode[GASLIMIT-DELEGATECALL:&gt;]" time="0.719" /><testcase classname="tests.single.opbanning.test_op_banning" name="test_paymaster_banned_opcode[GASPRICE-]" time="0.403" /><testcase classname="tests.single.opbanning.test_op_banning" name="test_paymaster_banned_opcode[GASPRICE-CALL:&gt;]" time="0.628" /><testcase classname="tests.single.opbanning.test_op_banning" name="test_paymaster_banned_opcode[GASPRICE-DELEGATECALL:&gt;]" time="0.762" /><testcase classname="tests.single.opbanning.test_op_banning" name="test_paymaster_banned_opcode[SELFBALANCE-]" time="0.452" /><testcase classname="tests.single.opbanning.test_op_banning" name="test_paymaster_banned_opcode[SELFBALANCE-CALL:&gt;]" time="0.681" /><testcase classname="tests.single.opbanning.test_op_banning" name="test_paymaster_banned_opcode[SELFBALANCE-DELEGATECALL:&gt;]" time="0.766" /><testcase classname="tests.single.opbanning.test_op_banning" name="test_paymaster_banned_opcode[BALANCE-]" time="0.395" /><testcase classname="tests.single.opbanning.test_op_banning" name="test_paymaster_banned_opcode[BALANCE-CALL:&gt;]" time="0.604" /><testcase classname="tests.single.opbanning.test_op_banning" name="test_paymaster_banned_opcode[BALANCE-DELEGATECALL:&gt;]" time="0.707" /><testcase classname="tests.single.opbanning.test_op_banning" name="test_paymaster_banned_opcode[ORIGIN-]" time="0.390" /><testcase classname="tests.single.opbanning.test_op_banning" name="test_paymaster_banned_opcode[ORIGIN-CALL:&gt;]" time="0.598" /><testcase classname="tests.single.opbanning.test_op_banning" name="test_paymaster_banned_opcode[ORIGIN-DELEGATECALL:&gt;]" time="0.709" /><testcase classname="tests.single.opbanning.test_op_banning" name="test_paymaster_banned_opcode[BLOCKHASH-]" time="0.417" /><testcase classname="tests.single.opbanning.test_op_banning" name="test_paymaster_banned_opcode[BLOCKHASH-CALL:&gt;]" time="0.644" /><testcase classname="tests.single.opbanning.test_op_banning" name="test_paymaster_banned_opcode[BLOCKHASH-DELEGATECALL:&gt;]" time="0.722" /><testcase classname="tests.single.opbanning.test_op_banning" name="test_paymaster_banned_opcode[CREATE-]" time="0.434" /><testcase classname="tests.single.opbanning.test_op_banning" name="test_paymaster_banned_opcode[CREATE-CALL:&gt;]" time="0.609" /><testcase classname="tests.single.opbanning.test_op_banning" name="test_paymaster_banned_opcode[CREATE-DELEGATECALL:&gt;]" time="0.719" /><testcase classname="tests.single.opbanning.test_op_banning" name="test_paymaster_banned_opcode[CREATE2-]" time="0.409" /><testcase classname="tests.single.opbanning.test_op_banning" name="test_paymaster_banned_opcode[CREATE2-CALL:&gt;]" time="0.637" /><testcase classname="tests.single.opbanning.test_op_banning" name="test_paymaster_banned_opcode[CREATE2-DELEGATECALL:&gt;]" time="0.733" /><testcase classname="tests.single.opbanning.test_op_banning" name="test_paymaster_banned_opcode[SELFDESTRUCT-]" time="0.457" /><testcase classname="tests.single.opbanning.test_op_banning" name="test_paymaster_banned_opcode[SELFDESTRUCT-CALL:&gt;]" time="0.694" /><testcase classname="tests.single.opbanning.test_op_banning" name="test_paymaster_banned_opcode[SELFDESTRUCT-DELEGATECALL:&gt;]" time="0.774" /><testcase classname="tests.single.opbanning.test_op_banning" name="test_paymaster_banned_opcode[BLOBHASH-]" time="0.418"><failure message="AttributeError: expected error object, got:&#10;Ok(result='0xc58065dffc47ba50c5dd4edf357f74410fc9aa4f193f50b7a48e4d5ee81cf5d0', id=932)">tests/utils.py:206: in assert_rpc_error
    assert response.code == code
E   AttributeError: 'Ok' object has no attribute 'code'

The above exception was the direct cause of the following exception:
tests/single/opbanning/test_op_banning.py:96: in test_paymaster_banned_opcode
    assert_rpc_error(
tests/utils.py:211: in assert_rpc_error
    raise AttributeError(f"expected error object, got:\n{response}") from exc
E   AttributeError: expected error object, got:
E   Ok(result='0xc58065dffc47ba50c5dd4edf357f74410fc9aa4f193f50b7a48e4d5ee81cf5d0', id=932)</failure><system-out>--------------------------------- Captured Log ---------------------------------

--------------------------------- Captured Out ---------------------------------

</system-out><system-err>--------------------------------- Captured Err ---------------------------------

</system-err></testcase><testcase classname="tests.single.opbanning.test_op_banning" name="test_paymaster_banned_opcode[BLOBHASH-CALL:&gt;]" time="0.644"><failure message="AttributeError: expected error object, got:&#10;Ok(result='0xeea53976bf26ab459b52f920af12c5a6e9f64a56cf989f36e8bd2b8ab8ca14cd', id=934)">tests/utils.py:206: in assert_rpc_error
    assert response.code == code
E   AttributeError: 'Ok' object has no attribute 'code'

The above exception was the direct cause of the following exception:
tests/single/opbanning/test_op_banning.py:96: in test_paymaster_banned_opcode
    assert_rpc_error(
tests/utils.py:211: in assert_rpc_error
    raise AttributeError(f"expected error object, got:\n{response}") from exc
E   AttributeError: expected error object, got:
E   Ok(result='0xeea53976bf26ab459b52f920af12c5a6e9f64a56cf989f36e8bd2b8ab8ca14cd', id=934)</failure><system-out>--------------------------------- Captured Log ---------------------------------

--------------------------------- Captured Out ---------------------------------

</system-out><system-err>--------------------------------- Captured Err ---------------------------------

</system-err></testcase><testcase classname="tests.single.opbanning.test_op_banning" name="test_paymaster_banned_opcode[BLOBHASH-DELEGATECALL:&gt;]" time="0.740"><failure message="AttributeError: expected error object, got:&#10;Ok(result='0xe33cdf445426a323527adbaed949b0bc0597715254ef611f85e577589531962d', id=936)">tests/utils.py:206: in assert_rpc_error
    assert response.code == code
E   AttributeError: 'Ok' object has no attribute 'code'

The above exception was the direct cause of the following exception:
tests/single/opbanning/test_op_banning.py:96: in test_paymaster_banned_opcode
    assert_rpc_error(
tests/utils.py:211: in assert_rpc_error
    raise AttributeError(f"expected error object, got:\n{response}") from exc
E   AttributeError: expected error object, got:
E   Ok(result='0xe33cdf445426a323527adbaed949b0bc0597715254ef611f85e577589531962d', id=936)</failure><system-out>--------------------------------- Captured Log ---------------------------------

--------------------------------- Captured Out ---------------------------------

</system-out><system-err>--------------------------------- Captured Err ---------------------------------

</system-err></testcase><testcase classname="tests.single.opbanning.test_op_banning" name="test_paymaster_banned_opcode[BLOBBASEFEE-]" time="0.456"><failure message="AttributeError: expected error object, got:&#10;Ok(result='0xe9a22add1b46a9d4f410c456fd283532d5f614b4d1a8a4242adcf88c86dfa391', id=938)">tests/utils.py:206: in assert_rpc_error
    assert response.code == code
E   AttributeError: 'Ok' object has no attribute 'code'

The above exception was the direct cause of the following exception:
tests/single/opbanning/test_op_banning.py:96: in test_paymaster_banned_opcode
    assert_rpc_error(
tests/utils.py:211: in assert_rpc_error
    raise AttributeError(f"expected error object, got:\n{response}") from exc
E   AttributeError: expected error object, got:
E   Ok(result='0xe9a22add1b46a9d4f410c456fd283532d5f614b4d1a8a4242adcf88c86dfa391', id=938)</failure><system-out>--------------------------------- Captured Log ---------------------------------

--------------------------------- Captured Out ---------------------------------

</system-out><system-err>--------------------------------- Captured Err ---------------------------------

</system-err></testcase><testcase classname="tests.single.opbanning.test_op_banning" name="test_paymaster_banned_opcode[BLOBBASEFEE-CALL:&gt;]" time="0.687"><failure message="AttributeError: expected error object, got:&#10;Ok(result='0x1fd8a7b8605bdd954cf9dc52da4024a1b9d43cbdad740879c48ef994a7791699', id=940)">tests/utils.py:206: in assert_rpc_error
    assert response.code == code
E   AttributeError: 'Ok' object has no attribute 'code'

The above exception was the direct cause of the following exception:
tests/single/opbanning/test_op_banning.py:96: in test_paymaster_banned_opcode
    assert_rpc_error(
tests/utils.py:211: in assert_rpc_error
    raise AttributeError(f"expected error object, got:\n{response}") from exc
E   AttributeError: expected error object, got:
E   Ok(result='0x1fd8a7b8605bdd954cf9dc52da4024a1b9d43cbdad740879c48ef994a7791699', id=940)</failure><system-out>--------------------------------- Captured Log ---------------------------------

--------------------------------- Captured Out ---------------------------------

</system-out><system-err>--------------------------------- Captured Err ---------------------------------

</system-err></testcase><testcase classname="tests.single.opbanning.test_op_banning" name="test_paymaster_banned_opcode[BLOBBASEFEE-DELEGATECALL:&gt;]" time="0.668"><failure message="AttributeError: expected error object, got:&#10;Ok(result='0x2af7a54970286d347fe526e38c0ea79e608feacb5a216237a1bf20114aec1992', id=942)">tests/utils.py:206: in assert_rpc_error
    assert response.code == code
E   AttributeError: 'Ok' object has no attribute 'code'

The above exception was the direct cause of the following exception:
tests/single/opbanning/test_op_banning.py:96: in test_paymaster_banned_opcode
    assert_rpc_error(
tests/utils.py:211: in assert_rpc_error
    raise AttributeError(f"expected error object, got:\n{response}") from exc
E   AttributeError: expected error object, got:
E   Ok(result='0x2af7a54970286d347fe526e38c0ea79e608feacb5a216237a1bf20114aec1992', id=942)</failure><system-out>--------------------------------- Captured Log ---------------------------------

--------------------------------- Captured Out ---------------------------------

</system-out><system-err>--------------------------------- Captured Err ---------------------------------

</system-err></testcase><testcase classname="tests.single.opbanning.test_op_banning" name="test_paymaster_allowed_opcode_when_staked[BALANCE]" time="0.421"><failure message="AttributeError: expected result object, got:&#10;Error(code=-32502, message='paymaster uses banned opcode: BALANCE', data=None, id=944)">tests/utils.py:199: in assert_ok
    assert response.result
E   AttributeError: 'Error' object has no attribute 'result'

The above exception was the direct cause of the following exception:
tests/single/opbanning/test_op_banning.py:113: in test_paymaster_allowed_opcode_when_staked
    assert_ok(response)
tests/utils.py:201: in assert_ok
    raise AttributeError(f"expected result object, got:\n{response}") from exc
E   AttributeError: expected result object, got:
E   Error(code=-32502, message='paymaster uses banned opcode: BALANCE', data=None, id=944)</failure><system-out>--------------------------------- Captured Log ---------------------------------

--------------------------------- Captured Out ---------------------------------

</system-out><system-err>--------------------------------- Captured Err ---------------------------------

</system-err></testcase><testcase classname="tests.single.opbanning.test_op_banning" name="test_paymaster_allowed_opcode_when_staked[SELFBALANCE]" time="0.490"><failure message="AttributeError: expected result object, got:&#10;Error(code=-32502, message='paymaster uses banned opcode: SELFBALANCE', data=None, id=946)">tests/utils.py:199: in assert_ok
    assert response.result
E   AttributeError: 'Error' object has no attribute 'result'

The above exception was the direct cause of the following exception:
tests/single/opbanning/test_op_banning.py:113: in test_paymaster_allowed_opcode_when_staked
    assert_ok(response)
tests/utils.py:201: in assert_ok
    raise AttributeError(f"expected result object, got:\n{response}") from exc
E   AttributeError: expected result object, got:
E   Error(code=-32502, message='paymaster uses banned opcode: SELFBALANCE', data=None, id=946)</failure><system-out>--------------------------------- Captured Log ---------------------------------

--------------------------------- Captured Out ---------------------------------

</system-out><system-err>--------------------------------- Captured Err ---------------------------------

</system-err></testcase><testcase classname="tests.single.opbanning.test_op_banning" name="test_factory_banned_opcode[GAS]" time="0.367" /><testcase classname="tests.single.opbanning.test_op_banning" name="test_factory_banned_opcode[NUMBER]" time="0.361" /><testcase classname="tests.single.opbanning.test_op_banning" name="test_factory_banned_opcode[TIMESTAMP]" time="0.364" /><testcase classname="tests.single.opbanning.test_op_banning" name="test_factory_banned_opcode[COINBASE]" time="0.373" /><testcase classname="tests.single.opbanning.test_op_banning" name="test_factory_banned_opcode[DIFFICULTY]" time="0.422" /><testcase classname="tests.single.opbanning.test_op_banning" name="test_factory_banned_opcode[BASEFEE]" time="0.374" /><testcase classname="tests.single.opbanning.test_op_banning" name="test_factory_banned_opcode[GASLIMIT]" time="0.378" /><testcase classname="tests.single.opbanning.test_op_banning" name="test_factory_banned_opcode[GASPRICE]" time="0.379" /><testcase classname="tests.single.opbanning.test_op_banning" name="test_factory_banned_opcode[SELFBALANCE]" time="0.401" /><testcase classname="tests.single.opbanning.test_op_banning" name="test_factory_banned_opcode[BALANCE]" time="0.375" /><testcase classname="tests.single.opbanning.test_op_banning" name="test_factory_banned_opcode[ORIGIN]" time="0.381" /><testcase classname="tests.single.opbanning.test_op_banning" name="test_factory_banned_opcode[BLOCKHASH]" time="0.379" /><testcase classname="tests.single.opbanning.test_op_banning" name="test_factory_banned_opcode[CREATE]" time="0.299" /><testcase classname="tests.single.opbanning.test_op_banning" name="test_factory_banned_opcode[CREATE2]" time="0.398" /><testcase classname="tests.single.opbanning.test_op_banning" name="test_factory_banned_opcode[SELFDESTRUCT]" time="0.398" /><testcase classname="tests.single.opbanning.test_op_banning" name="test_factory_banned_opcode[BLOBHASH]" time="0.389"><failure message="AttributeError: expected error object, got:&#10;Ok(result='0x955d784e4184624dca26a8ef761820dbb33de98b2f1ad875b3d8eada24c865e9', id=978)">tests/utils.py:206: in assert_rpc_error
    assert response.code == code
E   AttributeError: 'Ok' object has no attribute 'code'

The above exception was the direct cause of the following exception:
tests/single/opbanning/test_op_banning.py:127: in test_factory_banned_opcode
    assert_rpc_error(
tests/utils.py:211: in assert_rpc_error
    raise AttributeError(f"expected error object, got:\n{response}") from exc
E   AttributeError: expected error object, got:
E   Ok(result='0x955d784e4184624dca26a8ef761820dbb33de98b2f1ad875b3d8eada24c865e9', id=978)</failure><system-out>--------------------------------- Captured Log ---------------------------------

--------------------------------- Captured Out ---------------------------------

</system-out><system-err>--------------------------------- Captured Err ---------------------------------

</system-err></testcase><testcase classname="tests.single.opbanning.test_op_banning" name="test_factory_banned_opcode[BLOBBASEFEE]" time="0.291"><failure message="AttributeError: expected error object, got:&#10;Ok(result='0x03f0c9b3302d4080264ccb22401af628cddb2cb4aabdf19e110235371a5d34fa', id=980)">tests/utils.py:206: in assert_rpc_error
    assert response.code == code
E   AttributeError: 'Ok' object has no attribute 'code'

The above exception was the direct cause of the following exception:
tests/single/opbanning/test_op_banning.py:127: in test_factory_banned_opcode
    assert_rpc_error(
tests/utils.py:211: in assert_rpc_error
    raise AttributeError(f"expected error object, got:\n{response}") from exc
E   AttributeError: expected error object, got:
E   Ok(result='0x03f0c9b3302d4080264ccb22401af628cddb2cb4aabdf19e110235371a5d34fa', id=980)</failure><system-out>--------------------------------- Captured Log ---------------------------------

--------------------------------- Captured Out ---------------------------------

</system-out><system-err>--------------------------------- Captured Err ---------------------------------

</system-err></testcase><testcase classname="tests.single.opbanning.test_op_banning" name="test_factory_allowed_opcode_when_staked[BALANCE]" time="0.505"><failure message="AttributeError: expected result object, got:&#10;Error(code=-32502, message='factory uses banned opcode: BALANCE', data=None, id=982)">tests/utils.py:199: in assert_ok
    assert response.result
E   AttributeError: 'Error' object has no attribute 'result'

The above exception was the direct cause of the following exception:
tests/single/opbanning/test_op_banning.py:153: in test_factory_allowed_opcode_when_staked
    assert_ok(response)
tests/utils.py:201: in assert_ok
    raise AttributeError(f"expected result object, got:\n{response}") from exc
E   AttributeError: expected result object, got:
E   Error(code=-32502, message='factory uses banned opcode: BALANCE', data=None, id=982)</failure><system-out>--------------------------------- Captured Log ---------------------------------

--------------------------------- Captured Out ---------------------------------

</system-out><system-err>--------------------------------- Captured Err ---------------------------------

</system-err></testcase><testcase classname="tests.single.opbanning.test_op_banning" name="test_factory_allowed_opcode_when_staked[SELFBALANCE]" time="0.424"><failure message="AttributeError: expected result object, got:&#10;Error(code=-32502, message='factory uses banned opcode: SELFBALANCE', data=None, id=984)">tests/utils.py:199: in assert_ok
    assert response.result
E   AttributeError: 'Error' object has no attribute 'result'

The above exception was the direct cause of the following exception:
tests/single/opbanning/test_op_banning.py:153: in test_factory_allowed_opcode_when_staked
    assert_ok(response)
tests/utils.py:201: in assert_ok
    raise AttributeError(f"expected result object, got:\n{response}") from exc
E   AttributeError: expected result object, got:
E   Error(code=-32502, message='factory uses banned opcode: SELFBALANCE', data=None, id=984)</failure><system-out>--------------------------------- Captured Log ---------------------------------

--------------------------------- Captured Out ---------------------------------

</system-out><system-err>--------------------------------- Captured Err ---------------------------------

</system-err></testcase><testcase classname="tests.single.reputation.test_erep" name="test_paymaster_on_account_failure" time="0.258"><failure message="AttributeError: 'Error' object has no attribute 'result'">tests/single/reputation/test_erep.py:71: in test_paymaster_on_account_failure
    set_reputation(paymaster.address, ops_seen=5, ops_included=2)
tests/utils.py:321: in set_reputation
    assert res.result
E   AttributeError: 'Error' object has no attribute 'result'</failure><system-out>--------------------------------- Captured Log ---------------------------------

--------------------------------- Captured Out ---------------------------------

</system-out><system-err>--------------------------------- Captured Err ---------------------------------

</system-err></testcase><testcase classname="tests.single.reputation.test_erep" name="test_staked_factory_on_account_failure" time="1.906"><failure message="AssertionError: assert 2 &gt;= 10000&#10; +  where 2 = Reputation(address='0x6bb352128cb8186637e208c12ca9de48588202fe', opsSeen=2, opsIncluded=0, status=0).opsSeen&#10; +    where Reputation(address='0x6bb352128cb8186637e208c12ca9de48588202fe', opsSeen=2, opsIncluded=0, status=0) = get_reputation('0x6bB352128cb8186637e208C12cA9de48588202FE')&#10; +      where '0x6bB352128cb8186637e208C12cA9de48588202FE' = &lt;web3._utils.datatypes.Contract object at 0x7fcb038e1a50&gt;.address">tests/single/reputation/test_erep.py:120: in test_staked_factory_on_account_failure
    assert get_reputation(factory.address).opsSeen &gt;= 10000
E   AssertionError: assert 2 &gt;= 10000
E    +  where 2 = Reputation(address='0x6bb352128cb8186637e208c12ca9de48588202fe', opsSeen=2, opsIncluded=0, status=0).opsSeen
E    +    where Reputation(address='0x6bb352128cb8186637e208c12ca9de48588202fe', opsSeen=2, opsIncluded=0, status=0) = get_reputation('0x6bB352128cb8186637e208C12cA9de48588202FE')
E    +      where '0x6bB352128cb8186637e208C12cA9de48588202FE' = &lt;web3._utils.datatypes.Contract object at 0x7fcb038e1a50&gt;.address</failure><system-out>--------------------------------- Captured Log ---------------------------------

--------------------------------- Captured Out ---------------------------------

</system-out><system-err>--------------------------------- Captured Err ---------------------------------

</system-err></testcase><testcase classname="tests.single.reputation.test_erep" name="test_account_on_entity_failure[staked]" time="0.631"><failure message="AttributeError: expected result object, got:&#10;Error(code=0, message='-32000::invalid block range params', data=None, id=1002)">tests/utils.py:199: in assert_ok
    assert response.result
E   AttributeError: 'Error' object has no attribute 'result'

The above exception was the direct cause of the following exception:
tests/single/reputation/test_erep.py:170: in test_account_on_entity_failure
    send_bundle_now()
tests/utils.py:230: in send_bundle_now
    assert_ok(RPCRequest(method="debug_bundler_sendBundleNow").send(url))
tests/utils.py:201: in assert_ok
    raise AttributeError(f"expected result object, got:\n{response}") from exc
E   AttributeError: expected result object, got:
E   Error(code=0, message='-32000::invalid block range params', data=None, id=1002)</failure><system-out>--------------------------------- Captured Log ---------------------------------

--------------------------------- Captured Out ---------------------------------
staking account &lt;web3._utils.datatypes.Contract object at 0x7fcb033a0580&gt;

</system-out><system-err>--------------------------------- Captured Err ---------------------------------

</system-err></testcase><testcase classname="tests.single.reputation.test_erep" name="test_account_on_entity_failure[unstaked]" time="0.554"><failure message="AttributeError: expected result object, got:&#10;Error(code=0, message='-32000::invalid block range params', data=None, id=1009)">tests/utils.py:199: in assert_ok
    assert response.result
E   AttributeError: 'Error' object has no attribute 'result'

The above exception was the direct cause of the following exception:
tests/single/reputation/test_erep.py:170: in test_account_on_entity_failure
    send_bundle_now()
tests/utils.py:230: in send_bundle_now
    assert_ok(RPCRequest(method="debug_bundler_sendBundleNow").send(url))
tests/utils.py:201: in assert_ok
    raise AttributeError(f"expected result object, got:\n{response}") from exc
E   AttributeError: expected result object, got:
E   Error(code=0, message='-32000::invalid block range params', data=None, id=1009)</failure><system-out>--------------------------------- Captured Log ---------------------------------

--------------------------------- Captured Out ---------------------------------
unstaked account &lt;web3._utils.datatypes.Contract object at 0x7fcb037aa4d0&gt;

</system-out><system-err>--------------------------------- Captured Err ---------------------------------

</system-err></testcase><testcase classname="tests.single.reputation.test_replace" name="test_replace_paymaster" time="0.583"><failure message="AssertionError: replace with unmodified userop&#10;assert 2 == 1&#10; +  where 2 = pm_opsSeen('0x2198a0bF8c0Fd115C86903bc5Af4289A19C964d1')&#10; +    where '0x2198a0bF8c0Fd115C86903bc5Af4289A19C964d1' = &lt;web3._utils.datatypes.Contract object at 0x7fcb03873f70&gt;.address">tests/single/reputation/test_replace.py:37: in test_replace_paymaster
    assert pm_opsSeen(pm1.address) == 1, "replace with unmodified userop"
E   AssertionError: replace with unmodified userop
E   assert 2 == 1
E    +  where 2 = pm_opsSeen('0x2198a0bF8c0Fd115C86903bc5Af4289A19C964d1')
E    +    where '0x2198a0bF8c0Fd115C86903bc5Af4289A19C964d1' = &lt;web3._utils.datatypes.Contract object at 0x7fcb03873f70&gt;.address</failure><system-out>--------------------------------- Captured Log ---------------------------------

--------------------------------- Captured Out ---------------------------------

</system-out><system-err>--------------------------------- Captured Err ---------------------------------

</system-err></testcase><testcase classname="tests.single.reputation.test_reputation" name="test_staked_entity_reputation_threshold[with_factory]" time="0.000"><skipped type="pytest.skip" message="skipped">/home/runner/work/bundler-test-executor/bundler-test-executor/bundler-spec-tests/tests/single/reputation/test_reputation.py:61: skipped</skipped><system-out>--------------------------------- Captured Log ---------------------------------

--------------------------------- Captured Out ---------------------------------

</system-out><system-err>--------------------------------- Captured Err ---------------------------------

</system-err></testcase><testcase classname="tests.single.reputation.test_reputation" name="test_staked_entity_reputation_threshold[without_factory]" time="0.000"><skipped type="pytest.skip" message="skipped">/home/runner/work/bundler-test-executor/bundler-test-executor/bundler-spec-tests/tests/single/reputation/test_reputation.py:61: skipped</skipped><system-out>--------------------------------- Captured Log ---------------------------------

--------------------------------- Captured Out ---------------------------------

</system-out><system-err>--------------------------------- Captured Err ---------------------------------

</system-err></testcase><testcase classname="tests.single.rpc.test_eth_chainId" name="test_eth_chainId[]" time="0.009" /><testcase classname="tests.single.rpc.test_eth_estimateUserOperationGas" name="test_eth_estimateUserOperationGas[]" time="0.033" /><testcase classname="tests.single.rpc.test_eth_estimateUserOperationGas" name="test_eth_estimateUserOperationGas_execution_revert" time="0.032" /><testcase classname="tests.single.rpc.test_eth_estimateUserOperationGas" name="test_eth_estimateUserOperationGas_simulation_revert" time="0.028" /><testcase classname="tests.single.rpc.test_eth_getUserOperationByHash" name="test_eth_getUserOperationByHash[]" time="1.269"><failure message="AttributeError: 'Error' object has no attribute 'result'">tests/single/rpc/test_eth_getUserOperationByHash.py:17: in test_eth_getUserOperationByHash
    ) == userop_hash(helper_contract, userop), "user operation mismatch"
E   AttributeError: 'Error' object has no attribute 'result'</failure><system-out>--------------------------------- Captured Log ---------------------------------

--------------------------------- Captured Out ---------------------------------

</system-out><system-err>--------------------------------- Captured Err ---------------------------------

</system-err></testcase><testcase classname="tests.single.rpc.test_eth_getUserOperationByHash" name="test_eth_getUserOperationByHash_error" time="0.006" /><testcase classname="tests.single.rpc.test_eth_getUserOperationReceipt" name="test_eth_getUserOperationReceipt[]" time="1.308" /><testcase classname="tests.single.rpc.test_eth_getUserOperationReceipt" name="test_eth_getUserOperationReceipt_error" time="0.005" /><testcase classname="tests.single.rpc.test_eth_sendUserOperation" name="test_eth_sendUserOperation[]" time="1.275"><failure message="AssertionError: assert '0x2d0aa7a121...40de7d932466b' == '0x74dd85d2f8...f6517c59d5fee'&#10;  &#10;  - 0x74dd85d2f858e41191b9c7761b1ac7c69899f1344e80d94a0a5f6517c59d5fee&#10;  + 0x2d0aa7a121a1284200e8d54a04e7ca5bb84d440cd7b0194bac840de7d932466b">tests/single/rpc/test_eth_sendUserOperation.py:19: in test_eth_sendUserOperation
    assert response.result == userop_hash(helper_contract, userop)
E   AssertionError: assert '0x2d0aa7a121...40de7d932466b' == '0x74dd85d2f8...f6517c59d5fee'
E     
E     - 0x74dd85d2f858e41191b9c7761b1ac7c69899f1344e80d94a0a5f6517c59d5fee
E     + 0x2d0aa7a121a1284200e8d54a04e7ca5bb84d440cd7b0194bac840de7d932466b</failure><system-out>--------------------------------- Captured Log ---------------------------------

--------------------------------- Captured Out ---------------------------------

</system-out><system-err>--------------------------------- Captured Err ---------------------------------

</system-err></testcase><testcase classname="tests.single.rpc.test_eth_sendUserOperation" name="test_eth_sendUserOperation_revert" time="0.038"><failure message="AttributeError: expected result object, got:&#10;Error(code=0, message='-32000::invalid block range params', data=None, id=1043)">tests/utils.py:199: in assert_ok
    assert response.result
E   AttributeError: 'Error' object has no attribute 'result'

The above exception was the direct cause of the following exception:
tests/single/rpc/test_eth_sendUserOperation.py:29: in test_eth_sendUserOperation_revert
    send_bundle_now()
tests/utils.py:230: in send_bundle_now
    assert_ok(RPCRequest(method="debug_bundler_sendBundleNow").send(url))
tests/utils.py:201: in assert_ok
    raise AttributeError(f"expected result object, got:\n{response}") from exc
E   AttributeError: expected result object, got:
E   Error(code=0, message='-32000::invalid block range params', data=None, id=1043)</failure><system-out>--------------------------------- Captured Log ---------------------------------

--------------------------------- Captured Out ---------------------------------

</system-out><system-err>--------------------------------- Captured Err ---------------------------------

</system-err></testcase><testcase classname="tests.single.rpc.test_eth_sendUserOperation" name="test_eth_sendUserOperation_invalid_signature" time="0.027" /><testcase classname="tests.single.rpc.test_eth_supportedEntryPoints" name="test_eth_supportedEntryPoints[]" time="0.009" /></testsuite></testsuites>