Tue Jun  3 07:35:12 UTC 2025: starting bundler /home/runner/work/bundler-test-executor/bundler-test-executor/bundlers/rundler/rundler.yml, name=rundler
Tue Jun  3 07:35:20 UTC 2025: started bundler /home/runner/work/bundler-test-executor/bundler-test-executor/bundlers/rundler/rundler.yml, name=rundler
============================= test session starts ==============================
platform linux -- Python 3.10.17, pytest-8.3.1, pluggy-1.5.0
rootdir: /home/runner/work/bundler-test-executor/bundler-test-executor/bundler-spec-tests
configfile: pyproject.toml
collected 485 items / 1 skipped

tests/single/bundle/test_bundle.py .......sssssssssFF...                 [  4%]
tests/single/bundle/test_codehash.py s                                   [  4%]
tests/single/bundle/test_paymaster.py .                                  [  4%]
tests/single/bundle/test_storage_rules.py .............................. [ 10%]
...FFFFFF....................................FFF........................ [ 25%]
........................................................................ [ 40%]
........................FFFFFF.......................................... [ 55%]
.F..F..................................                                  [ 63%]
tests/single/eip7702/test_eip7702_tuple_userop.py FFFFFFFF               [ 65%]
tests/single/gas/test_eip_7623.py FFFF                                   [ 65%]
tests/single/opbanning/test_create.py .....F.F.FF                        [ 68%]
tests/single/opbanning/test_op_banning.py .............................. [ 74%]
........................................................................ [ 89%]
.................................                                        [ 96%]
tests/single/reputation/test_erep.py FFFF                                [ 96%]
tests/single/reputation/test_replace.py .                                [ 97%]
tests/single/reputation/test_reputation.py ss                            [ 97%]
tests/single/rpc/test_eth_chainId.py .                                   [ 97%]
tests/single/rpc/test_eth_estimateUserOperationGas.py ...                [ 98%]
tests/single/rpc/test_eth_getUserOperationByHash.py FF                   [ 98%]
tests/single/rpc/test_eth_getUserOperationReceipt.py .F                  [ 99%]
tests/single/rpc/test_eth_sendUserOperation.py FF.                       [ 99%]
tests/single/rpc/test_eth_supportedEntryPoints.py .                      [100%]

=================================== FAILURES ===================================
_____________________ test_max_allowed_ops_unstaked_sender _____________________
tests/single/bundle/test_bundle.py:257: in test_max_allowed_ops_unstaked_sender
    assert dump_mempool() == wallet_ops[: i + 1]
E   AssertionError: assert [UserOperatio...702Auth=None)] == [UserOperatio...702Auth=None)]
E     
E     At index 0 diff: UserOperation(sender='0x7d7dd9686366676625D3E3D2ec5C4aAFCB36c224', nonce='0x30000000000000000', factory=None, factoryData=None, callData='0xa9e966b70000000000000000000000000000000000000000000000000000000000000001', callGasLimit='0x493e0', verificationGasLimit='0xf4240', preVerificationGas='0x61a80', maxFeePerGas='0xee6b2800', maxPriorityFeePerGas='0xb2d05e00', signature='0x', paymaster=None, paymasterData=None, paymasterVerificationGasLimit=None, paymasterPostOpGasLimit=None, eip7702Auth=None) != UserOperation(sender='0x7d7dd9686366676625D3E3D2ec5C4aAFCB36c224', nonce='0x0', factory=None, factoryData=None, callData='0xa9e966b70000000000000000000000000000000000000000000000000000000000000001', callGasLimit='0x493e0', verificationGasLimit='0xf4240', preVerificationGas='0x61a80', maxFeePerGas='0xee6b2800', maxPriorityFeePerGas='0xb2d05e00', signature='0x', paymaster=None, paymasterData=None, paymasterVerificationGasLimit=None, paymasterPostOpGasLimit=None, eip7702Auth=None)
E     
E     Full diff:
E       [
E     +     UserOperation(
E     +         sender='0x7d7dd9686366676625D3E3D2ec5C4aAFCB36c224',
E     +         nonce='0x30000000000000000',
E     +         factory=None,
E     +         factoryData=None,
E     +         callData='0xa9e966b70000000000000000000000000000000000000000000000000000000000000001',
E     +         callGasLimit='0x493e0',
E     +         verificationGasLimit='0xf4240',
E     +         preVerificationGas='0x61a80',
E     +         maxFeePerGas='0xee6b2800',
E     +         maxPriorityFeePerGas='0xb2d05e00',
E     +         signature='0x',
E     +         paymaster=None,
E     +         paymasterData=None,
E     +         paymasterVerificationGasLimit=None,
E     +         paymasterPostOpGasLimit=None,
E     +         eip7702Auth=None,
E     +     ),
E           UserOperation(
E               sender='0x7d7dd9686366676625D3E3D2ec5C4aAFCB36c224',
E               nonce='0x0',
E               factory=None,
E               factoryData=None,
E               callData='0xa9e966b70000000000000000000000000000000000000000000000000000000000000001',
E               callGasLimit='0x493e0',
E               verificationGasLimit='0xf4240',
E               preVerificationGas='0x61a80',
E               maxFeePerGas='0xee6b2800',
E               maxPriorityFeePerGas='0xb2d05e00',
E               signature='0x',
E               paymaster=None,
E               paymasterData=None,
E               paymasterVerificationGasLimit=None,
E               paymasterPostOpGasLimit=None,
E               eip7702Auth=None,
E           ),
E           UserOperation(
E               sender='0x7d7dd9686366676625D3E3D2ec5C4aAFCB36c224',
E               nonce='0x10000000000000000',
E               factory=None,
E               factoryData=None,
E               callData='0xa9e966b70000000000000000000000000000000000000000000000000000000000000001',
E               callGasLimit='0x493e0',
E               verificationGasLimit='0xf4240',
E               preVerificationGas='0x61a80',
E               maxFeePerGas='0xee6b2800',
E               maxPriorityFeePerGas='0xb2d05e00',
E               signature='0x',
E               paymaster=None,
E               paymasterData=None,
E               paymasterVerificationGasLimit=None,
E               paymasterPostOpGasLimit=None,
E               eip7702Auth=None,
E           ),
E           UserOperation(
E               sender='0x7d7dd9686366676625D3E3D2ec5C4aAFCB36c224',
E               nonce='0x20000000000000000',
E               factory=None,
E               factoryData=None,
E               callData='0xa9e966b70000000000000000000000000000000000000000000000000000000000000001',
E               callGasLimit='0x493e0',
E               verificationGasLimit='0xf4240',
E               preVerificationGas='0x61a80',
E               maxFeePerGas='0xee6b2800',
E               maxPriorityFeePerGas='0xb2d05e00',
E               signature='0x',
E               paymaster=None,
E               paymasterData=None,
E               paymasterVerificationGasLimit=None,
E               paymasterPostOpGasLimit=None,
E               eip7702Auth=None,
E           ),
E     -     UserOperation(
E     -         sender='0x7d7dd9686366676625D3E3D2ec5C4aAFCB36c224',
E     -         nonce='0x30000000000000000',
E     -         factory=None,
E     -         factoryData=None,
E     -         callData='0xa9e966b70000000000000000000000000000000000000000000000000000000000000001',
E     -         callGasLimit='0x493e0',
E     -         verificationGasLimit='0xf4240',
E     -         preVerificationGas='0x61a80',
E     -         maxFeePerGas='0xee6b2800',
E     -         maxPriorityFeePerGas='0xb2d05e00',
E     -         signature='0x',
E     -         paymaster=None,
E     -         paymasterData=None,
E     -         paymasterVerificationGasLimit=None,
E     -         paymasterPostOpGasLimit=None,
E     -         eip7702Auth=None,
E     -     ),
E       ]
______________________ test_max_allowed_ops_staked_sender ______________________
tests/single/bundle/test_bundle.py:282: in test_max_allowed_ops_staked_sender
    assert dump_mempool() == wallet_ops[: i + 1]
E   AssertionError: assert [UserOperatio...702Auth=None)] == [UserOperatio...702Auth=None)]
E     
E     At index 0 diff: UserOperation(sender='0x646Af44C683dCF9B56Badd238d9DD676F3559AA3', nonce='0x30000000000000000', factory=None, factoryData=None, callData='0xa9e966b70000000000000000000000000000000000000000000000000000000000000001', callGasLimit='0x493e0', verificationGasLimit='0xf4240', preVerificationGas='0x61a80', maxFeePerGas='0xee6b2800', maxPriorityFeePerGas='0xb2d05e00', signature='0x', paymaster=None, paymasterData=None, paymasterVerificationGasLimit=None, paymasterPostOpGasLimit=None, eip7702Auth=None) != UserOperation(sender='0x646Af44C683dCF9B56Badd238d9DD676F3559AA3', nonce='0x10000000000000000', factory=None, factoryData=None, callData='0xa9e966b70000000000000000000000000000000000000000000000000000000000000001', callGasLimit='0x493e0', verificationGasLimit='0xf4240', preVerificationGas='0x61a80', maxFeePerGas='0xee6b2800', maxPriorityFeePerGas='0xb2d05e00', signature='0x', paymaster=None, paymasterData=None, paymasterVerificationGasLimit=None, paymasterPostOpGasLimit=None, eip7702Auth=None)
E     
E     Full diff:
E       [
E     +     UserOperation(
E     +         sender='0x646Af44C683dCF9B56Badd238d9DD676F3559AA3',
E     +         nonce='0x30000000000000000',
E     +         factory=None,
E     +         factoryData=None,
E     +         callData='0xa9e966b70000000000000000000000000000000000000000000000000000000000000001',
E     +         callGasLimit='0x493e0',
E     +         verificationGasLimit='0xf4240',
E     +         preVerificationGas='0x61a80',
E     +         maxFeePerGas='0xee6b2800',
E     +         maxPriorityFeePerGas='0xb2d05e00',
E     +         signature='0x',
E     +         paymaster=None,
E     +         paymasterData=None,
E     +         paymasterVerificationGasLimit=None,
E     +         paymasterPostOpGasLimit=None,
E     +         eip7702Auth=None,
E     +     ),
E           UserOperation(
E               sender='0x646Af44C683dCF9B56Badd238d9DD676F3559AA3',
E               nonce='0x10000000000000000',
E               factory=None,
E               factoryData=None,
E               callData='0xa9e966b70000000000000000000000000000000000000000000000000000000000000001',
E               callGasLimit='0x493e0',
E               verificationGasLimit='0xf4240',
E               preVerificationGas='0x61a80',
E               maxFeePerGas='0xee6b2800',
E               maxPriorityFeePerGas='0xb2d05e00',
E               signature='0x',
E               paymaster=None,
E               paymasterData=None,
E               paymasterVerificationGasLimit=None,
E               paymasterPostOpGasLimit=None,
E               eip7702Auth=None,
E           ),
E           UserOperation(
E               sender='0x646Af44C683dCF9B56Badd238d9DD676F3559AA3',
E               nonce='0x20000000000000000',
E               factory=None,
E               factoryData=None,
E               callData='0xa9e966b70000000000000000000000000000000000000000000000000000000000000001',
E               callGasLimit='0x493e0',
E               verificationGasLimit='0xf4240',
E               preVerificationGas='0x61a80',
E               maxFeePerGas='0xee6b2800',
E               maxPriorityFeePerGas='0xb2d05e00',
E               signature='0x',
E               paymaster=None,
E               paymasterData=None,
E               paymasterVerificationGasLimit=None,
E               paymasterPostOpGasLimit=None,
E               eip7702Auth=None,
E           ),
E     -     UserOperation(
E     -         sender='0x646Af44C683dCF9B56Badd238d9DD676F3559AA3',
E     -         nonce='0x30000000000000000',
E     -         factory=None,
E     -         factoryData=None,
E     -         callData='0xa9e966b70000000000000000000000000000000000000000000000000000000000000001',
E     -         callGasLimit='0x493e0',
E     -         verificationGasLimit='0xf4240',
E     -         preVerificationGas='0x61a80',
E     -         maxFeePerGas='0xee6b2800',
E     -         maxPriorityFeePerGas='0xb2d05e00',
E     -         signature='0x',
E     -         paymaster=None,
E     -         paymasterData=None,
E     -         paymasterVerificationGasLimit=None,
E     -         paymasterPostOpGasLimit=None,
E     -         eip7702Auth=None,
E     -     ),
E       ]
_ test_rule[[STO-022]unstaked][paymaster][account_reference_storage_init_code][drop-] _
tests/single/bundle/test_storage_rules.py:864: in test_rule
    case.assert_func(response)
tests/single/bundle/test_storage_rules.py:21: in assert_error
    assert_rpc_error(response, response.message, RPCErrorCode.BANNED_OPCODE)
tests/utils.py:206: in assert_rpc_error
    assert response.code == code
E   AssertionError: assert -32000 == <RPCErrorCode.BANNED_OPCODE: -32502>
E    +  where -32000 = Error(code=-32000, message='precheck failed: verificationGasLimit is 6000000 but must be at most 5000000', data=None, id=155).code
_ test_rule[[STO-022]unstaked][paymaster][account_reference_storage_init_code][drop-CALL:>] _
tests/single/bundle/test_storage_rules.py:864: in test_rule
    case.assert_func(response)
tests/single/bundle/test_storage_rules.py:21: in assert_error
    assert_rpc_error(response, response.message, RPCErrorCode.BANNED_OPCODE)
tests/utils.py:206: in assert_rpc_error
    assert response.code == code
E   AssertionError: assert -32000 == <RPCErrorCode.BANNED_OPCODE: -32502>
E    +  where -32000 = Error(code=-32000, message='precheck failed: verificationGasLimit is 6000000 but must be at most 5000000', data=None, id=157).code
_ test_rule[[STO-022]unstaked][paymaster][account_reference_storage_init_code][drop-DELEGATECALL:>] _
tests/single/bundle/test_storage_rules.py:864: in test_rule
    case.assert_func(response)
tests/single/bundle/test_storage_rules.py:21: in assert_error
    assert_rpc_error(response, response.message, RPCErrorCode.BANNED_OPCODE)
tests/utils.py:206: in assert_rpc_error
    assert response.code == code
E   AssertionError: assert -32000 == <RPCErrorCode.BANNED_OPCODE: -32502>
E    +  where -32000 = Error(code=-32000, message='precheck failed: verificationGasLimit is 6000000 but must be at most 5000000', data=None, id=159).code
___________ test_rule[[EREP-050]unstaked][paymaster][context][drop-] ___________
tests/single/bundle/test_storage_rules.py:864: in test_rule
    case.assert_func(response)
tests/single/bundle/test_storage_rules.py:21: in assert_error
    assert_rpc_error(response, response.message, RPCErrorCode.BANNED_OPCODE)
E   AttributeError: 'Ok' object has no attribute 'message'
________ test_rule[[EREP-050]unstaked][paymaster][context][drop-CALL:>] ________
tests/single/bundle/test_storage_rules.py:864: in test_rule
    case.assert_func(response)
tests/single/bundle/test_storage_rules.py:21: in assert_error
    assert_rpc_error(response, response.message, RPCErrorCode.BANNED_OPCODE)
E   AttributeError: 'Ok' object has no attribute 'message'
____ test_rule[[EREP-050]unstaked][paymaster][context][drop-DELEGATECALL:>] ____
tests/single/bundle/test_storage_rules.py:864: in test_rule
    case.assert_func(response)
tests/single/bundle/test_storage_rules.py:21: in assert_error
    assert_rpc_error(response, response.message, RPCErrorCode.BANNED_OPCODE)
E   AttributeError: 'Ok' object has no attribute 'message'
_ test_rule[[STO-022]staked][paymaster][account_reference_storage_init_code][ok-] _
tests/utils.py:199: in assert_ok
    assert response.result
E   AttributeError: 'Error' object has no attribute 'result'

The above exception was the direct cause of the following exception:
tests/single/bundle/test_storage_rules.py:864: in test_rule
    case.assert_func(response)
tests/utils.py:201: in assert_ok
    raise AttributeError(f"expected result object, got:\n{response}") from exc
E   AttributeError: expected result object, got:
E   Error(code=-32000, message='precheck failed: verificationGasLimit is 6000000 but must be at most 5000000', data=None, id=239)
_ test_rule[[STO-022]staked][paymaster][account_reference_storage_init_code][ok-CALL:>] _
tests/utils.py:199: in assert_ok
    assert response.result
E   AttributeError: 'Error' object has no attribute 'result'

The above exception was the direct cause of the following exception:
tests/single/bundle/test_storage_rules.py:864: in test_rule
    case.assert_func(response)
tests/utils.py:201: in assert_ok
    raise AttributeError(f"expected result object, got:\n{response}") from exc
E   AttributeError: expected result object, got:
E   Error(code=-32000, message='precheck failed: verificationGasLimit is 6000000 but must be at most 5000000', data=None, id=241)
_ test_rule[[STO-022]staked][paymaster][account_reference_storage_init_code][ok-DELEGATECALL:>] _
tests/utils.py:199: in assert_ok
    assert response.result
E   AttributeError: 'Error' object has no attribute 'result'

The above exception was the direct cause of the following exception:
tests/single/bundle/test_storage_rules.py:864: in test_rule
    case.assert_func(response)
tests/utils.py:201: in assert_ok
    raise AttributeError(f"expected result object, got:\n{response}") from exc
E   AttributeError: expected result object, got:
E   Error(code=-32000, message='precheck failed: verificationGasLimit is 6000000 but must be at most 5000000', data=None, id=243)
_ test_rule[[STO-022]unstaked][account][account_reference_storage_init_code][ok-] _
tests/utils.py:199: in assert_ok
    assert response.result
E   AttributeError: 'Error' object has no attribute 'result'

The above exception was the direct cause of the following exception:
tests/single/bundle/test_storage_rules.py:864: in test_rule
    case.assert_func(response)
tests/utils.py:201: in assert_ok
    raise AttributeError(f"expected result object, got:\n{response}") from exc
E   AttributeError: expected result object, got:
E   Error(code=-32502, message='factory uses banned opcode: CREATE', data=None, id=485)
_ test_rule[[STO-022]unstaked][account][account_reference_storage_init_code][ok-CALL:>] _
tests/utils.py:199: in assert_ok
    assert response.result
E   AttributeError: 'Error' object has no attribute 'result'

The above exception was the direct cause of the following exception:
tests/single/bundle/test_storage_rules.py:864: in test_rule
    case.assert_func(response)
tests/utils.py:201: in assert_ok
    raise AttributeError(f"expected result object, got:\n{response}") from exc
E   AttributeError: expected result object, got:
E   Error(code=-32502, message='factory uses banned opcode: CREATE', data=None, id=487)
----------------------------- Captured stdout call -----------------------------
CALL:> funding test_rules_target 0xbEB4C4858A03Bc8eb18D265d0Fb0F5Dd52123F7F
_ test_rule[[STO-022]unstaked][account][account_reference_storage_init_code][ok-DELEGATECALL:>] _
tests/utils.py:199: in assert_ok
    assert response.result
E   AttributeError: 'Error' object has no attribute 'result'

The above exception was the direct cause of the following exception:
tests/single/bundle/test_storage_rules.py:864: in test_rule
    case.assert_func(response)
tests/utils.py:201: in assert_ok
    raise AttributeError(f"expected result object, got:\n{response}") from exc
E   AttributeError: expected result object, got:
E   Error(code=-32502, message='factory uses banned opcode: CREATE', data=None, id=489)
_ test_rule[[STO-022]unstaked][paymaster][account_reference_storage_init_code][ok-] _
tests/utils.py:199: in assert_ok
    assert response.result
E   AttributeError: 'Error' object has no attribute 'result'

The above exception was the direct cause of the following exception:
tests/single/bundle/test_storage_rules.py:864: in test_rule
    case.assert_func(response)
tests/utils.py:201: in assert_ok
    raise AttributeError(f"expected result object, got:\n{response}") from exc
E   AttributeError: expected result object, got:
E   Error(code=-32000, message='precheck failed: verificationGasLimit is 6000000 but must be at most 5000000', data=None, id=491)
_ test_rule[[STO-022]unstaked][paymaster][account_reference_storage_init_code][ok-CALL:>] _
tests/utils.py:199: in assert_ok
    assert response.result
E   AttributeError: 'Error' object has no attribute 'result'

The above exception was the direct cause of the following exception:
tests/single/bundle/test_storage_rules.py:864: in test_rule
    case.assert_func(response)
tests/utils.py:201: in assert_ok
    raise AttributeError(f"expected result object, got:\n{response}") from exc
E   AttributeError: expected result object, got:
E   Error(code=-32000, message='precheck failed: verificationGasLimit is 6000000 but must be at most 5000000', data=None, id=493)
_ test_rule[[STO-022]unstaked][paymaster][account_reference_storage_init_code][ok-DELEGATECALL:>] _
tests/utils.py:199: in assert_ok
    assert response.result
E   AttributeError: 'Error' object has no attribute 'result'

The above exception was the direct cause of the following exception:
tests/single/bundle/test_storage_rules.py:864: in test_rule
    case.assert_func(response)
tests/utils.py:201: in assert_ok
    raise AttributeError(f"expected result object, got:\n{response}") from exc
E   AttributeError: expected result object, got:
E   Error(code=-32000, message='precheck failed: verificationGasLimit is 6000000 but must be at most 5000000', data=None, id=495)
_ test_rule[[OP-053]unstaked][account][eth_value_transfer_entryPoint][ok-CALL:>] _
tests/utils.py:199: in assert_ok
    assert response.result
E   AttributeError: 'Error' object has no attribute 'result'

The above exception was the direct cause of the following exception:
tests/single/bundle/test_storage_rules.py:864: in test_rule
    case.assert_func(response)
tests/utils.py:201: in assert_ok
    raise AttributeError(f"expected result object, got:\n{response}") from exc
E   AttributeError: expected result object, got:
E   Error(code=-32502, message='account called entry point method other than depositTo', data=None, id=583)
----------------------------- Captured stdout call -----------------------------
CALL:> funding test_rules_target 0xC58e3b246f13E8057838765F5204d6400B3946AC
_ test_rule[[OP-052]unstaked][account][eth_value_transfer_entryPoint_depositTo][ok-CALL:>] _
tests/utils.py:199: in assert_ok
    assert response.result
E   AttributeError: 'Error' object has no attribute 'result'

The above exception was the direct cause of the following exception:
tests/single/bundle/test_storage_rules.py:864: in test_rule
    case.assert_func(response)
tests/utils.py:201: in assert_ok
    raise AttributeError(f"expected result object, got:\n{response}") from exc
E   AttributeError: expected result object, got:
E   Error(code=-32502, message='account called entry point method other than depositTo', data=None, id=589)
----------------------------- Captured stdout call -----------------------------
CALL:> funding test_rules_target 0x9FBe5Be9b0053a580D0f9516142BA99AE19F4B3b
____________________________ test_send_eip_7702_tx _____________________________
tests/utils.py:199: in assert_ok
    assert response.result
E   AttributeError: 'Error' object has no attribute 'result'

The above exception was the direct cause of the following exception:
tests/single/eip7702/test_eip7702_tuple_userop.py:36: in test_send_eip_7702_tx
    assert_ok(response)
tests/utils.py:201: in assert_ok
    raise AttributeError(f"expected result object, got:\n{response}") from exc
E   AttributeError: expected result object, got:
E   Error(code=-32602, message='EIP 7702 is not supported is not supported', data=None, id=659)
_____________________ test_send_eip_7702_tx_with_initcode ______________________
tests/utils.py:199: in assert_ok
    assert response.result
E   AttributeError: 'Error' object has no attribute 'result'

The above exception was the direct cause of the following exception:
tests/single/eip7702/test_eip7702_tuple_userop.py:85: in test_send_eip_7702_tx_with_initcode
    assert_ok(response)
tests/utils.py:201: in assert_ok
    raise AttributeError(f"expected result object, got:\n{response}") from exc
E   AttributeError: expected result object, got:
E   Error(code=-32602, message='Invalid params', data='data did not match any variant of untagged enum RpcUserOperation', id=661)
_________________ test_send_eip_7702_tx_with_flag_no_initcode __________________
tests/utils.py:199: in assert_ok
    assert response.result
E   AttributeError: 'Error' object has no attribute 'result'

The above exception was the direct cause of the following exception:
tests/single/eip7702/test_eip7702_tuple_userop.py:127: in test_send_eip_7702_tx_with_flag_no_initcode
    assert_ok(response)
tests/utils.py:201: in assert_ok
    raise AttributeError(f"expected result object, got:\n{response}") from exc
E   AttributeError: expected result object, got:
E   Error(code=-32602, message='Invalid params', data='data did not match any variant of untagged enum RpcUserOperation', id=663)
________________________ test_send_post_eip_7702_tx[0] _________________________
tests/utils.py:199: in assert_ok
    assert response.result
E   AttributeError: 'Error' object has no attribute 'result'

The above exception was the direct cause of the following exception:
tests/single/eip7702/test_eip7702_tuple_userop.py:156: in test_send_post_eip_7702_tx
    assert_ok(response)
tests/utils.py:201: in assert_ok
    raise AttributeError(f"expected result object, got:\n{response}") from exc
E   AttributeError: expected result object, got:
E   Error(code=-32602, message='EIP 7702 is not supported is not supported', data=None, id=665)
_______________________ test_send_post_eip_7702_tx[1337] _______________________
tests/utils.py:199: in assert_ok
    assert response.result
E   AttributeError: 'Error' object has no attribute 'result'

The above exception was the direct cause of the following exception:
tests/single/eip7702/test_eip7702_tuple_userop.py:156: in test_send_post_eip_7702_tx
    assert_ok(response)
tests/utils.py:201: in assert_ok
    raise AttributeError(f"expected result object, got:\n{response}") from exc
E   AttributeError: expected result object, got:
E   Error(code=-32602, message='EIP 7702 is not supported is not supported', data=None, id=667)
______________________ test_send_bad_eip_7702_drop_userop ______________________
tests/single/eip7702/test_eip7702_tuple_userop.py:208: in test_send_bad_eip_7702_drop_userop
    assert_rpc_error(response, "", RPCErrorCode.REJECTED_BY_EP_OR_ACCOUNT)
tests/utils.py:206: in assert_rpc_error
    assert response.code == code
E   AssertionError: assert -32602 == <RPCErrorCode.REJECTED_BY_EP_OR_ACCOUNT: -32500>
E    +  where -32602 = Error(code=-32602, message='EIP 7702 is not supported is not supported', data=None, id=669).code
___________________ test_send_nonsender_eip_7702_drop_userop ___________________
tests/single/eip7702/test_eip7702_tuple_userop.py:223: in test_send_nonsender_eip_7702_drop_userop
    assert_rpc_error(userop.send(), "sender", RPCErrorCode.INVALID_FIELDS)
tests/utils.py:207: in assert_rpc_error
    assert message.lower() in response.message.lower()
E   AssertionError: assert 'sender' in 'eip 7702 is not supported is not supported'
E    +  where 'sender' = <built-in method lower of str object at 0x7fbb8ff306b0>()
E    +    where <built-in method lower of str object at 0x7fbb8ff306b0> = 'sender'.lower
E    +  and   'eip 7702 is not supported is not supported' = <built-in method lower of str object at 0x7fbb8db93930>()
E    +    where <built-in method lower of str object at 0x7fbb8db93930> = 'EIP 7702 is not supported is not supported'.lower
E    +      where 'EIP 7702 is not supported is not supported' = Error(code=-32602, message='EIP 7702 is not supported is not supported', data=None, id=671).message
__________________ test_send_wrongchain_eip_7702_drop_userop ___________________
tests/utils.py:199: in assert_ok
    assert response.result
E   AttributeError: 'Error' object has no attribute 'result'

The above exception was the direct cause of the following exception:
tests/single/eip7702/test_eip7702_tuple_userop.py:244: in test_send_wrongchain_eip_7702_drop_userop
    assert_ok(userop.send())
tests/utils.py:201: in assert_ok
    raise AttributeError(f"expected result object, got:\n{response}") from exc
E   AttributeError: expected result object, got:
E   Error(code=-32602, message='EIP 7702 is not supported is not supported', data=None, id=673)
_____________________________ test_normal_calldata _____________________________
tests/utils.py:199: in assert_ok
    assert response.result
E   AttributeError: 'Error' object has no attribute 'result'

The above exception was the direct cause of the following exception:
tests/single/gas/test_eip_7623.py:35: in test_normal_calldata
    assert_ok(op.send())
tests/utils.py:201: in assert_ok
    raise AttributeError(f"expected result object, got:\n{response}") from exc
E   AttributeError: expected result object, got:
E   Error(code=-32000, message='precheck failed: preVerificationGas is 42000 but must be at least 43032', data=None, id=675)
__________________________ test_huge_calldata_failed ___________________________
tests/single/gas/test_eip_7623.py:55: in test_huge_calldata_failed
    assert_rpc_error(ret, "preVerificationGas", RPCErrorCode.INVALID_FIELDS)
tests/utils.py:206: in assert_rpc_error
    assert response.code == code
E   AssertionError: assert -32000 == <RPCErrorCode.INVALID_FIELDS: -32602>
E    +  where -32000 = Error(code=-32000, message='precheck failed: preVerificationGas is 42000 but must be at least 59136', data=None, id=677).code
_______________________ test_huge_calldata_with_callgas ________________________
tests/single/gas/test_eip_7623.py:74: in test_huge_calldata_with_callgas
    assert_rpc_error(ret, "preVerificationGas", RPCErrorCode.INVALID_FIELDS)
tests/utils.py:206: in assert_rpc_error
    assert response.code == code
E   AssertionError: assert -32000 == <RPCErrorCode.INVALID_FIELDS: -32602>
E    +  where -32000 = Error(code=-32000, message='precheck failed: preVerificationGas is 42000 but must be at least 59148', data=None, id=679).code
_________________________ test_estimate_huge_calldata __________________________
tests/utils.py:199: in assert_ok
    assert response.result
E   AttributeError: 'Error' object has no attribute 'result'

The above exception was the direct cause of the following exception:
tests/single/gas/test_eip_7623.py:100: in test_estimate_huge_calldata
    assert_ok(op.send())
tests/utils.py:201: in assert_ok
    raise AttributeError(f"expected result object, got:\n{response}") from exc
E   AttributeError: expected result object, got:
E   Error(code=-32000, message='precheck failed: preVerificationGas is 42000 but must be at least 59160', data=None, id=682)
----------------------------- Captured stdout call -----------------------------
Ok(result={'preVerificationGas': '0xa410', 'callGasLimit': '0xf4240', 'verificationGasLimit': '0xf4240', 'paymasterVerificationGasLimit': None}, id=681)
_ test_account_create_with_factory[factory=unstaked,op=CREATE,expect=ok,rule=OP-032] _
tests/utils.py:199: in assert_ok
    assert response.result
E   AttributeError: 'Error' object has no attribute 'result'

The above exception was the direct cause of the following exception:
tests/single/opbanning/test_create.py:136: in test_account_create_with_factory
    assert_ok(response)
tests/utils.py:201: in assert_ok
    raise AttributeError(f"expected result object, got:\n{response}") from exc
E   AttributeError: expected result object, got:
E   Error(code=-32502, message='account uses banned opcode: CREATE', data=None, id=694)
_ test_account_create_with_factory[factory=staked,op=CREATE,expect=ok,rule=EREP-060] _
tests/utils.py:199: in assert_ok
    assert response.result
E   AttributeError: 'Error' object has no attribute 'result'

The above exception was the direct cause of the following exception:
tests/single/opbanning/test_create.py:136: in test_account_create_with_factory
    assert_ok(response)
tests/utils.py:201: in assert_ok
    raise AttributeError(f"expected result object, got:\n{response}") from exc
E   AttributeError: expected result object, got:
E   Error(code=-32502, message='account uses banned opcode: CREATE', data=None, id=698)
_ test_account_create_with_factory[factory=staked,op=nested-CREATE2,expect=err,rule=EREP-060] _
tests/single/opbanning/test_create.py:138: in test_account_create_with_factory
    assert_rpc_error(
tests/utils.py:207: in assert_rpc_error
    assert message.lower() in response.message.lower()
E   AssertionError: assert 'account uses banned opcode: create2' in 'account uses banned opcode: create'
E    +  where 'account uses banned opcode: create2' = <built-in method lower of str object at 0x7fbb8db93b10>()
E    +    where <built-in method lower of str object at 0x7fbb8db93b10> = 'account uses banned opcode: CREATE2'.lower
E    +  and   'account uses banned opcode: create' = <built-in method lower of str object at 0x7fbb8db959b0>()
E    +    where <built-in method lower of str object at 0x7fbb8db959b0> = 'account uses banned opcode: CREATE'.lower
E    +      where 'account uses banned opcode: CREATE' = Error(code=-32502, message='account uses banned opcode: CREATE', data=None, id=702).message
_ test_account_create_with_factory[factory=staked,op=CREATE2,expect=ok,rule=EREP-060] _
tests/utils.py:199: in assert_ok
    assert response.result
E   AttributeError: 'Error' object has no attribute 'result'

The above exception was the direct cause of the following exception:
tests/single/opbanning/test_create.py:136: in test_account_create_with_factory
    assert_ok(response)
tests/utils.py:201: in assert_ok
    raise AttributeError(f"expected result object, got:\n{response}") from exc
E   AttributeError: expected result object, got:
E   Error(code=-32502, message='account uses banned opcode: CREATE2', data=None, id=704)
______________________ test_paymaster_on_account_failure _______________________
tests/single/reputation/test_erep.py:72: in test_paymaster_on_account_failure
    pre = get_reputation(paymaster.address)
tests/single/reputation/test_erep.py:45: in get_reputation
    rep = Reputation(**reps[0])
<string>:7: in __init__
    ???
tests/single/reputation/test_erep.py:33: in __post_init__
    self.status = to_number(self.status)
tests/utils.py:345: in to_number
    return num_or_hex if isinstance(num_or_hex, (int, float)) else int(num_or_hex, 16)
E   ValueError: invalid literal for int() with base 16: 'ok'
____________________ test_staked_factory_on_account_failure ____________________
tests/single/reputation/test_erep.py:120: in test_staked_factory_on_account_failure
    assert get_reputation(factory.address).opsSeen >= 10000
tests/single/reputation/test_erep.py:45: in get_reputation
    rep = Reputation(**reps[0])
<string>:7: in __init__
    ???
tests/single/reputation/test_erep.py:33: in __post_init__
    self.status = to_number(self.status)
tests/utils.py:345: in to_number
    return num_or_hex if isinstance(num_or_hex, (int, float)) else int(num_or_hex, 16)
E   ValueError: invalid literal for int() with base 16: 'ok'
____________________ test_account_on_entity_failure[staked] ____________________
tests/single/reputation/test_erep.py:151: in test_account_on_entity_failure
    assert get_reputations([sender.address, paymaster.address]) == [
tests/single/reputation/test_erep.py:52: in get_reputations
    return [get_reputation(addr, reputations) for addr in addrs]
tests/single/reputation/test_erep.py:52: in <listcomp>
    return [get_reputation(addr, reputations) for addr in addrs]
tests/single/reputation/test_erep.py:45: in get_reputation
    rep = Reputation(**reps[0])
<string>:7: in __init__
    ???
tests/single/reputation/test_erep.py:33: in __post_init__
    self.status = to_number(self.status)
tests/utils.py:345: in to_number
    return num_or_hex if isinstance(num_or_hex, (int, float)) else int(num_or_hex, 16)
E   ValueError: invalid literal for int() with base 16: 'ok'
----------------------------- Captured stdout call -----------------------------
staking account <web3._utils.datatypes.Contract object at 0x7fbb8dfafc40>
___________________ test_account_on_entity_failure[unstaked] ___________________
tests/single/reputation/test_erep.py:156: in test_account_on_entity_failure
    assert get_reputations([sender.address, paymaster.address]) == [
tests/single/reputation/test_erep.py:52: in get_reputations
    return [get_reputation(addr, reputations) for addr in addrs]
tests/single/reputation/test_erep.py:52: in <listcomp>
    return [get_reputation(addr, reputations) for addr in addrs]
tests/single/reputation/test_erep.py:45: in get_reputation
    rep = Reputation(**reps[0])
<string>:7: in __init__
    ???
tests/single/reputation/test_erep.py:33: in __post_init__
    self.status = to_number(self.status)
tests/utils.py:345: in to_number
    return num_or_hex if isinstance(num_or_hex, (int, float)) else int(num_or_hex, 16)
E   ValueError: invalid literal for int() with base 16: 'ok'
----------------------------- Captured stdout call -----------------------------
unstaked account <web3._utils.datatypes.Contract object at 0x7fbb8dc587c0>
______________________ test_eth_getUserOperationByHash[] _______________________
tests/single/rpc/test_eth_getUserOperationByHash.py:17: in test_eth_getUserOperationByHash
    ) == userop_hash(helper_contract, userop), "user operation mismatch"
E   AttributeError: 'Error' object has no attribute 'result'
____________________ test_eth_getUserOperationByHash_error _____________________
tests/single/rpc/test_eth_getUserOperationByHash.py:29: in test_eth_getUserOperationByHash_error
    assert_rpc_error(
tests/utils.py:207: in assert_rpc_error
    assert message.lower() in response.message.lower()
E   AssertionError: assert 'missing/invalid userophash' in 'invalid params'
E    +  where 'missing/invalid userophash' = <built-in method lower of str object at 0x7fbb8e4145d0>()
E    +    where <built-in method lower of str object at 0x7fbb8e4145d0> = 'Missing/invalid userOpHash'.lower
E    +  and   'invalid params' = <built-in method lower of str object at 0x7fbb8da41ff0>()
E    +    where <built-in method lower of str object at 0x7fbb8da41ff0> = 'Invalid params'.lower
E    +      where 'Invalid params' = Error(code=-32602, message='Invalid params', data='invalid string length at line 1 column 2', id=1027).message
____________________ test_eth_getUserOperationReceipt_error ____________________
tests/single/rpc/test_eth_getUserOperationReceipt.py:26: in test_eth_getUserOperationReceipt_error
    assert_rpc_error(
tests/utils.py:207: in assert_rpc_error
    assert message.lower() in response.message.lower()
E   AssertionError: assert 'missing/invalid userophash' in 'invalid params'
E    +  where 'missing/invalid userophash' = <built-in method lower of str object at 0x7fbb8e414300>()
E    +    where <built-in method lower of str object at 0x7fbb8e414300> = 'Missing/invalid userOpHash'.lower
E    +  and   'invalid params' = <built-in method lower of str object at 0x7fbb8def1030>()
E    +    where <built-in method lower of str object at 0x7fbb8def1030> = 'Invalid params'.lower
E    +      where 'Invalid params' = Error(code=-32602, message='Invalid params', data='invalid string length at line 1 column 2', id=1033).message
_________________________ test_eth_sendUserOperation[] _________________________
tests/single/rpc/test_eth_sendUserOperation.py:19: in test_eth_sendUserOperation
    assert response.result == userop_hash(helper_contract, userop)
E   AssertionError: assert '0x30b701ee9e...5f5e36c4be6c8' == '0x4102261579...24b4a84e77b30'
E     
E     - 0x4102261579b8334cd54a8c2b1495c3f145bcc6061fbfef4e0ff24b4a84e77b30
E     + 0x30b701ee9e4c10e349c5198147801b9670be79219a50b097ec45f5e36c4be6c8
______________________ test_eth_sendUserOperation_revert _______________________
tests/utils.py:199: in assert_ok
    assert response.result
E   AttributeError: 'Error' object has no attribute 'result'

The above exception was the direct cause of the following exception:
tests/single/rpc/test_eth_sendUserOperation.py:29: in test_eth_sendUserOperation_revert
    send_bundle_now()
tests/utils.py:230: in send_bundle_now
    assert_ok(RPCRequest(method="debug_bundler_sendBundleNow").send(url))
tests/utils.py:201: in assert_ok
    raise AttributeError(f"expected result object, got:\n{response}") from exc
E   AttributeError: expected result object, got:
E   Error(code=-32603, message='no ops to send', data=None, id=1039)
=============================== warnings summary ===============================
tests/single/bundle/test_codehash.py::test_codehash_changed
  /home/runner/work/bundler-test-executor/bundler-test-executor/bundler-spec-tests/.venv/lib/python3.10/site-packages/eth_utils/functional.py:47: UserWarning: The log with transaction hash: HexBytes('0xfc4d4b4dd36a0596e29a5d14604491fd7d61585f0a469800c6fc43048d01f240') and logIndex: 0 encountered the following error during processing: MismatchedABI(The event signature did not match the provided ABI). It has been discarded.
    return callback(fn(*args, **kwargs))

-- Docs: https://docs.pytest.org/en/stable/how-to/capture-warnings.html
==================================== PASSES ====================================
_________ test_rule[[STO-000]unstaked][account][no_storage][ok-CALL:>] _________
----------------------------- Captured stdout call -----------------------------
CALL:> funding test_rules_target 0xfE9a8F8D5f42f93f1093F74e5E60f203Ada9EEd9
______ test_rule[[STO-010]unstaked][account][account_storage][ok-CALL:>] _______
----------------------------- Captured stdout call -----------------------------
CALL:> funding test_rules_target 0xaDd59342650BFF720eEf9e9572cA84E091fc3035
_ test_rule[[STO-021]unstaked][account][account_reference_storage][ok-CALL:>] __
----------------------------- Captured stdout call -----------------------------
CALL:> funding test_rules_target 0x971824A077E995980E47521aA6204EafEF46cb0B
_ test_rule[[STO-022]unstaked][account][account_reference_storage_init_code][drop-CALL:>] _
----------------------------- Captured stdout call -----------------------------
CALL:> funding test_rules_target 0x857c6498ddf0bAb4c40c1CDCaaB82B91Bd39817d
_ test_rule[[STO-021]unstaked][account][account_reference_storage_struct][ok-CALL:>] _
----------------------------- Captured stdout call -----------------------------
CALL:> funding test_rules_target 0x373E0FC5f38B2C316780A6BDfe80F8Fd0F8363f2
__ test_rule[[STO-000]unstaked][account][external_storage_read][drop-CALL:>] ___
----------------------------- Captured stdout call -----------------------------
CALL:> funding test_rules_target 0xcB8d40C59ae43c40432071d2460fb6775a8B546D
________ test_rule[[OP-020]unstaked][account][out_of_gas][drop-CALL:>] _________
----------------------------- Captured stdout call -----------------------------
CALL:> funding test_rules_target 0x492BD4F96966c34d6F9c8A58635c5c3751cD610c
_____ test_rule[[OP-020]unstaked][account][sstore_out_of_gas][drop-CALL:>] _____
----------------------------- Captured stdout call -----------------------------
CALL:> funding test_rules_target 0xc47CD93AfDdA8AdcBD7fd7667Ab0F6a36113932d
__________ test_rule[[STO-000]staked][account][no_storage][ok-CALL:>] __________
----------------------------- Captured stdout call -----------------------------
CALL:> funding test_rules_target 0x1d5128785c9E12624C2FC76BD236c769A08FeA15
_______ test_rule[[STO-010]staked][account][account_storage][ok-CALL:>] ________
----------------------------- Captured stdout call -----------------------------
CALL:> funding test_rules_target 0x9277fb93880Fcf5b0F0693de7F4bd3B504E3a50d
__ test_rule[[STO-021]staked][account][account_reference_storage][ok-CALL:>] ___
----------------------------- Captured stdout call -----------------------------
CALL:> funding test_rules_target 0x4E9cd10E45Ef3666641641F78B94Dc139f3b7838
_ test_rule[[STO-021]staked][account][account_reference_storage_struct][ok-CALL:>] _
----------------------------- Captured stdout call -----------------------------
CALL:> funding test_rules_target 0x36fEB6Dc1EEBDdAc66f73bd878D59190f3e4fe8f
_________ test_rule[[OP-020]staked][account][out_of_gas][drop-CALL:>] __________
----------------------------- Captured stdout call -----------------------------
CALL:> funding test_rules_target 0xFeF4245BE0810435025CDeD8DF2AF62203FCA490
______ test_rule[[OP-020]staked][account][sstore_out_of_gas][drop-CALL:>] ______
----------------------------- Captured stdout call -----------------------------
CALL:> funding test_rules_target 0xE481E3D4147c9111cd46ccc89c4d2c53B613750F
___ test_rule[[STO-033]staked][account][external_storage_write][drop-CALL:>] ___
----------------------------- Captured stdout call -----------------------------
CALL:> funding test_rules_target 0x7E1791991a8dB1e2b31BE8Fdd1121e087535bB1f
____ test_rule[[STO-033]staked][account][external_storage_read][ok-CALL:>] _____
----------------------------- Captured stdout call -----------------------------
CALL:> funding test_rules_target 0x5af186f39Cd83b145811F659492d0f3Aca73af0D
_ test_rule[[OP-011]unstaked][account][entryPoint_call_balanceOf][drop-CALL:>] _
----------------------------- Captured stdout call -----------------------------
CALL:> funding test_rules_target 0x422460393b37136429Ae602dD70Cd70232123859
_ test_rule[[OP-061]unstaked][account][eth_value_transfer_forbidden][drop-CALL:>] _
----------------------------- Captured stdout call -----------------------------
CALL:> funding test_rules_target 0x0b3C576B3674331F4c47db551A5550b85d381a00
_ test_rule[[OP-041]unstaked][account][EXTCODESIZE_undeployed_contract][drop-CALL:>] _
----------------------------- Captured stdout call -----------------------------
CALL:> funding test_rules_target 0xA747Cd1A94A4b439FEAF4Cc1c930a5dAb5726D36
_ test_rule[[OP-041]unstaked][account][EXTCODEHASH_undeployed_contract][drop-CALL:>] _
----------------------------- Captured stdout call -----------------------------
CALL:> funding test_rules_target 0xFec4a43877429CA9F2A33A4E062cD8E6F59eCFD5
_ test_rule[[OP-041]unstaked][account][EXTCODECOPY_undeployed_contract][drop-CALL:>] _
----------------------------- Captured stdout call -----------------------------
CALL:> funding test_rules_target 0xBE597EB5Ad22539aDf5C93d38CaC98660Db80a3d
__ test_rule[[OP-054]unstaked][account][EXTCODESIZE_entrypoint][drop-CALL:>] ___
----------------------------- Captured stdout call -----------------------------
CALL:> funding test_rules_target 0xee817faEFec9242E230c038024329EB1A368742f
__ test_rule[[OP-054]unstaked][account][EXTCODEHASH_entrypoint][drop-CALL:>] ___
----------------------------- Captured stdout call -----------------------------
CALL:> funding test_rules_target 0x00E3beb8b3B4737226C3C78cED3a7BC9a5cD2b10
__ test_rule[[OP-054]unstaked][account][EXTCODECOPY_entrypoint][drop-CALL:>] ___
----------------------------- Captured stdout call -----------------------------
CALL:> funding test_rules_target 0x2DBCeE1da1bBC8B2583fc7A16ab7079C7EDd8BE7
_ test_rule[[OP-041]unstaked][account][CALL_undeployed_contract][drop-CALL:>] __
----------------------------- Captured stdout call -----------------------------
CALL:> funding test_rules_target 0x5043D9C8e8382057Ed00B4E48eCdDcC257540107
_ test_rule[[OP-041]unstaked][account][CALLCODE_undeployed_contract][drop-CALL:>] _
----------------------------- Captured stdout call -----------------------------
CALL:> funding test_rules_target 0x79b2cEA10dDd8148c1Ff37E45e33f15BBA4480f8
_ test_rule[[OP-041]unstaked][account][DELEGATECALL_undeployed_contract][drop-CALL:>] _
----------------------------- Captured stdout call -----------------------------
CALL:> funding test_rules_target 0x33C9B63DDd09Dde9398784820A9A5D958ceB3C5d
_ test_rule[[OP-041]unstaked][account][STATICCALL_undeployed_contract][drop-CALL:>] _
----------------------------- Captured stdout call -----------------------------
CALL:> funding test_rules_target 0x0133bbC67bBfEf0EE082492AEf6378d3eCB35f8A
_ test_rule[[OP-062]unstaked][account][CALL_undeployed_contract_allowed_precompile][ok-CALL:>] _
----------------------------- Captured stdout call -----------------------------
CALL:> funding test_rules_target 0xbf9E5effa788e0C0538fF216796fBa57A63d2583
- generated xml file: /home/runner/work/bundler-test-executor/bundler-test-executor/build/out/rundler.xml -
=========================== short test summary info ============================
PASSED tests/single/bundle/test_bundle.py::test_bundle_replace_op[only_priority_fee_bump]
PASSED tests/single/bundle/test_bundle.py::test_bundle_replace_op[only_max_fee_bump]
PASSED tests/single/bundle/test_bundle.py::test_bundle_replace_op[with_same_fee]
PASSED tests/single/bundle/test_bundle.py::test_bundle_replace_op[with_less_fee]
PASSED tests/single/bundle/test_bundle.py::test_bundle_replace_op[fee_bump_below_threshold]
PASSED tests/single/bundle/test_bundle.py::test_bundle_replace_op[fee_bump_at_threshold]
PASSED tests/single/bundle/test_bundle.py::test_bundle_replace_op[fee_bump_above_threshold]
PASSED tests/single/bundle/test_bundle.py::test_ban_user_op_access_other_ops_sender_in_bundle
PASSED tests/single/bundle/test_bundle.py::test_ban_user_sender_double_role_in_bundle
PASSED tests/single/bundle/test_bundle.py::test_stake_check_in_bundler
PASSED tests/single/bundle/test_paymaster.py::test_paymaster_deposit
PASSED tests/single/bundle/test_storage_rules.py::test_rule[[STO-000]unstaked][paymaster][no_storage][ok-]
PASSED tests/single/bundle/test_storage_rules.py::test_rule[[STO-000]unstaked][paymaster][no_storage][ok-CALL:>]
PASSED tests/single/bundle/test_storage_rules.py::test_rule[[STO-000]unstaked][paymaster][no_storage][ok-DELEGATECALL:>]
PASSED tests/single/bundle/test_storage_rules.py::test_rule[[STO-031]unstaked][paymaster][storage_read][drop-]
PASSED tests/single/bundle/test_storage_rules.py::test_rule[[STO-031]unstaked][paymaster][storage_read][drop-CALL:>]
PASSED tests/single/bundle/test_storage_rules.py::test_rule[[STO-031]unstaked][paymaster][storage_read][drop-DELEGATECALL:>]
PASSED tests/single/bundle/test_storage_rules.py::test_rule[[STO-031]unstaked][paymaster][storage_write][drop-]
PASSED tests/single/bundle/test_storage_rules.py::test_rule[[STO-031]unstaked][paymaster][storage_write][drop-CALL:>]
PASSED tests/single/bundle/test_storage_rules.py::test_rule[[STO-031]unstaked][paymaster][storage_write][drop-DELEGATECALL:>]
PASSED tests/single/bundle/test_storage_rules.py::test_rule[[OP-070(STO-031)]unstaked][paymaster][transient_storage_tstore][drop-]
PASSED tests/single/bundle/test_storage_rules.py::test_rule[[OP-070(STO-031)]unstaked][paymaster][transient_storage_tstore][drop-CALL:>]
PASSED tests/single/bundle/test_storage_rules.py::test_rule[[OP-070(STO-031)]unstaked][paymaster][transient_storage_tstore][drop-DELEGATECALL:>]
PASSED tests/single/bundle/test_storage_rules.py::test_rule[[OP-070(STO-031)]unstaked][paymaster][transient_storage_tload][drop-]
PASSED tests/single/bundle/test_storage_rules.py::test_rule[[OP-070(STO-031)]unstaked][paymaster][transient_storage_tload][drop-CALL:>]
PASSED tests/single/bundle/test_storage_rules.py::test_rule[[OP-070(STO-031)]unstaked][paymaster][transient_storage_tload][drop-DELEGATECALL:>]
PASSED tests/single/bundle/test_storage_rules.py::test_rule[[STO-032]unstaked][paymaster][paymaster_reference_storage][drop-]
PASSED tests/single/bundle/test_storage_rules.py::test_rule[[STO-032]unstaked][paymaster][paymaster_reference_storage][drop-CALL:>]
PASSED tests/single/bundle/test_storage_rules.py::test_rule[[STO-032]unstaked][paymaster][paymaster_reference_storage][drop-DELEGATECALL:>]
PASSED tests/single/bundle/test_storage_rules.py::test_rule[[STO-032]unstaked][paymaster][paymaster_reference_storage_struct][drop-]
PASSED tests/single/bundle/test_storage_rules.py::test_rule[[STO-032]unstaked][paymaster][paymaster_reference_storage_struct][drop-CALL:>]
PASSED tests/single/bundle/test_storage_rules.py::test_rule[[STO-032]unstaked][paymaster][paymaster_reference_storage_struct][drop-DELEGATECALL:>]
PASSED tests/single/bundle/test_storage_rules.py::test_rule[[STO-010]unstaked][paymaster][account_storage][ok-]
PASSED tests/single/bundle/test_storage_rules.py::test_rule[[STO-010]unstaked][paymaster][account_storage][ok-CALL:>]
PASSED tests/single/bundle/test_storage_rules.py::test_rule[[STO-010]unstaked][paymaster][account_storage][ok-DELEGATECALL:>]
PASSED tests/single/bundle/test_storage_rules.py::test_rule[[OP-070(STO-010)]unstaked][paymaster][account_transient_storage][ok-]
PASSED tests/single/bundle/test_storage_rules.py::test_rule[[OP-070(STO-010)]unstaked][paymaster][account_transient_storage][ok-CALL:>]
PASSED tests/single/bundle/test_storage_rules.py::test_rule[[OP-070(STO-010)]unstaked][paymaster][account_transient_storage][ok-DELEGATECALL:>]
PASSED tests/single/bundle/test_storage_rules.py::test_rule[[STO-021]unstaked][paymaster][account_reference_storage][ok-]
PASSED tests/single/bundle/test_storage_rules.py::test_rule[[STO-021]unstaked][paymaster][account_reference_storage][ok-CALL:>]
PASSED tests/single/bundle/test_storage_rules.py::test_rule[[STO-021]unstaked][paymaster][account_reference_storage][ok-DELEGATECALL:>]
PASSED tests/single/bundle/test_storage_rules.py::test_rule[[STO-021]unstaked][paymaster][account_reference_storage_struct][ok-]
PASSED tests/single/bundle/test_storage_rules.py::test_rule[[STO-021]unstaked][paymaster][account_reference_storage_struct][ok-CALL:>]
PASSED tests/single/bundle/test_storage_rules.py::test_rule[[STO-021]unstaked][paymaster][account_reference_storage_struct][ok-DELEGATECALL:>]
PASSED tests/single/bundle/test_storage_rules.py::test_rule[[STO-032]unstaked][paymaster][external_storage_read][drop-]
PASSED tests/single/bundle/test_storage_rules.py::test_rule[[STO-032]unstaked][paymaster][external_storage_read][drop-CALL:>]
PASSED tests/single/bundle/test_storage_rules.py::test_rule[[STO-032]unstaked][paymaster][external_storage_read][drop-DELEGATECALL:>]
PASSED tests/single/bundle/test_storage_rules.py::test_rule[[OP-020]unstaked][paymaster][out_of_gas][drop-]
PASSED tests/single/bundle/test_storage_rules.py::test_rule[[OP-020]unstaked][paymaster][out_of_gas][drop-CALL:>]
PASSED tests/single/bundle/test_storage_rules.py::test_rule[[OP-020]unstaked][paymaster][out_of_gas][drop-DELEGATECALL:>]
PASSED tests/single/bundle/test_storage_rules.py::test_rule[[OP-020]unstaked][paymaster][sstore_out_of_gas][drop-]
PASSED tests/single/bundle/test_storage_rules.py::test_rule[[OP-020]unstaked][paymaster][sstore_out_of_gas][drop-CALL:>]
PASSED tests/single/bundle/test_storage_rules.py::test_rule[[OP-020]unstaked][paymaster][sstore_out_of_gas][drop-DELEGATECALL:>]
PASSED tests/single/bundle/test_storage_rules.py::test_rule[[STO-000]staked][paymaster][no_storage][ok-]
PASSED tests/single/bundle/test_storage_rules.py::test_rule[[STO-000]staked][paymaster][no_storage][ok-CALL:>]
PASSED tests/single/bundle/test_storage_rules.py::test_rule[[STO-000]staked][paymaster][no_storage][ok-DELEGATECALL:>]
PASSED tests/single/bundle/test_storage_rules.py::test_rule[[STO-031]staked][paymaster][storage_read][ok-]
PASSED tests/single/bundle/test_storage_rules.py::test_rule[[STO-031]staked][paymaster][storage_read][ok-CALL:>]
PASSED tests/single/bundle/test_storage_rules.py::test_rule[[STO-031]staked][paymaster][storage_read][ok-DELEGATECALL:>]
PASSED tests/single/bundle/test_storage_rules.py::test_rule[[STO-031]staked][paymaster][storage_write][ok-]
PASSED tests/single/bundle/test_storage_rules.py::test_rule[[STO-031]staked][paymaster][storage_write][ok-CALL:>]
PASSED tests/single/bundle/test_storage_rules.py::test_rule[[STO-031]staked][paymaster][storage_write][ok-DELEGATECALL:>]
PASSED tests/single/bundle/test_storage_rules.py::test_rule[[STO-032]staked][paymaster][paymaster_reference_storage][ok-]
PASSED tests/single/bundle/test_storage_rules.py::test_rule[[STO-032]staked][paymaster][paymaster_reference_storage][ok-CALL:>]
PASSED tests/single/bundle/test_storage_rules.py::test_rule[[STO-032]staked][paymaster][paymaster_reference_storage][ok-DELEGATECALL:>]
PASSED tests/single/bundle/test_storage_rules.py::test_rule[[STO-032]staked][paymaster][paymaster_reference_storage_struct][ok-]
PASSED tests/single/bundle/test_storage_rules.py::test_rule[[STO-032]staked][paymaster][paymaster_reference_storage_struct][ok-CALL:>]
PASSED tests/single/bundle/test_storage_rules.py::test_rule[[STO-032]staked][paymaster][paymaster_reference_storage_struct][ok-DELEGATECALL:>]
PASSED tests/single/bundle/test_storage_rules.py::test_rule[[STO-033]staked][paymaster][paymaster_reference_storage_struct][ok-]
PASSED tests/single/bundle/test_storage_rules.py::test_rule[[STO-033]staked][paymaster][paymaster_reference_storage_struct][ok-CALL:>]
PASSED tests/single/bundle/test_storage_rules.py::test_rule[[STO-033]staked][paymaster][paymaster_reference_storage_struct][ok-DELEGATECALL:>]
PASSED tests/single/bundle/test_storage_rules.py::test_rule[[STO-010]staked][paymaster][account_storage][ok-]
PASSED tests/single/bundle/test_storage_rules.py::test_rule[[STO-010]staked][paymaster][account_storage][ok-CALL:>]
PASSED tests/single/bundle/test_storage_rules.py::test_rule[[STO-010]staked][paymaster][account_storage][ok-DELEGATECALL:>]
PASSED tests/single/bundle/test_storage_rules.py::test_rule[[STO-021]staked][paymaster][account_reference_storage][ok-]
PASSED tests/single/bundle/test_storage_rules.py::test_rule[[STO-021]staked][paymaster][account_reference_storage][ok-CALL:>]
PASSED tests/single/bundle/test_storage_rules.py::test_rule[[STO-021]staked][paymaster][account_reference_storage][ok-DELEGATECALL:>]
PASSED tests/single/bundle/test_storage_rules.py::test_rule[[STO-021]staked][paymaster][account_reference_storage_struct][ok-]
PASSED tests/single/bundle/test_storage_rules.py::test_rule[[STO-021]staked][paymaster][account_reference_storage_struct][ok-CALL:>]
PASSED tests/single/bundle/test_storage_rules.py::test_rule[[STO-021]staked][paymaster][account_reference_storage_struct][ok-DELEGATECALL:>]
PASSED tests/single/bundle/test_storage_rules.py::test_rule[[EREP-050]staked][paymaster][context][ok-]
PASSED tests/single/bundle/test_storage_rules.py::test_rule[[EREP-050]staked][paymaster][context][ok-CALL:>]
PASSED tests/single/bundle/test_storage_rules.py::test_rule[[EREP-050]staked][paymaster][context][ok-DELEGATECALL:>]
PASSED tests/single/bundle/test_storage_rules.py::test_rule[[STO-033]staked][paymaster][external_storage_write][drop-]
PASSED tests/single/bundle/test_storage_rules.py::test_rule[[STO-033]staked][paymaster][external_storage_write][drop-CALL:>]
PASSED tests/single/bundle/test_storage_rules.py::test_rule[[STO-033]staked][paymaster][external_storage_write][drop-DELEGATECALL:>]
PASSED tests/single/bundle/test_storage_rules.py::test_rule[[STO-033]staked][paymaster][external_storage_read][ok-]
PASSED tests/single/bundle/test_storage_rules.py::test_rule[[STO-033]staked][paymaster][external_storage_read][ok-CALL:>]
PASSED tests/single/bundle/test_storage_rules.py::test_rule[[STO-033]staked][paymaster][external_storage_read][ok-DELEGATECALL:>]
PASSED tests/single/bundle/test_storage_rules.py::test_rule[[OP-020]staked][paymaster][out_of_gas][drop-]
PASSED tests/single/bundle/test_storage_rules.py::test_rule[[OP-020]staked][paymaster][out_of_gas][drop-CALL:>]
PASSED tests/single/bundle/test_storage_rules.py::test_rule[[OP-020]staked][paymaster][out_of_gas][drop-DELEGATECALL:>]
PASSED tests/single/bundle/test_storage_rules.py::test_rule[[OP-020]staked][paymaster][sstore_out_of_gas][drop-]
PASSED tests/single/bundle/test_storage_rules.py::test_rule[[OP-020]staked][paymaster][sstore_out_of_gas][drop-CALL:>]
PASSED tests/single/bundle/test_storage_rules.py::test_rule[[OP-020]staked][paymaster][sstore_out_of_gas][drop-DELEGATECALL:>]
PASSED tests/single/bundle/test_storage_rules.py::test_rule[[STO-000]unstaked][factory][no_storage][ok-]
PASSED tests/single/bundle/test_storage_rules.py::test_rule[[STO-000]unstaked][factory][no_storage][ok-CALL:>]
PASSED tests/single/bundle/test_storage_rules.py::test_rule[[STO-000]unstaked][factory][no_storage][ok-DELEGATECALL:>]
PASSED tests/single/bundle/test_storage_rules.py::test_rule[[STO-000]unstaked][factory][storage_read][drop-]
PASSED tests/single/bundle/test_storage_rules.py::test_rule[[STO-000]unstaked][factory][storage_read][drop-CALL:>]
PASSED tests/single/bundle/test_storage_rules.py::test_rule[[STO-000]unstaked][factory][storage_read][drop-DELEGATECALL:>]
PASSED tests/single/bundle/test_storage_rules.py::test_rule[[STO-000]unstaked][factory][storage_write][drop-]
PASSED tests/single/bundle/test_storage_rules.py::test_rule[[STO-000]unstaked][factory][storage_write][drop-CALL:>]
PASSED tests/single/bundle/test_storage_rules.py::test_rule[[STO-000]unstaked][factory][storage_write][drop-DELEGATECALL:>]
PASSED tests/single/bundle/test_storage_rules.py::test_rule[[STO-000]unstaked][factory][factory_reference_storage][drop-]
PASSED tests/single/bundle/test_storage_rules.py::test_rule[[STO-000]unstaked][factory][factory_reference_storage][drop-CALL:>]
PASSED tests/single/bundle/test_storage_rules.py::test_rule[[STO-000]unstaked][factory][factory_reference_storage][drop-DELEGATECALL:>]
PASSED tests/single/bundle/test_storage_rules.py::test_rule[[STO-032]unstaked][factory][factory_reference_storage_struct][drop-]
PASSED tests/single/bundle/test_storage_rules.py::test_rule[[STO-032]unstaked][factory][factory_reference_storage_struct][drop-CALL:>]
PASSED tests/single/bundle/test_storage_rules.py::test_rule[[STO-032]unstaked][factory][factory_reference_storage_struct][drop-DELEGATECALL:>]
PASSED tests/single/bundle/test_storage_rules.py::test_rule[[STO-010]unstaked][factory][account_storage][ok-]
PASSED tests/single/bundle/test_storage_rules.py::test_rule[[STO-010]unstaked][factory][account_storage][ok-CALL:>]
PASSED tests/single/bundle/test_storage_rules.py::test_rule[[STO-010]unstaked][factory][account_storage][ok-DELEGATECALL:>]
PASSED tests/single/bundle/test_storage_rules.py::test_rule[[STO-021]unstaked][factory][account_reference_storage][drop-]
PASSED tests/single/bundle/test_storage_rules.py::test_rule[[STO-021]unstaked][factory][account_reference_storage][drop-CALL:>]
PASSED tests/single/bundle/test_storage_rules.py::test_rule[[STO-021]unstaked][factory][account_reference_storage][drop-DELEGATECALL:>]
PASSED tests/single/bundle/test_storage_rules.py::test_rule[[STO-021]unstaked][factory][account_reference_storage_struct][drop-]
PASSED tests/single/bundle/test_storage_rules.py::test_rule[[STO-021]unstaked][factory][account_reference_storage_struct][drop-CALL:>]
PASSED tests/single/bundle/test_storage_rules.py::test_rule[[STO-021]unstaked][factory][account_reference_storage_struct][drop-DELEGATECALL:>]
PASSED tests/single/bundle/test_storage_rules.py::test_rule[[STO-000]unstaked][factory][external_storage_read][drop-]
PASSED tests/single/bundle/test_storage_rules.py::test_rule[[STO-000]unstaked][factory][external_storage_read][drop-CALL:>]
PASSED tests/single/bundle/test_storage_rules.py::test_rule[[STO-000]unstaked][factory][external_storage_read][drop-DELEGATECALL:>]
PASSED tests/single/bundle/test_storage_rules.py::test_rule[[OP-042]unstaked][factory][EXTCODEx_CALLx_undeployed_sender][ok-]
PASSED tests/single/bundle/test_storage_rules.py::test_rule[[OP-042]unstaked][factory][EXTCODEx_CALLx_undeployed_sender][ok-CALL:>]
PASSED tests/single/bundle/test_storage_rules.py::test_rule[[OP-042]unstaked][factory][EXTCODEx_CALLx_undeployed_sender][ok-DELEGATECALL:>]
PASSED tests/single/bundle/test_storage_rules.py::test_rule[[OP-041]unstaked][factory][EXTCODESIZE_undeployed_contract][drop-]
PASSED tests/single/bundle/test_storage_rules.py::test_rule[[OP-041]unstaked][factory][EXTCODESIZE_undeployed_contract][drop-CALL:>]
PASSED tests/single/bundle/test_storage_rules.py::test_rule[[OP-041]unstaked][factory][EXTCODESIZE_undeployed_contract][drop-DELEGATECALL:>]
PASSED tests/single/bundle/test_storage_rules.py::test_rule[[OP-041]unstaked][factory][EXTCODEHASH_undeployed_contract][drop-]
PASSED tests/single/bundle/test_storage_rules.py::test_rule[[OP-041]unstaked][factory][EXTCODEHASH_undeployed_contract][drop-CALL:>]
PASSED tests/single/bundle/test_storage_rules.py::test_rule[[OP-041]unstaked][factory][EXTCODEHASH_undeployed_contract][drop-DELEGATECALL:>]
PASSED tests/single/bundle/test_storage_rules.py::test_rule[[OP-041]unstaked][factory][EXTCODECOPY_undeployed_contract][drop-]
PASSED tests/single/bundle/test_storage_rules.py::test_rule[[OP-041]unstaked][factory][EXTCODECOPY_undeployed_contract][drop-CALL:>]
PASSED tests/single/bundle/test_storage_rules.py::test_rule[[OP-041]unstaked][factory][EXTCODECOPY_undeployed_contract][drop-DELEGATECALL:>]
PASSED tests/single/bundle/test_storage_rules.py::test_rule[[OP-041]unstaked][factory][CALL_undeployed_contract][drop-]
PASSED tests/single/bundle/test_storage_rules.py::test_rule[[OP-041]unstaked][factory][CALL_undeployed_contract][drop-CALL:>]
PASSED tests/single/bundle/test_storage_rules.py::test_rule[[OP-041]unstaked][factory][CALL_undeployed_contract][drop-DELEGATECALL:>]
PASSED tests/single/bundle/test_storage_rules.py::test_rule[[OP-041]unstaked][factory][CALLCODE_undeployed_contract][drop-]
PASSED tests/single/bundle/test_storage_rules.py::test_rule[[OP-041]unstaked][factory][CALLCODE_undeployed_contract][drop-CALL:>]
PASSED tests/single/bundle/test_storage_rules.py::test_rule[[OP-041]unstaked][factory][CALLCODE_undeployed_contract][drop-DELEGATECALL:>]
PASSED tests/single/bundle/test_storage_rules.py::test_rule[[OP-041]unstaked][factory][DELEGATECALL_undeployed_contract][drop-]
PASSED tests/single/bundle/test_storage_rules.py::test_rule[[OP-041]unstaked][factory][DELEGATECALL_undeployed_contract][drop-CALL:>]
PASSED tests/single/bundle/test_storage_rules.py::test_rule[[OP-041]unstaked][factory][DELEGATECALL_undeployed_contract][drop-DELEGATECALL:>]
PASSED tests/single/bundle/test_storage_rules.py::test_rule[[OP-041]unstaked][factory][STATICCALL_undeployed_contract][drop-]
PASSED tests/single/bundle/test_storage_rules.py::test_rule[[OP-041]unstaked][factory][STATICCALL_undeployed_contract][drop-CALL:>]
PASSED tests/single/bundle/test_storage_rules.py::test_rule[[OP-041]unstaked][factory][STATICCALL_undeployed_contract][drop-DELEGATECALL:>]
PASSED tests/single/bundle/test_storage_rules.py::test_rule[[OP-020]unstaked][factory][out_of_gas][drop-]
PASSED tests/single/bundle/test_storage_rules.py::test_rule[[OP-020]unstaked][factory][out_of_gas][drop-CALL:>]
PASSED tests/single/bundle/test_storage_rules.py::test_rule[[OP-020]unstaked][factory][out_of_gas][drop-DELEGATECALL:>]
PASSED tests/single/bundle/test_storage_rules.py::test_rule[[OP-020]unstaked][factory][sstore_out_of_gas][drop-]
PASSED tests/single/bundle/test_storage_rules.py::test_rule[[OP-020]unstaked][factory][sstore_out_of_gas][drop-CALL:>]
PASSED tests/single/bundle/test_storage_rules.py::test_rule[[OP-020]unstaked][factory][sstore_out_of_gas][drop-DELEGATECALL:>]
PASSED tests/single/bundle/test_storage_rules.py::test_rule[[STO-000]staked][factory][no_storage][ok-]
PASSED tests/single/bundle/test_storage_rules.py::test_rule[[STO-000]staked][factory][no_storage][ok-CALL:>]
PASSED tests/single/bundle/test_storage_rules.py::test_rule[[STO-000]staked][factory][no_storage][ok-DELEGATECALL:>]
PASSED tests/single/bundle/test_storage_rules.py::test_rule[[STO-031]staked][factory][storage_read][ok-]
PASSED tests/single/bundle/test_storage_rules.py::test_rule[[STO-031]staked][factory][storage_read][ok-CALL:>]
PASSED tests/single/bundle/test_storage_rules.py::test_rule[[STO-031]staked][factory][storage_read][ok-DELEGATECALL:>]
PASSED tests/single/bundle/test_storage_rules.py::test_rule[[STO-031]staked][factory][storage_write][ok-]
PASSED tests/single/bundle/test_storage_rules.py::test_rule[[STO-031]staked][factory][storage_write][ok-CALL:>]
PASSED tests/single/bundle/test_storage_rules.py::test_rule[[STO-031]staked][factory][storage_write][ok-DELEGATECALL:>]
PASSED tests/single/bundle/test_storage_rules.py::test_rule[[STO-032]staked][factory][factory_reference_storage][ok-]
PASSED tests/single/bundle/test_storage_rules.py::test_rule[[STO-032]staked][factory][factory_reference_storage][ok-CALL:>]
PASSED tests/single/bundle/test_storage_rules.py::test_rule[[STO-032]staked][factory][factory_reference_storage][ok-DELEGATECALL:>]
PASSED tests/single/bundle/test_storage_rules.py::test_rule[[STO-032]staked][factory][factory_reference_storage_struct][ok-]
PASSED tests/single/bundle/test_storage_rules.py::test_rule[[STO-032]staked][factory][factory_reference_storage_struct][ok-CALL:>]
PASSED tests/single/bundle/test_storage_rules.py::test_rule[[STO-032]staked][factory][factory_reference_storage_struct][ok-DELEGATECALL:>]
PASSED tests/single/bundle/test_storage_rules.py::test_rule[[STO-010]staked][factory][account_storage][ok-]
PASSED tests/single/bundle/test_storage_rules.py::test_rule[[STO-010]staked][factory][account_storage][ok-CALL:>]
PASSED tests/single/bundle/test_storage_rules.py::test_rule[[STO-010]staked][factory][account_storage][ok-DELEGATECALL:>]
PASSED tests/single/bundle/test_storage_rules.py::test_rule[[STO-021]staked][factory][account_reference_storage][ok-]
PASSED tests/single/bundle/test_storage_rules.py::test_rule[[STO-021]staked][factory][account_reference_storage][ok-CALL:>]
PASSED tests/single/bundle/test_storage_rules.py::test_rule[[STO-021]staked][factory][account_reference_storage][ok-DELEGATECALL:>]
PASSED tests/single/bundle/test_storage_rules.py::test_rule[[STO-021]staked][factory][account_reference_storage_struct][ok-]
PASSED tests/single/bundle/test_storage_rules.py::test_rule[[STO-021]staked][factory][account_reference_storage_struct][ok-CALL:>]
PASSED tests/single/bundle/test_storage_rules.py::test_rule[[STO-021]staked][factory][account_reference_storage_struct][ok-DELEGATECALL:>]
PASSED tests/single/bundle/test_storage_rules.py::test_rule[[STO-033]staked][factory][external_storage_write][drop-]
PASSED tests/single/bundle/test_storage_rules.py::test_rule[[STO-033]staked][factory][external_storage_write][drop-CALL:>]
PASSED tests/single/bundle/test_storage_rules.py::test_rule[[STO-033]staked][factory][external_storage_write][drop-DELEGATECALL:>]
PASSED tests/single/bundle/test_storage_rules.py::test_rule[[STO-033]staked][factory][external_storage_read][ok-]
PASSED tests/single/bundle/test_storage_rules.py::test_rule[[STO-033]staked][factory][external_storage_read][ok-CALL:>]
PASSED tests/single/bundle/test_storage_rules.py::test_rule[[STO-033]staked][factory][external_storage_read][ok-DELEGATECALL:>]
PASSED tests/single/bundle/test_storage_rules.py::test_rule[[OP-020]staked][factory][out_of_gas][drop-]
PASSED tests/single/bundle/test_storage_rules.py::test_rule[[OP-020]staked][factory][out_of_gas][drop-CALL:>]
PASSED tests/single/bundle/test_storage_rules.py::test_rule[[OP-020]staked][factory][out_of_gas][drop-DELEGATECALL:>]
PASSED tests/single/bundle/test_storage_rules.py::test_rule[[OP-020]staked][factory][sstore_out_of_gas][drop-]
PASSED tests/single/bundle/test_storage_rules.py::test_rule[[OP-020]staked][factory][sstore_out_of_gas][drop-CALL:>]
PASSED tests/single/bundle/test_storage_rules.py::test_rule[[OP-020]staked][factory][sstore_out_of_gas][drop-DELEGATECALL:>]
PASSED tests/single/bundle/test_storage_rules.py::test_rule[[STO-000]unstaked][account][no_storage][ok-]
PASSED tests/single/bundle/test_storage_rules.py::test_rule[[STO-000]unstaked][account][no_storage][ok-CALL:>]
PASSED tests/single/bundle/test_storage_rules.py::test_rule[[STO-000]unstaked][account][no_storage][ok-DELEGATECALL:>]
PASSED tests/single/bundle/test_storage_rules.py::test_rule[[STO-010]unstaked][account][account_storage][ok-]
PASSED tests/single/bundle/test_storage_rules.py::test_rule[[STO-010]unstaked][account][account_storage][ok-CALL:>]
PASSED tests/single/bundle/test_storage_rules.py::test_rule[[STO-010]unstaked][account][account_storage][ok-DELEGATECALL:>]
PASSED tests/single/bundle/test_storage_rules.py::test_rule[[STO-021]unstaked][account][account_reference_storage][ok-]
PASSED tests/single/bundle/test_storage_rules.py::test_rule[[STO-021]unstaked][account][account_reference_storage][ok-CALL:>]
PASSED tests/single/bundle/test_storage_rules.py::test_rule[[STO-021]unstaked][account][account_reference_storage][ok-DELEGATECALL:>]
PASSED tests/single/bundle/test_storage_rules.py::test_rule[[STO-022]unstaked][account][account_reference_storage_init_code][drop-]
PASSED tests/single/bundle/test_storage_rules.py::test_rule[[STO-022]unstaked][account][account_reference_storage_init_code][drop-CALL:>]
PASSED tests/single/bundle/test_storage_rules.py::test_rule[[STO-022]unstaked][account][account_reference_storage_init_code][drop-DELEGATECALL:>]
PASSED tests/single/bundle/test_storage_rules.py::test_rule[[STO-021]unstaked][account][account_reference_storage_struct][ok-]
PASSED tests/single/bundle/test_storage_rules.py::test_rule[[STO-021]unstaked][account][account_reference_storage_struct][ok-CALL:>]
PASSED tests/single/bundle/test_storage_rules.py::test_rule[[STO-021]unstaked][account][account_reference_storage_struct][ok-DELEGATECALL:>]
PASSED tests/single/bundle/test_storage_rules.py::test_rule[[STO-000]unstaked][account][external_storage_read][drop-]
PASSED tests/single/bundle/test_storage_rules.py::test_rule[[STO-000]unstaked][account][external_storage_read][drop-CALL:>]
PASSED tests/single/bundle/test_storage_rules.py::test_rule[[STO-000]unstaked][account][external_storage_read][drop-DELEGATECALL:>]
PASSED tests/single/bundle/test_storage_rules.py::test_rule[[OP-020]unstaked][account][out_of_gas][drop-]
PASSED tests/single/bundle/test_storage_rules.py::test_rule[[OP-020]unstaked][account][out_of_gas][drop-CALL:>]
PASSED tests/single/bundle/test_storage_rules.py::test_rule[[OP-020]unstaked][account][out_of_gas][drop-DELEGATECALL:>]
PASSED tests/single/bundle/test_storage_rules.py::test_rule[[OP-020]unstaked][account][sstore_out_of_gas][drop-]
PASSED tests/single/bundle/test_storage_rules.py::test_rule[[OP-020]unstaked][account][sstore_out_of_gas][drop-CALL:>]
PASSED tests/single/bundle/test_storage_rules.py::test_rule[[OP-020]unstaked][account][sstore_out_of_gas][drop-DELEGATECALL:>]
PASSED tests/single/bundle/test_storage_rules.py::test_rule[[STO-000]staked][account][no_storage][ok-]
PASSED tests/single/bundle/test_storage_rules.py::test_rule[[STO-000]staked][account][no_storage][ok-CALL:>]
PASSED tests/single/bundle/test_storage_rules.py::test_rule[[STO-000]staked][account][no_storage][ok-DELEGATECALL:>]
PASSED tests/single/bundle/test_storage_rules.py::test_rule[[STO-010]staked][account][account_storage][ok-]
PASSED tests/single/bundle/test_storage_rules.py::test_rule[[STO-010]staked][account][account_storage][ok-CALL:>]
PASSED tests/single/bundle/test_storage_rules.py::test_rule[[STO-010]staked][account][account_storage][ok-DELEGATECALL:>]
PASSED tests/single/bundle/test_storage_rules.py::test_rule[[STO-021]staked][account][account_reference_storage][ok-]
PASSED tests/single/bundle/test_storage_rules.py::test_rule[[STO-021]staked][account][account_reference_storage][ok-CALL:>]
PASSED tests/single/bundle/test_storage_rules.py::test_rule[[STO-021]staked][account][account_reference_storage][ok-DELEGATECALL:>]
PASSED tests/single/bundle/test_storage_rules.py::test_rule[[STO-021]staked][account][account_reference_storage_struct][ok-]
PASSED tests/single/bundle/test_storage_rules.py::test_rule[[STO-021]staked][account][account_reference_storage_struct][ok-CALL:>]
PASSED tests/single/bundle/test_storage_rules.py::test_rule[[STO-021]staked][account][account_reference_storage_struct][ok-DELEGATECALL:>]
PASSED tests/single/bundle/test_storage_rules.py::test_rule[[OP-020]staked][account][out_of_gas][drop-]
PASSED tests/single/bundle/test_storage_rules.py::test_rule[[OP-020]staked][account][out_of_gas][drop-CALL:>]
PASSED tests/single/bundle/test_storage_rules.py::test_rule[[OP-020]staked][account][out_of_gas][drop-DELEGATECALL:>]
PASSED tests/single/bundle/test_storage_rules.py::test_rule[[OP-020]staked][account][sstore_out_of_gas][drop-]
PASSED tests/single/bundle/test_storage_rules.py::test_rule[[OP-020]staked][account][sstore_out_of_gas][drop-CALL:>]
PASSED tests/single/bundle/test_storage_rules.py::test_rule[[OP-020]staked][account][sstore_out_of_gas][drop-DELEGATECALL:>]
PASSED tests/single/bundle/test_storage_rules.py::test_rule[[STO-033]staked][account][external_storage_write][drop-]
PASSED tests/single/bundle/test_storage_rules.py::test_rule[[STO-033]staked][account][external_storage_write][drop-CALL:>]
PASSED tests/single/bundle/test_storage_rules.py::test_rule[[STO-033]staked][account][external_storage_write][drop-DELEGATECALL:>]
PASSED tests/single/bundle/test_storage_rules.py::test_rule[[STO-033]staked][account][external_storage_read][ok-]
PASSED tests/single/bundle/test_storage_rules.py::test_rule[[STO-033]staked][account][external_storage_read][ok-CALL:>]
PASSED tests/single/bundle/test_storage_rules.py::test_rule[[STO-033]staked][account][external_storage_read][ok-DELEGATECALL:>]
PASSED tests/single/bundle/test_storage_rules.py::test_rule[[OP-011]unstaked][account][entryPoint_call_balanceOf][drop-]
PASSED tests/single/bundle/test_storage_rules.py::test_rule[[OP-011]unstaked][account][entryPoint_call_balanceOf][drop-CALL:>]
PASSED tests/single/bundle/test_storage_rules.py::test_rule[[OP-011]unstaked][account][entryPoint_call_balanceOf][drop-DELEGATECALL:>]
PASSED tests/single/bundle/test_storage_rules.py::test_rule[[OP-061]unstaked][account][eth_value_transfer_forbidden][drop-]
PASSED tests/single/bundle/test_storage_rules.py::test_rule[[OP-061]unstaked][account][eth_value_transfer_forbidden][drop-CALL:>]
PASSED tests/single/bundle/test_storage_rules.py::test_rule[[OP-061]unstaked][account][eth_value_transfer_forbidden][drop-DELEGATECALL:>]
PASSED tests/single/bundle/test_storage_rules.py::test_rule[[OP-053]unstaked][account][eth_value_transfer_entryPoint][ok-]
PASSED tests/single/bundle/test_storage_rules.py::test_rule[[OP-053]unstaked][account][eth_value_transfer_entryPoint][ok-DELEGATECALL:>]
PASSED tests/single/bundle/test_storage_rules.py::test_rule[[OP-052]unstaked][account][eth_value_transfer_entryPoint_depositTo][ok-]
PASSED tests/single/bundle/test_storage_rules.py::test_rule[[OP-052]unstaked][account][eth_value_transfer_entryPoint_depositTo][ok-DELEGATECALL:>]
PASSED tests/single/bundle/test_storage_rules.py::test_rule[[OP-041]unstaked][account][EXTCODESIZE_undeployed_contract][drop-]
PASSED tests/single/bundle/test_storage_rules.py::test_rule[[OP-041]unstaked][account][EXTCODESIZE_undeployed_contract][drop-CALL:>]
PASSED tests/single/bundle/test_storage_rules.py::test_rule[[OP-041]unstaked][account][EXTCODESIZE_undeployed_contract][drop-DELEGATECALL:>]
PASSED tests/single/bundle/test_storage_rules.py::test_rule[[OP-041]unstaked][account][EXTCODEHASH_undeployed_contract][drop-]
PASSED tests/single/bundle/test_storage_rules.py::test_rule[[OP-041]unstaked][account][EXTCODEHASH_undeployed_contract][drop-CALL:>]
PASSED tests/single/bundle/test_storage_rules.py::test_rule[[OP-041]unstaked][account][EXTCODEHASH_undeployed_contract][drop-DELEGATECALL:>]
PASSED tests/single/bundle/test_storage_rules.py::test_rule[[OP-041]unstaked][account][EXTCODECOPY_undeployed_contract][drop-]
PASSED tests/single/bundle/test_storage_rules.py::test_rule[[OP-041]unstaked][account][EXTCODECOPY_undeployed_contract][drop-CALL:>]
PASSED tests/single/bundle/test_storage_rules.py::test_rule[[OP-041]unstaked][account][EXTCODECOPY_undeployed_contract][drop-DELEGATECALL:>]
PASSED tests/single/bundle/test_storage_rules.py::test_rule[[OP-054]unstaked][account][EXTCODESIZE_entrypoint][drop-]
PASSED tests/single/bundle/test_storage_rules.py::test_rule[[OP-054]unstaked][account][EXTCODESIZE_entrypoint][drop-CALL:>]
PASSED tests/single/bundle/test_storage_rules.py::test_rule[[OP-054]unstaked][account][EXTCODESIZE_entrypoint][drop-DELEGATECALL:>]
PASSED tests/single/bundle/test_storage_rules.py::test_rule[[OP-054]unstaked][account][EXTCODEHASH_entrypoint][drop-]
PASSED tests/single/bundle/test_storage_rules.py::test_rule[[OP-054]unstaked][account][EXTCODEHASH_entrypoint][drop-CALL:>]
PASSED tests/single/bundle/test_storage_rules.py::test_rule[[OP-054]unstaked][account][EXTCODEHASH_entrypoint][drop-DELEGATECALL:>]
PASSED tests/single/bundle/test_storage_rules.py::test_rule[[OP-054]unstaked][account][EXTCODECOPY_entrypoint][drop-]
PASSED tests/single/bundle/test_storage_rules.py::test_rule[[OP-054]unstaked][account][EXTCODECOPY_entrypoint][drop-CALL:>]
PASSED tests/single/bundle/test_storage_rules.py::test_rule[[OP-054]unstaked][account][EXTCODECOPY_entrypoint][drop-DELEGATECALL:>]
PASSED tests/single/bundle/test_storage_rules.py::test_rule[[OP-041]unstaked][account][CALL_undeployed_contract][drop-]
PASSED tests/single/bundle/test_storage_rules.py::test_rule[[OP-041]unstaked][account][CALL_undeployed_contract][drop-CALL:>]
PASSED tests/single/bundle/test_storage_rules.py::test_rule[[OP-041]unstaked][account][CALL_undeployed_contract][drop-DELEGATECALL:>]
PASSED tests/single/bundle/test_storage_rules.py::test_rule[[OP-041]unstaked][account][CALLCODE_undeployed_contract][drop-]
PASSED tests/single/bundle/test_storage_rules.py::test_rule[[OP-041]unstaked][account][CALLCODE_undeployed_contract][drop-CALL:>]
PASSED tests/single/bundle/test_storage_rules.py::test_rule[[OP-041]unstaked][account][CALLCODE_undeployed_contract][drop-DELEGATECALL:>]
PASSED tests/single/bundle/test_storage_rules.py::test_rule[[OP-041]unstaked][account][DELEGATECALL_undeployed_contract][drop-]
PASSED tests/single/bundle/test_storage_rules.py::test_rule[[OP-041]unstaked][account][DELEGATECALL_undeployed_contract][drop-CALL:>]
PASSED tests/single/bundle/test_storage_rules.py::test_rule[[OP-041]unstaked][account][DELEGATECALL_undeployed_contract][drop-DELEGATECALL:>]
PASSED tests/single/bundle/test_storage_rules.py::test_rule[[OP-041]unstaked][account][STATICCALL_undeployed_contract][drop-]
PASSED tests/single/bundle/test_storage_rules.py::test_rule[[OP-041]unstaked][account][STATICCALL_undeployed_contract][drop-CALL:>]
PASSED tests/single/bundle/test_storage_rules.py::test_rule[[OP-041]unstaked][account][STATICCALL_undeployed_contract][drop-DELEGATECALL:>]
PASSED tests/single/bundle/test_storage_rules.py::test_rule[[OP-062]unstaked][account][CALL_undeployed_contract_allowed_precompile][ok-]
PASSED tests/single/bundle/test_storage_rules.py::test_rule[[OP-062]unstaked][account][CALL_undeployed_contract_allowed_precompile][ok-CALL:>]
PASSED tests/single/bundle/test_storage_rules.py::test_rule[[OP-062]unstaked][account][CALL_undeployed_contract_allowed_precompile][ok-DELEGATECALL:>]
PASSED tests/single/opbanning/test_create.py::test_account_no_factory[CREATE]
PASSED tests/single/opbanning/test_create.py::test_account_no_factory[CREATE2]
PASSED tests/single/opbanning/test_create.py::test_paymaster_banned_create[CREATE]
PASSED tests/single/opbanning/test_create.py::test_paymaster_banned_create[CREATE2]
PASSED tests/single/opbanning/test_create.py::test_account_create2_once
PASSED tests/single/opbanning/test_create.py::test_account_create_with_factory[factory=unstaked,op=CREATE2,expect=err,rule=OP-032]
PASSED tests/single/opbanning/test_create.py::test_account_create_with_factory[factory=staked,op=nested-CREATE,expect=err,rule=EREP-060]
PASSED tests/single/opbanning/test_op_banning.py::test_account_banned_opcode[GAS-]
PASSED tests/single/opbanning/test_op_banning.py::test_account_banned_opcode[GAS-CALL:>]
PASSED tests/single/opbanning/test_op_banning.py::test_account_banned_opcode[GAS-DELEGATECALL:>]
PASSED tests/single/opbanning/test_op_banning.py::test_account_banned_opcode[NUMBER-]
PASSED tests/single/opbanning/test_op_banning.py::test_account_banned_opcode[NUMBER-CALL:>]
PASSED tests/single/opbanning/test_op_banning.py::test_account_banned_opcode[NUMBER-DELEGATECALL:>]
PASSED tests/single/opbanning/test_op_banning.py::test_account_banned_opcode[TIMESTAMP-]
PASSED tests/single/opbanning/test_op_banning.py::test_account_banned_opcode[TIMESTAMP-CALL:>]
PASSED tests/single/opbanning/test_op_banning.py::test_account_banned_opcode[TIMESTAMP-DELEGATECALL:>]
PASSED tests/single/opbanning/test_op_banning.py::test_account_banned_opcode[COINBASE-]
PASSED tests/single/opbanning/test_op_banning.py::test_account_banned_opcode[COINBASE-CALL:>]
PASSED tests/single/opbanning/test_op_banning.py::test_account_banned_opcode[COINBASE-DELEGATECALL:>]
PASSED tests/single/opbanning/test_op_banning.py::test_account_banned_opcode[DIFFICULTY-]
PASSED tests/single/opbanning/test_op_banning.py::test_account_banned_opcode[DIFFICULTY-CALL:>]
PASSED tests/single/opbanning/test_op_banning.py::test_account_banned_opcode[DIFFICULTY-DELEGATECALL:>]
PASSED tests/single/opbanning/test_op_banning.py::test_account_banned_opcode[BASEFEE-]
PASSED tests/single/opbanning/test_op_banning.py::test_account_banned_opcode[BASEFEE-CALL:>]
PASSED tests/single/opbanning/test_op_banning.py::test_account_banned_opcode[BASEFEE-DELEGATECALL:>]
PASSED tests/single/opbanning/test_op_banning.py::test_account_banned_opcode[GASLIMIT-]
PASSED tests/single/opbanning/test_op_banning.py::test_account_banned_opcode[GASLIMIT-CALL:>]
PASSED tests/single/opbanning/test_op_banning.py::test_account_banned_opcode[GASLIMIT-DELEGATECALL:>]
PASSED tests/single/opbanning/test_op_banning.py::test_account_banned_opcode[GASPRICE-]
PASSED tests/single/opbanning/test_op_banning.py::test_account_banned_opcode[GASPRICE-CALL:>]
PASSED tests/single/opbanning/test_op_banning.py::test_account_banned_opcode[GASPRICE-DELEGATECALL:>]
PASSED tests/single/opbanning/test_op_banning.py::test_account_banned_opcode[SELFBALANCE-]
PASSED tests/single/opbanning/test_op_banning.py::test_account_banned_opcode[SELFBALANCE-CALL:>]
PASSED tests/single/opbanning/test_op_banning.py::test_account_banned_opcode[SELFBALANCE-DELEGATECALL:>]
PASSED tests/single/opbanning/test_op_banning.py::test_account_banned_opcode[BALANCE-]
PASSED tests/single/opbanning/test_op_banning.py::test_account_banned_opcode[BALANCE-CALL:>]
PASSED tests/single/opbanning/test_op_banning.py::test_account_banned_opcode[BALANCE-DELEGATECALL:>]
PASSED tests/single/opbanning/test_op_banning.py::test_account_banned_opcode[ORIGIN-]
PASSED tests/single/opbanning/test_op_banning.py::test_account_banned_opcode[ORIGIN-CALL:>]
PASSED tests/single/opbanning/test_op_banning.py::test_account_banned_opcode[ORIGIN-DELEGATECALL:>]
PASSED tests/single/opbanning/test_op_banning.py::test_account_banned_opcode[BLOCKHASH-]
PASSED tests/single/opbanning/test_op_banning.py::test_account_banned_opcode[BLOCKHASH-CALL:>]
PASSED tests/single/opbanning/test_op_banning.py::test_account_banned_opcode[BLOCKHASH-DELEGATECALL:>]
PASSED tests/single/opbanning/test_op_banning.py::test_account_banned_opcode[CREATE-]
PASSED tests/single/opbanning/test_op_banning.py::test_account_banned_opcode[CREATE-CALL:>]
PASSED tests/single/opbanning/test_op_banning.py::test_account_banned_opcode[CREATE-DELEGATECALL:>]
PASSED tests/single/opbanning/test_op_banning.py::test_account_banned_opcode[CREATE2-]
PASSED tests/single/opbanning/test_op_banning.py::test_account_banned_opcode[CREATE2-CALL:>]
PASSED tests/single/opbanning/test_op_banning.py::test_account_banned_opcode[CREATE2-DELEGATECALL:>]
PASSED tests/single/opbanning/test_op_banning.py::test_account_banned_opcode[SELFDESTRUCT-]
PASSED tests/single/opbanning/test_op_banning.py::test_account_banned_opcode[SELFDESTRUCT-CALL:>]
PASSED tests/single/opbanning/test_op_banning.py::test_account_banned_opcode[SELFDESTRUCT-DELEGATECALL:>]
PASSED tests/single/opbanning/test_op_banning.py::test_account_banned_opcode[BLOBHASH-]
PASSED tests/single/opbanning/test_op_banning.py::test_account_banned_opcode[BLOBHASH-CALL:>]
PASSED tests/single/opbanning/test_op_banning.py::test_account_banned_opcode[BLOBHASH-DELEGATECALL:>]
PASSED tests/single/opbanning/test_op_banning.py::test_account_banned_opcode[BLOBBASEFEE-]
PASSED tests/single/opbanning/test_op_banning.py::test_account_banned_opcode[BLOBBASEFEE-CALL:>]
PASSED tests/single/opbanning/test_op_banning.py::test_account_banned_opcode[BLOBBASEFEE-DELEGATECALL:>]
PASSED tests/single/opbanning/test_op_banning.py::test_account_allowed_opcode_when_staked[BALANCE-]
PASSED tests/single/opbanning/test_op_banning.py::test_account_allowed_opcode_when_staked[BALANCE-CALL:>]
PASSED tests/single/opbanning/test_op_banning.py::test_account_allowed_opcode_when_staked[BALANCE-DELEGATECALL:>]
PASSED tests/single/opbanning/test_op_banning.py::test_account_allowed_opcode_when_staked[SELFBALANCE-]
PASSED tests/single/opbanning/test_op_banning.py::test_account_allowed_opcode_when_staked[SELFBALANCE-CALL:>]
PASSED tests/single/opbanning/test_op_banning.py::test_account_allowed_opcode_when_staked[SELFBALANCE-DELEGATECALL:>]
PASSED tests/single/opbanning/test_op_banning.py::test_account_allowed_opcode_sequence[GAS CALL-]
PASSED tests/single/opbanning/test_op_banning.py::test_account_allowed_opcode_sequence[GAS CALL-CALL:>]
PASSED tests/single/opbanning/test_op_banning.py::test_account_allowed_opcode_sequence[GAS CALL-DELEGATECALL:>]
PASSED tests/single/opbanning/test_op_banning.py::test_account_allowed_opcode_sequence[GAS DELEGATECALL-]
PASSED tests/single/opbanning/test_op_banning.py::test_account_allowed_opcode_sequence[GAS DELEGATECALL-CALL:>]
PASSED tests/single/opbanning/test_op_banning.py::test_account_allowed_opcode_sequence[GAS DELEGATECALL-DELEGATECALL:>]
PASSED tests/single/opbanning/test_op_banning.py::test_paymaster_banned_opcode[GAS-]
PASSED tests/single/opbanning/test_op_banning.py::test_paymaster_banned_opcode[GAS-CALL:>]
PASSED tests/single/opbanning/test_op_banning.py::test_paymaster_banned_opcode[GAS-DELEGATECALL:>]
PASSED tests/single/opbanning/test_op_banning.py::test_paymaster_banned_opcode[NUMBER-]
PASSED tests/single/opbanning/test_op_banning.py::test_paymaster_banned_opcode[NUMBER-CALL:>]
PASSED tests/single/opbanning/test_op_banning.py::test_paymaster_banned_opcode[NUMBER-DELEGATECALL:>]
PASSED tests/single/opbanning/test_op_banning.py::test_paymaster_banned_opcode[TIMESTAMP-]
PASSED tests/single/opbanning/test_op_banning.py::test_paymaster_banned_opcode[TIMESTAMP-CALL:>]
PASSED tests/single/opbanning/test_op_banning.py::test_paymaster_banned_opcode[TIMESTAMP-DELEGATECALL:>]
PASSED tests/single/opbanning/test_op_banning.py::test_paymaster_banned_opcode[COINBASE-]
PASSED tests/single/opbanning/test_op_banning.py::test_paymaster_banned_opcode[COINBASE-CALL:>]
PASSED tests/single/opbanning/test_op_banning.py::test_paymaster_banned_opcode[COINBASE-DELEGATECALL:>]
PASSED tests/single/opbanning/test_op_banning.py::test_paymaster_banned_opcode[DIFFICULTY-]
PASSED tests/single/opbanning/test_op_banning.py::test_paymaster_banned_opcode[DIFFICULTY-CALL:>]
PASSED tests/single/opbanning/test_op_banning.py::test_paymaster_banned_opcode[DIFFICULTY-DELEGATECALL:>]
PASSED tests/single/opbanning/test_op_banning.py::test_paymaster_banned_opcode[BASEFEE-]
PASSED tests/single/opbanning/test_op_banning.py::test_paymaster_banned_opcode[BASEFEE-CALL:>]
PASSED tests/single/opbanning/test_op_banning.py::test_paymaster_banned_opcode[BASEFEE-DELEGATECALL:>]
PASSED tests/single/opbanning/test_op_banning.py::test_paymaster_banned_opcode[GASLIMIT-]
PASSED tests/single/opbanning/test_op_banning.py::test_paymaster_banned_opcode[GASLIMIT-CALL:>]
PASSED tests/single/opbanning/test_op_banning.py::test_paymaster_banned_opcode[GASLIMIT-DELEGATECALL:>]
PASSED tests/single/opbanning/test_op_banning.py::test_paymaster_banned_opcode[GASPRICE-]
PASSED tests/single/opbanning/test_op_banning.py::test_paymaster_banned_opcode[GASPRICE-CALL:>]
PASSED tests/single/opbanning/test_op_banning.py::test_paymaster_banned_opcode[GASPRICE-DELEGATECALL:>]
PASSED tests/single/opbanning/test_op_banning.py::test_paymaster_banned_opcode[SELFBALANCE-]
PASSED tests/single/opbanning/test_op_banning.py::test_paymaster_banned_opcode[SELFBALANCE-CALL:>]
PASSED tests/single/opbanning/test_op_banning.py::test_paymaster_banned_opcode[SELFBALANCE-DELEGATECALL:>]
PASSED tests/single/opbanning/test_op_banning.py::test_paymaster_banned_opcode[BALANCE-]
PASSED tests/single/opbanning/test_op_banning.py::test_paymaster_banned_opcode[BALANCE-CALL:>]
PASSED tests/single/opbanning/test_op_banning.py::test_paymaster_banned_opcode[BALANCE-DELEGATECALL:>]
PASSED tests/single/opbanning/test_op_banning.py::test_paymaster_banned_opcode[ORIGIN-]
PASSED tests/single/opbanning/test_op_banning.py::test_paymaster_banned_opcode[ORIGIN-CALL:>]
PASSED tests/single/opbanning/test_op_banning.py::test_paymaster_banned_opcode[ORIGIN-DELEGATECALL:>]
PASSED tests/single/opbanning/test_op_banning.py::test_paymaster_banned_opcode[BLOCKHASH-]
PASSED tests/single/opbanning/test_op_banning.py::test_paymaster_banned_opcode[BLOCKHASH-CALL:>]
PASSED tests/single/opbanning/test_op_banning.py::test_paymaster_banned_opcode[BLOCKHASH-DELEGATECALL:>]
PASSED tests/single/opbanning/test_op_banning.py::test_paymaster_banned_opcode[CREATE-]
PASSED tests/single/opbanning/test_op_banning.py::test_paymaster_banned_opcode[CREATE-CALL:>]
PASSED tests/single/opbanning/test_op_banning.py::test_paymaster_banned_opcode[CREATE-DELEGATECALL:>]
PASSED tests/single/opbanning/test_op_banning.py::test_paymaster_banned_opcode[CREATE2-]
PASSED tests/single/opbanning/test_op_banning.py::test_paymaster_banned_opcode[CREATE2-CALL:>]
PASSED tests/single/opbanning/test_op_banning.py::test_paymaster_banned_opcode[CREATE2-DELEGATECALL:>]
PASSED tests/single/opbanning/test_op_banning.py::test_paymaster_banned_opcode[SELFDESTRUCT-]
PASSED tests/single/opbanning/test_op_banning.py::test_paymaster_banned_opcode[SELFDESTRUCT-CALL:>]
PASSED tests/single/opbanning/test_op_banning.py::test_paymaster_banned_opcode[SELFDESTRUCT-DELEGATECALL:>]
PASSED tests/single/opbanning/test_op_banning.py::test_paymaster_banned_opcode[BLOBHASH-]
PASSED tests/single/opbanning/test_op_banning.py::test_paymaster_banned_opcode[BLOBHASH-CALL:>]
PASSED tests/single/opbanning/test_op_banning.py::test_paymaster_banned_opcode[BLOBHASH-DELEGATECALL:>]
PASSED tests/single/opbanning/test_op_banning.py::test_paymaster_banned_opcode[BLOBBASEFEE-]
PASSED tests/single/opbanning/test_op_banning.py::test_paymaster_banned_opcode[BLOBBASEFEE-CALL:>]
PASSED tests/single/opbanning/test_op_banning.py::test_paymaster_banned_opcode[BLOBBASEFEE-DELEGATECALL:>]
PASSED tests/single/opbanning/test_op_banning.py::test_paymaster_allowed_opcode_when_staked[BALANCE]
PASSED tests/single/opbanning/test_op_banning.py::test_paymaster_allowed_opcode_when_staked[SELFBALANCE]
PASSED tests/single/opbanning/test_op_banning.py::test_factory_banned_opcode[GAS]
PASSED tests/single/opbanning/test_op_banning.py::test_factory_banned_opcode[NUMBER]
PASSED tests/single/opbanning/test_op_banning.py::test_factory_banned_opcode[TIMESTAMP]
PASSED tests/single/opbanning/test_op_banning.py::test_factory_banned_opcode[COINBASE]
PASSED tests/single/opbanning/test_op_banning.py::test_factory_banned_opcode[DIFFICULTY]
PASSED tests/single/opbanning/test_op_banning.py::test_factory_banned_opcode[BASEFEE]
PASSED tests/single/opbanning/test_op_banning.py::test_factory_banned_opcode[GASLIMIT]
PASSED tests/single/opbanning/test_op_banning.py::test_factory_banned_opcode[GASPRICE]
PASSED tests/single/opbanning/test_op_banning.py::test_factory_banned_opcode[SELFBALANCE]
PASSED tests/single/opbanning/test_op_banning.py::test_factory_banned_opcode[BALANCE]
PASSED tests/single/opbanning/test_op_banning.py::test_factory_banned_opcode[ORIGIN]
PASSED tests/single/opbanning/test_op_banning.py::test_factory_banned_opcode[BLOCKHASH]
PASSED tests/single/opbanning/test_op_banning.py::test_factory_banned_opcode[CREATE]
PASSED tests/single/opbanning/test_op_banning.py::test_factory_banned_opcode[CREATE2]
PASSED tests/single/opbanning/test_op_banning.py::test_factory_banned_opcode[SELFDESTRUCT]
PASSED tests/single/opbanning/test_op_banning.py::test_factory_banned_opcode[BLOBHASH]
PASSED tests/single/opbanning/test_op_banning.py::test_factory_banned_opcode[BLOBBASEFEE]
PASSED tests/single/opbanning/test_op_banning.py::test_factory_allowed_opcode_when_staked[BALANCE]
PASSED tests/single/opbanning/test_op_banning.py::test_factory_allowed_opcode_when_staked[SELFBALANCE]
PASSED tests/single/reputation/test_replace.py::test_replace_paymaster
PASSED tests/single/rpc/test_eth_chainId.py::test_eth_chainId[]
PASSED tests/single/rpc/test_eth_estimateUserOperationGas.py::test_eth_estimateUserOperationGas[]
PASSED tests/single/rpc/test_eth_estimateUserOperationGas.py::test_eth_estimateUserOperationGas_execution_revert
PASSED tests/single/rpc/test_eth_estimateUserOperationGas.py::test_eth_estimateUserOperationGas_simulation_revert
PASSED tests/single/rpc/test_eth_getUserOperationReceipt.py::test_eth_getUserOperationReceipt[]
PASSED tests/single/rpc/test_eth_sendUserOperation.py::test_eth_sendUserOperation_invalid_signature
PASSED tests/single/rpc/test_eth_supportedEntryPoints.py::test_eth_supportedEntryPoints[]
SKIPPED [1] tests/single/gas/test_pre_verification_gas_calculation.py:15: Slow and requires fixing
SKIPPED [9] tests/single/bundle/test_bundle.py:123: skipped
SKIPPED [1] tests/single/bundle/test_codehash.py:54: no self destruct. can't check code change..
SKIPPED [2] tests/single/reputation/test_reputation.py:61: skipped
FAILED tests/single/bundle/test_bundle.py::test_max_allowed_ops_unstaked_sender - AssertionError: assert [UserOperatio...702Auth=None)] == [UserOperatio...702Auth=None)]
  
  At index 0 diff: UserOperation(sender='0x7d7dd9686366676625D3E3D2ec5C4aAFCB36c224', nonce='0x30000000000000000', factory=None, factoryData=None, callData='0xa9e966b70000000000000000000000000000000000000000000000000000000000000001', callGasLimit='0x493e0', verificationGasLimit='0xf4240', preVerificationGas='0x61a80', maxFeePerGas='0xee6b2800', maxPriorityFeePerGas='0xb2d05e00', signature='0x', paymaster=None, paymasterData=None, paymasterVerificationGasLimit=None, paymasterPostOpGasLimit=None, eip7702Auth=None) != UserOperation(sender='0x7d7dd9686366676625D3E3D2ec5C4aAFCB36c224', nonce='0x0', factory=None, factoryData=None, callData='0xa9e966b70000000000000000000000000000000000000000000000000000000000000001', callGasLimit='0x493e0', verificationGasLimit='0xf4240', preVerificationGas='0x61a80', maxFeePerGas='0xee6b2800', maxPriorityFeePerGas='0xb2d05e00', signature='0x', paymaster=None, paymasterData=None, paymasterVerificationGasLimit=None, paymasterPostOpGasLimit=None, eip7702Auth=None)
  
  Full diff:
    [
  +     UserOperation(
  +         sender='0x7d7dd9686366676625D3E3D2ec5C4aAFCB36c224',
  +         nonce='0x30000000000000000',
  +         factory=None,
  +         factoryData=None,
  +         callData='0xa9e966b70000000000000000000000000000000000000000000000000000000000000001',
  +         callGasLimit='0x493e0',
  +         verificationGasLimit='0xf4240',
  +         preVerificationGas='0x61a80',
  +         maxFeePerGas='0xee6b2800',
  +         maxPriorityFeePerGas='0xb2d05e00',
  +         signature='0x',
  +         paymaster=None,
  +         paymasterData=None,
  +         paymasterVerificationGasLimit=None,
  +         paymasterPostOpGasLimit=None,
  +         eip7702Auth=None,
  +     ),
        UserOperation(
            sender='0x7d7dd9686366676625D3E3D2ec5C4aAFCB36c224',
            nonce='0x0',
            factory=None,
            factoryData=None,
            callData='0xa9e966b70000000000000000000000000000000000000000000000000000000000000001',
            callGasLimit='0x493e0',
            verificationGasLimit='0xf4240',
            preVerificationGas='0x61a80',
            maxFeePerGas='0xee6b2800',
            maxPriorityFeePerGas='0xb2d05e00',
            signature='0x',
            paymaster=None,
            paymasterData=None,
            paymasterVerificationGasLimit=None,
            paymasterPostOpGasLimit=None,
            eip7702Auth=None,
        ),
        UserOperation(
            sender='0x7d7dd9686366676625D3E3D2ec5C4aAFCB36c224',
            nonce='0x10000000000000000',
            factory=None,
            factoryData=None,
            callData='0xa9e966b70000000000000000000000000000000000000000000000000000000000000001',
            callGasLimit='0x493e0',
            verificationGasLimit='0xf4240',
            preVerificationGas='0x61a80',
            maxFeePerGas='0xee6b2800',
            maxPriorityFeePerGas='0xb2d05e00',
            signature='0x',
            paymaster=None,
            paymasterData=None,
            paymasterVerificationGasLimit=None,
            paymasterPostOpGasLimit=None,
            eip7702Auth=None,
        ),
        UserOperation(
            sender='0x7d7dd9686366676625D3E3D2ec5C4aAFCB36c224',
            nonce='0x20000000000000000',
            factory=None,
            factoryData=None,
            callData='0xa9e966b70000000000000000000000000000000000000000000000000000000000000001',
            callGasLimit='0x493e0',
            verificationGasLimit='0xf4240',
            preVerificationGas='0x61a80',
            maxFeePerGas='0xee6b2800',
            maxPriorityFeePerGas='0xb2d05e00',
            signature='0x',
            paymaster=None,
            paymasterData=None,
            paymasterVerificationGasLimit=None,
            paymasterPostOpGasLimit=None,
            eip7702Auth=None,
        ),
  -     UserOperation(
  -         sender='0x7d7dd9686366676625D3E3D2ec5C4aAFCB36c224',
  -         nonce='0x30000000000000000',
  -         factory=None,
  -         factoryData=None,
  -         callData='0xa9e966b70000000000000000000000000000000000000000000000000000000000000001',
  -         callGasLimit='0x493e0',
  -         verificationGasLimit='0xf4240',
  -         preVerificationGas='0x61a80',
  -         maxFeePerGas='0xee6b2800',
  -         maxPriorityFeePerGas='0xb2d05e00',
  -         signature='0x',
  -         paymaster=None,
  -         paymasterData=None,
  -         paymasterVerificationGasLimit=None,
  -         paymasterPostOpGasLimit=None,
  -         eip7702Auth=None,
  -     ),
    ]
FAILED tests/single/bundle/test_bundle.py::test_max_allowed_ops_staked_sender - AssertionError: assert [UserOperatio...702Auth=None)] == [UserOperatio...702Auth=None)]
  
  At index 0 diff: UserOperation(sender='0x646Af44C683dCF9B56Badd238d9DD676F3559AA3', nonce='0x30000000000000000', factory=None, factoryData=None, callData='0xa9e966b70000000000000000000000000000000000000000000000000000000000000001', callGasLimit='0x493e0', verificationGasLimit='0xf4240', preVerificationGas='0x61a80', maxFeePerGas='0xee6b2800', maxPriorityFeePerGas='0xb2d05e00', signature='0x', paymaster=None, paymasterData=None, paymasterVerificationGasLimit=None, paymasterPostOpGasLimit=None, eip7702Auth=None) != UserOperation(sender='0x646Af44C683dCF9B56Badd238d9DD676F3559AA3', nonce='0x10000000000000000', factory=None, factoryData=None, callData='0xa9e966b70000000000000000000000000000000000000000000000000000000000000001', callGasLimit='0x493e0', verificationGasLimit='0xf4240', preVerificationGas='0x61a80', maxFeePerGas='0xee6b2800', maxPriorityFeePerGas='0xb2d05e00', signature='0x', paymaster=None, paymasterData=None, paymasterVerificationGasLimit=None, paymasterPostOpGasLimit=None, eip7702Auth=None)
  
  Full diff:
    [
  +     UserOperation(
  +         sender='0x646Af44C683dCF9B56Badd238d9DD676F3559AA3',
  +         nonce='0x30000000000000000',
  +         factory=None,
  +         factoryData=None,
  +         callData='0xa9e966b70000000000000000000000000000000000000000000000000000000000000001',
  +         callGasLimit='0x493e0',
  +         verificationGasLimit='0xf4240',
  +         preVerificationGas='0x61a80',
  +         maxFeePerGas='0xee6b2800',
  +         maxPriorityFeePerGas='0xb2d05e00',
  +         signature='0x',
  +         paymaster=None,
  +         paymasterData=None,
  +         paymasterVerificationGasLimit=None,
  +         paymasterPostOpGasLimit=None,
  +         eip7702Auth=None,
  +     ),
        UserOperation(
            sender='0x646Af44C683dCF9B56Badd238d9DD676F3559AA3',
            nonce='0x10000000000000000',
            factory=None,
            factoryData=None,
            callData='0xa9e966b70000000000000000000000000000000000000000000000000000000000000001',
            callGasLimit='0x493e0',
            verificationGasLimit='0xf4240',
            preVerificationGas='0x61a80',
            maxFeePerGas='0xee6b2800',
            maxPriorityFeePerGas='0xb2d05e00',
            signature='0x',
            paymaster=None,
            paymasterData=None,
            paymasterVerificationGasLimit=None,
            paymasterPostOpGasLimit=None,
            eip7702Auth=None,
        ),
        UserOperation(
            sender='0x646Af44C683dCF9B56Badd238d9DD676F3559AA3',
            nonce='0x20000000000000000',
            factory=None,
            factoryData=None,
            callData='0xa9e966b70000000000000000000000000000000000000000000000000000000000000001',
            callGasLimit='0x493e0',
            verificationGasLimit='0xf4240',
            preVerificationGas='0x61a80',
            maxFeePerGas='0xee6b2800',
            maxPriorityFeePerGas='0xb2d05e00',
            signature='0x',
            paymaster=None,
            paymasterData=None,
            paymasterVerificationGasLimit=None,
            paymasterPostOpGasLimit=None,
            eip7702Auth=None,
        ),
  -     UserOperation(
  -         sender='0x646Af44C683dCF9B56Badd238d9DD676F3559AA3',
  -         nonce='0x30000000000000000',
  -         factory=None,
  -         factoryData=None,
  -         callData='0xa9e966b70000000000000000000000000000000000000000000000000000000000000001',
  -         callGasLimit='0x493e0',
  -         verificationGasLimit='0xf4240',
  -         preVerificationGas='0x61a80',
  -         maxFeePerGas='0xee6b2800',
  -         maxPriorityFeePerGas='0xb2d05e00',
  -         signature='0x',
  -         paymaster=None,
  -         paymasterData=None,
  -         paymasterVerificationGasLimit=None,
  -         paymasterPostOpGasLimit=None,
  -         eip7702Auth=None,
  -     ),
    ]
FAILED tests/single/bundle/test_storage_rules.py::test_rule[[STO-022]unstaked][paymaster][account_reference_storage_init_code][drop-] - AssertionError: assert -32000 == <RPCErrorCode.BANNED_OPCODE: -32502>
 +  where -32000 = Error(code=-32000, message='precheck failed: verificationGasLimit is 6000000 but must be at most 5000000', data=None, id=155).code
FAILED tests/single/bundle/test_storage_rules.py::test_rule[[STO-022]unstaked][paymaster][account_reference_storage_init_code][drop-CALL:>] - AssertionError: assert -32000 == <RPCErrorCode.BANNED_OPCODE: -32502>
 +  where -32000 = Error(code=-32000, message='precheck failed: verificationGasLimit is 6000000 but must be at most 5000000', data=None, id=157).code
FAILED tests/single/bundle/test_storage_rules.py::test_rule[[STO-022]unstaked][paymaster][account_reference_storage_init_code][drop-DELEGATECALL:>] - AssertionError: assert -32000 == <RPCErrorCode.BANNED_OPCODE: -32502>
 +  where -32000 = Error(code=-32000, message='precheck failed: verificationGasLimit is 6000000 but must be at most 5000000', data=None, id=159).code
FAILED tests/single/bundle/test_storage_rules.py::test_rule[[EREP-050]unstaked][paymaster][context][drop-] - AttributeError: 'Ok' object has no attribute 'message'
FAILED tests/single/bundle/test_storage_rules.py::test_rule[[EREP-050]unstaked][paymaster][context][drop-CALL:>] - AttributeError: 'Ok' object has no attribute 'message'
FAILED tests/single/bundle/test_storage_rules.py::test_rule[[EREP-050]unstaked][paymaster][context][drop-DELEGATECALL:>] - AttributeError: 'Ok' object has no attribute 'message'
FAILED tests/single/bundle/test_storage_rules.py::test_rule[[STO-022]staked][paymaster][account_reference_storage_init_code][ok-] - AttributeError: expected result object, got:
Error(code=-32000, message='precheck failed: verificationGasLimit is 6000000 but must be at most 5000000', data=None, id=239)
FAILED tests/single/bundle/test_storage_rules.py::test_rule[[STO-022]staked][paymaster][account_reference_storage_init_code][ok-CALL:>] - AttributeError: expected result object, got:
Error(code=-32000, message='precheck failed: verificationGasLimit is 6000000 but must be at most 5000000', data=None, id=241)
FAILED tests/single/bundle/test_storage_rules.py::test_rule[[STO-022]staked][paymaster][account_reference_storage_init_code][ok-DELEGATECALL:>] - AttributeError: expected result object, got:
Error(code=-32000, message='precheck failed: verificationGasLimit is 6000000 but must be at most 5000000', data=None, id=243)
FAILED tests/single/bundle/test_storage_rules.py::test_rule[[STO-022]unstaked][account][account_reference_storage_init_code][ok-] - AttributeError: expected result object, got:
Error(code=-32502, message='factory uses banned opcode: CREATE', data=None, id=485)
FAILED tests/single/bundle/test_storage_rules.py::test_rule[[STO-022]unstaked][account][account_reference_storage_init_code][ok-CALL:>] - AttributeError: expected result object, got:
Error(code=-32502, message='factory uses banned opcode: CREATE', data=None, id=487)
FAILED tests/single/bundle/test_storage_rules.py::test_rule[[STO-022]unstaked][account][account_reference_storage_init_code][ok-DELEGATECALL:>] - AttributeError: expected result object, got:
Error(code=-32502, message='factory uses banned opcode: CREATE', data=None, id=489)
FAILED tests/single/bundle/test_storage_rules.py::test_rule[[STO-022]unstaked][paymaster][account_reference_storage_init_code][ok-] - AttributeError: expected result object, got:
Error(code=-32000, message='precheck failed: verificationGasLimit is 6000000 but must be at most 5000000', data=None, id=491)
FAILED tests/single/bundle/test_storage_rules.py::test_rule[[STO-022]unstaked][paymaster][account_reference_storage_init_code][ok-CALL:>] - AttributeError: expected result object, got:
Error(code=-32000, message='precheck failed: verificationGasLimit is 6000000 but must be at most 5000000', data=None, id=493)
FAILED tests/single/bundle/test_storage_rules.py::test_rule[[STO-022]unstaked][paymaster][account_reference_storage_init_code][ok-DELEGATECALL:>] - AttributeError: expected result object, got:
Error(code=-32000, message='precheck failed: verificationGasLimit is 6000000 but must be at most 5000000', data=None, id=495)
FAILED tests/single/bundle/test_storage_rules.py::test_rule[[OP-053]unstaked][account][eth_value_transfer_entryPoint][ok-CALL:>] - AttributeError: expected result object, got:
Error(code=-32502, message='account called entry point method other than depositTo', data=None, id=583)
FAILED tests/single/bundle/test_storage_rules.py::test_rule[[OP-052]unstaked][account][eth_value_transfer_entryPoint_depositTo][ok-CALL:>] - AttributeError: expected result object, got:
Error(code=-32502, message='account called entry point method other than depositTo', data=None, id=589)
FAILED tests/single/eip7702/test_eip7702_tuple_userop.py::test_send_eip_7702_tx - AttributeError: expected result object, got:
Error(code=-32602, message='EIP 7702 is not supported is not supported', data=None, id=659)
FAILED tests/single/eip7702/test_eip7702_tuple_userop.py::test_send_eip_7702_tx_with_initcode - AttributeError: expected result object, got:
Error(code=-32602, message='Invalid params', data='data did not match any variant of untagged enum RpcUserOperation', id=661)
FAILED tests/single/eip7702/test_eip7702_tuple_userop.py::test_send_eip_7702_tx_with_flag_no_initcode - AttributeError: expected result object, got:
Error(code=-32602, message='Invalid params', data='data did not match any variant of untagged enum RpcUserOperation', id=663)
FAILED tests/single/eip7702/test_eip7702_tuple_userop.py::test_send_post_eip_7702_tx[0] - AttributeError: expected result object, got:
Error(code=-32602, message='EIP 7702 is not supported is not supported', data=None, id=665)
FAILED tests/single/eip7702/test_eip7702_tuple_userop.py::test_send_post_eip_7702_tx[1337] - AttributeError: expected result object, got:
Error(code=-32602, message='EIP 7702 is not supported is not supported', data=None, id=667)
FAILED tests/single/eip7702/test_eip7702_tuple_userop.py::test_send_bad_eip_7702_drop_userop - AssertionError: assert -32602 == <RPCErrorCode.REJECTED_BY_EP_OR_ACCOUNT: -32500>
 +  where -32602 = Error(code=-32602, message='EIP 7702 is not supported is not supported', data=None, id=669).code
FAILED tests/single/eip7702/test_eip7702_tuple_userop.py::test_send_nonsender_eip_7702_drop_userop - AssertionError: assert 'sender' in 'eip 7702 is not supported is not supported'
 +  where 'sender' = <built-in method lower of str object at 0x7fbb8ff306b0>()
 +    where <built-in method lower of str object at 0x7fbb8ff306b0> = 'sender'.lower
 +  and   'eip 7702 is not supported is not supported' = <built-in method lower of str object at 0x7fbb8db93930>()
 +    where <built-in method lower of str object at 0x7fbb8db93930> = 'EIP 7702 is not supported is not supported'.lower
 +      where 'EIP 7702 is not supported is not supported' = Error(code=-32602, message='EIP 7702 is not supported is not supported', data=None, id=671).message
FAILED tests/single/eip7702/test_eip7702_tuple_userop.py::test_send_wrongchain_eip_7702_drop_userop - AttributeError: expected result object, got:
Error(code=-32602, message='EIP 7702 is not supported is not supported', data=None, id=673)
FAILED tests/single/gas/test_eip_7623.py::test_normal_calldata - AttributeError: expected result object, got:
Error(code=-32000, message='precheck failed: preVerificationGas is 42000 but must be at least 43032', data=None, id=675)
FAILED tests/single/gas/test_eip_7623.py::test_huge_calldata_failed - AssertionError: assert -32000 == <RPCErrorCode.INVALID_FIELDS: -32602>
 +  where -32000 = Error(code=-32000, message='precheck failed: preVerificationGas is 42000 but must be at least 59136', data=None, id=677).code
FAILED tests/single/gas/test_eip_7623.py::test_huge_calldata_with_callgas - AssertionError: assert -32000 == <RPCErrorCode.INVALID_FIELDS: -32602>
 +  where -32000 = Error(code=-32000, message='precheck failed: preVerificationGas is 42000 but must be at least 59148', data=None, id=679).code
FAILED tests/single/gas/test_eip_7623.py::test_estimate_huge_calldata - AttributeError: expected result object, got:
Error(code=-32000, message='precheck failed: preVerificationGas is 42000 but must be at least 59160', data=None, id=682)
FAILED tests/single/opbanning/test_create.py::test_account_create_with_factory[factory=unstaked,op=CREATE,expect=ok,rule=OP-032] - AttributeError: expected result object, got:
Error(code=-32502, message='account uses banned opcode: CREATE', data=None, id=694)
FAILED tests/single/opbanning/test_create.py::test_account_create_with_factory[factory=staked,op=CREATE,expect=ok,rule=EREP-060] - AttributeError: expected result object, got:
Error(code=-32502, message='account uses banned opcode: CREATE', data=None, id=698)
FAILED tests/single/opbanning/test_create.py::test_account_create_with_factory[factory=staked,op=nested-CREATE2,expect=err,rule=EREP-060] - AssertionError: assert 'account uses banned opcode: create2' in 'account uses banned opcode: create'
 +  where 'account uses banned opcode: create2' = <built-in method lower of str object at 0x7fbb8db93b10>()
 +    where <built-in method lower of str object at 0x7fbb8db93b10> = 'account uses banned opcode: CREATE2'.lower
 +  and   'account uses banned opcode: create' = <built-in method lower of str object at 0x7fbb8db959b0>()
 +    where <built-in method lower of str object at 0x7fbb8db959b0> = 'account uses banned opcode: CREATE'.lower
 +      where 'account uses banned opcode: CREATE' = Error(code=-32502, message='account uses banned opcode: CREATE', data=None, id=702).message
FAILED tests/single/opbanning/test_create.py::test_account_create_with_factory[factory=staked,op=CREATE2,expect=ok,rule=EREP-060] - AttributeError: expected result object, got:
Error(code=-32502, message='account uses banned opcode: CREATE2', data=None, id=704)
FAILED tests/single/reputation/test_erep.py::test_paymaster_on_account_failure - ValueError: invalid literal for int() with base 16: 'ok'
FAILED tests/single/reputation/test_erep.py::test_staked_factory_on_account_failure - ValueError: invalid literal for int() with base 16: 'ok'
FAILED tests/single/reputation/test_erep.py::test_account_on_entity_failure[staked] - ValueError: invalid literal for int() with base 16: 'ok'
FAILED tests/single/reputation/test_erep.py::test_account_on_entity_failure[unstaked] - ValueError: invalid literal for int() with base 16: 'ok'
FAILED tests/single/rpc/test_eth_getUserOperationByHash.py::test_eth_getUserOperationByHash[] - AttributeError: 'Error' object has no attribute 'result'
FAILED tests/single/rpc/test_eth_getUserOperationByHash.py::test_eth_getUserOperationByHash_error - AssertionError: assert 'missing/invalid userophash' in 'invalid params'
 +  where 'missing/invalid userophash' = <built-in method lower of str object at 0x7fbb8e4145d0>()
 +    where <built-in method lower of str object at 0x7fbb8e4145d0> = 'Missing/invalid userOpHash'.lower
 +  and   'invalid params' = <built-in method lower of str object at 0x7fbb8da41ff0>()
 +    where <built-in method lower of str object at 0x7fbb8da41ff0> = 'Invalid params'.lower
 +      where 'Invalid params' = Error(code=-32602, message='Invalid params', data='invalid string length at line 1 column 2', id=1027).message
FAILED tests/single/rpc/test_eth_getUserOperationReceipt.py::test_eth_getUserOperationReceipt_error - AssertionError: assert 'missing/invalid userophash' in 'invalid params'
 +  where 'missing/invalid userophash' = <built-in method lower of str object at 0x7fbb8e414300>()
 +    where <built-in method lower of str object at 0x7fbb8e414300> = 'Missing/invalid userOpHash'.lower
 +  and   'invalid params' = <built-in method lower of str object at 0x7fbb8def1030>()
 +    where <built-in method lower of str object at 0x7fbb8def1030> = 'Invalid params'.lower
 +      where 'Invalid params' = Error(code=-32602, message='Invalid params', data='invalid string length at line 1 column 2', id=1033).message
FAILED tests/single/rpc/test_eth_sendUserOperation.py::test_eth_sendUserOperation[] - AssertionError: assert '0x30b701ee9e...5f5e36c4be6c8' == '0x4102261579...24b4a84e77b30'
  
  - 0x4102261579b8334cd54a8c2b1495c3f145bcc6061fbfef4e0ff24b4a84e77b30
  + 0x30b701ee9e4c10e349c5198147801b9670be79219a50b097ec45f5e36c4be6c8
FAILED tests/single/rpc/test_eth_sendUserOperation.py::test_eth_sendUserOperation_revert - AttributeError: expected result object, got:
Error(code=-32603, message='no ops to send', data=None, id=1039)
====== 44 failed, 429 passed, 13 skipped, 1 warning in 234.04s (0:03:54) =======
Tue Jun  3 07:39:15 UTC 2025: done bundler /home/runner/work/bundler-test-executor/bundler-test-executor/bundlers/rundler/rundler.yml, name=rundler
CONTAINER                                REPOSITORY                                    TAG                 IMAGE ID            SIZE
bundler-test-executor-bundler-1          alchemyplatform/rundler                       latest              30d36e64e0af        128MB
bundler-test-executor-bundler-waiter-1   ghcr.io/foundry-rs/foundry                    v1.0.0              480a101e6485        368MB
bundler-test-executor-deployer-1         accountabstraction/deployer                   0.8                 dbad71b34f74        229MB
bundler-test-executor-funder-1           bundler-test-executor-funder                  latest              d8a492ac51bd        211MB
geth-1.15                                accountabstraction/geth-with-erc7562-tracer   latest              1adae6b728da        53.5MB
