<?xml version="1.0" encoding="utf-8"?><testsuites><testsuite name="rundler" errors="0" failures="44" skipped="13" tests="486" time="233.965" timestamp="2025-06-03T07:35:21.609999+00:00" hostname="pkrvmf6wy0o8zjz"><testcase classname="" name="tests.single.gas.test_pre_verification_gas_calculation" time="0.000"><skipped message="collection skipped">('/home/runner/work/bundler-test-executor/bundler-test-executor/bundler-spec-tests/tests/single/gas/test_pre_verification_gas_calculation.py', 15, 'Skipped: Slow and requires fixing')</skipped></testcase><testcase classname="tests.single.bundle.test_bundle" name="test_bundle_replace_op[only_priority_fee_bump]" time="0.243" /><testcase classname="tests.single.bundle.test_bundle" name="test_bundle_replace_op[only_max_fee_bump]" time="0.172" /><testcase classname="tests.single.bundle.test_bundle" name="test_bundle_replace_op[with_same_fee]" time="0.151" /><testcase classname="tests.single.bundle.test_bundle" name="test_bundle_replace_op[with_less_fee]" time="0.154" /><testcase classname="tests.single.bundle.test_bundle" name="test_bundle_replace_op[fee_bump_below_threshold]" time="0.153" /><testcase classname="tests.single.bundle.test_bundle" name="test_bundle_replace_op[fee_bump_at_threshold]" time="0.254" /><testcase classname="tests.single.bundle.test_bundle" name="test_bundle_replace_op[fee_bump_above_threshold]" time="0.257" /><testcase classname="tests.single.bundle.test_bundle" name="test_mempool_reputation_rules_all_entities[GREP-010-banned-entity-not-allowed-banned-sender]" time="0.000"><skipped type="pytest.skip" message="skipped">/home/runner/work/bundler-test-executor/bundler-test-executor/bundler-spec-tests/tests/single/bundle/test_bundle.py:123: skipped</skipped><system-out>--------------------------------- Captured Log ---------------------------------

--------------------------------- Captured Out ---------------------------------

</system-out><system-err>--------------------------------- Captured Err ---------------------------------

</system-err></testcase><testcase classname="tests.single.bundle.test_bundle" name="test_mempool_reputation_rules_all_entities[GREP-010-banned-entity-not-allowed-banned-paymaster]" time="0.000"><skipped type="pytest.skip" message="skipped">/home/runner/work/bundler-test-executor/bundler-test-executor/bundler-spec-tests/tests/single/bundle/test_bundle.py:123: skipped</skipped><system-out>--------------------------------- Captured Log ---------------------------------

--------------------------------- Captured Out ---------------------------------

</system-out><system-err>--------------------------------- Captured Err ---------------------------------

</system-err></testcase><testcase classname="tests.single.bundle.test_bundle" name="test_mempool_reputation_rules_all_entities[GREP-010-banned-entity-not-allowed-banned-factory]" time="0.000"><skipped type="pytest.skip" message="skipped">/home/runner/work/bundler-test-executor/bundler-test-executor/bundler-spec-tests/tests/single/bundle/test_bundle.py:123: skipped</skipped><system-out>--------------------------------- Captured Log ---------------------------------

--------------------------------- Captured Out ---------------------------------

</system-out><system-err>--------------------------------- Captured Err ---------------------------------

</system-err></testcase><testcase classname="tests.single.bundle.test_bundle" name="test_mempool_reputation_rules_all_entities[GREP-020-throttled-entity-allowed-limited-count-throttled-sender]" time="0.000"><skipped type="pytest.skip" message="skipped">/home/runner/work/bundler-test-executor/bundler-test-executor/bundler-spec-tests/tests/single/bundle/test_bundle.py:123: skipped</skipped><system-out>--------------------------------- Captured Log ---------------------------------

--------------------------------- Captured Out ---------------------------------

</system-out><system-err>--------------------------------- Captured Err ---------------------------------

</system-err></testcase><testcase classname="tests.single.bundle.test_bundle" name="test_mempool_reputation_rules_all_entities[GREP-020-throttled-entity-allowed-limited-count-throttled-paymaster]" time="0.000"><skipped type="pytest.skip" message="skipped">/home/runner/work/bundler-test-executor/bundler-test-executor/bundler-spec-tests/tests/single/bundle/test_bundle.py:123: skipped</skipped><system-out>--------------------------------- Captured Log ---------------------------------

--------------------------------- Captured Out ---------------------------------

</system-out><system-err>--------------------------------- Captured Err ---------------------------------

</system-err></testcase><testcase classname="tests.single.bundle.test_bundle" name="test_mempool_reputation_rules_all_entities[GREP-020-throttled-entity-allowed-limited-count-throttled-factory]" time="0.000"><skipped type="pytest.skip" message="skipped">/home/runner/work/bundler-test-executor/bundler-test-executor/bundler-spec-tests/tests/single/bundle/test_bundle.py:123: skipped</skipped><system-out>--------------------------------- Captured Log ---------------------------------

--------------------------------- Captured Out ---------------------------------

</system-out><system-err>--------------------------------- Captured Err ---------------------------------

</system-err></testcase><testcase classname="tests.single.bundle.test_bundle" name="test_mempool_reputation_rules_all_entities[UREP-010 UREP-020-unstaked-entity-allowed-function-unstaked-sender]" time="0.000"><skipped type="pytest.skip" message="skipped">/home/runner/work/bundler-test-executor/bundler-test-executor/bundler-spec-tests/tests/single/bundle/test_bundle.py:123: skipped</skipped><system-out>--------------------------------- Captured Log ---------------------------------

--------------------------------- Captured Out ---------------------------------

</system-out><system-err>--------------------------------- Captured Err ---------------------------------

</system-err></testcase><testcase classname="tests.single.bundle.test_bundle" name="test_mempool_reputation_rules_all_entities[UREP-010 UREP-020-unstaked-entity-allowed-function-unstaked-paymaster]" time="0.000"><skipped type="pytest.skip" message="skipped">/home/runner/work/bundler-test-executor/bundler-test-executor/bundler-spec-tests/tests/single/bundle/test_bundle.py:123: skipped</skipped><system-out>--------------------------------- Captured Log ---------------------------------

--------------------------------- Captured Out ---------------------------------

</system-out><system-err>--------------------------------- Captured Err ---------------------------------

</system-err></testcase><testcase classname="tests.single.bundle.test_bundle" name="test_mempool_reputation_rules_all_entities[UREP-010 UREP-020-unstaked-entity-allowed-function-unstaked-factory]" time="0.000"><skipped type="pytest.skip" message="skipped">/home/runner/work/bundler-test-executor/bundler-test-executor/bundler-spec-tests/tests/single/bundle/test_bundle.py:123: skipped</skipped><system-out>--------------------------------- Captured Log ---------------------------------

--------------------------------- Captured Out ---------------------------------

</system-out><system-err>--------------------------------- Captured Err ---------------------------------

</system-err></testcase><testcase classname="tests.single.bundle.test_bundle" name="test_max_allowed_ops_unstaked_sender" time="0.543"><failure message="AssertionError: assert [UserOperatio...702Auth=None)] == [UserOperatio...702Auth=None)]&#10;  &#10;  At index 0 diff: UserOperation(sender='0x7d7dd9686366676625D3E3D2ec5C4aAFCB36c224', nonce='0x30000000000000000', factory=None, factoryData=None, callData='0xa9e966b70000000000000000000000000000000000000000000000000000000000000001', callGasLimit='0x493e0', verificationGasLimit='0xf4240', preVerificationGas='0x61a80', maxFeePerGas='0xee6b2800', maxPriorityFeePerGas='0xb2d05e00', signature='0x', paymaster=None, paymasterData=None, paymasterVerificationGasLimit=None, paymasterPostOpGasLimit=None, eip7702Auth=None) != UserOperation(sender='0x7d7dd9686366676625D3E3D2ec5C4aAFCB36c224', nonce='0x0', factory=None, factoryData=None, callData='0xa9e966b70000000000000000000000000000000000000000000000000000000000000001', callGasLimit='0x493e0', verificationGasLimit='0xf4240', preVerificationGas='0x61a80', maxFeePerGas='0xee6b2800', maxPriorityFeePerGas='0xb2d05e00', signature='0x', paymaster=None, paymasterData=None, paymasterVerificationGasLimit=None, paymasterPostOpGasLimit=None, eip7702Auth=None)&#10;  &#10;  Full diff:&#10;    [&#10;  +     UserOperation(&#10;  +         sender='0x7d7dd9686366676625D3E3D2ec5C4aAFCB36c224',&#10;  +         nonce='0x30000000000000000',&#10;  +         factory=None,&#10;  +         factoryData=None,&#10;  +         callData='0xa9e966b70000000000000000000000000000000000000000000000000000000000000001',&#10;  +         callGasLimit='0x493e0',&#10;  +         verificationGasLimit='0xf4240',&#10;  +         preVerificationGas='0x61a80',&#10;  +         maxFeePerGas='0xee6b2800',&#10;  +         maxPriorityFeePerGas='0xb2d05e00',&#10;  +         signature='0x',&#10;  +         paymaster=None,&#10;  +         paymasterData=None,&#10;  +         paymasterVerificationGasLimit=None,&#10;  +         paymasterPostOpGasLimit=None,&#10;  +         eip7702Auth=None,&#10;  +     ),&#10;        UserOperation(&#10;            sender='0x7d7dd9686366676625D3E3D2ec5C4aAFCB36c224',&#10;            nonce='0x0',&#10;            factory=None,&#10;            factoryData=None,&#10;            callData='0xa9e966b70000000000000000000000000000000000000000000000000000000000000001',&#10;            callGasLimit='0x493e0',&#10;            verificationGasLimit='0xf4240',&#10;            preVerificationGas='0x61a80',&#10;            maxFeePerGas='0xee6b2800',&#10;            maxPriorityFeePerGas='0xb2d05e00',&#10;            signature='0x',&#10;            paymaster=None,&#10;            paymasterData=None,&#10;            paymasterVerificationGasLimit=None,&#10;            paymasterPostOpGasLimit=None,&#10;            eip7702Auth=None,&#10;        ),&#10;        UserOperation(&#10;            sender='0x7d7dd9686366676625D3E3D2ec5C4aAFCB36c224',&#10;            nonce='0x10000000000000000',&#10;            factory=None,&#10;            factoryData=None,&#10;            callData='0xa9e966b70000000000000000000000000000000000000000000000000000000000000001',&#10;            callGasLimit='0x493e0',&#10;            verificationGasLimit='0xf4240',&#10;            preVerificationGas='0x61a80',&#10;            maxFeePerGas='0xee6b2800',&#10;            maxPriorityFeePerGas='0xb2d05e00',&#10;            signature='0x',&#10;            paymaster=None,&#10;            paymasterData=None,&#10;            paymasterVerificationGasLimit=None,&#10;            paymasterPostOpGasLimit=None,&#10;            eip7702Auth=None,&#10;        ),&#10;        UserOperation(&#10;            sender='0x7d7dd9686366676625D3E3D2ec5C4aAFCB36c224',&#10;            nonce='0x20000000000000000',&#10;            factory=None,&#10;            factoryData=None,&#10;            callData='0xa9e966b70000000000000000000000000000000000000000000000000000000000000001',&#10;            callGasLimit='0x493e0',&#10;            verificationGasLimit='0xf4240',&#10;            preVerificationGas='0x61a80',&#10;            maxFeePerGas='0xee6b2800',&#10;            maxPriorityFeePerGas='0xb2d05e00',&#10;            signature='0x',&#10;            paymaster=None,&#10;            paymasterData=None,&#10;            paymasterVerificationGasLimit=None,&#10;            paymasterPostOpGasLimit=None,&#10;            eip7702Auth=None,&#10;        ),&#10;  -     UserOperation(&#10;  -         sender='0x7d7dd9686366676625D3E3D2ec5C4aAFCB36c224',&#10;  -         nonce='0x30000000000000000',&#10;  -         factory=None,&#10;  -         factoryData=None,&#10;  -         callData='0xa9e966b70000000000000000000000000000000000000000000000000000000000000001',&#10;  -         callGasLimit='0x493e0',&#10;  -         verificationGasLimit='0xf4240',&#10;  -         preVerificationGas='0x61a80',&#10;  -         maxFeePerGas='0xee6b2800',&#10;  -         maxPriorityFeePerGas='0xb2d05e00',&#10;  -         signature='0x',&#10;  -         paymaster=None,&#10;  -         paymasterData=None,&#10;  -         paymasterVerificationGasLimit=None,&#10;  -         paymasterPostOpGasLimit=None,&#10;  -         eip7702Auth=None,&#10;  -     ),&#10;    ]">tests/single/bundle/test_bundle.py:257: in test_max_allowed_ops_unstaked_sender
    assert dump_mempool() == wallet_ops[: i + 1]
E   AssertionError: assert [UserOperatio...702Auth=None)] == [UserOperatio...702Auth=None)]
E     
E     At index 0 diff: UserOperation(sender='0x7d7dd9686366676625D3E3D2ec5C4aAFCB36c224', nonce='0x30000000000000000', factory=None, factoryData=None, callData='0xa9e966b70000000000000000000000000000000000000000000000000000000000000001', callGasLimit='0x493e0', verificationGasLimit='0xf4240', preVerificationGas='0x61a80', maxFeePerGas='0xee6b2800', maxPriorityFeePerGas='0xb2d05e00', signature='0x', paymaster=None, paymasterData=None, paymasterVerificationGasLimit=None, paymasterPostOpGasLimit=None, eip7702Auth=None) != UserOperation(sender='0x7d7dd9686366676625D3E3D2ec5C4aAFCB36c224', nonce='0x0', factory=None, factoryData=None, callData='0xa9e966b70000000000000000000000000000000000000000000000000000000000000001', callGasLimit='0x493e0', verificationGasLimit='0xf4240', preVerificationGas='0x61a80', maxFeePerGas='0xee6b2800', maxPriorityFeePerGas='0xb2d05e00', signature='0x', paymaster=None, paymasterData=None, paymasterVerificationGasLimit=None, paymasterPostOpGasLimit=None, eip7702Auth=None)
E     
E     Full diff:
E       [
E     +     UserOperation(
E     +         sender='0x7d7dd9686366676625D3E3D2ec5C4aAFCB36c224',
E     +         nonce='0x30000000000000000',
E     +         factory=None,
E     +         factoryData=None,
E     +         callData='0xa9e966b70000000000000000000000000000000000000000000000000000000000000001',
E     +         callGasLimit='0x493e0',
E     +         verificationGasLimit='0xf4240',
E     +         preVerificationGas='0x61a80',
E     +         maxFeePerGas='0xee6b2800',
E     +         maxPriorityFeePerGas='0xb2d05e00',
E     +         signature='0x',
E     +         paymaster=None,
E     +         paymasterData=None,
E     +         paymasterVerificationGasLimit=None,
E     +         paymasterPostOpGasLimit=None,
E     +         eip7702Auth=None,
E     +     ),
E           UserOperation(
E               sender='0x7d7dd9686366676625D3E3D2ec5C4aAFCB36c224',
E               nonce='0x0',
E               factory=None,
E               factoryData=None,
E               callData='0xa9e966b70000000000000000000000000000000000000000000000000000000000000001',
E               callGasLimit='0x493e0',
E               verificationGasLimit='0xf4240',
E               preVerificationGas='0x61a80',
E               maxFeePerGas='0xee6b2800',
E               maxPriorityFeePerGas='0xb2d05e00',
E               signature='0x',
E               paymaster=None,
E               paymasterData=None,
E               paymasterVerificationGasLimit=None,
E               paymasterPostOpGasLimit=None,
E               eip7702Auth=None,
E           ),
E           UserOperation(
E               sender='0x7d7dd9686366676625D3E3D2ec5C4aAFCB36c224',
E               nonce='0x10000000000000000',
E               factory=None,
E               factoryData=None,
E               callData='0xa9e966b70000000000000000000000000000000000000000000000000000000000000001',
E               callGasLimit='0x493e0',
E               verificationGasLimit='0xf4240',
E               preVerificationGas='0x61a80',
E               maxFeePerGas='0xee6b2800',
E               maxPriorityFeePerGas='0xb2d05e00',
E               signature='0x',
E               paymaster=None,
E               paymasterData=None,
E               paymasterVerificationGasLimit=None,
E               paymasterPostOpGasLimit=None,
E               eip7702Auth=None,
E           ),
E           UserOperation(
E               sender='0x7d7dd9686366676625D3E3D2ec5C4aAFCB36c224',
E               nonce='0x20000000000000000',
E               factory=None,
E               factoryData=None,
E               callData='0xa9e966b70000000000000000000000000000000000000000000000000000000000000001',
E               callGasLimit='0x493e0',
E               verificationGasLimit='0xf4240',
E               preVerificationGas='0x61a80',
E               maxFeePerGas='0xee6b2800',
E               maxPriorityFeePerGas='0xb2d05e00',
E               signature='0x',
E               paymaster=None,
E               paymasterData=None,
E               paymasterVerificationGasLimit=None,
E               paymasterPostOpGasLimit=None,
E               eip7702Auth=None,
E           ),
E     -     UserOperation(
E     -         sender='0x7d7dd9686366676625D3E3D2ec5C4aAFCB36c224',
E     -         nonce='0x30000000000000000',
E     -         factory=None,
E     -         factoryData=None,
E     -         callData='0xa9e966b70000000000000000000000000000000000000000000000000000000000000001',
E     -         callGasLimit='0x493e0',
E     -         verificationGasLimit='0xf4240',
E     -         preVerificationGas='0x61a80',
E     -         maxFeePerGas='0xee6b2800',
E     -         maxPriorityFeePerGas='0xb2d05e00',
E     -         signature='0x',
E     -         paymaster=None,
E     -         paymasterData=None,
E     -         paymasterVerificationGasLimit=None,
E     -         paymasterPostOpGasLimit=None,
E     -         eip7702Auth=None,
E     -     ),
E       ]</failure><system-out>--------------------------------- Captured Log ---------------------------------

--------------------------------- Captured Out ---------------------------------

</system-out><system-err>--------------------------------- Captured Err ---------------------------------

</system-err></testcase><testcase classname="tests.single.bundle.test_bundle" name="test_max_allowed_ops_staked_sender" time="0.420"><failure message="AssertionError: assert [UserOperatio...702Auth=None)] == [UserOperatio...702Auth=None)]&#10;  &#10;  At index 0 diff: UserOperation(sender='0x646Af44C683dCF9B56Badd238d9DD676F3559AA3', nonce='0x30000000000000000', factory=None, factoryData=None, callData='0xa9e966b70000000000000000000000000000000000000000000000000000000000000001', callGasLimit='0x493e0', verificationGasLimit='0xf4240', preVerificationGas='0x61a80', maxFeePerGas='0xee6b2800', maxPriorityFeePerGas='0xb2d05e00', signature='0x', paymaster=None, paymasterData=None, paymasterVerificationGasLimit=None, paymasterPostOpGasLimit=None, eip7702Auth=None) != UserOperation(sender='0x646Af44C683dCF9B56Badd238d9DD676F3559AA3', nonce='0x10000000000000000', factory=None, factoryData=None, callData='0xa9e966b70000000000000000000000000000000000000000000000000000000000000001', callGasLimit='0x493e0', verificationGasLimit='0xf4240', preVerificationGas='0x61a80', maxFeePerGas='0xee6b2800', maxPriorityFeePerGas='0xb2d05e00', signature='0x', paymaster=None, paymasterData=None, paymasterVerificationGasLimit=None, paymasterPostOpGasLimit=None, eip7702Auth=None)&#10;  &#10;  Full diff:&#10;    [&#10;  +     UserOperation(&#10;  +         sender='0x646Af44C683dCF9B56Badd238d9DD676F3559AA3',&#10;  +         nonce='0x30000000000000000',&#10;  +         factory=None,&#10;  +         factoryData=None,&#10;  +         callData='0xa9e966b70000000000000000000000000000000000000000000000000000000000000001',&#10;  +         callGasLimit='0x493e0',&#10;  +         verificationGasLimit='0xf4240',&#10;  +         preVerificationGas='0x61a80',&#10;  +         maxFeePerGas='0xee6b2800',&#10;  +         maxPriorityFeePerGas='0xb2d05e00',&#10;  +         signature='0x',&#10;  +         paymaster=None,&#10;  +         paymasterData=None,&#10;  +         paymasterVerificationGasLimit=None,&#10;  +         paymasterPostOpGasLimit=None,&#10;  +         eip7702Auth=None,&#10;  +     ),&#10;        UserOperation(&#10;            sender='0x646Af44C683dCF9B56Badd238d9DD676F3559AA3',&#10;            nonce='0x10000000000000000',&#10;            factory=None,&#10;            factoryData=None,&#10;            callData='0xa9e966b70000000000000000000000000000000000000000000000000000000000000001',&#10;            callGasLimit='0x493e0',&#10;            verificationGasLimit='0xf4240',&#10;            preVerificationGas='0x61a80',&#10;            maxFeePerGas='0xee6b2800',&#10;            maxPriorityFeePerGas='0xb2d05e00',&#10;            signature='0x',&#10;            paymaster=None,&#10;            paymasterData=None,&#10;            paymasterVerificationGasLimit=None,&#10;            paymasterPostOpGasLimit=None,&#10;            eip7702Auth=None,&#10;        ),&#10;        UserOperation(&#10;            sender='0x646Af44C683dCF9B56Badd238d9DD676F3559AA3',&#10;            nonce='0x20000000000000000',&#10;            factory=None,&#10;            factoryData=None,&#10;            callData='0xa9e966b70000000000000000000000000000000000000000000000000000000000000001',&#10;            callGasLimit='0x493e0',&#10;            verificationGasLimit='0xf4240',&#10;            preVerificationGas='0x61a80',&#10;            maxFeePerGas='0xee6b2800',&#10;            maxPriorityFeePerGas='0xb2d05e00',&#10;            signature='0x',&#10;            paymaster=None,&#10;            paymasterData=None,&#10;            paymasterVerificationGasLimit=None,&#10;            paymasterPostOpGasLimit=None,&#10;            eip7702Auth=None,&#10;        ),&#10;  -     UserOperation(&#10;  -         sender='0x646Af44C683dCF9B56Badd238d9DD676F3559AA3',&#10;  -         nonce='0x30000000000000000',&#10;  -         factory=None,&#10;  -         factoryData=None,&#10;  -         callData='0xa9e966b70000000000000000000000000000000000000000000000000000000000000001',&#10;  -         callGasLimit='0x493e0',&#10;  -         verificationGasLimit='0xf4240',&#10;  -         preVerificationGas='0x61a80',&#10;  -         maxFeePerGas='0xee6b2800',&#10;  -         maxPriorityFeePerGas='0xb2d05e00',&#10;  -         signature='0x',&#10;  -         paymaster=None,&#10;  -         paymasterData=None,&#10;  -         paymasterVerificationGasLimit=None,&#10;  -         paymasterPostOpGasLimit=None,&#10;  -         eip7702Auth=None,&#10;  -     ),&#10;    ]">tests/single/bundle/test_bundle.py:282: in test_max_allowed_ops_staked_sender
    assert dump_mempool() == wallet_ops[: i + 1]
E   AssertionError: assert [UserOperatio...702Auth=None)] == [UserOperatio...702Auth=None)]
E     
E     At index 0 diff: UserOperation(sender='0x646Af44C683dCF9B56Badd238d9DD676F3559AA3', nonce='0x30000000000000000', factory=None, factoryData=None, callData='0xa9e966b70000000000000000000000000000000000000000000000000000000000000001', callGasLimit='0x493e0', verificationGasLimit='0xf4240', preVerificationGas='0x61a80', maxFeePerGas='0xee6b2800', maxPriorityFeePerGas='0xb2d05e00', signature='0x', paymaster=None, paymasterData=None, paymasterVerificationGasLimit=None, paymasterPostOpGasLimit=None, eip7702Auth=None) != UserOperation(sender='0x646Af44C683dCF9B56Badd238d9DD676F3559AA3', nonce='0x10000000000000000', factory=None, factoryData=None, callData='0xa9e966b70000000000000000000000000000000000000000000000000000000000000001', callGasLimit='0x493e0', verificationGasLimit='0xf4240', preVerificationGas='0x61a80', maxFeePerGas='0xee6b2800', maxPriorityFeePerGas='0xb2d05e00', signature='0x', paymaster=None, paymasterData=None, paymasterVerificationGasLimit=None, paymasterPostOpGasLimit=None, eip7702Auth=None)
E     
E     Full diff:
E       [
E     +     UserOperation(
E     +         sender='0x646Af44C683dCF9B56Badd238d9DD676F3559AA3',
E     +         nonce='0x30000000000000000',
E     +         factory=None,
E     +         factoryData=None,
E     +         callData='0xa9e966b70000000000000000000000000000000000000000000000000000000000000001',
E     +         callGasLimit='0x493e0',
E     +         verificationGasLimit='0xf4240',
E     +         preVerificationGas='0x61a80',
E     +         maxFeePerGas='0xee6b2800',
E     +         maxPriorityFeePerGas='0xb2d05e00',
E     +         signature='0x',
E     +         paymaster=None,
E     +         paymasterData=None,
E     +         paymasterVerificationGasLimit=None,
E     +         paymasterPostOpGasLimit=None,
E     +         eip7702Auth=None,
E     +     ),
E           UserOperation(
E               sender='0x646Af44C683dCF9B56Badd238d9DD676F3559AA3',
E               nonce='0x10000000000000000',
E               factory=None,
E               factoryData=None,
E               callData='0xa9e966b70000000000000000000000000000000000000000000000000000000000000001',
E               callGasLimit='0x493e0',
E               verificationGasLimit='0xf4240',
E               preVerificationGas='0x61a80',
E               maxFeePerGas='0xee6b2800',
E               maxPriorityFeePerGas='0xb2d05e00',
E               signature='0x',
E               paymaster=None,
E               paymasterData=None,
E               paymasterVerificationGasLimit=None,
E               paymasterPostOpGasLimit=None,
E               eip7702Auth=None,
E           ),
E           UserOperation(
E               sender='0x646Af44C683dCF9B56Badd238d9DD676F3559AA3',
E               nonce='0x20000000000000000',
E               factory=None,
E               factoryData=None,
E               callData='0xa9e966b70000000000000000000000000000000000000000000000000000000000000001',
E               callGasLimit='0x493e0',
E               verificationGasLimit='0xf4240',
E               preVerificationGas='0x61a80',
E               maxFeePerGas='0xee6b2800',
E               maxPriorityFeePerGas='0xb2d05e00',
E               signature='0x',
E               paymaster=None,
E               paymasterData=None,
E               paymasterVerificationGasLimit=None,
E               paymasterPostOpGasLimit=None,
E               eip7702Auth=None,
E           ),
E     -     UserOperation(
E     -         sender='0x646Af44C683dCF9B56Badd238d9DD676F3559AA3',
E     -         nonce='0x30000000000000000',
E     -         factory=None,
E     -         factoryData=None,
E     -         callData='0xa9e966b70000000000000000000000000000000000000000000000000000000000000001',
E     -         callGasLimit='0x493e0',
E     -         verificationGasLimit='0xf4240',
E     -         preVerificationGas='0x61a80',
E     -         maxFeePerGas='0xee6b2800',
E     -         maxPriorityFeePerGas='0xb2d05e00',
E     -         signature='0x',
E     -         paymaster=None,
E     -         paymasterData=None,
E     -         paymasterVerificationGasLimit=None,
E     -         paymasterPostOpGasLimit=None,
E     -         eip7702Auth=None,
E     -     ),
E       ]</failure><system-out>--------------------------------- Captured Log ---------------------------------

--------------------------------- Captured Out ---------------------------------

</system-out><system-err>--------------------------------- Captured Err ---------------------------------

</system-err></testcase><testcase classname="tests.single.bundle.test_bundle" name="test_ban_user_op_access_other_ops_sender_in_bundle" time="0.621" /><testcase classname="tests.single.bundle.test_bundle" name="test_ban_user_sender_double_role_in_bundle" time="0.376" /><testcase classname="tests.single.bundle.test_bundle" name="test_stake_check_in_bundler" time="0.528" /><testcase classname="tests.single.bundle.test_codehash" name="test_codehash_changed" time="0.223"><skipped type="pytest.skip" message="no self destruct. can't check code change..">/home/runner/work/bundler-test-executor/bundler-test-executor/bundler-spec-tests/tests/single/bundle/test_codehash.py:54: no self destruct. can't check code change..</skipped><system-out>--------------------------------- Captured Log ---------------------------------

--------------------------------- Captured Out ---------------------------------

</system-out><system-err>--------------------------------- Captured Err ---------------------------------

</system-err></testcase><testcase classname="tests.single.bundle.test_paymaster" name="test_paymaster_deposit" time="0.483" /><testcase classname="tests.single.bundle.test_storage_rules" name="test_rule[[STO-000]unstaked][paymaster][no_storage][ok-]" time="0.349" /><testcase classname="tests.single.bundle.test_storage_rules" name="test_rule[[STO-000]unstaked][paymaster][no_storage][ok-CALL:&gt;]" time="0.550" /><testcase classname="tests.single.bundle.test_storage_rules" name="test_rule[[STO-000]unstaked][paymaster][no_storage][ok-DELEGATECALL:&gt;]" time="0.630" /><testcase classname="tests.single.bundle.test_storage_rules" name="test_rule[[STO-031]unstaked][paymaster][storage_read][drop-]" time="0.367" /><testcase classname="tests.single.bundle.test_storage_rules" name="test_rule[[STO-031]unstaked][paymaster][storage_read][drop-CALL:&gt;]" time="0.588" /><testcase classname="tests.single.bundle.test_storage_rules" name="test_rule[[STO-031]unstaked][paymaster][storage_read][drop-DELEGATECALL:&gt;]" time="0.685" /><testcase classname="tests.single.bundle.test_storage_rules" name="test_rule[[STO-031]unstaked][paymaster][storage_write][drop-]" time="0.388" /><testcase classname="tests.single.bundle.test_storage_rules" name="test_rule[[STO-031]unstaked][paymaster][storage_write][drop-CALL:&gt;]" time="0.615" /><testcase classname="tests.single.bundle.test_storage_rules" name="test_rule[[STO-031]unstaked][paymaster][storage_write][drop-DELEGATECALL:&gt;]" time="0.673" /><testcase classname="tests.single.bundle.test_storage_rules" name="test_rule[[OP-070(STO-031)]unstaked][paymaster][transient_storage_tstore][drop-]" time="0.519" /><testcase classname="tests.single.bundle.test_storage_rules" name="test_rule[[OP-070(STO-031)]unstaked][paymaster][transient_storage_tstore][drop-CALL:&gt;]" time="0.742" /><testcase classname="tests.single.bundle.test_storage_rules" name="test_rule[[OP-070(STO-031)]unstaked][paymaster][transient_storage_tstore][drop-DELEGATECALL:&gt;]" time="0.807" /><testcase classname="tests.single.bundle.test_storage_rules" name="test_rule[[OP-070(STO-031)]unstaked][paymaster][transient_storage_tload][drop-]" time="0.479" /><testcase classname="tests.single.bundle.test_storage_rules" name="test_rule[[OP-070(STO-031)]unstaked][paymaster][transient_storage_tload][drop-CALL:&gt;]" time="0.717" /><testcase classname="tests.single.bundle.test_storage_rules" name="test_rule[[OP-070(STO-031)]unstaked][paymaster][transient_storage_tload][drop-DELEGATECALL:&gt;]" time="0.794" /><testcase classname="tests.single.bundle.test_storage_rules" name="test_rule[[STO-032]unstaked][paymaster][paymaster_reference_storage][drop-]" time="0.503" /><testcase classname="tests.single.bundle.test_storage_rules" name="test_rule[[STO-032]unstaked][paymaster][paymaster_reference_storage][drop-CALL:&gt;]" time="0.746" /><testcase classname="tests.single.bundle.test_storage_rules" name="test_rule[[STO-032]unstaked][paymaster][paymaster_reference_storage][drop-DELEGATECALL:&gt;]" time="0.828" /><testcase classname="tests.single.bundle.test_storage_rules" name="test_rule[[STO-032]unstaked][paymaster][paymaster_reference_storage_struct][drop-]" time="0.562" /><testcase classname="tests.single.bundle.test_storage_rules" name="test_rule[[STO-032]unstaked][paymaster][paymaster_reference_storage_struct][drop-CALL:&gt;]" time="0.829" /><testcase classname="tests.single.bundle.test_storage_rules" name="test_rule[[STO-032]unstaked][paymaster][paymaster_reference_storage_struct][drop-DELEGATECALL:&gt;]" time="0.903" /><testcase classname="tests.single.bundle.test_storage_rules" name="test_rule[[STO-010]unstaked][paymaster][account_storage][ok-]" time="0.404" /><testcase classname="tests.single.bundle.test_storage_rules" name="test_rule[[STO-010]unstaked][paymaster][account_storage][ok-CALL:&gt;]" time="0.625" /><testcase classname="tests.single.bundle.test_storage_rules" name="test_rule[[STO-010]unstaked][paymaster][account_storage][ok-DELEGATECALL:&gt;]" time="0.696" /><testcase classname="tests.single.bundle.test_storage_rules" name="test_rule[[OP-070(STO-010)]unstaked][paymaster][account_transient_storage][ok-]" time="0.602" /><testcase classname="tests.single.bundle.test_storage_rules" name="test_rule[[OP-070(STO-010)]unstaked][paymaster][account_transient_storage][ok-CALL:&gt;]" time="0.748" /><testcase classname="tests.single.bundle.test_storage_rules" name="test_rule[[OP-070(STO-010)]unstaked][paymaster][account_transient_storage][ok-DELEGATECALL:&gt;]" time="0.821" /><testcase classname="tests.single.bundle.test_storage_rules" name="test_rule[[STO-021]unstaked][paymaster][account_reference_storage][ok-]" time="0.486" /><testcase classname="tests.single.bundle.test_storage_rules" name="test_rule[[STO-021]unstaked][paymaster][account_reference_storage][ok-CALL:&gt;]" time="0.727" /><testcase classname="tests.single.bundle.test_storage_rules" name="test_rule[[STO-021]unstaked][paymaster][account_reference_storage][ok-DELEGATECALL:&gt;]" time="0.811" /><testcase classname="tests.single.bundle.test_storage_rules" name="test_rule[[STO-021]unstaked][paymaster][account_reference_storage_struct][ok-]" time="0.551" /><testcase classname="tests.single.bundle.test_storage_rules" name="test_rule[[STO-021]unstaked][paymaster][account_reference_storage_struct][ok-CALL:&gt;]" time="0.795" /><testcase classname="tests.single.bundle.test_storage_rules" name="test_rule[[STO-021]unstaked][paymaster][account_reference_storage_struct][ok-DELEGATECALL:&gt;]" time="0.903" /><testcase classname="tests.single.bundle.test_storage_rules" name="test_rule[[STO-022]unstaked][paymaster][account_reference_storage_init_code][drop-]" time="0.610"><failure message="AssertionError: assert -32000 == &lt;RPCErrorCode.BANNED_OPCODE: -32502&gt;&#10; +  where -32000 = Error(code=-32000, message='precheck failed: verificationGasLimit is 6000000 but must be at most 5000000', data=None, id=155).code">tests/single/bundle/test_storage_rules.py:864: in test_rule
    case.assert_func(response)
tests/single/bundle/test_storage_rules.py:21: in assert_error
    assert_rpc_error(response, response.message, RPCErrorCode.BANNED_OPCODE)
tests/utils.py:206: in assert_rpc_error
    assert response.code == code
E   AssertionError: assert -32000 == &lt;RPCErrorCode.BANNED_OPCODE: -32502&gt;
E    +  where -32000 = Error(code=-32000, message='precheck failed: verificationGasLimit is 6000000 but must be at most 5000000', data=None, id=155).code</failure><system-out>--------------------------------- Captured Log ---------------------------------

--------------------------------- Captured Out ---------------------------------

</system-out><system-err>--------------------------------- Captured Err ---------------------------------

</system-err></testcase><testcase classname="tests.single.bundle.test_storage_rules" name="test_rule[[STO-022]unstaked][paymaster][account_reference_storage_init_code][drop-CALL:&gt;]" time="0.112"><failure message="AssertionError: assert -32000 == &lt;RPCErrorCode.BANNED_OPCODE: -32502&gt;&#10; +  where -32000 = Error(code=-32000, message='precheck failed: verificationGasLimit is 6000000 but must be at most 5000000', data=None, id=157).code">tests/single/bundle/test_storage_rules.py:864: in test_rule
    case.assert_func(response)
tests/single/bundle/test_storage_rules.py:21: in assert_error
    assert_rpc_error(response, response.message, RPCErrorCode.BANNED_OPCODE)
tests/utils.py:206: in assert_rpc_error
    assert response.code == code
E   AssertionError: assert -32000 == &lt;RPCErrorCode.BANNED_OPCODE: -32502&gt;
E    +  where -32000 = Error(code=-32000, message='precheck failed: verificationGasLimit is 6000000 but must be at most 5000000', data=None, id=157).code</failure><system-out>--------------------------------- Captured Log ---------------------------------

--------------------------------- Captured Out ---------------------------------

</system-out><system-err>--------------------------------- Captured Err ---------------------------------

</system-err></testcase><testcase classname="tests.single.bundle.test_storage_rules" name="test_rule[[STO-022]unstaked][paymaster][account_reference_storage_init_code][drop-DELEGATECALL:&gt;]" time="0.214"><failure message="AssertionError: assert -32000 == &lt;RPCErrorCode.BANNED_OPCODE: -32502&gt;&#10; +  where -32000 = Error(code=-32000, message='precheck failed: verificationGasLimit is 6000000 but must be at most 5000000', data=None, id=159).code">tests/single/bundle/test_storage_rules.py:864: in test_rule
    case.assert_func(response)
tests/single/bundle/test_storage_rules.py:21: in assert_error
    assert_rpc_error(response, response.message, RPCErrorCode.BANNED_OPCODE)
tests/utils.py:206: in assert_rpc_error
    assert response.code == code
E   AssertionError: assert -32000 == &lt;RPCErrorCode.BANNED_OPCODE: -32502&gt;
E    +  where -32000 = Error(code=-32000, message='precheck failed: verificationGasLimit is 6000000 but must be at most 5000000', data=None, id=159).code</failure><system-out>--------------------------------- Captured Log ---------------------------------

--------------------------------- Captured Out ---------------------------------

</system-out><system-err>--------------------------------- Captured Err ---------------------------------

</system-err></testcase><testcase classname="tests.single.bundle.test_storage_rules" name="test_rule[[EREP-050]unstaked][paymaster][context][drop-]" time="0.223"><failure message="AttributeError: 'Ok' object has no attribute 'message'">tests/single/bundle/test_storage_rules.py:864: in test_rule
    case.assert_func(response)
tests/single/bundle/test_storage_rules.py:21: in assert_error
    assert_rpc_error(response, response.message, RPCErrorCode.BANNED_OPCODE)
E   AttributeError: 'Ok' object has no attribute 'message'</failure><system-out>--------------------------------- Captured Log ---------------------------------

--------------------------------- Captured Out ---------------------------------

</system-out><system-err>--------------------------------- Captured Err ---------------------------------

</system-err></testcase><testcase classname="tests.single.bundle.test_storage_rules" name="test_rule[[EREP-050]unstaked][paymaster][context][drop-CALL:&gt;]" time="0.248"><failure message="AttributeError: 'Ok' object has no attribute 'message'">tests/single/bundle/test_storage_rules.py:864: in test_rule
    case.assert_func(response)
tests/single/bundle/test_storage_rules.py:21: in assert_error
    assert_rpc_error(response, response.message, RPCErrorCode.BANNED_OPCODE)
E   AttributeError: 'Ok' object has no attribute 'message'</failure><system-out>--------------------------------- Captured Log ---------------------------------

--------------------------------- Captured Out ---------------------------------

</system-out><system-err>--------------------------------- Captured Err ---------------------------------

</system-err></testcase><testcase classname="tests.single.bundle.test_storage_rules" name="test_rule[[EREP-050]unstaked][paymaster][context][drop-DELEGATECALL:&gt;]" time="0.280"><failure message="AttributeError: 'Ok' object has no attribute 'message'">tests/single/bundle/test_storage_rules.py:864: in test_rule
    case.assert_func(response)
tests/single/bundle/test_storage_rules.py:21: in assert_error
    assert_rpc_error(response, response.message, RPCErrorCode.BANNED_OPCODE)
E   AttributeError: 'Ok' object has no attribute 'message'</failure><system-out>--------------------------------- Captured Log ---------------------------------

--------------------------------- Captured Out ---------------------------------

</system-out><system-err>--------------------------------- Captured Err ---------------------------------

</system-err></testcase><testcase classname="tests.single.bundle.test_storage_rules" name="test_rule[[STO-032]unstaked][paymaster][external_storage_read][drop-]" time="0.453" /><testcase classname="tests.single.bundle.test_storage_rules" name="test_rule[[STO-032]unstaked][paymaster][external_storage_read][drop-CALL:&gt;]" time="0.687" /><testcase classname="tests.single.bundle.test_storage_rules" name="test_rule[[STO-032]unstaked][paymaster][external_storage_read][drop-DELEGATECALL:&gt;]" time="0.756" /><testcase classname="tests.single.bundle.test_storage_rules" name="test_rule[[OP-020]unstaked][paymaster][out_of_gas][drop-]" time="0.446" /><testcase classname="tests.single.bundle.test_storage_rules" name="test_rule[[OP-020]unstaked][paymaster][out_of_gas][drop-CALL:&gt;]" time="0.758" /><testcase classname="tests.single.bundle.test_storage_rules" name="test_rule[[OP-020]unstaked][paymaster][out_of_gas][drop-DELEGATECALL:&gt;]" time="0.756" /><testcase classname="tests.single.bundle.test_storage_rules" name="test_rule[[OP-020]unstaked][paymaster][sstore_out_of_gas][drop-]" time="0.536" /><testcase classname="tests.single.bundle.test_storage_rules" name="test_rule[[OP-020]unstaked][paymaster][sstore_out_of_gas][drop-CALL:&gt;]" time="0.643" /><testcase classname="tests.single.bundle.test_storage_rules" name="test_rule[[OP-020]unstaked][paymaster][sstore_out_of_gas][drop-DELEGATECALL:&gt;]" time="0.829" /><testcase classname="tests.single.bundle.test_storage_rules" name="test_rule[[STO-000]staked][paymaster][no_storage][ok-]" time="0.373" /><testcase classname="tests.single.bundle.test_storage_rules" name="test_rule[[STO-000]staked][paymaster][no_storage][ok-CALL:&gt;]" time="0.576" /><testcase classname="tests.single.bundle.test_storage_rules" name="test_rule[[STO-000]staked][paymaster][no_storage][ok-DELEGATECALL:&gt;]" time="0.769" /><testcase classname="tests.single.bundle.test_storage_rules" name="test_rule[[STO-031]staked][paymaster][storage_read][ok-]" time="0.395" /><testcase classname="tests.single.bundle.test_storage_rules" name="test_rule[[STO-031]staked][paymaster][storage_read][ok-CALL:&gt;]" time="0.613" /><testcase classname="tests.single.bundle.test_storage_rules" name="test_rule[[STO-031]staked][paymaster][storage_read][ok-DELEGATECALL:&gt;]" time="0.676" /><testcase classname="tests.single.bundle.test_storage_rules" name="test_rule[[STO-031]staked][paymaster][storage_write][ok-]" time="0.500" /><testcase classname="tests.single.bundle.test_storage_rules" name="test_rule[[STO-031]staked][paymaster][storage_write][ok-CALL:&gt;]" time="0.712" /><testcase classname="tests.single.bundle.test_storage_rules" name="test_rule[[STO-031]staked][paymaster][storage_write][ok-DELEGATECALL:&gt;]" time="0.704" /><testcase classname="tests.single.bundle.test_storage_rules" name="test_rule[[STO-032]staked][paymaster][paymaster_reference_storage][ok-]" time="0.629" /><testcase classname="tests.single.bundle.test_storage_rules" name="test_rule[[STO-032]staked][paymaster][paymaster_reference_storage][ok-CALL:&gt;]" time="0.868" /><testcase classname="tests.single.bundle.test_storage_rules" name="test_rule[[STO-032]staked][paymaster][paymaster_reference_storage][ok-DELEGATECALL:&gt;]" time="0.871" /><testcase classname="tests.single.bundle.test_storage_rules" name="test_rule[[STO-032]staked][paymaster][paymaster_reference_storage_struct][ok-]" time="0.580" /><testcase classname="tests.single.bundle.test_storage_rules" name="test_rule[[STO-032]staked][paymaster][paymaster_reference_storage_struct][ok-CALL:&gt;]" time="0.832" /><testcase classname="tests.single.bundle.test_storage_rules" name="test_rule[[STO-032]staked][paymaster][paymaster_reference_storage_struct][ok-DELEGATECALL:&gt;]" time="1.016" /><testcase classname="tests.single.bundle.test_storage_rules" name="test_rule[[STO-033]staked][paymaster][paymaster_reference_storage_struct][ok-]" time="0.688" /><testcase classname="tests.single.bundle.test_storage_rules" name="test_rule[[STO-033]staked][paymaster][paymaster_reference_storage_struct][ok-CALL:&gt;]" time="0.943" /><testcase classname="tests.single.bundle.test_storage_rules" name="test_rule[[STO-033]staked][paymaster][paymaster_reference_storage_struct][ok-DELEGATECALL:&gt;]" time="1.019" /><testcase classname="tests.single.bundle.test_storage_rules" name="test_rule[[STO-010]staked][paymaster][account_storage][ok-]" time="0.522" /><testcase classname="tests.single.bundle.test_storage_rules" name="test_rule[[STO-010]staked][paymaster][account_storage][ok-CALL:&gt;]" time="0.626" /><testcase classname="tests.single.bundle.test_storage_rules" name="test_rule[[STO-010]staked][paymaster][account_storage][ok-DELEGATECALL:&gt;]" time="0.812" /><testcase classname="tests.single.bundle.test_storage_rules" name="test_rule[[STO-021]staked][paymaster][account_reference_storage][ok-]" time="0.514" /><testcase classname="tests.single.bundle.test_storage_rules" name="test_rule[[STO-021]staked][paymaster][account_reference_storage][ok-CALL:&gt;]" time="0.749" /><testcase classname="tests.single.bundle.test_storage_rules" name="test_rule[[STO-021]staked][paymaster][account_reference_storage][ok-DELEGATECALL:&gt;]" time="0.946" /><testcase classname="tests.single.bundle.test_storage_rules" name="test_rule[[STO-021]staked][paymaster][account_reference_storage_struct][ok-]" time="0.573" /><testcase classname="tests.single.bundle.test_storage_rules" name="test_rule[[STO-021]staked][paymaster][account_reference_storage_struct][ok-CALL:&gt;]" time="0.923" /><testcase classname="tests.single.bundle.test_storage_rules" name="test_rule[[STO-021]staked][paymaster][account_reference_storage_struct][ok-DELEGATECALL:&gt;]" time="1.008" /><testcase classname="tests.single.bundle.test_storage_rules" name="test_rule[[STO-022]staked][paymaster][account_reference_storage_init_code][ok-]" time="0.239"><failure message="AttributeError: expected result object, got:&#10;Error(code=-32000, message='precheck failed: verificationGasLimit is 6000000 but must be at most 5000000', data=None, id=239)">tests/utils.py:199: in assert_ok
    assert response.result
E   AttributeError: 'Error' object has no attribute 'result'

The above exception was the direct cause of the following exception:
tests/single/bundle/test_storage_rules.py:864: in test_rule
    case.assert_func(response)
tests/utils.py:201: in assert_ok
    raise AttributeError(f"expected result object, got:\n{response}") from exc
E   AttributeError: expected result object, got:
E   Error(code=-32000, message='precheck failed: verificationGasLimit is 6000000 but must be at most 5000000', data=None, id=239)</failure><system-out>--------------------------------- Captured Log ---------------------------------

--------------------------------- Captured Out ---------------------------------

</system-out><system-err>--------------------------------- Captured Err ---------------------------------

</system-err></testcase><testcase classname="tests.single.bundle.test_storage_rules" name="test_rule[[STO-022]staked][paymaster][account_reference_storage_init_code][ok-CALL:&gt;]" time="0.134"><failure message="AttributeError: expected result object, got:&#10;Error(code=-32000, message='precheck failed: verificationGasLimit is 6000000 but must be at most 5000000', data=None, id=241)">tests/utils.py:199: in assert_ok
    assert response.result
E   AttributeError: 'Error' object has no attribute 'result'

The above exception was the direct cause of the following exception:
tests/single/bundle/test_storage_rules.py:864: in test_rule
    case.assert_func(response)
tests/utils.py:201: in assert_ok
    raise AttributeError(f"expected result object, got:\n{response}") from exc
E   AttributeError: expected result object, got:
E   Error(code=-32000, message='precheck failed: verificationGasLimit is 6000000 but must be at most 5000000', data=None, id=241)</failure><system-out>--------------------------------- Captured Log ---------------------------------

--------------------------------- Captured Out ---------------------------------

</system-out><system-err>--------------------------------- Captured Err ---------------------------------

</system-err></testcase><testcase classname="tests.single.bundle.test_storage_rules" name="test_rule[[STO-022]staked][paymaster][account_reference_storage_init_code][ok-DELEGATECALL:&gt;]" time="0.136"><failure message="AttributeError: expected result object, got:&#10;Error(code=-32000, message='precheck failed: verificationGasLimit is 6000000 but must be at most 5000000', data=None, id=243)">tests/utils.py:199: in assert_ok
    assert response.result
E   AttributeError: 'Error' object has no attribute 'result'

The above exception was the direct cause of the following exception:
tests/single/bundle/test_storage_rules.py:864: in test_rule
    case.assert_func(response)
tests/utils.py:201: in assert_ok
    raise AttributeError(f"expected result object, got:\n{response}") from exc
E   AttributeError: expected result object, got:
E   Error(code=-32000, message='precheck failed: verificationGasLimit is 6000000 but must be at most 5000000', data=None, id=243)</failure><system-out>--------------------------------- Captured Log ---------------------------------

--------------------------------- Captured Out ---------------------------------

</system-out><system-err>--------------------------------- Captured Err ---------------------------------

</system-err></testcase><testcase classname="tests.single.bundle.test_storage_rules" name="test_rule[[EREP-050]staked][paymaster][context][ok-]" time="0.241" /><testcase classname="tests.single.bundle.test_storage_rules" name="test_rule[[EREP-050]staked][paymaster][context][ok-CALL:&gt;]" time="0.268" /><testcase classname="tests.single.bundle.test_storage_rules" name="test_rule[[EREP-050]staked][paymaster][context][ok-DELEGATECALL:&gt;]" time="0.404" /><testcase classname="tests.single.bundle.test_storage_rules" name="test_rule[[STO-033]staked][paymaster][external_storage_write][drop-]" time="0.591" /><testcase classname="tests.single.bundle.test_storage_rules" name="test_rule[[STO-033]staked][paymaster][external_storage_write][drop-CALL:&gt;]" time="0.732" /><testcase classname="tests.single.bundle.test_storage_rules" name="test_rule[[STO-033]staked][paymaster][external_storage_write][drop-DELEGATECALL:&gt;]" time="0.797" /><testcase classname="tests.single.bundle.test_storage_rules" name="test_rule[[STO-033]staked][paymaster][external_storage_read][ok-]" time="0.599" /><testcase classname="tests.single.bundle.test_storage_rules" name="test_rule[[STO-033]staked][paymaster][external_storage_read][ok-CALL:&gt;]" time="0.808" /><testcase classname="tests.single.bundle.test_storage_rules" name="test_rule[[STO-033]staked][paymaster][external_storage_read][ok-DELEGATECALL:&gt;]" time="0.877" /><testcase classname="tests.single.bundle.test_storage_rules" name="test_rule[[OP-020]staked][paymaster][out_of_gas][drop-]" time="0.576" /><testcase classname="tests.single.bundle.test_storage_rules" name="test_rule[[OP-020]staked][paymaster][out_of_gas][drop-CALL:&gt;]" time="0.671" /><testcase classname="tests.single.bundle.test_storage_rules" name="test_rule[[OP-020]staked][paymaster][out_of_gas][drop-DELEGATECALL:&gt;]" time="0.856" /><testcase classname="tests.single.bundle.test_storage_rules" name="test_rule[[OP-020]staked][paymaster][sstore_out_of_gas][drop-]" time="0.548" /><testcase classname="tests.single.bundle.test_storage_rules" name="test_rule[[OP-020]staked][paymaster][sstore_out_of_gas][drop-CALL:&gt;]" time="0.774" /><testcase classname="tests.single.bundle.test_storage_rules" name="test_rule[[OP-020]staked][paymaster][sstore_out_of_gas][drop-DELEGATECALL:&gt;]" time="0.855" /><testcase classname="tests.single.bundle.test_storage_rules" name="test_rule[[STO-000]unstaked][factory][no_storage][ok-]" time="0.400" /><testcase classname="tests.single.bundle.test_storage_rules" name="test_rule[[STO-000]unstaked][factory][no_storage][ok-CALL:&gt;]" time="0.548" /><testcase classname="tests.single.bundle.test_storage_rules" name="test_rule[[STO-000]unstaked][factory][no_storage][ok-DELEGATECALL:&gt;]" time="0.573" /><testcase classname="tests.single.bundle.test_storage_rules" name="test_rule[[STO-000]unstaked][factory][storage_read][drop-]" time="0.303" /><testcase classname="tests.single.bundle.test_storage_rules" name="test_rule[[STO-000]unstaked][factory][storage_read][drop-CALL:&gt;]" time="0.464" /><testcase classname="tests.single.bundle.test_storage_rules" name="test_rule[[STO-000]unstaked][factory][storage_read][drop-DELEGATECALL:&gt;]" time="0.581" /><testcase classname="tests.single.bundle.test_storage_rules" name="test_rule[[STO-000]unstaked][factory][storage_write][drop-]" time="0.409" /><testcase classname="tests.single.bundle.test_storage_rules" name="test_rule[[STO-000]unstaked][factory][storage_write][drop-CALL:&gt;]" time="0.572" /><testcase classname="tests.single.bundle.test_storage_rules" name="test_rule[[STO-000]unstaked][factory][storage_write][drop-DELEGATECALL:&gt;]" time="0.495" /><testcase classname="tests.single.bundle.test_storage_rules" name="test_rule[[STO-000]unstaked][factory][factory_reference_storage][drop-]" time="0.432" /><testcase classname="tests.single.bundle.test_storage_rules" name="test_rule[[STO-000]unstaked][factory][factory_reference_storage][drop-CALL:&gt;]" time="0.613" /><testcase classname="tests.single.bundle.test_storage_rules" name="test_rule[[STO-000]unstaked][factory][factory_reference_storage][drop-DELEGATECALL:&gt;]" time="0.563" /><testcase classname="tests.single.bundle.test_storage_rules" name="test_rule[[STO-032]unstaked][factory][factory_reference_storage_struct][drop-]" time="0.426" /><testcase classname="tests.single.bundle.test_storage_rules" name="test_rule[[STO-032]unstaked][factory][factory_reference_storage_struct][drop-CALL:&gt;]" time="0.650" /><testcase classname="tests.single.bundle.test_storage_rules" name="test_rule[[STO-032]unstaked][factory][factory_reference_storage_struct][drop-DELEGATECALL:&gt;]" time="0.619" /><testcase classname="tests.single.bundle.test_storage_rules" name="test_rule[[STO-010]unstaked][factory][account_storage][ok-]" time="0.411" /><testcase classname="tests.single.bundle.test_storage_rules" name="test_rule[[STO-010]unstaked][factory][account_storage][ok-CALL:&gt;]" time="0.472" /><testcase classname="tests.single.bundle.test_storage_rules" name="test_rule[[STO-010]unstaked][factory][account_storage][ok-DELEGATECALL:&gt;]" time="0.490" /><testcase classname="tests.single.bundle.test_storage_rules" name="test_rule[[STO-021]unstaked][factory][account_reference_storage][drop-]" time="0.413" /><testcase classname="tests.single.bundle.test_storage_rules" name="test_rule[[STO-021]unstaked][factory][account_reference_storage][drop-CALL:&gt;]" time="0.504" /><testcase classname="tests.single.bundle.test_storage_rules" name="test_rule[[STO-021]unstaked][factory][account_reference_storage][drop-DELEGATECALL:&gt;]" time="0.556" /><testcase classname="tests.single.bundle.test_storage_rules" name="test_rule[[STO-021]unstaked][factory][account_reference_storage_struct][drop-]" time="0.423" /><testcase classname="tests.single.bundle.test_storage_rules" name="test_rule[[STO-021]unstaked][factory][account_reference_storage_struct][drop-CALL:&gt;]" time="0.644" /><testcase classname="tests.single.bundle.test_storage_rules" name="test_rule[[STO-021]unstaked][factory][account_reference_storage_struct][drop-DELEGATECALL:&gt;]" time="0.705" /><testcase classname="tests.single.bundle.test_storage_rules" name="test_rule[[STO-000]unstaked][factory][external_storage_read][drop-]" time="0.452" /><testcase classname="tests.single.bundle.test_storage_rules" name="test_rule[[STO-000]unstaked][factory][external_storage_read][drop-CALL:&gt;]" time="0.597" /><testcase classname="tests.single.bundle.test_storage_rules" name="test_rule[[STO-000]unstaked][factory][external_storage_read][drop-DELEGATECALL:&gt;]" time="0.535" /><testcase classname="tests.single.bundle.test_storage_rules" name="test_rule[[OP-042]unstaked][factory][EXTCODEx_CALLx_undeployed_sender][ok-]" time="0.431" /><testcase classname="tests.single.bundle.test_storage_rules" name="test_rule[[OP-042]unstaked][factory][EXTCODEx_CALLx_undeployed_sender][ok-CALL:&gt;]" time="0.538" /><testcase classname="tests.single.bundle.test_storage_rules" name="test_rule[[OP-042]unstaked][factory][EXTCODEx_CALLx_undeployed_sender][ok-DELEGATECALL:&gt;]" time="0.596" /><testcase classname="tests.single.bundle.test_storage_rules" name="test_rule[[OP-041]unstaked][factory][EXTCODESIZE_undeployed_contract][drop-]" time="0.283" /><testcase classname="tests.single.bundle.test_storage_rules" name="test_rule[[OP-041]unstaked][factory][EXTCODESIZE_undeployed_contract][drop-CALL:&gt;]" time="0.609" /><testcase classname="tests.single.bundle.test_storage_rules" name="test_rule[[OP-041]unstaked][factory][EXTCODESIZE_undeployed_contract][drop-DELEGATECALL:&gt;]" time="0.569" /><testcase classname="tests.single.bundle.test_storage_rules" name="test_rule[[OP-041]unstaked][factory][EXTCODEHASH_undeployed_contract][drop-]" time="0.386" /><testcase classname="tests.single.bundle.test_storage_rules" name="test_rule[[OP-041]unstaked][factory][EXTCODEHASH_undeployed_contract][drop-CALL:&gt;]" time="0.515" /><testcase classname="tests.single.bundle.test_storage_rules" name="test_rule[[OP-041]unstaked][factory][EXTCODEHASH_undeployed_contract][drop-DELEGATECALL:&gt;]" time="0.576" /><testcase classname="tests.single.bundle.test_storage_rules" name="test_rule[[OP-041]unstaked][factory][EXTCODECOPY_undeployed_contract][drop-]" time="0.385" /><testcase classname="tests.single.bundle.test_storage_rules" name="test_rule[[OP-041]unstaked][factory][EXTCODECOPY_undeployed_contract][drop-CALL:&gt;]" time="0.515" /><testcase classname="tests.single.bundle.test_storage_rules" name="test_rule[[OP-041]unstaked][factory][EXTCODECOPY_undeployed_contract][drop-DELEGATECALL:&gt;]" time="0.679" /><testcase classname="tests.single.bundle.test_storage_rules" name="test_rule[[OP-041]unstaked][factory][CALL_undeployed_contract][drop-]" time="0.373" /><testcase classname="tests.single.bundle.test_storage_rules" name="test_rule[[OP-041]unstaked][factory][CALL_undeployed_contract][drop-CALL:&gt;]" time="0.462" /><testcase classname="tests.single.bundle.test_storage_rules" name="test_rule[[OP-041]unstaked][factory][CALL_undeployed_contract][drop-DELEGATECALL:&gt;]" time="0.621" /><testcase classname="tests.single.bundle.test_storage_rules" name="test_rule[[OP-041]unstaked][factory][CALLCODE_undeployed_contract][drop-]" time="0.383" /><testcase classname="tests.single.bundle.test_storage_rules" name="test_rule[[OP-041]unstaked][factory][CALLCODE_undeployed_contract][drop-CALL:&gt;]" time="0.493" /><testcase classname="tests.single.bundle.test_storage_rules" name="test_rule[[OP-041]unstaked][factory][CALLCODE_undeployed_contract][drop-DELEGATECALL:&gt;]" time="0.644" /><testcase classname="tests.single.bundle.test_storage_rules" name="test_rule[[OP-041]unstaked][factory][DELEGATECALL_undeployed_contract][drop-]" time="0.288" /><testcase classname="tests.single.bundle.test_storage_rules" name="test_rule[[OP-041]unstaked][factory][DELEGATECALL_undeployed_contract][drop-CALL:&gt;]" time="0.620" /><testcase classname="tests.single.bundle.test_storage_rules" name="test_rule[[OP-041]unstaked][factory][DELEGATECALL_undeployed_contract][drop-DELEGATECALL:&gt;]" time="0.678" /><testcase classname="tests.single.bundle.test_storage_rules" name="test_rule[[OP-041]unstaked][factory][STATICCALL_undeployed_contract][drop-]" time="0.384" /><testcase classname="tests.single.bundle.test_storage_rules" name="test_rule[[OP-041]unstaked][factory][STATICCALL_undeployed_contract][drop-CALL:&gt;]" time="0.509" /><testcase classname="tests.single.bundle.test_storage_rules" name="test_rule[[OP-041]unstaked][factory][STATICCALL_undeployed_contract][drop-DELEGATECALL:&gt;]" time="0.668" /><testcase classname="tests.single.bundle.test_storage_rules" name="test_rule[[OP-020]unstaked][factory][out_of_gas][drop-]" time="0.509" /><testcase classname="tests.single.bundle.test_storage_rules" name="test_rule[[OP-020]unstaked][factory][out_of_gas][drop-CALL:&gt;]" time="0.560" /><testcase classname="tests.single.bundle.test_storage_rules" name="test_rule[[OP-020]unstaked][factory][out_of_gas][drop-DELEGATECALL:&gt;]" time="0.683" /><testcase classname="tests.single.bundle.test_storage_rules" name="test_rule[[OP-020]unstaked][factory][sstore_out_of_gas][drop-]" time="0.435" /><testcase classname="tests.single.bundle.test_storage_rules" name="test_rule[[OP-020]unstaked][factory][sstore_out_of_gas][drop-CALL:&gt;]" time="0.601" /><testcase classname="tests.single.bundle.test_storage_rules" name="test_rule[[OP-020]unstaked][factory][sstore_out_of_gas][drop-DELEGATECALL:&gt;]" time="0.625" /><testcase classname="tests.single.bundle.test_storage_rules" name="test_rule[[STO-000]staked][factory][no_storage][ok-]" time="0.421" /><testcase classname="tests.single.bundle.test_storage_rules" name="test_rule[[STO-000]staked][factory][no_storage][ok-CALL:&gt;]" time="0.573" /><testcase classname="tests.single.bundle.test_storage_rules" name="test_rule[[STO-000]staked][factory][no_storage][ok-DELEGATECALL:&gt;]" time="0.598" /><testcase classname="tests.single.bundle.test_storage_rules" name="test_rule[[STO-031]staked][factory][storage_read][ok-]" time="0.429" /><testcase classname="tests.single.bundle.test_storage_rules" name="test_rule[[STO-031]staked][factory][storage_read][ok-CALL:&gt;]" time="0.492" /><testcase classname="tests.single.bundle.test_storage_rules" name="test_rule[[STO-031]staked][factory][storage_read][ok-DELEGATECALL:&gt;]" time="0.643" /><testcase classname="tests.single.bundle.test_storage_rules" name="test_rule[[STO-031]staked][factory][storage_write][ok-]" time="0.334" /><testcase classname="tests.single.bundle.test_storage_rules" name="test_rule[[STO-031]staked][factory][storage_write][ok-CALL:&gt;]" time="0.490" /><testcase classname="tests.single.bundle.test_storage_rules" name="test_rule[[STO-031]staked][factory][storage_write][ok-DELEGATECALL:&gt;]" time="0.627" /><testcase classname="tests.single.bundle.test_storage_rules" name="test_rule[[STO-032]staked][factory][factory_reference_storage][ok-]" time="0.453" /><testcase classname="tests.single.bundle.test_storage_rules" name="test_rule[[STO-032]staked][factory][factory_reference_storage][ok-CALL:&gt;]" time="0.647" /><testcase classname="tests.single.bundle.test_storage_rules" name="test_rule[[STO-032]staked][factory][factory_reference_storage][ok-DELEGATECALL:&gt;]" time="0.693" /><testcase classname="tests.single.bundle.test_storage_rules" name="test_rule[[STO-032]staked][factory][factory_reference_storage_struct][ok-]" time="0.456" /><testcase classname="tests.single.bundle.test_storage_rules" name="test_rule[[STO-032]staked][factory][factory_reference_storage_struct][ok-CALL:&gt;]" time="0.680" /><testcase classname="tests.single.bundle.test_storage_rules" name="test_rule[[STO-032]staked][factory][factory_reference_storage_struct][ok-DELEGATECALL:&gt;]" time="0.744" /><testcase classname="tests.single.bundle.test_storage_rules" name="test_rule[[STO-010]staked][factory][account_storage][ok-]" time="0.432" /><testcase classname="tests.single.bundle.test_storage_rules" name="test_rule[[STO-010]staked][factory][account_storage][ok-CALL:&gt;]" time="0.600" /><testcase classname="tests.single.bundle.test_storage_rules" name="test_rule[[STO-010]staked][factory][account_storage][ok-DELEGATECALL:&gt;]" time="0.623" /><testcase classname="tests.single.bundle.test_storage_rules" name="test_rule[[STO-021]staked][factory][account_reference_storage][ok-]" time="0.434" /><testcase classname="tests.single.bundle.test_storage_rules" name="test_rule[[STO-021]staked][factory][account_reference_storage][ok-CALL:&gt;]" time="0.530" /><testcase classname="tests.single.bundle.test_storage_rules" name="test_rule[[STO-021]staked][factory][account_reference_storage][ok-DELEGATECALL:&gt;]" time="0.588" /><testcase classname="tests.single.bundle.test_storage_rules" name="test_rule[[STO-021]staked][factory][account_reference_storage_struct][ok-]" time="0.448" /><testcase classname="tests.single.bundle.test_storage_rules" name="test_rule[[STO-021]staked][factory][account_reference_storage_struct][ok-CALL:&gt;]" time="0.676" /><testcase classname="tests.single.bundle.test_storage_rules" name="test_rule[[STO-021]staked][factory][account_reference_storage_struct][ok-DELEGATECALL:&gt;]" time="0.745" /><testcase classname="tests.single.bundle.test_storage_rules" name="test_rule[[STO-033]staked][factory][external_storage_write][drop-]" time="0.448" /><testcase classname="tests.single.bundle.test_storage_rules" name="test_rule[[STO-033]staked][factory][external_storage_write][drop-CALL:&gt;]" time="0.643" /><testcase classname="tests.single.bundle.test_storage_rules" name="test_rule[[STO-033]staked][factory][external_storage_write][drop-DELEGATECALL:&gt;]" time="0.676" /><testcase classname="tests.single.bundle.test_storage_rules" name="test_rule[[STO-033]staked][factory][external_storage_read][ok-]" time="0.450" /><testcase classname="tests.single.bundle.test_storage_rules" name="test_rule[[STO-033]staked][factory][external_storage_read][ok-CALL:&gt;]" time="0.625" /><testcase classname="tests.single.bundle.test_storage_rules" name="test_rule[[STO-033]staked][factory][external_storage_read][ok-DELEGATECALL:&gt;]" time="0.577" /><testcase classname="tests.single.bundle.test_storage_rules" name="test_rule[[OP-020]staked][factory][out_of_gas][drop-]" time="0.441" /><testcase classname="tests.single.bundle.test_storage_rules" name="test_rule[[OP-020]staked][factory][out_of_gas][drop-CALL:&gt;]" time="0.691" /><testcase classname="tests.single.bundle.test_storage_rules" name="test_rule[[OP-020]staked][factory][out_of_gas][drop-DELEGATECALL:&gt;]" time="0.707" /><testcase classname="tests.single.bundle.test_storage_rules" name="test_rule[[OP-020]staked][factory][sstore_out_of_gas][drop-]" time="0.464" /><testcase classname="tests.single.bundle.test_storage_rules" name="test_rule[[OP-020]staked][factory][sstore_out_of_gas][drop-CALL:&gt;]" time="0.537" /><testcase classname="tests.single.bundle.test_storage_rules" name="test_rule[[OP-020]staked][factory][sstore_out_of_gas][drop-DELEGATECALL:&gt;]" time="0.649" /><testcase classname="tests.single.bundle.test_storage_rules" name="test_rule[[STO-000]unstaked][account][no_storage][ok-]" time="0.740" /><testcase classname="tests.single.bundle.test_storage_rules" name="test_rule[[STO-000]unstaked][account][no_storage][ok-CALL:&gt;]" time="0.447" /><testcase classname="tests.single.bundle.test_storage_rules" name="test_rule[[STO-000]unstaked][account][no_storage][ok-DELEGATECALL:&gt;]" time="0.547" /><testcase classname="tests.single.bundle.test_storage_rules" name="test_rule[[STO-010]unstaked][account][account_storage][ok-]" time="0.284" /><testcase classname="tests.single.bundle.test_storage_rules" name="test_rule[[STO-010]unstaked][account][account_storage][ok-CALL:&gt;]" time="0.602" /><testcase classname="tests.single.bundle.test_storage_rules" name="test_rule[[STO-010]unstaked][account][account_storage][ok-DELEGATECALL:&gt;]" time="0.564" /><testcase classname="tests.single.bundle.test_storage_rules" name="test_rule[[STO-021]unstaked][account][account_reference_storage][ok-]" time="0.380" /><testcase classname="tests.single.bundle.test_storage_rules" name="test_rule[[STO-021]unstaked][account][account_reference_storage][ok-CALL:&gt;]" time="0.591" /><testcase classname="tests.single.bundle.test_storage_rules" name="test_rule[[STO-021]unstaked][account][account_reference_storage][ok-DELEGATECALL:&gt;]" time="0.482" /><testcase classname="tests.single.bundle.test_storage_rules" name="test_rule[[STO-022]unstaked][account][account_reference_storage_init_code][drop-]" time="0.398" /><testcase classname="tests.single.bundle.test_storage_rules" name="test_rule[[STO-022]unstaked][account][account_reference_storage_init_code][drop-CALL:&gt;]" time="0.416" /><testcase classname="tests.single.bundle.test_storage_rules" name="test_rule[[STO-022]unstaked][account][account_reference_storage_init_code][drop-DELEGATECALL:&gt;]" time="0.491" /><testcase classname="tests.single.bundle.test_storage_rules" name="test_rule[[STO-022]unstaked][account][account_reference_storage_init_code][ok-]" time="1.012"><failure message="AttributeError: expected result object, got:&#10;Error(code=-32502, message='factory uses banned opcode: CREATE', data=None, id=485)">tests/utils.py:199: in assert_ok
    assert response.result
E   AttributeError: 'Error' object has no attribute 'result'

The above exception was the direct cause of the following exception:
tests/single/bundle/test_storage_rules.py:864: in test_rule
    case.assert_func(response)
tests/utils.py:201: in assert_ok
    raise AttributeError(f"expected result object, got:\n{response}") from exc
E   AttributeError: expected result object, got:
E   Error(code=-32502, message='factory uses banned opcode: CREATE', data=None, id=485)</failure><system-out>--------------------------------- Captured Log ---------------------------------

--------------------------------- Captured Out ---------------------------------

</system-out><system-err>--------------------------------- Captured Err ---------------------------------

</system-err></testcase><testcase classname="tests.single.bundle.test_storage_rules" name="test_rule[[STO-022]unstaked][account][account_reference_storage_init_code][ok-CALL:&gt;]" time="0.842"><failure message="AttributeError: expected result object, got:&#10;Error(code=-32502, message='factory uses banned opcode: CREATE', data=None, id=487)">tests/utils.py:199: in assert_ok
    assert response.result
E   AttributeError: 'Error' object has no attribute 'result'

The above exception was the direct cause of the following exception:
tests/single/bundle/test_storage_rules.py:864: in test_rule
    case.assert_func(response)
tests/utils.py:201: in assert_ok
    raise AttributeError(f"expected result object, got:\n{response}") from exc
E   AttributeError: expected result object, got:
E   Error(code=-32502, message='factory uses banned opcode: CREATE', data=None, id=487)</failure><system-out>--------------------------------- Captured Log ---------------------------------

--------------------------------- Captured Out ---------------------------------
CALL:&gt; funding test_rules_target 0xbEB4C4858A03Bc8eb18D265d0Fb0F5Dd52123F7F

</system-out><system-err>--------------------------------- Captured Err ---------------------------------

</system-err></testcase><testcase classname="tests.single.bundle.test_storage_rules" name="test_rule[[STO-022]unstaked][account][account_reference_storage_init_code][ok-DELEGATECALL:&gt;]" time="0.830"><failure message="AttributeError: expected result object, got:&#10;Error(code=-32502, message='factory uses banned opcode: CREATE', data=None, id=489)">tests/utils.py:199: in assert_ok
    assert response.result
E   AttributeError: 'Error' object has no attribute 'result'

The above exception was the direct cause of the following exception:
tests/single/bundle/test_storage_rules.py:864: in test_rule
    case.assert_func(response)
tests/utils.py:201: in assert_ok
    raise AttributeError(f"expected result object, got:\n{response}") from exc
E   AttributeError: expected result object, got:
E   Error(code=-32502, message='factory uses banned opcode: CREATE', data=None, id=489)</failure><system-out>--------------------------------- Captured Log ---------------------------------

--------------------------------- Captured Out ---------------------------------

</system-out><system-err>--------------------------------- Captured Err ---------------------------------

</system-err></testcase><testcase classname="tests.single.bundle.test_storage_rules" name="test_rule[[STO-022]unstaked][paymaster][account_reference_storage_init_code][ok-]" time="0.349"><failure message="AttributeError: expected result object, got:&#10;Error(code=-32000, message='precheck failed: verificationGasLimit is 6000000 but must be at most 5000000', data=None, id=491)">tests/utils.py:199: in assert_ok
    assert response.result
E   AttributeError: 'Error' object has no attribute 'result'

The above exception was the direct cause of the following exception:
tests/single/bundle/test_storage_rules.py:864: in test_rule
    case.assert_func(response)
tests/utils.py:201: in assert_ok
    raise AttributeError(f"expected result object, got:\n{response}") from exc
E   AttributeError: expected result object, got:
E   Error(code=-32000, message='precheck failed: verificationGasLimit is 6000000 but must be at most 5000000', data=None, id=491)</failure><system-out>--------------------------------- Captured Log ---------------------------------

--------------------------------- Captured Out ---------------------------------

</system-out><system-err>--------------------------------- Captured Err ---------------------------------

</system-err></testcase><testcase classname="tests.single.bundle.test_storage_rules" name="test_rule[[STO-022]unstaked][paymaster][account_reference_storage_init_code][ok-CALL:&gt;]" time="0.351"><failure message="AttributeError: expected result object, got:&#10;Error(code=-32000, message='precheck failed: verificationGasLimit is 6000000 but must be at most 5000000', data=None, id=493)">tests/utils.py:199: in assert_ok
    assert response.result
E   AttributeError: 'Error' object has no attribute 'result'

The above exception was the direct cause of the following exception:
tests/single/bundle/test_storage_rules.py:864: in test_rule
    case.assert_func(response)
tests/utils.py:201: in assert_ok
    raise AttributeError(f"expected result object, got:\n{response}") from exc
E   AttributeError: expected result object, got:
E   Error(code=-32000, message='precheck failed: verificationGasLimit is 6000000 but must be at most 5000000', data=None, id=493)</failure><system-out>--------------------------------- Captured Log ---------------------------------

--------------------------------- Captured Out ---------------------------------

</system-out><system-err>--------------------------------- Captured Err ---------------------------------

</system-err></testcase><testcase classname="tests.single.bundle.test_storage_rules" name="test_rule[[STO-022]unstaked][paymaster][account_reference_storage_init_code][ok-DELEGATECALL:&gt;]" time="0.151"><failure message="AttributeError: expected result object, got:&#10;Error(code=-32000, message='precheck failed: verificationGasLimit is 6000000 but must be at most 5000000', data=None, id=495)">tests/utils.py:199: in assert_ok
    assert response.result
E   AttributeError: 'Error' object has no attribute 'result'

The above exception was the direct cause of the following exception:
tests/single/bundle/test_storage_rules.py:864: in test_rule
    case.assert_func(response)
tests/utils.py:201: in assert_ok
    raise AttributeError(f"expected result object, got:\n{response}") from exc
E   AttributeError: expected result object, got:
E   Error(code=-32000, message='precheck failed: verificationGasLimit is 6000000 but must be at most 5000000', data=None, id=495)</failure><system-out>--------------------------------- Captured Log ---------------------------------

--------------------------------- Captured Out ---------------------------------

</system-out><system-err>--------------------------------- Captured Err ---------------------------------

</system-err></testcase><testcase classname="tests.single.bundle.test_storage_rules" name="test_rule[[STO-021]unstaked][account][account_reference_storage_struct][ok-]" time="0.292" /><testcase classname="tests.single.bundle.test_storage_rules" name="test_rule[[STO-021]unstaked][account][account_reference_storage_struct][ok-CALL:&gt;]" time="0.514" /><testcase classname="tests.single.bundle.test_storage_rules" name="test_rule[[STO-021]unstaked][account][account_reference_storage_struct][ok-DELEGATECALL:&gt;]" time="0.610" /><testcase classname="tests.single.bundle.test_storage_rules" name="test_rule[[STO-000]unstaked][account][external_storage_read][drop-]" time="0.296" /><testcase classname="tests.single.bundle.test_storage_rules" name="test_rule[[STO-000]unstaked][account][external_storage_read][drop-CALL:&gt;]" time="0.611" /><testcase classname="tests.single.bundle.test_storage_rules" name="test_rule[[STO-000]unstaked][account][external_storage_read][drop-DELEGATECALL:&gt;]" time="0.492" /><testcase classname="tests.single.bundle.test_storage_rules" name="test_rule[[OP-020]unstaked][account][out_of_gas][drop-]" time="0.393" /><testcase classname="tests.single.bundle.test_storage_rules" name="test_rule[[OP-020]unstaked][account][out_of_gas][drop-CALL:&gt;]" time="0.556" /><testcase classname="tests.single.bundle.test_storage_rules" name="test_rule[[OP-020]unstaked][account][out_of_gas][drop-DELEGATECALL:&gt;]" time="0.552" /><testcase classname="tests.single.bundle.test_storage_rules" name="test_rule[[OP-020]unstaked][account][sstore_out_of_gas][drop-]" time="0.415" /><testcase classname="tests.single.bundle.test_storage_rules" name="test_rule[[OP-020]unstaked][account][sstore_out_of_gas][drop-CALL:&gt;]" time="0.509" /><testcase classname="tests.single.bundle.test_storage_rules" name="test_rule[[OP-020]unstaked][account][sstore_out_of_gas][drop-DELEGATECALL:&gt;]" time="0.601" /><testcase classname="tests.single.bundle.test_storage_rules" name="test_rule[[STO-000]staked][account][no_storage][ok-]" time="0.295" /><testcase classname="tests.single.bundle.test_storage_rules" name="test_rule[[STO-000]staked][account][no_storage][ok-CALL:&gt;]" time="0.470" /><testcase classname="tests.single.bundle.test_storage_rules" name="test_rule[[STO-000]staked][account][no_storage][ok-DELEGATECALL:&gt;]" time="0.566" /><testcase classname="tests.single.bundle.test_storage_rules" name="test_rule[[STO-010]staked][account][account_storage][ok-]" time="0.307" /><testcase classname="tests.single.bundle.test_storage_rules" name="test_rule[[STO-010]staked][account][account_storage][ok-CALL:&gt;]" time="0.523" /><testcase classname="tests.single.bundle.test_storage_rules" name="test_rule[[STO-010]staked][account][account_storage][ok-DELEGATECALL:&gt;]" time="0.493" /><testcase classname="tests.single.bundle.test_storage_rules" name="test_rule[[STO-021]staked][account][account_reference_storage][ok-]" time="0.314" /><testcase classname="tests.single.bundle.test_storage_rules" name="test_rule[[STO-021]staked][account][account_reference_storage][ok-CALL:&gt;]" time="0.631" /><testcase classname="tests.single.bundle.test_storage_rules" name="test_rule[[STO-021]staked][account][account_reference_storage][ok-DELEGATECALL:&gt;]" time="0.618" /><testcase classname="tests.single.bundle.test_storage_rules" name="test_rule[[STO-021]staked][account][account_reference_storage_struct][ok-]" time="0.315" /><testcase classname="tests.single.bundle.test_storage_rules" name="test_rule[[STO-021]staked][account][account_reference_storage_struct][ok-CALL:&gt;]" time="0.642" /><testcase classname="tests.single.bundle.test_storage_rules" name="test_rule[[STO-021]staked][account][account_reference_storage_struct][ok-DELEGATECALL:&gt;]" time="0.644" /><testcase classname="tests.single.bundle.test_storage_rules" name="test_rule[[OP-020]staked][account][out_of_gas][drop-]" time="0.500" /><testcase classname="tests.single.bundle.test_storage_rules" name="test_rule[[OP-020]staked][account][out_of_gas][drop-CALL:&gt;]" time="0.683" /><testcase classname="tests.single.bundle.test_storage_rules" name="test_rule[[OP-020]staked][account][out_of_gas][drop-DELEGATECALL:&gt;]" time="0.580" /><testcase classname="tests.single.bundle.test_storage_rules" name="test_rule[[OP-020]staked][account][sstore_out_of_gas][drop-]" time="0.336" /><testcase classname="tests.single.bundle.test_storage_rules" name="test_rule[[OP-020]staked][account][sstore_out_of_gas][drop-CALL:&gt;]" time="0.627" /><testcase classname="tests.single.bundle.test_storage_rules" name="test_rule[[OP-020]staked][account][sstore_out_of_gas][drop-DELEGATECALL:&gt;]" time="0.517" /><testcase classname="tests.single.bundle.test_storage_rules" name="test_rule[[STO-033]staked][account][external_storage_write][drop-]" time="0.320" /><testcase classname="tests.single.bundle.test_storage_rules" name="test_rule[[STO-033]staked][account][external_storage_write][drop-CALL:&gt;]" time="0.532" /><testcase classname="tests.single.bundle.test_storage_rules" name="test_rule[[STO-033]staked][account][external_storage_write][drop-DELEGATECALL:&gt;]" time="0.521" /><testcase classname="tests.single.bundle.test_storage_rules" name="test_rule[[STO-033]staked][account][external_storage_read][ok-]" time="0.427" /><testcase classname="tests.single.bundle.test_storage_rules" name="test_rule[[STO-033]staked][account][external_storage_read][ok-CALL:&gt;]" time="0.513" /><testcase classname="tests.single.bundle.test_storage_rules" name="test_rule[[STO-033]staked][account][external_storage_read][ok-DELEGATECALL:&gt;]" time="0.622" /><testcase classname="tests.single.bundle.test_storage_rules" name="test_rule[[OP-011]unstaked][account][entryPoint_call_balanceOf][drop-]" time="0.416" /><testcase classname="tests.single.bundle.test_storage_rules" name="test_rule[[OP-011]unstaked][account][entryPoint_call_balanceOf][drop-CALL:&gt;]" time="0.618" /><testcase classname="tests.single.bundle.test_storage_rules" name="test_rule[[OP-011]unstaked][account][entryPoint_call_balanceOf][drop-DELEGATECALL:&gt;]" time="0.612" /><testcase classname="tests.single.bundle.test_storage_rules" name="test_rule[[OP-061]unstaked][account][eth_value_transfer_forbidden][drop-]" time="0.397" /><testcase classname="tests.single.bundle.test_storage_rules" name="test_rule[[OP-061]unstaked][account][eth_value_transfer_forbidden][drop-CALL:&gt;]" time="0.615" /><testcase classname="tests.single.bundle.test_storage_rules" name="test_rule[[OP-061]unstaked][account][eth_value_transfer_forbidden][drop-DELEGATECALL:&gt;]" time="0.648" /><testcase classname="tests.single.bundle.test_storage_rules" name="test_rule[[OP-053]unstaked][account][eth_value_transfer_entryPoint][ok-]" time="0.422" /><testcase classname="tests.single.bundle.test_storage_rules" name="test_rule[[OP-053]unstaked][account][eth_value_transfer_entryPoint][ok-CALL:&gt;]" time="0.630"><failure message="AttributeError: expected result object, got:&#10;Error(code=-32502, message='account called entry point method other than depositTo', data=None, id=583)">tests/utils.py:199: in assert_ok
    assert response.result
E   AttributeError: 'Error' object has no attribute 'result'

The above exception was the direct cause of the following exception:
tests/single/bundle/test_storage_rules.py:864: in test_rule
    case.assert_func(response)
tests/utils.py:201: in assert_ok
    raise AttributeError(f"expected result object, got:\n{response}") from exc
E   AttributeError: expected result object, got:
E   Error(code=-32502, message='account called entry point method other than depositTo', data=None, id=583)</failure><system-out>--------------------------------- Captured Log ---------------------------------

--------------------------------- Captured Out ---------------------------------
CALL:&gt; funding test_rules_target 0xC58e3b246f13E8057838765F5204d6400B3946AC

</system-out><system-err>--------------------------------- Captured Err ---------------------------------

</system-err></testcase><testcase classname="tests.single.bundle.test_storage_rules" name="test_rule[[OP-053]unstaked][account][eth_value_transfer_entryPoint][ok-DELEGATECALL:&gt;]" time="0.629" /><testcase classname="tests.single.bundle.test_storage_rules" name="test_rule[[OP-052]unstaked][account][eth_value_transfer_entryPoint_depositTo][ok-]" time="0.421" /><testcase classname="tests.single.bundle.test_storage_rules" name="test_rule[[OP-052]unstaked][account][eth_value_transfer_entryPoint_depositTo][ok-CALL:&gt;]" time="0.664"><failure message="AttributeError: expected result object, got:&#10;Error(code=-32502, message='account called entry point method other than depositTo', data=None, id=589)">tests/utils.py:199: in assert_ok
    assert response.result
E   AttributeError: 'Error' object has no attribute 'result'

The above exception was the direct cause of the following exception:
tests/single/bundle/test_storage_rules.py:864: in test_rule
    case.assert_func(response)
tests/utils.py:201: in assert_ok
    raise AttributeError(f"expected result object, got:\n{response}") from exc
E   AttributeError: expected result object, got:
E   Error(code=-32502, message='account called entry point method other than depositTo', data=None, id=589)</failure><system-out>--------------------------------- Captured Log ---------------------------------

--------------------------------- Captured Out ---------------------------------
CALL:&gt; funding test_rules_target 0x9FBe5Be9b0053a580D0f9516142BA99AE19F4B3b

</system-out><system-err>--------------------------------- Captured Err ---------------------------------

</system-err></testcase><testcase classname="tests.single.bundle.test_storage_rules" name="test_rule[[OP-052]unstaked][account][eth_value_transfer_entryPoint_depositTo][ok-DELEGATECALL:&gt;]" time="0.660" /><testcase classname="tests.single.bundle.test_storage_rules" name="test_rule[[OP-041]unstaked][account][EXTCODESIZE_undeployed_contract][drop-]" time="0.351" /><testcase classname="tests.single.bundle.test_storage_rules" name="test_rule[[OP-041]unstaked][account][EXTCODESIZE_undeployed_contract][drop-CALL:&gt;]" time="0.583" /><testcase classname="tests.single.bundle.test_storage_rules" name="test_rule[[OP-041]unstaked][account][EXTCODESIZE_undeployed_contract][drop-DELEGATECALL:&gt;]" time="0.575" /><testcase classname="tests.single.bundle.test_storage_rules" name="test_rule[[OP-041]unstaked][account][EXTCODEHASH_undeployed_contract][drop-]" time="0.354" /><testcase classname="tests.single.bundle.test_storage_rules" name="test_rule[[OP-041]unstaked][account][EXTCODEHASH_undeployed_contract][drop-CALL:&gt;]" time="0.585" /><testcase classname="tests.single.bundle.test_storage_rules" name="test_rule[[OP-041]unstaked][account][EXTCODEHASH_undeployed_contract][drop-DELEGATECALL:&gt;]" time="0.582" /><testcase classname="tests.single.bundle.test_storage_rules" name="test_rule[[OP-041]unstaked][account][EXTCODECOPY_undeployed_contract][drop-]" time="0.252" /><testcase classname="tests.single.bundle.test_storage_rules" name="test_rule[[OP-041]unstaked][account][EXTCODECOPY_undeployed_contract][drop-CALL:&gt;]" time="0.481" /><testcase classname="tests.single.bundle.test_storage_rules" name="test_rule[[OP-041]unstaked][account][EXTCODECOPY_undeployed_contract][drop-DELEGATECALL:&gt;]" time="0.577" /><testcase classname="tests.single.bundle.test_storage_rules" name="test_rule[[OP-054]unstaked][account][EXTCODESIZE_entrypoint][drop-]" time="0.367" /><testcase classname="tests.single.bundle.test_storage_rules" name="test_rule[[OP-054]unstaked][account][EXTCODESIZE_entrypoint][drop-CALL:&gt;]" time="0.579" /><testcase classname="tests.single.bundle.test_storage_rules" name="test_rule[[OP-054]unstaked][account][EXTCODESIZE_entrypoint][drop-DELEGATECALL:&gt;]" time="0.569" /><testcase classname="tests.single.bundle.test_storage_rules" name="test_rule[[OP-054]unstaked][account][EXTCODEHASH_entrypoint][drop-]" time="0.369" /><testcase classname="tests.single.bundle.test_storage_rules" name="test_rule[[OP-054]unstaked][account][EXTCODEHASH_entrypoint][drop-CALL:&gt;]" time="0.569" /><testcase classname="tests.single.bundle.test_storage_rules" name="test_rule[[OP-054]unstaked][account][EXTCODEHASH_entrypoint][drop-DELEGATECALL:&gt;]" time="0.571" /><testcase classname="tests.single.bundle.test_storage_rules" name="test_rule[[OP-054]unstaked][account][EXTCODECOPY_entrypoint][drop-]" time="0.368" /><testcase classname="tests.single.bundle.test_storage_rules" name="test_rule[[OP-054]unstaked][account][EXTCODECOPY_entrypoint][drop-CALL:&gt;]" time="0.577" /><testcase classname="tests.single.bundle.test_storage_rules" name="test_rule[[OP-054]unstaked][account][EXTCODECOPY_entrypoint][drop-DELEGATECALL:&gt;]" time="0.473" /><testcase classname="tests.single.bundle.test_storage_rules" name="test_rule[[OP-041]unstaked][account][CALL_undeployed_contract][drop-]" time="0.349" /><testcase classname="tests.single.bundle.test_storage_rules" name="test_rule[[OP-041]unstaked][account][CALL_undeployed_contract][drop-CALL:&gt;]" time="0.549" /><testcase classname="tests.single.bundle.test_storage_rules" name="test_rule[[OP-041]unstaked][account][CALL_undeployed_contract][drop-DELEGATECALL:&gt;]" time="0.580" /><testcase classname="tests.single.bundle.test_storage_rules" name="test_rule[[OP-041]unstaked][account][CALLCODE_undeployed_contract][drop-]" time="0.247" /><testcase classname="tests.single.bundle.test_storage_rules" name="test_rule[[OP-041]unstaked][account][CALLCODE_undeployed_contract][drop-CALL:&gt;]" time="0.569" /><testcase classname="tests.single.bundle.test_storage_rules" name="test_rule[[OP-041]unstaked][account][CALLCODE_undeployed_contract][drop-DELEGATECALL:&gt;]" time="0.466" /><testcase classname="tests.single.bundle.test_storage_rules" name="test_rule[[OP-041]unstaked][account][DELEGATECALL_undeployed_contract][drop-]" time="0.260" /><testcase classname="tests.single.bundle.test_storage_rules" name="test_rule[[OP-041]unstaked][account][DELEGATECALL_undeployed_contract][drop-CALL:&gt;]" time="0.581" /><testcase classname="tests.single.bundle.test_storage_rules" name="test_rule[[OP-041]unstaked][account][DELEGATECALL_undeployed_contract][drop-DELEGATECALL:&gt;]" time="0.590" /><testcase classname="tests.single.bundle.test_storage_rules" name="test_rule[[OP-041]unstaked][account][STATICCALL_undeployed_contract][drop-]" time="0.359" /><testcase classname="tests.single.bundle.test_storage_rules" name="test_rule[[OP-041]unstaked][account][STATICCALL_undeployed_contract][drop-CALL:&gt;]" time="0.585" /><testcase classname="tests.single.bundle.test_storage_rules" name="test_rule[[OP-041]unstaked][account][STATICCALL_undeployed_contract][drop-DELEGATECALL:&gt;]" time="0.584" /><testcase classname="tests.single.bundle.test_storage_rules" name="test_rule[[OP-062]unstaked][account][CALL_undeployed_contract_allowed_precompile][ok-]" time="0.371" /><testcase classname="tests.single.bundle.test_storage_rules" name="test_rule[[OP-062]unstaked][account][CALL_undeployed_contract_allowed_precompile][ok-CALL:&gt;]" time="0.623" /><testcase classname="tests.single.bundle.test_storage_rules" name="test_rule[[OP-062]unstaked][account][CALL_undeployed_contract_allowed_precompile][ok-DELEGATECALL:&gt;]" time="0.525" /><testcase classname="tests.single.eip7702.test_eip7702_tuple_userop" name="test_send_eip_7702_tx" time="0.076"><failure message="AttributeError: expected result object, got:&#10;Error(code=-32602, message='EIP 7702 is not supported is not supported', data=None, id=659)">tests/utils.py:199: in assert_ok
    assert response.result
E   AttributeError: 'Error' object has no attribute 'result'

The above exception was the direct cause of the following exception:
tests/single/eip7702/test_eip7702_tuple_userop.py:36: in test_send_eip_7702_tx
    assert_ok(response)
tests/utils.py:201: in assert_ok
    raise AttributeError(f"expected result object, got:\n{response}") from exc
E   AttributeError: expected result object, got:
E   Error(code=-32602, message='EIP 7702 is not supported is not supported', data=None, id=659)</failure><system-out>--------------------------------- Captured Log ---------------------------------

--------------------------------- Captured Out ---------------------------------

</system-out><system-err>--------------------------------- Captured Err ---------------------------------

</system-err></testcase><testcase classname="tests.single.eip7702.test_eip7702_tuple_userop" name="test_send_eip_7702_tx_with_initcode" time="0.071"><failure message="AttributeError: expected result object, got:&#10;Error(code=-32602, message='Invalid params', data='data did not match any variant of untagged enum RpcUserOperation', id=661)">tests/utils.py:199: in assert_ok
    assert response.result
E   AttributeError: 'Error' object has no attribute 'result'

The above exception was the direct cause of the following exception:
tests/single/eip7702/test_eip7702_tuple_userop.py:85: in test_send_eip_7702_tx_with_initcode
    assert_ok(response)
tests/utils.py:201: in assert_ok
    raise AttributeError(f"expected result object, got:\n{response}") from exc
E   AttributeError: expected result object, got:
E   Error(code=-32602, message='Invalid params', data='data did not match any variant of untagged enum RpcUserOperation', id=661)</failure><system-out>--------------------------------- Captured Log ---------------------------------

--------------------------------- Captured Out ---------------------------------

</system-out><system-err>--------------------------------- Captured Err ---------------------------------

</system-err></testcase><testcase classname="tests.single.eip7702.test_eip7702_tuple_userop" name="test_send_eip_7702_tx_with_flag_no_initcode" time="0.072"><failure message="AttributeError: expected result object, got:&#10;Error(code=-32602, message='Invalid params', data='data did not match any variant of untagged enum RpcUserOperation', id=663)">tests/utils.py:199: in assert_ok
    assert response.result
E   AttributeError: 'Error' object has no attribute 'result'

The above exception was the direct cause of the following exception:
tests/single/eip7702/test_eip7702_tuple_userop.py:127: in test_send_eip_7702_tx_with_flag_no_initcode
    assert_ok(response)
tests/utils.py:201: in assert_ok
    raise AttributeError(f"expected result object, got:\n{response}") from exc
E   AttributeError: expected result object, got:
E   Error(code=-32602, message='Invalid params', data='data did not match any variant of untagged enum RpcUserOperation', id=663)</failure><system-out>--------------------------------- Captured Log ---------------------------------

--------------------------------- Captured Out ---------------------------------

</system-out><system-err>--------------------------------- Captured Err ---------------------------------

</system-err></testcase><testcase classname="tests.single.eip7702.test_eip7702_tuple_userop" name="test_send_post_eip_7702_tx[0]" time="0.072"><failure message="AttributeError: expected result object, got:&#10;Error(code=-32602, message='EIP 7702 is not supported is not supported', data=None, id=665)">tests/utils.py:199: in assert_ok
    assert response.result
E   AttributeError: 'Error' object has no attribute 'result'

The above exception was the direct cause of the following exception:
tests/single/eip7702/test_eip7702_tuple_userop.py:156: in test_send_post_eip_7702_tx
    assert_ok(response)
tests/utils.py:201: in assert_ok
    raise AttributeError(f"expected result object, got:\n{response}") from exc
E   AttributeError: expected result object, got:
E   Error(code=-32602, message='EIP 7702 is not supported is not supported', data=None, id=665)</failure><system-out>--------------------------------- Captured Log ---------------------------------

--------------------------------- Captured Out ---------------------------------

</system-out><system-err>--------------------------------- Captured Err ---------------------------------

</system-err></testcase><testcase classname="tests.single.eip7702.test_eip7702_tuple_userop" name="test_send_post_eip_7702_tx[1337]" time="0.073"><failure message="AttributeError: expected result object, got:&#10;Error(code=-32602, message='EIP 7702 is not supported is not supported', data=None, id=667)">tests/utils.py:199: in assert_ok
    assert response.result
E   AttributeError: 'Error' object has no attribute 'result'

The above exception was the direct cause of the following exception:
tests/single/eip7702/test_eip7702_tuple_userop.py:156: in test_send_post_eip_7702_tx
    assert_ok(response)
tests/utils.py:201: in assert_ok
    raise AttributeError(f"expected result object, got:\n{response}") from exc
E   AttributeError: expected result object, got:
E   Error(code=-32602, message='EIP 7702 is not supported is not supported', data=None, id=667)</failure><system-out>--------------------------------- Captured Log ---------------------------------

--------------------------------- Captured Out ---------------------------------

</system-out><system-err>--------------------------------- Captured Err ---------------------------------

</system-err></testcase><testcase classname="tests.single.eip7702.test_eip7702_tuple_userop" name="test_send_bad_eip_7702_drop_userop" time="0.105"><failure message="AssertionError: assert -32602 == &lt;RPCErrorCode.REJECTED_BY_EP_OR_ACCOUNT: -32500&gt;&#10; +  where -32602 = Error(code=-32602, message='EIP 7702 is not supported is not supported', data=None, id=669).code">tests/single/eip7702/test_eip7702_tuple_userop.py:208: in test_send_bad_eip_7702_drop_userop
    assert_rpc_error(response, "", RPCErrorCode.REJECTED_BY_EP_OR_ACCOUNT)
tests/utils.py:206: in assert_rpc_error
    assert response.code == code
E   AssertionError: assert -32602 == &lt;RPCErrorCode.REJECTED_BY_EP_OR_ACCOUNT: -32500&gt;
E    +  where -32602 = Error(code=-32602, message='EIP 7702 is not supported is not supported', data=None, id=669).code</failure><system-out>--------------------------------- Captured Log ---------------------------------

--------------------------------- Captured Out ---------------------------------

</system-out><system-err>--------------------------------- Captured Err ---------------------------------

</system-err></testcase><testcase classname="tests.single.eip7702.test_eip7702_tuple_userop" name="test_send_nonsender_eip_7702_drop_userop" time="0.050"><failure message="AssertionError: assert 'sender' in 'eip 7702 is not supported is not supported'&#10; +  where 'sender' = &lt;built-in method lower of str object at 0x7fbb8ff306b0&gt;()&#10; +    where &lt;built-in method lower of str object at 0x7fbb8ff306b0&gt; = 'sender'.lower&#10; +  and   'eip 7702 is not supported is not supported' = &lt;built-in method lower of str object at 0x7fbb8db93930&gt;()&#10; +    where &lt;built-in method lower of str object at 0x7fbb8db93930&gt; = 'EIP 7702 is not supported is not supported'.lower&#10; +      where 'EIP 7702 is not supported is not supported' = Error(code=-32602, message='EIP 7702 is not supported is not supported', data=None, id=671).message">tests/single/eip7702/test_eip7702_tuple_userop.py:223: in test_send_nonsender_eip_7702_drop_userop
    assert_rpc_error(userop.send(), "sender", RPCErrorCode.INVALID_FIELDS)
tests/utils.py:207: in assert_rpc_error
    assert message.lower() in response.message.lower()
E   AssertionError: assert 'sender' in 'eip 7702 is not supported is not supported'
E    +  where 'sender' = &lt;built-in method lower of str object at 0x7fbb8ff306b0&gt;()
E    +    where &lt;built-in method lower of str object at 0x7fbb8ff306b0&gt; = 'sender'.lower
E    +  and   'eip 7702 is not supported is not supported' = &lt;built-in method lower of str object at 0x7fbb8db93930&gt;()
E    +    where &lt;built-in method lower of str object at 0x7fbb8db93930&gt; = 'EIP 7702 is not supported is not supported'.lower
E    +      where 'EIP 7702 is not supported is not supported' = Error(code=-32602, message='EIP 7702 is not supported is not supported', data=None, id=671).message</failure><system-out>--------------------------------- Captured Log ---------------------------------

--------------------------------- Captured Out ---------------------------------

</system-out><system-err>--------------------------------- Captured Err ---------------------------------

</system-err></testcase><testcase classname="tests.single.eip7702.test_eip7702_tuple_userop" name="test_send_wrongchain_eip_7702_drop_userop" time="0.064"><failure message="AttributeError: expected result object, got:&#10;Error(code=-32602, message='EIP 7702 is not supported is not supported', data=None, id=673)">tests/utils.py:199: in assert_ok
    assert response.result
E   AttributeError: 'Error' object has no attribute 'result'

The above exception was the direct cause of the following exception:
tests/single/eip7702/test_eip7702_tuple_userop.py:244: in test_send_wrongchain_eip_7702_drop_userop
    assert_ok(userop.send())
tests/utils.py:201: in assert_ok
    raise AttributeError(f"expected result object, got:\n{response}") from exc
E   AttributeError: expected result object, got:
E   Error(code=-32602, message='EIP 7702 is not supported is not supported', data=None, id=673)</failure><system-out>--------------------------------- Captured Log ---------------------------------

--------------------------------- Captured Out ---------------------------------

</system-out><system-err>--------------------------------- Captured Err ---------------------------------

</system-err></testcase><testcase classname="tests.single.gas.test_eip_7623" name="test_normal_calldata" time="0.153"><failure message="AttributeError: expected result object, got:&#10;Error(code=-32000, message='precheck failed: preVerificationGas is 42000 but must be at least 43032', data=None, id=675)">tests/utils.py:199: in assert_ok
    assert response.result
E   AttributeError: 'Error' object has no attribute 'result'

The above exception was the direct cause of the following exception:
tests/single/gas/test_eip_7623.py:35: in test_normal_calldata
    assert_ok(op.send())
tests/utils.py:201: in assert_ok
    raise AttributeError(f"expected result object, got:\n{response}") from exc
E   AttributeError: expected result object, got:
E   Error(code=-32000, message='precheck failed: preVerificationGas is 42000 but must be at least 43032', data=None, id=675)</failure><system-out>--------------------------------- Captured Log ---------------------------------

--------------------------------- Captured Out ---------------------------------

</system-out><system-err>--------------------------------- Captured Err ---------------------------------

</system-err></testcase><testcase classname="tests.single.gas.test_eip_7623" name="test_huge_calldata_failed" time="0.151"><failure message="AssertionError: assert -32000 == &lt;RPCErrorCode.INVALID_FIELDS: -32602&gt;&#10; +  where -32000 = Error(code=-32000, message='precheck failed: preVerificationGas is 42000 but must be at least 59136', data=None, id=677).code">tests/single/gas/test_eip_7623.py:55: in test_huge_calldata_failed
    assert_rpc_error(ret, "preVerificationGas", RPCErrorCode.INVALID_FIELDS)
tests/utils.py:206: in assert_rpc_error
    assert response.code == code
E   AssertionError: assert -32000 == &lt;RPCErrorCode.INVALID_FIELDS: -32602&gt;
E    +  where -32000 = Error(code=-32000, message='precheck failed: preVerificationGas is 42000 but must be at least 59136', data=None, id=677).code</failure><system-out>--------------------------------- Captured Log ---------------------------------

--------------------------------- Captured Out ---------------------------------

</system-out><system-err>--------------------------------- Captured Err ---------------------------------

</system-err></testcase><testcase classname="tests.single.gas.test_eip_7623" name="test_huge_calldata_with_callgas" time="0.182"><failure message="AssertionError: assert -32000 == &lt;RPCErrorCode.INVALID_FIELDS: -32602&gt;&#10; +  where -32000 = Error(code=-32000, message='precheck failed: preVerificationGas is 42000 but must be at least 59148', data=None, id=679).code">tests/single/gas/test_eip_7623.py:74: in test_huge_calldata_with_callgas
    assert_rpc_error(ret, "preVerificationGas", RPCErrorCode.INVALID_FIELDS)
tests/utils.py:206: in assert_rpc_error
    assert response.code == code
E   AssertionError: assert -32000 == &lt;RPCErrorCode.INVALID_FIELDS: -32602&gt;
E    +  where -32000 = Error(code=-32000, message='precheck failed: preVerificationGas is 42000 but must be at least 59148', data=None, id=679).code</failure><system-out>--------------------------------- Captured Log ---------------------------------

--------------------------------- Captured Out ---------------------------------

</system-out><system-err>--------------------------------- Captured Err ---------------------------------

</system-err></testcase><testcase classname="tests.single.gas.test_eip_7623" name="test_estimate_huge_calldata" time="0.035"><failure message="AttributeError: expected result object, got:&#10;Error(code=-32000, message='precheck failed: preVerificationGas is 42000 but must be at least 59160', data=None, id=682)">tests/utils.py:199: in assert_ok
    assert response.result
E   AttributeError: 'Error' object has no attribute 'result'

The above exception was the direct cause of the following exception:
tests/single/gas/test_eip_7623.py:100: in test_estimate_huge_calldata
    assert_ok(op.send())
tests/utils.py:201: in assert_ok
    raise AttributeError(f"expected result object, got:\n{response}") from exc
E   AttributeError: expected result object, got:
E   Error(code=-32000, message='precheck failed: preVerificationGas is 42000 but must be at least 59160', data=None, id=682)</failure><system-out>--------------------------------- Captured Log ---------------------------------

--------------------------------- Captured Out ---------------------------------
Ok(result={'preVerificationGas': '0xa410', 'callGasLimit': '0xf4240', 'verificationGasLimit': '0xf4240', 'paymasterVerificationGasLimit': None}, id=681)

</system-out><system-err>--------------------------------- Captured Err ---------------------------------

</system-err></testcase><testcase classname="tests.single.opbanning.test_create" name="test_account_no_factory[CREATE]" time="0.329" /><testcase classname="tests.single.opbanning.test_create" name="test_account_no_factory[CREATE2]" time="0.229" /><testcase classname="tests.single.opbanning.test_create" name="test_paymaster_banned_create[CREATE]" time="0.384" /><testcase classname="tests.single.opbanning.test_create" name="test_paymaster_banned_create[CREATE2]" time="0.397" /><testcase classname="tests.single.opbanning.test_create" name="test_account_create2_once" time="0.277" /><testcase classname="tests.single.opbanning.test_create" name="test_account_create_with_factory[factory=unstaked,op=CREATE,expect=ok,rule=OP-032]" time="0.380"><failure message="AttributeError: expected result object, got:&#10;Error(code=-32502, message='account uses banned opcode: CREATE', data=None, id=694)">tests/utils.py:199: in assert_ok
    assert response.result
E   AttributeError: 'Error' object has no attribute 'result'

The above exception was the direct cause of the following exception:
tests/single/opbanning/test_create.py:136: in test_account_create_with_factory
    assert_ok(response)
tests/utils.py:201: in assert_ok
    raise AttributeError(f"expected result object, got:\n{response}") from exc
E   AttributeError: expected result object, got:
E   Error(code=-32502, message='account uses banned opcode: CREATE', data=None, id=694)</failure><system-out>--------------------------------- Captured Log ---------------------------------

--------------------------------- Captured Out ---------------------------------

</system-out><system-err>--------------------------------- Captured Err ---------------------------------

</system-err></testcase><testcase classname="tests.single.opbanning.test_create" name="test_account_create_with_factory[factory=unstaked,op=CREATE2,expect=err,rule=OP-032]" time="0.284" /><testcase classname="tests.single.opbanning.test_create" name="test_account_create_with_factory[factory=staked,op=CREATE,expect=ok,rule=EREP-060]" time="0.408"><failure message="AttributeError: expected result object, got:&#10;Error(code=-32502, message='account uses banned opcode: CREATE', data=None, id=698)">tests/utils.py:199: in assert_ok
    assert response.result
E   AttributeError: 'Error' object has no attribute 'result'

The above exception was the direct cause of the following exception:
tests/single/opbanning/test_create.py:136: in test_account_create_with_factory
    assert_ok(response)
tests/utils.py:201: in assert_ok
    raise AttributeError(f"expected result object, got:\n{response}") from exc
E   AttributeError: expected result object, got:
E   Error(code=-32502, message='account uses banned opcode: CREATE', data=None, id=698)</failure><system-out>--------------------------------- Captured Log ---------------------------------

--------------------------------- Captured Out ---------------------------------

</system-out><system-err>--------------------------------- Captured Err ---------------------------------

</system-err></testcase><testcase classname="tests.single.opbanning.test_create" name="test_account_create_with_factory[factory=staked,op=nested-CREATE,expect=err,rule=EREP-060]" time="0.400" /><testcase classname="tests.single.opbanning.test_create" name="test_account_create_with_factory[factory=staked,op=nested-CREATE2,expect=err,rule=EREP-060]" time="0.301"><failure message="AssertionError: assert 'account uses banned opcode: create2' in 'account uses banned opcode: create'&#10; +  where 'account uses banned opcode: create2' = &lt;built-in method lower of str object at 0x7fbb8db93b10&gt;()&#10; +    where &lt;built-in method lower of str object at 0x7fbb8db93b10&gt; = 'account uses banned opcode: CREATE2'.lower&#10; +  and   'account uses banned opcode: create' = &lt;built-in method lower of str object at 0x7fbb8db959b0&gt;()&#10; +    where &lt;built-in method lower of str object at 0x7fbb8db959b0&gt; = 'account uses banned opcode: CREATE'.lower&#10; +      where 'account uses banned opcode: CREATE' = Error(code=-32502, message='account uses banned opcode: CREATE', data=None, id=702).message">tests/single/opbanning/test_create.py:138: in test_account_create_with_factory
    assert_rpc_error(
tests/utils.py:207: in assert_rpc_error
    assert message.lower() in response.message.lower()
E   AssertionError: assert 'account uses banned opcode: create2' in 'account uses banned opcode: create'
E    +  where 'account uses banned opcode: create2' = &lt;built-in method lower of str object at 0x7fbb8db93b10&gt;()
E    +    where &lt;built-in method lower of str object at 0x7fbb8db93b10&gt; = 'account uses banned opcode: CREATE2'.lower
E    +  and   'account uses banned opcode: create' = &lt;built-in method lower of str object at 0x7fbb8db959b0&gt;()
E    +    where &lt;built-in method lower of str object at 0x7fbb8db959b0&gt; = 'account uses banned opcode: CREATE'.lower
E    +      where 'account uses banned opcode: CREATE' = Error(code=-32502, message='account uses banned opcode: CREATE', data=None, id=702).message</failure><system-out>--------------------------------- Captured Log ---------------------------------

--------------------------------- Captured Out ---------------------------------

</system-out><system-err>--------------------------------- Captured Err ---------------------------------

</system-err></testcase><testcase classname="tests.single.opbanning.test_create" name="test_account_create_with_factory[factory=staked,op=CREATE2,expect=ok,rule=EREP-060]" time="0.400"><failure message="AttributeError: expected result object, got:&#10;Error(code=-32502, message='account uses banned opcode: CREATE2', data=None, id=704)">tests/utils.py:199: in assert_ok
    assert response.result
E   AttributeError: 'Error' object has no attribute 'result'

The above exception was the direct cause of the following exception:
tests/single/opbanning/test_create.py:136: in test_account_create_with_factory
    assert_ok(response)
tests/utils.py:201: in assert_ok
    raise AttributeError(f"expected result object, got:\n{response}") from exc
E   AttributeError: expected result object, got:
E   Error(code=-32502, message='account uses banned opcode: CREATE2', data=None, id=704)</failure><system-out>--------------------------------- Captured Log ---------------------------------

--------------------------------- Captured Out ---------------------------------

</system-out><system-err>--------------------------------- Captured Err ---------------------------------

</system-err></testcase><testcase classname="tests.single.opbanning.test_op_banning" name="test_account_banned_opcode[GAS-]" time="0.304" /><testcase classname="tests.single.opbanning.test_op_banning" name="test_account_banned_opcode[GAS-CALL:&gt;]" time="0.439" /><testcase classname="tests.single.opbanning.test_op_banning" name="test_account_banned_opcode[GAS-DELEGATECALL:&gt;]" time="0.452" /><testcase classname="tests.single.opbanning.test_op_banning" name="test_account_banned_opcode[NUMBER-]" time="0.197" /><testcase classname="tests.single.opbanning.test_op_banning" name="test_account_banned_opcode[NUMBER-CALL:&gt;]" time="0.483" /><testcase classname="tests.single.opbanning.test_op_banning" name="test_account_banned_opcode[NUMBER-DELEGATECALL:&gt;]" time="0.467" /><testcase classname="tests.single.opbanning.test_op_banning" name="test_account_banned_opcode[TIMESTAMP-]" time="0.299" /><testcase classname="tests.single.opbanning.test_op_banning" name="test_account_banned_opcode[TIMESTAMP-CALL:&gt;]" time="0.460" /><testcase classname="tests.single.opbanning.test_op_banning" name="test_account_banned_opcode[TIMESTAMP-DELEGATECALL:&gt;]" time="0.484" /><testcase classname="tests.single.opbanning.test_op_banning" name="test_account_banned_opcode[COINBASE-]" time="0.306" /><testcase classname="tests.single.opbanning.test_op_banning" name="test_account_banned_opcode[COINBASE-CALL:&gt;]" time="0.353" /><testcase classname="tests.single.opbanning.test_op_banning" name="test_account_banned_opcode[COINBASE-DELEGATECALL:&gt;]" time="0.474" /><testcase classname="tests.single.opbanning.test_op_banning" name="test_account_banned_opcode[DIFFICULTY-]" time="0.310" /><testcase classname="tests.single.opbanning.test_op_banning" name="test_account_banned_opcode[DIFFICULTY-CALL:&gt;]" time="0.463" /><testcase classname="tests.single.opbanning.test_op_banning" name="test_account_banned_opcode[DIFFICULTY-DELEGATECALL:&gt;]" time="0.490" /><testcase classname="tests.single.opbanning.test_op_banning" name="test_account_banned_opcode[BASEFEE-]" time="0.329" /><testcase classname="tests.single.opbanning.test_op_banning" name="test_account_banned_opcode[BASEFEE-CALL:&gt;]" time="0.465" /><testcase classname="tests.single.opbanning.test_op_banning" name="test_account_banned_opcode[BASEFEE-DELEGATECALL:&gt;]" time="0.465" /><testcase classname="tests.single.opbanning.test_op_banning" name="test_account_banned_opcode[GASLIMIT-]" time="0.312" /><testcase classname="tests.single.opbanning.test_op_banning" name="test_account_banned_opcode[GASLIMIT-CALL:&gt;]" time="0.457" /><testcase classname="tests.single.opbanning.test_op_banning" name="test_account_banned_opcode[GASLIMIT-DELEGATECALL:&gt;]" time="0.480" /><testcase classname="tests.single.opbanning.test_op_banning" name="test_account_banned_opcode[GASPRICE-]" time="0.312" /><testcase classname="tests.single.opbanning.test_op_banning" name="test_account_banned_opcode[GASPRICE-CALL:&gt;]" time="0.461" /><testcase classname="tests.single.opbanning.test_op_banning" name="test_account_banned_opcode[GASPRICE-DELEGATECALL:&gt;]" time="0.481" /><testcase classname="tests.single.opbanning.test_op_banning" name="test_account_banned_opcode[SELFBALANCE-]" time="0.334" /><testcase classname="tests.single.opbanning.test_op_banning" name="test_account_banned_opcode[SELFBALANCE-CALL:&gt;]" time="0.495" /><testcase classname="tests.single.opbanning.test_op_banning" name="test_account_banned_opcode[SELFBALANCE-DELEGATECALL:&gt;]" time="0.411" /><testcase classname="tests.single.opbanning.test_op_banning" name="test_account_banned_opcode[BALANCE-]" time="0.209" /><testcase classname="tests.single.opbanning.test_op_banning" name="test_account_banned_opcode[BALANCE-CALL:&gt;]" time="0.459" /><testcase classname="tests.single.opbanning.test_op_banning" name="test_account_banned_opcode[BALANCE-DELEGATECALL:&gt;]" time="0.476" /><testcase classname="tests.single.opbanning.test_op_banning" name="test_account_banned_opcode[ORIGIN-]" time="0.314" /><testcase classname="tests.single.opbanning.test_op_banning" name="test_account_banned_opcode[ORIGIN-CALL:&gt;]" time="0.463" /><testcase classname="tests.single.opbanning.test_op_banning" name="test_account_banned_opcode[ORIGIN-DELEGATECALL:&gt;]" time="0.373" /><testcase classname="tests.single.opbanning.test_op_banning" name="test_account_banned_opcode[BLOCKHASH-]" time="0.312" /><testcase classname="tests.single.opbanning.test_op_banning" name="test_account_banned_opcode[BLOCKHASH-CALL:&gt;]" time="0.469" /><testcase classname="tests.single.opbanning.test_op_banning" name="test_account_banned_opcode[BLOCKHASH-DELEGATECALL:&gt;]" time="0.484" /><testcase classname="tests.single.opbanning.test_op_banning" name="test_account_banned_opcode[CREATE-]" time="0.326" /><testcase classname="tests.single.opbanning.test_op_banning" name="test_account_banned_opcode[CREATE-CALL:&gt;]" time="0.361" /><testcase classname="tests.single.opbanning.test_op_banning" name="test_account_banned_opcode[CREATE-DELEGATECALL:&gt;]" time="0.492" /><testcase classname="tests.single.opbanning.test_op_banning" name="test_account_banned_opcode[CREATE2-]" time="0.324" /><testcase classname="tests.single.opbanning.test_op_banning" name="test_account_banned_opcode[CREATE2-CALL:&gt;]" time="0.377" /><testcase classname="tests.single.opbanning.test_op_banning" name="test_account_banned_opcode[CREATE2-DELEGATECALL:&gt;]" time="0.488" /><testcase classname="tests.single.opbanning.test_op_banning" name="test_account_banned_opcode[SELFDESTRUCT-]" time="0.328" /><testcase classname="tests.single.opbanning.test_op_banning" name="test_account_banned_opcode[SELFDESTRUCT-CALL:&gt;]" time="0.397" /><testcase classname="tests.single.opbanning.test_op_banning" name="test_account_banned_opcode[SELFDESTRUCT-DELEGATECALL:&gt;]" time="0.509" /><testcase classname="tests.single.opbanning.test_op_banning" name="test_account_banned_opcode[BLOBHASH-]" time="0.324" /><testcase classname="tests.single.opbanning.test_op_banning" name="test_account_banned_opcode[BLOBHASH-CALL:&gt;]" time="0.476" /><testcase classname="tests.single.opbanning.test_op_banning" name="test_account_banned_opcode[BLOBHASH-DELEGATECALL:&gt;]" time="0.511" /><testcase classname="tests.single.opbanning.test_op_banning" name="test_account_banned_opcode[BLOBBASEFEE-]" time="0.325" /><testcase classname="tests.single.opbanning.test_op_banning" name="test_account_banned_opcode[BLOBBASEFEE-CALL:&gt;]" time="0.484" /><testcase classname="tests.single.opbanning.test_op_banning" name="test_account_banned_opcode[BLOBBASEFEE-DELEGATECALL:&gt;]" time="0.399" /><testcase classname="tests.single.opbanning.test_op_banning" name="test_account_allowed_opcode_when_staked[BALANCE-]" time="0.232" /><testcase classname="tests.single.opbanning.test_op_banning" name="test_account_allowed_opcode_when_staked[BALANCE-CALL:&gt;]" time="0.486" /><testcase classname="tests.single.opbanning.test_op_banning" name="test_account_allowed_opcode_when_staked[BALANCE-DELEGATECALL:&gt;]" time="0.504" /><testcase classname="tests.single.opbanning.test_op_banning" name="test_account_allowed_opcode_when_staked[SELFBALANCE-]" time="0.352" /><testcase classname="tests.single.opbanning.test_op_banning" name="test_account_allowed_opcode_when_staked[SELFBALANCE-CALL:&gt;]" time="0.511" /><testcase classname="tests.single.opbanning.test_op_banning" name="test_account_allowed_opcode_when_staked[SELFBALANCE-DELEGATECALL:&gt;]" time="0.529" /><testcase classname="tests.single.opbanning.test_op_banning" name="test_account_allowed_opcode_sequence[GAS CALL-]" time="0.355" /><testcase classname="tests.single.opbanning.test_op_banning" name="test_account_allowed_opcode_sequence[GAS CALL-CALL:&gt;]" time="0.508" /><testcase classname="tests.single.opbanning.test_op_banning" name="test_account_allowed_opcode_sequence[GAS CALL-DELEGATECALL:&gt;]" time="0.415" /><testcase classname="tests.single.opbanning.test_op_banning" name="test_account_allowed_opcode_sequence[GAS DELEGATECALL-]" time="0.351" /><testcase classname="tests.single.opbanning.test_op_banning" name="test_account_allowed_opcode_sequence[GAS DELEGATECALL-CALL:&gt;]" time="0.514" /><testcase classname="tests.single.opbanning.test_op_banning" name="test_account_allowed_opcode_sequence[GAS DELEGATECALL-DELEGATECALL:&gt;]" time="0.536" /><testcase classname="tests.single.opbanning.test_op_banning" name="test_paymaster_banned_opcode[GAS-]" time="0.353" /><testcase classname="tests.single.opbanning.test_op_banning" name="test_paymaster_banned_opcode[GAS-CALL:&gt;]" time="0.503" /><testcase classname="tests.single.opbanning.test_op_banning" name="test_paymaster_banned_opcode[GAS-DELEGATECALL:&gt;]" time="0.597" /><testcase classname="tests.single.opbanning.test_op_banning" name="test_paymaster_banned_opcode[NUMBER-]" time="0.353" /><testcase classname="tests.single.opbanning.test_op_banning" name="test_paymaster_banned_opcode[NUMBER-CALL:&gt;]" time="0.547" /><testcase classname="tests.single.opbanning.test_op_banning" name="test_paymaster_banned_opcode[NUMBER-DELEGATECALL:&gt;]" time="0.637" /><testcase classname="tests.single.opbanning.test_op_banning" name="test_paymaster_banned_opcode[TIMESTAMP-]" time="0.384" /><testcase classname="tests.single.opbanning.test_op_banning" name="test_paymaster_banned_opcode[TIMESTAMP-CALL:&gt;]" time="0.579" /><testcase classname="tests.single.opbanning.test_op_banning" name="test_paymaster_banned_opcode[TIMESTAMP-DELEGATECALL:&gt;]" time="0.672" /><testcase classname="tests.single.opbanning.test_op_banning" name="test_paymaster_banned_opcode[COINBASE-]" time="0.374" /><testcase classname="tests.single.opbanning.test_op_banning" name="test_paymaster_banned_opcode[COINBASE-CALL:&gt;]" time="0.571" /><testcase classname="tests.single.opbanning.test_op_banning" name="test_paymaster_banned_opcode[COINBASE-DELEGATECALL:&gt;]" time="0.661" /><testcase classname="tests.single.opbanning.test_op_banning" name="test_paymaster_banned_opcode[DIFFICULTY-]" time="0.392" /><testcase classname="tests.single.opbanning.test_op_banning" name="test_paymaster_banned_opcode[DIFFICULTY-CALL:&gt;]" time="0.613" /><testcase classname="tests.single.opbanning.test_op_banning" name="test_paymaster_banned_opcode[DIFFICULTY-DELEGATECALL:&gt;]" time="0.678" /><testcase classname="tests.single.opbanning.test_op_banning" name="test_paymaster_banned_opcode[BASEFEE-]" time="0.404" /><testcase classname="tests.single.opbanning.test_op_banning" name="test_paymaster_banned_opcode[BASEFEE-CALL:&gt;]" time="0.573" /><testcase classname="tests.single.opbanning.test_op_banning" name="test_paymaster_banned_opcode[BASEFEE-DELEGATECALL:&gt;]" time="0.646" /><testcase classname="tests.single.opbanning.test_op_banning" name="test_paymaster_banned_opcode[GASLIMIT-]" time="0.380" /><testcase classname="tests.single.opbanning.test_op_banning" name="test_paymaster_banned_opcode[GASLIMIT-CALL:&gt;]" time="0.586" /><testcase classname="tests.single.opbanning.test_op_banning" name="test_paymaster_banned_opcode[GASLIMIT-DELEGATECALL:&gt;]" time="0.661" /><testcase classname="tests.single.opbanning.test_op_banning" name="test_paymaster_banned_opcode[GASPRICE-]" time="0.283" /><testcase classname="tests.single.opbanning.test_op_banning" name="test_paymaster_banned_opcode[GASPRICE-CALL:&gt;]" time="0.576" /><testcase classname="tests.single.opbanning.test_op_banning" name="test_paymaster_banned_opcode[GASPRICE-DELEGATECALL:&gt;]" time="0.662" /><testcase classname="tests.single.opbanning.test_op_banning" name="test_paymaster_banned_opcode[SELFBALANCE-]" time="0.424" /><testcase classname="tests.single.opbanning.test_op_banning" name="test_paymaster_banned_opcode[SELFBALANCE-CALL:&gt;]" time="0.633" /><testcase classname="tests.single.opbanning.test_op_banning" name="test_paymaster_banned_opcode[SELFBALANCE-DELEGATECALL:&gt;]" time="0.709" /><testcase classname="tests.single.opbanning.test_op_banning" name="test_paymaster_banned_opcode[BALANCE-]" time="0.374" /><testcase classname="tests.single.opbanning.test_op_banning" name="test_paymaster_banned_opcode[BALANCE-CALL:&gt;]" time="0.571" /><testcase classname="tests.single.opbanning.test_op_banning" name="test_paymaster_banned_opcode[BALANCE-DELEGATECALL:&gt;]" time="0.658" /><testcase classname="tests.single.opbanning.test_op_banning" name="test_paymaster_banned_opcode[ORIGIN-]" time="0.373" /><testcase classname="tests.single.opbanning.test_op_banning" name="test_paymaster_banned_opcode[ORIGIN-CALL:&gt;]" time="0.565" /><testcase classname="tests.single.opbanning.test_op_banning" name="test_paymaster_banned_opcode[ORIGIN-DELEGATECALL:&gt;]" time="0.640" /><testcase classname="tests.single.opbanning.test_op_banning" name="test_paymaster_banned_opcode[BLOCKHASH-]" time="0.392" /><testcase classname="tests.single.opbanning.test_op_banning" name="test_paymaster_banned_opcode[BLOCKHASH-CALL:&gt;]" time="0.595" /><testcase classname="tests.single.opbanning.test_op_banning" name="test_paymaster_banned_opcode[BLOCKHASH-DELEGATECALL:&gt;]" time="0.675" /><testcase classname="tests.single.opbanning.test_op_banning" name="test_paymaster_banned_opcode[CREATE-]" time="0.385" /><testcase classname="tests.single.opbanning.test_op_banning" name="test_paymaster_banned_opcode[CREATE-CALL:&gt;]" time="0.564" /><testcase classname="tests.single.opbanning.test_op_banning" name="test_paymaster_banned_opcode[CREATE-DELEGATECALL:&gt;]" time="0.681" /><testcase classname="tests.single.opbanning.test_op_banning" name="test_paymaster_banned_opcode[CREATE2-]" time="0.387" /><testcase classname="tests.single.opbanning.test_op_banning" name="test_paymaster_banned_opcode[CREATE2-CALL:&gt;]" time="0.587" /><testcase classname="tests.single.opbanning.test_op_banning" name="test_paymaster_banned_opcode[CREATE2-DELEGATECALL:&gt;]" time="0.666" /><testcase classname="tests.single.opbanning.test_op_banning" name="test_paymaster_banned_opcode[SELFDESTRUCT-]" time="0.334" /><testcase classname="tests.single.opbanning.test_op_banning" name="test_paymaster_banned_opcode[SELFDESTRUCT-CALL:&gt;]" time="0.639" /><testcase classname="tests.single.opbanning.test_op_banning" name="test_paymaster_banned_opcode[SELFDESTRUCT-DELEGATECALL:&gt;]" time="0.739" /><testcase classname="tests.single.opbanning.test_op_banning" name="test_paymaster_banned_opcode[BLOBHASH-]" time="0.390" /><testcase classname="tests.single.opbanning.test_op_banning" name="test_paymaster_banned_opcode[BLOBHASH-CALL:&gt;]" time="0.599" /><testcase classname="tests.single.opbanning.test_op_banning" name="test_paymaster_banned_opcode[BLOBHASH-DELEGATECALL:&gt;]" time="0.680" /><testcase classname="tests.single.opbanning.test_op_banning" name="test_paymaster_banned_opcode[BLOBBASEFEE-]" time="0.429" /><testcase classname="tests.single.opbanning.test_op_banning" name="test_paymaster_banned_opcode[BLOBBASEFEE-CALL:&gt;]" time="0.629" /><testcase classname="tests.single.opbanning.test_op_banning" name="test_paymaster_banned_opcode[BLOBBASEFEE-DELEGATECALL:&gt;]" time="0.707" /><testcase classname="tests.single.opbanning.test_op_banning" name="test_paymaster_allowed_opcode_when_staked[BALANCE]" time="0.395" /><testcase classname="tests.single.opbanning.test_op_banning" name="test_paymaster_allowed_opcode_when_staked[SELFBALANCE]" time="0.443" /><testcase classname="tests.single.opbanning.test_op_banning" name="test_factory_banned_opcode[GAS]" time="0.345" /><testcase classname="tests.single.opbanning.test_op_banning" name="test_factory_banned_opcode[NUMBER]" time="0.341" /><testcase classname="tests.single.opbanning.test_op_banning" name="test_factory_banned_opcode[TIMESTAMP]" time="0.346" /><testcase classname="tests.single.opbanning.test_op_banning" name="test_factory_banned_opcode[COINBASE]" time="0.350" /><testcase classname="tests.single.opbanning.test_op_banning" name="test_factory_banned_opcode[DIFFICULTY]" time="0.350" /><testcase classname="tests.single.opbanning.test_op_banning" name="test_factory_banned_opcode[BASEFEE]" time="0.349" /><testcase classname="tests.single.opbanning.test_op_banning" name="test_factory_banned_opcode[GASLIMIT]" time="0.349" /><testcase classname="tests.single.opbanning.test_op_banning" name="test_factory_banned_opcode[GASPRICE]" time="0.353" /><testcase classname="tests.single.opbanning.test_op_banning" name="test_factory_banned_opcode[SELFBALANCE]" time="0.375" /><testcase classname="tests.single.opbanning.test_op_banning" name="test_factory_banned_opcode[BALANCE]" time="0.357" /><testcase classname="tests.single.opbanning.test_op_banning" name="test_factory_banned_opcode[ORIGIN]" time="0.356" /><testcase classname="tests.single.opbanning.test_op_banning" name="test_factory_banned_opcode[BLOCKHASH]" time="0.361" /><testcase classname="tests.single.opbanning.test_op_banning" name="test_factory_banned_opcode[CREATE]" time="0.372" /><testcase classname="tests.single.opbanning.test_op_banning" name="test_factory_banned_opcode[CREATE2]" time="0.370" /><testcase classname="tests.single.opbanning.test_op_banning" name="test_factory_banned_opcode[SELFDESTRUCT]" time="0.370" /><testcase classname="tests.single.opbanning.test_op_banning" name="test_factory_banned_opcode[BLOBHASH]" time="0.368" /><testcase classname="tests.single.opbanning.test_op_banning" name="test_factory_banned_opcode[BLOBBASEFEE]" time="0.370" /><testcase classname="tests.single.opbanning.test_op_banning" name="test_factory_allowed_opcode_when_staked[BALANCE]" time="0.378" /><testcase classname="tests.single.opbanning.test_op_banning" name="test_factory_allowed_opcode_when_staked[SELFBALANCE]" time="0.399" /><testcase classname="tests.single.reputation.test_erep" name="test_paymaster_on_account_failure" time="0.264"><failure message="ValueError: invalid literal for int() with base 16: 'ok'">tests/single/reputation/test_erep.py:72: in test_paymaster_on_account_failure
    pre = get_reputation(paymaster.address)
tests/single/reputation/test_erep.py:45: in get_reputation
    rep = Reputation(**reps[0])
&lt;string&gt;:7: in __init__
    ???
tests/single/reputation/test_erep.py:33: in __post_init__
    self.status = to_number(self.status)
tests/utils.py:345: in to_number
    return num_or_hex if isinstance(num_or_hex, (int, float)) else int(num_or_hex, 16)
E   ValueError: invalid literal for int() with base 16: 'ok'</failure><system-out>--------------------------------- Captured Log ---------------------------------

--------------------------------- Captured Out ---------------------------------

</system-out><system-err>--------------------------------- Captured Err ---------------------------------

</system-err></testcase><testcase classname="tests.single.reputation.test_erep" name="test_staked_factory_on_account_failure" time="0.695"><failure message="ValueError: invalid literal for int() with base 16: 'ok'">tests/single/reputation/test_erep.py:120: in test_staked_factory_on_account_failure
    assert get_reputation(factory.address).opsSeen &gt;= 10000
tests/single/reputation/test_erep.py:45: in get_reputation
    rep = Reputation(**reps[0])
&lt;string&gt;:7: in __init__
    ???
tests/single/reputation/test_erep.py:33: in __post_init__
    self.status = to_number(self.status)
tests/utils.py:345: in to_number
    return num_or_hex if isinstance(num_or_hex, (int, float)) else int(num_or_hex, 16)
E   ValueError: invalid literal for int() with base 16: 'ok'</failure><system-out>--------------------------------- Captured Log ---------------------------------

--------------------------------- Captured Out ---------------------------------

</system-out><system-err>--------------------------------- Captured Err ---------------------------------

</system-err></testcase><testcase classname="tests.single.reputation.test_erep" name="test_account_on_entity_failure[staked]" time="0.321"><failure message="ValueError: invalid literal for int() with base 16: 'ok'">tests/single/reputation/test_erep.py:151: in test_account_on_entity_failure
    assert get_reputations([sender.address, paymaster.address]) == [
tests/single/reputation/test_erep.py:52: in get_reputations
    return [get_reputation(addr, reputations) for addr in addrs]
tests/single/reputation/test_erep.py:52: in &lt;listcomp&gt;
    return [get_reputation(addr, reputations) for addr in addrs]
tests/single/reputation/test_erep.py:45: in get_reputation
    rep = Reputation(**reps[0])
&lt;string&gt;:7: in __init__
    ???
tests/single/reputation/test_erep.py:33: in __post_init__
    self.status = to_number(self.status)
tests/utils.py:345: in to_number
    return num_or_hex if isinstance(num_or_hex, (int, float)) else int(num_or_hex, 16)
E   ValueError: invalid literal for int() with base 16: 'ok'</failure><system-out>--------------------------------- Captured Log ---------------------------------

--------------------------------- Captured Out ---------------------------------
staking account &lt;web3._utils.datatypes.Contract object at 0x7fbb8dfafc40&gt;

</system-out><system-err>--------------------------------- Captured Err ---------------------------------

</system-err></testcase><testcase classname="tests.single.reputation.test_erep" name="test_account_on_entity_failure[unstaked]" time="0.353"><failure message="ValueError: invalid literal for int() with base 16: 'ok'">tests/single/reputation/test_erep.py:156: in test_account_on_entity_failure
    assert get_reputations([sender.address, paymaster.address]) == [
tests/single/reputation/test_erep.py:52: in get_reputations
    return [get_reputation(addr, reputations) for addr in addrs]
tests/single/reputation/test_erep.py:52: in &lt;listcomp&gt;
    return [get_reputation(addr, reputations) for addr in addrs]
tests/single/reputation/test_erep.py:45: in get_reputation
    rep = Reputation(**reps[0])
&lt;string&gt;:7: in __init__
    ???
tests/single/reputation/test_erep.py:33: in __post_init__
    self.status = to_number(self.status)
tests/utils.py:345: in to_number
    return num_or_hex if isinstance(num_or_hex, (int, float)) else int(num_or_hex, 16)
E   ValueError: invalid literal for int() with base 16: 'ok'</failure><system-out>--------------------------------- Captured Log ---------------------------------

--------------------------------- Captured Out ---------------------------------
unstaked account &lt;web3._utils.datatypes.Contract object at 0x7fbb8dc587c0&gt;

</system-out><system-err>--------------------------------- Captured Err ---------------------------------

</system-err></testcase><testcase classname="tests.single.reputation.test_replace" name="test_replace_paymaster" time="0.975" /><testcase classname="tests.single.reputation.test_reputation" name="test_staked_entity_reputation_threshold[with_factory]" time="0.000"><skipped type="pytest.skip" message="skipped">/home/runner/work/bundler-test-executor/bundler-test-executor/bundler-spec-tests/tests/single/reputation/test_reputation.py:61: skipped</skipped><system-out>--------------------------------- Captured Log ---------------------------------

--------------------------------- Captured Out ---------------------------------

</system-out><system-err>--------------------------------- Captured Err ---------------------------------

</system-err></testcase><testcase classname="tests.single.reputation.test_reputation" name="test_staked_entity_reputation_threshold[without_factory]" time="0.000"><skipped type="pytest.skip" message="skipped">/home/runner/work/bundler-test-executor/bundler-test-executor/bundler-spec-tests/tests/single/reputation/test_reputation.py:61: skipped</skipped><system-out>--------------------------------- Captured Log ---------------------------------

--------------------------------- Captured Out ---------------------------------

</system-out><system-err>--------------------------------- Captured Err ---------------------------------

</system-err></testcase><testcase classname="tests.single.rpc.test_eth_chainId" name="test_eth_chainId[]" time="0.007" /><testcase classname="tests.single.rpc.test_eth_estimateUserOperationGas" name="test_eth_estimateUserOperationGas[]" time="0.028" /><testcase classname="tests.single.rpc.test_eth_estimateUserOperationGas" name="test_eth_estimateUserOperationGas_execution_revert" time="0.026" /><testcase classname="tests.single.rpc.test_eth_estimateUserOperationGas" name="test_eth_estimateUserOperationGas_simulation_revert" time="0.023" /><testcase classname="tests.single.rpc.test_eth_getUserOperationByHash" name="test_eth_getUserOperationByHash[]" time="0.283"><failure message="AttributeError: 'Error' object has no attribute 'result'">tests/single/rpc/test_eth_getUserOperationByHash.py:17: in test_eth_getUserOperationByHash
    ) == userop_hash(helper_contract, userop), "user operation mismatch"
E   AttributeError: 'Error' object has no attribute 'result'</failure><system-out>--------------------------------- Captured Log ---------------------------------

--------------------------------- Captured Out ---------------------------------

</system-out><system-err>--------------------------------- Captured Err ---------------------------------

</system-err></testcase><testcase classname="tests.single.rpc.test_eth_getUserOperationByHash" name="test_eth_getUserOperationByHash_error" time="0.003"><failure message="AssertionError: assert 'missing/invalid userophash' in 'invalid params'&#10; +  where 'missing/invalid userophash' = &lt;built-in method lower of str object at 0x7fbb8e4145d0&gt;()&#10; +    where &lt;built-in method lower of str object at 0x7fbb8e4145d0&gt; = 'Missing/invalid userOpHash'.lower&#10; +  and   'invalid params' = &lt;built-in method lower of str object at 0x7fbb8da41ff0&gt;()&#10; +    where &lt;built-in method lower of str object at 0x7fbb8da41ff0&gt; = 'Invalid params'.lower&#10; +      where 'Invalid params' = Error(code=-32602, message='Invalid params', data='invalid string length at line 1 column 2', id=1027).message">tests/single/rpc/test_eth_getUserOperationByHash.py:29: in test_eth_getUserOperationByHash_error
    assert_rpc_error(
tests/utils.py:207: in assert_rpc_error
    assert message.lower() in response.message.lower()
E   AssertionError: assert 'missing/invalid userophash' in 'invalid params'
E    +  where 'missing/invalid userophash' = &lt;built-in method lower of str object at 0x7fbb8e4145d0&gt;()
E    +    where &lt;built-in method lower of str object at 0x7fbb8e4145d0&gt; = 'Missing/invalid userOpHash'.lower
E    +  and   'invalid params' = &lt;built-in method lower of str object at 0x7fbb8da41ff0&gt;()
E    +    where &lt;built-in method lower of str object at 0x7fbb8da41ff0&gt; = 'Invalid params'.lower
E    +      where 'Invalid params' = Error(code=-32602, message='Invalid params', data='invalid string length at line 1 column 2', id=1027).message</failure><system-out>--------------------------------- Captured Log ---------------------------------

--------------------------------- Captured Out ---------------------------------

</system-out><system-err>--------------------------------- Captured Err ---------------------------------

</system-err></testcase><testcase classname="tests.single.rpc.test_eth_getUserOperationReceipt" name="test_eth_getUserOperationReceipt[]" time="0.333" /><testcase classname="tests.single.rpc.test_eth_getUserOperationReceipt" name="test_eth_getUserOperationReceipt_error" time="0.003"><failure message="AssertionError: assert 'missing/invalid userophash' in 'invalid params'&#10; +  where 'missing/invalid userophash' = &lt;built-in method lower of str object at 0x7fbb8e414300&gt;()&#10; +    where &lt;built-in method lower of str object at 0x7fbb8e414300&gt; = 'Missing/invalid userOpHash'.lower&#10; +  and   'invalid params' = &lt;built-in method lower of str object at 0x7fbb8def1030&gt;()&#10; +    where &lt;built-in method lower of str object at 0x7fbb8def1030&gt; = 'Invalid params'.lower&#10; +      where 'Invalid params' = Error(code=-32602, message='Invalid params', data='invalid string length at line 1 column 2', id=1033).message">tests/single/rpc/test_eth_getUserOperationReceipt.py:26: in test_eth_getUserOperationReceipt_error
    assert_rpc_error(
tests/utils.py:207: in assert_rpc_error
    assert message.lower() in response.message.lower()
E   AssertionError: assert 'missing/invalid userophash' in 'invalid params'
E    +  where 'missing/invalid userophash' = &lt;built-in method lower of str object at 0x7fbb8e414300&gt;()
E    +    where &lt;built-in method lower of str object at 0x7fbb8e414300&gt; = 'Missing/invalid userOpHash'.lower
E    +  and   'invalid params' = &lt;built-in method lower of str object at 0x7fbb8def1030&gt;()
E    +    where &lt;built-in method lower of str object at 0x7fbb8def1030&gt; = 'Invalid params'.lower
E    +      where 'Invalid params' = Error(code=-32602, message='Invalid params', data='invalid string length at line 1 column 2', id=1033).message</failure><system-out>--------------------------------- Captured Log ---------------------------------

--------------------------------- Captured Out ---------------------------------

</system-out><system-err>--------------------------------- Captured Err ---------------------------------

</system-err></testcase><testcase classname="tests.single.rpc.test_eth_sendUserOperation" name="test_eth_sendUserOperation[]" time="0.254"><failure message="AssertionError: assert '0x30b701ee9e...5f5e36c4be6c8' == '0x4102261579...24b4a84e77b30'&#10;  &#10;  - 0x4102261579b8334cd54a8c2b1495c3f145bcc6061fbfef4e0ff24b4a84e77b30&#10;  + 0x30b701ee9e4c10e349c5198147801b9670be79219a50b097ec45f5e36c4be6c8">tests/single/rpc/test_eth_sendUserOperation.py:19: in test_eth_sendUserOperation
    assert response.result == userop_hash(helper_contract, userop)
E   AssertionError: assert '0x30b701ee9e...5f5e36c4be6c8' == '0x4102261579...24b4a84e77b30'
E     
E     - 0x4102261579b8334cd54a8c2b1495c3f145bcc6061fbfef4e0ff24b4a84e77b30
E     + 0x30b701ee9e4c10e349c5198147801b9670be79219a50b097ec45f5e36c4be6c8</failure><system-out>--------------------------------- Captured Log ---------------------------------

--------------------------------- Captured Out ---------------------------------

</system-out><system-err>--------------------------------- Captured Err ---------------------------------

</system-err></testcase><testcase classname="tests.single.rpc.test_eth_sendUserOperation" name="test_eth_sendUserOperation_revert" time="0.120"><failure message="AttributeError: expected result object, got:&#10;Error(code=-32603, message='no ops to send', data=None, id=1039)">tests/utils.py:199: in assert_ok
    assert response.result
E   AttributeError: 'Error' object has no attribute 'result'

The above exception was the direct cause of the following exception:
tests/single/rpc/test_eth_sendUserOperation.py:29: in test_eth_sendUserOperation_revert
    send_bundle_now()
tests/utils.py:230: in send_bundle_now
    assert_ok(RPCRequest(method="debug_bundler_sendBundleNow").send(url))
tests/utils.py:201: in assert_ok
    raise AttributeError(f"expected result object, got:\n{response}") from exc
E   AttributeError: expected result object, got:
E   Error(code=-32603, message='no ops to send', data=None, id=1039)</failure><system-out>--------------------------------- Captured Log ---------------------------------

--------------------------------- Captured Out ---------------------------------

</system-out><system-err>--------------------------------- Captured Err ---------------------------------

</system-err></testcase><testcase classname="tests.single.rpc.test_eth_sendUserOperation" name="test_eth_sendUserOperation_invalid_signature" time="0.121" /><testcase classname="tests.single.rpc.test_eth_supportedEntryPoints" name="test_eth_supportedEntryPoints[]" time="0.008" /></testsuite></testsuites>