Tue Jun  3 07:39:17 UTC 2025: starting bundler /home/runner/work/bundler-test-executor/bundler-test-executor/bundlers/silius/silius.yml, name=silius
Tue Jun  3 07:39:24 UTC 2025: started bundler /home/runner/work/bundler-test-executor/bundler-test-executor/bundlers/silius/silius.yml, name=silius
============================= test session starts ==============================
platform linux -- Python 3.10.17, pytest-8.3.1, pluggy-1.5.0
rootdir: /home/runner/work/bundler-test-executor/bundler-test-executor/bundler-spec-tests
configfile: pyproject.toml
collected 485 items / 1 skipped

tests/single/bundle/test_bundle.py .......sssssssss.....                 [  4%]
tests/single/bundle/test_codehash.py s                                   [  4%]
tests/single/bundle/test_paymaster.py F                                  [  4%]
tests/single/bundle/test_storage_rules.py .........FFFFFF............... [ 10%]
........................................................................ [ 25%]
........................................................................ [ 40%]
........................FFFFFF.......................................... [ 55%]
.......................................                                  [ 63%]
tests/single/eip7702/test_eip7702_tuple_userop.py FFFFFFFF               [ 65%]
tests/single/gas/test_eip_7623.py FFFF                                   [ 65%]
tests/single/opbanning/test_create.py .....FFFFFF                        [ 68%]
tests/single/opbanning/test_op_banning.py .............................. [ 74%]
...............FFFFFFFFFFFF............................................. [ 89%]
......FFFFFFFF...............FFFF                                        [ 96%]
tests/single/reputation/test_erep.py FFFF                                [ 96%]
tests/single/reputation/test_replace.py F                                [ 97%]
tests/single/reputation/test_reputation.py ss                            [ 97%]
tests/single/rpc/test_eth_chainId.py .                                   [ 97%]
tests/single/rpc/test_eth_estimateUserOperationGas.py .FF                [ 98%]
tests/single/rpc/test_eth_getUserOperationByHash.py F.                   [ 98%]
tests/single/rpc/test_eth_getUserOperationReceipt.py ..                  [ 99%]
tests/single/rpc/test_eth_sendUserOperation.py FFF                       [ 99%]
tests/single/rpc/test_eth_supportedEntryPoints.py .                      [100%]

=================================== FAILURES ===================================
____________________________ test_paymaster_deposit ____________________________
tests/utils.py:206: in assert_rpc_error
    assert response.code == code
E   AttributeError: 'Ok' object has no attribute 'code'

The above exception was the direct cause of the following exception:
tests/single/bundle/test_paymaster.py:48: in test_paymaster_deposit
    assert_rpc_error(res, "too low", RPCErrorCode.PAYMASTER_DEPOSIT_TOO_LOW)
tests/utils.py:211: in assert_rpc_error
    raise AttributeError(f"expected error object, got:\n{response}") from exc
E   AttributeError: expected error object, got:
E   Ok(result='0x07cbf54f989f59768d38b4374fe107c03baf2ba55aa19ceb7fc641af162896be', id=98)
_ test_rule[[OP-070(STO-031)]unstaked][paymaster][transient_storage_tstore][drop-] _
tests/single/bundle/test_storage_rules.py:864: in test_rule
    case.assert_func(response)
tests/single/bundle/test_storage_rules.py:21: in assert_error
    assert_rpc_error(response, response.message, RPCErrorCode.BANNED_OPCODE)
E   AttributeError: 'Ok' object has no attribute 'message'
_ test_rule[[OP-070(STO-031)]unstaked][paymaster][transient_storage_tstore][drop-CALL:>] _
tests/single/bundle/test_storage_rules.py:864: in test_rule
    case.assert_func(response)
tests/single/bundle/test_storage_rules.py:21: in assert_error
    assert_rpc_error(response, response.message, RPCErrorCode.BANNED_OPCODE)
E   AttributeError: 'Ok' object has no attribute 'message'
_ test_rule[[OP-070(STO-031)]unstaked][paymaster][transient_storage_tstore][drop-DELEGATECALL:>] _
tests/single/bundle/test_storage_rules.py:864: in test_rule
    case.assert_func(response)
tests/single/bundle/test_storage_rules.py:21: in assert_error
    assert_rpc_error(response, response.message, RPCErrorCode.BANNED_OPCODE)
E   AttributeError: 'Ok' object has no attribute 'message'
_ test_rule[[OP-070(STO-031)]unstaked][paymaster][transient_storage_tload][drop-] _
tests/single/bundle/test_storage_rules.py:864: in test_rule
    case.assert_func(response)
tests/single/bundle/test_storage_rules.py:21: in assert_error
    assert_rpc_error(response, response.message, RPCErrorCode.BANNED_OPCODE)
E   AttributeError: 'Ok' object has no attribute 'message'
_ test_rule[[OP-070(STO-031)]unstaked][paymaster][transient_storage_tload][drop-CALL:>] _
tests/single/bundle/test_storage_rules.py:864: in test_rule
    case.assert_func(response)
tests/single/bundle/test_storage_rules.py:21: in assert_error
    assert_rpc_error(response, response.message, RPCErrorCode.BANNED_OPCODE)
E   AttributeError: 'Ok' object has no attribute 'message'
_ test_rule[[OP-070(STO-031)]unstaked][paymaster][transient_storage_tload][drop-DELEGATECALL:>] _
tests/single/bundle/test_storage_rules.py:864: in test_rule
    case.assert_func(response)
tests/single/bundle/test_storage_rules.py:21: in assert_error
    assert_rpc_error(response, response.message, RPCErrorCode.BANNED_OPCODE)
E   AttributeError: 'Ok' object has no attribute 'message'
_ test_rule[[STO-022]unstaked][account][account_reference_storage_init_code][ok-] _
tests/utils.py:199: in assert_ok
    assert response.result
E   AttributeError: 'Error' object has no attribute 'result'

The above exception was the direct cause of the following exception:
tests/single/bundle/test_storage_rules.py:864: in test_rule
    case.assert_func(response)
tests/utils.py:201: in assert_ok
    raise AttributeError(f"expected result object, got:\n{response}") from exc
E   AttributeError: expected result object, got:
E   Error(code=-32502, message='factory uses banned opcode: CREATE', data=None, id=496)
_ test_rule[[STO-022]unstaked][account][account_reference_storage_init_code][ok-CALL:>] _
tests/utils.py:199: in assert_ok
    assert response.result
E   AttributeError: 'Error' object has no attribute 'result'

The above exception was the direct cause of the following exception:
tests/single/bundle/test_storage_rules.py:864: in test_rule
    case.assert_func(response)
tests/utils.py:201: in assert_ok
    raise AttributeError(f"expected result object, got:\n{response}") from exc
E   AttributeError: expected result object, got:
E   Error(code=-32502, message='factory uses banned opcode: CREATE', data=None, id=498)
----------------------------- Captured stdout call -----------------------------
CALL:> funding test_rules_target 0x7F454bfB9f2f7Ce40f8056830e3367ED2b5010Dc
_ test_rule[[STO-022]unstaked][account][account_reference_storage_init_code][ok-DELEGATECALL:>] _
tests/utils.py:199: in assert_ok
    assert response.result
E   AttributeError: 'Error' object has no attribute 'result'

The above exception was the direct cause of the following exception:
tests/single/bundle/test_storage_rules.py:864: in test_rule
    case.assert_func(response)
tests/utils.py:201: in assert_ok
    raise AttributeError(f"expected result object, got:\n{response}") from exc
E   AttributeError: expected result object, got:
E   Error(code=-32502, message='factory uses banned opcode: CREATE', data=None, id=500)
_ test_rule[[STO-022]unstaked][paymaster][account_reference_storage_init_code][ok-] _
tests/utils.py:199: in assert_ok
    assert response.result
E   AttributeError: 'Error' object has no attribute 'result'

The above exception was the direct cause of the following exception:
tests/single/bundle/test_storage_rules.py:864: in test_rule
    case.assert_func(response)
tests/utils.py:201: in assert_ok
    raise AttributeError(f"expected result object, got:\n{response}") from exc
E   AttributeError: expected result object, got:
E   Error(code=-32502, message='factory uses banned opcode: CREATE', data=None, id=502)
_ test_rule[[STO-022]unstaked][paymaster][account_reference_storage_init_code][ok-CALL:>] _
tests/utils.py:199: in assert_ok
    assert response.result
E   AttributeError: 'Error' object has no attribute 'result'

The above exception was the direct cause of the following exception:
tests/single/bundle/test_storage_rules.py:864: in test_rule
    case.assert_func(response)
tests/utils.py:201: in assert_ok
    raise AttributeError(f"expected result object, got:\n{response}") from exc
E   AttributeError: expected result object, got:
E   Error(code=-32502, message='factory uses banned opcode: CREATE', data=None, id=504)
_ test_rule[[STO-022]unstaked][paymaster][account_reference_storage_init_code][ok-DELEGATECALL:>] _
tests/utils.py:199: in assert_ok
    assert response.result
E   AttributeError: 'Error' object has no attribute 'result'

The above exception was the direct cause of the following exception:
tests/single/bundle/test_storage_rules.py:864: in test_rule
    case.assert_func(response)
tests/utils.py:201: in assert_ok
    raise AttributeError(f"expected result object, got:\n{response}") from exc
E   AttributeError: expected result object, got:
E   Error(code=-32502, message='factory uses banned opcode: CREATE', data=None, id=506)
____________________________ test_send_eip_7702_tx _____________________________
tests/utils.py:199: in assert_ok
    assert response.result
E   AttributeError: 'Error' object has no attribute 'result'

The above exception was the direct cause of the following exception:
tests/single/eip7702/test_eip7702_tuple_userop.py:36: in test_send_eip_7702_tx
    assert_ok(response)
tests/utils.py:201: in assert_ok
    raise AttributeError(f"expected result object, got:\n{response}") from exc
E   AttributeError: expected result object, got:
E   Error(code=-32602, message='sender 0x90ec…92d4 is an existing contract, or the initCode 0x0000…0000 is not empty (but not both)', data=None, id=670)
_____________________ test_send_eip_7702_tx_with_initcode ______________________
tests/utils.py:199: in assert_ok
    assert response.result
E   AttributeError: 'Error' object has no attribute 'result'

The above exception was the direct cause of the following exception:
tests/single/eip7702/test_eip7702_tuple_userop.py:85: in test_send_eip_7702_tx_with_initcode
    assert_ok(response)
tests/utils.py:201: in assert_ok
    raise AttributeError(f"expected result object, got:\n{response}") from exc
E   AttributeError: expected result object, got:
E   Error(code=-32602, message='Invalid params', data='invalid length 4, expected a (both 0x-prefixed or not) hex string or byte array containing 20 bytes at line 1 column 92', id=672)
_________________ test_send_eip_7702_tx_with_flag_no_initcode __________________
tests/utils.py:199: in assert_ok
    assert response.result
E   AttributeError: 'Error' object has no attribute 'result'

The above exception was the direct cause of the following exception:
tests/single/eip7702/test_eip7702_tuple_userop.py:127: in test_send_eip_7702_tx_with_flag_no_initcode
    assert_ok(response)
tests/utils.py:201: in assert_ok
    raise AttributeError(f"expected result object, got:\n{response}") from exc
E   AttributeError: expected result object, got:
E   Error(code=-32602, message='Invalid params', data='invalid length 4, expected a (both 0x-prefixed or not) hex string or byte array containing 20 bytes at line 1 column 92', id=674)
________________________ test_send_post_eip_7702_tx[0] _________________________
tests/utils.py:199: in assert_ok
    assert response.result
E   AttributeError: 'Error' object has no attribute 'result'

The above exception was the direct cause of the following exception:
tests/single/eip7702/test_eip7702_tuple_userop.py:156: in test_send_post_eip_7702_tx
    assert_ok(response)
tests/utils.py:201: in assert_ok
    raise AttributeError(f"expected result object, got:\n{response}") from exc
E   AttributeError: expected result object, got:
E   Error(code=-32602, message='sender 0xd1e0…a96b is an existing contract, or the initCode 0x0000…0000 is not empty (but not both)', data=None, id=676)
_______________________ test_send_post_eip_7702_tx[1337] _______________________
tests/utils.py:199: in assert_ok
    assert response.result
E   AttributeError: 'Error' object has no attribute 'result'

The above exception was the direct cause of the following exception:
tests/single/eip7702/test_eip7702_tuple_userop.py:156: in test_send_post_eip_7702_tx
    assert_ok(response)
tests/utils.py:201: in assert_ok
    raise AttributeError(f"expected result object, got:\n{response}") from exc
E   AttributeError: expected result object, got:
E   Error(code=-32602, message='sender 0x7a0b…defa is an existing contract, or the initCode 0x0000…0000 is not empty (but not both)', data=None, id=678)
______________________ test_send_bad_eip_7702_drop_userop ______________________
tests/single/eip7702/test_eip7702_tuple_userop.py:208: in test_send_bad_eip_7702_drop_userop
    assert_rpc_error(response, "", RPCErrorCode.REJECTED_BY_EP_OR_ACCOUNT)
tests/utils.py:206: in assert_rpc_error
    assert response.code == code
E   AssertionError: assert -32602 == <RPCErrorCode.REJECTED_BY_EP_OR_ACCOUNT: -32500>
E    +  where -32602 = Error(code=-32602, message='sender 0xde02…0d47 is an existing contract, or the initCode 0x0000…0000 is not empty (but not both)', data=None, id=680).code
___________________ test_send_nonsender_eip_7702_drop_userop ___________________
tests/utils.py:206: in assert_rpc_error
    assert response.code == code
E   AttributeError: 'Ok' object has no attribute 'code'

The above exception was the direct cause of the following exception:
tests/single/eip7702/test_eip7702_tuple_userop.py:223: in test_send_nonsender_eip_7702_drop_userop
    assert_rpc_error(userop.send(), "sender", RPCErrorCode.INVALID_FIELDS)
tests/utils.py:211: in assert_rpc_error
    raise AttributeError(f"expected error object, got:\n{response}") from exc
E   AttributeError: expected error object, got:
E   Ok(result='0x5d547e1c03296c69cb6f2c9a12e5daa33887a469a9663e980aad68d334160fde', id=682)
__________________ test_send_wrongchain_eip_7702_drop_userop ___________________
tests/utils.py:199: in assert_ok
    assert response.result
E   AttributeError: 'Error' object has no attribute 'result'

The above exception was the direct cause of the following exception:
tests/single/eip7702/test_eip7702_tuple_userop.py:244: in test_send_wrongchain_eip_7702_drop_userop
    assert_ok(userop.send())
tests/utils.py:201: in assert_ok
    raise AttributeError(f"expected result object, got:\n{response}") from exc
E   AttributeError: expected result object, got:
E   Error(code=-32602, message='sender 0x8822…078c is an existing contract, or the initCode 0x0000…0000 is not empty (but not both)', data=None, id=684)
_____________________________ test_normal_calldata _____________________________
tests/utils.py:199: in assert_ok
    assert response.result
E   AttributeError: 'Error' object has no attribute 'result'

The above exception was the direct cause of the following exception:
tests/single/gas/test_eip_7623.py:35: in test_normal_calldata
    assert_ok(op.send())
tests/utils.py:201: in assert_ok
    raise AttributeError(f"expected result object, got:\n{response}") from exc
E   AttributeError: expected result object, got:
E   Error(code=-32500, message='AA26 over verificationGasLimit', data=None, id=686)
__________________________ test_huge_calldata_failed ___________________________
tests/single/gas/test_eip_7623.py:55: in test_huge_calldata_failed
    assert_rpc_error(ret, "preVerificationGas", RPCErrorCode.INVALID_FIELDS)
tests/utils.py:206: in assert_rpc_error
    assert response.code == code
E   AssertionError: assert -32500 == <RPCErrorCode.INVALID_FIELDS: -32602>
E    +  where -32500 = Error(code=-32500, message='AA26 over verificationGasLimit', data=None, id=688).code
_______________________ test_huge_calldata_with_callgas ________________________
tests/single/gas/test_eip_7623.py:74: in test_huge_calldata_with_callgas
    assert_rpc_error(ret, "preVerificationGas", RPCErrorCode.INVALID_FIELDS)
tests/utils.py:206: in assert_rpc_error
    assert response.code == code
E   AssertionError: assert -32500 == <RPCErrorCode.INVALID_FIELDS: -32602>
E    +  where -32500 = Error(code=-32500, message='AA26 over verificationGasLimit', data=None, id=690).code
_________________________ test_estimate_huge_calldata __________________________
.venv/lib/python3.10/site-packages/urllib3/connectionpool.py:536: in _make_request
    response = conn.getresponse()
.venv/lib/python3.10/site-packages/urllib3/connection.py:464: in getresponse
    httplib_response = super().getresponse()
../../../../.local/share/pdm/python/cpython@3.10.17/lib/python3.10/http/client.py:1375: in getresponse
    response.begin()
../../../../.local/share/pdm/python/cpython@3.10.17/lib/python3.10/http/client.py:318: in begin
    version, status, reason = self._read_status()
../../../../.local/share/pdm/python/cpython@3.10.17/lib/python3.10/http/client.py:279: in _read_status
    line = str(self.fp.readline(_MAXLINE + 1), "iso-8859-1")
../../../../.local/share/pdm/python/cpython@3.10.17/lib/python3.10/socket.py:717: in readinto
    return self._sock.recv_into(b)
E   TimeoutError: timed out

The above exception was the direct cause of the following exception:
.venv/lib/python3.10/site-packages/requests/adapters.py:667: in send
    resp = conn.urlopen(
.venv/lib/python3.10/site-packages/urllib3/connectionpool.py:843: in urlopen
    retries = retries.increment(
.venv/lib/python3.10/site-packages/urllib3/util/retry.py:474: in increment
    raise reraise(type(error), error, _stacktrace)
.venv/lib/python3.10/site-packages/urllib3/util/util.py:39: in reraise
    raise value
.venv/lib/python3.10/site-packages/urllib3/connectionpool.py:789: in urlopen
    response = self._make_request(
.venv/lib/python3.10/site-packages/urllib3/connectionpool.py:538: in _make_request
    self._raise_timeout(err=e, url=url, timeout_value=read_timeout)
.venv/lib/python3.10/site-packages/urllib3/connectionpool.py:369: in _raise_timeout
    raise ReadTimeoutError(
E   urllib3.exceptions.ReadTimeoutError: HTTPConnectionPool(host='localhost', port=3000): Read timed out. (read timeout=10)

During handling of the above exception, another exception occurred:
tests/single/gas/test_eip_7623.py:94: in test_estimate_huge_calldata
    ).send()
tests/types.py:60: in send
    postres = requests.post(url, json=asdict(self), timeout=10).json()
.venv/lib/python3.10/site-packages/requests/api.py:115: in post
    return request("post", url, data=data, json=json, **kwargs)
.venv/lib/python3.10/site-packages/requests/api.py:59: in request
    return session.request(method=method, url=url, **kwargs)
.venv/lib/python3.10/site-packages/requests/sessions.py:589: in request
    resp = self.send(prep, **send_kwargs)
.venv/lib/python3.10/site-packages/requests/sessions.py:703: in send
    r = adapter.send(request, **kwargs)
.venv/lib/python3.10/site-packages/requests/adapters.py:713: in send
    raise ReadTimeout(e, request=request)
E   requests.exceptions.ReadTimeout: HTTPConnectionPool(host='localhost', port=3000): Read timed out. (read timeout=10)
_ test_account_create_with_factory[factory=unstaked,op=CREATE,expect=ok,rule=OP-032] _
tests/utils.py:199: in assert_ok
    assert response.result
E   AttributeError: 'Error' object has no attribute 'result'

The above exception was the direct cause of the following exception:
tests/single/opbanning/test_create.py:136: in test_account_create_with_factory
    assert_ok(response)
tests/utils.py:201: in assert_ok
    raise AttributeError(f"expected result object, got:\n{response}") from exc
E   AttributeError: expected result object, got:
E   Error(code=-32502, message='factory uses banned opcode: CREATE', data=None, id=704)
_ test_account_create_with_factory[factory=unstaked,op=CREATE2,expect=err,rule=OP-032] _
tests/single/opbanning/test_create.py:138: in test_account_create_with_factory
    assert_rpc_error(
tests/utils.py:207: in assert_rpc_error
    assert message.lower() in response.message.lower()
E   AssertionError: assert 'account uses banned opcode: create2' in 'factory uses banned opcode: create'
E    +  where 'account uses banned opcode: create2' = <built-in method lower of str object at 0x7f77daf437b0>()
E    +    where <built-in method lower of str object at 0x7f77daf437b0> = 'account uses banned opcode: CREATE2'.lower
E    +  and   'factory uses banned opcode: create' = <built-in method lower of str object at 0x7f77daf40750>()
E    +    where <built-in method lower of str object at 0x7f77daf40750> = 'factory uses banned opcode: CREATE'.lower
E    +      where 'factory uses banned opcode: CREATE' = Error(code=-32502, message='factory uses banned opcode: CREATE', data=None, id=706).message
_ test_account_create_with_factory[factory=staked,op=CREATE,expect=ok,rule=EREP-060] _
tests/utils.py:199: in assert_ok
    assert response.result
E   AttributeError: 'Error' object has no attribute 'result'

The above exception was the direct cause of the following exception:
tests/single/opbanning/test_create.py:136: in test_account_create_with_factory
    assert_ok(response)
tests/utils.py:201: in assert_ok
    raise AttributeError(f"expected result object, got:\n{response}") from exc
E   AttributeError: expected result object, got:
E   Error(code=-32502, message='factory uses banned opcode: CREATE', data=None, id=708)
_ test_account_create_with_factory[factory=staked,op=nested-CREATE,expect=err,rule=EREP-060] _
tests/single/opbanning/test_create.py:138: in test_account_create_with_factory
    assert_rpc_error(
tests/utils.py:207: in assert_rpc_error
    assert message.lower() in response.message.lower()
E   AssertionError: assert 'account uses banned opcode: create' in 'factory uses banned opcode: create'
E    +  where 'account uses banned opcode: create' = <built-in method lower of str object at 0x7f77dae1fc30>()
E    +    where <built-in method lower of str object at 0x7f77dae1fc30> = 'account uses banned opcode: CREATE'.lower
E    +  and   'factory uses banned opcode: create' = <built-in method lower of str object at 0x7f77daf437b0>()
E    +    where <built-in method lower of str object at 0x7f77daf437b0> = 'factory uses banned opcode: CREATE'.lower
E    +      where 'factory uses banned opcode: CREATE' = Error(code=-32502, message='factory uses banned opcode: CREATE', data=None, id=710).message
_ test_account_create_with_factory[factory=staked,op=nested-CREATE2,expect=err,rule=EREP-060] _
tests/single/opbanning/test_create.py:138: in test_account_create_with_factory
    assert_rpc_error(
tests/utils.py:207: in assert_rpc_error
    assert message.lower() in response.message.lower()
E   AssertionError: assert 'account uses banned opcode: create2' in 'factory uses banned opcode: create'
E    +  where 'account uses banned opcode: create2' = <built-in method lower of str object at 0x7f77db148090>()
E    +    where <built-in method lower of str object at 0x7f77db148090> = 'account uses banned opcode: CREATE2'.lower
E    +  and   'factory uses banned opcode: create' = <built-in method lower of str object at 0x7f77db0b1590>()
E    +    where <built-in method lower of str object at 0x7f77db0b1590> = 'factory uses banned opcode: CREATE'.lower
E    +      where 'factory uses banned opcode: CREATE' = Error(code=-32502, message='factory uses banned opcode: CREATE', data=None, id=712).message
_ test_account_create_with_factory[factory=staked,op=CREATE2,expect=ok,rule=EREP-060] _
tests/utils.py:199: in assert_ok
    assert response.result
E   AttributeError: 'Error' object has no attribute 'result'

The above exception was the direct cause of the following exception:
tests/single/opbanning/test_create.py:136: in test_account_create_with_factory
    assert_ok(response)
tests/utils.py:201: in assert_ok
    raise AttributeError(f"expected result object, got:\n{response}") from exc
E   AttributeError: expected result object, got:
E   Error(code=-32502, message='factory uses banned opcode: CREATE', data=None, id=714)
____________________ test_account_banned_opcode[BLOBHASH-] _____________________
tests/utils.py:206: in assert_rpc_error
    assert response.code == code
E   AttributeError: 'Ok' object has no attribute 'code'

The above exception was the direct cause of the following exception:
tests/single/opbanning/test_op_banning.py:55: in test_account_banned_opcode
    assert_rpc_error(
tests/utils.py:211: in assert_rpc_error
    raise AttributeError(f"expected error object, got:\n{response}") from exc
E   AttributeError: expected error object, got:
E   Ok(result='0xe5d3bd673d1338d7d17b85fa8df840f249c372c3a258ed75f2e9bfd8e4f395a4', id=806)
_________________ test_account_banned_opcode[BLOBHASH-CALL:>] __________________
tests/utils.py:206: in assert_rpc_error
    assert response.code == code
E   AttributeError: 'Ok' object has no attribute 'code'

The above exception was the direct cause of the following exception:
tests/single/opbanning/test_op_banning.py:55: in test_account_banned_opcode
    assert_rpc_error(
tests/utils.py:211: in assert_rpc_error
    raise AttributeError(f"expected error object, got:\n{response}") from exc
E   AttributeError: expected error object, got:
E   Ok(result='0x6c02fb427be714839660c59e7878798928c911dcf9e8cccd6d912f0f0736ca9c', id=808)
_____________ test_account_banned_opcode[BLOBHASH-DELEGATECALL:>] ______________
tests/utils.py:206: in assert_rpc_error
    assert response.code == code
E   AttributeError: 'Ok' object has no attribute 'code'

The above exception was the direct cause of the following exception:
tests/single/opbanning/test_op_banning.py:55: in test_account_banned_opcode
    assert_rpc_error(
tests/utils.py:211: in assert_rpc_error
    raise AttributeError(f"expected error object, got:\n{response}") from exc
E   AttributeError: expected error object, got:
E   Ok(result='0x10f5c119c758e6c411200f6873b9a70e952fa32fba52a73785c4705aa45ad4c2', id=810)
___________________ test_account_banned_opcode[BLOBBASEFEE-] ___________________
tests/utils.py:206: in assert_rpc_error
    assert response.code == code
E   AttributeError: 'Ok' object has no attribute 'code'

The above exception was the direct cause of the following exception:
tests/single/opbanning/test_op_banning.py:55: in test_account_banned_opcode
    assert_rpc_error(
tests/utils.py:211: in assert_rpc_error
    raise AttributeError(f"expected error object, got:\n{response}") from exc
E   AttributeError: expected error object, got:
E   Ok(result='0x70b9ecf3a143718a3ea274a6f15e5da9bae5c9eaf3ee39d69de4ab55dd8380ee', id=812)
________________ test_account_banned_opcode[BLOBBASEFEE-CALL:>] ________________
tests/utils.py:206: in assert_rpc_error
    assert response.code == code
E   AttributeError: 'Ok' object has no attribute 'code'

The above exception was the direct cause of the following exception:
tests/single/opbanning/test_op_banning.py:55: in test_account_banned_opcode
    assert_rpc_error(
tests/utils.py:211: in assert_rpc_error
    raise AttributeError(f"expected error object, got:\n{response}") from exc
E   AttributeError: expected error object, got:
E   Ok(result='0x45403f9ab19573251f5e095471b26cd549dc5106c0b71165c9489c0beb0d0d95', id=814)
____________ test_account_banned_opcode[BLOBBASEFEE-DELEGATECALL:>] ____________
tests/utils.py:206: in assert_rpc_error
    assert response.code == code
E   AttributeError: 'Ok' object has no attribute 'code'

The above exception was the direct cause of the following exception:
tests/single/opbanning/test_op_banning.py:55: in test_account_banned_opcode
    assert_rpc_error(
tests/utils.py:211: in assert_rpc_error
    raise AttributeError(f"expected error object, got:\n{response}") from exc
E   AttributeError: expected error object, got:
E   Ok(result='0x1cb5f9bef52051be87dc1924714f1019d514734cf93655958a1371dd6c4de4a8', id=816)
______________ test_account_allowed_opcode_when_staked[BALANCE-] _______________
tests/utils.py:199: in assert_ok
    assert response.result
E   AttributeError: 'Error' object has no attribute 'result'

The above exception was the direct cause of the following exception:
tests/single/opbanning/test_op_banning.py:69: in test_account_allowed_opcode_when_staked
    assert_ok(response)
tests/utils.py:201: in assert_ok
    raise AttributeError(f"expected result object, got:\n{response}") from exc
E   AttributeError: expected result object, got:
E   Error(code=-32502, message='account uses banned opcode: BALANCE', data=None, id=818)
___________ test_account_allowed_opcode_when_staked[BALANCE-CALL:>] ____________
tests/utils.py:199: in assert_ok
    assert response.result
E   AttributeError: 'Error' object has no attribute 'result'

The above exception was the direct cause of the following exception:
tests/single/opbanning/test_op_banning.py:69: in test_account_allowed_opcode_when_staked
    assert_ok(response)
tests/utils.py:201: in assert_ok
    raise AttributeError(f"expected result object, got:\n{response}") from exc
E   AttributeError: expected result object, got:
E   Error(code=-32502, message='account uses banned opcode: BALANCE', data=None, id=820)
_______ test_account_allowed_opcode_when_staked[BALANCE-DELEGATECALL:>] ________
tests/utils.py:199: in assert_ok
    assert response.result
E   AttributeError: 'Error' object has no attribute 'result'

The above exception was the direct cause of the following exception:
tests/single/opbanning/test_op_banning.py:69: in test_account_allowed_opcode_when_staked
    assert_ok(response)
tests/utils.py:201: in assert_ok
    raise AttributeError(f"expected result object, got:\n{response}") from exc
E   AttributeError: expected result object, got:
E   Error(code=-32502, message='account uses banned opcode: BALANCE', data=None, id=822)
____________ test_account_allowed_opcode_when_staked[SELFBALANCE-] _____________
tests/utils.py:199: in assert_ok
    assert response.result
E   AttributeError: 'Error' object has no attribute 'result'

The above exception was the direct cause of the following exception:
tests/single/opbanning/test_op_banning.py:69: in test_account_allowed_opcode_when_staked
    assert_ok(response)
tests/utils.py:201: in assert_ok
    raise AttributeError(f"expected result object, got:\n{response}") from exc
E   AttributeError: expected result object, got:
E   Error(code=-32502, message='account uses banned opcode: SELFBALANCE', data=None, id=824)
_________ test_account_allowed_opcode_when_staked[SELFBALANCE-CALL:>] __________
tests/utils.py:199: in assert_ok
    assert response.result
E   AttributeError: 'Error' object has no attribute 'result'

The above exception was the direct cause of the following exception:
tests/single/opbanning/test_op_banning.py:69: in test_account_allowed_opcode_when_staked
    assert_ok(response)
tests/utils.py:201: in assert_ok
    raise AttributeError(f"expected result object, got:\n{response}") from exc
E   AttributeError: expected result object, got:
E   Error(code=-32502, message='account uses banned opcode: SELFBALANCE', data=None, id=826)
_____ test_account_allowed_opcode_when_staked[SELFBALANCE-DELEGATECALL:>] ______
tests/utils.py:199: in assert_ok
    assert response.result
E   AttributeError: 'Error' object has no attribute 'result'

The above exception was the direct cause of the following exception:
tests/single/opbanning/test_op_banning.py:69: in test_account_allowed_opcode_when_staked
    assert_ok(response)
tests/utils.py:201: in assert_ok
    raise AttributeError(f"expected result object, got:\n{response}") from exc
E   AttributeError: expected result object, got:
E   Error(code=-32502, message='account uses banned opcode: SELFBALANCE', data=None, id=828)
___________________ test_paymaster_banned_opcode[BLOBHASH-] ____________________
tests/utils.py:206: in assert_rpc_error
    assert response.code == code
E   AttributeError: 'Ok' object has no attribute 'code'

The above exception was the direct cause of the following exception:
tests/single/opbanning/test_op_banning.py:96: in test_paymaster_banned_opcode
    assert_rpc_error(
tests/utils.py:211: in assert_rpc_error
    raise AttributeError(f"expected error object, got:\n{response}") from exc
E   AttributeError: expected error object, got:
E   Ok(result='0x298e987529f4bd8b9368c417c41312f2efe20d4268634073aa1f1fe3e15fb749', id=932)
________________ test_paymaster_banned_opcode[BLOBHASH-CALL:>] _________________
tests/utils.py:206: in assert_rpc_error
    assert response.code == code
E   AttributeError: 'Ok' object has no attribute 'code'

The above exception was the direct cause of the following exception:
tests/single/opbanning/test_op_banning.py:96: in test_paymaster_banned_opcode
    assert_rpc_error(
tests/utils.py:211: in assert_rpc_error
    raise AttributeError(f"expected error object, got:\n{response}") from exc
E   AttributeError: expected error object, got:
E   Ok(result='0xd21b80f41a42be4e003f20d9cdad4aef7c8f9bf93526058ecac418c7520f4280', id=934)
____________ test_paymaster_banned_opcode[BLOBHASH-DELEGATECALL:>] _____________
tests/utils.py:206: in assert_rpc_error
    assert response.code == code
E   AttributeError: 'Ok' object has no attribute 'code'

The above exception was the direct cause of the following exception:
tests/single/opbanning/test_op_banning.py:96: in test_paymaster_banned_opcode
    assert_rpc_error(
tests/utils.py:211: in assert_rpc_error
    raise AttributeError(f"expected error object, got:\n{response}") from exc
E   AttributeError: expected error object, got:
E   Ok(result='0x43b5c1fd4e6b949ea441f524b01442d248045b4723743208dd4cef8da2ca8132', id=936)
__________________ test_paymaster_banned_opcode[BLOBBASEFEE-] __________________
tests/utils.py:206: in assert_rpc_error
    assert response.code == code
E   AttributeError: 'Ok' object has no attribute 'code'

The above exception was the direct cause of the following exception:
tests/single/opbanning/test_op_banning.py:96: in test_paymaster_banned_opcode
    assert_rpc_error(
tests/utils.py:211: in assert_rpc_error
    raise AttributeError(f"expected error object, got:\n{response}") from exc
E   AttributeError: expected error object, got:
E   Ok(result='0xa38bad6141c657b3fec7fb5c740a06c4efe12738024cdce059d35c81a53c4c0b', id=938)
_______________ test_paymaster_banned_opcode[BLOBBASEFEE-CALL:>] _______________
tests/utils.py:206: in assert_rpc_error
    assert response.code == code
E   AttributeError: 'Ok' object has no attribute 'code'

The above exception was the direct cause of the following exception:
tests/single/opbanning/test_op_banning.py:96: in test_paymaster_banned_opcode
    assert_rpc_error(
tests/utils.py:211: in assert_rpc_error
    raise AttributeError(f"expected error object, got:\n{response}") from exc
E   AttributeError: expected error object, got:
E   Ok(result='0x4f941a443b11e4659b189565368bd64ed61d3da11ae533cfde65fc3a2da61574', id=940)
___________ test_paymaster_banned_opcode[BLOBBASEFEE-DELEGATECALL:>] ___________
tests/utils.py:206: in assert_rpc_error
    assert response.code == code
E   AttributeError: 'Ok' object has no attribute 'code'

The above exception was the direct cause of the following exception:
tests/single/opbanning/test_op_banning.py:96: in test_paymaster_banned_opcode
    assert_rpc_error(
tests/utils.py:211: in assert_rpc_error
    raise AttributeError(f"expected error object, got:\n{response}") from exc
E   AttributeError: expected error object, got:
E   Ok(result='0xb7491ca9aec65d96333c88661b33237ca8946a0158423794c307338acfade272', id=942)
______________ test_paymaster_allowed_opcode_when_staked[BALANCE] ______________
tests/utils.py:199: in assert_ok
    assert response.result
E   AttributeError: 'Error' object has no attribute 'result'

The above exception was the direct cause of the following exception:
tests/single/opbanning/test_op_banning.py:113: in test_paymaster_allowed_opcode_when_staked
    assert_ok(response)
tests/utils.py:201: in assert_ok
    raise AttributeError(f"expected result object, got:\n{response}") from exc
E   AttributeError: expected result object, got:
E   Error(code=-32502, message='paymaster uses banned opcode: BALANCE', data=None, id=944)
____________ test_paymaster_allowed_opcode_when_staked[SELFBALANCE] ____________
tests/utils.py:199: in assert_ok
    assert response.result
E   AttributeError: 'Error' object has no attribute 'result'

The above exception was the direct cause of the following exception:
tests/single/opbanning/test_op_banning.py:113: in test_paymaster_allowed_opcode_when_staked
    assert_ok(response)
tests/utils.py:201: in assert_ok
    raise AttributeError(f"expected result object, got:\n{response}") from exc
E   AttributeError: expected result object, got:
E   Error(code=-32502, message='paymaster uses banned opcode: SELFBALANCE', data=None, id=946)
_____________________ test_factory_banned_opcode[BLOBHASH] _____________________
tests/utils.py:206: in assert_rpc_error
    assert response.code == code
E   AttributeError: 'Ok' object has no attribute 'code'

The above exception was the direct cause of the following exception:
tests/single/opbanning/test_op_banning.py:127: in test_factory_banned_opcode
    assert_rpc_error(
tests/utils.py:211: in assert_rpc_error
    raise AttributeError(f"expected error object, got:\n{response}") from exc
E   AttributeError: expected error object, got:
E   Ok(result='0x242a07c6e9ba7dd55a332476dd3e61d5ca6d46841a6f4fce710646497191b725', id=978)
___________________ test_factory_banned_opcode[BLOBBASEFEE] ____________________
tests/utils.py:206: in assert_rpc_error
    assert response.code == code
E   AttributeError: 'Ok' object has no attribute 'code'

The above exception was the direct cause of the following exception:
tests/single/opbanning/test_op_banning.py:127: in test_factory_banned_opcode
    assert_rpc_error(
tests/utils.py:211: in assert_rpc_error
    raise AttributeError(f"expected error object, got:\n{response}") from exc
E   AttributeError: expected error object, got:
E   Ok(result='0x1b7a75c05b1a0248484ed1fc3b123abc3ec9e27f12d670c21419441b222ba5a5', id=980)
_______________ test_factory_allowed_opcode_when_staked[BALANCE] _______________
tests/utils.py:199: in assert_ok
    assert response.result
E   AttributeError: 'Error' object has no attribute 'result'

The above exception was the direct cause of the following exception:
tests/single/opbanning/test_op_banning.py:153: in test_factory_allowed_opcode_when_staked
    assert_ok(response)
tests/utils.py:201: in assert_ok
    raise AttributeError(f"expected result object, got:\n{response}") from exc
E   AttributeError: expected result object, got:
E   Error(code=-32502, message='factory uses banned opcode: BALANCE', data=None, id=982)
_____________ test_factory_allowed_opcode_when_staked[SELFBALANCE] _____________
tests/utils.py:199: in assert_ok
    assert response.result
E   AttributeError: 'Error' object has no attribute 'result'

The above exception was the direct cause of the following exception:
tests/single/opbanning/test_op_banning.py:153: in test_factory_allowed_opcode_when_staked
    assert_ok(response)
tests/utils.py:201: in assert_ok
    raise AttributeError(f"expected result object, got:\n{response}") from exc
E   AttributeError: expected result object, got:
E   Error(code=-32502, message='factory uses banned opcode: SELFBALANCE', data=None, id=984)
______________________ test_paymaster_on_account_failure _______________________
tests/single/reputation/test_erep.py:71: in test_paymaster_on_account_failure
    set_reputation(paymaster.address, ops_seen=5, ops_included=2)
tests/utils.py:321: in set_reputation
    assert res.result
E   AttributeError: 'Error' object has no attribute 'result'
____________________ test_staked_factory_on_account_failure ____________________
tests/utils.py:199: in assert_ok
    assert response.result
E   AttributeError: 'Error' object has no attribute 'result'

The above exception was the direct cause of the following exception:
tests/single/reputation/test_erep.py:119: in test_staked_factory_on_account_failure
    send_bundle_now()
tests/utils.py:230: in send_bundle_now
    assert_ok(RPCRequest(method="debug_bundler_sendBundleNow").send(url))
tests/utils.py:201: in assert_ok
    raise AttributeError(f"expected result object, got:\n{response}") from exc
E   AttributeError: expected result object, got:
E   Error(code=-32603, message='gRPC error: Send bundle now with error: (code: 3, message: execution reverted, data: Some(String("0x65c8fd4d0000000000000000000000000000000000000000000000000000000000000001000000000000000000000000000000000000000000000000000000000000006000000000000000000000000000000000000000000000000000000000000000a0000000000000000000000000000000000000000000000000000000000000000d4141323320726576657274656400000000000000000000000000000000000000000000000000000000000000000000000000000000000000000000000000006408c379a0000000000000000000000000000000000000000000000000000000000000002000000000000000000000000000000000000000000000000000000000000000114e6f2062756e646c6520666f7220796f7500000000000000000000000000000000000000000000000000000000000000000000000000000000000000")))\n\nLocation:\n    /app/crates/bundler/src/bundler.rs:123:29', data=None, id=994)
____________________ test_account_on_entity_failure[staked] ____________________
tests/single/reputation/test_erep.py:174: in test_account_on_entity_failure
    assert get_reputations([sender.address, paymaster.address]) == [
E   AssertionError: staked account should be blamed instead of paymaster
E   assert [Reputation(a...=0, status=0)] == [Reputation(a...=0, status=0)]
E     
E     At index 1 diff: Reputation(address='0x91f8d12edc29bf52fcfef8a4579aad5703b8aca0', opsSeen=1, opsIncluded=0, status=0) != Reputation(address='0x91f8d12edc29bf52fcfef8a4579aad5703b8aca0', opsSeen=0, opsIncluded=0, status=0)
E     
E     Full diff:
E       [
E           Reputation(
E               address='0x2377d4f0abc658cec8c227137368c9bbaeea8d07',
E               opsSeen=1,
E               opsIncluded=0,
E               status=0,
E           ),
E           Reputation(
E               address='0x91f8d12edc29bf52fcfef8a4579aad5703b8aca0',
E     -         opsSeen=0,
E     ?                 ^
E     +         opsSeen=1,
E     ?                 ^
E               opsIncluded=0,
E               status=0,
E           ),
E       ]
----------------------------- Captured stdout call -----------------------------
staking account <web3._utils.datatypes.Contract object at 0x7f77db7e3340>
___________________ test_account_on_entity_failure[unstaked] ___________________
tests/single/reputation/test_erep.py:156: in test_account_on_entity_failure
    assert get_reputations([sender.address, paymaster.address]) == [
E   AssertionError: valid userop. staked paymaster should have opsSeen increment
E   assert [Reputation(a...=0, status=0)] == [Reputation(a...=0, status=0)]
E     
E     At index 0 diff: Reputation(address='0x51dba99ba29087f27287a80bde83fdaaaa1debbf', opsSeen=1, opsIncluded=0, status=0) != Reputation(address='0x51dba99ba29087f27287a80bde83fdaaaa1debbf', opsSeen=0, opsIncluded=0, status=0)
E     
E     Full diff:
E       [
E           Reputation(
E               address='0x51dba99ba29087f27287a80bde83fdaaaa1debbf',
E     -         opsSeen=0,
E     ?                 ^
E     +         opsSeen=1,
E     ?                 ^
E               opsIncluded=0,
E               status=0,
E           ),
E           Reputation(
E               address='0xea0f21e04b87dfe6c4b142c105669fa132c8bb18',
E               opsSeen=1,
E               opsIncluded=0,
E               status=0,
E           ),
E       ]
----------------------------- Captured stdout call -----------------------------
unstaked account <web3._utils.datatypes.Contract object at 0x7f77db175570>
____________________________ test_replace_paymaster ____________________________
tests/single/reputation/test_replace.py:37: in test_replace_paymaster
    assert pm_opsSeen(pm1.address) == 1, "replace with unmodified userop"
E   AssertionError: replace with unmodified userop
E   assert 2 == 1
E    +  where 2 = pm_opsSeen('0xeF2D15188fE73EcA98C0186D74E0F12028ca90cb')
E    +    where '0xeF2D15188fE73EcA98C0186D74E0F12028ca90cb' = <web3._utils.datatypes.Contract object at 0x7f77db05f4c0>.address
______________ test_eth_estimateUserOperationGas_execution_revert ______________
tests/utils.py:206: in assert_rpc_error
    assert response.code == code
E   AttributeError: 'Ok' object has no attribute 'code'

The above exception was the direct cause of the following exception:
tests/single/rpc/test_eth_estimateUserOperationGas.py:32: in test_eth_estimateUserOperationGas_execution_revert
    assert_rpc_error(response, "", RPCErrorCode.EXECUTION_REVERTED)
tests/utils.py:211: in assert_rpc_error
    raise AttributeError(f"expected error object, got:\n{response}") from exc
E   AttributeError: expected error object, got:
E   Ok(result={'preVerificationGas': '0xb413', 'verificationGasLimit': '0xeffe', 'callGasLimit': '0x2f44'}, id=1022)
_____________ test_eth_estimateUserOperationGas_simulation_revert ______________
tests/single/rpc/test_eth_estimateUserOperationGas.py:40: in test_eth_estimateUserOperationGas_simulation_revert
    assert_rpc_error(response, "dead signature", RPCErrorCode.REJECTED_BY_EP_OR_ACCOUNT)
tests/utils.py:206: in assert_rpc_error
    assert response.code == code
E   assert -32603 == <RPCErrorCode.REJECTED_BY_EP_OR_ACCOUNT: -32500>
E    +  where -32603 = Error(code=-32603, message='other error: FailedOpWithRevert(FailedOpWithRevert { op_index: 0, reason: "AA23 reverted",...0000000000000000000000000001a7465737457616c6c65743a2064656164207369676e6174757265000000000000) })', data=None, id=1024).code
______________________ test_eth_getUserOperationByHash[] _______________________
tests/single/rpc/test_eth_getUserOperationByHash.py:24: in test_eth_getUserOperationByHash
    validate(instance=response.result, schema=schema)
.venv/lib/python3.10/site-packages/jsonschema/validators.py:1332: in validate
    raise error
E   jsonschema.exceptions.ValidationError: None is not valid under any of the given schemas
E   
E   Failed validating 'oneOf' in schema['properties']['userOperation']['properties']['paymasterVerificationGasLimit']:
E       {'title': 'paymaster verification gas limit',
E        'oneOf': [{'type': 'string', 'pattern': '^0x([1-9a-f]+[0-9a-f]*|0)$'},
E                  {'type': 'number'}],
E        'description': 'The amount of gas to allocate for the paymaster '
E                       'validation code'}
E   
E   On instance['userOperation']['paymasterVerificationGasLimit']:
E       None
_________________________ test_eth_sendUserOperation[] _________________________
tests/single/rpc/test_eth_sendUserOperation.py:19: in test_eth_sendUserOperation
    assert response.result == userop_hash(helper_contract, userop)
E   AssertionError: assert '0x479449e1b1...0bec6a64fc938' == '0xaff536244e...610b2347caa85'
E     
E     - 0xaff536244e526d83e7dd7fa56bfe1c3ac370f3040d9b612a3f2610b2347caa85
E     + 0x479449e1b18f71a12dc19836ccae89e541f4536b51aac12c03e0bec6a64fc938
______________________ test_eth_sendUserOperation_revert _______________________
tests/single/rpc/test_eth_sendUserOperation.py:32: in test_eth_sendUserOperation_revert
    assert_rpc_error(
tests/utils.py:206: in assert_rpc_error
    assert response.code == code
E   AssertionError: assert -32603 == <RPCErrorCode.REJECTED_BY_EP_OR_ACCOUNT: -32500>
E    +  where -32603 = Error(code=-32603, message='other error: 0, AA23 reverted, 0x08c379a00000000000000000000000000000000000000000000000000...00000000000000000000000000000001a7465737457616c6c65743a2064656164207369676e6174757265000000000000', data=None, id=1041).code
_________________ test_eth_sendUserOperation_invalid_signature _________________
tests/single/rpc/test_eth_sendUserOperation.py:39: in test_eth_sendUserOperation_invalid_signature
    assert_rpc_error(
tests/utils.py:206: in assert_rpc_error
    assert response.code == code
E   AssertionError: assert -32503 == <RPCErrorCode.INVALID_SIGNATURE: -32507>
E    +  where -32503 = Error(code=-32503, message='already expired', data=None, id=1044).code
=============================== warnings summary ===============================
tests/single/bundle/test_codehash.py::test_codehash_changed
  /home/runner/work/bundler-test-executor/bundler-test-executor/bundler-spec-tests/.venv/lib/python3.10/site-packages/eth_utils/functional.py:47: UserWarning: The log with transaction hash: HexBytes('0x1d0e622b34bea05404d8a4c45920a4c12d0001ffe16ad5211383fbf57fd69753') and logIndex: 0 encountered the following error during processing: MismatchedABI(The event signature did not match the provided ABI). It has been discarded.
    return callback(fn(*args, **kwargs))

-- Docs: https://docs.pytest.org/en/stable/how-to/capture-warnings.html
==================================== PASSES ====================================
_________ test_rule[[STO-000]unstaked][account][no_storage][ok-CALL:>] _________
----------------------------- Captured stdout call -----------------------------
CALL:> funding test_rules_target 0xEbc3287eee216C6049AcC206498648db2C952f99
______ test_rule[[STO-010]unstaked][account][account_storage][ok-CALL:>] _______
----------------------------- Captured stdout call -----------------------------
CALL:> funding test_rules_target 0x60b0741B9Bc02d1378BBe28Da126DF76Fa1Ade3A
_ test_rule[[STO-021]unstaked][account][account_reference_storage][ok-CALL:>] __
----------------------------- Captured stdout call -----------------------------
CALL:> funding test_rules_target 0x0E65760904d411f2438869dc19d7b102a9270148
_ test_rule[[STO-022]unstaked][account][account_reference_storage_init_code][drop-CALL:>] _
----------------------------- Captured stdout call -----------------------------
CALL:> funding test_rules_target 0x2c81746dE6afD2abF4447e956FCf3B78c32Ee07d
_ test_rule[[STO-021]unstaked][account][account_reference_storage_struct][ok-CALL:>] _
----------------------------- Captured stdout call -----------------------------
CALL:> funding test_rules_target 0xAA1d804670782ea4760668F0b4c4fA08aa706697
__ test_rule[[STO-000]unstaked][account][external_storage_read][drop-CALL:>] ___
----------------------------- Captured stdout call -----------------------------
CALL:> funding test_rules_target 0x6425B3736b50DEADf77Ad1Ba5a258c57BF06D513
________ test_rule[[OP-020]unstaked][account][out_of_gas][drop-CALL:>] _________
----------------------------- Captured stdout call -----------------------------
CALL:> funding test_rules_target 0x2B7aEd63570096e73AB2B4Dd01CD57D0691A4910
_____ test_rule[[OP-020]unstaked][account][sstore_out_of_gas][drop-CALL:>] _____
----------------------------- Captured stdout call -----------------------------
CALL:> funding test_rules_target 0xf2AC82bE9FfC5873d106283378e4bd22Ac89A722
__________ test_rule[[STO-000]staked][account][no_storage][ok-CALL:>] __________
----------------------------- Captured stdout call -----------------------------
CALL:> funding test_rules_target 0xc104f430637084D14199CEd3f5F3313Edea4738f
_______ test_rule[[STO-010]staked][account][account_storage][ok-CALL:>] ________
----------------------------- Captured stdout call -----------------------------
CALL:> funding test_rules_target 0x02CcAfCA9680800F57d5bcB5941B7DfE6A6c8cb3
__ test_rule[[STO-021]staked][account][account_reference_storage][ok-CALL:>] ___
----------------------------- Captured stdout call -----------------------------
CALL:> funding test_rules_target 0x132377dEB6baf5258aCcd79ebdb6a0F471A56fb8
_ test_rule[[STO-021]staked][account][account_reference_storage_struct][ok-CALL:>] _
----------------------------- Captured stdout call -----------------------------
CALL:> funding test_rules_target 0xe00570BeC67d2D778365f3a65144A863574a049B
_________ test_rule[[OP-020]staked][account][out_of_gas][drop-CALL:>] __________
----------------------------- Captured stdout call -----------------------------
CALL:> funding test_rules_target 0xE10b2bce1E846318018AdaEcce934b2D9b00f9E4
______ test_rule[[OP-020]staked][account][sstore_out_of_gas][drop-CALL:>] ______
----------------------------- Captured stdout call -----------------------------
CALL:> funding test_rules_target 0xFb721fb32D7Ce667F95Bb07cb81fB2886eb11099
___ test_rule[[STO-033]staked][account][external_storage_write][drop-CALL:>] ___
----------------------------- Captured stdout call -----------------------------
CALL:> funding test_rules_target 0x9C6C7c805C6aE5Ce8eA941a335A812ed7F313b7D
____ test_rule[[STO-033]staked][account][external_storage_read][ok-CALL:>] _____
----------------------------- Captured stdout call -----------------------------
CALL:> funding test_rules_target 0xFbbEAd1415EFFef176Dec267778b1FccB2EdB54A
_ test_rule[[OP-011]unstaked][account][entryPoint_call_balanceOf][drop-CALL:>] _
----------------------------- Captured stdout call -----------------------------
CALL:> funding test_rules_target 0x3395F10C48Bd56c526Ab6c63C787Bd355430De8D
_ test_rule[[OP-061]unstaked][account][eth_value_transfer_forbidden][drop-CALL:>] _
----------------------------- Captured stdout call -----------------------------
CALL:> funding test_rules_target 0xDd2Da53eF2eDB58F9E007ddA9e4590766838CF00
_ test_rule[[OP-053]unstaked][account][eth_value_transfer_entryPoint][ok-CALL:>] _
----------------------------- Captured stdout call -----------------------------
CALL:> funding test_rules_target 0xF5BEF26CF44c50187AB9612F1AE45d41108CDA59
_ test_rule[[OP-052]unstaked][account][eth_value_transfer_entryPoint_depositTo][ok-CALL:>] _
----------------------------- Captured stdout call -----------------------------
CALL:> funding test_rules_target 0x85dAB1731d867558df7961dFD1A04082e6201F6C
_ test_rule[[OP-041]unstaked][account][EXTCODESIZE_undeployed_contract][drop-CALL:>] _
----------------------------- Captured stdout call -----------------------------
CALL:> funding test_rules_target 0xE46eE42eD73a2263476eB117F3FdA066e39b9a50
_ test_rule[[OP-041]unstaked][account][EXTCODEHASH_undeployed_contract][drop-CALL:>] _
----------------------------- Captured stdout call -----------------------------
CALL:> funding test_rules_target 0x7a6DdE48709665794eDA1249BcC6B2be7fEA8C55
_ test_rule[[OP-041]unstaked][account][EXTCODECOPY_undeployed_contract][drop-CALL:>] _
----------------------------- Captured stdout call -----------------------------
CALL:> funding test_rules_target 0xBa12f0fA6455a157abfc55E843aEdF7644cAD845
__ test_rule[[OP-054]unstaked][account][EXTCODESIZE_entrypoint][drop-CALL:>] ___
----------------------------- Captured stdout call -----------------------------
CALL:> funding test_rules_target 0xB5D37E9Ce72286eE6bD54837bfB17A2e3903b1ea
__ test_rule[[OP-054]unstaked][account][EXTCODEHASH_entrypoint][drop-CALL:>] ___
----------------------------- Captured stdout call -----------------------------
CALL:> funding test_rules_target 0x8701fA09dE2e7103D4000a0670E9057026Aa075E
__ test_rule[[OP-054]unstaked][account][EXTCODECOPY_entrypoint][drop-CALL:>] ___
----------------------------- Captured stdout call -----------------------------
CALL:> funding test_rules_target 0xd2194E17A967E909b32886AFFd41a35A9Bf96E38
_ test_rule[[OP-041]unstaked][account][CALL_undeployed_contract][drop-CALL:>] __
----------------------------- Captured stdout call -----------------------------
CALL:> funding test_rules_target 0x3b655FFa72FdBac039E08aE08a5e9E1B1C67dB3f
_ test_rule[[OP-041]unstaked][account][CALLCODE_undeployed_contract][drop-CALL:>] _
----------------------------- Captured stdout call -----------------------------
CALL:> funding test_rules_target 0xdb924F7C0B9C17D9fB17e0F2DEd4B4E9A6b1abB1
_ test_rule[[OP-041]unstaked][account][DELEGATECALL_undeployed_contract][drop-CALL:>] _
----------------------------- Captured stdout call -----------------------------
CALL:> funding test_rules_target 0x63ee18D51521b82d6829C20124fE287AA0cED271
_ test_rule[[OP-041]unstaked][account][STATICCALL_undeployed_contract][drop-CALL:>] _
----------------------------- Captured stdout call -----------------------------
CALL:> funding test_rules_target 0x6f1Ce08905D8f81F6f50E3F84D247F3eFCCE4d70
_ test_rule[[OP-062]unstaked][account][CALL_undeployed_contract_allowed_precompile][ok-CALL:>] _
----------------------------- Captured stdout call -----------------------------
CALL:> funding test_rules_target 0xA8f93439C0BD389C520AF1F73894C6202151b2b8
- generated xml file: /home/runner/work/bundler-test-executor/bundler-test-executor/build/out/silius.xml -
=========================== short test summary info ============================
PASSED tests/single/bundle/test_bundle.py::test_bundle_replace_op[only_priority_fee_bump]
PASSED tests/single/bundle/test_bundle.py::test_bundle_replace_op[only_max_fee_bump]
PASSED tests/single/bundle/test_bundle.py::test_bundle_replace_op[with_same_fee]
PASSED tests/single/bundle/test_bundle.py::test_bundle_replace_op[with_less_fee]
PASSED tests/single/bundle/test_bundle.py::test_bundle_replace_op[fee_bump_below_threshold]
PASSED tests/single/bundle/test_bundle.py::test_bundle_replace_op[fee_bump_at_threshold]
PASSED tests/single/bundle/test_bundle.py::test_bundle_replace_op[fee_bump_above_threshold]
PASSED tests/single/bundle/test_bundle.py::test_max_allowed_ops_unstaked_sender
PASSED tests/single/bundle/test_bundle.py::test_max_allowed_ops_staked_sender
PASSED tests/single/bundle/test_bundle.py::test_ban_user_op_access_other_ops_sender_in_bundle
PASSED tests/single/bundle/test_bundle.py::test_ban_user_sender_double_role_in_bundle
PASSED tests/single/bundle/test_bundle.py::test_stake_check_in_bundler
PASSED tests/single/bundle/test_storage_rules.py::test_rule[[STO-000]unstaked][paymaster][no_storage][ok-]
PASSED tests/single/bundle/test_storage_rules.py::test_rule[[STO-000]unstaked][paymaster][no_storage][ok-CALL:>]
PASSED tests/single/bundle/test_storage_rules.py::test_rule[[STO-000]unstaked][paymaster][no_storage][ok-DELEGATECALL:>]
PASSED tests/single/bundle/test_storage_rules.py::test_rule[[STO-031]unstaked][paymaster][storage_read][drop-]
PASSED tests/single/bundle/test_storage_rules.py::test_rule[[STO-031]unstaked][paymaster][storage_read][drop-CALL:>]
PASSED tests/single/bundle/test_storage_rules.py::test_rule[[STO-031]unstaked][paymaster][storage_read][drop-DELEGATECALL:>]
PASSED tests/single/bundle/test_storage_rules.py::test_rule[[STO-031]unstaked][paymaster][storage_write][drop-]
PASSED tests/single/bundle/test_storage_rules.py::test_rule[[STO-031]unstaked][paymaster][storage_write][drop-CALL:>]
PASSED tests/single/bundle/test_storage_rules.py::test_rule[[STO-031]unstaked][paymaster][storage_write][drop-DELEGATECALL:>]
PASSED tests/single/bundle/test_storage_rules.py::test_rule[[STO-032]unstaked][paymaster][paymaster_reference_storage][drop-]
PASSED tests/single/bundle/test_storage_rules.py::test_rule[[STO-032]unstaked][paymaster][paymaster_reference_storage][drop-CALL:>]
PASSED tests/single/bundle/test_storage_rules.py::test_rule[[STO-032]unstaked][paymaster][paymaster_reference_storage][drop-DELEGATECALL:>]
PASSED tests/single/bundle/test_storage_rules.py::test_rule[[STO-032]unstaked][paymaster][paymaster_reference_storage_struct][drop-]
PASSED tests/single/bundle/test_storage_rules.py::test_rule[[STO-032]unstaked][paymaster][paymaster_reference_storage_struct][drop-CALL:>]
PASSED tests/single/bundle/test_storage_rules.py::test_rule[[STO-032]unstaked][paymaster][paymaster_reference_storage_struct][drop-DELEGATECALL:>]
PASSED tests/single/bundle/test_storage_rules.py::test_rule[[STO-010]unstaked][paymaster][account_storage][ok-]
PASSED tests/single/bundle/test_storage_rules.py::test_rule[[STO-010]unstaked][paymaster][account_storage][ok-CALL:>]
PASSED tests/single/bundle/test_storage_rules.py::test_rule[[STO-010]unstaked][paymaster][account_storage][ok-DELEGATECALL:>]
PASSED tests/single/bundle/test_storage_rules.py::test_rule[[OP-070(STO-010)]unstaked][paymaster][account_transient_storage][ok-]
PASSED tests/single/bundle/test_storage_rules.py::test_rule[[OP-070(STO-010)]unstaked][paymaster][account_transient_storage][ok-CALL:>]
PASSED tests/single/bundle/test_storage_rules.py::test_rule[[OP-070(STO-010)]unstaked][paymaster][account_transient_storage][ok-DELEGATECALL:>]
PASSED tests/single/bundle/test_storage_rules.py::test_rule[[STO-021]unstaked][paymaster][account_reference_storage][ok-]
PASSED tests/single/bundle/test_storage_rules.py::test_rule[[STO-021]unstaked][paymaster][account_reference_storage][ok-CALL:>]
PASSED tests/single/bundle/test_storage_rules.py::test_rule[[STO-021]unstaked][paymaster][account_reference_storage][ok-DELEGATECALL:>]
PASSED tests/single/bundle/test_storage_rules.py::test_rule[[STO-021]unstaked][paymaster][account_reference_storage_struct][ok-]
PASSED tests/single/bundle/test_storage_rules.py::test_rule[[STO-021]unstaked][paymaster][account_reference_storage_struct][ok-CALL:>]
PASSED tests/single/bundle/test_storage_rules.py::test_rule[[STO-021]unstaked][paymaster][account_reference_storage_struct][ok-DELEGATECALL:>]
PASSED tests/single/bundle/test_storage_rules.py::test_rule[[STO-022]unstaked][paymaster][account_reference_storage_init_code][drop-]
PASSED tests/single/bundle/test_storage_rules.py::test_rule[[STO-022]unstaked][paymaster][account_reference_storage_init_code][drop-CALL:>]
PASSED tests/single/bundle/test_storage_rules.py::test_rule[[STO-022]unstaked][paymaster][account_reference_storage_init_code][drop-DELEGATECALL:>]
PASSED tests/single/bundle/test_storage_rules.py::test_rule[[EREP-050]unstaked][paymaster][context][drop-]
PASSED tests/single/bundle/test_storage_rules.py::test_rule[[EREP-050]unstaked][paymaster][context][drop-CALL:>]
PASSED tests/single/bundle/test_storage_rules.py::test_rule[[EREP-050]unstaked][paymaster][context][drop-DELEGATECALL:>]
PASSED tests/single/bundle/test_storage_rules.py::test_rule[[STO-032]unstaked][paymaster][external_storage_read][drop-]
PASSED tests/single/bundle/test_storage_rules.py::test_rule[[STO-032]unstaked][paymaster][external_storage_read][drop-CALL:>]
PASSED tests/single/bundle/test_storage_rules.py::test_rule[[STO-032]unstaked][paymaster][external_storage_read][drop-DELEGATECALL:>]
PASSED tests/single/bundle/test_storage_rules.py::test_rule[[OP-020]unstaked][paymaster][out_of_gas][drop-]
PASSED tests/single/bundle/test_storage_rules.py::test_rule[[OP-020]unstaked][paymaster][out_of_gas][drop-CALL:>]
PASSED tests/single/bundle/test_storage_rules.py::test_rule[[OP-020]unstaked][paymaster][out_of_gas][drop-DELEGATECALL:>]
PASSED tests/single/bundle/test_storage_rules.py::test_rule[[OP-020]unstaked][paymaster][sstore_out_of_gas][drop-]
PASSED tests/single/bundle/test_storage_rules.py::test_rule[[OP-020]unstaked][paymaster][sstore_out_of_gas][drop-CALL:>]
PASSED tests/single/bundle/test_storage_rules.py::test_rule[[OP-020]unstaked][paymaster][sstore_out_of_gas][drop-DELEGATECALL:>]
PASSED tests/single/bundle/test_storage_rules.py::test_rule[[STO-000]staked][paymaster][no_storage][ok-]
PASSED tests/single/bundle/test_storage_rules.py::test_rule[[STO-000]staked][paymaster][no_storage][ok-CALL:>]
PASSED tests/single/bundle/test_storage_rules.py::test_rule[[STO-000]staked][paymaster][no_storage][ok-DELEGATECALL:>]
PASSED tests/single/bundle/test_storage_rules.py::test_rule[[STO-031]staked][paymaster][storage_read][ok-]
PASSED tests/single/bundle/test_storage_rules.py::test_rule[[STO-031]staked][paymaster][storage_read][ok-CALL:>]
PASSED tests/single/bundle/test_storage_rules.py::test_rule[[STO-031]staked][paymaster][storage_read][ok-DELEGATECALL:>]
PASSED tests/single/bundle/test_storage_rules.py::test_rule[[STO-031]staked][paymaster][storage_write][ok-]
PASSED tests/single/bundle/test_storage_rules.py::test_rule[[STO-031]staked][paymaster][storage_write][ok-CALL:>]
PASSED tests/single/bundle/test_storage_rules.py::test_rule[[STO-031]staked][paymaster][storage_write][ok-DELEGATECALL:>]
PASSED tests/single/bundle/test_storage_rules.py::test_rule[[STO-032]staked][paymaster][paymaster_reference_storage][ok-]
PASSED tests/single/bundle/test_storage_rules.py::test_rule[[STO-032]staked][paymaster][paymaster_reference_storage][ok-CALL:>]
PASSED tests/single/bundle/test_storage_rules.py::test_rule[[STO-032]staked][paymaster][paymaster_reference_storage][ok-DELEGATECALL:>]
PASSED tests/single/bundle/test_storage_rules.py::test_rule[[STO-032]staked][paymaster][paymaster_reference_storage_struct][ok-]
PASSED tests/single/bundle/test_storage_rules.py::test_rule[[STO-032]staked][paymaster][paymaster_reference_storage_struct][ok-CALL:>]
PASSED tests/single/bundle/test_storage_rules.py::test_rule[[STO-032]staked][paymaster][paymaster_reference_storage_struct][ok-DELEGATECALL:>]
PASSED tests/single/bundle/test_storage_rules.py::test_rule[[STO-033]staked][paymaster][paymaster_reference_storage_struct][ok-]
PASSED tests/single/bundle/test_storage_rules.py::test_rule[[STO-033]staked][paymaster][paymaster_reference_storage_struct][ok-CALL:>]
PASSED tests/single/bundle/test_storage_rules.py::test_rule[[STO-033]staked][paymaster][paymaster_reference_storage_struct][ok-DELEGATECALL:>]
PASSED tests/single/bundle/test_storage_rules.py::test_rule[[STO-010]staked][paymaster][account_storage][ok-]
PASSED tests/single/bundle/test_storage_rules.py::test_rule[[STO-010]staked][paymaster][account_storage][ok-CALL:>]
PASSED tests/single/bundle/test_storage_rules.py::test_rule[[STO-010]staked][paymaster][account_storage][ok-DELEGATECALL:>]
PASSED tests/single/bundle/test_storage_rules.py::test_rule[[STO-021]staked][paymaster][account_reference_storage][ok-]
PASSED tests/single/bundle/test_storage_rules.py::test_rule[[STO-021]staked][paymaster][account_reference_storage][ok-CALL:>]
PASSED tests/single/bundle/test_storage_rules.py::test_rule[[STO-021]staked][paymaster][account_reference_storage][ok-DELEGATECALL:>]
PASSED tests/single/bundle/test_storage_rules.py::test_rule[[STO-021]staked][paymaster][account_reference_storage_struct][ok-]
PASSED tests/single/bundle/test_storage_rules.py::test_rule[[STO-021]staked][paymaster][account_reference_storage_struct][ok-CALL:>]
PASSED tests/single/bundle/test_storage_rules.py::test_rule[[STO-021]staked][paymaster][account_reference_storage_struct][ok-DELEGATECALL:>]
PASSED tests/single/bundle/test_storage_rules.py::test_rule[[STO-022]staked][paymaster][account_reference_storage_init_code][ok-]
PASSED tests/single/bundle/test_storage_rules.py::test_rule[[STO-022]staked][paymaster][account_reference_storage_init_code][ok-CALL:>]
PASSED tests/single/bundle/test_storage_rules.py::test_rule[[STO-022]staked][paymaster][account_reference_storage_init_code][ok-DELEGATECALL:>]
PASSED tests/single/bundle/test_storage_rules.py::test_rule[[EREP-050]staked][paymaster][context][ok-]
PASSED tests/single/bundle/test_storage_rules.py::test_rule[[EREP-050]staked][paymaster][context][ok-CALL:>]
PASSED tests/single/bundle/test_storage_rules.py::test_rule[[EREP-050]staked][paymaster][context][ok-DELEGATECALL:>]
PASSED tests/single/bundle/test_storage_rules.py::test_rule[[STO-033]staked][paymaster][external_storage_write][drop-]
PASSED tests/single/bundle/test_storage_rules.py::test_rule[[STO-033]staked][paymaster][external_storage_write][drop-CALL:>]
PASSED tests/single/bundle/test_storage_rules.py::test_rule[[STO-033]staked][paymaster][external_storage_write][drop-DELEGATECALL:>]
PASSED tests/single/bundle/test_storage_rules.py::test_rule[[STO-033]staked][paymaster][external_storage_read][ok-]
PASSED tests/single/bundle/test_storage_rules.py::test_rule[[STO-033]staked][paymaster][external_storage_read][ok-CALL:>]
PASSED tests/single/bundle/test_storage_rules.py::test_rule[[STO-033]staked][paymaster][external_storage_read][ok-DELEGATECALL:>]
PASSED tests/single/bundle/test_storage_rules.py::test_rule[[OP-020]staked][paymaster][out_of_gas][drop-]
PASSED tests/single/bundle/test_storage_rules.py::test_rule[[OP-020]staked][paymaster][out_of_gas][drop-CALL:>]
PASSED tests/single/bundle/test_storage_rules.py::test_rule[[OP-020]staked][paymaster][out_of_gas][drop-DELEGATECALL:>]
PASSED tests/single/bundle/test_storage_rules.py::test_rule[[OP-020]staked][paymaster][sstore_out_of_gas][drop-]
PASSED tests/single/bundle/test_storage_rules.py::test_rule[[OP-020]staked][paymaster][sstore_out_of_gas][drop-CALL:>]
PASSED tests/single/bundle/test_storage_rules.py::test_rule[[OP-020]staked][paymaster][sstore_out_of_gas][drop-DELEGATECALL:>]
PASSED tests/single/bundle/test_storage_rules.py::test_rule[[STO-000]unstaked][factory][no_storage][ok-]
PASSED tests/single/bundle/test_storage_rules.py::test_rule[[STO-000]unstaked][factory][no_storage][ok-CALL:>]
PASSED tests/single/bundle/test_storage_rules.py::test_rule[[STO-000]unstaked][factory][no_storage][ok-DELEGATECALL:>]
PASSED tests/single/bundle/test_storage_rules.py::test_rule[[STO-000]unstaked][factory][storage_read][drop-]
PASSED tests/single/bundle/test_storage_rules.py::test_rule[[STO-000]unstaked][factory][storage_read][drop-CALL:>]
PASSED tests/single/bundle/test_storage_rules.py::test_rule[[STO-000]unstaked][factory][storage_read][drop-DELEGATECALL:>]
PASSED tests/single/bundle/test_storage_rules.py::test_rule[[STO-000]unstaked][factory][storage_write][drop-]
PASSED tests/single/bundle/test_storage_rules.py::test_rule[[STO-000]unstaked][factory][storage_write][drop-CALL:>]
PASSED tests/single/bundle/test_storage_rules.py::test_rule[[STO-000]unstaked][factory][storage_write][drop-DELEGATECALL:>]
PASSED tests/single/bundle/test_storage_rules.py::test_rule[[STO-000]unstaked][factory][factory_reference_storage][drop-]
PASSED tests/single/bundle/test_storage_rules.py::test_rule[[STO-000]unstaked][factory][factory_reference_storage][drop-CALL:>]
PASSED tests/single/bundle/test_storage_rules.py::test_rule[[STO-000]unstaked][factory][factory_reference_storage][drop-DELEGATECALL:>]
PASSED tests/single/bundle/test_storage_rules.py::test_rule[[STO-032]unstaked][factory][factory_reference_storage_struct][drop-]
PASSED tests/single/bundle/test_storage_rules.py::test_rule[[STO-032]unstaked][factory][factory_reference_storage_struct][drop-CALL:>]
PASSED tests/single/bundle/test_storage_rules.py::test_rule[[STO-032]unstaked][factory][factory_reference_storage_struct][drop-DELEGATECALL:>]
PASSED tests/single/bundle/test_storage_rules.py::test_rule[[STO-010]unstaked][factory][account_storage][ok-]
PASSED tests/single/bundle/test_storage_rules.py::test_rule[[STO-010]unstaked][factory][account_storage][ok-CALL:>]
PASSED tests/single/bundle/test_storage_rules.py::test_rule[[STO-010]unstaked][factory][account_storage][ok-DELEGATECALL:>]
PASSED tests/single/bundle/test_storage_rules.py::test_rule[[STO-021]unstaked][factory][account_reference_storage][drop-]
PASSED tests/single/bundle/test_storage_rules.py::test_rule[[STO-021]unstaked][factory][account_reference_storage][drop-CALL:>]
PASSED tests/single/bundle/test_storage_rules.py::test_rule[[STO-021]unstaked][factory][account_reference_storage][drop-DELEGATECALL:>]
PASSED tests/single/bundle/test_storage_rules.py::test_rule[[STO-021]unstaked][factory][account_reference_storage_struct][drop-]
PASSED tests/single/bundle/test_storage_rules.py::test_rule[[STO-021]unstaked][factory][account_reference_storage_struct][drop-CALL:>]
PASSED tests/single/bundle/test_storage_rules.py::test_rule[[STO-021]unstaked][factory][account_reference_storage_struct][drop-DELEGATECALL:>]
PASSED tests/single/bundle/test_storage_rules.py::test_rule[[STO-000]unstaked][factory][external_storage_read][drop-]
PASSED tests/single/bundle/test_storage_rules.py::test_rule[[STO-000]unstaked][factory][external_storage_read][drop-CALL:>]
PASSED tests/single/bundle/test_storage_rules.py::test_rule[[STO-000]unstaked][factory][external_storage_read][drop-DELEGATECALL:>]
PASSED tests/single/bundle/test_storage_rules.py::test_rule[[OP-042]unstaked][factory][EXTCODEx_CALLx_undeployed_sender][ok-]
PASSED tests/single/bundle/test_storage_rules.py::test_rule[[OP-042]unstaked][factory][EXTCODEx_CALLx_undeployed_sender][ok-CALL:>]
PASSED tests/single/bundle/test_storage_rules.py::test_rule[[OP-042]unstaked][factory][EXTCODEx_CALLx_undeployed_sender][ok-DELEGATECALL:>]
PASSED tests/single/bundle/test_storage_rules.py::test_rule[[OP-041]unstaked][factory][EXTCODESIZE_undeployed_contract][drop-]
PASSED tests/single/bundle/test_storage_rules.py::test_rule[[OP-041]unstaked][factory][EXTCODESIZE_undeployed_contract][drop-CALL:>]
PASSED tests/single/bundle/test_storage_rules.py::test_rule[[OP-041]unstaked][factory][EXTCODESIZE_undeployed_contract][drop-DELEGATECALL:>]
PASSED tests/single/bundle/test_storage_rules.py::test_rule[[OP-041]unstaked][factory][EXTCODEHASH_undeployed_contract][drop-]
PASSED tests/single/bundle/test_storage_rules.py::test_rule[[OP-041]unstaked][factory][EXTCODEHASH_undeployed_contract][drop-CALL:>]
PASSED tests/single/bundle/test_storage_rules.py::test_rule[[OP-041]unstaked][factory][EXTCODEHASH_undeployed_contract][drop-DELEGATECALL:>]
PASSED tests/single/bundle/test_storage_rules.py::test_rule[[OP-041]unstaked][factory][EXTCODECOPY_undeployed_contract][drop-]
PASSED tests/single/bundle/test_storage_rules.py::test_rule[[OP-041]unstaked][factory][EXTCODECOPY_undeployed_contract][drop-CALL:>]
PASSED tests/single/bundle/test_storage_rules.py::test_rule[[OP-041]unstaked][factory][EXTCODECOPY_undeployed_contract][drop-DELEGATECALL:>]
PASSED tests/single/bundle/test_storage_rules.py::test_rule[[OP-041]unstaked][factory][CALL_undeployed_contract][drop-]
PASSED tests/single/bundle/test_storage_rules.py::test_rule[[OP-041]unstaked][factory][CALL_undeployed_contract][drop-CALL:>]
PASSED tests/single/bundle/test_storage_rules.py::test_rule[[OP-041]unstaked][factory][CALL_undeployed_contract][drop-DELEGATECALL:>]
PASSED tests/single/bundle/test_storage_rules.py::test_rule[[OP-041]unstaked][factory][CALLCODE_undeployed_contract][drop-]
PASSED tests/single/bundle/test_storage_rules.py::test_rule[[OP-041]unstaked][factory][CALLCODE_undeployed_contract][drop-CALL:>]
PASSED tests/single/bundle/test_storage_rules.py::test_rule[[OP-041]unstaked][factory][CALLCODE_undeployed_contract][drop-DELEGATECALL:>]
PASSED tests/single/bundle/test_storage_rules.py::test_rule[[OP-041]unstaked][factory][DELEGATECALL_undeployed_contract][drop-]
PASSED tests/single/bundle/test_storage_rules.py::test_rule[[OP-041]unstaked][factory][DELEGATECALL_undeployed_contract][drop-CALL:>]
PASSED tests/single/bundle/test_storage_rules.py::test_rule[[OP-041]unstaked][factory][DELEGATECALL_undeployed_contract][drop-DELEGATECALL:>]
PASSED tests/single/bundle/test_storage_rules.py::test_rule[[OP-041]unstaked][factory][STATICCALL_undeployed_contract][drop-]
PASSED tests/single/bundle/test_storage_rules.py::test_rule[[OP-041]unstaked][factory][STATICCALL_undeployed_contract][drop-CALL:>]
PASSED tests/single/bundle/test_storage_rules.py::test_rule[[OP-041]unstaked][factory][STATICCALL_undeployed_contract][drop-DELEGATECALL:>]
PASSED tests/single/bundle/test_storage_rules.py::test_rule[[OP-020]unstaked][factory][out_of_gas][drop-]
PASSED tests/single/bundle/test_storage_rules.py::test_rule[[OP-020]unstaked][factory][out_of_gas][drop-CALL:>]
PASSED tests/single/bundle/test_storage_rules.py::test_rule[[OP-020]unstaked][factory][out_of_gas][drop-DELEGATECALL:>]
PASSED tests/single/bundle/test_storage_rules.py::test_rule[[OP-020]unstaked][factory][sstore_out_of_gas][drop-]
PASSED tests/single/bundle/test_storage_rules.py::test_rule[[OP-020]unstaked][factory][sstore_out_of_gas][drop-CALL:>]
PASSED tests/single/bundle/test_storage_rules.py::test_rule[[OP-020]unstaked][factory][sstore_out_of_gas][drop-DELEGATECALL:>]
PASSED tests/single/bundle/test_storage_rules.py::test_rule[[STO-000]staked][factory][no_storage][ok-]
PASSED tests/single/bundle/test_storage_rules.py::test_rule[[STO-000]staked][factory][no_storage][ok-CALL:>]
PASSED tests/single/bundle/test_storage_rules.py::test_rule[[STO-000]staked][factory][no_storage][ok-DELEGATECALL:>]
PASSED tests/single/bundle/test_storage_rules.py::test_rule[[STO-031]staked][factory][storage_read][ok-]
PASSED tests/single/bundle/test_storage_rules.py::test_rule[[STO-031]staked][factory][storage_read][ok-CALL:>]
PASSED tests/single/bundle/test_storage_rules.py::test_rule[[STO-031]staked][factory][storage_read][ok-DELEGATECALL:>]
PASSED tests/single/bundle/test_storage_rules.py::test_rule[[STO-031]staked][factory][storage_write][ok-]
PASSED tests/single/bundle/test_storage_rules.py::test_rule[[STO-031]staked][factory][storage_write][ok-CALL:>]
PASSED tests/single/bundle/test_storage_rules.py::test_rule[[STO-031]staked][factory][storage_write][ok-DELEGATECALL:>]
PASSED tests/single/bundle/test_storage_rules.py::test_rule[[STO-032]staked][factory][factory_reference_storage][ok-]
PASSED tests/single/bundle/test_storage_rules.py::test_rule[[STO-032]staked][factory][factory_reference_storage][ok-CALL:>]
PASSED tests/single/bundle/test_storage_rules.py::test_rule[[STO-032]staked][factory][factory_reference_storage][ok-DELEGATECALL:>]
PASSED tests/single/bundle/test_storage_rules.py::test_rule[[STO-032]staked][factory][factory_reference_storage_struct][ok-]
PASSED tests/single/bundle/test_storage_rules.py::test_rule[[STO-032]staked][factory][factory_reference_storage_struct][ok-CALL:>]
PASSED tests/single/bundle/test_storage_rules.py::test_rule[[STO-032]staked][factory][factory_reference_storage_struct][ok-DELEGATECALL:>]
PASSED tests/single/bundle/test_storage_rules.py::test_rule[[STO-010]staked][factory][account_storage][ok-]
PASSED tests/single/bundle/test_storage_rules.py::test_rule[[STO-010]staked][factory][account_storage][ok-CALL:>]
PASSED tests/single/bundle/test_storage_rules.py::test_rule[[STO-010]staked][factory][account_storage][ok-DELEGATECALL:>]
PASSED tests/single/bundle/test_storage_rules.py::test_rule[[STO-021]staked][factory][account_reference_storage][ok-]
PASSED tests/single/bundle/test_storage_rules.py::test_rule[[STO-021]staked][factory][account_reference_storage][ok-CALL:>]
PASSED tests/single/bundle/test_storage_rules.py::test_rule[[STO-021]staked][factory][account_reference_storage][ok-DELEGATECALL:>]
PASSED tests/single/bundle/test_storage_rules.py::test_rule[[STO-021]staked][factory][account_reference_storage_struct][ok-]
PASSED tests/single/bundle/test_storage_rules.py::test_rule[[STO-021]staked][factory][account_reference_storage_struct][ok-CALL:>]
PASSED tests/single/bundle/test_storage_rules.py::test_rule[[STO-021]staked][factory][account_reference_storage_struct][ok-DELEGATECALL:>]
PASSED tests/single/bundle/test_storage_rules.py::test_rule[[STO-033]staked][factory][external_storage_write][drop-]
PASSED tests/single/bundle/test_storage_rules.py::test_rule[[STO-033]staked][factory][external_storage_write][drop-CALL:>]
PASSED tests/single/bundle/test_storage_rules.py::test_rule[[STO-033]staked][factory][external_storage_write][drop-DELEGATECALL:>]
PASSED tests/single/bundle/test_storage_rules.py::test_rule[[STO-033]staked][factory][external_storage_read][ok-]
PASSED tests/single/bundle/test_storage_rules.py::test_rule[[STO-033]staked][factory][external_storage_read][ok-CALL:>]
PASSED tests/single/bundle/test_storage_rules.py::test_rule[[STO-033]staked][factory][external_storage_read][ok-DELEGATECALL:>]
PASSED tests/single/bundle/test_storage_rules.py::test_rule[[OP-020]staked][factory][out_of_gas][drop-]
PASSED tests/single/bundle/test_storage_rules.py::test_rule[[OP-020]staked][factory][out_of_gas][drop-CALL:>]
PASSED tests/single/bundle/test_storage_rules.py::test_rule[[OP-020]staked][factory][out_of_gas][drop-DELEGATECALL:>]
PASSED tests/single/bundle/test_storage_rules.py::test_rule[[OP-020]staked][factory][sstore_out_of_gas][drop-]
PASSED tests/single/bundle/test_storage_rules.py::test_rule[[OP-020]staked][factory][sstore_out_of_gas][drop-CALL:>]
PASSED tests/single/bundle/test_storage_rules.py::test_rule[[OP-020]staked][factory][sstore_out_of_gas][drop-DELEGATECALL:>]
PASSED tests/single/bundle/test_storage_rules.py::test_rule[[STO-000]unstaked][account][no_storage][ok-]
PASSED tests/single/bundle/test_storage_rules.py::test_rule[[STO-000]unstaked][account][no_storage][ok-CALL:>]
PASSED tests/single/bundle/test_storage_rules.py::test_rule[[STO-000]unstaked][account][no_storage][ok-DELEGATECALL:>]
PASSED tests/single/bundle/test_storage_rules.py::test_rule[[STO-010]unstaked][account][account_storage][ok-]
PASSED tests/single/bundle/test_storage_rules.py::test_rule[[STO-010]unstaked][account][account_storage][ok-CALL:>]
PASSED tests/single/bundle/test_storage_rules.py::test_rule[[STO-010]unstaked][account][account_storage][ok-DELEGATECALL:>]
PASSED tests/single/bundle/test_storage_rules.py::test_rule[[STO-021]unstaked][account][account_reference_storage][ok-]
PASSED tests/single/bundle/test_storage_rules.py::test_rule[[STO-021]unstaked][account][account_reference_storage][ok-CALL:>]
PASSED tests/single/bundle/test_storage_rules.py::test_rule[[STO-021]unstaked][account][account_reference_storage][ok-DELEGATECALL:>]
PASSED tests/single/bundle/test_storage_rules.py::test_rule[[STO-022]unstaked][account][account_reference_storage_init_code][drop-]
PASSED tests/single/bundle/test_storage_rules.py::test_rule[[STO-022]unstaked][account][account_reference_storage_init_code][drop-CALL:>]
PASSED tests/single/bundle/test_storage_rules.py::test_rule[[STO-022]unstaked][account][account_reference_storage_init_code][drop-DELEGATECALL:>]
PASSED tests/single/bundle/test_storage_rules.py::test_rule[[STO-021]unstaked][account][account_reference_storage_struct][ok-]
PASSED tests/single/bundle/test_storage_rules.py::test_rule[[STO-021]unstaked][account][account_reference_storage_struct][ok-CALL:>]
PASSED tests/single/bundle/test_storage_rules.py::test_rule[[STO-021]unstaked][account][account_reference_storage_struct][ok-DELEGATECALL:>]
PASSED tests/single/bundle/test_storage_rules.py::test_rule[[STO-000]unstaked][account][external_storage_read][drop-]
PASSED tests/single/bundle/test_storage_rules.py::test_rule[[STO-000]unstaked][account][external_storage_read][drop-CALL:>]
PASSED tests/single/bundle/test_storage_rules.py::test_rule[[STO-000]unstaked][account][external_storage_read][drop-DELEGATECALL:>]
PASSED tests/single/bundle/test_storage_rules.py::test_rule[[OP-020]unstaked][account][out_of_gas][drop-]
PASSED tests/single/bundle/test_storage_rules.py::test_rule[[OP-020]unstaked][account][out_of_gas][drop-CALL:>]
PASSED tests/single/bundle/test_storage_rules.py::test_rule[[OP-020]unstaked][account][out_of_gas][drop-DELEGATECALL:>]
PASSED tests/single/bundle/test_storage_rules.py::test_rule[[OP-020]unstaked][account][sstore_out_of_gas][drop-]
PASSED tests/single/bundle/test_storage_rules.py::test_rule[[OP-020]unstaked][account][sstore_out_of_gas][drop-CALL:>]
PASSED tests/single/bundle/test_storage_rules.py::test_rule[[OP-020]unstaked][account][sstore_out_of_gas][drop-DELEGATECALL:>]
PASSED tests/single/bundle/test_storage_rules.py::test_rule[[STO-000]staked][account][no_storage][ok-]
PASSED tests/single/bundle/test_storage_rules.py::test_rule[[STO-000]staked][account][no_storage][ok-CALL:>]
PASSED tests/single/bundle/test_storage_rules.py::test_rule[[STO-000]staked][account][no_storage][ok-DELEGATECALL:>]
PASSED tests/single/bundle/test_storage_rules.py::test_rule[[STO-010]staked][account][account_storage][ok-]
PASSED tests/single/bundle/test_storage_rules.py::test_rule[[STO-010]staked][account][account_storage][ok-CALL:>]
PASSED tests/single/bundle/test_storage_rules.py::test_rule[[STO-010]staked][account][account_storage][ok-DELEGATECALL:>]
PASSED tests/single/bundle/test_storage_rules.py::test_rule[[STO-021]staked][account][account_reference_storage][ok-]
PASSED tests/single/bundle/test_storage_rules.py::test_rule[[STO-021]staked][account][account_reference_storage][ok-CALL:>]
PASSED tests/single/bundle/test_storage_rules.py::test_rule[[STO-021]staked][account][account_reference_storage][ok-DELEGATECALL:>]
PASSED tests/single/bundle/test_storage_rules.py::test_rule[[STO-021]staked][account][account_reference_storage_struct][ok-]
PASSED tests/single/bundle/test_storage_rules.py::test_rule[[STO-021]staked][account][account_reference_storage_struct][ok-CALL:>]
PASSED tests/single/bundle/test_storage_rules.py::test_rule[[STO-021]staked][account][account_reference_storage_struct][ok-DELEGATECALL:>]
PASSED tests/single/bundle/test_storage_rules.py::test_rule[[OP-020]staked][account][out_of_gas][drop-]
PASSED tests/single/bundle/test_storage_rules.py::test_rule[[OP-020]staked][account][out_of_gas][drop-CALL:>]
PASSED tests/single/bundle/test_storage_rules.py::test_rule[[OP-020]staked][account][out_of_gas][drop-DELEGATECALL:>]
PASSED tests/single/bundle/test_storage_rules.py::test_rule[[OP-020]staked][account][sstore_out_of_gas][drop-]
PASSED tests/single/bundle/test_storage_rules.py::test_rule[[OP-020]staked][account][sstore_out_of_gas][drop-CALL:>]
PASSED tests/single/bundle/test_storage_rules.py::test_rule[[OP-020]staked][account][sstore_out_of_gas][drop-DELEGATECALL:>]
PASSED tests/single/bundle/test_storage_rules.py::test_rule[[STO-033]staked][account][external_storage_write][drop-]
PASSED tests/single/bundle/test_storage_rules.py::test_rule[[STO-033]staked][account][external_storage_write][drop-CALL:>]
PASSED tests/single/bundle/test_storage_rules.py::test_rule[[STO-033]staked][account][external_storage_write][drop-DELEGATECALL:>]
PASSED tests/single/bundle/test_storage_rules.py::test_rule[[STO-033]staked][account][external_storage_read][ok-]
PASSED tests/single/bundle/test_storage_rules.py::test_rule[[STO-033]staked][account][external_storage_read][ok-CALL:>]
PASSED tests/single/bundle/test_storage_rules.py::test_rule[[STO-033]staked][account][external_storage_read][ok-DELEGATECALL:>]
PASSED tests/single/bundle/test_storage_rules.py::test_rule[[OP-011]unstaked][account][entryPoint_call_balanceOf][drop-]
PASSED tests/single/bundle/test_storage_rules.py::test_rule[[OP-011]unstaked][account][entryPoint_call_balanceOf][drop-CALL:>]
PASSED tests/single/bundle/test_storage_rules.py::test_rule[[OP-011]unstaked][account][entryPoint_call_balanceOf][drop-DELEGATECALL:>]
PASSED tests/single/bundle/test_storage_rules.py::test_rule[[OP-061]unstaked][account][eth_value_transfer_forbidden][drop-]
PASSED tests/single/bundle/test_storage_rules.py::test_rule[[OP-061]unstaked][account][eth_value_transfer_forbidden][drop-CALL:>]
PASSED tests/single/bundle/test_storage_rules.py::test_rule[[OP-061]unstaked][account][eth_value_transfer_forbidden][drop-DELEGATECALL:>]
PASSED tests/single/bundle/test_storage_rules.py::test_rule[[OP-053]unstaked][account][eth_value_transfer_entryPoint][ok-]
PASSED tests/single/bundle/test_storage_rules.py::test_rule[[OP-053]unstaked][account][eth_value_transfer_entryPoint][ok-CALL:>]
PASSED tests/single/bundle/test_storage_rules.py::test_rule[[OP-053]unstaked][account][eth_value_transfer_entryPoint][ok-DELEGATECALL:>]
PASSED tests/single/bundle/test_storage_rules.py::test_rule[[OP-052]unstaked][account][eth_value_transfer_entryPoint_depositTo][ok-]
PASSED tests/single/bundle/test_storage_rules.py::test_rule[[OP-052]unstaked][account][eth_value_transfer_entryPoint_depositTo][ok-CALL:>]
PASSED tests/single/bundle/test_storage_rules.py::test_rule[[OP-052]unstaked][account][eth_value_transfer_entryPoint_depositTo][ok-DELEGATECALL:>]
PASSED tests/single/bundle/test_storage_rules.py::test_rule[[OP-041]unstaked][account][EXTCODESIZE_undeployed_contract][drop-]
PASSED tests/single/bundle/test_storage_rules.py::test_rule[[OP-041]unstaked][account][EXTCODESIZE_undeployed_contract][drop-CALL:>]
PASSED tests/single/bundle/test_storage_rules.py::test_rule[[OP-041]unstaked][account][EXTCODESIZE_undeployed_contract][drop-DELEGATECALL:>]
PASSED tests/single/bundle/test_storage_rules.py::test_rule[[OP-041]unstaked][account][EXTCODEHASH_undeployed_contract][drop-]
PASSED tests/single/bundle/test_storage_rules.py::test_rule[[OP-041]unstaked][account][EXTCODEHASH_undeployed_contract][drop-CALL:>]
PASSED tests/single/bundle/test_storage_rules.py::test_rule[[OP-041]unstaked][account][EXTCODEHASH_undeployed_contract][drop-DELEGATECALL:>]
PASSED tests/single/bundle/test_storage_rules.py::test_rule[[OP-041]unstaked][account][EXTCODECOPY_undeployed_contract][drop-]
PASSED tests/single/bundle/test_storage_rules.py::test_rule[[OP-041]unstaked][account][EXTCODECOPY_undeployed_contract][drop-CALL:>]
PASSED tests/single/bundle/test_storage_rules.py::test_rule[[OP-041]unstaked][account][EXTCODECOPY_undeployed_contract][drop-DELEGATECALL:>]
PASSED tests/single/bundle/test_storage_rules.py::test_rule[[OP-054]unstaked][account][EXTCODESIZE_entrypoint][drop-]
PASSED tests/single/bundle/test_storage_rules.py::test_rule[[OP-054]unstaked][account][EXTCODESIZE_entrypoint][drop-CALL:>]
PASSED tests/single/bundle/test_storage_rules.py::test_rule[[OP-054]unstaked][account][EXTCODESIZE_entrypoint][drop-DELEGATECALL:>]
PASSED tests/single/bundle/test_storage_rules.py::test_rule[[OP-054]unstaked][account][EXTCODEHASH_entrypoint][drop-]
PASSED tests/single/bundle/test_storage_rules.py::test_rule[[OP-054]unstaked][account][EXTCODEHASH_entrypoint][drop-CALL:>]
PASSED tests/single/bundle/test_storage_rules.py::test_rule[[OP-054]unstaked][account][EXTCODEHASH_entrypoint][drop-DELEGATECALL:>]
PASSED tests/single/bundle/test_storage_rules.py::test_rule[[OP-054]unstaked][account][EXTCODECOPY_entrypoint][drop-]
PASSED tests/single/bundle/test_storage_rules.py::test_rule[[OP-054]unstaked][account][EXTCODECOPY_entrypoint][drop-CALL:>]
PASSED tests/single/bundle/test_storage_rules.py::test_rule[[OP-054]unstaked][account][EXTCODECOPY_entrypoint][drop-DELEGATECALL:>]
PASSED tests/single/bundle/test_storage_rules.py::test_rule[[OP-041]unstaked][account][CALL_undeployed_contract][drop-]
PASSED tests/single/bundle/test_storage_rules.py::test_rule[[OP-041]unstaked][account][CALL_undeployed_contract][drop-CALL:>]
PASSED tests/single/bundle/test_storage_rules.py::test_rule[[OP-041]unstaked][account][CALL_undeployed_contract][drop-DELEGATECALL:>]
PASSED tests/single/bundle/test_storage_rules.py::test_rule[[OP-041]unstaked][account][CALLCODE_undeployed_contract][drop-]
PASSED tests/single/bundle/test_storage_rules.py::test_rule[[OP-041]unstaked][account][CALLCODE_undeployed_contract][drop-CALL:>]
PASSED tests/single/bundle/test_storage_rules.py::test_rule[[OP-041]unstaked][account][CALLCODE_undeployed_contract][drop-DELEGATECALL:>]
PASSED tests/single/bundle/test_storage_rules.py::test_rule[[OP-041]unstaked][account][DELEGATECALL_undeployed_contract][drop-]
PASSED tests/single/bundle/test_storage_rules.py::test_rule[[OP-041]unstaked][account][DELEGATECALL_undeployed_contract][drop-CALL:>]
PASSED tests/single/bundle/test_storage_rules.py::test_rule[[OP-041]unstaked][account][DELEGATECALL_undeployed_contract][drop-DELEGATECALL:>]
PASSED tests/single/bundle/test_storage_rules.py::test_rule[[OP-041]unstaked][account][STATICCALL_undeployed_contract][drop-]
PASSED tests/single/bundle/test_storage_rules.py::test_rule[[OP-041]unstaked][account][STATICCALL_undeployed_contract][drop-CALL:>]
PASSED tests/single/bundle/test_storage_rules.py::test_rule[[OP-041]unstaked][account][STATICCALL_undeployed_contract][drop-DELEGATECALL:>]
PASSED tests/single/bundle/test_storage_rules.py::test_rule[[OP-062]unstaked][account][CALL_undeployed_contract_allowed_precompile][ok-]
PASSED tests/single/bundle/test_storage_rules.py::test_rule[[OP-062]unstaked][account][CALL_undeployed_contract_allowed_precompile][ok-CALL:>]
PASSED tests/single/bundle/test_storage_rules.py::test_rule[[OP-062]unstaked][account][CALL_undeployed_contract_allowed_precompile][ok-DELEGATECALL:>]
PASSED tests/single/opbanning/test_create.py::test_account_no_factory[CREATE]
PASSED tests/single/opbanning/test_create.py::test_account_no_factory[CREATE2]
PASSED tests/single/opbanning/test_create.py::test_paymaster_banned_create[CREATE]
PASSED tests/single/opbanning/test_create.py::test_paymaster_banned_create[CREATE2]
PASSED tests/single/opbanning/test_create.py::test_account_create2_once
PASSED tests/single/opbanning/test_op_banning.py::test_account_banned_opcode[GAS-]
PASSED tests/single/opbanning/test_op_banning.py::test_account_banned_opcode[GAS-CALL:>]
PASSED tests/single/opbanning/test_op_banning.py::test_account_banned_opcode[GAS-DELEGATECALL:>]
PASSED tests/single/opbanning/test_op_banning.py::test_account_banned_opcode[NUMBER-]
PASSED tests/single/opbanning/test_op_banning.py::test_account_banned_opcode[NUMBER-CALL:>]
PASSED tests/single/opbanning/test_op_banning.py::test_account_banned_opcode[NUMBER-DELEGATECALL:>]
PASSED tests/single/opbanning/test_op_banning.py::test_account_banned_opcode[TIMESTAMP-]
PASSED tests/single/opbanning/test_op_banning.py::test_account_banned_opcode[TIMESTAMP-CALL:>]
PASSED tests/single/opbanning/test_op_banning.py::test_account_banned_opcode[TIMESTAMP-DELEGATECALL:>]
PASSED tests/single/opbanning/test_op_banning.py::test_account_banned_opcode[COINBASE-]
PASSED tests/single/opbanning/test_op_banning.py::test_account_banned_opcode[COINBASE-CALL:>]
PASSED tests/single/opbanning/test_op_banning.py::test_account_banned_opcode[COINBASE-DELEGATECALL:>]
PASSED tests/single/opbanning/test_op_banning.py::test_account_banned_opcode[DIFFICULTY-]
PASSED tests/single/opbanning/test_op_banning.py::test_account_banned_opcode[DIFFICULTY-CALL:>]
PASSED tests/single/opbanning/test_op_banning.py::test_account_banned_opcode[DIFFICULTY-DELEGATECALL:>]
PASSED tests/single/opbanning/test_op_banning.py::test_account_banned_opcode[BASEFEE-]
PASSED tests/single/opbanning/test_op_banning.py::test_account_banned_opcode[BASEFEE-CALL:>]
PASSED tests/single/opbanning/test_op_banning.py::test_account_banned_opcode[BASEFEE-DELEGATECALL:>]
PASSED tests/single/opbanning/test_op_banning.py::test_account_banned_opcode[GASLIMIT-]
PASSED tests/single/opbanning/test_op_banning.py::test_account_banned_opcode[GASLIMIT-CALL:>]
PASSED tests/single/opbanning/test_op_banning.py::test_account_banned_opcode[GASLIMIT-DELEGATECALL:>]
PASSED tests/single/opbanning/test_op_banning.py::test_account_banned_opcode[GASPRICE-]
PASSED tests/single/opbanning/test_op_banning.py::test_account_banned_opcode[GASPRICE-CALL:>]
PASSED tests/single/opbanning/test_op_banning.py::test_account_banned_opcode[GASPRICE-DELEGATECALL:>]
PASSED tests/single/opbanning/test_op_banning.py::test_account_banned_opcode[SELFBALANCE-]
PASSED tests/single/opbanning/test_op_banning.py::test_account_banned_opcode[SELFBALANCE-CALL:>]
PASSED tests/single/opbanning/test_op_banning.py::test_account_banned_opcode[SELFBALANCE-DELEGATECALL:>]
PASSED tests/single/opbanning/test_op_banning.py::test_account_banned_opcode[BALANCE-]
PASSED tests/single/opbanning/test_op_banning.py::test_account_banned_opcode[BALANCE-CALL:>]
PASSED tests/single/opbanning/test_op_banning.py::test_account_banned_opcode[BALANCE-DELEGATECALL:>]
PASSED tests/single/opbanning/test_op_banning.py::test_account_banned_opcode[ORIGIN-]
PASSED tests/single/opbanning/test_op_banning.py::test_account_banned_opcode[ORIGIN-CALL:>]
PASSED tests/single/opbanning/test_op_banning.py::test_account_banned_opcode[ORIGIN-DELEGATECALL:>]
PASSED tests/single/opbanning/test_op_banning.py::test_account_banned_opcode[BLOCKHASH-]
PASSED tests/single/opbanning/test_op_banning.py::test_account_banned_opcode[BLOCKHASH-CALL:>]
PASSED tests/single/opbanning/test_op_banning.py::test_account_banned_opcode[BLOCKHASH-DELEGATECALL:>]
PASSED tests/single/opbanning/test_op_banning.py::test_account_banned_opcode[CREATE-]
PASSED tests/single/opbanning/test_op_banning.py::test_account_banned_opcode[CREATE-CALL:>]
PASSED tests/single/opbanning/test_op_banning.py::test_account_banned_opcode[CREATE-DELEGATECALL:>]
PASSED tests/single/opbanning/test_op_banning.py::test_account_banned_opcode[CREATE2-]
PASSED tests/single/opbanning/test_op_banning.py::test_account_banned_opcode[CREATE2-CALL:>]
PASSED tests/single/opbanning/test_op_banning.py::test_account_banned_opcode[CREATE2-DELEGATECALL:>]
PASSED tests/single/opbanning/test_op_banning.py::test_account_banned_opcode[SELFDESTRUCT-]
PASSED tests/single/opbanning/test_op_banning.py::test_account_banned_opcode[SELFDESTRUCT-CALL:>]
PASSED tests/single/opbanning/test_op_banning.py::test_account_banned_opcode[SELFDESTRUCT-DELEGATECALL:>]
PASSED tests/single/opbanning/test_op_banning.py::test_account_allowed_opcode_sequence[GAS CALL-]
PASSED tests/single/opbanning/test_op_banning.py::test_account_allowed_opcode_sequence[GAS CALL-CALL:>]
PASSED tests/single/opbanning/test_op_banning.py::test_account_allowed_opcode_sequence[GAS CALL-DELEGATECALL:>]
PASSED tests/single/opbanning/test_op_banning.py::test_account_allowed_opcode_sequence[GAS DELEGATECALL-]
PASSED tests/single/opbanning/test_op_banning.py::test_account_allowed_opcode_sequence[GAS DELEGATECALL-CALL:>]
PASSED tests/single/opbanning/test_op_banning.py::test_account_allowed_opcode_sequence[GAS DELEGATECALL-DELEGATECALL:>]
PASSED tests/single/opbanning/test_op_banning.py::test_paymaster_banned_opcode[GAS-]
PASSED tests/single/opbanning/test_op_banning.py::test_paymaster_banned_opcode[GAS-CALL:>]
PASSED tests/single/opbanning/test_op_banning.py::test_paymaster_banned_opcode[GAS-DELEGATECALL:>]
PASSED tests/single/opbanning/test_op_banning.py::test_paymaster_banned_opcode[NUMBER-]
PASSED tests/single/opbanning/test_op_banning.py::test_paymaster_banned_opcode[NUMBER-CALL:>]
PASSED tests/single/opbanning/test_op_banning.py::test_paymaster_banned_opcode[NUMBER-DELEGATECALL:>]
PASSED tests/single/opbanning/test_op_banning.py::test_paymaster_banned_opcode[TIMESTAMP-]
PASSED tests/single/opbanning/test_op_banning.py::test_paymaster_banned_opcode[TIMESTAMP-CALL:>]
PASSED tests/single/opbanning/test_op_banning.py::test_paymaster_banned_opcode[TIMESTAMP-DELEGATECALL:>]
PASSED tests/single/opbanning/test_op_banning.py::test_paymaster_banned_opcode[COINBASE-]
PASSED tests/single/opbanning/test_op_banning.py::test_paymaster_banned_opcode[COINBASE-CALL:>]
PASSED tests/single/opbanning/test_op_banning.py::test_paymaster_banned_opcode[COINBASE-DELEGATECALL:>]
PASSED tests/single/opbanning/test_op_banning.py::test_paymaster_banned_opcode[DIFFICULTY-]
PASSED tests/single/opbanning/test_op_banning.py::test_paymaster_banned_opcode[DIFFICULTY-CALL:>]
PASSED tests/single/opbanning/test_op_banning.py::test_paymaster_banned_opcode[DIFFICULTY-DELEGATECALL:>]
PASSED tests/single/opbanning/test_op_banning.py::test_paymaster_banned_opcode[BASEFEE-]
PASSED tests/single/opbanning/test_op_banning.py::test_paymaster_banned_opcode[BASEFEE-CALL:>]
PASSED tests/single/opbanning/test_op_banning.py::test_paymaster_banned_opcode[BASEFEE-DELEGATECALL:>]
PASSED tests/single/opbanning/test_op_banning.py::test_paymaster_banned_opcode[GASLIMIT-]
PASSED tests/single/opbanning/test_op_banning.py::test_paymaster_banned_opcode[GASLIMIT-CALL:>]
PASSED tests/single/opbanning/test_op_banning.py::test_paymaster_banned_opcode[GASLIMIT-DELEGATECALL:>]
PASSED tests/single/opbanning/test_op_banning.py::test_paymaster_banned_opcode[GASPRICE-]
PASSED tests/single/opbanning/test_op_banning.py::test_paymaster_banned_opcode[GASPRICE-CALL:>]
PASSED tests/single/opbanning/test_op_banning.py::test_paymaster_banned_opcode[GASPRICE-DELEGATECALL:>]
PASSED tests/single/opbanning/test_op_banning.py::test_paymaster_banned_opcode[SELFBALANCE-]
PASSED tests/single/opbanning/test_op_banning.py::test_paymaster_banned_opcode[SELFBALANCE-CALL:>]
PASSED tests/single/opbanning/test_op_banning.py::test_paymaster_banned_opcode[SELFBALANCE-DELEGATECALL:>]
PASSED tests/single/opbanning/test_op_banning.py::test_paymaster_banned_opcode[BALANCE-]
PASSED tests/single/opbanning/test_op_banning.py::test_paymaster_banned_opcode[BALANCE-CALL:>]
PASSED tests/single/opbanning/test_op_banning.py::test_paymaster_banned_opcode[BALANCE-DELEGATECALL:>]
PASSED tests/single/opbanning/test_op_banning.py::test_paymaster_banned_opcode[ORIGIN-]
PASSED tests/single/opbanning/test_op_banning.py::test_paymaster_banned_opcode[ORIGIN-CALL:>]
PASSED tests/single/opbanning/test_op_banning.py::test_paymaster_banned_opcode[ORIGIN-DELEGATECALL:>]
PASSED tests/single/opbanning/test_op_banning.py::test_paymaster_banned_opcode[BLOCKHASH-]
PASSED tests/single/opbanning/test_op_banning.py::test_paymaster_banned_opcode[BLOCKHASH-CALL:>]
PASSED tests/single/opbanning/test_op_banning.py::test_paymaster_banned_opcode[BLOCKHASH-DELEGATECALL:>]
PASSED tests/single/opbanning/test_op_banning.py::test_paymaster_banned_opcode[CREATE-]
PASSED tests/single/opbanning/test_op_banning.py::test_paymaster_banned_opcode[CREATE-CALL:>]
PASSED tests/single/opbanning/test_op_banning.py::test_paymaster_banned_opcode[CREATE-DELEGATECALL:>]
PASSED tests/single/opbanning/test_op_banning.py::test_paymaster_banned_opcode[CREATE2-]
PASSED tests/single/opbanning/test_op_banning.py::test_paymaster_banned_opcode[CREATE2-CALL:>]
PASSED tests/single/opbanning/test_op_banning.py::test_paymaster_banned_opcode[CREATE2-DELEGATECALL:>]
PASSED tests/single/opbanning/test_op_banning.py::test_paymaster_banned_opcode[SELFDESTRUCT-]
PASSED tests/single/opbanning/test_op_banning.py::test_paymaster_banned_opcode[SELFDESTRUCT-CALL:>]
PASSED tests/single/opbanning/test_op_banning.py::test_paymaster_banned_opcode[SELFDESTRUCT-DELEGATECALL:>]
PASSED tests/single/opbanning/test_op_banning.py::test_factory_banned_opcode[GAS]
PASSED tests/single/opbanning/test_op_banning.py::test_factory_banned_opcode[NUMBER]
PASSED tests/single/opbanning/test_op_banning.py::test_factory_banned_opcode[TIMESTAMP]
PASSED tests/single/opbanning/test_op_banning.py::test_factory_banned_opcode[COINBASE]
PASSED tests/single/opbanning/test_op_banning.py::test_factory_banned_opcode[DIFFICULTY]
PASSED tests/single/opbanning/test_op_banning.py::test_factory_banned_opcode[BASEFEE]
PASSED tests/single/opbanning/test_op_banning.py::test_factory_banned_opcode[GASLIMIT]
PASSED tests/single/opbanning/test_op_banning.py::test_factory_banned_opcode[GASPRICE]
PASSED tests/single/opbanning/test_op_banning.py::test_factory_banned_opcode[SELFBALANCE]
PASSED tests/single/opbanning/test_op_banning.py::test_factory_banned_opcode[BALANCE]
PASSED tests/single/opbanning/test_op_banning.py::test_factory_banned_opcode[ORIGIN]
PASSED tests/single/opbanning/test_op_banning.py::test_factory_banned_opcode[BLOCKHASH]
PASSED tests/single/opbanning/test_op_banning.py::test_factory_banned_opcode[CREATE]
PASSED tests/single/opbanning/test_op_banning.py::test_factory_banned_opcode[CREATE2]
PASSED tests/single/opbanning/test_op_banning.py::test_factory_banned_opcode[SELFDESTRUCT]
PASSED tests/single/rpc/test_eth_chainId.py::test_eth_chainId[]
PASSED tests/single/rpc/test_eth_estimateUserOperationGas.py::test_eth_estimateUserOperationGas[]
PASSED tests/single/rpc/test_eth_getUserOperationByHash.py::test_eth_getUserOperationByHash_error
PASSED tests/single/rpc/test_eth_getUserOperationReceipt.py::test_eth_getUserOperationReceipt[]
PASSED tests/single/rpc/test_eth_getUserOperationReceipt.py::test_eth_getUserOperationReceipt_error
PASSED tests/single/rpc/test_eth_supportedEntryPoints.py::test_eth_supportedEntryPoints[]
SKIPPED [1] tests/single/gas/test_pre_verification_gas_calculation.py:15: Slow and requires fixing
SKIPPED [9] tests/single/bundle/test_bundle.py:123: skipped
SKIPPED [1] tests/single/bundle/test_codehash.py:54: no self destruct. can't check code change..
SKIPPED [2] tests/single/reputation/test_reputation.py:61: skipped
FAILED tests/single/bundle/test_paymaster.py::test_paymaster_deposit - AttributeError: expected error object, got:
Ok(result='0x07cbf54f989f59768d38b4374fe107c03baf2ba55aa19ceb7fc641af162896be', id=98)
FAILED tests/single/bundle/test_storage_rules.py::test_rule[[OP-070(STO-031)]unstaked][paymaster][transient_storage_tstore][drop-] - AttributeError: 'Ok' object has no attribute 'message'
FAILED tests/single/bundle/test_storage_rules.py::test_rule[[OP-070(STO-031)]unstaked][paymaster][transient_storage_tstore][drop-CALL:>] - AttributeError: 'Ok' object has no attribute 'message'
FAILED tests/single/bundle/test_storage_rules.py::test_rule[[OP-070(STO-031)]unstaked][paymaster][transient_storage_tstore][drop-DELEGATECALL:>] - AttributeError: 'Ok' object has no attribute 'message'
FAILED tests/single/bundle/test_storage_rules.py::test_rule[[OP-070(STO-031)]unstaked][paymaster][transient_storage_tload][drop-] - AttributeError: 'Ok' object has no attribute 'message'
FAILED tests/single/bundle/test_storage_rules.py::test_rule[[OP-070(STO-031)]unstaked][paymaster][transient_storage_tload][drop-CALL:>] - AttributeError: 'Ok' object has no attribute 'message'
FAILED tests/single/bundle/test_storage_rules.py::test_rule[[OP-070(STO-031)]unstaked][paymaster][transient_storage_tload][drop-DELEGATECALL:>] - AttributeError: 'Ok' object has no attribute 'message'
FAILED tests/single/bundle/test_storage_rules.py::test_rule[[STO-022]unstaked][account][account_reference_storage_init_code][ok-] - AttributeError: expected result object, got:
Error(code=-32502, message='factory uses banned opcode: CREATE', data=None, id=496)
FAILED tests/single/bundle/test_storage_rules.py::test_rule[[STO-022]unstaked][account][account_reference_storage_init_code][ok-CALL:>] - AttributeError: expected result object, got:
Error(code=-32502, message='factory uses banned opcode: CREATE', data=None, id=498)
FAILED tests/single/bundle/test_storage_rules.py::test_rule[[STO-022]unstaked][account][account_reference_storage_init_code][ok-DELEGATECALL:>] - AttributeError: expected result object, got:
Error(code=-32502, message='factory uses banned opcode: CREATE', data=None, id=500)
FAILED tests/single/bundle/test_storage_rules.py::test_rule[[STO-022]unstaked][paymaster][account_reference_storage_init_code][ok-] - AttributeError: expected result object, got:
Error(code=-32502, message='factory uses banned opcode: CREATE', data=None, id=502)
FAILED tests/single/bundle/test_storage_rules.py::test_rule[[STO-022]unstaked][paymaster][account_reference_storage_init_code][ok-CALL:>] - AttributeError: expected result object, got:
Error(code=-32502, message='factory uses banned opcode: CREATE', data=None, id=504)
FAILED tests/single/bundle/test_storage_rules.py::test_rule[[STO-022]unstaked][paymaster][account_reference_storage_init_code][ok-DELEGATECALL:>] - AttributeError: expected result object, got:
Error(code=-32502, message='factory uses banned opcode: CREATE', data=None, id=506)
FAILED tests/single/eip7702/test_eip7702_tuple_userop.py::test_send_eip_7702_tx - AttributeError: expected result object, got:
Error(code=-32602, message='sender 0x90ec…92d4 is an existing contract, or the initCode 0x0000…0000 is not empty (but not both)', data=None, id=670)
FAILED tests/single/eip7702/test_eip7702_tuple_userop.py::test_send_eip_7702_tx_with_initcode - AttributeError: expected result object, got:
Error(code=-32602, message='Invalid params', data='invalid length 4, expected a (both 0x-prefixed or not) hex string or byte array containing 20 bytes at line 1 column 92', id=672)
FAILED tests/single/eip7702/test_eip7702_tuple_userop.py::test_send_eip_7702_tx_with_flag_no_initcode - AttributeError: expected result object, got:
Error(code=-32602, message='Invalid params', data='invalid length 4, expected a (both 0x-prefixed or not) hex string or byte array containing 20 bytes at line 1 column 92', id=674)
FAILED tests/single/eip7702/test_eip7702_tuple_userop.py::test_send_post_eip_7702_tx[0] - AttributeError: expected result object, got:
Error(code=-32602, message='sender 0xd1e0…a96b is an existing contract, or the initCode 0x0000…0000 is not empty (but not both)', data=None, id=676)
FAILED tests/single/eip7702/test_eip7702_tuple_userop.py::test_send_post_eip_7702_tx[1337] - AttributeError: expected result object, got:
Error(code=-32602, message='sender 0x7a0b…defa is an existing contract, or the initCode 0x0000…0000 is not empty (but not both)', data=None, id=678)
FAILED tests/single/eip7702/test_eip7702_tuple_userop.py::test_send_bad_eip_7702_drop_userop - AssertionError: assert -32602 == <RPCErrorCode.REJECTED_BY_EP_OR_ACCOUNT: -32500>
 +  where -32602 = Error(code=-32602, message='sender 0xde02…0d47 is an existing contract, or the initCode 0x0000…0000 is not empty (but not both)', data=None, id=680).code
FAILED tests/single/eip7702/test_eip7702_tuple_userop.py::test_send_nonsender_eip_7702_drop_userop - AttributeError: expected error object, got:
Ok(result='0x5d547e1c03296c69cb6f2c9a12e5daa33887a469a9663e980aad68d334160fde', id=682)
FAILED tests/single/eip7702/test_eip7702_tuple_userop.py::test_send_wrongchain_eip_7702_drop_userop - AttributeError: expected result object, got:
Error(code=-32602, message='sender 0x8822…078c is an existing contract, or the initCode 0x0000…0000 is not empty (but not both)', data=None, id=684)
FAILED tests/single/gas/test_eip_7623.py::test_normal_calldata - AttributeError: expected result object, got:
Error(code=-32500, message='AA26 over verificationGasLimit', data=None, id=686)
FAILED tests/single/gas/test_eip_7623.py::test_huge_calldata_failed - AssertionError: assert -32500 == <RPCErrorCode.INVALID_FIELDS: -32602>
 +  where -32500 = Error(code=-32500, message='AA26 over verificationGasLimit', data=None, id=688).code
FAILED tests/single/gas/test_eip_7623.py::test_huge_calldata_with_callgas - AssertionError: assert -32500 == <RPCErrorCode.INVALID_FIELDS: -32602>
 +  where -32500 = Error(code=-32500, message='AA26 over verificationGasLimit', data=None, id=690).code
FAILED tests/single/gas/test_eip_7623.py::test_estimate_huge_calldata - requests.exceptions.ReadTimeout: HTTPConnectionPool(host='localhost', port=3000): Read timed out. (read timeout=10)
FAILED tests/single/opbanning/test_create.py::test_account_create_with_factory[factory=unstaked,op=CREATE,expect=ok,rule=OP-032] - AttributeError: expected result object, got:
Error(code=-32502, message='factory uses banned opcode: CREATE', data=None, id=704)
FAILED tests/single/opbanning/test_create.py::test_account_create_with_factory[factory=unstaked,op=CREATE2,expect=err,rule=OP-032] - AssertionError: assert 'account uses banned opcode: create2' in 'factory uses banned opcode: create'
 +  where 'account uses banned opcode: create2' = <built-in method lower of str object at 0x7f77daf437b0>()
 +    where <built-in method lower of str object at 0x7f77daf437b0> = 'account uses banned opcode: CREATE2'.lower
 +  and   'factory uses banned opcode: create' = <built-in method lower of str object at 0x7f77daf40750>()
 +    where <built-in method lower of str object at 0x7f77daf40750> = 'factory uses banned opcode: CREATE'.lower
 +      where 'factory uses banned opcode: CREATE' = Error(code=-32502, message='factory uses banned opcode: CREATE', data=None, id=706).message
FAILED tests/single/opbanning/test_create.py::test_account_create_with_factory[factory=staked,op=CREATE,expect=ok,rule=EREP-060] - AttributeError: expected result object, got:
Error(code=-32502, message='factory uses banned opcode: CREATE', data=None, id=708)
FAILED tests/single/opbanning/test_create.py::test_account_create_with_factory[factory=staked,op=nested-CREATE,expect=err,rule=EREP-060] - AssertionError: assert 'account uses banned opcode: create' in 'factory uses banned opcode: create'
 +  where 'account uses banned opcode: create' = <built-in method lower of str object at 0x7f77dae1fc30>()
 +    where <built-in method lower of str object at 0x7f77dae1fc30> = 'account uses banned opcode: CREATE'.lower
 +  and   'factory uses banned opcode: create' = <built-in method lower of str object at 0x7f77daf437b0>()
 +    where <built-in method lower of str object at 0x7f77daf437b0> = 'factory uses banned opcode: CREATE'.lower
 +      where 'factory uses banned opcode: CREATE' = Error(code=-32502, message='factory uses banned opcode: CREATE', data=None, id=710).message
FAILED tests/single/opbanning/test_create.py::test_account_create_with_factory[factory=staked,op=nested-CREATE2,expect=err,rule=EREP-060] - AssertionError: assert 'account uses banned opcode: create2' in 'factory uses banned opcode: create'
 +  where 'account uses banned opcode: create2' = <built-in method lower of str object at 0x7f77db148090>()
 +    where <built-in method lower of str object at 0x7f77db148090> = 'account uses banned opcode: CREATE2'.lower
 +  and   'factory uses banned opcode: create' = <built-in method lower of str object at 0x7f77db0b1590>()
 +    where <built-in method lower of str object at 0x7f77db0b1590> = 'factory uses banned opcode: CREATE'.lower
 +      where 'factory uses banned opcode: CREATE' = Error(code=-32502, message='factory uses banned opcode: CREATE', data=None, id=712).message
FAILED tests/single/opbanning/test_create.py::test_account_create_with_factory[factory=staked,op=CREATE2,expect=ok,rule=EREP-060] - AttributeError: expected result object, got:
Error(code=-32502, message='factory uses banned opcode: CREATE', data=None, id=714)
FAILED tests/single/opbanning/test_op_banning.py::test_account_banned_opcode[BLOBHASH-] - AttributeError: expected error object, got:
Ok(result='0xe5d3bd673d1338d7d17b85fa8df840f249c372c3a258ed75f2e9bfd8e4f395a4', id=806)
FAILED tests/single/opbanning/test_op_banning.py::test_account_banned_opcode[BLOBHASH-CALL:>] - AttributeError: expected error object, got:
Ok(result='0x6c02fb427be714839660c59e7878798928c911dcf9e8cccd6d912f0f0736ca9c', id=808)
FAILED tests/single/opbanning/test_op_banning.py::test_account_banned_opcode[BLOBHASH-DELEGATECALL:>] - AttributeError: expected error object, got:
Ok(result='0x10f5c119c758e6c411200f6873b9a70e952fa32fba52a73785c4705aa45ad4c2', id=810)
FAILED tests/single/opbanning/test_op_banning.py::test_account_banned_opcode[BLOBBASEFEE-] - AttributeError: expected error object, got:
Ok(result='0x70b9ecf3a143718a3ea274a6f15e5da9bae5c9eaf3ee39d69de4ab55dd8380ee', id=812)
FAILED tests/single/opbanning/test_op_banning.py::test_account_banned_opcode[BLOBBASEFEE-CALL:>] - AttributeError: expected error object, got:
Ok(result='0x45403f9ab19573251f5e095471b26cd549dc5106c0b71165c9489c0beb0d0d95', id=814)
FAILED tests/single/opbanning/test_op_banning.py::test_account_banned_opcode[BLOBBASEFEE-DELEGATECALL:>] - AttributeError: expected error object, got:
Ok(result='0x1cb5f9bef52051be87dc1924714f1019d514734cf93655958a1371dd6c4de4a8', id=816)
FAILED tests/single/opbanning/test_op_banning.py::test_account_allowed_opcode_when_staked[BALANCE-] - AttributeError: expected result object, got:
Error(code=-32502, message='account uses banned opcode: BALANCE', data=None, id=818)
FAILED tests/single/opbanning/test_op_banning.py::test_account_allowed_opcode_when_staked[BALANCE-CALL:>] - AttributeError: expected result object, got:
Error(code=-32502, message='account uses banned opcode: BALANCE', data=None, id=820)
FAILED tests/single/opbanning/test_op_banning.py::test_account_allowed_opcode_when_staked[BALANCE-DELEGATECALL:>] - AttributeError: expected result object, got:
Error(code=-32502, message='account uses banned opcode: BALANCE', data=None, id=822)
FAILED tests/single/opbanning/test_op_banning.py::test_account_allowed_opcode_when_staked[SELFBALANCE-] - AttributeError: expected result object, got:
Error(code=-32502, message='account uses banned opcode: SELFBALANCE', data=None, id=824)
FAILED tests/single/opbanning/test_op_banning.py::test_account_allowed_opcode_when_staked[SELFBALANCE-CALL:>] - AttributeError: expected result object, got:
Error(code=-32502, message='account uses banned opcode: SELFBALANCE', data=None, id=826)
FAILED tests/single/opbanning/test_op_banning.py::test_account_allowed_opcode_when_staked[SELFBALANCE-DELEGATECALL:>] - AttributeError: expected result object, got:
Error(code=-32502, message='account uses banned opcode: SELFBALANCE', data=None, id=828)
FAILED tests/single/opbanning/test_op_banning.py::test_paymaster_banned_opcode[BLOBHASH-] - AttributeError: expected error object, got:
Ok(result='0x298e987529f4bd8b9368c417c41312f2efe20d4268634073aa1f1fe3e15fb749', id=932)
FAILED tests/single/opbanning/test_op_banning.py::test_paymaster_banned_opcode[BLOBHASH-CALL:>] - AttributeError: expected error object, got:
Ok(result='0xd21b80f41a42be4e003f20d9cdad4aef7c8f9bf93526058ecac418c7520f4280', id=934)
FAILED tests/single/opbanning/test_op_banning.py::test_paymaster_banned_opcode[BLOBHASH-DELEGATECALL:>] - AttributeError: expected error object, got:
Ok(result='0x43b5c1fd4e6b949ea441f524b01442d248045b4723743208dd4cef8da2ca8132', id=936)
FAILED tests/single/opbanning/test_op_banning.py::test_paymaster_banned_opcode[BLOBBASEFEE-] - AttributeError: expected error object, got:
Ok(result='0xa38bad6141c657b3fec7fb5c740a06c4efe12738024cdce059d35c81a53c4c0b', id=938)
FAILED tests/single/opbanning/test_op_banning.py::test_paymaster_banned_opcode[BLOBBASEFEE-CALL:>] - AttributeError: expected error object, got:
Ok(result='0x4f941a443b11e4659b189565368bd64ed61d3da11ae533cfde65fc3a2da61574', id=940)
FAILED tests/single/opbanning/test_op_banning.py::test_paymaster_banned_opcode[BLOBBASEFEE-DELEGATECALL:>] - AttributeError: expected error object, got:
Ok(result='0xb7491ca9aec65d96333c88661b33237ca8946a0158423794c307338acfade272', id=942)
FAILED tests/single/opbanning/test_op_banning.py::test_paymaster_allowed_opcode_when_staked[BALANCE] - AttributeError: expected result object, got:
Error(code=-32502, message='paymaster uses banned opcode: BALANCE', data=None, id=944)
FAILED tests/single/opbanning/test_op_banning.py::test_paymaster_allowed_opcode_when_staked[SELFBALANCE] - AttributeError: expected result object, got:
Error(code=-32502, message='paymaster uses banned opcode: SELFBALANCE', data=None, id=946)
FAILED tests/single/opbanning/test_op_banning.py::test_factory_banned_opcode[BLOBHASH] - AttributeError: expected error object, got:
Ok(result='0x242a07c6e9ba7dd55a332476dd3e61d5ca6d46841a6f4fce710646497191b725', id=978)
FAILED tests/single/opbanning/test_op_banning.py::test_factory_banned_opcode[BLOBBASEFEE] - AttributeError: expected error object, got:
Ok(result='0x1b7a75c05b1a0248484ed1fc3b123abc3ec9e27f12d670c21419441b222ba5a5', id=980)
FAILED tests/single/opbanning/test_op_banning.py::test_factory_allowed_opcode_when_staked[BALANCE] - AttributeError: expected result object, got:
Error(code=-32502, message='factory uses banned opcode: BALANCE', data=None, id=982)
FAILED tests/single/opbanning/test_op_banning.py::test_factory_allowed_opcode_when_staked[SELFBALANCE] - AttributeError: expected result object, got:
Error(code=-32502, message='factory uses banned opcode: SELFBALANCE', data=None, id=984)
FAILED tests/single/reputation/test_erep.py::test_paymaster_on_account_failure - AttributeError: 'Error' object has no attribute 'result'
FAILED tests/single/reputation/test_erep.py::test_staked_factory_on_account_failure - AttributeError: expected result object, got:
Error(code=-32603, message='gRPC error: Send bundle now with error: (code: 3, message: execution reverted, data: Some(String("0x65c8fd4d0000000000000000000000000000000000000000000000000000000000000001000000000000000000000000000000000000000000000000000000000000006000000000000000000000000000000000000000000000000000000000000000a0000000000000000000000000000000000000000000000000000000000000000d4141323320726576657274656400000000000000000000000000000000000000000000000000000000000000000000000000000000000000000000000000006408c379a0000000000000000000000000000000000000000000000000000000000000002000000000000000000000000000000000000000000000000000000000000000114e6f2062756e646c6520666f7220796f7500000000000000000000000000000000000000000000000000000000000000000000000000000000000000")))\n\nLocation:\n    /app/crates/bundler/src/bundler.rs:123:29', data=None, id=994)
FAILED tests/single/reputation/test_erep.py::test_account_on_entity_failure[staked] - AssertionError: staked account should be blamed instead of paymaster
assert [Reputation(a...=0, status=0)] == [Reputation(a...=0, status=0)]
  
  At index 1 diff: Reputation(address='0x91f8d12edc29bf52fcfef8a4579aad5703b8aca0', opsSeen=1, opsIncluded=0, status=0) != Reputation(address='0x91f8d12edc29bf52fcfef8a4579aad5703b8aca0', opsSeen=0, opsIncluded=0, status=0)
  
  Full diff:
    [
        Reputation(
            address='0x2377d4f0abc658cec8c227137368c9bbaeea8d07',
            opsSeen=1,
            opsIncluded=0,
            status=0,
        ),
        Reputation(
            address='0x91f8d12edc29bf52fcfef8a4579aad5703b8aca0',
  -         opsSeen=0,
  ?                 ^
  +         opsSeen=1,
  ?                 ^
            opsIncluded=0,
            status=0,
        ),
    ]
FAILED tests/single/reputation/test_erep.py::test_account_on_entity_failure[unstaked] - AssertionError: valid userop. staked paymaster should have opsSeen increment
assert [Reputation(a...=0, status=0)] == [Reputation(a...=0, status=0)]
  
  At index 0 diff: Reputation(address='0x51dba99ba29087f27287a80bde83fdaaaa1debbf', opsSeen=1, opsIncluded=0, status=0) != Reputation(address='0x51dba99ba29087f27287a80bde83fdaaaa1debbf', opsSeen=0, opsIncluded=0, status=0)
  
  Full diff:
    [
        Reputation(
            address='0x51dba99ba29087f27287a80bde83fdaaaa1debbf',
  -         opsSeen=0,
  ?                 ^
  +         opsSeen=1,
  ?                 ^
            opsIncluded=0,
            status=0,
        ),
        Reputation(
            address='0xea0f21e04b87dfe6c4b142c105669fa132c8bb18',
            opsSeen=1,
            opsIncluded=0,
            status=0,
        ),
    ]
FAILED tests/single/reputation/test_replace.py::test_replace_paymaster - AssertionError: replace with unmodified userop
assert 2 == 1
 +  where 2 = pm_opsSeen('0xeF2D15188fE73EcA98C0186D74E0F12028ca90cb')
 +    where '0xeF2D15188fE73EcA98C0186D74E0F12028ca90cb' = <web3._utils.datatypes.Contract object at 0x7f77db05f4c0>.address
FAILED tests/single/rpc/test_eth_estimateUserOperationGas.py::test_eth_estimateUserOperationGas_execution_revert - AttributeError: expected error object, got:
Ok(result={'preVerificationGas': '0xb413', 'verificationGasLimit': '0xeffe', 'callGasLimit': '0x2f44'}, id=1022)
FAILED tests/single/rpc/test_eth_estimateUserOperationGas.py::test_eth_estimateUserOperationGas_simulation_revert - assert -32603 == <RPCErrorCode.REJECTED_BY_EP_OR_ACCOUNT: -32500>
 +  where -32603 = Error(code=-32603, message='other error: FailedOpWithRevert(FailedOpWithRevert { op_index: 0, reason: "AA23 reverted",...0000000000000000000000000001a7465737457616c6c65743a2064656164207369676e6174757265000000000000) })', data=None, id=1024).code
FAILED tests/single/rpc/test_eth_getUserOperationByHash.py::test_eth_getUserOperationByHash[] - jsonschema.exceptions.ValidationError: None is not valid under any of the given schemas

Failed validating 'oneOf' in schema['properties']['userOperation']['properties']['paymasterVerificationGasLimit']:
    {'title': 'paymaster verification gas limit',
     'oneOf': [{'type': 'string', 'pattern': '^0x([1-9a-f]+[0-9a-f]*|0)$'},
               {'type': 'number'}],
     'description': 'The amount of gas to allocate for the paymaster '
                    'validation code'}

On instance['userOperation']['paymasterVerificationGasLimit']:
    None
FAILED tests/single/rpc/test_eth_sendUserOperation.py::test_eth_sendUserOperation[] - AssertionError: assert '0x479449e1b1...0bec6a64fc938' == '0xaff536244e...610b2347caa85'
  
  - 0xaff536244e526d83e7dd7fa56bfe1c3ac370f3040d9b612a3f2610b2347caa85
  + 0x479449e1b18f71a12dc19836ccae89e541f4536b51aac12c03e0bec6a64fc938
FAILED tests/single/rpc/test_eth_sendUserOperation.py::test_eth_sendUserOperation_revert - AssertionError: assert -32603 == <RPCErrorCode.REJECTED_BY_EP_OR_ACCOUNT: -32500>
 +  where -32603 = Error(code=-32603, message='other error: 0, AA23 reverted, 0x08c379a00000000000000000000000000000000000000000000000000...00000000000000000000000000000001a7465737457616c6c65743a2064656164207369676e6174757265000000000000', data=None, id=1041).code
FAILED tests/single/rpc/test_eth_sendUserOperation.py::test_eth_sendUserOperation_invalid_signature - AssertionError: assert -32503 == <RPCErrorCode.INVALID_SIGNATURE: -32507>
 +  where -32503 = Error(code=-32503, message='already expired', data=None, id=1044).code
====== 66 failed, 407 passed, 13 skipped, 1 warning in 266.58s (0:04:26) =======
Tue Jun  3 07:43:52 UTC 2025: done bundler /home/runner/work/bundler-test-executor/bundler-test-executor/bundlers/silius/silius.yml, name=silius
CONTAINER                                REPOSITORY                                    TAG                 IMAGE ID            SIZE
bundler-test-executor-bundler-1          ghcr.io/silius-rs/silius                      v08-latest          673d3e796a00        66.1MB
bundler-test-executor-bundler-waiter-1   ghcr.io/foundry-rs/foundry                    v1.0.0              480a101e6485        368MB
bundler-test-executor-deployer-1         accountabstraction/deployer                   0.8                 dbad71b34f74        229MB
bundler-test-executor-funder-1           bundler-test-executor-funder                  latest              d8a492ac51bd        211MB
geth-1.15                                accountabstraction/geth-with-erc7562-tracer   latest              1adae6b728da        53.5MB
